txn_3JYkl1JejjaqX65o00H0MedU - 9405511108435996368951 - September 15, 2021, 12:11 pm
txn_3JYHynJejjaqX65o0Ay1qqyg - 9400111108435996368873 - September 15, 2021, 12:11 pm
txn_3JZ5dGJejjaqX65o1jpfkqUA - 9405511108435996368807 - September 15, 2021, 12:11 pm
txn_3JYcxsJejjaqX65o1oNsTG0S - 9400111108435996368859 - September 15, 2021, 12:11 pm
txn_3JYkbPJejjaqX65o0UV4lQVN - 9405511108435996368241 - September 15, 2021, 12:11 pm
txn_3JYM1eJejjaqX65o1wIRuaMg - 9405511108435996368296 - September 15, 2021, 12:11 pm
txn_3JYFtDJejjaqX65o08mJvX35 - 9405511108435996360535 - September 15, 2021, 12:11 pm
txn_3JYHtwJejjaqX65o1aNPOodY - 9400111108435996360419 - September 15, 2021, 12:11 pm
txn_3JYcS5JejjaqX65o0qrJC1PZ - 9400111108435996360402 - September 15, 2021, 12:11 pm
txn_3JZ5KfJejjaqX65o1ZMqZEqT - 9405511108435996360467 - September 15, 2021, 12:11 pm
txn_3JYkOXJejjaqX65o1cSVvHnI - 9405511108435996360085 - September 15, 2021, 12:11 pm
txn_3JYLJkJejjaqX65o0Nxsp96H - 9405511108435996360047 - September 15, 2021, 12:11 pm
txn_3JYFeqJejjaqX65o0HRIWzsb - 9405511108435996360054 - September 15, 2021, 12:11 pm
txn_3JZ1aYJejjaqX65o0Dss7Mly - 9405511108435996360306 - September 15, 2021, 12:11 pm
txn_3JYHqzJejjaqX65o1qM0z6vm - 9405511108435996360368 - September 15, 2021, 12:11 pm
txn_3JYc33JejjaqX65o1AWK8yxN - 9405511108435996360313 - September 15, 2021, 12:11 pm
txn_3JYjyLJejjaqX65o0VQcokz5 - 9400111108435996360693 - September 15, 2021, 12:11 pm
txn_3JYKEMJejjaqX65o1f7KhAt5 - 9400111108435996360129 - September 15, 2021, 12:11 pm
txn_3JYEcuJejjaqX65o0cjXgDdB - 9405511108435996360603 - September 15, 2021, 12:11 pm
txn_3JZ0xpJejjaqX65o0itVuJ3R - 9405511108435996360986 - September 15, 2021, 12:11 pm
txn_3JYHqWJejjaqX65o13AMsrJF - 9405511108435996360962 - September 15, 2021, 12:11 pm
txn_3JYbjEJejjaqX65o1B7MqMIQ - 9400111108435996360907 - September 15, 2021, 12:11 pm
txn_3JYKBCJejjaqX65o1wzUwMMI - 9405511108435996360740 - September 15, 2021, 12:11 pm
txn_3JYEV1JejjaqX65o01HAOgux - 9405511108435996360832 - September 15, 2021, 12:11 pm
txn_3JYb3YJejjaqX65o1bO6nKFf - 9400111108435996360235 - September 15, 2021, 12:11 pm
txn_3JZ0rMJejjaqX65o0kbbXVxt - 9400111108435996360297 - September 15, 2021, 12:11 pm
txn_3JYjb3JejjaqX65o1peDKEQm - 9405511108435996360207 - September 15, 2021, 12:11 pm
txn_3JYHm9JejjaqX65o0fJbrpNm - 9405511108435996360214 - September 15, 2021, 12:11 pm
txn_3JYJnlJejjaqX65o1kx3cER0 - 9405511108435996360252 - September 15, 2021, 12:11 pm
txn_3JYE4UJejjaqX65o1deveYEp - 9405511108435996362522 - September 15, 2021, 12:11 pm
txn_3JYaAEJejjaqX65o0J7NUYwV - 9400111108435996362451 - September 15, 2021, 12:11 pm
txn_3JYjWFJejjaqX65o0SPrmVSh - 9400111108435996362086 - September 15, 2021, 12:11 pm
txn_3JYzMTJejjaqX65o1RNeLW5z - 9400111108435996362048 - September 15, 2021, 12:11 pm
txn_3JYJVdJejjaqX65o168PH1BR - 9405511108435996362003 - September 15, 2021, 12:11 pm
txn_3JYHNNJejjaqX65o189881RG - 9405511108435996362096 - September 15, 2021, 12:11 pm
txn_3JYDxzJejjaqX65o0Shi9pMS - 9405511108435996362393 - September 15, 2021, 12:11 pm
txn_3JYa8pJejjaqX65o0F44dsUF - 9405511108435996362140 - September 15, 2021, 12:11 pm
txn_3JYwvjJejjaqX65o0cVvdpvB - 9405511108435996362126 - September 15, 2021, 12:11 pm
txn_3JYjVEJejjaqX65o1w2tbZy1 - 9405511108435996362195 - September 15, 2021, 12:11 pm
txn_3JYH5dJejjaqX65o07DmzKhq - 9405511108435996362164 - September 15, 2021, 12:11 pm
txn_3JYJVNJejjaqX65o1onbS09s - 9405511108435996362157 - September 15, 2021, 12:11 pm
txn_3JYDxRJejjaqX65o1s7b3DSX - 9405511108435996362676 - September 15, 2021, 12:11 pm
txn_3JYZCwJejjaqX65o1kWN6bRT - 9405511108435996362928 - September 15, 2021, 12:11 pm
txn_3JYjIkJejjaqX65o0EoTIH5B - 9405511108435996362966 - September 15, 2021, 12:11 pm
txn_3JYtTeJejjaqX65o0TbKB6bm - 9405511108435996362959 - September 15, 2021, 12:11 pm
txn_3JYJUfJejjaqX65o0ObmCEw2 - 9400111108435996362918 - September 15, 2021, 12:11 pm
txn_3JYH4jJejjaqX65o0eyP6XaF - 9405511108435996362782 - September 15, 2021, 12:11 pm
2021Influencer124 - 9405511108435996362706 - September 15, 2021, 12:11 pm
txn_3JYY95JejjaqX65o04q3bg3c - 9405511108435996362850 - September 15, 2021, 12:11 pm
txn_3JYhMHJejjaqX65o1whkNfqg - 9405511108435996362829 - September 15, 2021, 12:11 pm
txn_3JYqCqJejjaqX65o1NSBCwAL - 9405511108435996362867 - September 15, 2021, 12:11 pm
txn_3JYJSfJejjaqX65o1h5ML7x2 - 9405511108435996362812 - September 15, 2021, 12:11 pm
txn_3JYH3SJejjaqX65o1IklABGr - 9405511108435996362270 - September 15, 2021, 12:11 pm
2021Influencer123 - 9405511108435996362232 - September 15, 2021, 12:11 pm
txn_3JYensJejjaqX65o1gCYcpES - 9405511108435996365509 - September 15, 2021, 12:11 pm
txn_3JYp01JejjaqX65o0e9EF06E - 9405511108435996365523 - September 15, 2021, 12:11 pm
txn_3JYH2SJejjaqX65o0jF3hnjM - 9400111108435996365513 - September 15, 2021, 12:11 pm
txn_3JYIxOJejjaqX65o0PwFVk4G - 9400111108435996365568 - September 15, 2021, 12:11 pm
txn_3JYSxAJejjaqX65o1d0fdenQ - 9405511108435996365554 - September 15, 2021, 12:11 pm
2021Influencer122 - 9405511108435996365479 - September 15, 2021, 12:11 pm
txn_3JYebYJejjaqX65o1hXR4trl - 9405511108435996365080 - September 15, 2021, 12:11 pm
txn_3JYn2lJejjaqX65o0OQqMRnT - 9405511108435996365004 - September 15, 2021, 12:11 pm
txn_3JYIooJejjaqX65o0MYh1dJN - 9400111108435996365063 - September 15, 2021, 12:11 pm
txn_3JYQ6dJejjaqX65o1YMx9auH - 9405511108435996365370 - September 15, 2021, 12:11 pm
txn_3JYGa1JejjaqX65o0BSNaT6E - 9405511108435996365011 - September 15, 2021, 12:11 pm
2021Influencer121 - 9405511108435996365387 - September 15, 2021, 12:11 pm
txn_3JYm1bJejjaqX65o0BlLKzow - 9405511108435996365172 - September 15, 2021, 12:11 pm
txn_3JYePnJejjaqX65o0QpU6NE7 - 9405511108435996365141 - September 15, 2021, 12:11 pm
txn_3JYIe9JejjaqX65o1kvqq1BU - 9405511108435996365158 - September 15, 2021, 12:11 pm
txn_3JYGWSJejjaqX65o16mlXqwY - 9405511108435996365677 - September 15, 2021, 12:11 pm
txn_3JYOiqJejjaqX65o1ZUJWrv0 - 9405511108435996365639 - September 15, 2021, 12:11 pm
2021Influencer119 - 9405511108435996365646 - September 15, 2021, 12:11 pm
txn_3JYlEhJejjaqX65o1fEVX2Wk - 9400111108435996365995 - September 15, 2021, 12:11 pm
txn_3JYd8eJejjaqX65o1ycb7hHC - 9400111108435996365964 - September 15, 2021, 12:11 pm
txn_3JYIE6JejjaqX65o1PGc8paS - 9405511108435996365936 - September 15, 2021, 12:11 pm
txn_3JYOfDJejjaqX65o15xYczRd - 9405511108435996365912 - September 15, 2021, 12:11 pm
txn_3JYG3eJejjaqX65o0ELYUhoO - 9400111108435996365926 - September 15, 2021, 12:11 pm
2021Influencer120 - 9405511108435996365950 - September 15, 2021, 12:11 pm
txn_3Ja0ftJejjaqX65o1840XV7A - 9405511108435996758288 - September 15, 2021, 12:33 pm
txn_3JZzKLJejjaqX65o04rmCJKZ - 9405511108435996750503 - September 15, 2021, 12:33 pm
txn_3JZtXwJejjaqX65o0oYiJdVq - 9400111108435996750043 - September 15, 2021, 12:33 pm
txn_3JZoKsJejjaqX65o1BlPlPo8 - 9405511108435996750350 - September 15, 2021, 12:33 pm
txn_3JZmQ5JejjaqX65o1zxI9m8d - 9405511108435996750640 - September 15, 2021, 12:33 pm
txn_3JZd3vJejjaqX65o1gFaRwUS - 9405511108435996750787 - September 15, 2021, 12:33 pm
txn_3JZPb1JejjaqX65o1OTUx9kP - 9405511108435996750961 - September 15, 2021, 12:33 pm
txn_3JZTqcJejjaqX65o0bIcoJJv - 9405511108435996750916 - September 15, 2021, 12:33 pm
txn_3JZhkrJejjaqX65o0AU1AKBn - 9405511108435996750954 - September 15, 2021, 12:33 pm
txn_3JZMtTJejjaqX65o1S1RC8sF - 9405511108435996750732 - September 15, 2021, 12:33 pm
txn_3JZjfoJejjaqX65o1GvPlBcG - 9400111108435996750746 - September 15, 2021, 12:33 pm
txn_3JZeeYJejjaqX65o1mEAw0Fw - 9405511108435996750800 - September 15, 2021, 12:33 pm
txn_3JZOEhJejjaqX65o0eug60RY - 9405511108435996750817 - September 15, 2021, 12:33 pm
txn_3JZRSIJejjaqX65o1Dz0DOcB - 9405511108435996750862 - September 15, 2021, 12:33 pm
txn_3JZLa8JejjaqX65o0zjL46RO - 9400111108435996750272 - September 15, 2021, 12:33 pm
txn_3JZcNjJejjaqX65o1ypwN5mO - 9400111108435996750289 - September 15, 2021, 12:33 pm
txn_3JZiSfJejjaqX65o1zCG2Q8F - 9405511108435996750244 - September 15, 2021, 12:33 pm
txn_3JZeYyJejjaqX65o0PSwZqvZ - 9405511108435996752545 - September 15, 2021, 12:33 pm
txn_3JZNIgJejjaqX65o1MwqtKMz - 9405511108435996752583 - September 15, 2021, 12:33 pm
txn_3JZi4aJejjaqX65o1cNeyX8j - 9405511108435996752569 - September 15, 2021, 12:33 pm
txn_3JZVfcJejjaqX65o1Lkc8t2Q - 9405511108435996752507 - September 15, 2021, 12:33 pm
txn_3JZKdbJejjaqX65o1ZNkysiQ - 9405511108435996752514 - September 15, 2021, 12:33 pm
txn_3JZPuKJejjaqX65o0jDeVule - 9400111108435996752559 - September 15, 2021, 12:33 pm
