2021Influencer117 - 9405511108435517259041 - September 10, 2021, 10:45 am
2021Influencer118 - 9405511108435517259027 - September 10, 2021, 10:45 am
txn_3JYBjMJejjaqX65o06S4jiAN - 9405511108435511781906 - September 10, 2021, 5:30 pm
txn_3JYBHtJejjaqX65o1OwAMlHX - 9405511108435511781746 - September 10, 2021, 5:30 pm
txn_3JYBCRJejjaqX65o1VwpJCvV - 9405511108435511781869 - September 10, 2021, 5:30 pm
txn_3JY9BrJejjaqX65o1Rqxf8LW - 9405511108435511781814 - September 10, 2021, 5:30 pm
txn_3JYCcnJejjaqX65o0hI2iRWd - 9405511108435511781241 - September 10, 2021, 5:30 pm
txn_3JY5OeJejjaqX65o150IBnEj - 9405511108435511786543 - September 10, 2021, 5:30 pm
txn_3JYCLEJejjaqX65o1e96in0p - 9405511108435511786550 - September 10, 2021, 5:30 pm
txn_3JY00LJejjaqX65o0gA3UCQL - 9405511108435511786512 - September 10, 2021, 5:30 pm
txn_3JYBquJejjaqX65o184YS3OD - 9405511108435511786499 - September 10, 2021, 5:30 pm
txn_3JXw6ZJejjaqX65o0300HPV4 - 9405511108435511786468 - September 10, 2021, 5:30 pm
txn_3JXsWNJejjaqX65o12qPqTUc - 9405511108435511786093 - September 10, 2021, 5:30 pm
txn_3JYD2wJejjaqX65o0fux8av6 - 9405511108435511786376 - September 10, 2021, 5:30 pm
txn_3JXtrPJejjaqX65o08CAdBrf - 9405511108435511786321 - September 10, 2021, 5:30 pm
txn_3JXsLHJejjaqX65o1tzIN3Kt - 9405511108435511786178 - September 10, 2021, 5:30 pm
txn_3JYCyHJejjaqX65o0MkdXW5V - 9405511108435511786147 - September 10, 2021, 5:30 pm
txn_3JXte6JejjaqX65o0TMAENM8 - 9405511108435511786161 - September 10, 2021, 5:30 pm
txn_3JXsCDJejjaqX65o03rSrCY8 - 9405511108435511786673 - September 10, 2021, 5:30 pm
txn_3JYCmMJejjaqX65o1Jv7pkft - 9405511108435511786642 - September 10, 2021, 5:30 pm
