txn_3JUwLYJejjaqX65o1XgHESQ3 - 9405511108435525368148 - September 1, 2021, 1:15 pm
txn_3JUvh5JejjaqX65o0u1iTQr3 - 9405511108435525368650 - September 1, 2021, 1:15 pm
txn_3JUvM2JejjaqX65o0GCXaw4Y - 9405511108435525368902 - September 1, 2021, 1:15 pm
txn_3JUuZsJejjaqX65o1LAl2Dao - 9405511108435525368872 - September 1, 2021, 1:15 pm
txn_3JUklzJejjaqX65o0D6j3jay - 9405511108435525368292 - September 1, 2021, 1:15 pm
txn_3JUfAbJejjaqX65o1rWe14Is - 9405511108435525360043 - September 1, 2021, 1:15 pm
txn_3JUcxaJejjaqX65o03YQBel0 - 9405511108435525360029 - September 1, 2021, 1:15 pm
txn_3JUgk7JejjaqX65o1b2EKHwP - 9405511108435525360098 - September 1, 2021, 1:15 pm
txn_3JUh4QJejjaqX65o0NPc3R97 - 9405511108435525360050 - September 1, 2021, 1:15 pm
txn_3JUdnAJejjaqX65o167xusZf - 9405511108435525360067 - September 1, 2021, 1:15 pm
txn_3JUixSJejjaqX65o1Af2jcFz - 9405511108435525360012 - September 1, 2021, 1:15 pm
txn_3JUeHSJejjaqX65o0agcVDrg - 9405511108435525360135 - September 1, 2021, 1:15 pm
txn_3JUbkTJejjaqX65o1ted4IHh - 9405511108435525360180 - September 1, 2021, 1:15 pm
txn_3JUgeAJejjaqX65o0GGF7L2s - 9405511108435525360319 - September 1, 2021, 1:15 pm
txn_3JUdMNJejjaqX65o1Pfp6vs9 - 9405511108435525360142 - September 1, 2021, 1:15 pm
txn_3JUiXmJejjaqX65o03MRXgqn - 9405511108435525360104 - September 1, 2021, 1:15 pm
txn_3JUh3zJejjaqX65o1vCXZzX5 - 9405511108435525360128 - September 1, 2021, 1:15 pm
txn_3JUfntJejjaqX65o1bPO3g4k - 9405511108435525360609 - September 1, 2021, 1:15 pm
txn_3JUdvRJejjaqX65o0qSLf51z - 9405511108435525360623 - September 1, 2021, 1:15 pm
txn_3JUbhDJejjaqX65o032PEXaN - 9405511108435525360654 - September 1, 2021, 1:15 pm
txn_3JUdENJejjaqX65o0NJCoUic - 9405511108435525360616 - September 1, 2021, 1:15 pm
txn_3JUgnKJejjaqX65o0fVQ2hCi - 9405511108435525360975 - September 1, 2021, 1:15 pm
txn_3JUhvxJejjaqX65o0G4Ayho9 - 9405511108435525360937 - September 1, 2021, 1:15 pm
