txn_3JUEqPJejjaqX65o0Srq6hLq - 9405511108435439701871 - August 31, 2021, 1:39 pm
txn_3JUFegJejjaqX65o1HUOgy5h - 9405511108435439133450 - August 31, 2021, 1:39 pm
txn_3JUFXKJejjaqX65o1RqYwwwU - 9405511108435439133146 - August 31, 2021, 1:39 pm
txn_3JUFWBJejjaqX65o0WOYLJIJ - 9405511108435439133986 - August 31, 2021, 1:39 pm
txn_3JUFVzJejjaqX65o15UHUDGA - 9405511108435439133726 - August 31, 2021, 1:39 pm
txn_3JUFSBJejjaqX65o0Brsvy3H - 9405511108435439133290 - August 31, 2021, 1:39 pm
txn_3JUaJjJejjaqX65o1nLAL7GF - 9405511108435439139551 - August 31, 2021, 1:39 pm
txn_3JUFRpJejjaqX65o0khukN37 - 9405511108435439139452 - August 31, 2021, 1:39 pm
txn_3JUYgwJejjaqX65o03A074sm - 9405511108435439139346 - August 31, 2021, 1:39 pm
txn_3JUFOOJejjaqX65o0c4qnSsj - 9405511108435439139148 - August 31, 2021, 1:39 pm
txn_3JUYUgJejjaqX65o0ZBugqQk - 9405511108435439139933 - August 31, 2021, 1:39 pm
txn_3JUFKRJejjaqX65o0uYoKGLr - 9405511108435439139773 - August 31, 2021, 1:39 pm
txn_3JUYJmJejjaqX65o0NNWJV8d - 9405511108435439139230 - August 31, 2021, 1:39 pm
txn_3JUFFkJejjaqX65o0XrJC0Vz - 9405511108435439701543 - August 31, 2021, 1:39 pm
txn_3JUPtJJejjaqX65o1jyXHMnE - 9405511108435439701406 - August 31, 2021, 1:39 pm
txn_3JUY7bJejjaqX65o1BlsMujZ - 9405511108435439701055 - August 31, 2021, 1:39 pm
txn_3JUEuWJejjaqX65o0cEJVd8E - 9405511108435439701116 - August 31, 2021, 1:39 pm
txn_3JUPOVJejjaqX65o0ZgQON48 - 9405511108435439701628 - August 31, 2021, 1:39 pm
txn_3JUXUUJejjaqX65o1MW2KGsd - 9405511108435439701963 - August 31, 2021, 1:39 pm
txn_3JUPGSJejjaqX65o0Gj7gW9B - 9405511108435439701284 - August 31, 2021, 1:39 pm
txn_3JUXL3JejjaqX65o1FKrTZYX - 9405511108435439706531 - August 31, 2021, 1:39 pm
txn_3JUOq9JejjaqX65o1lCloFHs - 9405511108435439706401 - August 31, 2021, 1:39 pm
txn_3JUV4MJejjaqX65o0OUvGja8 - 9405511108435439706418 - August 31, 2021, 1:39 pm
txn_3JUOPIJejjaqX65o1tAGTFqw - 9405511108435439706388 - August 31, 2021, 1:39 pm
txn_3JUT7BJejjaqX65o1lQ6MMIX - 9405511108435439706319 - August 31, 2021, 1:39 pm
txn_3JUQPSJejjaqX65o1Rd8LRJZ - 9405511108435439706920 - August 31, 2021, 1:39 pm
txn_3JUN95JejjaqX65o1UGerfXi - 9405511108435439706715 - August 31, 2021, 1:39 pm
txn_3JUH9SJejjaqX65o1JRDsuKT - 9405511108435439706852 - August 31, 2021, 1:39 pm
txn_3JUQM6JejjaqX65o0JXOPSaz - 9405511108435439706296 - August 31, 2021, 1:39 pm
txn_3JULxcJejjaqX65o0LJW2N2o - 9405511108435439707590 - August 31, 2021, 1:39 pm
txn_3JUGy7JejjaqX65o0t5oZ8PU - 9405511108435439707033 - August 31, 2021, 1:39 pm
txn_3JUQIqJejjaqX65o1jRwbzzN - 9405511108435439707132 - August 31, 2021, 1:39 pm
txn_3JUKcLJejjaqX65o1rLbxxBH - 9405511108435439707996 - August 31, 2021, 1:39 pm
txn_3JUGuGJejjaqX65o0dxHz6Kf - 9405511108435439707842 - August 31, 2021, 1:39 pm
txn_3JUG9MJejjaqX65o0cDdY8uO - 9405511108435439708597 - August 31, 2021, 1:39 pm
txn_3JUGqOJejjaqX65o0QHIzWZC - 9405511108435439708467 - August 31, 2021, 1:39 pm
txn_3JUJb6JejjaqX65o143Bx38B - 9405511108435439708313 - August 31, 2021, 1:39 pm
txn_3JUG8vJejjaqX65o1ktm3C42 - 9405511108435439708153 - August 31, 2021, 1:39 pm
txn_3JUGlRJejjaqX65o1nC5vySN - 9405511108435439708931 - August 31, 2021, 1:39 pm
txn_3JUIm8JejjaqX65o1dHl6ps2 - 9405511108435439708924 - August 31, 2021, 1:39 pm
txn_3JUG8sJejjaqX65o0tgyHXd8 - 9405511108435439708894 - August 31, 2021, 1:39 pm
txn_3JUGdUJejjaqX65o1eQQzJlx - 9405511108435439700546 - August 31, 2021, 1:39 pm
txn_3JUIZ2JejjaqX65o1vgigsAP - 9405511108435439700485 - August 31, 2021, 1:39 pm
txn_3JUG4QJejjaqX65o0BAg59Jn - 9405511108435439700027 - August 31, 2021, 1:39 pm
txn_3JUGbMJejjaqX65o1SoUggGY - 9405511108435439700393 - August 31, 2021, 1:39 pm
txn_3JUIU6JejjaqX65o1qImGcyU - 9405511108435439700317 - August 31, 2021, 1:39 pm
txn_3JUFzNJejjaqX65o1JVOfLtx - 9405511108435439700164 - August 31, 2021, 1:39 pm
txn_3JUGWRJejjaqX65o0koOBfQc - 9405511108435439700652 - August 31, 2021, 1:39 pm
txn_3JUIRnJejjaqX65o1boPjfzZ - 9405511108435439700911 - August 31, 2021, 1:39 pm
txn_3JUFzHJejjaqX65o0RZfy0zw - 9405511108435439700768 - August 31, 2021, 1:39 pm
txn_3JUGVhJejjaqX65o0MwNBpme - 9405511108435439700850 - August 31, 2021, 1:39 pm
txn_3JUIKVJejjaqX65o1q0qILlK - 9405511108435439700249 - August 31, 2021, 1:39 pm
txn_3JUFv9JejjaqX65o0Epg2ujH - 9405511108435439700218 - August 31, 2021, 1:39 pm
txn_3JUGIdJejjaqX65o0IIW9yg0 - 9405511108435439702472 - August 31, 2021, 1:39 pm
txn_3JUHxjJejjaqX65o0l80ls7X - 9405511108435439702076 - August 31, 2021, 1:39 pm
txn_3JUFoBJejjaqX65o1RfmaPWU - 9405511108435439702335 - August 31, 2021, 1:39 pm
txn_3JUGB1JejjaqX65o0EbWhCor - 9405511108435439702311 - August 31, 2021, 1:39 pm
txn_3JUHQcJejjaqX65o1Pj3rVul - 9405511108435439702151 - August 31, 2021, 1:39 pm
txn_3JUFlFJejjaqX65o0oSvGoxh - 9405511108435439702663 - August 31, 2021, 1:39 pm
txn_3JUKbQJejjaqX65o1pvwu6Dd - 9405511108435439702991 - August 31, 2021, 1:39 pm
txn_3JUHMtJejjaqX65o01fGORjz - 9405511108435439702830 - August 31, 2021, 1:39 pm
txn_3JUFhdJejjaqX65o0nPU35uC - 9405511108435439705572 - August 31, 2021, 1:39 pm
txn_3JUKQEJejjaqX65o0jKaTT8e - 9405511108435439705053 - August 31, 2021, 1:39 pm
txn_3JUHKbJejjaqX65o0P3ufDrW - 9405511108435439705183 - August 31, 2021, 1:39 pm
txn_3JUFfIJejjaqX65o0YNdOmxX - 9405511108435439705626 - August 31, 2021, 1:39 pm
txn_3JUKMuJejjaqX65o0X0fLuql - 9405511108435439705961 - August 31, 2021, 1:39 pm
txn_3JUHJDJejjaqX65o0QlLTYdB - 9405511108435439705831 - August 31, 2021, 1:39 pm
2021Influencer106 - 9405511108435439944391 - August 31, 2021, 2:04 pm
