txn_3JWRdWJejjaqX65o1spe58tX - 9405511108435560750366 - September 7, 2021, 3:12 pm
txn_3JWCJMJejjaqX65o0jf4CVwi - 9405511108435560750779 - September 7, 2021, 3:12 pm
txn_3JWA8GJejjaqX65o0FrSXubs - 9405511108435560752506 - September 7, 2021, 3:12 pm
txn_3JW9xZJejjaqX65o1tJ93skG - 9405511108435560754760 - September 7, 2021, 3:12 pm
txn_3JWrIjJejjaqX65o1nXTimxt - 9405511108435560755026 - September 7, 2021, 3:12 pm
txn_3JWrC2JejjaqX65o13LAukPA - 9405511108435560755996 - September 7, 2021, 3:12 pm
txn_3JWr7NJejjaqX65o0V9kmk56 - 9405511108435560755248 - September 7, 2021, 3:12 pm
txn_3JWr5dJejjaqX65o1Z33Cbsy - 9405511108435560754067 - September 7, 2021, 3:12 pm
txn_3JW83OJejjaqX65o0szwiLbR - 9405511108435560754654 - September 7, 2021, 3:12 pm
txn_3JWqdVJejjaqX65o04zcxd9y - 9405511108435560754234 - September 7, 2021, 3:12 pm
txn_3JW7yEJejjaqX65o14mt1UJD - 9405511108435560753589 - September 7, 2021, 3:12 pm
txn_3JW8dJJejjaqX65o0qx4zL4x - 9405511108435560753459 - September 7, 2021, 3:12 pm
txn_3JWqYHJejjaqX65o1gOgkpwk - 9405511108435560753015 - September 7, 2021, 3:12 pm
txn_3JW7hFJejjaqX65o0YLu4PKF - 9405511108435560753138 - September 7, 2021, 3:12 pm
2021Influencer116 - 9405511108435560753732 - September 7, 2021, 3:12 pm
txn_3JW7IoJejjaqX65o1gHR34tV - 9405511108435560753886 - September 7, 2021, 3:12 pm
txn_3JWwz4JejjaqX65o1jfLGXnC - 9405511108435560753220 - September 7, 2021, 3:12 pm
txn_3JW578JejjaqX65o1bB3CKDK - 9405511108435560759505 - September 7, 2021, 3:12 pm
txn_3JWt9PJejjaqX65o0iYFY8OT - 9405511108435560759420 - September 7, 2021, 3:12 pm
txn_3JWvOjJejjaqX65o1mDfLWYO - 9405511108435560759024 - September 7, 2021, 3:12 pm
txn_3JW4w9JejjaqX65o0S9EesJJ - 9405511108435560759192 - September 7, 2021, 3:12 pm
txn_3JWsyyJejjaqX65o16ZEMCU8 - 9405511108435560759659 - September 7, 2021, 3:12 pm
txn_3JWuPCJejjaqX65o0Tjzn06o - 9405511108435560759789 - September 7, 2021, 3:12 pm
txn_3JWqE5JejjaqX65o0z0R3if1 - 9405511108435560759260 - September 7, 2021, 3:12 pm
txn_3JWsm0JejjaqX65o0nBNt7g5 - 9405511108435560721502 - September 7, 2021, 3:12 pm
txn_3JWtvzJejjaqX65o1aV8az9e - 9405511108435560721335 - September 7, 2021, 3:12 pm
txn_3JWniaJejjaqX65o13hhI7qt - 9405511108435560721670 - September 7, 2021, 3:12 pm
txn_3JWsNBJejjaqX65o0m1hRZHy - 9405511108435560721908 - September 7, 2021, 3:12 pm
txn_3JWtkKJejjaqX65o0Ztg8Wvd - 9405511108435560721724 - September 7, 2021, 3:12 pm
txn_3JWmEOJejjaqX65o1FtV4rGY - 9405511108435560721823 - September 7, 2021, 3:12 pm
txn_3JWs6WJejjaqX65o1nQb2ugf - 9405511108435560721267 - September 7, 2021, 3:12 pm
txn_3JWqyVJejjaqX65o07QReq4t - 9405511108435560726569 - September 7, 2021, 3:12 pm
txn_3JW8CSJejjaqX65o1L3jg4kw - 9405511108435560726071 - September 7, 2021, 3:12 pm
txn_3JWcPEJejjaqX65o1r3BzOVL - 9405511108435560726392 - September 7, 2021, 3:12 pm
txn_3JWqy9JejjaqX65o0wc1xXJe - 9405511108435560726101 - September 7, 2021, 3:12 pm
txn_3JWrwGJejjaqX65o1thE87Rk - 9405511108435560726668 - September 7, 2021, 3:12 pm
