txn_3JaSIdJejjaqX65o1ZRjPWYE - 9405511108435980009259 - September 20, 2021, 12:30 pm
txn_3JbUMUJejjaqX65o1Fou5CSe - 9405511108435980007507 - September 20, 2021, 12:30 pm
txn_3JbU79JejjaqX65o0Ox9xtAF - 9405511108435980007644 - September 20, 2021, 12:30 pm
txn_3JbTj3JejjaqX65o0NmYc55p - 9405511108435980008528 - September 20, 2021, 12:30 pm
txn_3JbTXRJejjaqX65o0jraFLGw - 9405511108435980008696 - September 20, 2021, 12:30 pm
txn_3JbRlYJejjaqX65o1CQRjEB2 - 9405511108435980008856 - September 20, 2021, 12:30 pm
2021Influencer129 - 9405511108435980000553 - September 20, 2021, 12:30 pm
txn_3JbQNXJejjaqX65o1GpKEw1G - 9405511108435980000003 - September 20, 2021, 12:30 pm
2021Influencer128 - 9405511108435980000164 - September 20, 2021, 12:30 pm
txn_3JbJvMJejjaqX65o1CWHP7o5 - 9400111108435980000963 - September 20, 2021, 12:30 pm
txn_3JbGHpJejjaqX65o0lKVSb8c - 9405511108435980000294 - September 20, 2021, 12:30 pm
txn_3JbnycJejjaqX65o12sGsHt5 - 9405511108435980002564 - September 20, 2021, 12:30 pm
txn_3JbEHRJejjaqX65o0GOuJEeK - 9400111108435980002332 - September 20, 2021, 12:30 pm
txn_3JajlJJejjaqX65o1vT7Szt2 - 9405511108435980002182 - September 20, 2021, 12:30 pm
txn_3Jbn2rJejjaqX65o0DfPclS4 - 9405511108435980002939 - September 20, 2021, 12:30 pm
txn_3JbEFSJejjaqX65o0AVQbnHR - 9400111108435980002714 - September 20, 2021, 12:30 pm
txn_3JaXcdJejjaqX65o197NzwE0 - 9405511108435980002298 - September 20, 2021, 12:30 pm
txn_3JbdVLJejjaqX65o18LK9PLD - 9405511108435980005435 - September 20, 2021, 12:30 pm
txn_3JbDaJJejjaqX65o0dHb15aO - 9405511108435980005060 - September 20, 2021, 12:30 pm
txn_3JaWsKJejjaqX65o0oBQISnO - 9405511108435980005619 - September 20, 2021, 12:30 pm
txn_3Jba1CJejjaqX65o0RF9w8j0 - 9405511108435980005749 - September 20, 2021, 12:30 pm
txn_3JbAxpJejjaqX65o1rnYgD7h - 9405511108435980004575 - September 20, 2021, 12:30 pm
txn_3JbYscJejjaqX65o05N9GeNN - 9400111108435980004138 - September 20, 2021, 12:30 pm
txn_3JaVvNJejjaqX65o1l1fXF6N - 9405511108435980004933 - September 20, 2021, 12:30 pm
txn_3JausRJejjaqX65o1TL6kxyS - 9405511108435980004292 - September 20, 2021, 12:30 pm
txn_3JbXMPJejjaqX65o0Bf9ZV64 - 9405511108435980003462 - September 20, 2021, 12:30 pm
txn_3JaTbHJejjaqX65o0KtbCJm2 - 9405511108435980003684 - September 20, 2021, 12:30 pm
txn_3JatgtJejjaqX65o13VIEHKb - 9405511108435980003769 - September 20, 2021, 12:30 pm
txn_3JbWbyJejjaqX65o1QSpex8X - 9405511108435980009433 - September 20, 2021, 12:30 pm
txn_3JaTNoJejjaqX65o1gfNNtIp - 9405511108435980009013 - September 20, 2021, 12:30 pm
txn_3Jaqx1JejjaqX65o0PO3P6P4 - 9405511108435980009150 - September 20, 2021, 12:30 pm
txn_3JbVXAJejjaqX65o1yJB2HQv - 9405511108435980009747 - September 20, 2021, 12:30 pm
txn_3JaoVzJejjaqX65o1YJWbouL - 9405511108435980081491 - September 20, 2021, 12:30 pm
txn_3JbURiJejjaqX65o1xkGukXB - 9405511108435980081132 - September 20, 2021, 12:30 pm
txn_3Jbbv3JejjaqX65o0qmTJPRA - 9405511108435980081668 - September 20, 2021, 12:30 pm
txn_3JamajJejjaqX65o0iKKo8PQ - 9400111108435980081894 - September 20, 2021, 12:30 pm
txn_3Jax52JejjaqX65o0jKGSITL - 9405511108435980086588 - September 20, 2021, 12:30 pm
txn_3JbUMpJejjaqX65o1tWGRI7Y - 9405511108435980086007 - September 20, 2021, 12:30 pm
txn_3JbbdCJejjaqX65o0JYGmHKS - 9405511108435980086175 - September 20, 2021, 12:30 pm
txn_3JawT6JejjaqX65o1aIIMfVz - 9400111108435980086936 - September 20, 2021, 12:30 pm
txn_3JalNcJejjaqX65o10uX2NTg - 9405511108435980086984 - September 20, 2021, 12:30 pm
txn_3JbaDNJejjaqX65o1QeBm4lF - 9400111108435980087506 - September 20, 2021, 12:30 pm
txn_3JakMsJejjaqX65o0v0mM5EC - 9400111108435980087414 - September 20, 2021, 12:30 pm
