txn_3JXViJJejjaqX65o1O8ykJ7L_X - 9405511108435936408143 - September 28, 2021, 3:53 am
txn_3JcIZkJejjaqX65o0scq1uFH - 9400111108435936408096 - September 28, 2021, 3:53 am
txn_3JcII6JejjaqX65o10Ujd7e1 - 9400111108435936408003 - September 28, 2021, 3:53 am
txn_3JcyjsJejjaqX65o13drVltF - 9405511108435936408020 - September 28, 2021, 3:53 am
txn_3JcG4UJejjaqX65o1UtgIHIW - 9405511108435936408068 - September 28, 2021, 3:53 am
txn_3JcxrcJejjaqX65o1RohVvPC - 9400111108435936408010 - September 28, 2021, 3:53 am
txn_3JcEaPJejjaqX65o1pJ5Href - 9405511108435936408334 - September 28, 2021, 3:53 am
txn_3JcxlSJejjaqX65o0Kvnx3Da - 9405511108435936408341 - September 28, 2021, 3:53 am
txn_3JcDoJJejjaqX65o0Wf9rgau - 9400111108435936408324 - September 28, 2021, 3:53 am
txn_3JctvcJejjaqX65o0BcS5IGj - 9405511108435936408365 - September 28, 2021, 3:53 am
txn_3JYHm9JejjaqX65o0fJbrpNm_X - 9405511108435936408310 - September 28, 2021, 3:53 am
2021Influencer135 - 9405511108435936408174 - September 28, 2021, 3:53 am
txn_3JciPNJejjaqX65o1QZdkyJB - 9405511108435936408181 - September 28, 2021, 3:53 am
txn_3JdKbsJejjaqX65o0wtlwRk3 - 9405511108435936408198 - September 28, 2021, 3:53 am
txn_3JciHEJejjaqX65o1HinnHvg - 9405511108435936408105 - September 28, 2021, 3:53 am
txn_3Jccz0JejjaqX65o1JVKbeTY - 9405511108435936408167 - September 28, 2021, 3:53 am
txn_3JdKPkJejjaqX65o01IfRy7P - 9405511108435936408150 - September 28, 2021, 3:53 am
txn_3JchfUJejjaqX65o0V5shGme - 9405511108435936408112 - September 28, 2021, 3:53 am
txn_3JccnZJejjaqX65o1WLLWM57 - 9400111108435936408676 - September 28, 2021, 3:53 am
txn_3JdJYPJejjaqX65o0L7czhDs - 9405511108435936408631 - September 28, 2021, 3:53 am
txn_3JcgGQJejjaqX65o0JVruJa1 - 9405511108435936408686 - September 28, 2021, 3:53 am
txn_3JccfrJejjaqX65o1x5dp9H4 - 9400111108435936408645 - September 28, 2021, 3:53 am
txn_3JdIueJejjaqX65o1C8y5JEb - 9405511108435936408693 - September 28, 2021, 3:53 am
txn_3JcfYMJejjaqX65o0F3Pugbq - 9405511108435936408600 - September 28, 2021, 3:53 am
txn_3JcY5WJejjaqX65o0hmXHhdv - 9405511108435936408624 - September 28, 2021, 3:53 am
txn_3JdI9EJejjaqX65o1je1nvKj - 9405511108435936408662 - September 28, 2021, 3:53 am
txn_3JcNdkJejjaqX65o06O6JRak - 9405511108435936408655 - September 28, 2021, 3:53 am
txn_3JcUnQJejjaqX65o0XEqZonx - 9400111108435936408973 - September 28, 2021, 3:53 am
txn_3JdHN8JejjaqX65o1sRZyI32 - 9405511108435936408938 - September 28, 2021, 3:53 am
txn_3JcNL3JejjaqX65o06Aoi7PE - 9405511108435936408983 - September 28, 2021, 3:53 am
txn_3JcOsOJejjaqX65o02XclRWc - 9405511108435936408945 - September 28, 2021, 3:53 am
txn_3JdF59JejjaqX65o0NAoHrlG - 9405511108435936408990 - September 28, 2021, 3:53 am
txn_3JcL7xJejjaqX65o1I3dQjoG - 9400111108435936408904 - September 28, 2021, 3:53 am
txn_3Jctb3JejjaqX65o1OirblGF - 9405511108435936408921 - September 28, 2021, 3:53 am
txn_3Jd5OLJejjaqX65o0MwqpQzW - 9400111108435936408966 - September 28, 2021, 3:53 am
txn_3JcKlOJejjaqX65o0e8IBk5Q - 9400111108435936408959 - September 28, 2021, 3:53 am
txn_3JcrksJejjaqX65o0VydHoPR - 9405511108435936408914 - September 28, 2021, 3:53 am
txn_3Jczj2JejjaqX65o1snWLV3S - 9405511108435936408778 - September 28, 2021, 3:53 am
txn_3JcJcEJejjaqX65o0X93nd6O - 9400111108435936408737 - September 28, 2021, 3:53 am
txn_3JckhtJejjaqX65o0w3VYjQu - 9405511108435936408785 - September 28, 2021, 3:53 am
txn_3Jcds7JejjaqX65o1votPuCJ - 9405511108435936408747 - September 28, 2021, 3:53 am
txn_3JcJL3JejjaqX65o17X6v7Z4 - 9400111108435936408706 - September 28, 2021, 3:53 am
txn_3JcOULJejjaqX65o1CVbONhG - 9405511108435936408723 - September 28, 2021, 3:53 am
txn_3JcdJUJejjaqX65o1ZRecboi - 9405511108435936408761 - September 28, 2021, 3:53 am
txn_3JcIw7JejjaqX65o0wc0un49 - 9405511108435936408754 - September 28, 2021, 3:53 am
txn_3JeC6HJejjaqX65o1BjZzSdE - 9405511108435936645128 - September 28, 2021, 4:57 am
txn_3JeB4IJejjaqX65o0i4BqCwU - 9400111108435936645156 - September 28, 2021, 4:57 am
txn_3Je9A9JejjaqX65o1THh06sE - 9400111108435936645118 - September 28, 2021, 4:57 am
txn_3JdPoaJejjaqX65o1h4A1h0P - 9405511108435936645678 - September 28, 2021, 4:57 am
txn_3Je6zeJejjaqX65o1nsd0fmW - 9405511108435936645630 - September 28, 2021, 4:57 am
txn_3JdPfLJejjaqX65o0yGRADMT - 9405511108435936645685 - September 28, 2021, 4:57 am
txn_3Je6sEJejjaqX65o1Rswcr0l - 9405511108435936645692 - September 28, 2021, 4:57 am
txn_3JdPQtJejjaqX65o0vtYDsMn - 9405511108435936645609 - September 28, 2021, 4:57 am
txn_3JdfmSJejjaqX65o1kbOq2lh - 9400111108435936645620 - September 28, 2021, 4:57 am
txn_3JeaEWJejjaqX65o1XTPTehr - 9400111108435936645668 - September 28, 2021, 4:57 am
txn_3JdqDDJejjaqX65o00Y1pKEb - 9405511108435936645654 - September 28, 2021, 4:57 am
txn_3JdeslJejjaqX65o1ChEGE85 - 9400111108435936645613 - September 28, 2021, 4:57 am
txn_3JeSuHJejjaqX65o1ovJKfGR - 9400111108435936645972 - September 28, 2021, 4:57 am
txn_3Jdq4oJejjaqX65o1NQZ31to - 9400111108435936645934 - September 28, 2021, 4:57 am
txn_3JddGjJejjaqX65o1sMCsWRm - 9400111108435936645989 - September 28, 2021, 4:57 am
txn_3Je4SKJejjaqX65o0OYGPLc3 - 9400111108435936645941 - September 28, 2021, 4:57 am
txn_3Jdkp3JejjaqX65o1M1g1fil - 9400111108435936645996 - September 28, 2021, 4:57 am
txn_3JdabzJejjaqX65o19H1FhyP - 9400111108435936645903 - September 28, 2021, 4:57 am
txn_3Je4MtJejjaqX65o0dfvvt42 - 9400111108435936645965 - September 28, 2021, 4:57 am
txn_3JdjnSJejjaqX65o06Vyh8Xc - 9400111108435936645958 - September 28, 2021, 4:57 am
txn_3JdRNpJejjaqX65o0WPEUQhU - 9400111108435936645910 - September 28, 2021, 4:57 am
txn_3Je3pCJejjaqX65o1FFmEYPv - 9400111108435936645774 - September 28, 2021, 4:57 am
txn_3JdhNAJejjaqX65o1viUuVJO - 9400111108435936645736 - September 28, 2021, 4:57 am
txn_3JeRO8JejjaqX65o1RzwRwbz - 9400111108435936645781 - September 28, 2021, 4:57 am
txn_3Je2BuJejjaqX65o0W0ZSRGF - 9400111108435936645743 - September 28, 2021, 4:57 am
txn_3JdOAOJejjaqX65o0EoEUAee - 9400111108435936645798 - September 28, 2021, 4:57 am
txn_3JeQgQJejjaqX65o025CNeuE - 9400111108435936645705 - September 28, 2021, 4:57 am
txn_3JdtyMJejjaqX65o12Jggrgq - 9405511108435936645722 - September 28, 2021, 4:57 am
txn_3JdMrOJejjaqX65o1kQHW6SK - 9405511108435936645760 - September 28, 2021, 4:57 am
txn_3JeQIuJejjaqX65o1LIxY4OF - 9405511108435936645753 - September 28, 2021, 4:57 am
2021Influencer136 - 9400111108435329970308 - September 28, 2021, 2:27 pm
2021Influencer137 - 9400111108435324222327 - September 28, 2021, 3:04 pm
