txn_3JV0WjJejjaqX65o1a3PynzX - 9405511108435526901665 - September 2, 2021, 1:30 pm
txn_3JVJNVJejjaqX65o1ndwAGtL - 9405511108435526901689 - September 2, 2021, 1:30 pm
txn_3JV2A1JejjaqX65o04PJMWNf - 9405511108435526901986 - September 2, 2021, 1:30 pm
txn_3JV70zJejjaqX65o01oT0bco - 9405511108435526901979 - September 2, 2021, 1:30 pm
txn_3JUz17JejjaqX65o1vmIJTwJ - 9405511108435526901924 - September 2, 2021, 1:30 pm
txn_3JV8CTJejjaqX65o0ms9A7aP - 9405511108435526901931 - September 2, 2021, 1:30 pm
txn_3JVFraJejjaqX65o1Rkrvgb9 - 9405511108435526901214 - September 2, 2021, 1:30 pm
txn_3JV0GZJejjaqX65o1hYxmZ3c - 9405511108435526901887 - September 2, 2021, 1:30 pm
txn_3JUy5KJejjaqX65o08aboqtX - 9405511108435526901894 - September 2, 2021, 1:30 pm
txn_3JV7uBJejjaqX65o0pEPi6tW - 9405511108435526901238 - September 2, 2021, 1:30 pm
txn_3JV18rJejjaqX65o0gAbhJBQ - 9405511108435526901856 - September 2, 2021, 1:30 pm
txn_3JV5LIJejjaqX65o0qrDJKOH - 9405511108435526901818 - September 2, 2021, 1:30 pm
txn_3JUzOOJejjaqX65o0ffPxW02 - 9405511108435526906073 - September 2, 2021, 1:30 pm
txn_3JUxwfJejjaqX65o1XsK2pwv - 9405511108435526906424 - September 2, 2021, 1:30 pm
txn_3JV0q3JejjaqX65o1uL7IzW6 - 9405511108435526906059 - September 2, 2021, 1:30 pm
txn_3JV56aJejjaqX65o1KTvOpU6 - 9405511108435526906462 - September 2, 2021, 1:30 pm
txn_3JV7VyJejjaqX65o1YEbf2Y1 - 9405511108435526906042 - September 2, 2021, 1:30 pm
txn_3JV9vdJejjaqX65o0NjjdcIU - 9405511108435526906097 - September 2, 2021, 1:30 pm
2021Influencer107 - 9405511108435523336682 - September 2, 2021, 3:29 pm
2021Influencer108 - 9405511108435523336125 - September 2, 2021, 3:29 pm
2021Influencer109 - 9405511108435523336637 - September 2, 2021, 3:29 pm
2021Influencer111 - 9405511108435523336118 - September 2, 2021, 3:29 pm
2021Influencer110 - 9405511108435523336675 - September 2, 2021, 3:29 pm
