txn_3JfFCXJejjaqX65o0atDL0Bh - 9400111108435399465933 - September 30, 2021, 12:51 am
txn_3JewOKJejjaqX65o09JHrNy8 - 9400111108435399465988 - September 30, 2021, 12:51 am
txn_3JfA9UJejjaqX65o1TZ63NJI - 9400111108435399465940 - September 30, 2021, 12:51 am
txn_3Jf3w6JejjaqX65o02X3rQLy - 9400111108435399465995 - September 30, 2021, 12:51 am
txn_3Jf9RLJejjaqX65o02ox5SgK - 9400111108435399465902 - September 30, 2021, 12:51 am
txn_3Jf3hlJejjaqX65o0Y9rIDr0 - 9400111108435399465926 - September 30, 2021, 12:51 am
txn_3Jf6heJejjaqX65o1TRy92z3 - 9400111108435399465964 - September 30, 2021, 12:51 am
txn_3Jf8KEJejjaqX65o0a9FIqCZ - 9400111108435399465957 - September 30, 2021, 12:51 am
txn_3Jf7yBJejjaqX65o1Iq2RLaM - 9400111108435399465773 - September 30, 2021, 12:51 am
2021Influencer147 - 9400111108435399623036 - September 30, 2021, 2:11 am
2021Influencer148 - 9400111108435399623081 - September 30, 2021, 2:11 am
2021Influencer139 - 9400111108435399623043 - September 30, 2021, 2:11 am
2021Influencer146 - 9400111108435399623098 - September 30, 2021, 2:11 am
2021Influencer142 - 9400111108435399623005 - September 30, 2021, 2:11 am
2021Influencer145 - 9400111108435399623029 - September 30, 2021, 2:11 am
2021Influencer138 - 9400111108435399623067 - September 30, 2021, 2:11 am
2021Influencer144 - 9400111108435399623012 - September 30, 2021, 2:11 am
2021Influencer141 - 9400111108435399623371 - September 30, 2021, 2:11 am
2021Influencer140 - 9400111108435399623333 - September 30, 2021, 2:11 am
2021Influencer143 - 9400111108435399623388 - September 30, 2021, 2:11 am
