txn_3JhOWZJejjaqX65o0Xa1aVmD - 9400111108435357522159 - October 6, 2021, 11:09 am
txn_3JhbEpJejjaqX65o0MqKVVJw - 9400111108435357522999 - October 6, 2021, 11:09 am
txn_3JhO5VJejjaqX65o1IcVZnSN - 9400111108435357522838 - October 6, 2021, 11:09 am
txn_3JhVOzJejjaqX65o1rfzodlj - 9400111108435357522807 - October 6, 2021, 11:09 am
txn_3JhNVeJejjaqX65o0lCyhmZJ - 9400111108435357525433 - October 6, 2021, 11:09 am
txn_3JhTgJJejjaqX65o0rTNvSqU - 9400111108435357525013 - October 6, 2021, 11:09 am
txn_3JhN8oJejjaqX65o0Av5zSLJ - 9400111108435357525365 - October 6, 2021, 11:09 am
txn_3JhTBlJejjaqX65o1K0etQmk - 9400111108435357525730 - October 6, 2021, 11:09 am
txn_3JhLpoJejjaqX65o1Zz6FuA6 - 9400111108435357525853 - October 6, 2021, 11:09 am
txn_3JhSlcJejjaqX65o0y7nfPGa - 9400111108435357524504 - October 6, 2021, 11:09 am
txn_3JhLo9JejjaqX65o0gpX4Hcz - 9400111108435357524405 - October 6, 2021, 11:09 am
txn_3JhScgJejjaqX65o1OFpd49I - 9400111108435357524061 - October 6, 2021, 11:09 am
txn_3JhKC9JejjaqX65o1ruzjd8B - 9400111108435357524306 - October 6, 2021, 11:09 am
txn_3JhSXcJejjaqX65o12e8jpwc - 9400111108435357524160 - October 6, 2021, 11:09 am
txn_3JhJAFJejjaqX65o0oKvScBJ - 9400111108435357524658 - October 6, 2021, 11:09 am
txn_3JhRugJejjaqX65o1CghWjXC - 9400111108435357524733 - October 6, 2021, 11:09 am
txn_3JhIGRJejjaqX65o1NrA1vRX - 9400111108435357524245 - October 6, 2021, 11:09 am
txn_3JhFPYJejjaqX65o0AZMiEKM - 9400111108435357523514 - October 6, 2021, 11:09 am
txn_3JhQyrJejjaqX65o1k9viBW7 - 9400111108435357523095 - October 6, 2021, 11:09 am
txn_3JhI0yJejjaqX65o18eOLzJv - 9400111108435357523323 - October 6, 2021, 11:09 am
txn_3JhEMDJejjaqX65o14YABUGq - 9400111108435357523675 - October 6, 2021, 11:09 am
txn_3JhQyBJejjaqX65o0mVRArbS - 9400111108435357523989 - October 6, 2021, 11:09 am
txn_3JhHMVJejjaqX65o1lvrS9pp - 9400111108435357523767 - October 6, 2021, 11:09 am
txn_3JhE2SJejjaqX65o0MFbJrxh - 9400111108435357523286 - October 6, 2021, 11:09 am
txn_3JhQCDJejjaqX65o07kalDXV - 9400111108435357529523 - October 6, 2021, 11:09 am
txn_3JhH81JejjaqX65o0v6blQ5e - 9400111108435357529332 - October 6, 2021, 11:09 am
txn_3Jh5rCJejjaqX65o0T62S3qq - 9400111108435357529356 - October 6, 2021, 11:09 am
txn_3JhPN2JejjaqX65o0Jr6dZN5 - 9400111108435357529660 - October 6, 2021, 11:09 am
txn_3JhOWZJejjaqX65o0Xa1aVmD - 9400111108435357522159 - October 6, 2021, 1:08 pm
txn_3JhbEpJejjaqX65o0MqKVVJw - 9400111108435357522999 - October 6, 2021, 1:08 pm
txn_3JhO5VJejjaqX65o1IcVZnSN - 9400111108435357522838 - October 6, 2021, 1:08 pm
txn_3JhVOzJejjaqX65o1rfzodlj - 9400111108435357522807 - October 6, 2021, 1:08 pm
txn_3JhNVeJejjaqX65o0lCyhmZJ - 9400111108435357525433 - October 6, 2021, 1:08 pm
txn_3JhTgJJejjaqX65o0rTNvSqU - 9400111108435357525013 - October 6, 2021, 1:08 pm
txn_3JhN8oJejjaqX65o0Av5zSLJ - 9400111108435357525365 - October 6, 2021, 1:08 pm
txn_3JhTBlJejjaqX65o1K0etQmk - 9400111108435357525730 - October 6, 2021, 1:08 pm
txn_3JhLpoJejjaqX65o1Zz6FuA6 - 9400111108435357525853 - October 6, 2021, 1:08 pm
txn_3JhSlcJejjaqX65o0y7nfPGa - 9400111108435357524504 - October 6, 2021, 1:08 pm
txn_3JhLo9JejjaqX65o0gpX4Hcz - 9400111108435357524405 - October 6, 2021, 1:08 pm
txn_3JhScgJejjaqX65o1OFpd49I - 9400111108435357524061 - October 6, 2021, 1:08 pm
txn_3JhKC9JejjaqX65o1ruzjd8B - 9400111108435357524306 - October 6, 2021, 1:08 pm
txn_3JhSXcJejjaqX65o12e8jpwc - 9400111108435357524160 - October 6, 2021, 1:08 pm
txn_3JhJAFJejjaqX65o0oKvScBJ - 9400111108435357524658 - October 6, 2021, 1:08 pm
txn_3JhRugJejjaqX65o1CghWjXC - 9400111108435357524733 - October 6, 2021, 1:08 pm
txn_3JhIGRJejjaqX65o1NrA1vRX - 9400111108435357524245 - October 6, 2021, 1:08 pm
txn_3JhFPYJejjaqX65o0AZMiEKM - 9400111108435357523514 - October 6, 2021, 1:08 pm
txn_3JhQyrJejjaqX65o1k9viBW7 - 9400111108435357523095 - October 6, 2021, 1:08 pm
txn_3JhI0yJejjaqX65o18eOLzJv - 9400111108435357523323 - October 6, 2021, 1:08 pm
txn_3JhEMDJejjaqX65o14YABUGq - 9400111108435357523675 - October 6, 2021, 1:08 pm
txn_3JhQyBJejjaqX65o0mVRArbS - 9400111108435357523989 - October 6, 2021, 1:08 pm
txn_3JhHMVJejjaqX65o1lvrS9pp - 9400111108435357523767 - October 6, 2021, 1:08 pm
txn_3JhE2SJejjaqX65o0MFbJrxh - 9400111108435357523286 - October 6, 2021, 1:08 pm
txn_3JhQCDJejjaqX65o07kalDXV - 9400111108435357529523 - October 6, 2021, 1:08 pm
txn_3JhH81JejjaqX65o0v6blQ5e - 9400111108435357529332 - October 6, 2021, 1:08 pm
txn_3Jh5rCJejjaqX65o0T62S3qq - 9400111108435357529356 - October 6, 2021, 1:08 pm
txn_3JhPN2JejjaqX65o0Jr6dZN5 - 9400111108435357529660 - October 6, 2021, 1:08 pm
2021Influencer162 - 9400111108435356468670 - October 6, 2021, 3:47 pm
2021Influencer164 - 9400111108435356468953 - October 6, 2021, 3:47 pm
2021Influencer172 - 9400111108435356468397 - October 6, 2021, 3:47 pm
2021Influencer170 - 9400111108435356468656 - October 6, 2021, 3:47 pm
2021Influencer165 - 9400111108435356468700 - October 6, 2021, 3:47 pm
2021Influencer169 - 9400111108435356468823 - October 6, 2021, 3:47 pm
2021Influencer167 - 9400111108435356468243 - October 6, 2021, 3:47 pm
2021Influencer168 - 9400111108435356460544 - October 6, 2021, 3:47 pm
