txn_3Jhgc7JejjaqX65o0K9BTCii - 9400111108435349005462 - October 7, 2021, 11:31 am
txn_3JhfZ4JejjaqX65o13qfU1OH - 9400111108435349005011 - October 7, 2021, 11:31 am
txn_3JhgZwJejjaqX65o1goWaogD - 9400111108435349005905 - October 7, 2021, 11:31 am
txn_3JhjA0JejjaqX65o0UGy293l - 9400111108435349004564 - October 7, 2021, 11:31 am
txn_3JheuCJejjaqX65o1zMyTYPA - 9400111108435349004472 - October 7, 2021, 11:31 am
txn_3JhgRjJejjaqX65o0zKd5iF0 - 9400111108435349004083 - October 7, 2021, 11:31 am
txn_3JhibGJejjaqX65o1JVh9PuR - 9400111108435349004182 - October 7, 2021, 11:31 am
txn_3JhclgJejjaqX65o01GI6vi0 - 9400111108435349004649 - October 7, 2021, 11:31 am
txn_3JhiGpJejjaqX65o14ng4dx2 - 9400111108435349004762 - October 7, 2021, 11:31 am
txn_3JhlErJejjaqX65o1bAI5BKS - 9400111108435349002072 - October 7, 2021, 11:31 am
txn_3JhjkkJejjaqX65o0Jo7cj5G - 9400111108435349002133 - October 7, 2021, 11:31 am
txn_3JhjHEJejjaqX65o0o3JMT4c - 9400111108435349002782 - October 7, 2021, 11:31 am
txn_3Jhm6nJejjaqX65o05DOyN9l - 9400111108435349005578 - October 7, 2021, 11:31 am
txn_3JhoUlJejjaqX65o0cfih4nn - 9400111108435349005028 - October 7, 2021, 11:31 am
txn_3JhlwvJejjaqX65o0ZPFNZmD - 9400111108435349005103 - October 7, 2021, 11:31 am
txn_3JhnNsJejjaqX65o0J3nRZpo - 9400111108435349005684 - October 7, 2021, 11:31 am
txn_3JhlgZJejjaqX65o04jJ4sd0 - 9400111108435349005752 - October 7, 2021, 11:31 am
txn_3Jhmf8JejjaqX65o163GF5lM - 9400111108435349005295 - October 7, 2021, 11:31 am
txn_3JhmaoJejjaqX65o1hmWuAn7 - 9400111108435349004373 - October 7, 2021, 11:31 am
txn_3JhmX0JejjaqX65o0wBL2vne - 9400111108435349004922 - October 7, 2021, 11:31 am
