2021Influencer173 - 9400111108435340251059 - October 8, 2021, 12:14 am
2021Influencer176 - 9400111108435340251370 - October 8, 2021, 12:14 am
2021Influencer175 - 9400111108435340251349 - October 8, 2021, 12:14 am
2021Influencer177 - 9400111108435340251394 - October 8, 2021, 12:14 am
2021Influencer174 - 9400111108435340251325 - October 8, 2021, 12:14 am
2021Influencer178 - 9400111108435340251356 - October 8, 2021, 12:14 am
txn_3Ji3TaJejjaqX65o0q6H1qAU - 9400111108435343340316 - October 8, 2021, 11:31 am
txn_3JiJvzJejjaqX65o1aDNFbpl - 9400111108435343340149 - October 8, 2021, 11:31 am
txn_3Ji2cEJejjaqX65o1v8fMg8L - 9400111108435343340675 - October 8, 2021, 11:31 am
txn_3JiJZWJejjaqX65o1Qit3kiP - 9400111108435343340927 - October 8, 2021, 11:31 am
txn_3Ji7ZYJejjaqX65o1NBNtUEt - 9400111108435343340736 - October 8, 2021, 11:31 am
txn_3Ji14KJejjaqX65o1hOYtYAI - 9400111108435343340835 - October 8, 2021, 11:31 am
txn_3JiC4YJejjaqX65o1fLNWesj - 9400111108435343340217 - October 8, 2021, 11:31 am
txn_3Ji4vsJejjaqX65o06iRUhdZ - 9400111108435343342563 - October 8, 2021, 11:31 am
txn_3Ji8e2JejjaqX65o0j4qLgEC - 9400111108435343342495 - October 8, 2021, 11:31 am
txn_3Ji4a4JejjaqX65o0HSypWuH - 9400111108435343342068 - October 8, 2021, 11:31 am
txn_3Ji7c8JejjaqX65o0SACVojP - 9400111108435343342358 - October 8, 2021, 11:31 am
txn_3Ji0jaJejjaqX65o1aSTB3fd - 9400111108435343342938 - October 8, 2021, 11:31 am
txn_3Ji4RrJejjaqX65o1hrZywOK - 9400111108435343342730 - October 8, 2021, 11:31 am
txn_3Ji04aJejjaqX65o0xs2aU85 - 9400111108435343342754 - October 8, 2021, 11:31 am
txn_3Ji0a5JejjaqX65o1vybNKqb - 9400111108435343342860 - October 8, 2021, 11:31 am
txn_3Ji433JejjaqX65o0nUheQ3T - 9400111108435343342266 - October 8, 2021, 11:31 am
txn_3JhzC2JejjaqX65o0jH7SAFD - 9400111108435343345540 - October 8, 2021, 11:31 am
txn_3Ji0T9JejjaqX65o1T6yFJO8 - 9400111108435343345403 - October 8, 2021, 11:31 am
txn_3Ji3u6JejjaqX65o1cKAdQhm - 9400111108435343345045 - October 8, 2021, 11:31 am
txn_3JhyZ1JejjaqX65o15ZHBnwz - 9400111108435343345335 - October 8, 2021, 11:31 am
txn_3JiJZWJejjaqX65o1Qit3kiP - 9405511108435374056548 - October 8, 2021, 7:53 pm
