txn_1IBQzbJm8ehcCWGInJFJxYC1 - 8994163006834133 - January 20, 2021, 2:22 pm
txn_1IBTn8Jm8ehcCWGItmvqPhDy - 8994163006390134 - January 20, 2021, 2:22 pm
txn_1IBTrYJm8ehcCWGImPAXBlOH - 8994163006383136 - January 20, 2021, 2:22 pm
txn_1IBj3AJm8ehcCWGIfVQhnJah - 8994163006620132 - January 20, 2021, 2:22 pm
txn_1IBVV0Jm8ehcCWGIbThtbbN1 - 8994163006373137 - January 20, 2021, 2:22 pm
2021Influencer143 - 8994163006546135 - January 20, 2021, 2:22 pm
2021Influencer148 - 8994163006616135 - January 20, 2021, 2:22 pm
txn_1IBXNuJm8ehcCWGIuOgHsRif - 8994163006615138 - January 20, 2021, 2:22 pm
2021Influencer138 - 8994163006614131 - January 20, 2021, 2:22 pm
txn_1IBjI0Jm8ehcCWGIntIpToyv - 8994163006534132 - January 20, 2021, 2:22 pm
txn_1IBXtFJm8ehcCWGI16rEU1bS - 8994163006363138 - January 20, 2021, 2:22 pm
2021Influencer147 - 8994163006362131 - January 20, 2021, 2:22 pm
2021Influencer142 - 8994163006531131 - January 20, 2021, 2:22 pm
2021Influencer137 - 8994163006361134 - January 20, 2021, 2:22 pm
txn_1IBWFyJm8ehcCWGIYsmptobm - 8994163006360137 - January 20, 2021, 2:22 pm
txn_1IBkooJm8ehcCWGIcXqeAqbk - 8994163006601131 - January 20, 2021, 2:22 pm
2021Influencer146 - 8994163006197139 - January 20, 2021, 2:22 pm
2021Influencer141 - 8994163006600134 - January 20, 2021, 2:22 pm
txn_1IBYntJm8ehcCWGIFnwhs6yl - 8994163006353139 - January 20, 2021, 2:22 pm
2021Influencer136 - 8994163006352132 - January 20, 2021, 2:22 pm
txn_1IBWKRJm8ehcCWGIjgsts84V - 8994163006199133 - January 20, 2021, 2:22 pm
txn_1IBlEDJm8ehcCWGIJiM9TZHI - 8994163006193131 - January 20, 2021, 2:22 pm
2021Influencer140 - 8994163006511133 - January 20, 2021, 2:22 pm
2021Influencer135 - 8994163006510136 - January 20, 2021, 2:22 pm
txn_1IBZ7tJm8ehcCWGI5cvDkG9N - 8994163006345134 - January 20, 2021, 2:22 pm
txn_1IBWoCJm8ehcCWGI2s0F4mOE - 8994163006192134 - January 20, 2021, 2:22 pm
2021Influencer145 - 8994163006344137 - January 20, 2021, 2:22 pm
2021Influencer134 - 8994163006337139 - January 20, 2021, 2:22 pm
2021Influencer139 - 8994163006178138 - January 20, 2021, 2:22 pm
txn_1IBXCXJm8ehcCWGI5Fa8B9PY - 8994163006500137 - January 20, 2021, 2:22 pm
txn_1IBlg1Jm8ehcCWGIO14n9jPV - 8994163006179135 - January 20, 2021, 2:22 pm
txn_1IBirYJm8ehcCWGIKN4JkRkj - 8994163006338136 - January 20, 2021, 2:22 pm
2021Influencer144 - 8994163006499134 - January 20, 2021, 2:22 pm
txn_1IBQzbJm8ehcCWGInJFJxYC1 - 8994163006834133 - January 20, 2021, 2:22 pm
txn_1IBTn8Jm8ehcCWGItmvqPhDy - 8994163006390134 - January 20, 2021, 2:22 pm
txn_1IBTrYJm8ehcCWGImPAXBlOH - 8994163006383136 - January 20, 2021, 2:22 pm
txn_1IBj3AJm8ehcCWGIfVQhnJah - 8994163006620132 - January 20, 2021, 2:22 pm
txn_1IBVV0Jm8ehcCWGIbThtbbN1 - 8994163006373137 - January 20, 2021, 2:22 pm
2021Influencer143 - 8994163006546135 - January 20, 2021, 2:22 pm
2021Influencer148 - 8994163006616135 - January 20, 2021, 2:22 pm
txn_1IBXNuJm8ehcCWGIuOgHsRif - 8994163006615138 - January 20, 2021, 2:22 pm
2021Influencer138 - 8994163006614131 - January 20, 2021, 2:22 pm
txn_1IBjI0Jm8ehcCWGIntIpToyv - 8994163006534132 - January 20, 2021, 2:22 pm
txn_1IBXtFJm8ehcCWGI16rEU1bS - 8994163006363138 - January 20, 2021, 2:22 pm
2021Influencer147 - 8994163006362131 - January 20, 2021, 2:22 pm
2021Influencer142 - 8994163006531131 - January 20, 2021, 2:22 pm
2021Influencer137 - 8994163006361134 - January 20, 2021, 2:22 pm
txn_1IBWFyJm8ehcCWGIYsmptobm - 8994163006360137 - January 20, 2021, 2:22 pm
txn_1IBkooJm8ehcCWGIcXqeAqbk - 8994163006601131 - January 20, 2021, 2:22 pm
2021Influencer146 - 8994163006197139 - January 20, 2021, 2:22 pm
2021Influencer141 - 8994163006600134 - January 20, 2021, 2:22 pm
txn_1IBYntJm8ehcCWGIFnwhs6yl - 8994163006353139 - January 20, 2021, 2:22 pm
2021Influencer136 - 8994163006352132 - January 20, 2021, 2:22 pm
txn_1IBWKRJm8ehcCWGIjgsts84V - 8994163006199133 - January 20, 2021, 2:22 pm
txn_1IBlEDJm8ehcCWGIJiM9TZHI - 8994163006193131 - January 20, 2021, 2:22 pm
2021Influencer140 - 8994163006511133 - January 20, 2021, 2:22 pm
2021Influencer135 - 8994163006510136 - January 20, 2021, 2:22 pm
txn_1IBZ7tJm8ehcCWGI5cvDkG9N - 8994163006345134 - January 20, 2021, 2:22 pm
txn_1IBWoCJm8ehcCWGI2s0F4mOE - 8994163006192134 - January 20, 2021, 2:22 pm
2021Influencer145 - 8994163006344137 - January 20, 2021, 2:22 pm
2021Influencer134 - 8994163006337139 - January 20, 2021, 2:22 pm
2021Influencer139 - 8994163006178138 - January 20, 2021, 2:22 pm
txn_1IBXCXJm8ehcCWGI5Fa8B9PY - 8994163006500137 - January 20, 2021, 2:22 pm
txn_1IBlg1Jm8ehcCWGIO14n9jPV - 8994163006179135 - January 20, 2021, 2:22 pm
txn_1IBirYJm8ehcCWGIKN4JkRkj - 8994163006338136 - January 20, 2021, 2:22 pm
2021Influencer144 - 8994163006499134 - January 20, 2021, 2:22 pm
txn_1IBQzbJm8ehcCWGInJFJxYC1 - 8994163006834133 - January 20, 2021, 2:22 pm
txn_1IBTn8Jm8ehcCWGItmvqPhDy - 8994163006390134 - January 20, 2021, 2:22 pm
txn_1IBTrYJm8ehcCWGImPAXBlOH - 8994163006383136 - January 20, 2021, 2:22 pm
txn_1IBj3AJm8ehcCWGIfVQhnJah - 8994163006620132 - January 20, 2021, 2:22 pm
txn_1IBVV0Jm8ehcCWGIbThtbbN1 - 8994163006373137 - January 20, 2021, 2:22 pm
2021Influencer143 - 8994163006546135 - January 20, 2021, 2:22 pm
2021Influencer148 - 8994163006616135 - January 20, 2021, 2:22 pm
txn_1IBXNuJm8ehcCWGIuOgHsRif - 8994163006615138 - January 20, 2021, 2:22 pm
2021Influencer138 - 8994163006614131 - January 20, 2021, 2:22 pm
txn_1IBjI0Jm8ehcCWGIntIpToyv - 8994163006534132 - January 20, 2021, 2:22 pm
txn_1IBXtFJm8ehcCWGI16rEU1bS - 8994163006363138 - January 20, 2021, 2:22 pm
2021Influencer147 - 8994163006362131 - January 20, 2021, 2:22 pm
2021Influencer142 - 8994163006531131 - January 20, 2021, 2:22 pm
2021Influencer137 - 8994163006361134 - January 20, 2021, 2:22 pm
txn_1IBWFyJm8ehcCWGIYsmptobm - 8994163006360137 - January 20, 2021, 2:22 pm
txn_1IBkooJm8ehcCWGIcXqeAqbk - 8994163006601131 - January 20, 2021, 2:22 pm
2021Influencer146 - 8994163006197139 - January 20, 2021, 2:22 pm
2021Influencer141 - 8994163006600134 - January 20, 2021, 2:22 pm
txn_1IBYntJm8ehcCWGIFnwhs6yl - 8994163006353139 - January 20, 2021, 2:22 pm
2021Influencer136 - 8994163006352132 - January 20, 2021, 2:22 pm
txn_1IBWKRJm8ehcCWGIjgsts84V - 8994163006199133 - January 20, 2021, 2:22 pm
txn_1IBlEDJm8ehcCWGIJiM9TZHI - 8994163006193131 - January 20, 2021, 2:22 pm
2021Influencer140 - 8994163006511133 - January 20, 2021, 2:22 pm
2021Influencer135 - 8994163006510136 - January 20, 2021, 2:22 pm
txn_1IBZ7tJm8ehcCWGI5cvDkG9N - 8994163006345134 - January 20, 2021, 2:22 pm
txn_1IBWoCJm8ehcCWGI2s0F4mOE - 8994163006192134 - January 20, 2021, 2:22 pm
2021Influencer145 - 8994163006344137 - January 20, 2021, 2:22 pm
2021Influencer134 - 8994163006337139 - January 20, 2021, 2:22 pm
2021Influencer139 - 8994163006178138 - January 20, 2021, 2:22 pm
txn_1IBXCXJm8ehcCWGI5Fa8B9PY - 8994163006500137 - January 20, 2021, 2:22 pm
txn_1IBlg1Jm8ehcCWGIO14n9jPV - 8994163006179135 - January 20, 2021, 2:22 pm
txn_1IBirYJm8ehcCWGIKN4JkRkj - 8994163006338136 - January 20, 2021, 2:22 pm
2021Influencer144 - 8994163006499134 - January 20, 2021, 2:22 pm
txn_1IBQzbJm8ehcCWGInJFJxYC1 - 8994163006834133 - January 20, 2021, 2:24 pm
txn_1IBTn8Jm8ehcCWGItmvqPhDy - 8994163006390134 - January 20, 2021, 2:24 pm
txn_1IBTrYJm8ehcCWGImPAXBlOH - 8994163006383136 - January 20, 2021, 2:24 pm
txn_1IBj3AJm8ehcCWGIfVQhnJah - 8994163006620132 - January 20, 2021, 2:24 pm
txn_1IBVV0Jm8ehcCWGIbThtbbN1 - 8994163006373137 - January 20, 2021, 2:24 pm
2021Influencer143 - 8994163006546135 - January 20, 2021, 2:24 pm
2021Influencer148 - 8994163006616135 - January 20, 2021, 2:24 pm
txn_1IBXNuJm8ehcCWGIuOgHsRif - 8994163006615138 - January 20, 2021, 2:24 pm
2021Influencer138 - 8994163006614131 - January 20, 2021, 2:24 pm
txn_1IBjI0Jm8ehcCWGIntIpToyv - 8994163006534132 - January 20, 2021, 2:24 pm
txn_1IBXtFJm8ehcCWGI16rEU1bS - 8994163006363138 - January 20, 2021, 2:24 pm
2021Influencer147 - 8994163006362131 - January 20, 2021, 2:24 pm
2021Influencer142 - 8994163006531131 - January 20, 2021, 2:24 pm
2021Influencer137 - 8994163006361134 - January 20, 2021, 2:24 pm
txn_1IBWFyJm8ehcCWGIYsmptobm - 8994163006360137 - January 20, 2021, 2:24 pm
txn_1IBkooJm8ehcCWGIcXqeAqbk - 8994163006601131 - January 20, 2021, 2:24 pm
2021Influencer146 - 8994163006197139 - January 20, 2021, 2:24 pm
2021Influencer141 - 8994163006600134 - January 20, 2021, 2:24 pm
txn_1IBYntJm8ehcCWGIFnwhs6yl - 8994163006353139 - January 20, 2021, 2:24 pm
2021Influencer136 - 8994163006352132 - January 20, 2021, 2:24 pm
txn_1IBWKRJm8ehcCWGIjgsts84V - 8994163006199133 - January 20, 2021, 2:24 pm
txn_1IBlEDJm8ehcCWGIJiM9TZHI - 8994163006193131 - January 20, 2021, 2:24 pm
2021Influencer140 - 8994163006511133 - January 20, 2021, 2:24 pm
2021Influencer135 - 8994163006510136 - January 20, 2021, 2:24 pm
txn_1IBZ7tJm8ehcCWGI5cvDkG9N - 8994163006345134 - January 20, 2021, 2:24 pm
txn_1IBWoCJm8ehcCWGI2s0F4mOE - 8994163006192134 - January 20, 2021, 2:24 pm
2021Influencer145 - 8994163006344137 - January 20, 2021, 2:24 pm
2021Influencer134 - 8994163006337139 - January 20, 2021, 2:24 pm
2021Influencer139 - 8994163006178138 - January 20, 2021, 2:24 pm
txn_1IBXCXJm8ehcCWGI5Fa8B9PY - 8994163006500137 - January 20, 2021, 2:24 pm
txn_1IBlg1Jm8ehcCWGIO14n9jPV - 8994163006179135 - January 20, 2021, 2:24 pm
txn_1IBirYJm8ehcCWGIKN4JkRkj - 8994163006338136 - January 20, 2021, 2:24 pm
2021Influencer144 - 8994163006499134 - January 20, 2021, 2:24 pm
txn_1IBSooJm8ehcCWGIGcODG21f - 8994163007893139 - January 20, 2021, 2:24 pm
