txn_3JPtXDJm8ehcCWGI18eZYLel - 8994163102116287 - August 19, 2021, 5:15 pm
txn_3JPmzVJm8ehcCWGI1gA8ntYa - 8994163101574286 - August 19, 2021, 5:15 pm
txn_3JPpirJm8ehcCWGI1KKyWEbz - 8994163101572282 - August 19, 2021, 5:15 pm
txn_3JPr72Jm8ehcCWGI1jX02zxp - 8994163101981282 - August 19, 2021, 5:15 pm
txn_3JPx04Jm8ehcCWGI1vH6rO7k - 8994163101571285 - August 19, 2021, 5:15 pm
txn_3JPfa9Jm8ehcCWGI0S11e6sP - 8994163101980285 - August 19, 2021, 5:15 pm
txn_3JPuKAJm8ehcCWGI0VraHGyO - 8994163101570288 - August 19, 2021, 5:15 pm
txn_3JPpUjJm8ehcCWGI0LLhVCzC - 8994163102115280 - August 19, 2021, 5:15 pm
txn_3JPqwsJm8ehcCWGI1kVVUQR4 - 8994163102114283 - August 19, 2021, 5:15 pm
txn_3JPwG5Jm8ehcCWGI1xiusvS9 - 8994163101977285 - August 19, 2021, 5:15 pm
txn_3JPtQ1Jm8ehcCWGI0PNgLy1E - 8994163101978282 - August 19, 2021, 5:15 pm
txn_3JPfM8Jm8ehcCWGI1x0U6peh - 8994163101976288 - August 19, 2021, 5:15 pm
txn_3JPuJ0Jm8ehcCWGI0PNxeuqf - 8994163101973287 - August 19, 2021, 5:15 pm
txn_3JPontJm8ehcCWGI0Ktnovmf - 8994163101569282 - August 19, 2021, 5:15 pm
txn_3JPqv7Jm8ehcCWGI1nh3dQ8Z - 8994163101974284 - August 19, 2021, 5:15 pm
txn_3JPsmVJm8ehcCWGI0w1F7az1 - 8994163102113286 - August 19, 2021, 5:15 pm
txn_3JPvrMJm8ehcCWGI0FIEQo1u - 8994163101568285 - August 19, 2021, 5:15 pm
txn_3JPfGWJm8ehcCWGI08QpePvT - 8994163101972280 - August 19, 2021, 5:15 pm
txn_3JPqnUJm8ehcCWGI1Wzq5gKM - 8994163101969280 - August 19, 2021, 5:15 pm
txn_3JPoilJm8ehcCWGI1RBTHtR3 - 8994163101567288 - August 19, 2021, 5:15 pm
txn_3JPtkRJm8ehcCWGI0xxNbjhH - 8994163102112289 - August 19, 2021, 5:15 pm
txn_3JPeGKJm8ehcCWGI0UNQ53Zf - 8994163101968283 - August 19, 2021, 5:15 pm
txn_3JPsc2Jm8ehcCWGI1NiHKCLb - 8994163101970286 - August 19, 2021, 5:15 pm
txn_3JPvIDJm8ehcCWGI149RxFCf - 8994163102111282 - August 19, 2021, 5:15 pm
txn_3JPqHUJm8ehcCWGI1MKKvI4N - 8994163101989288 - August 19, 2021, 5:15 pm
txn_3JPxsWJm8ehcCWGI0yFXk3dK - 8994163101585282 - August 19, 2021, 5:15 pm
txn_3JPsIrJm8ehcCWGI1KI6g0vH - 8994163101991281 - August 19, 2021, 5:15 pm
txn_3JPxdOJm8ehcCWGI0E0xaq4q - 8994163101988281 - August 19, 2021, 5:15 pm
txn_3JPzAAJm8ehcCWGI0UnURRUX - 8994163102121281 - August 19, 2021, 5:15 pm
txn_3JPtXDJm8ehcCWGI18eZYLel - 8994163102116287 - August 19, 2021, 5:15 pm
txn_3JPmzVJm8ehcCWGI1gA8ntYa - 8994163101574286 - August 19, 2021, 5:15 pm
txn_3JPpirJm8ehcCWGI1KKyWEbz - 8994163101572282 - August 19, 2021, 5:15 pm
txn_3JPr72Jm8ehcCWGI1jX02zxp - 8994163101981282 - August 19, 2021, 5:15 pm
txn_3JPx04Jm8ehcCWGI1vH6rO7k - 8994163101571285 - August 19, 2021, 5:15 pm
txn_3JPfa9Jm8ehcCWGI0S11e6sP - 8994163101980285 - August 19, 2021, 5:15 pm
txn_3JPuKAJm8ehcCWGI0VraHGyO - 8994163101570288 - August 19, 2021, 5:15 pm
txn_3JPpUjJm8ehcCWGI0LLhVCzC - 8994163102115280 - August 19, 2021, 5:15 pm
txn_3JPqwsJm8ehcCWGI1kVVUQR4 - 8994163102114283 - August 19, 2021, 5:15 pm
txn_3JPwG5Jm8ehcCWGI1xiusvS9 - 8994163101977285 - August 19, 2021, 5:15 pm
txn_3JPtQ1Jm8ehcCWGI0PNgLy1E - 8994163101978282 - August 19, 2021, 5:15 pm
txn_3JPfM8Jm8ehcCWGI1x0U6peh - 8994163101976288 - August 19, 2021, 5:15 pm
txn_3JPuJ0Jm8ehcCWGI0PNxeuqf - 8994163101973287 - August 19, 2021, 5:15 pm
txn_3JPontJm8ehcCWGI0Ktnovmf - 8994163101569282 - August 19, 2021, 5:15 pm
txn_3JPqv7Jm8ehcCWGI1nh3dQ8Z - 8994163101974284 - August 19, 2021, 5:15 pm
txn_3JPsmVJm8ehcCWGI0w1F7az1 - 8994163102113286 - August 19, 2021, 5:15 pm
txn_3JPvrMJm8ehcCWGI0FIEQo1u - 8994163101568285 - August 19, 2021, 5:15 pm
txn_3JPfGWJm8ehcCWGI08QpePvT - 8994163101972280 - August 19, 2021, 5:15 pm
txn_3JPqnUJm8ehcCWGI1Wzq5gKM - 8994163101969280 - August 19, 2021, 5:15 pm
txn_3JPoilJm8ehcCWGI1RBTHtR3 - 8994163101567288 - August 19, 2021, 5:15 pm
txn_3JPtkRJm8ehcCWGI0xxNbjhH - 8994163102112289 - August 19, 2021, 5:15 pm
txn_3JPeGKJm8ehcCWGI0UNQ53Zf - 8994163101968283 - August 19, 2021, 5:15 pm
txn_3JPsc2Jm8ehcCWGI1NiHKCLb - 8994163101970286 - August 19, 2021, 5:15 pm
txn_3JPvIDJm8ehcCWGI149RxFCf - 8994163102111282 - August 19, 2021, 5:15 pm
txn_3JPqHUJm8ehcCWGI1MKKvI4N - 8994163101989288 - August 19, 2021, 5:15 pm
txn_3JPxsWJm8ehcCWGI0yFXk3dK - 8994163101585282 - August 19, 2021, 5:15 pm
txn_3JPsIrJm8ehcCWGI1KI6g0vH - 8994163101991281 - August 19, 2021, 5:15 pm
txn_3JPxdOJm8ehcCWGI0E0xaq4q - 8994163101988281 - August 19, 2021, 5:15 pm
txn_3JPzAAJm8ehcCWGI0UnURRUX - 8994163102121281 - August 19, 2021, 5:15 pm
txn_3JPtaJJm8ehcCWGI1rfDwea7 -  - August 19, 2021, 5:15 pm
txn_3JPy6vJm8ehcCWGI0jJVn1PH - 8994163101593287 - August 19, 2021, 5:15 pm
txn_3JPy5OJm8ehcCWGI0Y1SG8f4 - 8994163101591283 - August 19, 2021, 5:15 pm
txn_3JPvCcJm8ehcCWGI0XX7eFYi - 8994163101995289 - August 19, 2021, 5:15 pm
txn_3JPuo0Jm8ehcCWGI0sGwWDFh -  - August 19, 2021, 5:15 pm
txn_3JPyQaJm8ehcCWGI0nsnIBzk -  - August 19, 2021, 5:15 pm
txn_3JPtXDJm8ehcCWGI18eZYLel - 8994163102116287 - August 19, 2021, 5:15 pm
txn_3JPmzVJm8ehcCWGI1gA8ntYa - 8994163101574286 - August 19, 2021, 5:15 pm
txn_3JPpirJm8ehcCWGI1KKyWEbz - 8994163101572282 - August 19, 2021, 5:15 pm
txn_3JPr72Jm8ehcCWGI1jX02zxp - 8994163101981282 - August 19, 2021, 5:15 pm
txn_3JPx04Jm8ehcCWGI1vH6rO7k - 8994163101571285 - August 19, 2021, 5:15 pm
txn_3JPfa9Jm8ehcCWGI0S11e6sP - 8994163101980285 - August 19, 2021, 5:15 pm
txn_3JPuKAJm8ehcCWGI0VraHGyO - 8994163101570288 - August 19, 2021, 5:15 pm
txn_3JPpUjJm8ehcCWGI0LLhVCzC - 8994163102115280 - August 19, 2021, 5:15 pm
txn_3JPqwsJm8ehcCWGI1kVVUQR4 - 8994163102114283 - August 19, 2021, 5:15 pm
txn_3JPwG5Jm8ehcCWGI1xiusvS9 - 8994163101977285 - August 19, 2021, 5:15 pm
txn_3JPtQ1Jm8ehcCWGI0PNgLy1E - 8994163101978282 - August 19, 2021, 5:15 pm
txn_3JPfM8Jm8ehcCWGI1x0U6peh - 8994163101976288 - August 19, 2021, 5:15 pm
txn_3JPuJ0Jm8ehcCWGI0PNxeuqf - 8994163101973287 - August 19, 2021, 5:15 pm
txn_3JPontJm8ehcCWGI0Ktnovmf - 8994163101569282 - August 19, 2021, 5:15 pm
txn_3JPqv7Jm8ehcCWGI1nh3dQ8Z - 8994163101974284 - August 19, 2021, 5:15 pm
txn_3JPsmVJm8ehcCWGI0w1F7az1 - 8994163102113286 - August 19, 2021, 5:15 pm
txn_3JPvrMJm8ehcCWGI0FIEQo1u - 8994163101568285 - August 19, 2021, 5:15 pm
txn_3JPfGWJm8ehcCWGI08QpePvT - 8994163101972280 - August 19, 2021, 5:15 pm
txn_3JPqnUJm8ehcCWGI1Wzq5gKM - 8994163101969280 - August 19, 2021, 5:15 pm
txn_3JPoilJm8ehcCWGI1RBTHtR3 - 8994163101567288 - August 19, 2021, 5:15 pm
txn_3JPtkRJm8ehcCWGI0xxNbjhH - 8994163102112289 - August 19, 2021, 5:15 pm
txn_3JPeGKJm8ehcCWGI0UNQ53Zf - 8994163101968283 - August 19, 2021, 5:15 pm
txn_3JPsc2Jm8ehcCWGI1NiHKCLb - 8994163101970286 - August 19, 2021, 5:15 pm
txn_3JPvIDJm8ehcCWGI149RxFCf - 8994163102111282 - August 19, 2021, 5:15 pm
txn_3JPqHUJm8ehcCWGI1MKKvI4N - 8994163101989288 - August 19, 2021, 5:15 pm
txn_3JPxsWJm8ehcCWGI0yFXk3dK - 8994163101585282 - August 19, 2021, 5:15 pm
txn_3JPsIrJm8ehcCWGI1KI6g0vH - 8994163101991281 - August 19, 2021, 5:15 pm
txn_3JPxdOJm8ehcCWGI0E0xaq4q - 8994163101988281 - August 19, 2021, 5:15 pm
txn_3JPzAAJm8ehcCWGI0UnURRUX - 8994163102121281 - August 19, 2021, 5:15 pm
txn_3JPy6vJm8ehcCWGI0jJVn1PH - 8994163101593287 - August 19, 2021, 5:15 pm
txn_3JPy5OJm8ehcCWGI0Y1SG8f4 - 8994163101591283 - August 19, 2021, 5:15 pm
txn_3JPvCcJm8ehcCWGI0XX7eFYi - 8994163101995289 - August 19, 2021, 5:15 pm
txn_3JPtaJJm8ehcCWGI1rfDwea7 - 8994163102007288 - August 19, 2021, 5:15 pm
txn_3JPyQaJm8ehcCWGI0nsnIBzk - 8994163102212286 - August 19, 2021, 5:15 pm
txn_3JPuo0Jm8ehcCWGI0sGwWDFh - 8994163102127283 - August 19, 2021, 5:15 pm
txn_3JPtXDJm8ehcCWGI18eZYLel - 8994163102116287 - August 19, 2021, 5:15 pm
txn_3JPmzVJm8ehcCWGI1gA8ntYa - 8994163101574286 - August 19, 2021, 5:15 pm
txn_3JPpirJm8ehcCWGI1KKyWEbz - 8994163101572282 - August 19, 2021, 5:15 pm
txn_3JPr72Jm8ehcCWGI1jX02zxp - 8994163101981282 - August 19, 2021, 5:15 pm
txn_3JPx04Jm8ehcCWGI1vH6rO7k - 8994163101571285 - August 19, 2021, 5:15 pm
txn_3JPfa9Jm8ehcCWGI0S11e6sP - 8994163101980285 - August 19, 2021, 5:15 pm
txn_3JPuKAJm8ehcCWGI0VraHGyO - 8994163101570288 - August 19, 2021, 5:15 pm
txn_3JPpUjJm8ehcCWGI0LLhVCzC - 8994163102115280 - August 19, 2021, 5:15 pm
txn_3JPqwsJm8ehcCWGI1kVVUQR4 - 8994163102114283 - August 19, 2021, 5:15 pm
txn_3JPwG5Jm8ehcCWGI1xiusvS9 - 8994163101977285 - August 19, 2021, 5:15 pm
txn_3JPtQ1Jm8ehcCWGI0PNgLy1E - 8994163101978282 - August 19, 2021, 5:15 pm
txn_3JPfM8Jm8ehcCWGI1x0U6peh - 8994163101976288 - August 19, 2021, 5:15 pm
txn_3JPuJ0Jm8ehcCWGI0PNxeuqf - 8994163101973287 - August 19, 2021, 5:15 pm
txn_3JPontJm8ehcCWGI0Ktnovmf - 8994163101569282 - August 19, 2021, 5:15 pm
txn_3JPqv7Jm8ehcCWGI1nh3dQ8Z - 8994163101974284 - August 19, 2021, 5:15 pm
txn_3JPsmVJm8ehcCWGI0w1F7az1 - 8994163102113286 - August 19, 2021, 5:15 pm
txn_3JPvrMJm8ehcCWGI0FIEQo1u - 8994163101568285 - August 19, 2021, 5:15 pm
txn_3JPfGWJm8ehcCWGI08QpePvT - 8994163101972280 - August 19, 2021, 5:15 pm
txn_3JPqnUJm8ehcCWGI1Wzq5gKM - 8994163101969280 - August 19, 2021, 5:15 pm
txn_3JPoilJm8ehcCWGI1RBTHtR3 - 8994163101567288 - August 19, 2021, 5:15 pm
txn_3JPtkRJm8ehcCWGI0xxNbjhH - 8994163102112289 - August 19, 2021, 5:15 pm
txn_3JPeGKJm8ehcCWGI0UNQ53Zf - 8994163101968283 - August 19, 2021, 5:15 pm
txn_3JPsc2Jm8ehcCWGI1NiHKCLb - 8994163101970286 - August 19, 2021, 5:15 pm
txn_3JPvIDJm8ehcCWGI149RxFCf - 8994163102111282 - August 19, 2021, 5:15 pm
txn_3JPqHUJm8ehcCWGI1MKKvI4N - 8994163101989288 - August 19, 2021, 5:15 pm
txn_3JPxsWJm8ehcCWGI0yFXk3dK - 8994163101585282 - August 19, 2021, 5:15 pm
txn_3JPsIrJm8ehcCWGI1KI6g0vH - 8994163101991281 - August 19, 2021, 5:15 pm
txn_3JPxdOJm8ehcCWGI0E0xaq4q - 8994163101988281 - August 19, 2021, 5:15 pm
txn_3JPzAAJm8ehcCWGI0UnURRUX - 8994163102121281 - August 19, 2021, 5:15 pm
txn_3JPy6vJm8ehcCWGI0jJVn1PH - 8994163101593287 - August 19, 2021, 5:15 pm
txn_3JPy5OJm8ehcCWGI0Y1SG8f4 - 8994163101591283 - August 19, 2021, 5:15 pm
txn_3JPvCcJm8ehcCWGI0XX7eFYi - 8994163101995289 - August 19, 2021, 5:15 pm
txn_3JPtaJJm8ehcCWGI1rfDwea7 - 8994163102007288 - August 19, 2021, 5:15 pm
txn_3JPyQaJm8ehcCWGI0nsnIBzk - 8994163102212286 - August 19, 2021, 5:15 pm
txn_3JPuo0Jm8ehcCWGI0sGwWDFh - 8994163102127283 - August 19, 2021, 5:15 pm
