2021Influencer728 - 8994163365556264 - July 6, 2021, 4:26 pm
txn_3JA0STJm8ehcCWGI0miJqHUK - 8994163365553263 - July 6, 2021, 4:26 pm
txn_1J9r7AJm8ehcCWGIyhntWswY - 8994163365944269 - July 6, 2021, 4:26 pm
txn_1J9voRJm8ehcCWGIz90OmcDO - 8994163366044265 - July 6, 2021, 4:26 pm
txn_1J9uB4Jm8ehcCWGIOrWYnRyD - 8994163366043268 - July 6, 2021, 4:26 pm
txn_1J9wwRJm8ehcCWGIm04kpVcR - 8994163365551269 - July 6, 2021, 4:26 pm
txn_1J9yJNJm8ehcCWGI62L98nyI - 8994163366042261 - July 6, 2021, 4:26 pm
txn_1J41n6Jm8ehcCWGI1ARMTpjb_X - 8994163365550262 - July 6, 2021, 4:26 pm
txn_1J9viSJm8ehcCWGICU438Z3b - 8994163366040267 - July 6, 2021, 4:26 pm
txn_1J9no5Jm8ehcCWGIB4BjVhmR - 8994163365549266 - July 6, 2021, 4:26 pm
txn_1J9wREJm8ehcCWGIb0QHY6a4 - 8994163365942265 - July 6, 2021, 4:26 pm
txn_1J9u9tJm8ehcCWGIUo8VuRK5 - 8994163365548269 - July 6, 2021, 4:26 pm
txn_1J9udzJm8ehcCWGIJ4oho8QQ - 8994163365941268 - July 6, 2021, 4:26 pm
txn_1J9yAwJm8ehcCWGIl0lOAFam - 8994163365547262 - July 6, 2021, 4:26 pm
txn_1J9gJeJm8ehcCWGIg9EsnJeV - 8994163366028265 - July 6, 2021, 4:26 pm
BP416050721011605 - 8994163365546265 - July 6, 2021, 4:26 pm
txn_1J9vtcJm8ehcCWGIm5W0A2nz - 8994163365545268 - July 6, 2021, 4:26 pm
txn_1J9spvJm8ehcCWGIwFJ9oCYZ - 8994163366029262 - July 6, 2021, 4:26 pm
txn_1J9uD2Jm8ehcCWGIwMKoGeoA - 8994163365940261 - July 6, 2021, 4:26 pm
txn_1J9x7pJm8ehcCWGIwcw62uBK - 8994163366030268 - July 6, 2021, 4:26 pm
2021Influencer728 - 8994163365556264 - July 6, 2021, 4:26 pm
txn_3JA0STJm8ehcCWGI0miJqHUK - 8994163365553263 - July 6, 2021, 4:26 pm
txn_1J9r7AJm8ehcCWGIyhntWswY - 8994163365944269 - July 6, 2021, 4:26 pm
txn_1J9voRJm8ehcCWGIz90OmcDO - 8994163366044265 - July 6, 2021, 4:26 pm
txn_1J9uB4Jm8ehcCWGIOrWYnRyD - 8994163366043268 - July 6, 2021, 4:26 pm
txn_1J9wwRJm8ehcCWGIm04kpVcR - 8994163365551269 - July 6, 2021, 4:26 pm
txn_1J9yJNJm8ehcCWGI62L98nyI - 8994163366042261 - July 6, 2021, 4:26 pm
txn_1J41n6Jm8ehcCWGI1ARMTpjb_X - 8994163365550262 - July 6, 2021, 4:26 pm
txn_1J9viSJm8ehcCWGICU438Z3b - 8994163366040267 - July 6, 2021, 4:26 pm
txn_1J9no5Jm8ehcCWGIB4BjVhmR - 8994163365549266 - July 6, 2021, 4:26 pm
txn_1J9wREJm8ehcCWGIb0QHY6a4 - 8994163365942265 - July 6, 2021, 4:26 pm
txn_1J9u9tJm8ehcCWGIUo8VuRK5 - 8994163365548269 - July 6, 2021, 4:26 pm
txn_1J9udzJm8ehcCWGIJ4oho8QQ - 8994163365941268 - July 6, 2021, 4:26 pm
txn_1J9yAwJm8ehcCWGIl0lOAFam - 8994163365547262 - July 6, 2021, 4:26 pm
txn_1J9gJeJm8ehcCWGIg9EsnJeV - 8994163366028265 - July 6, 2021, 4:26 pm
BP416050721011605 - 8994163365546265 - July 6, 2021, 4:26 pm
txn_1J9vtcJm8ehcCWGIm5W0A2nz - 8994163365545268 - July 6, 2021, 4:26 pm
txn_1J9spvJm8ehcCWGIwFJ9oCYZ - 8994163366029262 - July 6, 2021, 4:26 pm
txn_1J9uD2Jm8ehcCWGIwMKoGeoA - 8994163365940261 - July 6, 2021, 4:26 pm
txn_1J9x7pJm8ehcCWGIwcw62uBK - 8994163366030268 - July 6, 2021, 4:26 pm
2021Influencer728 - 8994163365556264 - July 6, 2021, 4:26 pm
txn_3JA0STJm8ehcCWGI0miJqHUK - 8994163365553263 - July 6, 2021, 4:26 pm
txn_1J9r7AJm8ehcCWGIyhntWswY - 8994163365944269 - July 6, 2021, 4:26 pm
txn_1J9voRJm8ehcCWGIz90OmcDO - 8994163366044265 - July 6, 2021, 4:26 pm
txn_1J9uB4Jm8ehcCWGIOrWYnRyD - 8994163366043268 - July 6, 2021, 4:26 pm
txn_1J9wwRJm8ehcCWGIm04kpVcR - 8994163365551269 - July 6, 2021, 4:26 pm
txn_1J9yJNJm8ehcCWGI62L98nyI - 8994163366042261 - July 6, 2021, 4:26 pm
txn_1J41n6Jm8ehcCWGI1ARMTpjb_X - 8994163365550262 - July 6, 2021, 4:26 pm
txn_1J9viSJm8ehcCWGICU438Z3b - 8994163366040267 - July 6, 2021, 4:26 pm
txn_1J9no5Jm8ehcCWGIB4BjVhmR - 8994163365549266 - July 6, 2021, 4:26 pm
txn_1J9wREJm8ehcCWGIb0QHY6a4 - 8994163365942265 - July 6, 2021, 4:26 pm
txn_1J9u9tJm8ehcCWGIUo8VuRK5 - 8994163365548269 - July 6, 2021, 4:26 pm
txn_1J9udzJm8ehcCWGIJ4oho8QQ - 8994163365941268 - July 6, 2021, 4:26 pm
txn_1J9yAwJm8ehcCWGIl0lOAFam - 8994163365547262 - July 6, 2021, 4:26 pm
txn_1J9gJeJm8ehcCWGIg9EsnJeV - 8994163366028265 - July 6, 2021, 4:26 pm
BP416050721011605 - 8994163365546265 - July 6, 2021, 4:26 pm
txn_1J9vtcJm8ehcCWGIm5W0A2nz - 8994163365545268 - July 6, 2021, 4:26 pm
txn_1J9spvJm8ehcCWGIwFJ9oCYZ - 8994163366029262 - July 6, 2021, 4:26 pm
txn_1J9uD2Jm8ehcCWGIwMKoGeoA - 8994163365940261 - July 6, 2021, 4:26 pm
txn_1J9x7pJm8ehcCWGIwcw62uBK - 8994163366030268 - July 6, 2021, 4:26 pm
2021Influencer728 - 8994163365556264 - July 6, 2021, 4:26 pm
txn_3JA0STJm8ehcCWGI0miJqHUK - 8994163365553263 - July 6, 2021, 4:26 pm
txn_1J9r7AJm8ehcCWGIyhntWswY - 8994163365944269 - July 6, 2021, 4:26 pm
txn_1J9voRJm8ehcCWGIz90OmcDO - 8994163366044265 - July 6, 2021, 4:26 pm
txn_1J9uB4Jm8ehcCWGIOrWYnRyD - 8994163366043268 - July 6, 2021, 4:26 pm
txn_1J9wwRJm8ehcCWGIm04kpVcR - 8994163365551269 - July 6, 2021, 4:26 pm
txn_1J9yJNJm8ehcCWGI62L98nyI - 8994163366042261 - July 6, 2021, 4:26 pm
txn_1J41n6Jm8ehcCWGI1ARMTpjb_X - 8994163365550262 - July 6, 2021, 4:26 pm
txn_1J9viSJm8ehcCWGICU438Z3b - 8994163366040267 - July 6, 2021, 4:26 pm
txn_1J9no5Jm8ehcCWGIB4BjVhmR - 8994163365549266 - July 6, 2021, 4:26 pm
txn_1J9wREJm8ehcCWGIb0QHY6a4 - 8994163365942265 - July 6, 2021, 4:26 pm
txn_1J9u9tJm8ehcCWGIUo8VuRK5 - 8994163365548269 - July 6, 2021, 4:26 pm
txn_1J9udzJm8ehcCWGIJ4oho8QQ - 8994163365941268 - July 6, 2021, 4:26 pm
txn_1J9yAwJm8ehcCWGIl0lOAFam - 8994163365547262 - July 6, 2021, 4:26 pm
txn_1J9gJeJm8ehcCWGIg9EsnJeV - 8994163366028265 - July 6, 2021, 4:26 pm
BP416050721011605 - 8994163365546265 - July 6, 2021, 4:26 pm
txn_1J9vtcJm8ehcCWGIm5W0A2nz - 8994163365545268 - July 6, 2021, 4:26 pm
txn_1J9spvJm8ehcCWGIwFJ9oCYZ - 8994163366029262 - July 6, 2021, 4:26 pm
txn_1J9uD2Jm8ehcCWGIwMKoGeoA - 8994163365940261 - July 6, 2021, 4:26 pm
txn_1J9x7pJm8ehcCWGIwcw62uBK - 8994163366030268 - July 6, 2021, 4:26 pm
2021Influencer728 - 8994163365556264 - July 6, 2021, 4:26 pm
txn_3JA0STJm8ehcCWGI0miJqHUK - 8994163365553263 - July 6, 2021, 4:26 pm
txn_1J9r7AJm8ehcCWGIyhntWswY - 8994163365944269 - July 6, 2021, 4:26 pm
txn_1J9voRJm8ehcCWGIz90OmcDO - 8994163366044265 - July 6, 2021, 4:26 pm
txn_1J9uB4Jm8ehcCWGIOrWYnRyD - 8994163366043268 - July 6, 2021, 4:26 pm
txn_1J9wwRJm8ehcCWGIm04kpVcR - 8994163365551269 - July 6, 2021, 4:26 pm
txn_1J9yJNJm8ehcCWGI62L98nyI - 8994163366042261 - July 6, 2021, 4:26 pm
txn_1J41n6Jm8ehcCWGI1ARMTpjb_X - 8994163365550262 - July 6, 2021, 4:26 pm
txn_1J9viSJm8ehcCWGICU438Z3b - 8994163366040267 - July 6, 2021, 4:26 pm
txn_1J9no5Jm8ehcCWGIB4BjVhmR - 8994163365549266 - July 6, 2021, 4:26 pm
txn_1J9wREJm8ehcCWGIb0QHY6a4 - 8994163365942265 - July 6, 2021, 4:26 pm
txn_1J9u9tJm8ehcCWGIUo8VuRK5 - 8994163365548269 - July 6, 2021, 4:26 pm
txn_1J9udzJm8ehcCWGIJ4oho8QQ - 8994163365941268 - July 6, 2021, 4:26 pm
txn_1J9yAwJm8ehcCWGIl0lOAFam - 8994163365547262 - July 6, 2021, 4:26 pm
txn_1J9gJeJm8ehcCWGIg9EsnJeV - 8994163366028265 - July 6, 2021, 4:26 pm
BP416050721011605 - 8994163365546265 - July 6, 2021, 4:26 pm
txn_1J9vtcJm8ehcCWGIm5W0A2nz - 8994163365545268 - July 6, 2021, 4:26 pm
txn_1J9spvJm8ehcCWGIwFJ9oCYZ - 8994163366029262 - July 6, 2021, 4:26 pm
txn_1J9uD2Jm8ehcCWGIwMKoGeoA - 8994163365940261 - July 6, 2021, 4:26 pm
txn_1J9x7pJm8ehcCWGIwcw62uBK - 8994163366030268 - July 6, 2021, 4:26 pm
txn_1JA25xJm8ehcCWGIB2XYdH2l -  - July 6, 2021, 4:26 pm
2021Influencer728 - 8994163365556264 - July 6, 2021, 4:26 pm
txn_3JA0STJm8ehcCWGI0miJqHUK - 8994163365553263 - July 6, 2021, 4:26 pm
txn_1J9r7AJm8ehcCWGIyhntWswY - 8994163365944269 - July 6, 2021, 4:26 pm
txn_1J9voRJm8ehcCWGIz90OmcDO - 8994163366044265 - July 6, 2021, 4:26 pm
txn_1J9uB4Jm8ehcCWGIOrWYnRyD - 8994163366043268 - July 6, 2021, 4:26 pm
txn_1J9wwRJm8ehcCWGIm04kpVcR - 8994163365551269 - July 6, 2021, 4:26 pm
txn_1J9yJNJm8ehcCWGI62L98nyI - 8994163366042261 - July 6, 2021, 4:26 pm
txn_1J41n6Jm8ehcCWGI1ARMTpjb_X - 8994163365550262 - July 6, 2021, 4:26 pm
txn_1J9viSJm8ehcCWGICU438Z3b - 8994163366040267 - July 6, 2021, 4:26 pm
txn_1J9no5Jm8ehcCWGIB4BjVhmR - 8994163365549266 - July 6, 2021, 4:26 pm
txn_1J9wREJm8ehcCWGIb0QHY6a4 - 8994163365942265 - July 6, 2021, 4:26 pm
txn_1J9u9tJm8ehcCWGIUo8VuRK5 - 8994163365548269 - July 6, 2021, 4:26 pm
txn_1J9udzJm8ehcCWGIJ4oho8QQ - 8994163365941268 - July 6, 2021, 4:26 pm
txn_1J9yAwJm8ehcCWGIl0lOAFam - 8994163365547262 - July 6, 2021, 4:26 pm
txn_1J9gJeJm8ehcCWGIg9EsnJeV - 8994163366028265 - July 6, 2021, 4:26 pm
BP416050721011605 - 8994163365546265 - July 6, 2021, 4:26 pm
txn_1J9vtcJm8ehcCWGIm5W0A2nz - 8994163365545268 - July 6, 2021, 4:26 pm
txn_1J9spvJm8ehcCWGIwFJ9oCYZ - 8994163366029262 - July 6, 2021, 4:26 pm
txn_1J9uD2Jm8ehcCWGIwMKoGeoA - 8994163365940261 - July 6, 2021, 4:26 pm
txn_1J9x7pJm8ehcCWGIwcw62uBK - 8994163366030268 - July 6, 2021, 4:26 pm
txn_1JA25xJm8ehcCWGIB2XYdH2l -  - July 6, 2021, 4:26 pm
2021Influencer728 - 8994163365556264 - July 6, 2021, 4:26 pm
txn_3JA0STJm8ehcCWGI0miJqHUK - 8994163365553263 - July 6, 2021, 4:26 pm
txn_1J9r7AJm8ehcCWGIyhntWswY - 8994163365944269 - July 6, 2021, 4:26 pm
txn_1J9voRJm8ehcCWGIz90OmcDO - 8994163366044265 - July 6, 2021, 4:26 pm
txn_1J9uB4Jm8ehcCWGIOrWYnRyD - 8994163366043268 - July 6, 2021, 4:26 pm
txn_1J9wwRJm8ehcCWGIm04kpVcR - 8994163365551269 - July 6, 2021, 4:26 pm
txn_1J9yJNJm8ehcCWGI62L98nyI - 8994163366042261 - July 6, 2021, 4:26 pm
txn_1J41n6Jm8ehcCWGI1ARMTpjb_X - 8994163365550262 - July 6, 2021, 4:26 pm
txn_1J9viSJm8ehcCWGICU438Z3b - 8994163366040267 - July 6, 2021, 4:26 pm
txn_1J9no5Jm8ehcCWGIB4BjVhmR - 8994163365549266 - July 6, 2021, 4:26 pm
txn_1J9wREJm8ehcCWGIb0QHY6a4 - 8994163365942265 - July 6, 2021, 4:26 pm
txn_1J9u9tJm8ehcCWGIUo8VuRK5 - 8994163365548269 - July 6, 2021, 4:26 pm
txn_1J9udzJm8ehcCWGIJ4oho8QQ - 8994163365941268 - July 6, 2021, 4:26 pm
txn_1J9yAwJm8ehcCWGIl0lOAFam - 8994163365547262 - July 6, 2021, 4:26 pm
txn_1J9gJeJm8ehcCWGIg9EsnJeV - 8994163366028265 - July 6, 2021, 4:26 pm
BP416050721011605 - 8994163365546265 - July 6, 2021, 4:26 pm
txn_1J9vtcJm8ehcCWGIm5W0A2nz - 8994163365545268 - July 6, 2021, 4:26 pm
txn_1J9spvJm8ehcCWGIwFJ9oCYZ - 8994163366029262 - July 6, 2021, 4:26 pm
txn_1J9uD2Jm8ehcCWGIwMKoGeoA - 8994163365940261 - July 6, 2021, 4:26 pm
txn_1J9x7pJm8ehcCWGIwcw62uBK - 8994163366030268 - July 6, 2021, 4:26 pm
2021Influencer728 - 8994163365556264 - July 6, 2021, 4:26 pm
txn_3JA0STJm8ehcCWGI0miJqHUK - 8994163365553263 - July 6, 2021, 4:26 pm
txn_1J9r7AJm8ehcCWGIyhntWswY - 8994163365944269 - July 6, 2021, 4:26 pm
txn_1J9voRJm8ehcCWGIz90OmcDO - 8994163366044265 - July 6, 2021, 4:26 pm
txn_1J9uB4Jm8ehcCWGIOrWYnRyD - 8994163366043268 - July 6, 2021, 4:26 pm
txn_1J9wwRJm8ehcCWGIm04kpVcR - 8994163365551269 - July 6, 2021, 4:26 pm
txn_1J9yJNJm8ehcCWGI62L98nyI - 8994163366042261 - July 6, 2021, 4:26 pm
txn_1J41n6Jm8ehcCWGI1ARMTpjb_X - 8994163365550262 - July 6, 2021, 4:26 pm
txn_1J9viSJm8ehcCWGICU438Z3b - 8994163366040267 - July 6, 2021, 4:26 pm
txn_1J9no5Jm8ehcCWGIB4BjVhmR - 8994163365549266 - July 6, 2021, 4:26 pm
txn_1J9wREJm8ehcCWGIb0QHY6a4 - 8994163365942265 - July 6, 2021, 4:26 pm
txn_1J9u9tJm8ehcCWGIUo8VuRK5 - 8994163365548269 - July 6, 2021, 4:26 pm
txn_1J9udzJm8ehcCWGIJ4oho8QQ - 8994163365941268 - July 6, 2021, 4:26 pm
txn_1J9yAwJm8ehcCWGIl0lOAFam - 8994163365547262 - July 6, 2021, 4:26 pm
txn_1J9gJeJm8ehcCWGIg9EsnJeV - 8994163366028265 - July 6, 2021, 4:26 pm
BP416050721011605 - 8994163365546265 - July 6, 2021, 4:26 pm
txn_1J9vtcJm8ehcCWGIm5W0A2nz - 8994163365545268 - July 6, 2021, 4:26 pm
txn_1J9spvJm8ehcCWGIwFJ9oCYZ - 8994163366029262 - July 6, 2021, 4:26 pm
txn_1J9uD2Jm8ehcCWGIwMKoGeoA - 8994163365940261 - July 6, 2021, 4:26 pm
txn_1J9x7pJm8ehcCWGIwcw62uBK - 8994163366030268 - July 6, 2021, 4:26 pm
2021Influencer728 - 8994163365556264 - July 6, 2021, 4:26 pm
txn_3JA0STJm8ehcCWGI0miJqHUK - 8994163365553263 - July 6, 2021, 4:26 pm
txn_1J9r7AJm8ehcCWGIyhntWswY - 8994163365944269 - July 6, 2021, 4:26 pm
txn_1J9voRJm8ehcCWGIz90OmcDO - 8994163366044265 - July 6, 2021, 4:26 pm
txn_1J9uB4Jm8ehcCWGIOrWYnRyD - 8994163366043268 - July 6, 2021, 4:26 pm
txn_1J9wwRJm8ehcCWGIm04kpVcR - 8994163365551269 - July 6, 2021, 4:26 pm
txn_1J9yJNJm8ehcCWGI62L98nyI - 8994163366042261 - July 6, 2021, 4:26 pm
txn_1J41n6Jm8ehcCWGI1ARMTpjb_X - 8994163365550262 - July 6, 2021, 4:26 pm
txn_1J9viSJm8ehcCWGICU438Z3b - 8994163366040267 - July 6, 2021, 4:26 pm
txn_1J9no5Jm8ehcCWGIB4BjVhmR - 8994163365549266 - July 6, 2021, 4:26 pm
txn_1J9wREJm8ehcCWGIb0QHY6a4 - 8994163365942265 - July 6, 2021, 4:26 pm
txn_1J9u9tJm8ehcCWGIUo8VuRK5 - 8994163365548269 - July 6, 2021, 4:26 pm
txn_1J9udzJm8ehcCWGIJ4oho8QQ - 8994163365941268 - July 6, 2021, 4:26 pm
txn_1J9yAwJm8ehcCWGIl0lOAFam - 8994163365547262 - July 6, 2021, 4:26 pm
txn_1J9gJeJm8ehcCWGIg9EsnJeV - 8994163366028265 - July 6, 2021, 4:26 pm
BP416050721011605 - 8994163365546265 - July 6, 2021, 4:26 pm
txn_1J9vtcJm8ehcCWGIm5W0A2nz - 8994163365545268 - July 6, 2021, 4:26 pm
txn_1J9spvJm8ehcCWGIwFJ9oCYZ - 8994163366029262 - July 6, 2021, 4:26 pm
txn_1J9uD2Jm8ehcCWGIwMKoGeoA - 8994163365940261 - July 6, 2021, 4:26 pm
txn_1J9x7pJm8ehcCWGIwcw62uBK - 8994163366030268 - July 6, 2021, 4:26 pm
txn_1JA25xJm8ehcCWGIB2XYdH2l - 8994163366070264 - July 6, 2021, 4:26 pm
2021Influencer728 - 8994163365556264 - July 6, 2021, 4:26 pm
txn_3JA0STJm8ehcCWGI0miJqHUK - 8994163365553263 - July 6, 2021, 4:26 pm
txn_1J9r7AJm8ehcCWGIyhntWswY - 8994163365944269 - July 6, 2021, 4:26 pm
txn_1J9voRJm8ehcCWGIz90OmcDO - 8994163366044265 - July 6, 2021, 4:26 pm
txn_1J9uB4Jm8ehcCWGIOrWYnRyD - 8994163366043268 - July 6, 2021, 4:26 pm
txn_1J9wwRJm8ehcCWGIm04kpVcR - 8994163365551269 - July 6, 2021, 4:26 pm
txn_1J9yJNJm8ehcCWGI62L98nyI - 8994163366042261 - July 6, 2021, 4:26 pm
txn_1J41n6Jm8ehcCWGI1ARMTpjb_X - 8994163365550262 - July 6, 2021, 4:26 pm
txn_1J9viSJm8ehcCWGICU438Z3b - 8994163366040267 - July 6, 2021, 4:26 pm
txn_1J9no5Jm8ehcCWGIB4BjVhmR - 8994163365549266 - July 6, 2021, 4:26 pm
txn_1J9wREJm8ehcCWGIb0QHY6a4 - 8994163365942265 - July 6, 2021, 4:26 pm
txn_1J9u9tJm8ehcCWGIUo8VuRK5 - 8994163365548269 - July 6, 2021, 4:26 pm
txn_1J9udzJm8ehcCWGIJ4oho8QQ - 8994163365941268 - July 6, 2021, 4:26 pm
txn_1J9yAwJm8ehcCWGIl0lOAFam - 8994163365547262 - July 6, 2021, 4:26 pm
txn_1J9gJeJm8ehcCWGIg9EsnJeV - 8994163366028265 - July 6, 2021, 4:26 pm
BP416050721011605 - 8994163365546265 - July 6, 2021, 4:26 pm
txn_1J9vtcJm8ehcCWGIm5W0A2nz - 8994163365545268 - July 6, 2021, 4:26 pm
txn_1J9spvJm8ehcCWGIwFJ9oCYZ - 8994163366029262 - July 6, 2021, 4:26 pm
txn_1J9uD2Jm8ehcCWGIwMKoGeoA - 8994163365940261 - July 6, 2021, 4:26 pm
txn_1J9x7pJm8ehcCWGIwcw62uBK - 8994163366030268 - July 6, 2021, 4:26 pm
txn_1JA25xJm8ehcCWGIB2XYdH2l - 8994163366070264 - July 6, 2021, 4:26 pm
2021Influencer728 - 8994163365556264 - July 6, 2021, 4:26 pm
txn_3JA0STJm8ehcCWGI0miJqHUK - 8994163365553263 - July 6, 2021, 4:26 pm
txn_1J9r7AJm8ehcCWGIyhntWswY - 8994163365944269 - July 6, 2021, 4:26 pm
txn_1J9voRJm8ehcCWGIz90OmcDO - 8994163366044265 - July 6, 2021, 4:26 pm
txn_1J9uB4Jm8ehcCWGIOrWYnRyD - 8994163366043268 - July 6, 2021, 4:26 pm
txn_1J9wwRJm8ehcCWGIm04kpVcR - 8994163365551269 - July 6, 2021, 4:26 pm
txn_1J9yJNJm8ehcCWGI62L98nyI - 8994163366042261 - July 6, 2021, 4:26 pm
txn_1J41n6Jm8ehcCWGI1ARMTpjb_X - 8994163365550262 - July 6, 2021, 4:26 pm
txn_1J9viSJm8ehcCWGICU438Z3b - 8994163366040267 - July 6, 2021, 4:26 pm
txn_1J9no5Jm8ehcCWGIB4BjVhmR - 8994163365549266 - July 6, 2021, 4:26 pm
txn_1J9wREJm8ehcCWGIb0QHY6a4 - 8994163365942265 - July 6, 2021, 4:26 pm
txn_1J9u9tJm8ehcCWGIUo8VuRK5 - 8994163365548269 - July 6, 2021, 4:26 pm
txn_1J9udzJm8ehcCWGIJ4oho8QQ - 8994163365941268 - July 6, 2021, 4:26 pm
txn_1J9yAwJm8ehcCWGIl0lOAFam - 8994163365547262 - July 6, 2021, 4:26 pm
txn_1J9gJeJm8ehcCWGIg9EsnJeV - 8994163366028265 - July 6, 2021, 4:26 pm
BP416050721011605 - 8994163365546265 - July 6, 2021, 4:26 pm
txn_1J9vtcJm8ehcCWGIm5W0A2nz - 8994163365545268 - July 6, 2021, 4:26 pm
txn_1J9spvJm8ehcCWGIwFJ9oCYZ - 8994163366029262 - July 6, 2021, 4:26 pm
txn_1J9uD2Jm8ehcCWGIwMKoGeoA - 8994163365940261 - July 6, 2021, 4:26 pm
txn_1J9x7pJm8ehcCWGIwcw62uBK - 8994163366030268 - July 6, 2021, 4:26 pm
txn_1JA25xJm8ehcCWGIB2XYdH2l - 8994163366070264 - July 6, 2021, 4:26 pm
