2021Influencer115 - 8994163166726125 - January 18, 2021, 1:33 pm
txn_1IAmaJJm8ehcCWGITyPdSJqb - 8994163167069122 - January 18, 2021, 1:33 pm
2021Influencer114 - 8994163166717123 - January 18, 2021, 1:33 pm
2021Influencer105 - 8994163167068125 - January 18, 2021, 1:33 pm
txn_1IAnwnJm8ehcCWGIJYInyavT - 8994163166886126 - January 18, 2021, 1:33 pm
txn_1IAUgFJm8ehcCWGIKWbXSIEX - 8994163167048127 - January 18, 2021, 1:33 pm
2021Influencer112 - 8994163166713125 - January 18, 2021, 1:33 pm
2021Influencer104 - 8994163167050120 - January 18, 2021, 1:33 pm
txn_1IAMnVJm8ehcCWGIbZPihscb - 8994163167035127 - January 18, 2021, 1:33 pm
txn_1IAqO9Jm8ehcCWGIiwMaFzdg - 8994163167028129 - January 18, 2021, 1:33 pm
2021Influencer111 - 8994163167025128 - January 18, 2021, 1:33 pm
2021Influencer103 - 8994163167024121 - January 18, 2021, 1:33 pm
txn_1IAdInJm8ehcCWGInqOuMelL - 8994163167023124 - January 18, 2021, 1:33 pm
txn_1IANpCJm8ehcCWGI6Z34vTnJ - 8994163167004123 - January 18, 2021, 1:33 pm
txn_1IAqk9Jm8ehcCWGIdOkzYOVc - 8994163166694127 - January 18, 2021, 1:33 pm
2021Influencer110 - 8994163167000125 - January 18, 2021, 1:33 pm
2021Influencer102 - 8994163166599125 - January 18, 2021, 1:33 pm
txn_1IAhoWJm8ehcCWGIatnpuOE8 - 8994163166865121 - January 18, 2021, 1:33 pm
txn_1IAP0SJm8ehcCWGIJOs8ecYV - 8994163166567124 - January 18, 2021, 1:33 pm
txn_1IB0QhJm8ehcCWGIvC0okPmF - 8994163166570124 - January 18, 2021, 1:33 pm
2021Influencer109 - 8994163166855122 - January 18, 2021, 1:33 pm
2021Influencer101 - 8994163166684128 - January 18, 2021, 1:33 pm
txn_1IAkCjJm8ehcCWGI5S8jW1Tj - 8994163166683121 - January 18, 2021, 1:33 pm
txn_1IB0UWJm8ehcCWGILp5OQcGy - 8994163166839122 - January 18, 2021, 1:33 pm
txn_1IA6e4Jm8ehcCWGIBfRBxXCg - 8994163166533129 - January 18, 2021, 1:33 pm
txn_1IAPLIJm8ehcCWGIfozAV7R1 - 8994163166837128 - January 18, 2021, 1:33 pm
2021Influencer108 - 8994163166531125 - January 18, 2021, 1:33 pm
txn_1I9geaJm8ehcCWGIZhqW0vLE - 8994163166532122 - January 18, 2021, 1:33 pm
txn_1IAkLWJm8ehcCWGIGRRyR7YM - 8994163166530128 - January 18, 2021, 1:33 pm
txn_1IB1IQJm8ehcCWGI6kvRWDwT - 8994163166505126 - January 18, 2021, 1:33 pm
txn_1I9vFJJm8ehcCWGIGroNFTLe - 8994163166824128 - January 18, 2021, 1:33 pm
txn_1IAHCgJm8ehcCWGI4epjIL5M - 8994163166823121 - January 18, 2021, 1:33 pm
txn_1IARerJm8ehcCWGIywj5NEWG - 8994163166504129 - January 18, 2021, 1:33 pm
2021Influencer107 - 8994163166503122 - January 18, 2021, 1:33 pm
txn_1IAkqmJm8ehcCWGIqzYzEECN - 8994163166655128 - January 18, 2021, 1:33 pm
txn_1IA0KGJm8ehcCWGI3MamhhGT - 8994163167054128 - January 18, 2021, 1:33 pm
txn_1IA1uJJm8ehcCWGIDeqoGUE0 - 8994163167033123 - January 18, 2021, 1:33 pm
txn_1IA3mWJm8ehcCWGI0C6cRx3o - 8994163167006127 - January 18, 2021, 1:33 pm
txn_1IA69oJm8ehcCWGIjxQxY92O - 8994163166685125 - January 18, 2021, 1:33 pm
2021Influencer115 - 8994163166726125 - January 18, 2021, 1:33 pm
txn_1IAmaJJm8ehcCWGITyPdSJqb - 8994163167069122 - January 18, 2021, 1:33 pm
2021Influencer114 - 8994163166717123 - January 18, 2021, 1:33 pm
2021Influencer105 - 8994163167068125 - January 18, 2021, 1:33 pm
txn_1IAnwnJm8ehcCWGIJYInyavT - 8994163166886126 - January 18, 2021, 1:33 pm
txn_1IAUgFJm8ehcCWGIKWbXSIEX - 8994163167048127 - January 18, 2021, 1:33 pm
2021Influencer112 - 8994163166713125 - January 18, 2021, 1:33 pm
2021Influencer104 - 8994163167050120 - January 18, 2021, 1:33 pm
txn_1IAMnVJm8ehcCWGIbZPihscb - 8994163167035127 - January 18, 2021, 1:33 pm
txn_1IAqO9Jm8ehcCWGIiwMaFzdg - 8994163167028129 - January 18, 2021, 1:33 pm
2021Influencer111 - 8994163167025128 - January 18, 2021, 1:33 pm
2021Influencer103 - 8994163167024121 - January 18, 2021, 1:33 pm
txn_1IAdInJm8ehcCWGInqOuMelL - 8994163167023124 - January 18, 2021, 1:33 pm
txn_1IANpCJm8ehcCWGI6Z34vTnJ - 8994163167004123 - January 18, 2021, 1:33 pm
txn_1IAqk9Jm8ehcCWGIdOkzYOVc - 8994163166694127 - January 18, 2021, 1:33 pm
2021Influencer110 - 8994163167000125 - January 18, 2021, 1:33 pm
2021Influencer102 - 8994163166599125 - January 18, 2021, 1:33 pm
txn_1IAhoWJm8ehcCWGIatnpuOE8 - 8994163166865121 - January 18, 2021, 1:33 pm
txn_1IAP0SJm8ehcCWGIJOs8ecYV - 8994163166567124 - January 18, 2021, 1:33 pm
txn_1IB0QhJm8ehcCWGIvC0okPmF - 8994163166570124 - January 18, 2021, 1:33 pm
2021Influencer109 - 8994163166855122 - January 18, 2021, 1:33 pm
2021Influencer101 - 8994163166684128 - January 18, 2021, 1:33 pm
txn_1IAkCjJm8ehcCWGI5S8jW1Tj - 8994163166683121 - January 18, 2021, 1:33 pm
txn_1IB0UWJm8ehcCWGILp5OQcGy - 8994163166839122 - January 18, 2021, 1:33 pm
txn_1IA6e4Jm8ehcCWGIBfRBxXCg - 8994163166533129 - January 18, 2021, 1:33 pm
txn_1IAPLIJm8ehcCWGIfozAV7R1 - 8994163166837128 - January 18, 2021, 1:33 pm
2021Influencer108 - 8994163166531125 - January 18, 2021, 1:33 pm
txn_1I9geaJm8ehcCWGIZhqW0vLE - 8994163166532122 - January 18, 2021, 1:33 pm
txn_1IAkLWJm8ehcCWGIGRRyR7YM - 8994163166530128 - January 18, 2021, 1:33 pm
txn_1IB1IQJm8ehcCWGI6kvRWDwT - 8994163166505126 - January 18, 2021, 1:33 pm
txn_1I9vFJJm8ehcCWGIGroNFTLe - 8994163166824128 - January 18, 2021, 1:33 pm
txn_1IAHCgJm8ehcCWGI4epjIL5M - 8994163166823121 - January 18, 2021, 1:33 pm
txn_1IARerJm8ehcCWGIywj5NEWG - 8994163166504129 - January 18, 2021, 1:33 pm
2021Influencer107 - 8994163166503122 - January 18, 2021, 1:33 pm
txn_1IAkqmJm8ehcCWGIqzYzEECN - 8994163166655128 - January 18, 2021, 1:33 pm
txn_1IA0KGJm8ehcCWGI3MamhhGT - 8994163167054128 - January 18, 2021, 1:33 pm
txn_1IA1uJJm8ehcCWGIDeqoGUE0 - 8994163167033123 - January 18, 2021, 1:33 pm
txn_1IA3mWJm8ehcCWGI0C6cRx3o - 8994163167006127 - January 18, 2021, 1:33 pm
txn_1IA69oJm8ehcCWGIjxQxY92O - 8994163166685125 - January 18, 2021, 1:33 pm
2021Influencer115 - 8994163166726125 - January 18, 2021, 1:33 pm
txn_1IAmaJJm8ehcCWGITyPdSJqb - 8994163167069122 - January 18, 2021, 1:33 pm
2021Influencer114 - 8994163166717123 - January 18, 2021, 1:33 pm
2021Influencer105 - 8994163167068125 - January 18, 2021, 1:33 pm
txn_1IAnwnJm8ehcCWGIJYInyavT - 8994163166886126 - January 18, 2021, 1:33 pm
txn_1IAUgFJm8ehcCWGIKWbXSIEX - 8994163167048127 - January 18, 2021, 1:33 pm
2021Influencer112 - 8994163166713125 - January 18, 2021, 1:33 pm
2021Influencer104 - 8994163167050120 - January 18, 2021, 1:33 pm
txn_1IAMnVJm8ehcCWGIbZPihscb - 8994163167035127 - January 18, 2021, 1:33 pm
txn_1IAqO9Jm8ehcCWGIiwMaFzdg - 8994163167028129 - January 18, 2021, 1:33 pm
2021Influencer111 - 8994163167025128 - January 18, 2021, 1:33 pm
2021Influencer103 - 8994163167024121 - January 18, 2021, 1:33 pm
txn_1IAdInJm8ehcCWGInqOuMelL - 8994163167023124 - January 18, 2021, 1:33 pm
txn_1IANpCJm8ehcCWGI6Z34vTnJ - 8994163167004123 - January 18, 2021, 1:33 pm
txn_1IAqk9Jm8ehcCWGIdOkzYOVc - 8994163166694127 - January 18, 2021, 1:33 pm
2021Influencer110 - 8994163167000125 - January 18, 2021, 1:33 pm
2021Influencer102 - 8994163166599125 - January 18, 2021, 1:33 pm
txn_1IAhoWJm8ehcCWGIatnpuOE8 - 8994163166865121 - January 18, 2021, 1:33 pm
txn_1IAP0SJm8ehcCWGIJOs8ecYV - 8994163166567124 - January 18, 2021, 1:33 pm
txn_1IB0QhJm8ehcCWGIvC0okPmF - 8994163166570124 - January 18, 2021, 1:33 pm
2021Influencer109 - 8994163166855122 - January 18, 2021, 1:33 pm
2021Influencer101 - 8994163166684128 - January 18, 2021, 1:33 pm
txn_1IAkCjJm8ehcCWGI5S8jW1Tj - 8994163166683121 - January 18, 2021, 1:33 pm
txn_1IB0UWJm8ehcCWGILp5OQcGy - 8994163166839122 - January 18, 2021, 1:33 pm
txn_1IA6e4Jm8ehcCWGIBfRBxXCg - 8994163166533129 - January 18, 2021, 1:33 pm
txn_1IAPLIJm8ehcCWGIfozAV7R1 - 8994163166837128 - January 18, 2021, 1:33 pm
2021Influencer108 - 8994163166531125 - January 18, 2021, 1:33 pm
txn_1I9geaJm8ehcCWGIZhqW0vLE - 8994163166532122 - January 18, 2021, 1:33 pm
txn_1IAkLWJm8ehcCWGIGRRyR7YM - 8994163166530128 - January 18, 2021, 1:33 pm
txn_1IB1IQJm8ehcCWGI6kvRWDwT - 8994163166505126 - January 18, 2021, 1:33 pm
txn_1I9vFJJm8ehcCWGIGroNFTLe - 8994163166824128 - January 18, 2021, 1:33 pm
txn_1IAHCgJm8ehcCWGI4epjIL5M - 8994163166823121 - January 18, 2021, 1:33 pm
txn_1IARerJm8ehcCWGIywj5NEWG - 8994163166504129 - January 18, 2021, 1:33 pm
2021Influencer107 - 8994163166503122 - January 18, 2021, 1:33 pm
txn_1IAkqmJm8ehcCWGIqzYzEECN - 8994163166655128 - January 18, 2021, 1:33 pm
txn_1IA0KGJm8ehcCWGI3MamhhGT - 8994163167054128 - January 18, 2021, 1:33 pm
txn_1IA1uJJm8ehcCWGIDeqoGUE0 - 8994163167033123 - January 18, 2021, 1:33 pm
txn_1IA3mWJm8ehcCWGI0C6cRx3o - 8994163167006127 - January 18, 2021, 1:33 pm
txn_1IA69oJm8ehcCWGIjxQxY92O - 8994163166685125 - January 18, 2021, 1:33 pm
2021Influencer115 - 8994163166726125 - January 18, 2021, 1:34 pm
txn_1IAmaJJm8ehcCWGITyPdSJqb - 8994163167069122 - January 18, 2021, 1:34 pm
2021Influencer114 - 8994163166717123 - January 18, 2021, 1:34 pm
2021Influencer105 - 8994163167068125 - January 18, 2021, 1:34 pm
txn_1IAnwnJm8ehcCWGIJYInyavT - 8994163166886126 - January 18, 2021, 1:34 pm
txn_1IAUgFJm8ehcCWGIKWbXSIEX - 8994163167048127 - January 18, 2021, 1:34 pm
2021Influencer112 - 8994163166713125 - January 18, 2021, 1:34 pm
2021Influencer104 - 8994163167050120 - January 18, 2021, 1:34 pm
txn_1IAMnVJm8ehcCWGIbZPihscb - 8994163167035127 - January 18, 2021, 1:34 pm
txn_1IAqO9Jm8ehcCWGIiwMaFzdg - 8994163167028129 - January 18, 2021, 1:34 pm
2021Influencer111 - 8994163167025128 - January 18, 2021, 1:34 pm
2021Influencer103 - 8994163167024121 - January 18, 2021, 1:34 pm
txn_1IAdInJm8ehcCWGInqOuMelL - 8994163167023124 - January 18, 2021, 1:34 pm
txn_1IANpCJm8ehcCWGI6Z34vTnJ - 8994163167004123 - January 18, 2021, 1:34 pm
txn_1IAqk9Jm8ehcCWGIdOkzYOVc - 8994163166694127 - January 18, 2021, 1:34 pm
2021Influencer110 - 8994163167000125 - January 18, 2021, 1:34 pm
2021Influencer102 - 8994163166599125 - January 18, 2021, 1:34 pm
txn_1IAhoWJm8ehcCWGIatnpuOE8 - 8994163166865121 - January 18, 2021, 1:34 pm
txn_1IAP0SJm8ehcCWGIJOs8ecYV - 8994163166567124 - January 18, 2021, 1:34 pm
txn_1IB0QhJm8ehcCWGIvC0okPmF - 8994163166570124 - January 18, 2021, 1:34 pm
2021Influencer109 - 8994163166855122 - January 18, 2021, 1:34 pm
2021Influencer101 - 8994163166684128 - January 18, 2021, 1:34 pm
txn_1IAkCjJm8ehcCWGI5S8jW1Tj - 8994163166683121 - January 18, 2021, 1:34 pm
txn_1IB0UWJm8ehcCWGILp5OQcGy - 8994163166839122 - January 18, 2021, 1:34 pm
txn_1IA6e4Jm8ehcCWGIBfRBxXCg - 8994163166533129 - January 18, 2021, 1:34 pm
txn_1IAPLIJm8ehcCWGIfozAV7R1 - 8994163166837128 - January 18, 2021, 1:34 pm
2021Influencer108 - 8994163166531125 - January 18, 2021, 1:34 pm
txn_1I9geaJm8ehcCWGIZhqW0vLE - 8994163166532122 - January 18, 2021, 1:34 pm
txn_1IAkLWJm8ehcCWGIGRRyR7YM - 8994163166530128 - January 18, 2021, 1:34 pm
txn_1IB1IQJm8ehcCWGI6kvRWDwT - 8994163166505126 - January 18, 2021, 1:34 pm
txn_1I9vFJJm8ehcCWGIGroNFTLe - 8994163166824128 - January 18, 2021, 1:34 pm
txn_1IAHCgJm8ehcCWGI4epjIL5M - 8994163166823121 - January 18, 2021, 1:34 pm
txn_1IARerJm8ehcCWGIywj5NEWG - 8994163166504129 - January 18, 2021, 1:34 pm
2021Influencer107 - 8994163166503122 - January 18, 2021, 1:34 pm
txn_1IAkqmJm8ehcCWGIqzYzEECN - 8994163166655128 - January 18, 2021, 1:34 pm
txn_1IA0KGJm8ehcCWGI3MamhhGT - 8994163167054128 - January 18, 2021, 1:34 pm
txn_1IA1uJJm8ehcCWGIDeqoGUE0 - 8994163167033123 - January 18, 2021, 1:34 pm
txn_1IA3mWJm8ehcCWGI0C6cRx3o - 8994163167006127 - January 18, 2021, 1:34 pm
txn_1IA69oJm8ehcCWGIjxQxY92O - 8994163166685125 - January 18, 2021, 1:34 pm
txn_1I9zj0Jm8ehcCWGIYpxS2kfx - 8994163168038127 - January 18, 2021, 1:34 pm
txn_1IAJGWJm8ehcCWGIoi0Am3rb - 8994163167953124 - January 18, 2021, 1:34 pm
txn_1IALllJm8ehcCWGIn3r8yduz - 8994163167599124 - January 18, 2021, 1:34 pm
txn_1IAMhlJm8ehcCWGIZjVAlse9 - 8994163167896124 - January 18, 2021, 1:34 pm
txn_1IATRBJm8ehcCWGIGzHhVtqM - 8994163167568120 - January 18, 2021, 1:34 pm
txn_1IAUMWJm8ehcCWGIudWkAlRA - 8994163167555120 - January 18, 2021, 1:34 pm
txn_1IAlifJm8ehcCWGIsLoBPjwU - 8994163167539120 - January 18, 2021, 1:34 pm
2021Influencer106 - 8994163167371126 - January 18, 2021, 1:34 pm
3ab702a5-57c5-f567-dd4c-b91728e9684c - 8994163167515124 - January 18, 2021, 1:34 pm
