txn_1IR5AYJm8ehcCWGIIzX5RNAR - 8994163039773218 - March 3, 2021, 9:25 pm
txn_1IR268Jm8ehcCWGI6N907dbu - 8994163039929219 - March 3, 2021, 9:25 pm
txn_1IQbQvJm8ehcCWGIgNFaGz09 - 8994163040020219 - March 3, 2021, 9:25 pm
txn_1IQfhMJm8ehcCWGIUm2WynlR - 8994163039771214 - March 3, 2021, 9:25 pm
txn_1IQuryJm8ehcCWGIyHcAAXRA - 8994163039928212 - March 3, 2021, 9:25 pm
txn_1IQjyNJm8ehcCWGIA7rX2Br6 - 8994163039926218 - March 3, 2021, 9:25 pm
2021Influencer453 - 8994163039927215 - March 3, 2021, 9:25 pm
txn_1IR29dJm8ehcCWGIVVSayEob - 8994163040018216 - March 3, 2021, 9:25 pm
txn_1IQc8DJm8ehcCWGIbozqBgik - 8994163040019213 - March 3, 2021, 9:25 pm
txn_1IQvZMJm8ehcCWGIOjhaESlZ - 8994163039772211 - March 3, 2021, 9:25 pm
2021Influencer450 - 8994163039925211 - March 3, 2021, 9:25 pm
txn_1IQcD5Jm8ehcCWGIRT0xqBar - 8994163039920216 - March 3, 2021, 9:25 pm
txn_1IQvhSJm8ehcCWGI5VjslDBJ - 8994163039924214 - March 3, 2021, 9:25 pm
txn_1IQftJJm8ehcCWGIe8qdwCaL - 8994163039923217 - March 3, 2021, 9:25 pm
txn_1IQkGBJm8ehcCWGIbgyBFoRF - 8994163039922210 - March 3, 2021, 9:25 pm
txn_1IR2C1Jm8ehcCWGIa4cfWiUu - 8994163040017219 - March 3, 2021, 9:25 pm
2021Influencer448 - 8994163039921213 - March 3, 2021, 9:25 pm
txn_1IQwEUJm8ehcCWGIVE4yhiQH - 8994163039770217 - March 3, 2021, 9:25 pm
txn_1IQgG2Jm8ehcCWGIgoQTwuoJ - 8994163039919210 - March 3, 2021, 9:25 pm
txn_1IR2FHJm8ehcCWGIoSdR1H4v - 8994163039917216 - March 3, 2021, 9:25 pm
txn_1IQkGoJm8ehcCWGI1gKndpzL - 8994163039918213 - March 3, 2021, 9:25 pm
2021Influencer447 - 8994163039769211 - March 3, 2021, 9:25 pm
txn_1IQcUcJm8ehcCWGIf787ZJvq - 8994163040016212 - March 3, 2021, 9:25 pm
txn_1IQwPaJm8ehcCWGIEKIpsveI - 8994163039916219 - March 3, 2021, 9:25 pm
txn_1IQgG4Jm8ehcCWGIDMKhhhJB - 8994163039915212 - March 3, 2021, 9:25 pm
txn_1IQkKHJm8ehcCWGI0vdIeazo - 8994163039914215 - March 3, 2021, 9:25 pm
txn_1IR2HDJm8ehcCWGIi54pZNBM - 8994163039913218 - March 3, 2021, 9:25 pm
2021Influencer445 - 8994163040015215 - March 3, 2021, 9:25 pm
txn_1IQwQOJm8ehcCWGI6lCXZAgS - 8994163039768214 - March 3, 2021, 9:25 pm
txn_1IQcUeJm8ehcCWGIkguZVIoH - 8994163039912211 - March 3, 2021, 9:25 pm
txn_1IQh73Jm8ehcCWGIbP0VMw6M - 8994163040014218 - March 3, 2021, 9:25 pm
txn_1IR5AYJm8ehcCWGIIzX5RNAR - 8994163039773218 - March 3, 2021, 9:25 pm
txn_1IR268Jm8ehcCWGI6N907dbu - 8994163039929219 - March 3, 2021, 9:25 pm
txn_1IQbQvJm8ehcCWGIgNFaGz09 - 8994163040020219 - March 3, 2021, 9:25 pm
txn_1IQfhMJm8ehcCWGIUm2WynlR - 8994163039771214 - March 3, 2021, 9:25 pm
txn_1IQuryJm8ehcCWGIyHcAAXRA - 8994163039928212 - March 3, 2021, 9:25 pm
txn_1IQjyNJm8ehcCWGIA7rX2Br6 - 8994163039926218 - March 3, 2021, 9:25 pm
2021Influencer453 - 8994163039927215 - March 3, 2021, 9:25 pm
txn_1IR29dJm8ehcCWGIVVSayEob - 8994163040018216 - March 3, 2021, 9:25 pm
txn_1IQc8DJm8ehcCWGIbozqBgik - 8994163040019213 - March 3, 2021, 9:25 pm
txn_1IQvZMJm8ehcCWGIOjhaESlZ - 8994163039772211 - March 3, 2021, 9:25 pm
2021Influencer450 - 8994163039925211 - March 3, 2021, 9:25 pm
txn_1IQcD5Jm8ehcCWGIRT0xqBar - 8994163039920216 - March 3, 2021, 9:25 pm
txn_1IQvhSJm8ehcCWGI5VjslDBJ - 8994163039924214 - March 3, 2021, 9:25 pm
txn_1IQftJJm8ehcCWGIe8qdwCaL - 8994163039923217 - March 3, 2021, 9:25 pm
txn_1IQkGBJm8ehcCWGIbgyBFoRF - 8994163039922210 - March 3, 2021, 9:25 pm
txn_1IR2C1Jm8ehcCWGIa4cfWiUu - 8994163040017219 - March 3, 2021, 9:25 pm
2021Influencer448 - 8994163039921213 - March 3, 2021, 9:25 pm
txn_1IQwEUJm8ehcCWGIVE4yhiQH - 8994163039770217 - March 3, 2021, 9:25 pm
txn_1IQgG2Jm8ehcCWGIgoQTwuoJ - 8994163039919210 - March 3, 2021, 9:25 pm
txn_1IR2FHJm8ehcCWGIoSdR1H4v - 8994163039917216 - March 3, 2021, 9:25 pm
txn_1IQkGoJm8ehcCWGI1gKndpzL - 8994163039918213 - March 3, 2021, 9:25 pm
2021Influencer447 - 8994163039769211 - March 3, 2021, 9:25 pm
txn_1IQcUcJm8ehcCWGIf787ZJvq - 8994163040016212 - March 3, 2021, 9:25 pm
txn_1IQwPaJm8ehcCWGIEKIpsveI - 8994163039916219 - March 3, 2021, 9:25 pm
txn_1IQgG4Jm8ehcCWGIDMKhhhJB - 8994163039915212 - March 3, 2021, 9:25 pm
txn_1IQkKHJm8ehcCWGI0vdIeazo - 8994163039914215 - March 3, 2021, 9:25 pm
txn_1IR2HDJm8ehcCWGIi54pZNBM - 8994163039913218 - March 3, 2021, 9:25 pm
2021Influencer445 - 8994163040015215 - March 3, 2021, 9:25 pm
txn_1IQwQOJm8ehcCWGI6lCXZAgS - 8994163039768214 - March 3, 2021, 9:25 pm
txn_1IQcUeJm8ehcCWGIkguZVIoH - 8994163039912211 - March 3, 2021, 9:25 pm
txn_1IQh73Jm8ehcCWGIbP0VMw6M - 8994163040014218 - March 3, 2021, 9:25 pm
txn_1IR5AYJm8ehcCWGIIzX5RNAR - 8994163039773218 - March 3, 2021, 9:26 pm
txn_1IR268Jm8ehcCWGI6N907dbu - 8994163039929219 - March 3, 2021, 9:26 pm
txn_1IQbQvJm8ehcCWGIgNFaGz09 - 8994163040020219 - March 3, 2021, 9:26 pm
txn_1IQfhMJm8ehcCWGIUm2WynlR - 8994163039771214 - March 3, 2021, 9:26 pm
txn_1IQuryJm8ehcCWGIyHcAAXRA - 8994163039928212 - March 3, 2021, 9:26 pm
txn_1IQjyNJm8ehcCWGIA7rX2Br6 - 8994163039926218 - March 3, 2021, 9:26 pm
2021Influencer453 - 8994163039927215 - March 3, 2021, 9:26 pm
txn_1IR29dJm8ehcCWGIVVSayEob - 8994163040018216 - March 3, 2021, 9:26 pm
txn_1IQc8DJm8ehcCWGIbozqBgik - 8994163040019213 - March 3, 2021, 9:26 pm
txn_1IQvZMJm8ehcCWGIOjhaESlZ - 8994163039772211 - March 3, 2021, 9:26 pm
2021Influencer450 - 8994163039925211 - March 3, 2021, 9:26 pm
txn_1IQcD5Jm8ehcCWGIRT0xqBar - 8994163039920216 - March 3, 2021, 9:26 pm
txn_1IQvhSJm8ehcCWGI5VjslDBJ - 8994163039924214 - March 3, 2021, 9:26 pm
txn_1IQftJJm8ehcCWGIe8qdwCaL - 8994163039923217 - March 3, 2021, 9:26 pm
txn_1IQkGBJm8ehcCWGIbgyBFoRF - 8994163039922210 - March 3, 2021, 9:26 pm
txn_1IR2C1Jm8ehcCWGIa4cfWiUu - 8994163040017219 - March 3, 2021, 9:26 pm
2021Influencer448 - 8994163039921213 - March 3, 2021, 9:26 pm
txn_1IQwEUJm8ehcCWGIVE4yhiQH - 8994163039770217 - March 3, 2021, 9:26 pm
txn_1IQgG2Jm8ehcCWGIgoQTwuoJ - 8994163039919210 - March 3, 2021, 9:26 pm
txn_1IR2FHJm8ehcCWGIoSdR1H4v - 8994163039917216 - March 3, 2021, 9:26 pm
txn_1IQkGoJm8ehcCWGI1gKndpzL - 8994163039918213 - March 3, 2021, 9:26 pm
2021Influencer447 - 8994163039769211 - March 3, 2021, 9:26 pm
txn_1IQcUcJm8ehcCWGIf787ZJvq - 8994163040016212 - March 3, 2021, 9:26 pm
txn_1IQwPaJm8ehcCWGIEKIpsveI - 8994163039916219 - March 3, 2021, 9:26 pm
txn_1IQgG4Jm8ehcCWGIDMKhhhJB - 8994163039915212 - March 3, 2021, 9:26 pm
txn_1IQkKHJm8ehcCWGI0vdIeazo - 8994163039914215 - March 3, 2021, 9:26 pm
txn_1IR2HDJm8ehcCWGIi54pZNBM - 8994163039913218 - March 3, 2021, 9:26 pm
2021Influencer445 - 8994163040015215 - March 3, 2021, 9:26 pm
txn_1IQwQOJm8ehcCWGI6lCXZAgS - 8994163039768214 - March 3, 2021, 9:26 pm
txn_1IQcUeJm8ehcCWGIkguZVIoH - 8994163039912211 - March 3, 2021, 9:26 pm
txn_1IQh73Jm8ehcCWGIbP0VMw6M - 8994163040014218 - March 3, 2021, 9:26 pm
txn_1IQbbQJm8ehcCWGIGRI6WRaG - 8994163039786218 - March 3, 2021, 9:26 pm
txn_1IR698Jm8ehcCWGIn4NKRgD8 - 8994163040032212 - March 3, 2021, 9:26 pm
txn_1IR4RvJm8ehcCWGIHQWeVsbW - 8994163039785211 - March 3, 2021, 9:26 pm
txn_1IQciiJm8ehcCWGIQcstXD65 - 8994163039784214 - March 3, 2021, 9:26 pm
txn_1IQhkMJm8ehcCWGIyGBMpcI1 - 8994163039959216 - March 3, 2021, 9:26 pm
txn_1IR4qcJm8ehcCWGIKX7xRAd5 - 8994163040031215 - March 3, 2021, 9:26 pm
txn_1IQdWNJm8ehcCWGIqXMCryvY - 8994163039956215 - March 3, 2021, 9:26 pm
txn_1IQiJyJm8ehcCWGIctK4gCpV - 8994163039954211 - March 3, 2021, 9:26 pm
txn_1IQRGwJm8ehcCWGIQLh51maY - 8994163039952217 - March 3, 2021, 9:26 pm
txn_1IQdjkJm8ehcCWGIs330lvrk - 8994163039953214 - March 3, 2021, 9:26 pm
txn_1IQzgMJm8ehcCWGIPudS1qqg - 8994163039951210 - March 3, 2021, 9:26 pm
txn_1IQj1qJm8ehcCWGImmuaFBP1 - 8994163039949217 - March 3, 2021, 9:26 pm
txn_1IQeyFJm8ehcCWGIoamruB2D - 8994163039950213 - March 3, 2021, 9:26 pm
txn_1IR045Jm8ehcCWGIu7u5h54Y - 8994163040030218 - March 3, 2021, 9:26 pm
txn_1IQRPTJm8ehcCWGITdRhK0T4 - 8994163039948210 - March 3, 2021, 9:26 pm
txn_1IR4u2Jm8ehcCWGIvpiVouOO - 8994163039947213 - March 3, 2021, 9:26 pm
txn_1IQf5xJm8ehcCWGI9P7yz81A - 8994163039946216 - March 3, 2021, 9:26 pm
txn_1IQjaHJm8ehcCWGI1o0HSDQA - 8994163039945219 - March 3, 2021, 9:26 pm
txn_1IR06sJm8ehcCWGILbhdxZyR - 8994163040029212 - March 3, 2021, 9:26 pm
txn_1IQRrIJm8ehcCWGIDxqk1xDK - 8994163039783217 - March 3, 2021, 9:26 pm
2021Influencer454 - 8994163039944212 - March 3, 2021, 9:26 pm
txn_1IQfIcJm8ehcCWGIzfFfLPk6 - 8994163040028215 - March 3, 2021, 9:26 pm
txn_1IQjs6Jm8ehcCWGIyMIjCC5t - 8994163039943215 - March 3, 2021, 9:26 pm
txn_1IQSc6Jm8ehcCWGI2zUVZLDW - 8994163039942218 - March 3, 2021, 9:26 pm
2021Influencer452 - 8994163040027218 - March 3, 2021, 9:26 pm
txn_1IR094Jm8ehcCWGIHeKvfMvo - 8994163039941211 - March 3, 2021, 9:26 pm
txn_1IQfNcJm8ehcCWGITLJrmd9K - 8994163039782210 - March 3, 2021, 9:26 pm
txn_1IQjvlJm8ehcCWGITZTjw8S1 - 8994163039940214 - March 3, 2021, 9:26 pm
txn_1IQX5IJm8ehcCWGINJzRHHHO - 8994163039939218 - March 3, 2021, 9:26 pm
txn_1IR0ARJm8ehcCWGIsT0j7GBy - 8994163039781213 - March 3, 2021, 9:26 pm
2021Influencer451 - 8994163039938211 - March 3, 2021, 9:26 pm
txn_1IR5AYJm8ehcCWGIIzX5RNAR - 8994163039773218 - March 3, 2021, 9:26 pm
txn_1IR268Jm8ehcCWGI6N907dbu - 8994163039929219 - March 3, 2021, 9:26 pm
txn_1IQbQvJm8ehcCWGIgNFaGz09 - 8994163040020219 - March 3, 2021, 9:26 pm
txn_1IQfhMJm8ehcCWGIUm2WynlR - 8994163039771214 - March 3, 2021, 9:26 pm
txn_1IQuryJm8ehcCWGIyHcAAXRA - 8994163039928212 - March 3, 2021, 9:26 pm
txn_1IQjyNJm8ehcCWGIA7rX2Br6 - 8994163039926218 - March 3, 2021, 9:26 pm
2021Influencer453 - 8994163039927215 - March 3, 2021, 9:26 pm
txn_1IR29dJm8ehcCWGIVVSayEob - 8994163040018216 - March 3, 2021, 9:26 pm
txn_1IQc8DJm8ehcCWGIbozqBgik - 8994163040019213 - March 3, 2021, 9:26 pm
txn_1IQvZMJm8ehcCWGIOjhaESlZ - 8994163039772211 - March 3, 2021, 9:26 pm
2021Influencer450 - 8994163039925211 - March 3, 2021, 9:26 pm
txn_1IQcD5Jm8ehcCWGIRT0xqBar - 8994163039920216 - March 3, 2021, 9:26 pm
txn_1IQvhSJm8ehcCWGI5VjslDBJ - 8994163039924214 - March 3, 2021, 9:26 pm
txn_1IQftJJm8ehcCWGIe8qdwCaL - 8994163039923217 - March 3, 2021, 9:26 pm
txn_1IQkGBJm8ehcCWGIbgyBFoRF - 8994163039922210 - March 3, 2021, 9:26 pm
txn_1IR2C1Jm8ehcCWGIa4cfWiUu - 8994163040017219 - March 3, 2021, 9:26 pm
2021Influencer448 - 8994163039921213 - March 3, 2021, 9:26 pm
txn_1IQwEUJm8ehcCWGIVE4yhiQH - 8994163039770217 - March 3, 2021, 9:26 pm
txn_1IQgG2Jm8ehcCWGIgoQTwuoJ - 8994163039919210 - March 3, 2021, 9:26 pm
txn_1IR2FHJm8ehcCWGIoSdR1H4v - 8994163039917216 - March 3, 2021, 9:26 pm
txn_1IQkGoJm8ehcCWGI1gKndpzL - 8994163039918213 - March 3, 2021, 9:26 pm
2021Influencer447 - 8994163039769211 - March 3, 2021, 9:26 pm
txn_1IQcUcJm8ehcCWGIf787ZJvq - 8994163040016212 - March 3, 2021, 9:26 pm
txn_1IQwPaJm8ehcCWGIEKIpsveI - 8994163039916219 - March 3, 2021, 9:26 pm
txn_1IQgG4Jm8ehcCWGIDMKhhhJB - 8994163039915212 - March 3, 2021, 9:26 pm
txn_1IQkKHJm8ehcCWGI0vdIeazo - 8994163039914215 - March 3, 2021, 9:26 pm
txn_1IR2HDJm8ehcCWGIi54pZNBM - 8994163039913218 - March 3, 2021, 9:26 pm
2021Influencer445 - 8994163040015215 - March 3, 2021, 9:26 pm
txn_1IQwQOJm8ehcCWGI6lCXZAgS - 8994163039768214 - March 3, 2021, 9:26 pm
txn_1IQcUeJm8ehcCWGIkguZVIoH - 8994163039912211 - March 3, 2021, 9:26 pm
txn_1IQh73Jm8ehcCWGIbP0VMw6M - 8994163040014218 - March 3, 2021, 9:26 pm
txn_1IQbbQJm8ehcCWGIGRI6WRaG - 8994163039786218 - March 3, 2021, 9:26 pm
txn_1IR698Jm8ehcCWGIn4NKRgD8 - 8994163040032212 - March 3, 2021, 9:26 pm
txn_1IR4RvJm8ehcCWGIHQWeVsbW - 8994163039785211 - March 3, 2021, 9:26 pm
txn_1IQciiJm8ehcCWGIQcstXD65 - 8994163039784214 - March 3, 2021, 9:26 pm
txn_1IQhkMJm8ehcCWGIyGBMpcI1 - 8994163039959216 - March 3, 2021, 9:26 pm
txn_1IR4qcJm8ehcCWGIKX7xRAd5 - 8994163040031215 - March 3, 2021, 9:26 pm
txn_1IQdWNJm8ehcCWGIqXMCryvY - 8994163039956215 - March 3, 2021, 9:26 pm
txn_1IQiJyJm8ehcCWGIctK4gCpV - 8994163039954211 - March 3, 2021, 9:26 pm
txn_1IQRGwJm8ehcCWGIQLh51maY - 8994163039952217 - March 3, 2021, 9:26 pm
txn_1IQdjkJm8ehcCWGIs330lvrk - 8994163039953214 - March 3, 2021, 9:26 pm
txn_1IQzgMJm8ehcCWGIPudS1qqg - 8994163039951210 - March 3, 2021, 9:26 pm
txn_1IQj1qJm8ehcCWGImmuaFBP1 - 8994163039949217 - March 3, 2021, 9:26 pm
txn_1IQeyFJm8ehcCWGIoamruB2D - 8994163039950213 - March 3, 2021, 9:26 pm
txn_1IR045Jm8ehcCWGIu7u5h54Y - 8994163040030218 - March 3, 2021, 9:26 pm
txn_1IQRPTJm8ehcCWGITdRhK0T4 - 8994163039948210 - March 3, 2021, 9:26 pm
txn_1IR4u2Jm8ehcCWGIvpiVouOO - 8994163039947213 - March 3, 2021, 9:26 pm
txn_1IQf5xJm8ehcCWGI9P7yz81A - 8994163039946216 - March 3, 2021, 9:26 pm
txn_1IQjaHJm8ehcCWGI1o0HSDQA - 8994163039945219 - March 3, 2021, 9:26 pm
txn_1IR06sJm8ehcCWGILbhdxZyR - 8994163040029212 - March 3, 2021, 9:26 pm
txn_1IQRrIJm8ehcCWGIDxqk1xDK - 8994163039783217 - March 3, 2021, 9:26 pm
2021Influencer454 - 8994163039944212 - March 3, 2021, 9:26 pm
txn_1IQfIcJm8ehcCWGIzfFfLPk6 - 8994163040028215 - March 3, 2021, 9:26 pm
txn_1IQjs6Jm8ehcCWGIyMIjCC5t - 8994163039943215 - March 3, 2021, 9:26 pm
txn_1IQSc6Jm8ehcCWGI2zUVZLDW - 8994163039942218 - March 3, 2021, 9:26 pm
2021Influencer452 - 8994163040027218 - March 3, 2021, 9:26 pm
txn_1IR094Jm8ehcCWGIHeKvfMvo - 8994163039941211 - March 3, 2021, 9:26 pm
txn_1IQfNcJm8ehcCWGITLJrmd9K - 8994163039782210 - March 3, 2021, 9:26 pm
txn_1IQjvlJm8ehcCWGITZTjw8S1 - 8994163039940214 - March 3, 2021, 9:26 pm
txn_1IQX5IJm8ehcCWGINJzRHHHO - 8994163039939218 - March 3, 2021, 9:26 pm
txn_1IR0ARJm8ehcCWGIsT0j7GBy - 8994163039781213 - March 3, 2021, 9:26 pm
2021Influencer451 - 8994163039938211 - March 3, 2021, 9:26 pm
txn_1IR5AYJm8ehcCWGIIzX5RNAR - 8994163039773218 - March 3, 2021, 9:26 pm
txn_1IR268Jm8ehcCWGI6N907dbu - 8994163039929219 - March 3, 2021, 9:26 pm
txn_1IQbQvJm8ehcCWGIgNFaGz09 - 8994163040020219 - March 3, 2021, 9:26 pm
txn_1IQfhMJm8ehcCWGIUm2WynlR - 8994163039771214 - March 3, 2021, 9:26 pm
txn_1IQuryJm8ehcCWGIyHcAAXRA - 8994163039928212 - March 3, 2021, 9:26 pm
txn_1IQjyNJm8ehcCWGIA7rX2Br6 - 8994163039926218 - March 3, 2021, 9:26 pm
2021Influencer453 - 8994163039927215 - March 3, 2021, 9:26 pm
txn_1IR29dJm8ehcCWGIVVSayEob - 8994163040018216 - March 3, 2021, 9:26 pm
txn_1IQc8DJm8ehcCWGIbozqBgik - 8994163040019213 - March 3, 2021, 9:26 pm
txn_1IQvZMJm8ehcCWGIOjhaESlZ - 8994163039772211 - March 3, 2021, 9:26 pm
2021Influencer450 - 8994163039925211 - March 3, 2021, 9:26 pm
txn_1IQcD5Jm8ehcCWGIRT0xqBar - 8994163039920216 - March 3, 2021, 9:26 pm
txn_1IQvhSJm8ehcCWGI5VjslDBJ - 8994163039924214 - March 3, 2021, 9:26 pm
txn_1IQftJJm8ehcCWGIe8qdwCaL - 8994163039923217 - March 3, 2021, 9:26 pm
txn_1IQkGBJm8ehcCWGIbgyBFoRF - 8994163039922210 - March 3, 2021, 9:26 pm
txn_1IR2C1Jm8ehcCWGIa4cfWiUu - 8994163040017219 - March 3, 2021, 9:26 pm
2021Influencer448 - 8994163039921213 - March 3, 2021, 9:26 pm
txn_1IQwEUJm8ehcCWGIVE4yhiQH - 8994163039770217 - March 3, 2021, 9:26 pm
txn_1IQgG2Jm8ehcCWGIgoQTwuoJ - 8994163039919210 - March 3, 2021, 9:26 pm
txn_1IR2FHJm8ehcCWGIoSdR1H4v - 8994163039917216 - March 3, 2021, 9:26 pm
txn_1IQkGoJm8ehcCWGI1gKndpzL - 8994163039918213 - March 3, 2021, 9:26 pm
2021Influencer447 - 8994163039769211 - March 3, 2021, 9:26 pm
txn_1IQcUcJm8ehcCWGIf787ZJvq - 8994163040016212 - March 3, 2021, 9:26 pm
txn_1IQwPaJm8ehcCWGIEKIpsveI - 8994163039916219 - March 3, 2021, 9:26 pm
txn_1IQgG4Jm8ehcCWGIDMKhhhJB - 8994163039915212 - March 3, 2021, 9:26 pm
txn_1IQkKHJm8ehcCWGI0vdIeazo - 8994163039914215 - March 3, 2021, 9:26 pm
txn_1IR2HDJm8ehcCWGIi54pZNBM - 8994163039913218 - March 3, 2021, 9:26 pm
2021Influencer445 - 8994163040015215 - March 3, 2021, 9:26 pm
txn_1IQwQOJm8ehcCWGI6lCXZAgS - 8994163039768214 - March 3, 2021, 9:26 pm
txn_1IQcUeJm8ehcCWGIkguZVIoH - 8994163039912211 - March 3, 2021, 9:26 pm
txn_1IQh73Jm8ehcCWGIbP0VMw6M - 8994163040014218 - March 3, 2021, 9:26 pm
txn_1IQbbQJm8ehcCWGIGRI6WRaG - 8994163039786218 - March 3, 2021, 9:26 pm
txn_1IR698Jm8ehcCWGIn4NKRgD8 - 8994163040032212 - March 3, 2021, 9:26 pm
txn_1IR4RvJm8ehcCWGIHQWeVsbW - 8994163039785211 - March 3, 2021, 9:26 pm
txn_1IQciiJm8ehcCWGIQcstXD65 - 8994163039784214 - March 3, 2021, 9:26 pm
txn_1IQhkMJm8ehcCWGIyGBMpcI1 - 8994163039959216 - March 3, 2021, 9:26 pm
txn_1IR4qcJm8ehcCWGIKX7xRAd5 - 8994163040031215 - March 3, 2021, 9:26 pm
txn_1IQdWNJm8ehcCWGIqXMCryvY - 8994163039956215 - March 3, 2021, 9:26 pm
txn_1IQiJyJm8ehcCWGIctK4gCpV - 8994163039954211 - March 3, 2021, 9:26 pm
txn_1IQRGwJm8ehcCWGIQLh51maY - 8994163039952217 - March 3, 2021, 9:26 pm
txn_1IQdjkJm8ehcCWGIs330lvrk - 8994163039953214 - March 3, 2021, 9:26 pm
txn_1IQzgMJm8ehcCWGIPudS1qqg - 8994163039951210 - March 3, 2021, 9:26 pm
txn_1IQj1qJm8ehcCWGImmuaFBP1 - 8994163039949217 - March 3, 2021, 9:26 pm
txn_1IQeyFJm8ehcCWGIoamruB2D - 8994163039950213 - March 3, 2021, 9:26 pm
txn_1IR045Jm8ehcCWGIu7u5h54Y - 8994163040030218 - March 3, 2021, 9:26 pm
txn_1IQRPTJm8ehcCWGITdRhK0T4 - 8994163039948210 - March 3, 2021, 9:26 pm
txn_1IR4u2Jm8ehcCWGIvpiVouOO - 8994163039947213 - March 3, 2021, 9:26 pm
txn_1IQf5xJm8ehcCWGI9P7yz81A - 8994163039946216 - March 3, 2021, 9:26 pm
txn_1IQjaHJm8ehcCWGI1o0HSDQA - 8994163039945219 - March 3, 2021, 9:26 pm
txn_1IR06sJm8ehcCWGILbhdxZyR - 8994163040029212 - March 3, 2021, 9:26 pm
txn_1IQRrIJm8ehcCWGIDxqk1xDK - 8994163039783217 - March 3, 2021, 9:26 pm
2021Influencer454 - 8994163039944212 - March 3, 2021, 9:26 pm
txn_1IQfIcJm8ehcCWGIzfFfLPk6 - 8994163040028215 - March 3, 2021, 9:26 pm
txn_1IQjs6Jm8ehcCWGIyMIjCC5t - 8994163039943215 - March 3, 2021, 9:26 pm
txn_1IQSc6Jm8ehcCWGI2zUVZLDW - 8994163039942218 - March 3, 2021, 9:26 pm
2021Influencer452 - 8994163040027218 - March 3, 2021, 9:26 pm
txn_1IR094Jm8ehcCWGIHeKvfMvo - 8994163039941211 - March 3, 2021, 9:26 pm
txn_1IQfNcJm8ehcCWGITLJrmd9K - 8994163039782210 - March 3, 2021, 9:26 pm
txn_1IQjvlJm8ehcCWGITZTjw8S1 - 8994163039940214 - March 3, 2021, 9:26 pm
txn_1IQX5IJm8ehcCWGINJzRHHHO - 8994163039939218 - March 3, 2021, 9:26 pm
txn_1IR0ARJm8ehcCWGIsT0j7GBy - 8994163039781213 - March 3, 2021, 9:26 pm
2021Influencer451 - 8994163039938211 - March 3, 2021, 9:26 pm
txn_1IQaJzJm8ehcCWGI4d86UypV - 8994163040039211 - March 3, 2021, 9:26 pm
txn_1IQlshJm8ehcCWGIeAoZRut2 - 8994163039977210 - March 3, 2021, 9:26 pm
txn_1IR49aJm8ehcCWGILZwh4ejr - 8994163039976213 - March 3, 2021, 9:26 pm
txn_1IQahUJm8ehcCWGIgulmtIza - 8994163039975216 - March 3, 2021, 9:26 pm
2021Influencer455 - 8994163040038214 - March 3, 2021, 9:26 pm
txn_1IR4LqJm8ehcCWGIAVXeTYiq - 8994163039973212 - March 3, 2021, 9:26 pm
txn_1IQakUJm8ehcCWGIYCcCCCc5 - 8994163040036210 - March 3, 2021, 9:26 pm
txn_1IQmADJm8ehcCWGIIu12StJ9 - 8994163040037217 - March 3, 2021, 9:26 pm
txn_1IR4lYJm8ehcCWGIG74VLr0k - 8994163040035213 - March 3, 2021, 9:26 pm
txn_1IQmBNJm8ehcCWGIuWyu84NJ - 8994163039972215 - March 3, 2021, 9:26 pm
txn_1IQalhJm8ehcCWGI3X2JQUDJ - 8994163039971218 - March 3, 2021, 9:26 pm
txn_1IR5AYJm8ehcCWGIIzX5RNAR - 8994163039773218 - March 3, 2021, 9:27 pm
txn_1IR268Jm8ehcCWGI6N907dbu - 8994163039929219 - March 3, 2021, 9:27 pm
txn_1IQbQvJm8ehcCWGIgNFaGz09 - 8994163040020219 - March 3, 2021, 9:27 pm
txn_1IQfhMJm8ehcCWGIUm2WynlR - 8994163039771214 - March 3, 2021, 9:27 pm
txn_1IQuryJm8ehcCWGIyHcAAXRA - 8994163039928212 - March 3, 2021, 9:27 pm
txn_1IQjyNJm8ehcCWGIA7rX2Br6 - 8994163039926218 - March 3, 2021, 9:27 pm
2021Influencer453 - 8994163039927215 - March 3, 2021, 9:27 pm
txn_1IR29dJm8ehcCWGIVVSayEob - 8994163040018216 - March 3, 2021, 9:27 pm
txn_1IQc8DJm8ehcCWGIbozqBgik - 8994163040019213 - March 3, 2021, 9:27 pm
txn_1IQvZMJm8ehcCWGIOjhaESlZ - 8994163039772211 - March 3, 2021, 9:27 pm
2021Influencer450 - 8994163039925211 - March 3, 2021, 9:27 pm
txn_1IQcD5Jm8ehcCWGIRT0xqBar - 8994163039920216 - March 3, 2021, 9:27 pm
txn_1IQvhSJm8ehcCWGI5VjslDBJ - 8994163039924214 - March 3, 2021, 9:27 pm
txn_1IQftJJm8ehcCWGIe8qdwCaL - 8994163039923217 - March 3, 2021, 9:27 pm
txn_1IQkGBJm8ehcCWGIbgyBFoRF - 8994163039922210 - March 3, 2021, 9:27 pm
txn_1IR2C1Jm8ehcCWGIa4cfWiUu - 8994163040017219 - March 3, 2021, 9:27 pm
2021Influencer448 - 8994163039921213 - March 3, 2021, 9:27 pm
txn_1IQwEUJm8ehcCWGIVE4yhiQH - 8994163039770217 - March 3, 2021, 9:27 pm
txn_1IQgG2Jm8ehcCWGIgoQTwuoJ - 8994163039919210 - March 3, 2021, 9:27 pm
txn_1IR2FHJm8ehcCWGIoSdR1H4v - 8994163039917216 - March 3, 2021, 9:27 pm
txn_1IQkGoJm8ehcCWGI1gKndpzL - 8994163039918213 - March 3, 2021, 9:27 pm
2021Influencer447 - 8994163039769211 - March 3, 2021, 9:27 pm
txn_1IQcUcJm8ehcCWGIf787ZJvq - 8994163040016212 - March 3, 2021, 9:27 pm
txn_1IQwPaJm8ehcCWGIEKIpsveI - 8994163039916219 - March 3, 2021, 9:27 pm
txn_1IQgG4Jm8ehcCWGIDMKhhhJB - 8994163039915212 - March 3, 2021, 9:27 pm
txn_1IQkKHJm8ehcCWGI0vdIeazo - 8994163039914215 - March 3, 2021, 9:27 pm
txn_1IR2HDJm8ehcCWGIi54pZNBM - 8994163039913218 - March 3, 2021, 9:27 pm
2021Influencer445 - 8994163040015215 - March 3, 2021, 9:27 pm
txn_1IQwQOJm8ehcCWGI6lCXZAgS - 8994163039768214 - March 3, 2021, 9:27 pm
txn_1IQcUeJm8ehcCWGIkguZVIoH - 8994163039912211 - March 3, 2021, 9:27 pm
txn_1IQh73Jm8ehcCWGIbP0VMw6M - 8994163040014218 - March 3, 2021, 9:27 pm
txn_1IQbbQJm8ehcCWGIGRI6WRaG - 8994163039786218 - March 3, 2021, 9:27 pm
txn_1IR698Jm8ehcCWGIn4NKRgD8 - 8994163040032212 - March 3, 2021, 9:27 pm
txn_1IR4RvJm8ehcCWGIHQWeVsbW - 8994163039785211 - March 3, 2021, 9:27 pm
txn_1IQciiJm8ehcCWGIQcstXD65 - 8994163039784214 - March 3, 2021, 9:27 pm
txn_1IQhkMJm8ehcCWGIyGBMpcI1 - 8994163039959216 - March 3, 2021, 9:27 pm
txn_1IR4qcJm8ehcCWGIKX7xRAd5 - 8994163040031215 - March 3, 2021, 9:27 pm
txn_1IQdWNJm8ehcCWGIqXMCryvY - 8994163039956215 - March 3, 2021, 9:27 pm
txn_1IQiJyJm8ehcCWGIctK4gCpV - 8994163039954211 - March 3, 2021, 9:27 pm
txn_1IQRGwJm8ehcCWGIQLh51maY - 8994163039952217 - March 3, 2021, 9:27 pm
txn_1IQdjkJm8ehcCWGIs330lvrk - 8994163039953214 - March 3, 2021, 9:27 pm
txn_1IQzgMJm8ehcCWGIPudS1qqg - 8994163039951210 - March 3, 2021, 9:27 pm
txn_1IQj1qJm8ehcCWGImmuaFBP1 - 8994163039949217 - March 3, 2021, 9:27 pm
txn_1IQeyFJm8ehcCWGIoamruB2D - 8994163039950213 - March 3, 2021, 9:27 pm
txn_1IR045Jm8ehcCWGIu7u5h54Y - 8994163040030218 - March 3, 2021, 9:27 pm
txn_1IQRPTJm8ehcCWGITdRhK0T4 - 8994163039948210 - March 3, 2021, 9:27 pm
txn_1IR4u2Jm8ehcCWGIvpiVouOO - 8994163039947213 - March 3, 2021, 9:27 pm
txn_1IQf5xJm8ehcCWGI9P7yz81A - 8994163039946216 - March 3, 2021, 9:27 pm
txn_1IQjaHJm8ehcCWGI1o0HSDQA - 8994163039945219 - March 3, 2021, 9:27 pm
txn_1IR06sJm8ehcCWGILbhdxZyR - 8994163040029212 - March 3, 2021, 9:27 pm
txn_1IQRrIJm8ehcCWGIDxqk1xDK - 8994163039783217 - March 3, 2021, 9:27 pm
2021Influencer454 - 8994163039944212 - March 3, 2021, 9:27 pm
txn_1IQfIcJm8ehcCWGIzfFfLPk6 - 8994163040028215 - March 3, 2021, 9:27 pm
txn_1IQjs6Jm8ehcCWGIyMIjCC5t - 8994163039943215 - March 3, 2021, 9:27 pm
txn_1IQSc6Jm8ehcCWGI2zUVZLDW - 8994163039942218 - March 3, 2021, 9:27 pm
2021Influencer452 - 8994163040027218 - March 3, 2021, 9:27 pm
txn_1IR094Jm8ehcCWGIHeKvfMvo - 8994163039941211 - March 3, 2021, 9:27 pm
txn_1IQfNcJm8ehcCWGITLJrmd9K - 8994163039782210 - March 3, 2021, 9:27 pm
txn_1IQjvlJm8ehcCWGITZTjw8S1 - 8994163039940214 - March 3, 2021, 9:27 pm
txn_1IQX5IJm8ehcCWGINJzRHHHO - 8994163039939218 - March 3, 2021, 9:27 pm
txn_1IR0ARJm8ehcCWGIsT0j7GBy - 8994163039781213 - March 3, 2021, 9:27 pm
2021Influencer451 - 8994163039938211 - March 3, 2021, 9:27 pm
txn_1IQmOvJm8ehcCWGIxwr1j0qs - 8994163039986212 - March 3, 2021, 9:27 pm
txn_1IQfPNJm8ehcCWGIPbFE4sjZ - 8994163040043218 - March 3, 2021, 9:27 pm
txn_1IQQZUJm8ehcCWGISooDp2j0 - 8994163039792219 - March 3, 2021, 9:27 pm
txn_1IQhQGJm8ehcCWGIU85G2vwz - 8994163040042211 - March 3, 2021, 9:27 pm
txn_1IR1mcJm8ehcCWGITJcWpYER - 8994163039791212 - March 3, 2021, 9:27 pm
txn_1IQXHIJm8ehcCWGIWKCtxpO4 - 8994163039985215 - March 3, 2021, 9:27 pm
txn_1IQiOYJm8ehcCWGIqGGrhD7j - 8994163040041214 - March 3, 2021, 9:27 pm
txn_1IQZG2Jm8ehcCWGIbrxPhotx - 8994163039790215 - March 3, 2021, 9:27 pm
txn_1IR1ngJm8ehcCWGIPD63leQh - 8994163040040217 - March 3, 2021, 9:27 pm
txn_1IQifzJm8ehcCWGIFHPSBAUM - 8994163039984218 - March 3, 2021, 9:27 pm
txn_1IQZvgJm8ehcCWGIe346T7BJ - 8994163039789219 - March 3, 2021, 9:27 pm
txn_1IR203Jm8ehcCWGIADk1D6jQ - 8994163039982214 - March 3, 2021, 9:27 pm
txn_1IQkOyJm8ehcCWGIHJBzsHT2 - 8994163039981217 - March 3, 2021, 9:27 pm
txn_1IR2McJm8ehcCWGIYAO7H0ai - 8994163039788212 - March 3, 2021, 9:27 pm
txn_1IQa5OJm8ehcCWGIZ0pBudJ1 - 8994163039980210 - March 3, 2021, 9:27 pm
txn_1IQlCGJm8ehcCWGI4GscMZWr - 8994163039979214 - March 3, 2021, 9:27 pm
txn_1IR2wyJm8ehcCWGIn29Ks7Pv - 8994163039978217 - March 3, 2021, 9:27 pm
txn_1IQaJzJm8ehcCWGI4d86UypV - 8994163040039211 - March 3, 2021, 9:27 pm
txn_1IQlshJm8ehcCWGIeAoZRut2 - 8994163039977210 - March 3, 2021, 9:27 pm
txn_1IR49aJm8ehcCWGILZwh4ejr - 8994163039976213 - March 3, 2021, 9:27 pm
txn_1IQahUJm8ehcCWGIgulmtIza - 8994163039975216 - March 3, 2021, 9:27 pm
2021Influencer455 - 8994163040038214 - March 3, 2021, 9:27 pm
txn_1IR4LqJm8ehcCWGIAVXeTYiq - 8994163039973212 - March 3, 2021, 9:27 pm
txn_1IQakUJm8ehcCWGIYCcCCCc5 - 8994163040036210 - March 3, 2021, 9:27 pm
txn_1IQmADJm8ehcCWGIIu12StJ9 - 8994163040037217 - March 3, 2021, 9:27 pm
txn_1IR4lYJm8ehcCWGIG74VLr0k - 8994163040035213 - March 3, 2021, 9:27 pm
txn_1IQmBNJm8ehcCWGIuWyu84NJ - 8994163039972215 - March 3, 2021, 9:27 pm
txn_1IQalhJm8ehcCWGI3X2JQUDJ - 8994163039971218 - March 3, 2021, 9:27 pm
txn_1IR1igJm8ehcCWGIyZ6BAshm -  - March 3, 2021, 9:27 pm
txn_1IR5AYJm8ehcCWGIIzX5RNAR - 8994163039773218 - March 3, 2021, 9:27 pm
txn_1IR268Jm8ehcCWGI6N907dbu - 8994163039929219 - March 3, 2021, 9:27 pm
txn_1IQbQvJm8ehcCWGIgNFaGz09 - 8994163040020219 - March 3, 2021, 9:27 pm
txn_1IQfhMJm8ehcCWGIUm2WynlR - 8994163039771214 - March 3, 2021, 9:27 pm
txn_1IQuryJm8ehcCWGIyHcAAXRA - 8994163039928212 - March 3, 2021, 9:27 pm
txn_1IQjyNJm8ehcCWGIA7rX2Br6 - 8994163039926218 - March 3, 2021, 9:27 pm
2021Influencer453 - 8994163039927215 - March 3, 2021, 9:27 pm
txn_1IR29dJm8ehcCWGIVVSayEob - 8994163040018216 - March 3, 2021, 9:27 pm
txn_1IQc8DJm8ehcCWGIbozqBgik - 8994163040019213 - March 3, 2021, 9:27 pm
txn_1IQvZMJm8ehcCWGIOjhaESlZ - 8994163039772211 - March 3, 2021, 9:27 pm
2021Influencer450 - 8994163039925211 - March 3, 2021, 9:27 pm
txn_1IQcD5Jm8ehcCWGIRT0xqBar - 8994163039920216 - March 3, 2021, 9:27 pm
txn_1IQvhSJm8ehcCWGI5VjslDBJ - 8994163039924214 - March 3, 2021, 9:27 pm
txn_1IQftJJm8ehcCWGIe8qdwCaL - 8994163039923217 - March 3, 2021, 9:27 pm
txn_1IQkGBJm8ehcCWGIbgyBFoRF - 8994163039922210 - March 3, 2021, 9:27 pm
txn_1IR2C1Jm8ehcCWGIa4cfWiUu - 8994163040017219 - March 3, 2021, 9:27 pm
2021Influencer448 - 8994163039921213 - March 3, 2021, 9:27 pm
txn_1IQwEUJm8ehcCWGIVE4yhiQH - 8994163039770217 - March 3, 2021, 9:27 pm
txn_1IQgG2Jm8ehcCWGIgoQTwuoJ - 8994163039919210 - March 3, 2021, 9:27 pm
txn_1IR2FHJm8ehcCWGIoSdR1H4v - 8994163039917216 - March 3, 2021, 9:27 pm
txn_1IQkGoJm8ehcCWGI1gKndpzL - 8994163039918213 - March 3, 2021, 9:27 pm
2021Influencer447 - 8994163039769211 - March 3, 2021, 9:27 pm
txn_1IQcUcJm8ehcCWGIf787ZJvq - 8994163040016212 - March 3, 2021, 9:27 pm
txn_1IQwPaJm8ehcCWGIEKIpsveI - 8994163039916219 - March 3, 2021, 9:27 pm
txn_1IQgG4Jm8ehcCWGIDMKhhhJB - 8994163039915212 - March 3, 2021, 9:27 pm
txn_1IQkKHJm8ehcCWGI0vdIeazo - 8994163039914215 - March 3, 2021, 9:27 pm
txn_1IR2HDJm8ehcCWGIi54pZNBM - 8994163039913218 - March 3, 2021, 9:27 pm
2021Influencer445 - 8994163040015215 - March 3, 2021, 9:27 pm
txn_1IQwQOJm8ehcCWGI6lCXZAgS - 8994163039768214 - March 3, 2021, 9:27 pm
txn_1IQcUeJm8ehcCWGIkguZVIoH - 8994163039912211 - March 3, 2021, 9:27 pm
txn_1IQh73Jm8ehcCWGIbP0VMw6M - 8994163040014218 - March 3, 2021, 9:27 pm
txn_1IQbbQJm8ehcCWGIGRI6WRaG - 8994163039786218 - March 3, 2021, 9:27 pm
txn_1IR698Jm8ehcCWGIn4NKRgD8 - 8994163040032212 - March 3, 2021, 9:27 pm
txn_1IR4RvJm8ehcCWGIHQWeVsbW - 8994163039785211 - March 3, 2021, 9:27 pm
txn_1IQciiJm8ehcCWGIQcstXD65 - 8994163039784214 - March 3, 2021, 9:27 pm
txn_1IQhkMJm8ehcCWGIyGBMpcI1 - 8994163039959216 - March 3, 2021, 9:27 pm
txn_1IR4qcJm8ehcCWGIKX7xRAd5 - 8994163040031215 - March 3, 2021, 9:27 pm
txn_1IQdWNJm8ehcCWGIqXMCryvY - 8994163039956215 - March 3, 2021, 9:27 pm
txn_1IQiJyJm8ehcCWGIctK4gCpV - 8994163039954211 - March 3, 2021, 9:27 pm
txn_1IQRGwJm8ehcCWGIQLh51maY - 8994163039952217 - March 3, 2021, 9:27 pm
txn_1IQdjkJm8ehcCWGIs330lvrk - 8994163039953214 - March 3, 2021, 9:27 pm
txn_1IQzgMJm8ehcCWGIPudS1qqg - 8994163039951210 - March 3, 2021, 9:27 pm
txn_1IQj1qJm8ehcCWGImmuaFBP1 - 8994163039949217 - March 3, 2021, 9:27 pm
txn_1IQeyFJm8ehcCWGIoamruB2D - 8994163039950213 - March 3, 2021, 9:27 pm
txn_1IR045Jm8ehcCWGIu7u5h54Y - 8994163040030218 - March 3, 2021, 9:27 pm
txn_1IQRPTJm8ehcCWGITdRhK0T4 - 8994163039948210 - March 3, 2021, 9:27 pm
txn_1IR4u2Jm8ehcCWGIvpiVouOO - 8994163039947213 - March 3, 2021, 9:27 pm
txn_1IQf5xJm8ehcCWGI9P7yz81A - 8994163039946216 - March 3, 2021, 9:27 pm
txn_1IQjaHJm8ehcCWGI1o0HSDQA - 8994163039945219 - March 3, 2021, 9:27 pm
txn_1IR06sJm8ehcCWGILbhdxZyR - 8994163040029212 - March 3, 2021, 9:27 pm
txn_1IQRrIJm8ehcCWGIDxqk1xDK - 8994163039783217 - March 3, 2021, 9:27 pm
2021Influencer454 - 8994163039944212 - March 3, 2021, 9:27 pm
txn_1IQfIcJm8ehcCWGIzfFfLPk6 - 8994163040028215 - March 3, 2021, 9:27 pm
txn_1IQjs6Jm8ehcCWGIyMIjCC5t - 8994163039943215 - March 3, 2021, 9:27 pm
txn_1IQSc6Jm8ehcCWGI2zUVZLDW - 8994163039942218 - March 3, 2021, 9:27 pm
2021Influencer452 - 8994163040027218 - March 3, 2021, 9:27 pm
txn_1IR094Jm8ehcCWGIHeKvfMvo - 8994163039941211 - March 3, 2021, 9:27 pm
txn_1IQfNcJm8ehcCWGITLJrmd9K - 8994163039782210 - March 3, 2021, 9:27 pm
txn_1IQjvlJm8ehcCWGITZTjw8S1 - 8994163039940214 - March 3, 2021, 9:27 pm
txn_1IQX5IJm8ehcCWGINJzRHHHO - 8994163039939218 - March 3, 2021, 9:27 pm
txn_1IR0ARJm8ehcCWGIsT0j7GBy - 8994163039781213 - March 3, 2021, 9:27 pm
2021Influencer451 - 8994163039938211 - March 3, 2021, 9:27 pm
txn_1IQmOvJm8ehcCWGIxwr1j0qs - 8994163039986212 - March 3, 2021, 9:27 pm
txn_1IQfPNJm8ehcCWGIPbFE4sjZ - 8994163040043218 - March 3, 2021, 9:27 pm
txn_1IQQZUJm8ehcCWGISooDp2j0 - 8994163039792219 - March 3, 2021, 9:27 pm
txn_1IQhQGJm8ehcCWGIU85G2vwz - 8994163040042211 - March 3, 2021, 9:27 pm
txn_1IR1mcJm8ehcCWGITJcWpYER - 8994163039791212 - March 3, 2021, 9:27 pm
txn_1IQXHIJm8ehcCWGIWKCtxpO4 - 8994163039985215 - March 3, 2021, 9:27 pm
txn_1IQiOYJm8ehcCWGIqGGrhD7j - 8994163040041214 - March 3, 2021, 9:27 pm
txn_1IQZG2Jm8ehcCWGIbrxPhotx - 8994163039790215 - March 3, 2021, 9:27 pm
txn_1IR1ngJm8ehcCWGIPD63leQh - 8994163040040217 - March 3, 2021, 9:27 pm
txn_1IQifzJm8ehcCWGIFHPSBAUM - 8994163039984218 - March 3, 2021, 9:27 pm
txn_1IQZvgJm8ehcCWGIe346T7BJ - 8994163039789219 - March 3, 2021, 9:27 pm
txn_1IR203Jm8ehcCWGIADk1D6jQ - 8994163039982214 - March 3, 2021, 9:27 pm
txn_1IQkOyJm8ehcCWGIHJBzsHT2 - 8994163039981217 - March 3, 2021, 9:27 pm
txn_1IR2McJm8ehcCWGIYAO7H0ai - 8994163039788212 - March 3, 2021, 9:27 pm
txn_1IQa5OJm8ehcCWGIZ0pBudJ1 - 8994163039980210 - March 3, 2021, 9:27 pm
txn_1IQlCGJm8ehcCWGI4GscMZWr - 8994163039979214 - March 3, 2021, 9:27 pm
txn_1IR2wyJm8ehcCWGIn29Ks7Pv - 8994163039978217 - March 3, 2021, 9:27 pm
txn_1IQaJzJm8ehcCWGI4d86UypV - 8994163040039211 - March 3, 2021, 9:27 pm
txn_1IQlshJm8ehcCWGIeAoZRut2 - 8994163039977210 - March 3, 2021, 9:27 pm
txn_1IR49aJm8ehcCWGILZwh4ejr - 8994163039976213 - March 3, 2021, 9:27 pm
txn_1IQahUJm8ehcCWGIgulmtIza - 8994163039975216 - March 3, 2021, 9:27 pm
2021Influencer455 - 8994163040038214 - March 3, 2021, 9:27 pm
txn_1IR4LqJm8ehcCWGIAVXeTYiq - 8994163039973212 - March 3, 2021, 9:27 pm
txn_1IQakUJm8ehcCWGIYCcCCCc5 - 8994163040036210 - March 3, 2021, 9:27 pm
txn_1IQmADJm8ehcCWGIIu12StJ9 - 8994163040037217 - March 3, 2021, 9:27 pm
txn_1IR4lYJm8ehcCWGIG74VLr0k - 8994163040035213 - March 3, 2021, 9:27 pm
txn_1IQmBNJm8ehcCWGIuWyu84NJ - 8994163039972215 - March 3, 2021, 9:27 pm
txn_1IQalhJm8ehcCWGI3X2JQUDJ - 8994163039971218 - March 3, 2021, 9:27 pm
txn_1IQmPDJm8ehcCWGIFOVtuIoe - 8994163039990219 - March 3, 2021, 9:27 pm
txn_1IQmy3Jm8ehcCWGIAvGKHtoF - 8994163039989213 - March 3, 2021, 9:27 pm
txn_1IR1ZfJm8ehcCWGIR4X4aBhm - 8994163039988216 - March 3, 2021, 9:27 pm
txn_1IR5AYJm8ehcCWGIIzX5RNAR - 8994163039773218 - March 3, 2021, 9:28 pm
txn_1IR268Jm8ehcCWGI6N907dbu - 8994163039929219 - March 3, 2021, 9:28 pm
txn_1IQbQvJm8ehcCWGIgNFaGz09 - 8994163040020219 - March 3, 2021, 9:28 pm
txn_1IQfhMJm8ehcCWGIUm2WynlR - 8994163039771214 - March 3, 2021, 9:28 pm
txn_1IQuryJm8ehcCWGIyHcAAXRA - 8994163039928212 - March 3, 2021, 9:28 pm
txn_1IQjyNJm8ehcCWGIA7rX2Br6 - 8994163039926218 - March 3, 2021, 9:28 pm
2021Influencer453 - 8994163039927215 - March 3, 2021, 9:28 pm
txn_1IR29dJm8ehcCWGIVVSayEob - 8994163040018216 - March 3, 2021, 9:28 pm
txn_1IQc8DJm8ehcCWGIbozqBgik - 8994163040019213 - March 3, 2021, 9:28 pm
txn_1IQvZMJm8ehcCWGIOjhaESlZ - 8994163039772211 - March 3, 2021, 9:28 pm
2021Influencer450 - 8994163039925211 - March 3, 2021, 9:28 pm
txn_1IQcD5Jm8ehcCWGIRT0xqBar - 8994163039920216 - March 3, 2021, 9:28 pm
txn_1IQvhSJm8ehcCWGI5VjslDBJ - 8994163039924214 - March 3, 2021, 9:28 pm
txn_1IQftJJm8ehcCWGIe8qdwCaL - 8994163039923217 - March 3, 2021, 9:28 pm
txn_1IQkGBJm8ehcCWGIbgyBFoRF - 8994163039922210 - March 3, 2021, 9:28 pm
txn_1IR2C1Jm8ehcCWGIa4cfWiUu - 8994163040017219 - March 3, 2021, 9:28 pm
2021Influencer448 - 8994163039921213 - March 3, 2021, 9:28 pm
txn_1IQwEUJm8ehcCWGIVE4yhiQH - 8994163039770217 - March 3, 2021, 9:28 pm
txn_1IQgG2Jm8ehcCWGIgoQTwuoJ - 8994163039919210 - March 3, 2021, 9:28 pm
txn_1IR2FHJm8ehcCWGIoSdR1H4v - 8994163039917216 - March 3, 2021, 9:28 pm
txn_1IQkGoJm8ehcCWGI1gKndpzL - 8994163039918213 - March 3, 2021, 9:28 pm
2021Influencer447 - 8994163039769211 - March 3, 2021, 9:28 pm
txn_1IQcUcJm8ehcCWGIf787ZJvq - 8994163040016212 - March 3, 2021, 9:28 pm
txn_1IQwPaJm8ehcCWGIEKIpsveI - 8994163039916219 - March 3, 2021, 9:28 pm
txn_1IQgG4Jm8ehcCWGIDMKhhhJB - 8994163039915212 - March 3, 2021, 9:28 pm
txn_1IQkKHJm8ehcCWGI0vdIeazo - 8994163039914215 - March 3, 2021, 9:28 pm
txn_1IR2HDJm8ehcCWGIi54pZNBM - 8994163039913218 - March 3, 2021, 9:28 pm
2021Influencer445 - 8994163040015215 - March 3, 2021, 9:28 pm
txn_1IQwQOJm8ehcCWGI6lCXZAgS - 8994163039768214 - March 3, 2021, 9:28 pm
txn_1IQcUeJm8ehcCWGIkguZVIoH - 8994163039912211 - March 3, 2021, 9:28 pm
txn_1IQh73Jm8ehcCWGIbP0VMw6M - 8994163040014218 - March 3, 2021, 9:28 pm
txn_1IQbbQJm8ehcCWGIGRI6WRaG - 8994163039786218 - March 3, 2021, 9:28 pm
txn_1IR698Jm8ehcCWGIn4NKRgD8 - 8994163040032212 - March 3, 2021, 9:28 pm
txn_1IR4RvJm8ehcCWGIHQWeVsbW - 8994163039785211 - March 3, 2021, 9:28 pm
txn_1IQciiJm8ehcCWGIQcstXD65 - 8994163039784214 - March 3, 2021, 9:28 pm
txn_1IQhkMJm8ehcCWGIyGBMpcI1 - 8994163039959216 - March 3, 2021, 9:28 pm
txn_1IR4qcJm8ehcCWGIKX7xRAd5 - 8994163040031215 - March 3, 2021, 9:28 pm
txn_1IQdWNJm8ehcCWGIqXMCryvY - 8994163039956215 - March 3, 2021, 9:28 pm
txn_1IQiJyJm8ehcCWGIctK4gCpV - 8994163039954211 - March 3, 2021, 9:28 pm
txn_1IQRGwJm8ehcCWGIQLh51maY - 8994163039952217 - March 3, 2021, 9:28 pm
txn_1IQdjkJm8ehcCWGIs330lvrk - 8994163039953214 - March 3, 2021, 9:28 pm
txn_1IQzgMJm8ehcCWGIPudS1qqg - 8994163039951210 - March 3, 2021, 9:28 pm
txn_1IQj1qJm8ehcCWGImmuaFBP1 - 8994163039949217 - March 3, 2021, 9:28 pm
txn_1IQeyFJm8ehcCWGIoamruB2D - 8994163039950213 - March 3, 2021, 9:28 pm
txn_1IR045Jm8ehcCWGIu7u5h54Y - 8994163040030218 - March 3, 2021, 9:28 pm
txn_1IQRPTJm8ehcCWGITdRhK0T4 - 8994163039948210 - March 3, 2021, 9:28 pm
txn_1IR4u2Jm8ehcCWGIvpiVouOO - 8994163039947213 - March 3, 2021, 9:28 pm
txn_1IQf5xJm8ehcCWGI9P7yz81A - 8994163039946216 - March 3, 2021, 9:28 pm
txn_1IQjaHJm8ehcCWGI1o0HSDQA - 8994163039945219 - March 3, 2021, 9:28 pm
txn_1IR06sJm8ehcCWGILbhdxZyR - 8994163040029212 - March 3, 2021, 9:28 pm
txn_1IQRrIJm8ehcCWGIDxqk1xDK - 8994163039783217 - March 3, 2021, 9:28 pm
2021Influencer454 - 8994163039944212 - March 3, 2021, 9:28 pm
txn_1IQfIcJm8ehcCWGIzfFfLPk6 - 8994163040028215 - March 3, 2021, 9:28 pm
txn_1IQjs6Jm8ehcCWGIyMIjCC5t - 8994163039943215 - March 3, 2021, 9:28 pm
txn_1IQSc6Jm8ehcCWGI2zUVZLDW - 8994163039942218 - March 3, 2021, 9:28 pm
2021Influencer452 - 8994163040027218 - March 3, 2021, 9:28 pm
txn_1IR094Jm8ehcCWGIHeKvfMvo - 8994163039941211 - March 3, 2021, 9:28 pm
txn_1IQfNcJm8ehcCWGITLJrmd9K - 8994163039782210 - March 3, 2021, 9:28 pm
txn_1IQjvlJm8ehcCWGITZTjw8S1 - 8994163039940214 - March 3, 2021, 9:28 pm
txn_1IQX5IJm8ehcCWGINJzRHHHO - 8994163039939218 - March 3, 2021, 9:28 pm
txn_1IR0ARJm8ehcCWGIsT0j7GBy - 8994163039781213 - March 3, 2021, 9:28 pm
2021Influencer451 - 8994163039938211 - March 3, 2021, 9:28 pm
txn_1IQmOvJm8ehcCWGIxwr1j0qs - 8994163039986212 - March 3, 2021, 9:28 pm
txn_1IQfPNJm8ehcCWGIPbFE4sjZ - 8994163040043218 - March 3, 2021, 9:28 pm
txn_1IQQZUJm8ehcCWGISooDp2j0 - 8994163039792219 - March 3, 2021, 9:28 pm
txn_1IQhQGJm8ehcCWGIU85G2vwz - 8994163040042211 - March 3, 2021, 9:28 pm
txn_1IR1mcJm8ehcCWGITJcWpYER - 8994163039791212 - March 3, 2021, 9:28 pm
txn_1IQXHIJm8ehcCWGIWKCtxpO4 - 8994163039985215 - March 3, 2021, 9:28 pm
txn_1IQiOYJm8ehcCWGIqGGrhD7j - 8994163040041214 - March 3, 2021, 9:28 pm
txn_1IQZG2Jm8ehcCWGIbrxPhotx - 8994163039790215 - March 3, 2021, 9:28 pm
txn_1IR1ngJm8ehcCWGIPD63leQh - 8994163040040217 - March 3, 2021, 9:28 pm
txn_1IQifzJm8ehcCWGIFHPSBAUM - 8994163039984218 - March 3, 2021, 9:28 pm
txn_1IQZvgJm8ehcCWGIe346T7BJ - 8994163039789219 - March 3, 2021, 9:28 pm
txn_1IR203Jm8ehcCWGIADk1D6jQ - 8994163039982214 - March 3, 2021, 9:28 pm
txn_1IQkOyJm8ehcCWGIHJBzsHT2 - 8994163039981217 - March 3, 2021, 9:28 pm
txn_1IR2McJm8ehcCWGIYAO7H0ai - 8994163039788212 - March 3, 2021, 9:28 pm
txn_1IQa5OJm8ehcCWGIZ0pBudJ1 - 8994163039980210 - March 3, 2021, 9:28 pm
txn_1IQlCGJm8ehcCWGI4GscMZWr - 8994163039979214 - March 3, 2021, 9:28 pm
txn_1IR2wyJm8ehcCWGIn29Ks7Pv - 8994163039978217 - March 3, 2021, 9:28 pm
txn_1IQaJzJm8ehcCWGI4d86UypV - 8994163040039211 - March 3, 2021, 9:28 pm
txn_1IQlshJm8ehcCWGIeAoZRut2 - 8994163039977210 - March 3, 2021, 9:28 pm
txn_1IR49aJm8ehcCWGILZwh4ejr - 8994163039976213 - March 3, 2021, 9:28 pm
txn_1IQahUJm8ehcCWGIgulmtIza - 8994163039975216 - March 3, 2021, 9:28 pm
2021Influencer455 - 8994163040038214 - March 3, 2021, 9:28 pm
txn_1IR4LqJm8ehcCWGIAVXeTYiq - 8994163039973212 - March 3, 2021, 9:28 pm
txn_1IQakUJm8ehcCWGIYCcCCCc5 - 8994163040036210 - March 3, 2021, 9:28 pm
txn_1IQmADJm8ehcCWGIIu12StJ9 - 8994163040037217 - March 3, 2021, 9:28 pm
txn_1IR4lYJm8ehcCWGIG74VLr0k - 8994163040035213 - March 3, 2021, 9:28 pm
txn_1IQmBNJm8ehcCWGIuWyu84NJ - 8994163039972215 - March 3, 2021, 9:28 pm
txn_1IQalhJm8ehcCWGI3X2JQUDJ - 8994163039971218 - March 3, 2021, 9:28 pm
txn_1IQmPDJm8ehcCWGIFOVtuIoe - 8994163039990219 - March 3, 2021, 9:28 pm
txn_1IQmy3Jm8ehcCWGIAvGKHtoF - 8994163039989213 - March 3, 2021, 9:28 pm
txn_1IR1ZfJm8ehcCWGIR4X4aBhm - 8994163039988216 - March 3, 2021, 9:28 pm
txn_1IQdD9Jm8ehcCWGIIZ3OyNCf - 8994163040054214 - March 3, 2021, 9:28 pm
txn_1IQfTGJm8ehcCWGIIUxC58Ik - 8994163040053217 - March 3, 2021, 9:28 pm
txn_1IQfZzJm8ehcCWGI8Tu85XOj - 8994163039798211 - March 3, 2021, 9:28 pm
txn_1IQfgSJm8ehcCWGI27G36HRa - 8994163039993210 - March 3, 2021, 9:28 pm
txn_1IQhYGJm8ehcCWGI1yR082ya - 8994163039797214 - March 3, 2021, 9:28 pm
txn_1IQhbYJm8ehcCWGIpjk9u6fA - 8994163039992213 - March 3, 2021, 9:28 pm
txn_1IQhkhJm8ehcCWGIuiMWMFyj - 8994163039796217 - March 3, 2021, 9:28 pm
2021Influencer446 - 8994163040096214 - March 3, 2021, 9:39 pm
