txn_3JONfAJm8ehcCWGI015FbHbv - 8994163952127273 - August 16, 2021, 4:24 pm
txn_3JO5q2Jm8ehcCWGI0ZT2mVUX - 8994163951939273 - August 16, 2021, 4:24 pm
txn_3JOqRaJm8ehcCWGI17CMc94Z - 8994163952324276 - August 16, 2021, 4:24 pm
txn_3JNscgJm8ehcCWGI0kS1dN0X - 8994163952323279 - August 16, 2021, 4:24 pm
txn_3JOnCfJm8ehcCWGI1MVcm7Uu - 8994163951940279 - August 16, 2021, 4:24 pm
txn_3JOMnmJm8ehcCWGI1v1oUcf1 - 8994163951938276 - August 16, 2021, 4:24 pm
txn_3JOa75Jm8ehcCWGI1TONpzSY - 8994163952320278 - August 16, 2021, 4:24 pm
txn_3JOqBiJm8ehcCWGI1gsV0b2P - 8994163952123275 - August 16, 2021, 4:24 pm
txn_3JO49xJm8ehcCWGI03REKGQb - 8994163952122278 - August 16, 2021, 4:24 pm
txn_3JNrd5Jm8ehcCWGI0Pfd12aD - 8994163952120274 - August 16, 2021, 4:24 pm
txn_3JOFELJm8ehcCWGI1iRpU19z - 8994163951936272 - August 16, 2021, 4:24 pm
txn_3JOZu9Jm8ehcCWGI1eub9jlj - 8994163952319272 - August 16, 2021, 4:24 pm
txn_3JOXOzJm8ehcCWGI1rCTS5R2 - 8994163951934278 - August 16, 2021, 4:24 pm
txn_3JOp9VJm8ehcCWGI1GCqsJMo - 8994163952118271 - August 16, 2021, 4:24 pm
txn_3JO2YkJm8ehcCWGI1pNWlbfw - 8994163952116277 - August 16, 2021, 4:24 pm
txn_3JOEaDJm8ehcCWGI0iQVclrq - 8994163952316271 - August 16, 2021, 4:24 pm
txn_3JNrQNJm8ehcCWGI0GrXznbR - 8994163952117274 - August 16, 2021, 4:24 pm
txn_3JOZrKJm8ehcCWGI0nB9iZMH - 8994163952114273 - August 16, 2021, 4:24 pm
txn_3JOoB1Jm8ehcCWGI1TYPy2ig - 8994163952115270 - August 16, 2021, 4:24 pm
txn_3JOS7KJm8ehcCWGI0kxrwSII - 8994163952113276 - August 16, 2021, 4:24 pm
txn_3JNqweJm8ehcCWGI0Ivo5BqQ - 8994163952110275 - August 16, 2021, 4:24 pm
txn_3JO9XjJm8ehcCWGI08JHDzMG - 8994163952111272 - August 16, 2021, 4:24 pm
txn_3JO1foJm8ehcCWGI0QMOOpUG - 8994163952314277 - August 16, 2021, 4:24 pm
txn_3JOnpKJm8ehcCWGI0feiKpYe - 8994163952311276 - August 16, 2021, 4:24 pm
txn_3JOQQvJm8ehcCWGI17wXOsog - 8994163952312273 - August 16, 2021, 4:24 pm
txn_3JOYvUJm8ehcCWGI01VB6hhu - 8994163951933271 - August 16, 2021, 4:24 pm
txn_3JO9CuJm8ehcCWGI1lYCGMVf - 8994163952313270 - August 16, 2021, 4:24 pm
txn_3JNpH0Jm8ehcCWGI1Sj6mjqO - 8994163952310279 - August 16, 2021, 4:24 pm
txn_3JO1G3Jm8ehcCWGI0KtqjEji - 8994163952106278 - August 16, 2021, 4:24 pm
txn_3JOqsNJm8ehcCWGI1681e7Sd - 8994163951947278 - August 16, 2021, 4:24 pm
txn_3JNtn6Jm8ehcCWGI1BNKrLuV -  - August 16, 2021, 4:24 pm
txn_3JONfAJm8ehcCWGI015FbHbv - 8994163952127273 - August 16, 2021, 4:24 pm
txn_3JO5q2Jm8ehcCWGI0ZT2mVUX - 8994163951939273 - August 16, 2021, 4:24 pm
txn_3JOqRaJm8ehcCWGI17CMc94Z - 8994163952324276 - August 16, 2021, 4:24 pm
txn_3JNscgJm8ehcCWGI0kS1dN0X - 8994163952323279 - August 16, 2021, 4:24 pm
txn_3JOnCfJm8ehcCWGI1MVcm7Uu - 8994163951940279 - August 16, 2021, 4:24 pm
txn_3JOMnmJm8ehcCWGI1v1oUcf1 - 8994163951938276 - August 16, 2021, 4:24 pm
txn_3JOa75Jm8ehcCWGI1TONpzSY - 8994163952320278 - August 16, 2021, 4:24 pm
txn_3JOqBiJm8ehcCWGI1gsV0b2P - 8994163952123275 - August 16, 2021, 4:24 pm
txn_3JO49xJm8ehcCWGI03REKGQb - 8994163952122278 - August 16, 2021, 4:24 pm
txn_3JNrd5Jm8ehcCWGI0Pfd12aD - 8994163952120274 - August 16, 2021, 4:24 pm
txn_3JOFELJm8ehcCWGI1iRpU19z - 8994163951936272 - August 16, 2021, 4:24 pm
txn_3JOZu9Jm8ehcCWGI1eub9jlj - 8994163952319272 - August 16, 2021, 4:24 pm
txn_3JOXOzJm8ehcCWGI1rCTS5R2 - 8994163951934278 - August 16, 2021, 4:24 pm
txn_3JOp9VJm8ehcCWGI1GCqsJMo - 8994163952118271 - August 16, 2021, 4:24 pm
txn_3JO2YkJm8ehcCWGI1pNWlbfw - 8994163952116277 - August 16, 2021, 4:24 pm
txn_3JOEaDJm8ehcCWGI0iQVclrq - 8994163952316271 - August 16, 2021, 4:24 pm
txn_3JNrQNJm8ehcCWGI0GrXznbR - 8994163952117274 - August 16, 2021, 4:24 pm
txn_3JOZrKJm8ehcCWGI0nB9iZMH - 8994163952114273 - August 16, 2021, 4:24 pm
txn_3JOoB1Jm8ehcCWGI1TYPy2ig - 8994163952115270 - August 16, 2021, 4:24 pm
txn_3JOS7KJm8ehcCWGI0kxrwSII - 8994163952113276 - August 16, 2021, 4:24 pm
txn_3JNqweJm8ehcCWGI0Ivo5BqQ - 8994163952110275 - August 16, 2021, 4:24 pm
txn_3JO9XjJm8ehcCWGI08JHDzMG - 8994163952111272 - August 16, 2021, 4:24 pm
txn_3JO1foJm8ehcCWGI0QMOOpUG - 8994163952314277 - August 16, 2021, 4:24 pm
txn_3JOnpKJm8ehcCWGI0feiKpYe - 8994163952311276 - August 16, 2021, 4:24 pm
txn_3JOQQvJm8ehcCWGI17wXOsog - 8994163952312273 - August 16, 2021, 4:24 pm
txn_3JOYvUJm8ehcCWGI01VB6hhu - 8994163951933271 - August 16, 2021, 4:24 pm
txn_3JO9CuJm8ehcCWGI1lYCGMVf - 8994163952313270 - August 16, 2021, 4:24 pm
txn_3JNpH0Jm8ehcCWGI1Sj6mjqO - 8994163952310279 - August 16, 2021, 4:24 pm
txn_3JO1G3Jm8ehcCWGI0KtqjEji - 8994163952106278 - August 16, 2021, 4:24 pm
txn_3JOXjBJm8ehcCWGI10BO57U6 - 8994163952141279 - August 16, 2021, 4:24 pm
txn_3JOqsNJm8ehcCWGI1681e7Sd - 8994163951947278 - August 16, 2021, 4:24 pm
txn_3JObQXJm8ehcCWGI1734TMqo -  - August 16, 2021, 4:24 pm
txn_3JOYjYJm8ehcCWGI1UEz9eZz -  - August 16, 2021, 4:24 pm
txn_3JOYB4Jm8ehcCWGI0L84NMex -  - August 16, 2021, 4:24 pm
txn_3JO6iWJm8ehcCWGI1uCkGxdD -  - August 16, 2021, 4:24 pm
txn_3JNtn6Jm8ehcCWGI1BNKrLuV -  - August 16, 2021, 4:24 pm
txn_3JONfAJm8ehcCWGI015FbHbv - 8994163952127273 - August 16, 2021, 4:24 pm
txn_3JO5q2Jm8ehcCWGI0ZT2mVUX - 8994163951939273 - August 16, 2021, 4:24 pm
txn_3JOqRaJm8ehcCWGI17CMc94Z - 8994163952324276 - August 16, 2021, 4:24 pm
txn_3JNscgJm8ehcCWGI0kS1dN0X - 8994163952323279 - August 16, 2021, 4:24 pm
txn_3JOnCfJm8ehcCWGI1MVcm7Uu - 8994163951940279 - August 16, 2021, 4:24 pm
txn_3JOMnmJm8ehcCWGI1v1oUcf1 - 8994163951938276 - August 16, 2021, 4:24 pm
txn_3JOa75Jm8ehcCWGI1TONpzSY - 8994163952320278 - August 16, 2021, 4:24 pm
txn_3JOqBiJm8ehcCWGI1gsV0b2P - 8994163952123275 - August 16, 2021, 4:24 pm
txn_3JO49xJm8ehcCWGI03REKGQb - 8994163952122278 - August 16, 2021, 4:24 pm
txn_3JNrd5Jm8ehcCWGI0Pfd12aD - 8994163952120274 - August 16, 2021, 4:24 pm
txn_3JOFELJm8ehcCWGI1iRpU19z - 8994163951936272 - August 16, 2021, 4:24 pm
txn_3JOZu9Jm8ehcCWGI1eub9jlj - 8994163952319272 - August 16, 2021, 4:24 pm
txn_3JOXOzJm8ehcCWGI1rCTS5R2 - 8994163951934278 - August 16, 2021, 4:24 pm
txn_3JOp9VJm8ehcCWGI1GCqsJMo - 8994163952118271 - August 16, 2021, 4:24 pm
txn_3JO2YkJm8ehcCWGI1pNWlbfw - 8994163952116277 - August 16, 2021, 4:24 pm
txn_3JOEaDJm8ehcCWGI0iQVclrq - 8994163952316271 - August 16, 2021, 4:24 pm
txn_3JNrQNJm8ehcCWGI0GrXznbR - 8994163952117274 - August 16, 2021, 4:24 pm
txn_3JOZrKJm8ehcCWGI0nB9iZMH - 8994163952114273 - August 16, 2021, 4:24 pm
txn_3JOoB1Jm8ehcCWGI1TYPy2ig - 8994163952115270 - August 16, 2021, 4:24 pm
txn_3JOS7KJm8ehcCWGI0kxrwSII - 8994163952113276 - August 16, 2021, 4:24 pm
txn_3JNqweJm8ehcCWGI0Ivo5BqQ - 8994163952110275 - August 16, 2021, 4:24 pm
txn_3JO9XjJm8ehcCWGI08JHDzMG - 8994163952111272 - August 16, 2021, 4:24 pm
txn_3JO1foJm8ehcCWGI0QMOOpUG - 8994163952314277 - August 16, 2021, 4:24 pm
txn_3JOnpKJm8ehcCWGI0feiKpYe - 8994163952311276 - August 16, 2021, 4:24 pm
txn_3JOQQvJm8ehcCWGI17wXOsog - 8994163952312273 - August 16, 2021, 4:24 pm
txn_3JOYvUJm8ehcCWGI01VB6hhu - 8994163951933271 - August 16, 2021, 4:24 pm
txn_3JO9CuJm8ehcCWGI1lYCGMVf - 8994163952313270 - August 16, 2021, 4:24 pm
txn_3JNpH0Jm8ehcCWGI1Sj6mjqO - 8994163952310279 - August 16, 2021, 4:24 pm
txn_3JO1G3Jm8ehcCWGI0KtqjEji - 8994163952106278 - August 16, 2021, 4:24 pm
txn_3JOXjBJm8ehcCWGI10BO57U6 - 8994163952141279 - August 16, 2021, 4:24 pm
txn_3JOqsNJm8ehcCWGI1681e7Sd - 8994163951947278 - August 16, 2021, 4:24 pm
txn_3JObQXJm8ehcCWGI1734TMqo - 8994163952149275 - August 16, 2021, 4:24 pm
txn_3JOYjYJm8ehcCWGI1UEz9eZz - 8994163952148278 - August 16, 2021, 4:24 pm
txn_3JOYB4Jm8ehcCWGI0L84NMex - 8994163951955273 - August 16, 2021, 4:24 pm
txn_3JO6iWJm8ehcCWGI1uCkGxdD - 8994163952341273 - August 16, 2021, 4:24 pm
txn_3JONfAJm8ehcCWGI015FbHbv - 8994163952127273 - August 16, 2021, 4:24 pm
txn_3JO5q2Jm8ehcCWGI0ZT2mVUX - 8994163951939273 - August 16, 2021, 4:24 pm
txn_3JOqRaJm8ehcCWGI17CMc94Z - 8994163952324276 - August 16, 2021, 4:24 pm
txn_3JNscgJm8ehcCWGI0kS1dN0X - 8994163952323279 - August 16, 2021, 4:24 pm
txn_3JOnCfJm8ehcCWGI1MVcm7Uu - 8994163951940279 - August 16, 2021, 4:24 pm
txn_3JOMnmJm8ehcCWGI1v1oUcf1 - 8994163951938276 - August 16, 2021, 4:24 pm
txn_3JOa75Jm8ehcCWGI1TONpzSY - 8994163952320278 - August 16, 2021, 4:24 pm
txn_3JOqBiJm8ehcCWGI1gsV0b2P - 8994163952123275 - August 16, 2021, 4:24 pm
txn_3JO49xJm8ehcCWGI03REKGQb - 8994163952122278 - August 16, 2021, 4:24 pm
txn_3JNrd5Jm8ehcCWGI0Pfd12aD - 8994163952120274 - August 16, 2021, 4:24 pm
txn_3JOFELJm8ehcCWGI1iRpU19z - 8994163951936272 - August 16, 2021, 4:24 pm
txn_3JOZu9Jm8ehcCWGI1eub9jlj - 8994163952319272 - August 16, 2021, 4:24 pm
txn_3JOXOzJm8ehcCWGI1rCTS5R2 - 8994163951934278 - August 16, 2021, 4:24 pm
txn_3JOp9VJm8ehcCWGI1GCqsJMo - 8994163952118271 - August 16, 2021, 4:24 pm
txn_3JO2YkJm8ehcCWGI1pNWlbfw - 8994163952116277 - August 16, 2021, 4:24 pm
txn_3JOEaDJm8ehcCWGI0iQVclrq - 8994163952316271 - August 16, 2021, 4:24 pm
txn_3JNrQNJm8ehcCWGI0GrXznbR - 8994163952117274 - August 16, 2021, 4:24 pm
txn_3JOZrKJm8ehcCWGI0nB9iZMH - 8994163952114273 - August 16, 2021, 4:24 pm
txn_3JOoB1Jm8ehcCWGI1TYPy2ig - 8994163952115270 - August 16, 2021, 4:24 pm
txn_3JOS7KJm8ehcCWGI0kxrwSII - 8994163952113276 - August 16, 2021, 4:24 pm
txn_3JNqweJm8ehcCWGI0Ivo5BqQ - 8994163952110275 - August 16, 2021, 4:24 pm
txn_3JO9XjJm8ehcCWGI08JHDzMG - 8994163952111272 - August 16, 2021, 4:24 pm
txn_3JO1foJm8ehcCWGI0QMOOpUG - 8994163952314277 - August 16, 2021, 4:24 pm
txn_3JOnpKJm8ehcCWGI0feiKpYe - 8994163952311276 - August 16, 2021, 4:24 pm
txn_3JOQQvJm8ehcCWGI17wXOsog - 8994163952312273 - August 16, 2021, 4:24 pm
txn_3JOYvUJm8ehcCWGI01VB6hhu - 8994163951933271 - August 16, 2021, 4:24 pm
txn_3JO9CuJm8ehcCWGI1lYCGMVf - 8994163952313270 - August 16, 2021, 4:24 pm
txn_3JNpH0Jm8ehcCWGI1Sj6mjqO - 8994163952310279 - August 16, 2021, 4:24 pm
txn_3JO1G3Jm8ehcCWGI0KtqjEji - 8994163952106278 - August 16, 2021, 4:24 pm
txn_3JOXjBJm8ehcCWGI10BO57U6 - 8994163952141279 - August 16, 2021, 4:24 pm
txn_3JOqsNJm8ehcCWGI1681e7Sd - 8994163951947278 - August 16, 2021, 4:24 pm
txn_3JObQXJm8ehcCWGI1734TMqo - 8994163952149275 - August 16, 2021, 4:24 pm
txn_3JOYjYJm8ehcCWGI1UEz9eZz - 8994163952148278 - August 16, 2021, 4:24 pm
txn_3JOYB4Jm8ehcCWGI0L84NMex - 8994163951955273 - August 16, 2021, 4:24 pm
txn_3JO6iWJm8ehcCWGI1uCkGxdD - 8994163952341273 - August 16, 2021, 4:24 pm
txn_3JONfAJm8ehcCWGI015FbHbv - 8994163952127273 - August 16, 2021, 4:25 pm
txn_3JO5q2Jm8ehcCWGI0ZT2mVUX - 8994163951939273 - August 16, 2021, 4:25 pm
txn_3JOqRaJm8ehcCWGI17CMc94Z - 8994163952324276 - August 16, 2021, 4:25 pm
txn_3JNscgJm8ehcCWGI0kS1dN0X - 8994163952323279 - August 16, 2021, 4:25 pm
txn_3JOnCfJm8ehcCWGI1MVcm7Uu - 8994163951940279 - August 16, 2021, 4:25 pm
txn_3JOMnmJm8ehcCWGI1v1oUcf1 - 8994163951938276 - August 16, 2021, 4:25 pm
txn_3JOa75Jm8ehcCWGI1TONpzSY - 8994163952320278 - August 16, 2021, 4:25 pm
txn_3JOqBiJm8ehcCWGI1gsV0b2P - 8994163952123275 - August 16, 2021, 4:25 pm
txn_3JO49xJm8ehcCWGI03REKGQb - 8994163952122278 - August 16, 2021, 4:25 pm
txn_3JNrd5Jm8ehcCWGI0Pfd12aD - 8994163952120274 - August 16, 2021, 4:25 pm
txn_3JOFELJm8ehcCWGI1iRpU19z - 8994163951936272 - August 16, 2021, 4:25 pm
txn_3JOZu9Jm8ehcCWGI1eub9jlj - 8994163952319272 - August 16, 2021, 4:25 pm
txn_3JOXOzJm8ehcCWGI1rCTS5R2 - 8994163951934278 - August 16, 2021, 4:25 pm
txn_3JOp9VJm8ehcCWGI1GCqsJMo - 8994163952118271 - August 16, 2021, 4:25 pm
txn_3JO2YkJm8ehcCWGI1pNWlbfw - 8994163952116277 - August 16, 2021, 4:25 pm
txn_3JOEaDJm8ehcCWGI0iQVclrq - 8994163952316271 - August 16, 2021, 4:25 pm
txn_3JNrQNJm8ehcCWGI0GrXznbR - 8994163952117274 - August 16, 2021, 4:25 pm
txn_3JOZrKJm8ehcCWGI0nB9iZMH - 8994163952114273 - August 16, 2021, 4:25 pm
txn_3JOoB1Jm8ehcCWGI1TYPy2ig - 8994163952115270 - August 16, 2021, 4:25 pm
txn_3JOS7KJm8ehcCWGI0kxrwSII - 8994163952113276 - August 16, 2021, 4:25 pm
txn_3JNqweJm8ehcCWGI0Ivo5BqQ - 8994163952110275 - August 16, 2021, 4:25 pm
txn_3JO9XjJm8ehcCWGI08JHDzMG - 8994163952111272 - August 16, 2021, 4:25 pm
txn_3JO1foJm8ehcCWGI0QMOOpUG - 8994163952314277 - August 16, 2021, 4:25 pm
txn_3JOnpKJm8ehcCWGI0feiKpYe - 8994163952311276 - August 16, 2021, 4:25 pm
txn_3JOQQvJm8ehcCWGI17wXOsog - 8994163952312273 - August 16, 2021, 4:25 pm
txn_3JOYvUJm8ehcCWGI01VB6hhu - 8994163951933271 - August 16, 2021, 4:25 pm
txn_3JO9CuJm8ehcCWGI1lYCGMVf - 8994163952313270 - August 16, 2021, 4:25 pm
txn_3JNpH0Jm8ehcCWGI1Sj6mjqO - 8994163952310279 - August 16, 2021, 4:25 pm
txn_3JO1G3Jm8ehcCWGI0KtqjEji - 8994163952106278 - August 16, 2021, 4:25 pm
txn_3JOXjBJm8ehcCWGI10BO57U6 - 8994163952141279 - August 16, 2021, 4:25 pm
txn_3JOqsNJm8ehcCWGI1681e7Sd - 8994163951947278 - August 16, 2021, 4:25 pm
txn_3JObQXJm8ehcCWGI1734TMqo - 8994163952149275 - August 16, 2021, 4:25 pm
txn_3JOYjYJm8ehcCWGI1UEz9eZz - 8994163952148278 - August 16, 2021, 4:25 pm
txn_3JOYB4Jm8ehcCWGI0L84NMex - 8994163951955273 - August 16, 2021, 4:25 pm
txn_3JO6iWJm8ehcCWGI1uCkGxdD - 8994163952341273 - August 16, 2021, 4:25 pm
txn_3JNtn6Jm8ehcCWGI1BNKrLuV - 8994163951959271 - August 16, 2021, 4:25 pm
