txn_1J7VUUJm8ehcCWGIVKPVowyQ - 8994163158143268 - June 30, 2021, 4:50 pm
txn_1J7mOAJm8ehcCWGI3NAybgeU - 8994163157932269 - June 30, 2021, 4:50 pm
txn_1J7WjGJm8ehcCWGIWzaHcgCf - 8994163158231262 - June 30, 2021, 4:50 pm
2021Influencer723 - 8994163157931262 - June 30, 2021, 4:50 pm
txn_1J7omoJm8ehcCWGIszLKSuSJ - 8994163158152260 - June 30, 2021, 4:50 pm
txn_1J7i92Jm8ehcCWGINIvAPlNM - 8994163157930265 - June 30, 2021, 4:50 pm
txn_1J7ZWpJm8ehcCWGItpsoIr1D - 8994163157929269 - June 30, 2021, 4:50 pm
txn_1J7WPbJm8ehcCWGIw2wNBujV - 8994163157926268 - June 30, 2021, 4:50 pm
txn_1J7mDzJm8ehcCWGIwjbg4iLU - 8994163157927265 - June 30, 2021, 4:50 pm
txn_1J7o45Jm8ehcCWGIKgrdylZL - 8994163158230265 - June 30, 2021, 4:50 pm
txn_1J7hZGJm8ehcCWGII8O64XIB - 8994163158229269 - June 30, 2021, 4:50 pm
txn_1Iu4eQJm8ehcCWGIqydvLtsp_X - 8994163158151263 - June 30, 2021, 4:50 pm
txn_1J7ZQbJm8ehcCWGIQrYAyfPG - 8994163158150266 - June 30, 2021, 4:50 pm
txn_1J7jXwJm8ehcCWGI9o5LFFpN - 8994163158148263 - June 30, 2021, 4:50 pm
txn_1J7g6ZJm8ehcCWGIAGHX4mrM - 8994163157925261 - June 30, 2021, 4:50 pm
txn_1J7nD1Jm8ehcCWGIUsMJTCXN - 8994163158226268 - June 30, 2021, 4:50 pm
2021Influencer726 - 8994163157924264 - June 30, 2021, 4:50 pm
txn_1J7YBvJm8ehcCWGIkpt40m6x - 8994163157923267 - June 30, 2021, 4:50 pm
txn_1J7VfzJm8ehcCWGIyEWp6kpF - 8994163158147266 - June 30, 2021, 4:50 pm
txn_1J7mxeJm8ehcCWGIsa4egF65 - 8994163158223267 - June 30, 2021, 4:50 pm
txn_1J7fggJm8ehcCWGIHLdzBcLI - 8994163157921263 - June 30, 2021, 4:50 pm
2021Influencer725 - 8994163158224264 - June 30, 2021, 4:50 pm
txn_1J7ib8Jm8ehcCWGIkFtr63Xx - 8994163157920266 - June 30, 2021, 4:50 pm
txn_1J7XUdJm8ehcCWGIaPZhDmY5 - 8994163158144265 - June 30, 2021, 4:50 pm
txn_1J7VUUJm8ehcCWGIVKPVowyQ - 8994163158143268 - June 30, 2021, 4:50 pm
txn_1J7mOAJm8ehcCWGI3NAybgeU - 8994163157932269 - June 30, 2021, 4:50 pm
txn_1J7WjGJm8ehcCWGIWzaHcgCf - 8994163158231262 - June 30, 2021, 4:50 pm
2021Influencer723 - 8994163157931262 - June 30, 2021, 4:50 pm
txn_1J7omoJm8ehcCWGIszLKSuSJ - 8994163158152260 - June 30, 2021, 4:50 pm
txn_1J7i92Jm8ehcCWGINIvAPlNM - 8994163157930265 - June 30, 2021, 4:50 pm
txn_1J7ZWpJm8ehcCWGItpsoIr1D - 8994163157929269 - June 30, 2021, 4:50 pm
txn_1J7WPbJm8ehcCWGIw2wNBujV - 8994163157926268 - June 30, 2021, 4:50 pm
txn_1J7mDzJm8ehcCWGIwjbg4iLU - 8994163157927265 - June 30, 2021, 4:50 pm
txn_1J7o45Jm8ehcCWGIKgrdylZL - 8994163158230265 - June 30, 2021, 4:50 pm
txn_1J7hZGJm8ehcCWGII8O64XIB - 8994163158229269 - June 30, 2021, 4:50 pm
txn_1Iu4eQJm8ehcCWGIqydvLtsp_X - 8994163158151263 - June 30, 2021, 4:50 pm
txn_1J7ZQbJm8ehcCWGIQrYAyfPG - 8994163158150266 - June 30, 2021, 4:50 pm
txn_1J7jXwJm8ehcCWGI9o5LFFpN - 8994163158148263 - June 30, 2021, 4:50 pm
txn_1J7g6ZJm8ehcCWGIAGHX4mrM - 8994163157925261 - June 30, 2021, 4:50 pm
txn_1J7nD1Jm8ehcCWGIUsMJTCXN - 8994163158226268 - June 30, 2021, 4:50 pm
2021Influencer726 - 8994163157924264 - June 30, 2021, 4:50 pm
txn_1J7YBvJm8ehcCWGIkpt40m6x - 8994163157923267 - June 30, 2021, 4:50 pm
txn_1J7VfzJm8ehcCWGIyEWp6kpF - 8994163158147266 - June 30, 2021, 4:50 pm
txn_1J7mxeJm8ehcCWGIsa4egF65 - 8994163158223267 - June 30, 2021, 4:50 pm
txn_1J7fggJm8ehcCWGIHLdzBcLI - 8994163157921263 - June 30, 2021, 4:50 pm
2021Influencer725 - 8994163158224264 - June 30, 2021, 4:50 pm
txn_1J7ib8Jm8ehcCWGIkFtr63Xx - 8994163157920266 - June 30, 2021, 4:50 pm
txn_1J7XUdJm8ehcCWGIaPZhDmY5 - 8994163158144265 - June 30, 2021, 4:50 pm
txn_1J7VUUJm8ehcCWGIVKPVowyQ - 8994163158143268 - June 30, 2021, 4:51 pm
txn_1J7mOAJm8ehcCWGI3NAybgeU - 8994163157932269 - June 30, 2021, 4:51 pm
txn_1J7WjGJm8ehcCWGIWzaHcgCf - 8994163158231262 - June 30, 2021, 4:51 pm
2021Influencer723 - 8994163157931262 - June 30, 2021, 4:51 pm
txn_1J7omoJm8ehcCWGIszLKSuSJ - 8994163158152260 - June 30, 2021, 4:51 pm
txn_1J7i92Jm8ehcCWGINIvAPlNM - 8994163157930265 - June 30, 2021, 4:51 pm
txn_1J7ZWpJm8ehcCWGItpsoIr1D - 8994163157929269 - June 30, 2021, 4:51 pm
txn_1J7WPbJm8ehcCWGIw2wNBujV - 8994163157926268 - June 30, 2021, 4:51 pm
txn_1J7mDzJm8ehcCWGIwjbg4iLU - 8994163157927265 - June 30, 2021, 4:51 pm
txn_1J7o45Jm8ehcCWGIKgrdylZL - 8994163158230265 - June 30, 2021, 4:51 pm
txn_1J7hZGJm8ehcCWGII8O64XIB - 8994163158229269 - June 30, 2021, 4:51 pm
txn_1Iu4eQJm8ehcCWGIqydvLtsp_X - 8994163158151263 - June 30, 2021, 4:51 pm
txn_1J7ZQbJm8ehcCWGIQrYAyfPG - 8994163158150266 - June 30, 2021, 4:51 pm
txn_1J7jXwJm8ehcCWGI9o5LFFpN - 8994163158148263 - June 30, 2021, 4:51 pm
txn_1J7g6ZJm8ehcCWGIAGHX4mrM - 8994163157925261 - June 30, 2021, 4:51 pm
txn_1J7nD1Jm8ehcCWGIUsMJTCXN - 8994163158226268 - June 30, 2021, 4:51 pm
2021Influencer726 - 8994163157924264 - June 30, 2021, 4:51 pm
txn_1J7YBvJm8ehcCWGIkpt40m6x - 8994163157923267 - June 30, 2021, 4:51 pm
txn_1J7VfzJm8ehcCWGIyEWp6kpF - 8994163158147266 - June 30, 2021, 4:51 pm
txn_1J7mxeJm8ehcCWGIsa4egF65 - 8994163158223267 - June 30, 2021, 4:51 pm
txn_1J7fggJm8ehcCWGIHLdzBcLI - 8994163157921263 - June 30, 2021, 4:51 pm
2021Influencer725 - 8994163158224264 - June 30, 2021, 4:51 pm
txn_1J7ib8Jm8ehcCWGIkFtr63Xx - 8994163157920266 - June 30, 2021, 4:51 pm
txn_1J7XUdJm8ehcCWGIaPZhDmY5 - 8994163158144265 - June 30, 2021, 4:51 pm
txn_1J7VUUJm8ehcCWGIVKPVowyQ - 8994163158143268 - June 30, 2021, 4:51 pm
txn_1J7mOAJm8ehcCWGI3NAybgeU - 8994163157932269 - June 30, 2021, 4:51 pm
txn_1J7WjGJm8ehcCWGIWzaHcgCf - 8994163158231262 - June 30, 2021, 4:51 pm
2021Influencer723 - 8994163157931262 - June 30, 2021, 4:51 pm
txn_1J7omoJm8ehcCWGIszLKSuSJ - 8994163158152260 - June 30, 2021, 4:51 pm
txn_1J7i92Jm8ehcCWGINIvAPlNM - 8994163157930265 - June 30, 2021, 4:51 pm
txn_1J7ZWpJm8ehcCWGItpsoIr1D - 8994163157929269 - June 30, 2021, 4:51 pm
txn_1J7WPbJm8ehcCWGIw2wNBujV - 8994163157926268 - June 30, 2021, 4:51 pm
txn_1J7mDzJm8ehcCWGIwjbg4iLU - 8994163157927265 - June 30, 2021, 4:51 pm
txn_1J7o45Jm8ehcCWGIKgrdylZL - 8994163158230265 - June 30, 2021, 4:51 pm
txn_1J7hZGJm8ehcCWGII8O64XIB - 8994163158229269 - June 30, 2021, 4:51 pm
txn_1Iu4eQJm8ehcCWGIqydvLtsp_X - 8994163158151263 - June 30, 2021, 4:51 pm
txn_1J7ZQbJm8ehcCWGIQrYAyfPG - 8994163158150266 - June 30, 2021, 4:51 pm
txn_1J7jXwJm8ehcCWGI9o5LFFpN - 8994163158148263 - June 30, 2021, 4:51 pm
txn_1J7g6ZJm8ehcCWGIAGHX4mrM - 8994163157925261 - June 30, 2021, 4:51 pm
txn_1J7nD1Jm8ehcCWGIUsMJTCXN - 8994163158226268 - June 30, 2021, 4:51 pm
2021Influencer726 - 8994163157924264 - June 30, 2021, 4:51 pm
txn_1J7YBvJm8ehcCWGIkpt40m6x - 8994163157923267 - June 30, 2021, 4:51 pm
txn_1J7VfzJm8ehcCWGIyEWp6kpF - 8994163158147266 - June 30, 2021, 4:51 pm
txn_1J7mxeJm8ehcCWGIsa4egF65 - 8994163158223267 - June 30, 2021, 4:51 pm
txn_1J7fggJm8ehcCWGIHLdzBcLI - 8994163157921263 - June 30, 2021, 4:51 pm
2021Influencer725 - 8994163158224264 - June 30, 2021, 4:51 pm
txn_1J7ib8Jm8ehcCWGIkFtr63Xx - 8994163157920266 - June 30, 2021, 4:51 pm
txn_1J7XUdJm8ehcCWGIaPZhDmY5 - 8994163158144265 - June 30, 2021, 4:51 pm
txn_1J7VUUJm8ehcCWGIVKPVowyQ - 8994163158143268 - June 30, 2021, 4:51 pm
txn_1J7mOAJm8ehcCWGI3NAybgeU - 8994163157932269 - June 30, 2021, 4:51 pm
txn_1J7WjGJm8ehcCWGIWzaHcgCf - 8994163158231262 - June 30, 2021, 4:51 pm
2021Influencer723 - 8994163157931262 - June 30, 2021, 4:51 pm
txn_1J7omoJm8ehcCWGIszLKSuSJ - 8994163158152260 - June 30, 2021, 4:51 pm
txn_1J7i92Jm8ehcCWGINIvAPlNM - 8994163157930265 - June 30, 2021, 4:51 pm
txn_1J7ZWpJm8ehcCWGItpsoIr1D - 8994163157929269 - June 30, 2021, 4:51 pm
txn_1J7WPbJm8ehcCWGIw2wNBujV - 8994163157926268 - June 30, 2021, 4:51 pm
txn_1J7mDzJm8ehcCWGIwjbg4iLU - 8994163157927265 - June 30, 2021, 4:51 pm
txn_1J7o45Jm8ehcCWGIKgrdylZL - 8994163158230265 - June 30, 2021, 4:51 pm
txn_1J7hZGJm8ehcCWGII8O64XIB - 8994163158229269 - June 30, 2021, 4:51 pm
txn_1Iu4eQJm8ehcCWGIqydvLtsp_X - 8994163158151263 - June 30, 2021, 4:51 pm
txn_1J7ZQbJm8ehcCWGIQrYAyfPG - 8994163158150266 - June 30, 2021, 4:51 pm
txn_1J7jXwJm8ehcCWGI9o5LFFpN - 8994163158148263 - June 30, 2021, 4:51 pm
txn_1J7g6ZJm8ehcCWGIAGHX4mrM - 8994163157925261 - June 30, 2021, 4:51 pm
txn_1J7nD1Jm8ehcCWGIUsMJTCXN - 8994163158226268 - June 30, 2021, 4:51 pm
2021Influencer726 - 8994163157924264 - June 30, 2021, 4:51 pm
txn_1J7YBvJm8ehcCWGIkpt40m6x - 8994163157923267 - June 30, 2021, 4:51 pm
txn_1J7VfzJm8ehcCWGIyEWp6kpF - 8994163158147266 - June 30, 2021, 4:51 pm
txn_1J7mxeJm8ehcCWGIsa4egF65 - 8994163158223267 - June 30, 2021, 4:51 pm
txn_1J7fggJm8ehcCWGIHLdzBcLI - 8994163157921263 - June 30, 2021, 4:51 pm
2021Influencer725 - 8994163158224264 - June 30, 2021, 4:51 pm
txn_1J7ib8Jm8ehcCWGIkFtr63Xx - 8994163157920266 - June 30, 2021, 4:51 pm
txn_1J7XUdJm8ehcCWGIaPZhDmY5 - 8994163158144265 - June 30, 2021, 4:51 pm
txn_1J7VUUJm8ehcCWGIVKPVowyQ - 8994163158143268 - June 30, 2021, 4:51 pm
txn_1J7mOAJm8ehcCWGI3NAybgeU - 8994163157932269 - June 30, 2021, 4:51 pm
txn_1J7WjGJm8ehcCWGIWzaHcgCf - 8994163158231262 - June 30, 2021, 4:51 pm
2021Influencer723 - 8994163157931262 - June 30, 2021, 4:51 pm
txn_1J7omoJm8ehcCWGIszLKSuSJ - 8994163158152260 - June 30, 2021, 4:51 pm
txn_1J7i92Jm8ehcCWGINIvAPlNM - 8994163157930265 - June 30, 2021, 4:51 pm
txn_1J7ZWpJm8ehcCWGItpsoIr1D - 8994163157929269 - June 30, 2021, 4:51 pm
txn_1J7WPbJm8ehcCWGIw2wNBujV - 8994163157926268 - June 30, 2021, 4:51 pm
txn_1J7mDzJm8ehcCWGIwjbg4iLU - 8994163157927265 - June 30, 2021, 4:51 pm
txn_1J7o45Jm8ehcCWGIKgrdylZL - 8994163158230265 - June 30, 2021, 4:51 pm
txn_1J7hZGJm8ehcCWGII8O64XIB - 8994163158229269 - June 30, 2021, 4:51 pm
txn_1Iu4eQJm8ehcCWGIqydvLtsp_X - 8994163158151263 - June 30, 2021, 4:51 pm
txn_1J7ZQbJm8ehcCWGIQrYAyfPG - 8994163158150266 - June 30, 2021, 4:51 pm
txn_1J7jXwJm8ehcCWGI9o5LFFpN - 8994163158148263 - June 30, 2021, 4:51 pm
txn_1J7g6ZJm8ehcCWGIAGHX4mrM - 8994163157925261 - June 30, 2021, 4:51 pm
txn_1J7nD1Jm8ehcCWGIUsMJTCXN - 8994163158226268 - June 30, 2021, 4:51 pm
2021Influencer726 - 8994163157924264 - June 30, 2021, 4:51 pm
txn_1J7YBvJm8ehcCWGIkpt40m6x - 8994163157923267 - June 30, 2021, 4:51 pm
txn_1J7VfzJm8ehcCWGIyEWp6kpF - 8994163158147266 - June 30, 2021, 4:51 pm
txn_1J7mxeJm8ehcCWGIsa4egF65 - 8994163158223267 - June 30, 2021, 4:51 pm
txn_1J7fggJm8ehcCWGIHLdzBcLI - 8994163157921263 - June 30, 2021, 4:51 pm
2021Influencer725 - 8994163158224264 - June 30, 2021, 4:51 pm
txn_1J7ib8Jm8ehcCWGIkFtr63Xx - 8994163157920266 - June 30, 2021, 4:51 pm
txn_1J7XUdJm8ehcCWGIaPZhDmY5 - 8994163158144265 - June 30, 2021, 4:51 pm
txn_1J7VUUJm8ehcCWGIVKPVowyQ - 8994163158143268 - June 30, 2021, 4:51 pm
txn_1J7mOAJm8ehcCWGI3NAybgeU - 8994163157932269 - June 30, 2021, 4:51 pm
txn_1J7WjGJm8ehcCWGIWzaHcgCf - 8994163158231262 - June 30, 2021, 4:51 pm
2021Influencer723 - 8994163157931262 - June 30, 2021, 4:51 pm
txn_1J7omoJm8ehcCWGIszLKSuSJ - 8994163158152260 - June 30, 2021, 4:51 pm
txn_1J7i92Jm8ehcCWGINIvAPlNM - 8994163157930265 - June 30, 2021, 4:51 pm
txn_1J7ZWpJm8ehcCWGItpsoIr1D - 8994163157929269 - June 30, 2021, 4:51 pm
txn_1J7WPbJm8ehcCWGIw2wNBujV - 8994163157926268 - June 30, 2021, 4:51 pm
txn_1J7mDzJm8ehcCWGIwjbg4iLU - 8994163157927265 - June 30, 2021, 4:51 pm
txn_1J7o45Jm8ehcCWGIKgrdylZL - 8994163158230265 - June 30, 2021, 4:51 pm
txn_1J7hZGJm8ehcCWGII8O64XIB - 8994163158229269 - June 30, 2021, 4:51 pm
txn_1Iu4eQJm8ehcCWGIqydvLtsp_X - 8994163158151263 - June 30, 2021, 4:51 pm
txn_1J7ZQbJm8ehcCWGIQrYAyfPG - 8994163158150266 - June 30, 2021, 4:51 pm
txn_1J7jXwJm8ehcCWGI9o5LFFpN - 8994163158148263 - June 30, 2021, 4:51 pm
txn_1J7g6ZJm8ehcCWGIAGHX4mrM - 8994163157925261 - June 30, 2021, 4:51 pm
txn_1J7nD1Jm8ehcCWGIUsMJTCXN - 8994163158226268 - June 30, 2021, 4:51 pm
2021Influencer726 - 8994163157924264 - June 30, 2021, 4:51 pm
txn_1J7YBvJm8ehcCWGIkpt40m6x - 8994163157923267 - June 30, 2021, 4:51 pm
txn_1J7VfzJm8ehcCWGIyEWp6kpF - 8994163158147266 - June 30, 2021, 4:51 pm
txn_1J7mxeJm8ehcCWGIsa4egF65 - 8994163158223267 - June 30, 2021, 4:51 pm
txn_1J7fggJm8ehcCWGIHLdzBcLI - 8994163157921263 - June 30, 2021, 4:51 pm
2021Influencer725 - 8994163158224264 - June 30, 2021, 4:51 pm
txn_1J7ib8Jm8ehcCWGIkFtr63Xx - 8994163157920266 - June 30, 2021, 4:51 pm
txn_1J7XUdJm8ehcCWGIaPZhDmY5 - 8994163158144265 - June 30, 2021, 4:51 pm
2021Influencer724 - 8994163157954261 - June 30, 2021, 4:51 pm
txn_1J7mTaJm8ehcCWGIlWXkzylz - 8994163157953264 - June 30, 2021, 4:51 pm
txn_1J7rjWJm8ehcCWGIh4Dca5Dy - 8994163157952267 - June 30, 2021, 4:51 pm
txn_1J7iTdJm8ehcCWGI3wDNh6lE - 8994163158173265 - June 30, 2021, 4:51 pm
txn_1J7rd9Jm8ehcCWGI0u57V9Fx - 8994163158171261 - June 30, 2021, 4:51 pm
txn_1J7f2oJm8ehcCWGIsF9uNvXu - 8994163158170264 - June 30, 2021, 4:51 pm
txn_1J7rFGJm8ehcCWGIa0Nfy2Pz - 8994163158168261 - June 30, 2021, 4:51 pm
txn_1J7XEjJm8ehcCWGIhdVLWTKa - 8994163158167264 - June 30, 2021, 4:51 pm
