txn_1IV47UJm8ehcCWGIKbJMc8Fy - 8994163477714217 - March 15, 2021, 2:44 pm
2021Influencer472 - 8994163477982210 - March 15, 2021, 2:44 pm
txn_1IUHu6Jm8ehcCWGIZsUooEsd - 8994163477981213 - March 15, 2021, 2:44 pm
2021Influencer490 - 8994163477980216 - March 15, 2021, 2:44 pm
txn_1IUgp7Jm8ehcCWGIx94QmblQ - 8994163477711216 - March 15, 2021, 2:44 pm
txn_1IV3WgJm8ehcCWGIyVyiCbcD - 8994163477979210 - March 15, 2021, 2:44 pm
2021Influencer502 - 8994163478058211 - March 15, 2021, 2:44 pm
2021Influencer471 - 8994163478057214 - March 15, 2021, 2:44 pm
txn_1IUETzJm8ehcCWGIKcukstdT - 8994163478054213 - March 15, 2021, 2:44 pm
2021Influencer489 - 8994163477976219 - March 15, 2021, 2:44 pm
txn_1IUfl4Jm8ehcCWGIyUZD2Xp3 - 8994163478055210 - March 15, 2021, 2:44 pm
txn_1IV2ooJm8ehcCWGIY2I2QtuD - 8994163478053216 - March 15, 2021, 2:44 pm
2021Influencer501 - 8994163478052219 - March 15, 2021, 2:44 pm
2021Influencer470 - 8994163478051212 - March 15, 2021, 2:44 pm
txn_1IUfNcJm8ehcCWGI83eg9uvf - 8994163478049219 - March 15, 2021, 2:44 pm
txn_1IUDEiJm8ehcCWGIliWU19l3 - 8994163477972211 - March 15, 2021, 2:44 pm
2021Influencer488 - 8994163477707219 - March 15, 2021, 2:44 pm
2021Influencer500 - 8994163478048212 - March 15, 2021, 2:44 pm
txn_1IV2l0Jm8ehcCWGIiJAvJhjK - 8994163477973218 - March 15, 2021, 2:44 pm
2021Influencer469 - 8994163477974215 - March 15, 2021, 2:44 pm
txn_1IV47UJm8ehcCWGIKbJMc8Fy - 8994163477714217 - March 15, 2021, 2:56 pm
2021Influencer472 - 8994163477982210 - March 15, 2021, 2:56 pm
txn_1IUHu6Jm8ehcCWGIZsUooEsd - 8994163477981213 - March 15, 2021, 2:56 pm
2021Influencer490 - 8994163477980216 - March 15, 2021, 2:56 pm
txn_1IUgp7Jm8ehcCWGIx94QmblQ - 8994163477711216 - March 15, 2021, 2:56 pm
txn_1IV3WgJm8ehcCWGIyVyiCbcD - 8994163477979210 - March 15, 2021, 2:56 pm
2021Influencer502 - 8994163478058211 - March 15, 2021, 2:56 pm
2021Influencer471 - 8994163478057214 - March 15, 2021, 2:56 pm
txn_1IUETzJm8ehcCWGIKcukstdT - 8994163478054213 - March 15, 2021, 2:56 pm
2021Influencer489 - 8994163477976219 - March 15, 2021, 2:56 pm
txn_1IUfl4Jm8ehcCWGIyUZD2Xp3 - 8994163478055210 - March 15, 2021, 2:56 pm
txn_1IV2ooJm8ehcCWGIY2I2QtuD - 8994163478053216 - March 15, 2021, 2:56 pm
2021Influencer501 - 8994163478052219 - March 15, 2021, 2:56 pm
2021Influencer470 - 8994163478051212 - March 15, 2021, 2:56 pm
txn_1IUfNcJm8ehcCWGI83eg9uvf - 8994163478049219 - March 15, 2021, 2:56 pm
txn_1IUDEiJm8ehcCWGIliWU19l3 - 8994163477972211 - March 15, 2021, 2:56 pm
2021Influencer488 - 8994163477707219 - March 15, 2021, 2:56 pm
2021Influencer500 - 8994163478048212 - March 15, 2021, 2:56 pm
txn_1IV2l0Jm8ehcCWGIiJAvJhjK - 8994163477973218 - March 15, 2021, 2:56 pm
2021Influencer469 - 8994163477974215 - March 15, 2021, 2:56 pm
txn_1IUPCQJm8ehcCWGIUhEL4NFQ - 8994163479384210 - March 15, 2021, 2:56 pm
txn_1IVHHDJm8ehcCWGIyMmRnIh9 - 8994163479152215 - March 15, 2021, 2:56 pm
2021Influencer498 - 8994163479151218 - March 15, 2021, 2:56 pm
2021Influencer483 - 8994163479383213 - March 15, 2021, 2:56 pm
txn_1IUxL3Jm8ehcCWGIeaZKd6tr - 8994163479150211 - March 15, 2021, 2:56 pm
txn_1IUIGTJm8ehcCWGI4Wg75Pwt - 8994163479373214 - March 15, 2021, 2:56 pm
txn_1IVGTeJm8ehcCWGI8yhUMIH0 - 8994163479371210 - March 15, 2021, 2:56 pm
2021Influencer497 - 8994163479148218 - March 15, 2021, 2:56 pm
2021Influencer482 - 8994163479147211 - March 15, 2021, 2:56 pm
txn_1IUlQqJm8ehcCWGIUg0Q5Xbn - 8994163479430214 - March 15, 2021, 2:56 pm
txn_1IUD7yJm8ehcCWGI3Dg1nF5v - 8994163479428211 - March 15, 2021, 2:56 pm
2021Influencer496 - 8994163479143213 - March 15, 2021, 2:56 pm
2021Influencer481 - 8994163479427214 - March 15, 2021, 2:56 pm
txn_1IUlMdJm8ehcCWGIgEoqoikT - 8994163479363215 - March 15, 2021, 2:56 pm
txn_1IVFJgJm8ehcCWGIxEC70U9l - 8994163479364212 - March 15, 2021, 2:56 pm
txn_1IUCHZJm8ehcCWGItz0rMEUO - 8994163479140212 - March 15, 2021, 2:56 pm
2021Influencer473 - 8994163479423216 - March 15, 2021, 2:56 pm
2021Influencer494 - 8994163479139216 - March 15, 2021, 2:56 pm
txn_1IUiUiJm8ehcCWGIIVZHiWtW - 8994163479424213 - March 15, 2021, 2:56 pm
txn_1IV5sdJm8ehcCWGIN376S2A8 - 8994163479360214 - March 15, 2021, 2:56 pm
txn_1IV47UJm8ehcCWGIKbJMc8Fy - 8994163477714217 - March 15, 2021, 2:57 pm
2021Influencer472 - 8994163477982210 - March 15, 2021, 2:57 pm
txn_1IUHu6Jm8ehcCWGIZsUooEsd - 8994163477981213 - March 15, 2021, 2:57 pm
2021Influencer490 - 8994163477980216 - March 15, 2021, 2:57 pm
txn_1IUgp7Jm8ehcCWGIx94QmblQ - 8994163477711216 - March 15, 2021, 2:57 pm
txn_1IV3WgJm8ehcCWGIyVyiCbcD - 8994163477979210 - March 15, 2021, 2:57 pm
2021Influencer502 - 8994163478058211 - March 15, 2021, 2:57 pm
2021Influencer471 - 8994163478057214 - March 15, 2021, 2:57 pm
txn_1IUETzJm8ehcCWGIKcukstdT - 8994163478054213 - March 15, 2021, 2:57 pm
2021Influencer489 - 8994163477976219 - March 15, 2021, 2:57 pm
txn_1IUfl4Jm8ehcCWGIyUZD2Xp3 - 8994163478055210 - March 15, 2021, 2:57 pm
txn_1IV2ooJm8ehcCWGIY2I2QtuD - 8994163478053216 - March 15, 2021, 2:57 pm
2021Influencer501 - 8994163478052219 - March 15, 2021, 2:57 pm
2021Influencer470 - 8994163478051212 - March 15, 2021, 2:57 pm
txn_1IUfNcJm8ehcCWGI83eg9uvf - 8994163478049219 - March 15, 2021, 2:57 pm
txn_1IUDEiJm8ehcCWGIliWU19l3 - 8994163477972211 - March 15, 2021, 2:57 pm
2021Influencer488 - 8994163477707219 - March 15, 2021, 2:57 pm
2021Influencer500 - 8994163478048212 - March 15, 2021, 2:57 pm
txn_1IV2l0Jm8ehcCWGIiJAvJhjK - 8994163477973218 - March 15, 2021, 2:57 pm
2021Influencer469 - 8994163477974215 - March 15, 2021, 2:57 pm
txn_1IUPCQJm8ehcCWGIUhEL4NFQ - 8994163479384210 - March 15, 2021, 2:57 pm
txn_1IVHHDJm8ehcCWGIyMmRnIh9 - 8994163479152215 - March 15, 2021, 2:57 pm
2021Influencer498 - 8994163479151218 - March 15, 2021, 2:57 pm
2021Influencer483 - 8994163479383213 - March 15, 2021, 2:57 pm
txn_1IUxL3Jm8ehcCWGIeaZKd6tr - 8994163479150211 - March 15, 2021, 2:57 pm
txn_1IUIGTJm8ehcCWGI4Wg75Pwt - 8994163479373214 - March 15, 2021, 2:57 pm
txn_1IVGTeJm8ehcCWGI8yhUMIH0 - 8994163479371210 - March 15, 2021, 2:57 pm
2021Influencer497 - 8994163479148218 - March 15, 2021, 2:57 pm
2021Influencer482 - 8994163479147211 - March 15, 2021, 2:57 pm
txn_1IUlQqJm8ehcCWGIUg0Q5Xbn - 8994163479430214 - March 15, 2021, 2:57 pm
txn_1IUD7yJm8ehcCWGI3Dg1nF5v - 8994163479428211 - March 15, 2021, 2:57 pm
2021Influencer496 - 8994163479143213 - March 15, 2021, 2:57 pm
2021Influencer481 - 8994163479427214 - March 15, 2021, 2:57 pm
txn_1IUlMdJm8ehcCWGIgEoqoikT - 8994163479363215 - March 15, 2021, 2:57 pm
txn_1IVFJgJm8ehcCWGIxEC70U9l - 8994163479364212 - March 15, 2021, 2:57 pm
txn_1IUCHZJm8ehcCWGItz0rMEUO - 8994163479140212 - March 15, 2021, 2:57 pm
2021Influencer473 - 8994163479423216 - March 15, 2021, 2:57 pm
2021Influencer494 - 8994163479139216 - March 15, 2021, 2:57 pm
txn_1IUiUiJm8ehcCWGIIVZHiWtW - 8994163479424213 - March 15, 2021, 2:57 pm
txn_1IV5sdJm8ehcCWGIN376S2A8 - 8994163479360214 - March 15, 2021, 2:57 pm
txn_1IV47UJm8ehcCWGIKbJMc8Fy - 8994163477714217 - March 15, 2021, 2:57 pm
2021Influencer472 - 8994163477982210 - March 15, 2021, 2:57 pm
txn_1IUHu6Jm8ehcCWGIZsUooEsd - 8994163477981213 - March 15, 2021, 2:57 pm
2021Influencer490 - 8994163477980216 - March 15, 2021, 2:57 pm
txn_1IUgp7Jm8ehcCWGIx94QmblQ - 8994163477711216 - March 15, 2021, 2:57 pm
txn_1IV3WgJm8ehcCWGIyVyiCbcD - 8994163477979210 - March 15, 2021, 2:57 pm
2021Influencer502 - 8994163478058211 - March 15, 2021, 2:57 pm
2021Influencer471 - 8994163478057214 - March 15, 2021, 2:57 pm
txn_1IUETzJm8ehcCWGIKcukstdT - 8994163478054213 - March 15, 2021, 2:57 pm
2021Influencer489 - 8994163477976219 - March 15, 2021, 2:57 pm
txn_1IUfl4Jm8ehcCWGIyUZD2Xp3 - 8994163478055210 - March 15, 2021, 2:57 pm
txn_1IV2ooJm8ehcCWGIY2I2QtuD - 8994163478053216 - March 15, 2021, 2:57 pm
2021Influencer501 - 8994163478052219 - March 15, 2021, 2:57 pm
2021Influencer470 - 8994163478051212 - March 15, 2021, 2:57 pm
txn_1IUfNcJm8ehcCWGI83eg9uvf - 8994163478049219 - March 15, 2021, 2:57 pm
txn_1IUDEiJm8ehcCWGIliWU19l3 - 8994163477972211 - March 15, 2021, 2:57 pm
2021Influencer488 - 8994163477707219 - March 15, 2021, 2:57 pm
2021Influencer500 - 8994163478048212 - March 15, 2021, 2:57 pm
txn_1IV2l0Jm8ehcCWGIiJAvJhjK - 8994163477973218 - March 15, 2021, 2:57 pm
2021Influencer469 - 8994163477974215 - March 15, 2021, 2:57 pm
txn_1IUPCQJm8ehcCWGIUhEL4NFQ - 8994163479384210 - March 15, 2021, 2:57 pm
txn_1IVHHDJm8ehcCWGIyMmRnIh9 - 8994163479152215 - March 15, 2021, 2:57 pm
2021Influencer498 - 8994163479151218 - March 15, 2021, 2:57 pm
2021Influencer483 - 8994163479383213 - March 15, 2021, 2:57 pm
txn_1IUxL3Jm8ehcCWGIeaZKd6tr - 8994163479150211 - March 15, 2021, 2:57 pm
txn_1IUIGTJm8ehcCWGI4Wg75Pwt - 8994163479373214 - March 15, 2021, 2:57 pm
txn_1IVGTeJm8ehcCWGI8yhUMIH0 - 8994163479371210 - March 15, 2021, 2:57 pm
2021Influencer497 - 8994163479148218 - March 15, 2021, 2:57 pm
2021Influencer482 - 8994163479147211 - March 15, 2021, 2:57 pm
txn_1IUlQqJm8ehcCWGIUg0Q5Xbn - 8994163479430214 - March 15, 2021, 2:57 pm
txn_1IUD7yJm8ehcCWGI3Dg1nF5v - 8994163479428211 - March 15, 2021, 2:57 pm
2021Influencer496 - 8994163479143213 - March 15, 2021, 2:57 pm
2021Influencer481 - 8994163479427214 - March 15, 2021, 2:57 pm
txn_1IUlMdJm8ehcCWGIgEoqoikT - 8994163479363215 - March 15, 2021, 2:57 pm
txn_1IVFJgJm8ehcCWGIxEC70U9l - 8994163479364212 - March 15, 2021, 2:57 pm
txn_1IUCHZJm8ehcCWGItz0rMEUO - 8994163479140212 - March 15, 2021, 2:57 pm
2021Influencer473 - 8994163479423216 - March 15, 2021, 2:57 pm
2021Influencer494 - 8994163479139216 - March 15, 2021, 2:57 pm
txn_1IUiUiJm8ehcCWGIIVZHiWtW - 8994163479424213 - March 15, 2021, 2:57 pm
txn_1IV5sdJm8ehcCWGIN376S2A8 - 8994163479360214 - March 15, 2021, 2:57 pm
txn_1IV47UJm8ehcCWGIKbJMc8Fy - 8994163477714217 - March 15, 2021, 2:57 pm
2021Influencer472 - 8994163477982210 - March 15, 2021, 2:57 pm
txn_1IUHu6Jm8ehcCWGIZsUooEsd - 8994163477981213 - March 15, 2021, 2:57 pm
2021Influencer490 - 8994163477980216 - March 15, 2021, 2:57 pm
txn_1IUgp7Jm8ehcCWGIx94QmblQ - 8994163477711216 - March 15, 2021, 2:57 pm
txn_1IV3WgJm8ehcCWGIyVyiCbcD - 8994163477979210 - March 15, 2021, 2:57 pm
2021Influencer502 - 8994163478058211 - March 15, 2021, 2:57 pm
2021Influencer471 - 8994163478057214 - March 15, 2021, 2:57 pm
txn_1IUETzJm8ehcCWGIKcukstdT - 8994163478054213 - March 15, 2021, 2:57 pm
2021Influencer489 - 8994163477976219 - March 15, 2021, 2:57 pm
txn_1IUfl4Jm8ehcCWGIyUZD2Xp3 - 8994163478055210 - March 15, 2021, 2:57 pm
txn_1IV2ooJm8ehcCWGIY2I2QtuD - 8994163478053216 - March 15, 2021, 2:57 pm
2021Influencer501 - 8994163478052219 - March 15, 2021, 2:57 pm
2021Influencer470 - 8994163478051212 - March 15, 2021, 2:57 pm
txn_1IUfNcJm8ehcCWGI83eg9uvf - 8994163478049219 - March 15, 2021, 2:57 pm
txn_1IUDEiJm8ehcCWGIliWU19l3 - 8994163477972211 - March 15, 2021, 2:57 pm
2021Influencer488 - 8994163477707219 - March 15, 2021, 2:57 pm
2021Influencer500 - 8994163478048212 - March 15, 2021, 2:57 pm
txn_1IV2l0Jm8ehcCWGIiJAvJhjK - 8994163477973218 - March 15, 2021, 2:57 pm
2021Influencer469 - 8994163477974215 - March 15, 2021, 2:57 pm
txn_1IUPCQJm8ehcCWGIUhEL4NFQ - 8994163479384210 - March 15, 2021, 2:57 pm
txn_1IVHHDJm8ehcCWGIyMmRnIh9 - 8994163479152215 - March 15, 2021, 2:57 pm
2021Influencer498 - 8994163479151218 - March 15, 2021, 2:57 pm
2021Influencer483 - 8994163479383213 - March 15, 2021, 2:57 pm
txn_1IUxL3Jm8ehcCWGIeaZKd6tr - 8994163479150211 - March 15, 2021, 2:57 pm
txn_1IUIGTJm8ehcCWGI4Wg75Pwt - 8994163479373214 - March 15, 2021, 2:57 pm
txn_1IVGTeJm8ehcCWGI8yhUMIH0 - 8994163479371210 - March 15, 2021, 2:57 pm
2021Influencer497 - 8994163479148218 - March 15, 2021, 2:57 pm
2021Influencer482 - 8994163479147211 - March 15, 2021, 2:57 pm
txn_1IUlQqJm8ehcCWGIUg0Q5Xbn - 8994163479430214 - March 15, 2021, 2:57 pm
txn_1IUD7yJm8ehcCWGI3Dg1nF5v - 8994163479428211 - March 15, 2021, 2:57 pm
2021Influencer496 - 8994163479143213 - March 15, 2021, 2:57 pm
2021Influencer481 - 8994163479427214 - March 15, 2021, 2:57 pm
txn_1IUlMdJm8ehcCWGIgEoqoikT - 8994163479363215 - March 15, 2021, 2:57 pm
txn_1IVFJgJm8ehcCWGIxEC70U9l - 8994163479364212 - March 15, 2021, 2:57 pm
txn_1IUCHZJm8ehcCWGItz0rMEUO - 8994163479140212 - March 15, 2021, 2:57 pm
2021Influencer473 - 8994163479423216 - March 15, 2021, 2:57 pm
2021Influencer494 - 8994163479139216 - March 15, 2021, 2:57 pm
txn_1IUiUiJm8ehcCWGIIVZHiWtW - 8994163479424213 - March 15, 2021, 2:57 pm
txn_1IV5sdJm8ehcCWGIN376S2A8 - 8994163479360214 - March 15, 2021, 2:57 pm
txn_1IUcIxJm8ehcCWGI8JqqxuIe -  - March 15, 2021, 2:57 pm
2021Influencer493 -  - March 15, 2021, 2:57 pm
txn_1IV4oNJm8ehcCWGIa2DWgC4A -  - March 15, 2021, 2:57 pm
txn_1IUbV6Jm8ehcCWGIdG0ebdL5 -  - March 15, 2021, 2:57 pm
txn_1IV4WiJm8ehcCWGIdRap4liP -  - March 15, 2021, 2:57 pm
2021Influencer492 -  - March 15, 2021, 2:57 pm
txn_1IUQk3Jm8ehcCWGIdiT07x2h -  - March 15, 2021, 2:57 pm
2021Influencer491 -  - March 15, 2021, 2:57 pm
txn_1IUQVFJm8ehcCWGIgJmcvlc1 -  - March 15, 2021, 2:57 pm
txn_1IV48wJm8ehcCWGIUW7jOX82 -  - March 15, 2021, 2:57 pm
txn_1IV1TfJm8ehcCWGIYEtpW4nJ -  - March 15, 2021, 2:57 pm
2021Influencer487 -  - March 15, 2021, 2:57 pm
txn_1IUBvAJm8ehcCWGIjnz8Hl62 -  - March 15, 2021, 2:57 pm
txn_1IV0FLJm8ehcCWGIxOpo9aes -  - March 15, 2021, 2:57 pm
txn_1IU1V4Jm8ehcCWGIkj7NA74H -  - March 15, 2021, 2:57 pm
2021Influencer486 -  - March 15, 2021, 2:57 pm
txn_1IV0C7Jm8ehcCWGI3iKGog6a -  - March 15, 2021, 2:57 pm
txn_1IU1BRJm8ehcCWGIhpUhm2Ez -  - March 15, 2021, 2:57 pm
2021Influencer485 -  - March 15, 2021, 2:57 pm
txn_1IUxPnJm8ehcCWGI77CsWdYk -  - March 15, 2021, 2:57 pm
txn_1ITzI8Jm8ehcCWGIClOdKHtE -  - March 15, 2021, 2:57 pm
2021Influencer484 -  - March 15, 2021, 2:57 pm
txn_1IV47UJm8ehcCWGIKbJMc8Fy - 8994163477714217 - March 15, 2021, 2:57 pm
2021Influencer472 - 8994163477982210 - March 15, 2021, 2:57 pm
txn_1IUHu6Jm8ehcCWGIZsUooEsd - 8994163477981213 - March 15, 2021, 2:57 pm
2021Influencer490 - 8994163477980216 - March 15, 2021, 2:57 pm
txn_1IUgp7Jm8ehcCWGIx94QmblQ - 8994163477711216 - March 15, 2021, 2:57 pm
txn_1IV3WgJm8ehcCWGIyVyiCbcD - 8994163477979210 - March 15, 2021, 2:57 pm
2021Influencer502 - 8994163478058211 - March 15, 2021, 2:57 pm
2021Influencer471 - 8994163478057214 - March 15, 2021, 2:57 pm
txn_1IUETzJm8ehcCWGIKcukstdT - 8994163478054213 - March 15, 2021, 2:57 pm
2021Influencer489 - 8994163477976219 - March 15, 2021, 2:57 pm
txn_1IUfl4Jm8ehcCWGIyUZD2Xp3 - 8994163478055210 - March 15, 2021, 2:57 pm
txn_1IV2ooJm8ehcCWGIY2I2QtuD - 8994163478053216 - March 15, 2021, 2:57 pm
2021Influencer501 - 8994163478052219 - March 15, 2021, 2:57 pm
2021Influencer470 - 8994163478051212 - March 15, 2021, 2:57 pm
txn_1IUfNcJm8ehcCWGI83eg9uvf - 8994163478049219 - March 15, 2021, 2:57 pm
txn_1IUDEiJm8ehcCWGIliWU19l3 - 8994163477972211 - March 15, 2021, 2:57 pm
2021Influencer488 - 8994163477707219 - March 15, 2021, 2:57 pm
2021Influencer500 - 8994163478048212 - March 15, 2021, 2:57 pm
txn_1IV2l0Jm8ehcCWGIiJAvJhjK - 8994163477973218 - March 15, 2021, 2:57 pm
2021Influencer469 - 8994163477974215 - March 15, 2021, 2:57 pm
txn_1IUPCQJm8ehcCWGIUhEL4NFQ - 8994163479384210 - March 15, 2021, 2:57 pm
txn_1IVHHDJm8ehcCWGIyMmRnIh9 - 8994163479152215 - March 15, 2021, 2:57 pm
2021Influencer498 - 8994163479151218 - March 15, 2021, 2:57 pm
2021Influencer483 - 8994163479383213 - March 15, 2021, 2:57 pm
txn_1IUxL3Jm8ehcCWGIeaZKd6tr - 8994163479150211 - March 15, 2021, 2:57 pm
txn_1IUIGTJm8ehcCWGI4Wg75Pwt - 8994163479373214 - March 15, 2021, 2:57 pm
txn_1IVGTeJm8ehcCWGI8yhUMIH0 - 8994163479371210 - March 15, 2021, 2:57 pm
2021Influencer497 - 8994163479148218 - March 15, 2021, 2:57 pm
2021Influencer482 - 8994163479147211 - March 15, 2021, 2:57 pm
txn_1IUlQqJm8ehcCWGIUg0Q5Xbn - 8994163479430214 - March 15, 2021, 2:57 pm
txn_1IUD7yJm8ehcCWGI3Dg1nF5v - 8994163479428211 - March 15, 2021, 2:57 pm
2021Influencer496 - 8994163479143213 - March 15, 2021, 2:57 pm
2021Influencer481 - 8994163479427214 - March 15, 2021, 2:57 pm
txn_1IUlMdJm8ehcCWGIgEoqoikT - 8994163479363215 - March 15, 2021, 2:57 pm
txn_1IVFJgJm8ehcCWGIxEC70U9l - 8994163479364212 - March 15, 2021, 2:57 pm
txn_1IUCHZJm8ehcCWGItz0rMEUO - 8994163479140212 - March 15, 2021, 2:57 pm
2021Influencer473 - 8994163479423216 - March 15, 2021, 2:57 pm
2021Influencer494 - 8994163479139216 - March 15, 2021, 2:57 pm
txn_1IUiUiJm8ehcCWGIIVZHiWtW - 8994163479424213 - March 15, 2021, 2:57 pm
txn_1IV5sdJm8ehcCWGIN376S2A8 - 8994163479360214 - March 15, 2021, 2:57 pm
txn_1IV47UJm8ehcCWGIKbJMc8Fy - 8994163477714217 - March 15, 2021, 2:58 pm
2021Influencer472 - 8994163477982210 - March 15, 2021, 2:58 pm
txn_1IUHu6Jm8ehcCWGIZsUooEsd - 8994163477981213 - March 15, 2021, 2:58 pm
2021Influencer490 - 8994163477980216 - March 15, 2021, 2:58 pm
txn_1IUgp7Jm8ehcCWGIx94QmblQ - 8994163477711216 - March 15, 2021, 2:58 pm
txn_1IV3WgJm8ehcCWGIyVyiCbcD - 8994163477979210 - March 15, 2021, 2:58 pm
2021Influencer502 - 8994163478058211 - March 15, 2021, 2:58 pm
2021Influencer471 - 8994163478057214 - March 15, 2021, 2:58 pm
txn_1IUETzJm8ehcCWGIKcukstdT - 8994163478054213 - March 15, 2021, 2:58 pm
2021Influencer489 - 8994163477976219 - March 15, 2021, 2:58 pm
txn_1IUfl4Jm8ehcCWGIyUZD2Xp3 - 8994163478055210 - March 15, 2021, 2:58 pm
txn_1IV2ooJm8ehcCWGIY2I2QtuD - 8994163478053216 - March 15, 2021, 2:58 pm
2021Influencer501 - 8994163478052219 - March 15, 2021, 2:58 pm
2021Influencer470 - 8994163478051212 - March 15, 2021, 2:58 pm
txn_1IUfNcJm8ehcCWGI83eg9uvf - 8994163478049219 - March 15, 2021, 2:58 pm
txn_1IUDEiJm8ehcCWGIliWU19l3 - 8994163477972211 - March 15, 2021, 2:58 pm
2021Influencer488 - 8994163477707219 - March 15, 2021, 2:58 pm
2021Influencer500 - 8994163478048212 - March 15, 2021, 2:58 pm
txn_1IV2l0Jm8ehcCWGIiJAvJhjK - 8994163477973218 - March 15, 2021, 2:58 pm
2021Influencer469 - 8994163477974215 - March 15, 2021, 2:58 pm
txn_1IUPCQJm8ehcCWGIUhEL4NFQ - 8994163479384210 - March 15, 2021, 2:58 pm
txn_1IVHHDJm8ehcCWGIyMmRnIh9 - 8994163479152215 - March 15, 2021, 2:58 pm
2021Influencer498 - 8994163479151218 - March 15, 2021, 2:58 pm
2021Influencer483 - 8994163479383213 - March 15, 2021, 2:58 pm
txn_1IUxL3Jm8ehcCWGIeaZKd6tr - 8994163479150211 - March 15, 2021, 2:58 pm
txn_1IUIGTJm8ehcCWGI4Wg75Pwt - 8994163479373214 - March 15, 2021, 2:58 pm
txn_1IVGTeJm8ehcCWGI8yhUMIH0 - 8994163479371210 - March 15, 2021, 2:58 pm
2021Influencer497 - 8994163479148218 - March 15, 2021, 2:58 pm
2021Influencer482 - 8994163479147211 - March 15, 2021, 2:58 pm
txn_1IUlQqJm8ehcCWGIUg0Q5Xbn - 8994163479430214 - March 15, 2021, 2:58 pm
txn_1IUD7yJm8ehcCWGI3Dg1nF5v - 8994163479428211 - March 15, 2021, 2:58 pm
2021Influencer496 - 8994163479143213 - March 15, 2021, 2:58 pm
2021Influencer481 - 8994163479427214 - March 15, 2021, 2:58 pm
txn_1IUlMdJm8ehcCWGIgEoqoikT - 8994163479363215 - March 15, 2021, 2:58 pm
txn_1IVFJgJm8ehcCWGIxEC70U9l - 8994163479364212 - March 15, 2021, 2:58 pm
txn_1IUCHZJm8ehcCWGItz0rMEUO - 8994163479140212 - March 15, 2021, 2:58 pm
2021Influencer473 - 8994163479423216 - March 15, 2021, 2:58 pm
2021Influencer494 - 8994163479139216 - March 15, 2021, 2:58 pm
txn_1IUiUiJm8ehcCWGIIVZHiWtW - 8994163479424213 - March 15, 2021, 2:58 pm
txn_1IV5sdJm8ehcCWGIN376S2A8 - 8994163479360214 - March 15, 2021, 2:58 pm
2021Influencer491 - 8994163479814212 - March 15, 2021, 2:58 pm
2021Influencer487 - 8994163479811211 - March 15, 2021, 2:58 pm
2021Influencer486 - 8994163479460211 - March 15, 2021, 2:58 pm
2021Influencer485 - 8994163479642211 - March 15, 2021, 2:58 pm
2021Influencer484 - 8994163479196219 - March 15, 2021, 2:58 pm
2021Influencer495 - 8994163479468217 - March 15, 2021, 2:58 pm
2021Influencer493 - 8994163479655211 - March 15, 2021, 2:58 pm
txn_1IV4WiJm8ehcCWGIdRap4liP - 8994163479654214 - March 15, 2021, 2:58 pm
txn_1IUbV6Jm8ehcCWGIdG0ebdL5 - 8994163479466213 - March 15, 2021, 2:58 pm
txn_1IUQk3Jm8ehcCWGIdiT07x2h - 8994163479818210 - March 15, 2021, 2:58 pm
2021Influencer492 - 8994163479653217 - March 15, 2021, 2:58 pm
txn_1IV48wJm8ehcCWGIUW7jOX82 - 8994163479816216 - March 15, 2021, 2:58 pm
txn_1IUQVFJm8ehcCWGIgJmcvlc1 - 8994163479652210 - March 15, 2021, 2:58 pm
txn_1IV1TfJm8ehcCWGIYEtpW4nJ - 8994163479648213 - March 15, 2021, 2:58 pm
txn_1IUBvAJm8ehcCWGIjnz8Hl62 - 8994163479647216 - March 15, 2021, 2:58 pm
txn_1IV0FLJm8ehcCWGIxOpo9aes - 8994163479808211 - March 15, 2021, 2:58 pm
txn_1IU1V4Jm8ehcCWGIkj7NA74H - 8994163479807214 - March 15, 2021, 2:58 pm
txn_1IV0C7Jm8ehcCWGI3iKGog6a - 8994163479802219 - March 15, 2021, 2:58 pm
txn_1IU1BRJm8ehcCWGIhpUhm2Ez - 8994163479641214 - March 15, 2021, 2:58 pm
txn_1ITzI8Jm8ehcCWGIClOdKHtE - 8994163479638214 - March 15, 2021, 2:58 pm
txn_1IUxPnJm8ehcCWGI77CsWdYk - 8994163479197216 - March 15, 2021, 2:58 pm
txn_1IV47UJm8ehcCWGIKbJMc8Fy - 8994163477714217 - March 15, 2021, 2:58 pm
2021Influencer472 - 8994163477982210 - March 15, 2021, 2:58 pm
txn_1IUHu6Jm8ehcCWGIZsUooEsd - 8994163477981213 - March 15, 2021, 2:58 pm
2021Influencer490 - 8994163477980216 - March 15, 2021, 2:58 pm
txn_1IUgp7Jm8ehcCWGIx94QmblQ - 8994163477711216 - March 15, 2021, 2:58 pm
txn_1IV3WgJm8ehcCWGIyVyiCbcD - 8994163477979210 - March 15, 2021, 2:58 pm
2021Influencer502 - 8994163478058211 - March 15, 2021, 2:58 pm
2021Influencer471 - 8994163478057214 - March 15, 2021, 2:58 pm
txn_1IUETzJm8ehcCWGIKcukstdT - 8994163478054213 - March 15, 2021, 2:58 pm
2021Influencer489 - 8994163477976219 - March 15, 2021, 2:58 pm
txn_1IUfl4Jm8ehcCWGIyUZD2Xp3 - 8994163478055210 - March 15, 2021, 2:58 pm
txn_1IV2ooJm8ehcCWGIY2I2QtuD - 8994163478053216 - March 15, 2021, 2:58 pm
2021Influencer501 - 8994163478052219 - March 15, 2021, 2:58 pm
2021Influencer470 - 8994163478051212 - March 15, 2021, 2:58 pm
txn_1IUfNcJm8ehcCWGI83eg9uvf - 8994163478049219 - March 15, 2021, 2:58 pm
txn_1IUDEiJm8ehcCWGIliWU19l3 - 8994163477972211 - March 15, 2021, 2:58 pm
2021Influencer488 - 8994163477707219 - March 15, 2021, 2:58 pm
2021Influencer500 - 8994163478048212 - March 15, 2021, 2:58 pm
txn_1IV2l0Jm8ehcCWGIiJAvJhjK - 8994163477973218 - March 15, 2021, 2:58 pm
2021Influencer469 - 8994163477974215 - March 15, 2021, 2:58 pm
txn_1IUPCQJm8ehcCWGIUhEL4NFQ - 8994163479384210 - March 15, 2021, 2:58 pm
txn_1IVHHDJm8ehcCWGIyMmRnIh9 - 8994163479152215 - March 15, 2021, 2:58 pm
2021Influencer498 - 8994163479151218 - March 15, 2021, 2:58 pm
2021Influencer483 - 8994163479383213 - March 15, 2021, 2:58 pm
txn_1IUxL3Jm8ehcCWGIeaZKd6tr - 8994163479150211 - March 15, 2021, 2:58 pm
txn_1IUIGTJm8ehcCWGI4Wg75Pwt - 8994163479373214 - March 15, 2021, 2:58 pm
txn_1IVGTeJm8ehcCWGI8yhUMIH0 - 8994163479371210 - March 15, 2021, 2:58 pm
2021Influencer497 - 8994163479148218 - March 15, 2021, 2:58 pm
2021Influencer482 - 8994163479147211 - March 15, 2021, 2:58 pm
txn_1IUlQqJm8ehcCWGIUg0Q5Xbn - 8994163479430214 - March 15, 2021, 2:58 pm
txn_1IUD7yJm8ehcCWGI3Dg1nF5v - 8994163479428211 - March 15, 2021, 2:58 pm
2021Influencer496 - 8994163479143213 - March 15, 2021, 2:58 pm
2021Influencer481 - 8994163479427214 - March 15, 2021, 2:58 pm
txn_1IUlMdJm8ehcCWGIgEoqoikT - 8994163479363215 - March 15, 2021, 2:58 pm
txn_1IVFJgJm8ehcCWGIxEC70U9l - 8994163479364212 - March 15, 2021, 2:58 pm
txn_1IUCHZJm8ehcCWGItz0rMEUO - 8994163479140212 - March 15, 2021, 2:58 pm
2021Influencer473 - 8994163479423216 - March 15, 2021, 2:58 pm
2021Influencer494 - 8994163479139216 - March 15, 2021, 2:58 pm
txn_1IUiUiJm8ehcCWGIIVZHiWtW - 8994163479424213 - March 15, 2021, 2:58 pm
txn_1IV5sdJm8ehcCWGIN376S2A8 - 8994163479360214 - March 15, 2021, 2:58 pm
2021Influencer491 - 8994163479814212 - March 15, 2021, 2:58 pm
2021Influencer487 - 8994163479811211 - March 15, 2021, 2:58 pm
2021Influencer486 - 8994163479460211 - March 15, 2021, 2:58 pm
2021Influencer485 - 8994163479642211 - March 15, 2021, 2:58 pm
2021Influencer484 - 8994163479196219 - March 15, 2021, 2:58 pm
2021Influencer495 - 8994163479468217 - March 15, 2021, 2:58 pm
2021Influencer493 - 8994163479655211 - March 15, 2021, 2:58 pm
txn_1IV4WiJm8ehcCWGIdRap4liP - 8994163479654214 - March 15, 2021, 2:58 pm
txn_1IUbV6Jm8ehcCWGIdG0ebdL5 - 8994163479466213 - March 15, 2021, 2:58 pm
txn_1IUQk3Jm8ehcCWGIdiT07x2h - 8994163479818210 - March 15, 2021, 2:58 pm
2021Influencer492 - 8994163479653217 - March 15, 2021, 2:58 pm
txn_1IV48wJm8ehcCWGIUW7jOX82 - 8994163479816216 - March 15, 2021, 2:58 pm
txn_1IUQVFJm8ehcCWGIgJmcvlc1 - 8994163479652210 - March 15, 2021, 2:58 pm
txn_1IV1TfJm8ehcCWGIYEtpW4nJ - 8994163479648213 - March 15, 2021, 2:58 pm
txn_1IUBvAJm8ehcCWGIjnz8Hl62 - 8994163479647216 - March 15, 2021, 2:58 pm
txn_1IV0FLJm8ehcCWGIxOpo9aes - 8994163479808211 - March 15, 2021, 2:58 pm
txn_1IU1V4Jm8ehcCWGIkj7NA74H - 8994163479807214 - March 15, 2021, 2:58 pm
txn_1IV0C7Jm8ehcCWGI3iKGog6a - 8994163479802219 - March 15, 2021, 2:58 pm
txn_1IU1BRJm8ehcCWGIhpUhm2Ez - 8994163479641214 - March 15, 2021, 2:58 pm
txn_1ITzI8Jm8ehcCWGIClOdKHtE - 8994163479638214 - March 15, 2021, 2:58 pm
txn_1IUxPnJm8ehcCWGI77CsWdYk - 8994163479197216 - March 15, 2021, 2:58 pm
txn_1IV47UJm8ehcCWGIKbJMc8Fy - 8994163477714217 - March 15, 2021, 2:58 pm
2021Influencer472 - 8994163477982210 - March 15, 2021, 2:58 pm
txn_1IUHu6Jm8ehcCWGIZsUooEsd - 8994163477981213 - March 15, 2021, 2:58 pm
2021Influencer490 - 8994163477980216 - March 15, 2021, 2:58 pm
txn_1IUgp7Jm8ehcCWGIx94QmblQ - 8994163477711216 - March 15, 2021, 2:58 pm
txn_1IV3WgJm8ehcCWGIyVyiCbcD - 8994163477979210 - March 15, 2021, 2:58 pm
2021Influencer502 - 8994163478058211 - March 15, 2021, 2:58 pm
2021Influencer471 - 8994163478057214 - March 15, 2021, 2:58 pm
txn_1IUETzJm8ehcCWGIKcukstdT - 8994163478054213 - March 15, 2021, 2:58 pm
2021Influencer489 - 8994163477976219 - March 15, 2021, 2:58 pm
txn_1IUfl4Jm8ehcCWGIyUZD2Xp3 - 8994163478055210 - March 15, 2021, 2:58 pm
txn_1IV2ooJm8ehcCWGIY2I2QtuD - 8994163478053216 - March 15, 2021, 2:58 pm
2021Influencer501 - 8994163478052219 - March 15, 2021, 2:58 pm
2021Influencer470 - 8994163478051212 - March 15, 2021, 2:58 pm
txn_1IUfNcJm8ehcCWGI83eg9uvf - 8994163478049219 - March 15, 2021, 2:58 pm
txn_1IUDEiJm8ehcCWGIliWU19l3 - 8994163477972211 - March 15, 2021, 2:58 pm
2021Influencer488 - 8994163477707219 - March 15, 2021, 2:58 pm
2021Influencer500 - 8994163478048212 - March 15, 2021, 2:58 pm
txn_1IV2l0Jm8ehcCWGIiJAvJhjK - 8994163477973218 - March 15, 2021, 2:58 pm
2021Influencer469 - 8994163477974215 - March 15, 2021, 2:58 pm
txn_1IUPCQJm8ehcCWGIUhEL4NFQ - 8994163479384210 - March 15, 2021, 2:58 pm
txn_1IVHHDJm8ehcCWGIyMmRnIh9 - 8994163479152215 - March 15, 2021, 2:58 pm
2021Influencer498 - 8994163479151218 - March 15, 2021, 2:58 pm
2021Influencer483 - 8994163479383213 - March 15, 2021, 2:58 pm
txn_1IUxL3Jm8ehcCWGIeaZKd6tr - 8994163479150211 - March 15, 2021, 2:58 pm
txn_1IUIGTJm8ehcCWGI4Wg75Pwt - 8994163479373214 - March 15, 2021, 2:58 pm
txn_1IVGTeJm8ehcCWGI8yhUMIH0 - 8994163479371210 - March 15, 2021, 2:58 pm
2021Influencer497 - 8994163479148218 - March 15, 2021, 2:58 pm
2021Influencer482 - 8994163479147211 - March 15, 2021, 2:58 pm
txn_1IUlQqJm8ehcCWGIUg0Q5Xbn - 8994163479430214 - March 15, 2021, 2:58 pm
txn_1IUD7yJm8ehcCWGI3Dg1nF5v - 8994163479428211 - March 15, 2021, 2:58 pm
2021Influencer496 - 8994163479143213 - March 15, 2021, 2:58 pm
2021Influencer481 - 8994163479427214 - March 15, 2021, 2:58 pm
txn_1IUlMdJm8ehcCWGIgEoqoikT - 8994163479363215 - March 15, 2021, 2:58 pm
txn_1IVFJgJm8ehcCWGIxEC70U9l - 8994163479364212 - March 15, 2021, 2:58 pm
txn_1IUCHZJm8ehcCWGItz0rMEUO - 8994163479140212 - March 15, 2021, 2:58 pm
2021Influencer473 - 8994163479423216 - March 15, 2021, 2:58 pm
2021Influencer494 - 8994163479139216 - March 15, 2021, 2:58 pm
txn_1IUiUiJm8ehcCWGIIVZHiWtW - 8994163479424213 - March 15, 2021, 2:58 pm
txn_1IV5sdJm8ehcCWGIN376S2A8 - 8994163479360214 - March 15, 2021, 2:58 pm
2021Influencer491 - 8994163479814212 - March 15, 2021, 2:58 pm
2021Influencer487 - 8994163479811211 - March 15, 2021, 2:58 pm
2021Influencer486 - 8994163479460211 - March 15, 2021, 2:58 pm
2021Influencer485 - 8994163479642211 - March 15, 2021, 2:58 pm
2021Influencer484 - 8994163479196219 - March 15, 2021, 2:58 pm
2021Influencer495 - 8994163479468217 - March 15, 2021, 2:58 pm
2021Influencer493 - 8994163479655211 - March 15, 2021, 2:58 pm
txn_1IV4WiJm8ehcCWGIdRap4liP - 8994163479654214 - March 15, 2021, 2:58 pm
txn_1IUbV6Jm8ehcCWGIdG0ebdL5 - 8994163479466213 - March 15, 2021, 2:58 pm
txn_1IUQk3Jm8ehcCWGIdiT07x2h - 8994163479818210 - March 15, 2021, 2:58 pm
2021Influencer492 - 8994163479653217 - March 15, 2021, 2:58 pm
txn_1IV48wJm8ehcCWGIUW7jOX82 - 8994163479816216 - March 15, 2021, 2:58 pm
txn_1IUQVFJm8ehcCWGIgJmcvlc1 - 8994163479652210 - March 15, 2021, 2:58 pm
txn_1IV1TfJm8ehcCWGIYEtpW4nJ - 8994163479648213 - March 15, 2021, 2:58 pm
txn_1IUBvAJm8ehcCWGIjnz8Hl62 - 8994163479647216 - March 15, 2021, 2:58 pm
txn_1IV0FLJm8ehcCWGIxOpo9aes - 8994163479808211 - March 15, 2021, 2:58 pm
txn_1IU1V4Jm8ehcCWGIkj7NA74H - 8994163479807214 - March 15, 2021, 2:58 pm
txn_1IV0C7Jm8ehcCWGI3iKGog6a - 8994163479802219 - March 15, 2021, 2:58 pm
txn_1IU1BRJm8ehcCWGIhpUhm2Ez - 8994163479641214 - March 15, 2021, 2:58 pm
txn_1ITzI8Jm8ehcCWGIClOdKHtE - 8994163479638214 - March 15, 2021, 2:58 pm
txn_1IUxPnJm8ehcCWGI77CsWdYk - 8994163479197216 - March 15, 2021, 2:58 pm
txn_1IV47UJm8ehcCWGIKbJMc8Fy - 8994163477714217 - March 15, 2021, 2:59 pm
2021Influencer472 - 8994163477982210 - March 15, 2021, 2:59 pm
txn_1IUHu6Jm8ehcCWGIZsUooEsd - 8994163477981213 - March 15, 2021, 2:59 pm
2021Influencer490 - 8994163477980216 - March 15, 2021, 2:59 pm
txn_1IUgp7Jm8ehcCWGIx94QmblQ - 8994163477711216 - March 15, 2021, 2:59 pm
txn_1IV3WgJm8ehcCWGIyVyiCbcD - 8994163477979210 - March 15, 2021, 2:59 pm
2021Influencer502 - 8994163478058211 - March 15, 2021, 2:59 pm
2021Influencer471 - 8994163478057214 - March 15, 2021, 2:59 pm
txn_1IUETzJm8ehcCWGIKcukstdT - 8994163478054213 - March 15, 2021, 2:59 pm
2021Influencer489 - 8994163477976219 - March 15, 2021, 2:59 pm
txn_1IUfl4Jm8ehcCWGIyUZD2Xp3 - 8994163478055210 - March 15, 2021, 2:59 pm
txn_1IV2ooJm8ehcCWGIY2I2QtuD - 8994163478053216 - March 15, 2021, 2:59 pm
2021Influencer501 - 8994163478052219 - March 15, 2021, 2:59 pm
2021Influencer470 - 8994163478051212 - March 15, 2021, 2:59 pm
txn_1IUfNcJm8ehcCWGI83eg9uvf - 8994163478049219 - March 15, 2021, 2:59 pm
txn_1IUDEiJm8ehcCWGIliWU19l3 - 8994163477972211 - March 15, 2021, 2:59 pm
2021Influencer488 - 8994163477707219 - March 15, 2021, 2:59 pm
2021Influencer500 - 8994163478048212 - March 15, 2021, 2:59 pm
txn_1IV2l0Jm8ehcCWGIiJAvJhjK - 8994163477973218 - March 15, 2021, 2:59 pm
2021Influencer469 - 8994163477974215 - March 15, 2021, 2:59 pm
txn_1IUPCQJm8ehcCWGIUhEL4NFQ - 8994163479384210 - March 15, 2021, 2:59 pm
txn_1IVHHDJm8ehcCWGIyMmRnIh9 - 8994163479152215 - March 15, 2021, 2:59 pm
2021Influencer498 - 8994163479151218 - March 15, 2021, 2:59 pm
2021Influencer483 - 8994163479383213 - March 15, 2021, 2:59 pm
txn_1IUxL3Jm8ehcCWGIeaZKd6tr - 8994163479150211 - March 15, 2021, 2:59 pm
txn_1IUIGTJm8ehcCWGI4Wg75Pwt - 8994163479373214 - March 15, 2021, 2:59 pm
txn_1IVGTeJm8ehcCWGI8yhUMIH0 - 8994163479371210 - March 15, 2021, 2:59 pm
2021Influencer497 - 8994163479148218 - March 15, 2021, 2:59 pm
2021Influencer482 - 8994163479147211 - March 15, 2021, 2:59 pm
txn_1IUlQqJm8ehcCWGIUg0Q5Xbn - 8994163479430214 - March 15, 2021, 2:59 pm
txn_1IUD7yJm8ehcCWGI3Dg1nF5v - 8994163479428211 - March 15, 2021, 2:59 pm
2021Influencer496 - 8994163479143213 - March 15, 2021, 2:59 pm
2021Influencer481 - 8994163479427214 - March 15, 2021, 2:59 pm
txn_1IUlMdJm8ehcCWGIgEoqoikT - 8994163479363215 - March 15, 2021, 2:59 pm
txn_1IVFJgJm8ehcCWGIxEC70U9l - 8994163479364212 - March 15, 2021, 2:59 pm
txn_1IUCHZJm8ehcCWGItz0rMEUO - 8994163479140212 - March 15, 2021, 2:59 pm
2021Influencer473 - 8994163479423216 - March 15, 2021, 2:59 pm
2021Influencer494 - 8994163479139216 - March 15, 2021, 2:59 pm
txn_1IUiUiJm8ehcCWGIIVZHiWtW - 8994163479424213 - March 15, 2021, 2:59 pm
txn_1IV5sdJm8ehcCWGIN376S2A8 - 8994163479360214 - March 15, 2021, 2:59 pm
2021Influencer491 - 8994163479814212 - March 15, 2021, 2:59 pm
2021Influencer487 - 8994163479811211 - March 15, 2021, 2:59 pm
2021Influencer486 - 8994163479460211 - March 15, 2021, 2:59 pm
2021Influencer485 - 8994163479642211 - March 15, 2021, 2:59 pm
2021Influencer484 - 8994163479196219 - March 15, 2021, 2:59 pm
2021Influencer495 - 8994163479468217 - March 15, 2021, 2:59 pm
2021Influencer493 - 8994163479655211 - March 15, 2021, 2:59 pm
txn_1IV4WiJm8ehcCWGIdRap4liP - 8994163479654214 - March 15, 2021, 2:59 pm
txn_1IUbV6Jm8ehcCWGIdG0ebdL5 - 8994163479466213 - March 15, 2021, 2:59 pm
txn_1IUQk3Jm8ehcCWGIdiT07x2h - 8994163479818210 - March 15, 2021, 2:59 pm
2021Influencer492 - 8994163479653217 - March 15, 2021, 2:59 pm
txn_1IV48wJm8ehcCWGIUW7jOX82 - 8994163479816216 - March 15, 2021, 2:59 pm
txn_1IUQVFJm8ehcCWGIgJmcvlc1 - 8994163479652210 - March 15, 2021, 2:59 pm
txn_1IV1TfJm8ehcCWGIYEtpW4nJ - 8994163479648213 - March 15, 2021, 2:59 pm
txn_1IUBvAJm8ehcCWGIjnz8Hl62 - 8994163479647216 - March 15, 2021, 2:59 pm
txn_1IV0FLJm8ehcCWGIxOpo9aes - 8994163479808211 - March 15, 2021, 2:59 pm
txn_1IU1V4Jm8ehcCWGIkj7NA74H - 8994163479807214 - March 15, 2021, 2:59 pm
txn_1IV0C7Jm8ehcCWGI3iKGog6a - 8994163479802219 - March 15, 2021, 2:59 pm
txn_1IU1BRJm8ehcCWGIhpUhm2Ez - 8994163479641214 - March 15, 2021, 2:59 pm
txn_1ITzI8Jm8ehcCWGIClOdKHtE - 8994163479638214 - March 15, 2021, 2:59 pm
txn_1IUxPnJm8ehcCWGI77CsWdYk - 8994163479197216 - March 15, 2021, 2:59 pm
txn_1IVIYyJm8ehcCWGIAop5489f - 8994163479482213 - March 15, 2021, 2:59 pm
txn_1IV47UJm8ehcCWGIKbJMc8Fy - 8994163477714217 - March 15, 2021, 3:00 pm
2021Influencer472 - 8994163477982210 - March 15, 2021, 3:00 pm
txn_1IUHu6Jm8ehcCWGIZsUooEsd - 8994163477981213 - March 15, 2021, 3:00 pm
2021Influencer490 - 8994163477980216 - March 15, 2021, 3:00 pm
txn_1IUgp7Jm8ehcCWGIx94QmblQ - 8994163477711216 - March 15, 2021, 3:00 pm
txn_1IV3WgJm8ehcCWGIyVyiCbcD - 8994163477979210 - March 15, 2021, 3:00 pm
2021Influencer502 - 8994163478058211 - March 15, 2021, 3:00 pm
2021Influencer471 - 8994163478057214 - March 15, 2021, 3:00 pm
txn_1IUETzJm8ehcCWGIKcukstdT - 8994163478054213 - March 15, 2021, 3:00 pm
2021Influencer489 - 8994163477976219 - March 15, 2021, 3:00 pm
txn_1IUfl4Jm8ehcCWGIyUZD2Xp3 - 8994163478055210 - March 15, 2021, 3:00 pm
txn_1IV2ooJm8ehcCWGIY2I2QtuD - 8994163478053216 - March 15, 2021, 3:00 pm
2021Influencer501 - 8994163478052219 - March 15, 2021, 3:00 pm
2021Influencer470 - 8994163478051212 - March 15, 2021, 3:00 pm
txn_1IUfNcJm8ehcCWGI83eg9uvf - 8994163478049219 - March 15, 2021, 3:00 pm
txn_1IUDEiJm8ehcCWGIliWU19l3 - 8994163477972211 - March 15, 2021, 3:00 pm
2021Influencer488 - 8994163477707219 - March 15, 2021, 3:00 pm
2021Influencer500 - 8994163478048212 - March 15, 2021, 3:00 pm
txn_1IV2l0Jm8ehcCWGIiJAvJhjK - 8994163477973218 - March 15, 2021, 3:00 pm
2021Influencer469 - 8994163477974215 - March 15, 2021, 3:00 pm
txn_1IUPCQJm8ehcCWGIUhEL4NFQ - 8994163479384210 - March 15, 2021, 3:00 pm
txn_1IVHHDJm8ehcCWGIyMmRnIh9 - 8994163479152215 - March 15, 2021, 3:00 pm
2021Influencer498 - 8994163479151218 - March 15, 2021, 3:00 pm
2021Influencer483 - 8994163479383213 - March 15, 2021, 3:00 pm
txn_1IUxL3Jm8ehcCWGIeaZKd6tr - 8994163479150211 - March 15, 2021, 3:00 pm
txn_1IUIGTJm8ehcCWGI4Wg75Pwt - 8994163479373214 - March 15, 2021, 3:00 pm
txn_1IVGTeJm8ehcCWGI8yhUMIH0 - 8994163479371210 - March 15, 2021, 3:00 pm
2021Influencer497 - 8994163479148218 - March 15, 2021, 3:00 pm
2021Influencer482 - 8994163479147211 - March 15, 2021, 3:00 pm
txn_1IUlQqJm8ehcCWGIUg0Q5Xbn - 8994163479430214 - March 15, 2021, 3:00 pm
txn_1IUD7yJm8ehcCWGI3Dg1nF5v - 8994163479428211 - March 15, 2021, 3:00 pm
2021Influencer496 - 8994163479143213 - March 15, 2021, 3:00 pm
2021Influencer481 - 8994163479427214 - March 15, 2021, 3:00 pm
txn_1IUlMdJm8ehcCWGIgEoqoikT - 8994163479363215 - March 15, 2021, 3:00 pm
txn_1IVFJgJm8ehcCWGIxEC70U9l - 8994163479364212 - March 15, 2021, 3:00 pm
txn_1IUCHZJm8ehcCWGItz0rMEUO - 8994163479140212 - March 15, 2021, 3:00 pm
2021Influencer473 - 8994163479423216 - March 15, 2021, 3:00 pm
2021Influencer494 - 8994163479139216 - March 15, 2021, 3:00 pm
txn_1IUiUiJm8ehcCWGIIVZHiWtW - 8994163479424213 - March 15, 2021, 3:00 pm
txn_1IV5sdJm8ehcCWGIN376S2A8 - 8994163479360214 - March 15, 2021, 3:00 pm
2021Influencer491 - 8994163479814212 - March 15, 2021, 3:00 pm
2021Influencer487 - 8994163479811211 - March 15, 2021, 3:00 pm
2021Influencer486 - 8994163479460211 - March 15, 2021, 3:00 pm
2021Influencer485 - 8994163479642211 - March 15, 2021, 3:00 pm
2021Influencer484 - 8994163479196219 - March 15, 2021, 3:00 pm
2021Influencer495 - 8994163479468217 - March 15, 2021, 3:00 pm
2021Influencer493 - 8994163479655211 - March 15, 2021, 3:00 pm
txn_1IV4WiJm8ehcCWGIdRap4liP - 8994163479654214 - March 15, 2021, 3:00 pm
txn_1IUbV6Jm8ehcCWGIdG0ebdL5 - 8994163479466213 - March 15, 2021, 3:00 pm
txn_1IUQk3Jm8ehcCWGIdiT07x2h - 8994163479818210 - March 15, 2021, 3:00 pm
2021Influencer492 - 8994163479653217 - March 15, 2021, 3:00 pm
txn_1IV48wJm8ehcCWGIUW7jOX82 - 8994163479816216 - March 15, 2021, 3:00 pm
txn_1IUQVFJm8ehcCWGIgJmcvlc1 - 8994163479652210 - March 15, 2021, 3:00 pm
txn_1IV1TfJm8ehcCWGIYEtpW4nJ - 8994163479648213 - March 15, 2021, 3:00 pm
txn_1IUBvAJm8ehcCWGIjnz8Hl62 - 8994163479647216 - March 15, 2021, 3:00 pm
txn_1IV0FLJm8ehcCWGIxOpo9aes - 8994163479808211 - March 15, 2021, 3:00 pm
txn_1IU1V4Jm8ehcCWGIkj7NA74H - 8994163479807214 - March 15, 2021, 3:00 pm
txn_1IV0C7Jm8ehcCWGI3iKGog6a - 8994163479802219 - March 15, 2021, 3:00 pm
txn_1IU1BRJm8ehcCWGIhpUhm2Ez - 8994163479641214 - March 15, 2021, 3:00 pm
txn_1ITzI8Jm8ehcCWGIClOdKHtE - 8994163479638214 - March 15, 2021, 3:00 pm
txn_1IUxPnJm8ehcCWGI77CsWdYk - 8994163479197216 - March 15, 2021, 3:00 pm
txn_1IVIYyJm8ehcCWGIAop5489f - 8994163479482213 - March 15, 2021, 3:00 pm
txn_1IVJEqJm8ehcCWGIlWrt0UqQ - 8994163479725211 - March 15, 2021, 3:00 pm
txn_1IV5JGJm8ehcCWGIS1fyO60E - 8994163479493219 - March 15, 2021, 3:00 pm
txn_1IV4oNJm8ehcCWGIa2DWgC4A - 8994163479718213 - March 15, 2021, 3:00 pm
txn_1IUhu5Jm8ehcCWGI0jYzRieP - 8994163479925215 - March 15, 2021, 3:00 pm
txn_1IUe7DJm8ehcCWGIyupMLY1o - 8994163479918217 - March 15, 2021, 3:00 pm
txn_1IUdC8Jm8ehcCWGIrZua1C3c - 8994163479914219 - March 15, 2021, 3:00 pm
txn_1IUcrzJm8ehcCWGI0GyoHHpY - 8994163479910211 - March 15, 2021, 3:00 pm
txn_1IUcIxJm8ehcCWGI8JqqxuIe - 8994163479906214 - March 15, 2021, 3:00 pm
txn_1ITyqeJm8ehcCWGIN3V86wql - 8994163479701215 - March 15, 2021, 3:00 pm
txn_1ITyZyJm8ehcCWGIk7DYxQqM - 8994163479898212 - March 15, 2021, 3:00 pm
2021Influencer503 - 8994163479488215 - March 15, 2021, 3:00 pm
2021Influencer499 - 8994163479486211 - March 15, 2021, 3:00 pm
txn_1IVK4EJm8ehcCWGI7tiOfECE - 8994163479485214 - March 15, 2021, 3:00 pm
607d7051-cdd1-39ed-f1df-cdc6ff571099 - 8994163489549210 - March 15, 2021, 4:50 pm
