txn_1J37M2Jm8ehcCWGIB7eqCGsA - 8994163661614255 - June 17, 2021, 5:15 pm
txn_1J37RPJm8ehcCWGIyhAM82xa - 8994163661598258 - June 17, 2021, 5:15 pm
txn_1J35vQJm8ehcCWGIwH5lcL8K - 8994163661597251 - June 17, 2021, 5:15 pm
txn_1J2nMqJm8ehcCWGIyFAm6LPg - 8994163662139252 - June 17, 2021, 5:30 pm
txn_1J354XJm8ehcCWGIXqfsjjGV - 8994163661761256 - June 17, 2021, 5:30 pm
txn_1J33mpJm8ehcCWGIN5y6Axw2 - 8994163662150257 - June 17, 2021, 5:30 pm
txn_1J2o3YJm8ehcCWGIuc9XzXeI - 8994163661974250 - June 17, 2021, 5:30 pm
txn_1J2ztQJm8ehcCWGIvSwluA1l - 8994163661973253 - June 17, 2021, 5:30 pm
txn_1J33cvJm8ehcCWGIXimkPMcv - 8994163662146250 - June 17, 2021, 5:30 pm
txn_1J32ILJm8ehcCWGI5citrEW8 - 8994163661760259 - June 17, 2021, 5:30 pm
txn_1J2z47Jm8ehcCWGIttekYF5x - 8994163661972256 - June 17, 2021, 5:30 pm
txn_1J30ZEJm8ehcCWGIF86TwIKF - 8994163662145253 - June 17, 2021, 5:30 pm
txn_1J2nfvJm8ehcCWGIxNrUfPk5 - 8994163662143259 - June 17, 2021, 5:30 pm
txn_1J2zmmJm8ehcCWGICaIxI3M6 - 8994163661759253 - June 17, 2021, 5:30 pm
txn_1J2xzfJm8ehcCWGIOtyhN7nM - 8994163662142252 - June 17, 2021, 5:30 pm
txn_1J32d8Jm8ehcCWGI54PuGYhh - 8994163662141255 - June 17, 2021, 5:30 pm
txn_1J31YVJm8ehcCWGIx950zyUO - 8994163661758256 - June 17, 2021, 5:30 pm
txn_1J30WhJm8ehcCWGImUo1TCCB - 8994163661971259 - June 17, 2021, 5:30 pm
txn_1J2zEKJm8ehcCWGIAljzfGLg - 8994163661968259 - June 17, 2021, 5:30 pm
txn_1J32SHJm8ehcCWGIJMcXenU3 - 8994163661970252 - June 17, 2021, 5:30 pm
txn_1J2qsqJm8ehcCWGIHvLpqCHK - 8994163662138255 - June 17, 2021, 5:30 pm
txn_1J30BdJm8ehcCWGINaftbJNq - 8994163662140258 - June 17, 2021, 5:30 pm
txn_1J30aNJm8ehcCWGICwvkbe0z - 8994163661969256 - June 17, 2021, 5:30 pm
txn_1J2nMqJm8ehcCWGIyFAm6LPg - 8994163662139252 - June 17, 2021, 5:30 pm
txn_1J354XJm8ehcCWGIXqfsjjGV - 8994163661761256 - June 17, 2021, 5:30 pm
txn_1J2nMqJm8ehcCWGIyFAm6LPg - 8994163662139252 - June 17, 2021, 5:30 pm
txn_1J33mpJm8ehcCWGIN5y6Axw2 - 8994163662150257 - June 17, 2021, 5:30 pm
txn_1J354XJm8ehcCWGIXqfsjjGV - 8994163661761256 - June 17, 2021, 5:30 pm
txn_1J2o3YJm8ehcCWGIuc9XzXeI - 8994163661974250 - June 17, 2021, 5:30 pm
txn_1J33mpJm8ehcCWGIN5y6Axw2 - 8994163662150257 - June 17, 2021, 5:30 pm
txn_1J2ztQJm8ehcCWGIvSwluA1l - 8994163661973253 - June 17, 2021, 5:30 pm
txn_1J2o3YJm8ehcCWGIuc9XzXeI - 8994163661974250 - June 17, 2021, 5:30 pm
txn_1J33cvJm8ehcCWGIXimkPMcv - 8994163662146250 - June 17, 2021, 5:30 pm
txn_1J2ztQJm8ehcCWGIvSwluA1l - 8994163661973253 - June 17, 2021, 5:30 pm
txn_1J32ILJm8ehcCWGI5citrEW8 - 8994163661760259 - June 17, 2021, 5:30 pm
txn_1J33cvJm8ehcCWGIXimkPMcv - 8994163662146250 - June 17, 2021, 5:30 pm
txn_1J2z47Jm8ehcCWGIttekYF5x - 8994163661972256 - June 17, 2021, 5:30 pm
txn_1J32ILJm8ehcCWGI5citrEW8 - 8994163661760259 - June 17, 2021, 5:30 pm
txn_1J30ZEJm8ehcCWGIF86TwIKF - 8994163662145253 - June 17, 2021, 5:30 pm
txn_1J2z47Jm8ehcCWGIttekYF5x - 8994163661972256 - June 17, 2021, 5:30 pm
txn_1J2nfvJm8ehcCWGIxNrUfPk5 - 8994163662143259 - June 17, 2021, 5:30 pm
txn_1J30ZEJm8ehcCWGIF86TwIKF - 8994163662145253 - June 17, 2021, 5:30 pm
txn_1J2zmmJm8ehcCWGICaIxI3M6 - 8994163661759253 - June 17, 2021, 5:30 pm
txn_1J2nfvJm8ehcCWGIxNrUfPk5 - 8994163662143259 - June 17, 2021, 5:30 pm
txn_1J2xzfJm8ehcCWGIOtyhN7nM - 8994163662142252 - June 17, 2021, 5:30 pm
txn_1J2zmmJm8ehcCWGICaIxI3M6 - 8994163661759253 - June 17, 2021, 5:30 pm
txn_1J32d8Jm8ehcCWGI54PuGYhh - 8994163662141255 - June 17, 2021, 5:30 pm
txn_1J2xzfJm8ehcCWGIOtyhN7nM - 8994163662142252 - June 17, 2021, 5:30 pm
txn_1J31YVJm8ehcCWGIx950zyUO - 8994163661758256 - June 17, 2021, 5:30 pm
txn_1J2nMqJm8ehcCWGIyFAm6LPg - 8994163662139252 - June 17, 2021, 5:30 pm
txn_1J32d8Jm8ehcCWGI54PuGYhh - 8994163662141255 - June 17, 2021, 5:30 pm
txn_1J30WhJm8ehcCWGImUo1TCCB - 8994163661971259 - June 17, 2021, 5:30 pm
txn_1J354XJm8ehcCWGIXqfsjjGV - 8994163661761256 - June 17, 2021, 5:30 pm
txn_1J31YVJm8ehcCWGIx950zyUO - 8994163661758256 - June 17, 2021, 5:30 pm
txn_1J2zEKJm8ehcCWGIAljzfGLg - 8994163661968259 - June 17, 2021, 5:30 pm
txn_1J33mpJm8ehcCWGIN5y6Axw2 - 8994163662150257 - June 17, 2021, 5:30 pm
txn_1J30WhJm8ehcCWGImUo1TCCB - 8994163661971259 - June 17, 2021, 5:30 pm
txn_1J32SHJm8ehcCWGIJMcXenU3 - 8994163661970252 - June 17, 2021, 5:30 pm
txn_1J2o3YJm8ehcCWGIuc9XzXeI - 8994163661974250 - June 17, 2021, 5:30 pm
txn_1J2zEKJm8ehcCWGIAljzfGLg - 8994163661968259 - June 17, 2021, 5:30 pm
txn_1J2qsqJm8ehcCWGIHvLpqCHK - 8994163662138255 - June 17, 2021, 5:30 pm
txn_1J2ztQJm8ehcCWGIvSwluA1l - 8994163661973253 - June 17, 2021, 5:30 pm
txn_1J32SHJm8ehcCWGIJMcXenU3 - 8994163661970252 - June 17, 2021, 5:30 pm
txn_1J30BdJm8ehcCWGINaftbJNq - 8994163662140258 - June 17, 2021, 5:30 pm
txn_1J33cvJm8ehcCWGIXimkPMcv - 8994163662146250 - June 17, 2021, 5:30 pm
txn_1J2qsqJm8ehcCWGIHvLpqCHK - 8994163662138255 - June 17, 2021, 5:30 pm
txn_1J30aNJm8ehcCWGICwvkbe0z - 8994163661969256 - June 17, 2021, 5:30 pm
txn_1J32ILJm8ehcCWGI5citrEW8 - 8994163661760259 - June 17, 2021, 5:30 pm
txn_1J30BdJm8ehcCWGINaftbJNq - 8994163662140258 - June 17, 2021, 5:30 pm
txn_1J2z47Jm8ehcCWGIttekYF5x - 8994163661972256 - June 17, 2021, 5:30 pm
txn_1J30aNJm8ehcCWGICwvkbe0z - 8994163661969256 - June 17, 2021, 5:30 pm
txn_1J30ZEJm8ehcCWGIF86TwIKF - 8994163662145253 - June 17, 2021, 5:30 pm
txn_1J2nfvJm8ehcCWGIxNrUfPk5 - 8994163662143259 - June 17, 2021, 5:30 pm
txn_1J2zmmJm8ehcCWGICaIxI3M6 - 8994163661759253 - June 17, 2021, 5:30 pm
txn_1J2xzfJm8ehcCWGIOtyhN7nM - 8994163662142252 - June 17, 2021, 5:30 pm
txn_1J32d8Jm8ehcCWGI54PuGYhh - 8994163662141255 - June 17, 2021, 5:30 pm
txn_1J31YVJm8ehcCWGIx950zyUO - 8994163661758256 - June 17, 2021, 5:30 pm
txn_1J30WhJm8ehcCWGImUo1TCCB - 8994163661971259 - June 17, 2021, 5:30 pm
txn_1J2zEKJm8ehcCWGIAljzfGLg - 8994163661968259 - June 17, 2021, 5:30 pm
txn_1J32SHJm8ehcCWGIJMcXenU3 - 8994163661970252 - June 17, 2021, 5:30 pm
txn_1J2qsqJm8ehcCWGIHvLpqCHK - 8994163662138255 - June 17, 2021, 5:30 pm
txn_1J30BdJm8ehcCWGINaftbJNq - 8994163662140258 - June 17, 2021, 5:30 pm
txn_1J30aNJm8ehcCWGICwvkbe0z - 8994163661969256 - June 17, 2021, 5:30 pm
txn_1J2nMqJm8ehcCWGIyFAm6LPg - 8994163662139252 - June 17, 2021, 5:30 pm
txn_1J354XJm8ehcCWGIXqfsjjGV - 8994163661761256 - June 17, 2021, 5:30 pm
txn_1J33mpJm8ehcCWGIN5y6Axw2 - 8994163662150257 - June 17, 2021, 5:30 pm
txn_1J2o3YJm8ehcCWGIuc9XzXeI - 8994163661974250 - June 17, 2021, 5:30 pm
txn_1J2ztQJm8ehcCWGIvSwluA1l - 8994163661973253 - June 17, 2021, 5:30 pm
txn_1J33cvJm8ehcCWGIXimkPMcv - 8994163662146250 - June 17, 2021, 5:30 pm
txn_1J32ILJm8ehcCWGI5citrEW8 - 8994163661760259 - June 17, 2021, 5:30 pm
txn_1J2z47Jm8ehcCWGIttekYF5x - 8994163661972256 - June 17, 2021, 5:30 pm
txn_1J30ZEJm8ehcCWGIF86TwIKF - 8994163662145253 - June 17, 2021, 5:30 pm
txn_1J2nfvJm8ehcCWGIxNrUfPk5 - 8994163662143259 - June 17, 2021, 5:30 pm
txn_1J2zmmJm8ehcCWGICaIxI3M6 - 8994163661759253 - June 17, 2021, 5:30 pm
txn_1J2xzfJm8ehcCWGIOtyhN7nM - 8994163662142252 - June 17, 2021, 5:30 pm
txn_1J32d8Jm8ehcCWGI54PuGYhh - 8994163662141255 - June 17, 2021, 5:30 pm
txn_1J31YVJm8ehcCWGIx950zyUO - 8994163661758256 - June 17, 2021, 5:30 pm
txn_1J30WhJm8ehcCWGImUo1TCCB - 8994163661971259 - June 17, 2021, 5:30 pm
txn_1J2zEKJm8ehcCWGIAljzfGLg - 8994163661968259 - June 17, 2021, 5:30 pm
txn_1J32SHJm8ehcCWGIJMcXenU3 - 8994163661970252 - June 17, 2021, 5:30 pm
txn_1J2qsqJm8ehcCWGIHvLpqCHK - 8994163662138255 - June 17, 2021, 5:30 pm
txn_1J30BdJm8ehcCWGINaftbJNq - 8994163662140258 - June 17, 2021, 5:30 pm
txn_1J30aNJm8ehcCWGICwvkbe0z - 8994163661969256 - June 17, 2021, 5:30 pm
txn_1J2nMqJm8ehcCWGIyFAm6LPg - 8994163662139252 - June 17, 2021, 5:30 pm
txn_1J354XJm8ehcCWGIXqfsjjGV - 8994163661761256 - June 17, 2021, 5:30 pm
txn_1J33mpJm8ehcCWGIN5y6Axw2 - 8994163662150257 - June 17, 2021, 5:30 pm
txn_1J2o3YJm8ehcCWGIuc9XzXeI - 8994163661974250 - June 17, 2021, 5:30 pm
txn_1J2ztQJm8ehcCWGIvSwluA1l - 8994163661973253 - June 17, 2021, 5:30 pm
txn_1J33cvJm8ehcCWGIXimkPMcv - 8994163662146250 - June 17, 2021, 5:30 pm
txn_1J32ILJm8ehcCWGI5citrEW8 - 8994163661760259 - June 17, 2021, 5:30 pm
txn_1J2z47Jm8ehcCWGIttekYF5x - 8994163661972256 - June 17, 2021, 5:30 pm
txn_1J30ZEJm8ehcCWGIF86TwIKF - 8994163662145253 - June 17, 2021, 5:30 pm
txn_1J2nfvJm8ehcCWGIxNrUfPk5 - 8994163662143259 - June 17, 2021, 5:30 pm
txn_1J2zmmJm8ehcCWGICaIxI3M6 - 8994163661759253 - June 17, 2021, 5:30 pm
txn_1J2xzfJm8ehcCWGIOtyhN7nM - 8994163662142252 - June 17, 2021, 5:30 pm
txn_1J32d8Jm8ehcCWGI54PuGYhh - 8994163662141255 - June 17, 2021, 5:30 pm
txn_1J31YVJm8ehcCWGIx950zyUO - 8994163661758256 - June 17, 2021, 5:30 pm
txn_1J30WhJm8ehcCWGImUo1TCCB - 8994163661971259 - June 17, 2021, 5:30 pm
txn_1J2zEKJm8ehcCWGIAljzfGLg - 8994163661968259 - June 17, 2021, 5:30 pm
txn_1J32SHJm8ehcCWGIJMcXenU3 - 8994163661970252 - June 17, 2021, 5:30 pm
txn_1J2qsqJm8ehcCWGIHvLpqCHK - 8994163662138255 - June 17, 2021, 5:30 pm
txn_1J30BdJm8ehcCWGINaftbJNq - 8994163662140258 - June 17, 2021, 5:30 pm
txn_1J30aNJm8ehcCWGICwvkbe0z - 8994163661969256 - June 17, 2021, 5:30 pm
txn_1J2nMqJm8ehcCWGIyFAm6LPg - 8994163662139252 - June 17, 2021, 5:30 pm
txn_1J354XJm8ehcCWGIXqfsjjGV - 8994163661761256 - June 17, 2021, 5:30 pm
txn_1J33mpJm8ehcCWGIN5y6Axw2 - 8994163662150257 - June 17, 2021, 5:30 pm
txn_1J2o3YJm8ehcCWGIuc9XzXeI - 8994163661974250 - June 17, 2021, 5:30 pm
txn_1J2ztQJm8ehcCWGIvSwluA1l - 8994163661973253 - June 17, 2021, 5:30 pm
txn_1J33cvJm8ehcCWGIXimkPMcv - 8994163662146250 - June 17, 2021, 5:30 pm
txn_1J32ILJm8ehcCWGI5citrEW8 - 8994163661760259 - June 17, 2021, 5:30 pm
txn_1J2z47Jm8ehcCWGIttekYF5x - 8994163661972256 - June 17, 2021, 5:30 pm
txn_1J30ZEJm8ehcCWGIF86TwIKF - 8994163662145253 - June 17, 2021, 5:30 pm
txn_1J2nfvJm8ehcCWGIxNrUfPk5 - 8994163662143259 - June 17, 2021, 5:30 pm
txn_1J2zmmJm8ehcCWGICaIxI3M6 - 8994163661759253 - June 17, 2021, 5:30 pm
txn_1J2xzfJm8ehcCWGIOtyhN7nM - 8994163662142252 - June 17, 2021, 5:30 pm
txn_1J32d8Jm8ehcCWGI54PuGYhh - 8994163662141255 - June 17, 2021, 5:30 pm
txn_1J31YVJm8ehcCWGIx950zyUO - 8994163661758256 - June 17, 2021, 5:30 pm
txn_1J30WhJm8ehcCWGImUo1TCCB - 8994163661971259 - June 17, 2021, 5:30 pm
txn_1J2zEKJm8ehcCWGIAljzfGLg - 8994163661968259 - June 17, 2021, 5:30 pm
txn_1J32SHJm8ehcCWGIJMcXenU3 - 8994163661970252 - June 17, 2021, 5:30 pm
txn_1J2qsqJm8ehcCWGIHvLpqCHK - 8994163662138255 - June 17, 2021, 5:30 pm
txn_1J30BdJm8ehcCWGINaftbJNq - 8994163662140258 - June 17, 2021, 5:30 pm
txn_1J30aNJm8ehcCWGICwvkbe0z - 8994163661969256 - June 17, 2021, 5:30 pm
txn_1J2nMqJm8ehcCWGIyFAm6LPg - 8994163662139252 - June 17, 2021, 5:30 pm
txn_1J354XJm8ehcCWGIXqfsjjGV - 8994163661761256 - June 17, 2021, 5:30 pm
txn_1J33mpJm8ehcCWGIN5y6Axw2 - 8994163662150257 - June 17, 2021, 5:30 pm
txn_1J2o3YJm8ehcCWGIuc9XzXeI - 8994163661974250 - June 17, 2021, 5:30 pm
txn_1J2ztQJm8ehcCWGIvSwluA1l - 8994163661973253 - June 17, 2021, 5:30 pm
txn_1J33cvJm8ehcCWGIXimkPMcv - 8994163662146250 - June 17, 2021, 5:30 pm
txn_1J32ILJm8ehcCWGI5citrEW8 - 8994163661760259 - June 17, 2021, 5:30 pm
txn_1J2z47Jm8ehcCWGIttekYF5x - 8994163661972256 - June 17, 2021, 5:30 pm
txn_1J30ZEJm8ehcCWGIF86TwIKF - 8994163662145253 - June 17, 2021, 5:30 pm
txn_1J2nfvJm8ehcCWGIxNrUfPk5 - 8994163662143259 - June 17, 2021, 5:30 pm
txn_1J2zmmJm8ehcCWGICaIxI3M6 - 8994163661759253 - June 17, 2021, 5:30 pm
txn_1J2xzfJm8ehcCWGIOtyhN7nM - 8994163662142252 - June 17, 2021, 5:30 pm
txn_1J32d8Jm8ehcCWGI54PuGYhh - 8994163662141255 - June 17, 2021, 5:30 pm
txn_1J31YVJm8ehcCWGIx950zyUO - 8994163661758256 - June 17, 2021, 5:30 pm
txn_1J30WhJm8ehcCWGImUo1TCCB - 8994163661971259 - June 17, 2021, 5:30 pm
txn_1J2zEKJm8ehcCWGIAljzfGLg - 8994163661968259 - June 17, 2021, 5:30 pm
txn_1J32SHJm8ehcCWGIJMcXenU3 - 8994163661970252 - June 17, 2021, 5:30 pm
txn_1J2qsqJm8ehcCWGIHvLpqCHK - 8994163662138255 - June 17, 2021, 5:30 pm
txn_1J30BdJm8ehcCWGINaftbJNq - 8994163662140258 - June 17, 2021, 5:30 pm
txn_1J30aNJm8ehcCWGICwvkbe0z - 8994163661969256 - June 17, 2021, 5:30 pm
txn_1J39AdJm8ehcCWGIEkQmbyVx - 8994163661985256 - June 17, 2021, 5:30 pm
txn_1J2nMqJm8ehcCWGIyFAm6LPg - 8994163662139252 - June 17, 2021, 5:30 pm
txn_1J354XJm8ehcCWGIXqfsjjGV - 8994163661761256 - June 17, 2021, 5:30 pm
txn_1J33mpJm8ehcCWGIN5y6Axw2 - 8994163662150257 - June 17, 2021, 5:30 pm
txn_1J2o3YJm8ehcCWGIuc9XzXeI - 8994163661974250 - June 17, 2021, 5:30 pm
txn_1J2ztQJm8ehcCWGIvSwluA1l - 8994163661973253 - June 17, 2021, 5:30 pm
txn_1J33cvJm8ehcCWGIXimkPMcv - 8994163662146250 - June 17, 2021, 5:30 pm
txn_1J32ILJm8ehcCWGI5citrEW8 - 8994163661760259 - June 17, 2021, 5:30 pm
txn_1J2z47Jm8ehcCWGIttekYF5x - 8994163661972256 - June 17, 2021, 5:30 pm
txn_1J30ZEJm8ehcCWGIF86TwIKF - 8994163662145253 - June 17, 2021, 5:30 pm
txn_1J2nfvJm8ehcCWGIxNrUfPk5 - 8994163662143259 - June 17, 2021, 5:30 pm
txn_1J2zmmJm8ehcCWGICaIxI3M6 - 8994163661759253 - June 17, 2021, 5:30 pm
txn_1J2xzfJm8ehcCWGIOtyhN7nM - 8994163662142252 - June 17, 2021, 5:30 pm
txn_1J32d8Jm8ehcCWGI54PuGYhh - 8994163662141255 - June 17, 2021, 5:30 pm
txn_1J31YVJm8ehcCWGIx950zyUO - 8994163661758256 - June 17, 2021, 5:30 pm
txn_1J30WhJm8ehcCWGImUo1TCCB - 8994163661971259 - June 17, 2021, 5:30 pm
txn_1J2zEKJm8ehcCWGIAljzfGLg - 8994163661968259 - June 17, 2021, 5:30 pm
txn_1J32SHJm8ehcCWGIJMcXenU3 - 8994163661970252 - June 17, 2021, 5:30 pm
txn_1J2qsqJm8ehcCWGIHvLpqCHK - 8994163662138255 - June 17, 2021, 5:30 pm
txn_1J30BdJm8ehcCWGINaftbJNq - 8994163662140258 - June 17, 2021, 5:30 pm
txn_1J30aNJm8ehcCWGICwvkbe0z - 8994163661969256 - June 17, 2021, 5:30 pm
txn_1J39AdJm8ehcCWGIEkQmbyVx - 8994163661985256 - June 17, 2021, 5:30 pm
txn_1J2nMqJm8ehcCWGIyFAm6LPg - 8994163662139252 - June 17, 2021, 5:30 pm
txn_1J354XJm8ehcCWGIXqfsjjGV - 8994163661761256 - June 17, 2021, 5:30 pm
txn_1J33mpJm8ehcCWGIN5y6Axw2 - 8994163662150257 - June 17, 2021, 5:30 pm
txn_1J2o3YJm8ehcCWGIuc9XzXeI - 8994163661974250 - June 17, 2021, 5:30 pm
txn_1J2ztQJm8ehcCWGIvSwluA1l - 8994163661973253 - June 17, 2021, 5:30 pm
txn_1J33cvJm8ehcCWGIXimkPMcv - 8994163662146250 - June 17, 2021, 5:30 pm
txn_1J32ILJm8ehcCWGI5citrEW8 - 8994163661760259 - June 17, 2021, 5:30 pm
txn_1J2z47Jm8ehcCWGIttekYF5x - 8994163661972256 - June 17, 2021, 5:30 pm
txn_1J30ZEJm8ehcCWGIF86TwIKF - 8994163662145253 - June 17, 2021, 5:30 pm
txn_1J2nfvJm8ehcCWGIxNrUfPk5 - 8994163662143259 - June 17, 2021, 5:30 pm
txn_1J2zmmJm8ehcCWGICaIxI3M6 - 8994163661759253 - June 17, 2021, 5:30 pm
txn_1J2xzfJm8ehcCWGIOtyhN7nM - 8994163662142252 - June 17, 2021, 5:30 pm
txn_1J32d8Jm8ehcCWGI54PuGYhh - 8994163662141255 - June 17, 2021, 5:30 pm
txn_1J31YVJm8ehcCWGIx950zyUO - 8994163661758256 - June 17, 2021, 5:30 pm
txn_1J30WhJm8ehcCWGImUo1TCCB - 8994163661971259 - June 17, 2021, 5:30 pm
txn_1J2zEKJm8ehcCWGIAljzfGLg - 8994163661968259 - June 17, 2021, 5:30 pm
txn_1J32SHJm8ehcCWGIJMcXenU3 - 8994163661970252 - June 17, 2021, 5:30 pm
txn_1J2qsqJm8ehcCWGIHvLpqCHK - 8994163662138255 - June 17, 2021, 5:30 pm
txn_1J30BdJm8ehcCWGINaftbJNq - 8994163662140258 - June 17, 2021, 5:30 pm
txn_1J30aNJm8ehcCWGICwvkbe0z - 8994163661969256 - June 17, 2021, 5:30 pm
txn_1J39AdJm8ehcCWGIEkQmbyVx - 8994163661985256 - June 17, 2021, 5:30 pm
