txn_1ITVRtJm8ehcCWGI6XKiz2OH - 8994163347387213 - March 11, 2021, 2:59 pm
txn_1IT6bIJm8ehcCWGIIQSgz9sS - 8994163347598213 - March 11, 2021, 2:59 pm
txn_1ITcNqJm8ehcCWGIQZ6WwmRM - 8994163347702214 - March 11, 2021, 2:59 pm
txn_1ITp0UJm8ehcCWGIAHQN9R3a - 8994163347385219 - March 11, 2021, 2:59 pm
txn_1ITadKJm8ehcCWGI7lcJwhTQ - 8994163347700210 - March 11, 2021, 2:59 pm
txn_1ITRkVJm8ehcCWGIIpUrOy5s - 8994163347590217 - March 11, 2021, 2:59 pm
txn_1ITaJHJm8ehcCWGIy7C1m8i2 - 8994163347589211 - March 11, 2021, 2:59 pm
txn_1IThE4Jm8ehcCWGIXdEg1sfg - 8994163347698210 - March 11, 2021, 2:59 pm
txn_1ITD9mJm8ehcCWGIrFy0VX6Y - 8994163347377214 - March 11, 2021, 2:59 pm
txn_1ISzQaJm8ehcCWGIb5IkNME1 - 8994163347585213 - March 11, 2021, 2:59 pm
txn_1ISqiUJm8ehcCWGIChyZAHbE - 8994163347588214 - March 11, 2021, 2:59 pm
txn_1ITK9uJm8ehcCWGIUNnR9R3J - 8994163347375210 - March 11, 2021, 2:59 pm
txn_1ITh3LJm8ehcCWGIhbLjylrf - 8994163347584216 - March 11, 2021, 2:59 pm
txn_1ITBzEJm8ehcCWGIaFAfHXvP - 8994163347372219 - March 11, 2021, 2:59 pm
txn_1ITZnMJm8ehcCWGIvZT3X5rP - 8994163347371212 - March 11, 2021, 2:59 pm
txn_1ISqaKJm8ehcCWGIqKR40ywf - 8994163347583219 - March 11, 2021, 2:59 pm
txn_1ISyAnJm8ehcCWGIq1ABnnMz - 8994163347366218 - March 11, 2021, 2:59 pm
txn_1ITJqeJm8ehcCWGIx2SyUZYZ - 8994163347367215 - March 11, 2021, 2:59 pm
txn_1ITeGjJm8ehcCWGIGiVSQGmV - 8994163347695219 - March 11, 2021, 2:59 pm
txn_1ITAfEJm8ehcCWGILPuz8IVZ - 8994163347365211 - March 11, 2021, 2:59 pm
txn_1ITYIeJm8ehcCWGIPpohFBmR - 8994163347582212 - March 11, 2021, 2:59 pm
txn_1ISqXqJm8ehcCWGIuXxYYYNA - 8994163347363217 - March 11, 2021, 2:59 pm
txn_1ITJl4Jm8ehcCWGI7liSZCjN - 8994163347361213 - March 11, 2021, 2:59 pm
txn_1ISwg2Jm8ehcCWGIxiFMv3Vm - 8994163347362210 - March 11, 2021, 2:59 pm
txn_1ITAddJm8ehcCWGIw04gRg33 - 8994163347579212 - March 11, 2021, 2:59 pm
txn_1ITeCHJm8ehcCWGIaDZfQvv3 - 8994163347360216 - March 11, 2021, 2:59 pm
txn_1ITY9GJm8ehcCWGIr5iHnFg4 - 8994163347359210 - March 11, 2021, 2:59 pm
txn_1IOUSrJm8ehcCWGIWTVh4T3a_x - 8994163347357216 - March 11, 2021, 2:59 pm
txn_1ISwbYJm8ehcCWGIsX98TxwI - 8994163347580218 - March 11, 2021, 2:59 pm
txn_1ITIwIJm8ehcCWGIWqymLlI8 - 8994163347358213 - March 11, 2021, 2:59 pm
txn_1ITWZBJm8ehcCWGIET01On1G -  - March 11, 2021, 2:59 pm
txn_1ITAUgJm8ehcCWGIET3tyE9w -  - March 11, 2021, 2:59 pm
txn_1IThVsJm8ehcCWGIczKhY3FJ -  - March 11, 2021, 2:59 pm
txn_1ISvLTJm8ehcCWGITrlSHaEG -  - March 11, 2021, 2:59 pm
txn_1ITW2zJm8ehcCWGITn0x9uOs -  - March 11, 2021, 2:59 pm
txn_1ITAGTJm8ehcCWGIIaSwyUFb -  - March 11, 2021, 2:59 pm
txn_1ISuOMJm8ehcCWGI7bu78Bmg -  - March 11, 2021, 2:59 pm
txn_1ITe9BJm8ehcCWGIKU9nDmBE -  - March 11, 2021, 2:59 pm
txn_1ITVxoJm8ehcCWGILSLJ0IW6 -  - March 11, 2021, 2:59 pm
txn_1ITuRrJm8ehcCWGIUSWngUiu -  - March 11, 2021, 2:59 pm
txn_1IT9LAJm8ehcCWGIiRmhToyd -  - March 11, 2021, 2:59 pm
txn_1ISttPJm8ehcCWGISSIfBYbh -  - March 11, 2021, 2:59 pm
txn_1ITe7HJm8ehcCWGIcqBRFj6Q -  - March 11, 2021, 2:59 pm
txn_1ITUU2Jm8ehcCWGIRNz1LKpT -  - March 11, 2021, 2:59 pm
txn_1IT8WwJm8ehcCWGIrqOWFzBp -  - March 11, 2021, 2:59 pm
txn_1ISt10Jm8ehcCWGIeezawJ6b -  - March 11, 2021, 2:59 pm
txn_1ITdzNJm8ehcCWGIG39c4e3y -  - March 11, 2021, 2:59 pm
txn_1ITTR5Jm8ehcCWGItUrtfixl -  - March 11, 2021, 2:59 pm
txn_1IT8KzJm8ehcCWGIvD5vxwJD -  - March 11, 2021, 2:59 pm
txn_1ISrXPJm8ehcCWGIPwZ4TpGB -  - March 11, 2021, 2:59 pm
txn_1ITdlJJm8ehcCWGIK4wnhnQh -  - March 11, 2021, 2:59 pm
txn_1ITHWaJm8ehcCWGIsTJwwg2k -  - March 11, 2021, 2:59 pm
txn_1IT87PJm8ehcCWGInJgULYa0 -  - March 11, 2021, 2:59 pm
txn_1ISr0jJm8ehcCWGIZP79AZ2l -  - March 11, 2021, 2:59 pm
txn_1ITdKgJm8ehcCWGIKRDjMDXh -  - March 11, 2021, 2:59 pm
txn_1ITHT5Jm8ehcCWGIjqjPidgC -  - March 11, 2021, 2:59 pm
txn_1ITVRtJm8ehcCWGI6XKiz2OH - 8994163347387213 - March 11, 2021, 2:59 pm
txn_1IT6bIJm8ehcCWGIIQSgz9sS - 8994163347598213 - March 11, 2021, 2:59 pm
txn_1ITcNqJm8ehcCWGIQZ6WwmRM - 8994163347702214 - March 11, 2021, 2:59 pm
txn_1ITp0UJm8ehcCWGIAHQN9R3a - 8994163347385219 - March 11, 2021, 2:59 pm
txn_1ITadKJm8ehcCWGI7lcJwhTQ - 8994163347700210 - March 11, 2021, 2:59 pm
txn_1ITRkVJm8ehcCWGIIpUrOy5s - 8994163347590217 - March 11, 2021, 2:59 pm
txn_1ITaJHJm8ehcCWGIy7C1m8i2 - 8994163347589211 - March 11, 2021, 2:59 pm
txn_1IThE4Jm8ehcCWGIXdEg1sfg - 8994163347698210 - March 11, 2021, 2:59 pm
txn_1ITD9mJm8ehcCWGIrFy0VX6Y - 8994163347377214 - March 11, 2021, 2:59 pm
txn_1ISzQaJm8ehcCWGIb5IkNME1 - 8994163347585213 - March 11, 2021, 2:59 pm
txn_1ISqiUJm8ehcCWGIChyZAHbE - 8994163347588214 - March 11, 2021, 2:59 pm
txn_1ITK9uJm8ehcCWGIUNnR9R3J - 8994163347375210 - March 11, 2021, 2:59 pm
txn_1ITh3LJm8ehcCWGIhbLjylrf - 8994163347584216 - March 11, 2021, 2:59 pm
txn_1ITBzEJm8ehcCWGIaFAfHXvP - 8994163347372219 - March 11, 2021, 2:59 pm
txn_1ITZnMJm8ehcCWGIvZT3X5rP - 8994163347371212 - March 11, 2021, 2:59 pm
txn_1ISqaKJm8ehcCWGIqKR40ywf - 8994163347583219 - March 11, 2021, 2:59 pm
txn_1ISyAnJm8ehcCWGIq1ABnnMz - 8994163347366218 - March 11, 2021, 2:59 pm
txn_1ITJqeJm8ehcCWGIx2SyUZYZ - 8994163347367215 - March 11, 2021, 2:59 pm
txn_1ITeGjJm8ehcCWGIGiVSQGmV - 8994163347695219 - March 11, 2021, 2:59 pm
txn_1ITAfEJm8ehcCWGILPuz8IVZ - 8994163347365211 - March 11, 2021, 2:59 pm
txn_1ITYIeJm8ehcCWGIPpohFBmR - 8994163347582212 - March 11, 2021, 2:59 pm
txn_1ISqXqJm8ehcCWGIuXxYYYNA - 8994163347363217 - March 11, 2021, 2:59 pm
txn_1ITJl4Jm8ehcCWGI7liSZCjN - 8994163347361213 - March 11, 2021, 2:59 pm
txn_1ISwg2Jm8ehcCWGIxiFMv3Vm - 8994163347362210 - March 11, 2021, 2:59 pm
txn_1ITAddJm8ehcCWGIw04gRg33 - 8994163347579212 - March 11, 2021, 2:59 pm
txn_1ITeCHJm8ehcCWGIaDZfQvv3 - 8994163347360216 - March 11, 2021, 2:59 pm
txn_1ITY9GJm8ehcCWGIr5iHnFg4 - 8994163347359210 - March 11, 2021, 2:59 pm
txn_1IOUSrJm8ehcCWGIWTVh4T3a_x - 8994163347357216 - March 11, 2021, 2:59 pm
txn_1ISwbYJm8ehcCWGIsX98TxwI - 8994163347580218 - March 11, 2021, 2:59 pm
txn_1ITIwIJm8ehcCWGIWqymLlI8 - 8994163347358213 - March 11, 2021, 2:59 pm
txn_1ITVRtJm8ehcCWGI6XKiz2OH - 8994163347387213 - March 11, 2021, 3:00 pm
txn_1IT6bIJm8ehcCWGIIQSgz9sS - 8994163347598213 - March 11, 2021, 3:00 pm
txn_1ITcNqJm8ehcCWGIQZ6WwmRM - 8994163347702214 - March 11, 2021, 3:00 pm
txn_1ITp0UJm8ehcCWGIAHQN9R3a - 8994163347385219 - March 11, 2021, 3:00 pm
txn_1ITadKJm8ehcCWGI7lcJwhTQ - 8994163347700210 - March 11, 2021, 3:00 pm
txn_1ITRkVJm8ehcCWGIIpUrOy5s - 8994163347590217 - March 11, 2021, 3:00 pm
txn_1ITaJHJm8ehcCWGIy7C1m8i2 - 8994163347589211 - March 11, 2021, 3:00 pm
txn_1IThE4Jm8ehcCWGIXdEg1sfg - 8994163347698210 - March 11, 2021, 3:00 pm
txn_1ITD9mJm8ehcCWGIrFy0VX6Y - 8994163347377214 - March 11, 2021, 3:00 pm
txn_1ISzQaJm8ehcCWGIb5IkNME1 - 8994163347585213 - March 11, 2021, 3:00 pm
txn_1ISqiUJm8ehcCWGIChyZAHbE - 8994163347588214 - March 11, 2021, 3:00 pm
txn_1ITK9uJm8ehcCWGIUNnR9R3J - 8994163347375210 - March 11, 2021, 3:00 pm
txn_1ITh3LJm8ehcCWGIhbLjylrf - 8994163347584216 - March 11, 2021, 3:00 pm
txn_1ITBzEJm8ehcCWGIaFAfHXvP - 8994163347372219 - March 11, 2021, 3:00 pm
txn_1ITZnMJm8ehcCWGIvZT3X5rP - 8994163347371212 - March 11, 2021, 3:00 pm
txn_1ISqaKJm8ehcCWGIqKR40ywf - 8994163347583219 - March 11, 2021, 3:00 pm
txn_1ISyAnJm8ehcCWGIq1ABnnMz - 8994163347366218 - March 11, 2021, 3:00 pm
txn_1ITJqeJm8ehcCWGIx2SyUZYZ - 8994163347367215 - March 11, 2021, 3:00 pm
txn_1ITeGjJm8ehcCWGIGiVSQGmV - 8994163347695219 - March 11, 2021, 3:00 pm
txn_1ITAfEJm8ehcCWGILPuz8IVZ - 8994163347365211 - March 11, 2021, 3:00 pm
txn_1ITYIeJm8ehcCWGIPpohFBmR - 8994163347582212 - March 11, 2021, 3:00 pm
txn_1ISqXqJm8ehcCWGIuXxYYYNA - 8994163347363217 - March 11, 2021, 3:00 pm
txn_1ITJl4Jm8ehcCWGI7liSZCjN - 8994163347361213 - March 11, 2021, 3:00 pm
txn_1ISwg2Jm8ehcCWGIxiFMv3Vm - 8994163347362210 - March 11, 2021, 3:00 pm
txn_1ITAddJm8ehcCWGIw04gRg33 - 8994163347579212 - March 11, 2021, 3:00 pm
txn_1ITeCHJm8ehcCWGIaDZfQvv3 - 8994163347360216 - March 11, 2021, 3:00 pm
txn_1ITY9GJm8ehcCWGIr5iHnFg4 - 8994163347359210 - March 11, 2021, 3:00 pm
txn_1IOUSrJm8ehcCWGIWTVh4T3a_x - 8994163347357216 - March 11, 2021, 3:00 pm
txn_1ISwbYJm8ehcCWGIsX98TxwI - 8994163347580218 - March 11, 2021, 3:00 pm
txn_1ITIwIJm8ehcCWGIWqymLlI8 - 8994163347358213 - March 11, 2021, 3:00 pm
txn_1ITGILJm8ehcCWGIiTxjOoKl - 8994163348042210 - March 11, 2021, 3:00 pm
txn_1ITtMEJm8ehcCWGICpKpWZTs - 8994163347826217 - March 11, 2021, 3:00 pm
txn_1ISvnbJm8ehcCWGItU0mUfkq - 8994163347828211 - March 11, 2021, 3:00 pm
txn_1ITcUDJm8ehcCWGIUOO7bCUa - 8994163347742210 - March 11, 2021, 3:00 pm
txn_1ITFzFJm8ehcCWGIEErhKklW - 8994163347827214 - March 11, 2021, 3:00 pm
txn_1ISuOMJm8ehcCWGI7bu78Bmg - 8994163347818212 - March 11, 2021, 3:00 pm
txn_1ITAUgJm8ehcCWGIET3tyE9w - 8994163348038213 - March 11, 2021, 3:00 pm
txn_1ITryRJm8ehcCWGIIx810rBH - 8994163348039210 - March 11, 2021, 3:00 pm
txn_1ITXPIJm8ehcCWGIiXdActaI - 8994163347740216 - March 11, 2021, 3:00 pm
txn_1ITrHUJm8ehcCWGIs9tB0aEY - 8994163347816218 - March 11, 2021, 3:00 pm
txn_1ITAGTJm8ehcCWGIIaSwyUFb - 8994163348036219 - March 11, 2021, 3:00 pm
txn_1ITX6rJm8ehcCWGIf2VZRMNO - 8994163348035212 - March 11, 2021, 3:00 pm
txn_1ISttPJm8ehcCWGISSIfBYbh - 8994163348033218 - March 11, 2021, 3:00 pm
txn_1ITr1BJm8ehcCWGI1acIGfm6 - 8994163348032211 - March 11, 2021, 3:00 pm
txn_1IT9LAJm8ehcCWGIiRmhToyd - 8994163348031214 - March 11, 2021, 3:00 pm
txn_1ITWb2Jm8ehcCWGIZl8dSR5x - 8994163348030217 - March 11, 2021, 3:00 pm
txn_1ISt10Jm8ehcCWGIeezawJ6b - 8994163347812210 - March 11, 2021, 3:00 pm
txn_1IThVsJm8ehcCWGIczKhY3FJ - 8994163348028214 - March 11, 2021, 3:00 pm
txn_1IT8WwJm8ehcCWGIrqOWFzBp - 8994163348027217 - March 11, 2021, 3:00 pm
txn_1ITWZBJm8ehcCWGIET01On1G - 8994163348024216 - March 11, 2021, 3:00 pm
txn_1ISrXPJm8ehcCWGIPwZ4TpGB - 8994163348025213 - March 11, 2021, 3:00 pm
txn_1ITe7HJm8ehcCWGIcqBRFj6Q - 8994163347807216 - March 11, 2021, 3:00 pm
txn_1IT8KzJm8ehcCWGIvD5vxwJD - 8994163348020218 - March 11, 2021, 3:00 pm
txn_1ISr0jJm8ehcCWGIZP79AZ2l - 8994163347731214 - March 11, 2021, 3:00 pm
txn_1ITUU2Jm8ehcCWGIRNz1LKpT - 8994163347732211 - March 11, 2021, 3:00 pm
txn_1ITdzNJm8ehcCWGIG39c4e3y - 8994163348018215 - March 11, 2021, 3:00 pm
txn_1IT87PJm8ehcCWGInJgULYa0 - 8994163347806219 - March 11, 2021, 3:00 pm
txn_1ITVRtJm8ehcCWGI6XKiz2OH - 8994163347387213 - March 11, 2021, 3:01 pm
txn_1IT6bIJm8ehcCWGIIQSgz9sS - 8994163347598213 - March 11, 2021, 3:01 pm
txn_1ITcNqJm8ehcCWGIQZ6WwmRM - 8994163347702214 - March 11, 2021, 3:01 pm
txn_1ITp0UJm8ehcCWGIAHQN9R3a - 8994163347385219 - March 11, 2021, 3:01 pm
txn_1ITadKJm8ehcCWGI7lcJwhTQ - 8994163347700210 - March 11, 2021, 3:01 pm
txn_1ITRkVJm8ehcCWGIIpUrOy5s - 8994163347590217 - March 11, 2021, 3:01 pm
txn_1ITaJHJm8ehcCWGIy7C1m8i2 - 8994163347589211 - March 11, 2021, 3:01 pm
txn_1IThE4Jm8ehcCWGIXdEg1sfg - 8994163347698210 - March 11, 2021, 3:01 pm
txn_1ITD9mJm8ehcCWGIrFy0VX6Y - 8994163347377214 - March 11, 2021, 3:01 pm
txn_1ISzQaJm8ehcCWGIb5IkNME1 - 8994163347585213 - March 11, 2021, 3:01 pm
txn_1ISqiUJm8ehcCWGIChyZAHbE - 8994163347588214 - March 11, 2021, 3:01 pm
txn_1ITK9uJm8ehcCWGIUNnR9R3J - 8994163347375210 - March 11, 2021, 3:01 pm
txn_1ITh3LJm8ehcCWGIhbLjylrf - 8994163347584216 - March 11, 2021, 3:01 pm
txn_1ITBzEJm8ehcCWGIaFAfHXvP - 8994163347372219 - March 11, 2021, 3:01 pm
txn_1ITZnMJm8ehcCWGIvZT3X5rP - 8994163347371212 - March 11, 2021, 3:01 pm
txn_1ISqaKJm8ehcCWGIqKR40ywf - 8994163347583219 - March 11, 2021, 3:01 pm
txn_1ISyAnJm8ehcCWGIq1ABnnMz - 8994163347366218 - March 11, 2021, 3:01 pm
txn_1ITJqeJm8ehcCWGIx2SyUZYZ - 8994163347367215 - March 11, 2021, 3:01 pm
txn_1ITeGjJm8ehcCWGIGiVSQGmV - 8994163347695219 - March 11, 2021, 3:01 pm
txn_1ITAfEJm8ehcCWGILPuz8IVZ - 8994163347365211 - March 11, 2021, 3:01 pm
txn_1ITYIeJm8ehcCWGIPpohFBmR - 8994163347582212 - March 11, 2021, 3:01 pm
txn_1ISqXqJm8ehcCWGIuXxYYYNA - 8994163347363217 - March 11, 2021, 3:01 pm
txn_1ITJl4Jm8ehcCWGI7liSZCjN - 8994163347361213 - March 11, 2021, 3:01 pm
txn_1ISwg2Jm8ehcCWGIxiFMv3Vm - 8994163347362210 - March 11, 2021, 3:01 pm
txn_1ITAddJm8ehcCWGIw04gRg33 - 8994163347579212 - March 11, 2021, 3:01 pm
txn_1ITeCHJm8ehcCWGIaDZfQvv3 - 8994163347360216 - March 11, 2021, 3:01 pm
txn_1ITY9GJm8ehcCWGIr5iHnFg4 - 8994163347359210 - March 11, 2021, 3:01 pm
txn_1IOUSrJm8ehcCWGIWTVh4T3a_x - 8994163347357216 - March 11, 2021, 3:01 pm
txn_1ISwbYJm8ehcCWGIsX98TxwI - 8994163347580218 - March 11, 2021, 3:01 pm
txn_1ITIwIJm8ehcCWGIWqymLlI8 - 8994163347358213 - March 11, 2021, 3:01 pm
txn_1ITGILJm8ehcCWGIiTxjOoKl - 8994163348042210 - March 11, 2021, 3:01 pm
txn_1ITtMEJm8ehcCWGICpKpWZTs - 8994163347826217 - March 11, 2021, 3:01 pm
txn_1ISvnbJm8ehcCWGItU0mUfkq - 8994163347828211 - March 11, 2021, 3:01 pm
txn_1ITcUDJm8ehcCWGIUOO7bCUa - 8994163347742210 - March 11, 2021, 3:01 pm
txn_1ITFzFJm8ehcCWGIEErhKklW - 8994163347827214 - March 11, 2021, 3:01 pm
txn_1ISuOMJm8ehcCWGI7bu78Bmg - 8994163347818212 - March 11, 2021, 3:01 pm
txn_1ITAUgJm8ehcCWGIET3tyE9w - 8994163348038213 - March 11, 2021, 3:01 pm
txn_1ITryRJm8ehcCWGIIx810rBH - 8994163348039210 - March 11, 2021, 3:01 pm
txn_1ITXPIJm8ehcCWGIiXdActaI - 8994163347740216 - March 11, 2021, 3:01 pm
txn_1ITrHUJm8ehcCWGIs9tB0aEY - 8994163347816218 - March 11, 2021, 3:01 pm
txn_1ITAGTJm8ehcCWGIIaSwyUFb - 8994163348036219 - March 11, 2021, 3:01 pm
txn_1ITX6rJm8ehcCWGIf2VZRMNO - 8994163348035212 - March 11, 2021, 3:01 pm
txn_1ISttPJm8ehcCWGISSIfBYbh - 8994163348033218 - March 11, 2021, 3:01 pm
txn_1ITr1BJm8ehcCWGI1acIGfm6 - 8994163348032211 - March 11, 2021, 3:01 pm
txn_1IT9LAJm8ehcCWGIiRmhToyd - 8994163348031214 - March 11, 2021, 3:01 pm
txn_1ITWb2Jm8ehcCWGIZl8dSR5x - 8994163348030217 - March 11, 2021, 3:01 pm
txn_1ISt10Jm8ehcCWGIeezawJ6b - 8994163347812210 - March 11, 2021, 3:01 pm
txn_1IThVsJm8ehcCWGIczKhY3FJ - 8994163348028214 - March 11, 2021, 3:01 pm
txn_1IT8WwJm8ehcCWGIrqOWFzBp - 8994163348027217 - March 11, 2021, 3:01 pm
txn_1ITWZBJm8ehcCWGIET01On1G - 8994163348024216 - March 11, 2021, 3:01 pm
txn_1ISrXPJm8ehcCWGIPwZ4TpGB - 8994163348025213 - March 11, 2021, 3:01 pm
txn_1ITe7HJm8ehcCWGIcqBRFj6Q - 8994163347807216 - March 11, 2021, 3:01 pm
txn_1IT8KzJm8ehcCWGIvD5vxwJD - 8994163348020218 - March 11, 2021, 3:01 pm
txn_1ISr0jJm8ehcCWGIZP79AZ2l - 8994163347731214 - March 11, 2021, 3:01 pm
txn_1ITUU2Jm8ehcCWGIRNz1LKpT - 8994163347732211 - March 11, 2021, 3:01 pm
txn_1ITdzNJm8ehcCWGIG39c4e3y - 8994163348018215 - March 11, 2021, 3:01 pm
txn_1IT87PJm8ehcCWGInJgULYa0 - 8994163347806219 - March 11, 2021, 3:01 pm
txn_1ITrdzJm8ehcCWGIEUeAJsz1 - 8994163347797210 - March 11, 2021, 3:01 pm
txn_1ITGsJJm8ehcCWGIauYsuSyo - 8994163347795216 - March 11, 2021, 3:01 pm
txn_1ITrPzJm8ehcCWGIoXGx5G54 - 8994163347793212 - March 11, 2021, 3:01 pm
txn_1ITGk6Jm8ehcCWGIgX41W5Dy - 8994163347791218 - March 11, 2021, 3:01 pm
txn_1ITe9BJm8ehcCWGIKU9nDmBE - 8994163347894216 - March 11, 2021, 3:01 pm
txn_1ITGdBJm8ehcCWGIfwQmz12u - 8994163347786214 - March 11, 2021, 3:01 pm
txn_1ITdlJJm8ehcCWGIK4wnhnQh - 8994163348072217 - March 11, 2021, 3:01 pm
txn_1ITbAQJm8ehcCWGIMIclj4h2 - 8994163347882213 - March 11, 2021, 3:01 pm
txn_1IT7FrJm8ehcCWGIUE645sNl - 8994163347880219 - March 11, 2021, 3:01 pm
txn_1ITXZwJm8ehcCWGIo20XERcA - 8994163348068210 - March 11, 2021, 3:01 pm
txn_1IT6UWJm8ehcCWGInuNyQTi2 - 8994163347779216 - March 11, 2021, 3:01 pm
txn_1ITW2zJm8ehcCWGITn0x9uOs - 8994163348064212 - March 11, 2021, 3:01 pm
txn_1IT6P8Jm8ehcCWGIl7hcaunA - 8994163347775218 - March 11, 2021, 3:01 pm
txn_1ITVxoJm8ehcCWGILSLJ0IW6 - 8994163347773214 - March 11, 2021, 3:01 pm
txn_1ISwTsJm8ehcCWGIBFFxDoMu - 8994163347771210 - March 11, 2021, 3:01 pm
txn_1ITTR5Jm8ehcCWGItUrtfixl - 8994163348060214 - March 11, 2021, 3:01 pm
txn_1ISw8cJm8ehcCWGIp4HZtji9 - 8994163347769217 - March 11, 2021, 3:01 pm
txn_1ITuRrJm8ehcCWGIUSWngUiu - 8994163347874218 - March 11, 2021, 3:01 pm
txn_1ITHWaJm8ehcCWGIsTJwwg2k - 8994163347768210 - March 11, 2021, 3:01 pm
txn_1ISvwBJm8ehcCWGISuFpwrWY - 8994163348059218 - March 11, 2021, 3:01 pm
txn_1ITtOUJm8ehcCWGImcGBe9Iv - 8994163348058211 - March 11, 2021, 3:01 pm
txn_1ITHT5Jm8ehcCWGIjqjPidgC - 8994163347767213 - March 11, 2021, 3:01 pm
txn_1ISvejJm8ehcCWGISAeumViM - 8994163347870210 - March 11, 2021, 3:01 pm
txn_1ITsZBJm8ehcCWGIiRlSVZjg - 8994163347869214 - March 11, 2021, 3:01 pm
txn_1ITHAUJm8ehcCWGIAkbwwJCa - 8994163347866213 - March 11, 2021, 3:01 pm
txn_1ISvLTJm8ehcCWGITrlSHaEG - 8994163348056217 - March 11, 2021, 3:01 pm
txn_1ITrfTJm8ehcCWGIPzR7Xtlr - 8994163347864219 - March 11, 2021, 3:01 pm
txn_1ITVRtJm8ehcCWGI6XKiz2OH - 8994163347387213 - March 11, 2021, 3:02 pm
txn_1IT6bIJm8ehcCWGIIQSgz9sS - 8994163347598213 - March 11, 2021, 3:02 pm
txn_1ITcNqJm8ehcCWGIQZ6WwmRM - 8994163347702214 - March 11, 2021, 3:02 pm
txn_1ITp0UJm8ehcCWGIAHQN9R3a - 8994163347385219 - March 11, 2021, 3:02 pm
txn_1ITadKJm8ehcCWGI7lcJwhTQ - 8994163347700210 - March 11, 2021, 3:02 pm
txn_1ITRkVJm8ehcCWGIIpUrOy5s - 8994163347590217 - March 11, 2021, 3:02 pm
txn_1ITaJHJm8ehcCWGIy7C1m8i2 - 8994163347589211 - March 11, 2021, 3:02 pm
txn_1IThE4Jm8ehcCWGIXdEg1sfg - 8994163347698210 - March 11, 2021, 3:02 pm
txn_1ITD9mJm8ehcCWGIrFy0VX6Y - 8994163347377214 - March 11, 2021, 3:02 pm
txn_1ISzQaJm8ehcCWGIb5IkNME1 - 8994163347585213 - March 11, 2021, 3:02 pm
txn_1ISqiUJm8ehcCWGIChyZAHbE - 8994163347588214 - March 11, 2021, 3:02 pm
txn_1ITK9uJm8ehcCWGIUNnR9R3J - 8994163347375210 - March 11, 2021, 3:02 pm
txn_1ITh3LJm8ehcCWGIhbLjylrf - 8994163347584216 - March 11, 2021, 3:02 pm
txn_1ITBzEJm8ehcCWGIaFAfHXvP - 8994163347372219 - March 11, 2021, 3:02 pm
txn_1ITZnMJm8ehcCWGIvZT3X5rP - 8994163347371212 - March 11, 2021, 3:02 pm
txn_1ISqaKJm8ehcCWGIqKR40ywf - 8994163347583219 - March 11, 2021, 3:02 pm
txn_1ISyAnJm8ehcCWGIq1ABnnMz - 8994163347366218 - March 11, 2021, 3:02 pm
txn_1ITJqeJm8ehcCWGIx2SyUZYZ - 8994163347367215 - March 11, 2021, 3:02 pm
txn_1ITeGjJm8ehcCWGIGiVSQGmV - 8994163347695219 - March 11, 2021, 3:02 pm
txn_1ITAfEJm8ehcCWGILPuz8IVZ - 8994163347365211 - March 11, 2021, 3:02 pm
txn_1ITYIeJm8ehcCWGIPpohFBmR - 8994163347582212 - March 11, 2021, 3:02 pm
txn_1ISqXqJm8ehcCWGIuXxYYYNA - 8994163347363217 - March 11, 2021, 3:02 pm
txn_1ITJl4Jm8ehcCWGI7liSZCjN - 8994163347361213 - March 11, 2021, 3:02 pm
txn_1ISwg2Jm8ehcCWGIxiFMv3Vm - 8994163347362210 - March 11, 2021, 3:02 pm
txn_1ITAddJm8ehcCWGIw04gRg33 - 8994163347579212 - March 11, 2021, 3:02 pm
txn_1ITeCHJm8ehcCWGIaDZfQvv3 - 8994163347360216 - March 11, 2021, 3:02 pm
txn_1ITY9GJm8ehcCWGIr5iHnFg4 - 8994163347359210 - March 11, 2021, 3:02 pm
txn_1IOUSrJm8ehcCWGIWTVh4T3a_x - 8994163347357216 - March 11, 2021, 3:02 pm
txn_1ISwbYJm8ehcCWGIsX98TxwI - 8994163347580218 - March 11, 2021, 3:02 pm
txn_1ITIwIJm8ehcCWGIWqymLlI8 - 8994163347358213 - March 11, 2021, 3:02 pm
txn_1ITGILJm8ehcCWGIiTxjOoKl - 8994163348042210 - March 11, 2021, 3:02 pm
txn_1ITtMEJm8ehcCWGICpKpWZTs - 8994163347826217 - March 11, 2021, 3:02 pm
txn_1ISvnbJm8ehcCWGItU0mUfkq - 8994163347828211 - March 11, 2021, 3:02 pm
txn_1ITcUDJm8ehcCWGIUOO7bCUa - 8994163347742210 - March 11, 2021, 3:02 pm
txn_1ITFzFJm8ehcCWGIEErhKklW - 8994163347827214 - March 11, 2021, 3:02 pm
txn_1ISuOMJm8ehcCWGI7bu78Bmg - 8994163347818212 - March 11, 2021, 3:02 pm
txn_1ITAUgJm8ehcCWGIET3tyE9w - 8994163348038213 - March 11, 2021, 3:02 pm
txn_1ITryRJm8ehcCWGIIx810rBH - 8994163348039210 - March 11, 2021, 3:02 pm
txn_1ITXPIJm8ehcCWGIiXdActaI - 8994163347740216 - March 11, 2021, 3:02 pm
txn_1ITrHUJm8ehcCWGIs9tB0aEY - 8994163347816218 - March 11, 2021, 3:02 pm
txn_1ITAGTJm8ehcCWGIIaSwyUFb - 8994163348036219 - March 11, 2021, 3:02 pm
txn_1ITX6rJm8ehcCWGIf2VZRMNO - 8994163348035212 - March 11, 2021, 3:02 pm
txn_1ISttPJm8ehcCWGISSIfBYbh - 8994163348033218 - March 11, 2021, 3:02 pm
txn_1ITr1BJm8ehcCWGI1acIGfm6 - 8994163348032211 - March 11, 2021, 3:02 pm
txn_1IT9LAJm8ehcCWGIiRmhToyd - 8994163348031214 - March 11, 2021, 3:02 pm
txn_1ITWb2Jm8ehcCWGIZl8dSR5x - 8994163348030217 - March 11, 2021, 3:02 pm
txn_1ISt10Jm8ehcCWGIeezawJ6b - 8994163347812210 - March 11, 2021, 3:02 pm
txn_1IThVsJm8ehcCWGIczKhY3FJ - 8994163348028214 - March 11, 2021, 3:02 pm
txn_1IT8WwJm8ehcCWGIrqOWFzBp - 8994163348027217 - March 11, 2021, 3:02 pm
txn_1ITWZBJm8ehcCWGIET01On1G - 8994163348024216 - March 11, 2021, 3:02 pm
txn_1ISrXPJm8ehcCWGIPwZ4TpGB - 8994163348025213 - March 11, 2021, 3:02 pm
txn_1ITe7HJm8ehcCWGIcqBRFj6Q - 8994163347807216 - March 11, 2021, 3:02 pm
txn_1IT8KzJm8ehcCWGIvD5vxwJD - 8994163348020218 - March 11, 2021, 3:02 pm
txn_1ISr0jJm8ehcCWGIZP79AZ2l - 8994163347731214 - March 11, 2021, 3:02 pm
txn_1ITUU2Jm8ehcCWGIRNz1LKpT - 8994163347732211 - March 11, 2021, 3:02 pm
txn_1ITdzNJm8ehcCWGIG39c4e3y - 8994163348018215 - March 11, 2021, 3:02 pm
txn_1IT87PJm8ehcCWGInJgULYa0 - 8994163347806219 - March 11, 2021, 3:02 pm
txn_1ITrdzJm8ehcCWGIEUeAJsz1 - 8994163347797210 - March 11, 2021, 3:02 pm
txn_1ITGsJJm8ehcCWGIauYsuSyo - 8994163347795216 - March 11, 2021, 3:02 pm
txn_1ITrPzJm8ehcCWGIoXGx5G54 - 8994163347793212 - March 11, 2021, 3:02 pm
txn_1ITGk6Jm8ehcCWGIgX41W5Dy - 8994163347791218 - March 11, 2021, 3:02 pm
txn_1ITe9BJm8ehcCWGIKU9nDmBE - 8994163347894216 - March 11, 2021, 3:02 pm
txn_1ITGdBJm8ehcCWGIfwQmz12u - 8994163347786214 - March 11, 2021, 3:02 pm
txn_1ITdlJJm8ehcCWGIK4wnhnQh - 8994163348072217 - March 11, 2021, 3:02 pm
txn_1ITbAQJm8ehcCWGIMIclj4h2 - 8994163347882213 - March 11, 2021, 3:02 pm
txn_1IT7FrJm8ehcCWGIUE645sNl - 8994163347880219 - March 11, 2021, 3:02 pm
txn_1ITXZwJm8ehcCWGIo20XERcA - 8994163348068210 - March 11, 2021, 3:02 pm
txn_1IT6UWJm8ehcCWGInuNyQTi2 - 8994163347779216 - March 11, 2021, 3:02 pm
txn_1ITW2zJm8ehcCWGITn0x9uOs - 8994163348064212 - March 11, 2021, 3:02 pm
txn_1IT6P8Jm8ehcCWGIl7hcaunA - 8994163347775218 - March 11, 2021, 3:02 pm
txn_1ITVxoJm8ehcCWGILSLJ0IW6 - 8994163347773214 - March 11, 2021, 3:02 pm
txn_1ISwTsJm8ehcCWGIBFFxDoMu - 8994163347771210 - March 11, 2021, 3:02 pm
txn_1ITTR5Jm8ehcCWGItUrtfixl - 8994163348060214 - March 11, 2021, 3:02 pm
txn_1ISw8cJm8ehcCWGIp4HZtji9 - 8994163347769217 - March 11, 2021, 3:02 pm
txn_1ITuRrJm8ehcCWGIUSWngUiu - 8994163347874218 - March 11, 2021, 3:02 pm
txn_1ITHWaJm8ehcCWGIsTJwwg2k - 8994163347768210 - March 11, 2021, 3:02 pm
txn_1ISvwBJm8ehcCWGISuFpwrWY - 8994163348059218 - March 11, 2021, 3:02 pm
txn_1ITtOUJm8ehcCWGImcGBe9Iv - 8994163348058211 - March 11, 2021, 3:02 pm
txn_1ITHT5Jm8ehcCWGIjqjPidgC - 8994163347767213 - March 11, 2021, 3:02 pm
txn_1ISvejJm8ehcCWGISAeumViM - 8994163347870210 - March 11, 2021, 3:02 pm
txn_1ITsZBJm8ehcCWGIiRlSVZjg - 8994163347869214 - March 11, 2021, 3:02 pm
txn_1ITHAUJm8ehcCWGIAkbwwJCa - 8994163347866213 - March 11, 2021, 3:02 pm
txn_1ISvLTJm8ehcCWGITrlSHaEG - 8994163348056217 - March 11, 2021, 3:02 pm
txn_1ITrfTJm8ehcCWGIPzR7Xtlr - 8994163347864219 - March 11, 2021, 3:02 pm
txn_1ITGBTJm8ehcCWGIgCY729R3 - 8994163347908210 - March 11, 2021, 3:02 pm
txn_1ITcXAJm8ehcCWGI1OQkUJ3l - 8994163348218219 - March 11, 2021, 3:02 pm
txn_1ITVRtJm8ehcCWGI6XKiz2OH - 8994163347387213 - March 11, 2021, 3:02 pm
txn_1IT6bIJm8ehcCWGIIQSgz9sS - 8994163347598213 - March 11, 2021, 3:02 pm
txn_1ITcNqJm8ehcCWGIQZ6WwmRM - 8994163347702214 - March 11, 2021, 3:02 pm
txn_1ITp0UJm8ehcCWGIAHQN9R3a - 8994163347385219 - March 11, 2021, 3:02 pm
txn_1ITadKJm8ehcCWGI7lcJwhTQ - 8994163347700210 - March 11, 2021, 3:02 pm
txn_1ITRkVJm8ehcCWGIIpUrOy5s - 8994163347590217 - March 11, 2021, 3:02 pm
txn_1ITaJHJm8ehcCWGIy7C1m8i2 - 8994163347589211 - March 11, 2021, 3:02 pm
txn_1IThE4Jm8ehcCWGIXdEg1sfg - 8994163347698210 - March 11, 2021, 3:02 pm
txn_1ITD9mJm8ehcCWGIrFy0VX6Y - 8994163347377214 - March 11, 2021, 3:02 pm
txn_1ISzQaJm8ehcCWGIb5IkNME1 - 8994163347585213 - March 11, 2021, 3:02 pm
txn_1ISqiUJm8ehcCWGIChyZAHbE - 8994163347588214 - March 11, 2021, 3:02 pm
txn_1ITK9uJm8ehcCWGIUNnR9R3J - 8994163347375210 - March 11, 2021, 3:02 pm
txn_1ITh3LJm8ehcCWGIhbLjylrf - 8994163347584216 - March 11, 2021, 3:02 pm
txn_1ITBzEJm8ehcCWGIaFAfHXvP - 8994163347372219 - March 11, 2021, 3:02 pm
txn_1ITZnMJm8ehcCWGIvZT3X5rP - 8994163347371212 - March 11, 2021, 3:02 pm
txn_1ISqaKJm8ehcCWGIqKR40ywf - 8994163347583219 - March 11, 2021, 3:02 pm
txn_1ISyAnJm8ehcCWGIq1ABnnMz - 8994163347366218 - March 11, 2021, 3:02 pm
txn_1ITJqeJm8ehcCWGIx2SyUZYZ - 8994163347367215 - March 11, 2021, 3:02 pm
txn_1ITeGjJm8ehcCWGIGiVSQGmV - 8994163347695219 - March 11, 2021, 3:02 pm
txn_1ITAfEJm8ehcCWGILPuz8IVZ - 8994163347365211 - March 11, 2021, 3:02 pm
txn_1ITYIeJm8ehcCWGIPpohFBmR - 8994163347582212 - March 11, 2021, 3:02 pm
txn_1ISqXqJm8ehcCWGIuXxYYYNA - 8994163347363217 - March 11, 2021, 3:02 pm
txn_1ITJl4Jm8ehcCWGI7liSZCjN - 8994163347361213 - March 11, 2021, 3:02 pm
txn_1ISwg2Jm8ehcCWGIxiFMv3Vm - 8994163347362210 - March 11, 2021, 3:02 pm
txn_1ITAddJm8ehcCWGIw04gRg33 - 8994163347579212 - March 11, 2021, 3:02 pm
txn_1ITeCHJm8ehcCWGIaDZfQvv3 - 8994163347360216 - March 11, 2021, 3:02 pm
txn_1ITY9GJm8ehcCWGIr5iHnFg4 - 8994163347359210 - March 11, 2021, 3:02 pm
txn_1IOUSrJm8ehcCWGIWTVh4T3a_x - 8994163347357216 - March 11, 2021, 3:02 pm
txn_1ISwbYJm8ehcCWGIsX98TxwI - 8994163347580218 - March 11, 2021, 3:02 pm
txn_1ITIwIJm8ehcCWGIWqymLlI8 - 8994163347358213 - March 11, 2021, 3:02 pm
txn_1ITGILJm8ehcCWGIiTxjOoKl - 8994163348042210 - March 11, 2021, 3:02 pm
txn_1ITtMEJm8ehcCWGICpKpWZTs - 8994163347826217 - March 11, 2021, 3:02 pm
txn_1ISvnbJm8ehcCWGItU0mUfkq - 8994163347828211 - March 11, 2021, 3:02 pm
txn_1ITcUDJm8ehcCWGIUOO7bCUa - 8994163347742210 - March 11, 2021, 3:02 pm
txn_1ITFzFJm8ehcCWGIEErhKklW - 8994163347827214 - March 11, 2021, 3:02 pm
txn_1ISuOMJm8ehcCWGI7bu78Bmg - 8994163347818212 - March 11, 2021, 3:02 pm
txn_1ITAUgJm8ehcCWGIET3tyE9w - 8994163348038213 - March 11, 2021, 3:02 pm
txn_1ITryRJm8ehcCWGIIx810rBH - 8994163348039210 - March 11, 2021, 3:02 pm
txn_1ITXPIJm8ehcCWGIiXdActaI - 8994163347740216 - March 11, 2021, 3:02 pm
txn_1ITrHUJm8ehcCWGIs9tB0aEY - 8994163347816218 - March 11, 2021, 3:02 pm
txn_1ITAGTJm8ehcCWGIIaSwyUFb - 8994163348036219 - March 11, 2021, 3:02 pm
txn_1ITX6rJm8ehcCWGIf2VZRMNO - 8994163348035212 - March 11, 2021, 3:02 pm
txn_1ISttPJm8ehcCWGISSIfBYbh - 8994163348033218 - March 11, 2021, 3:02 pm
txn_1ITr1BJm8ehcCWGI1acIGfm6 - 8994163348032211 - March 11, 2021, 3:02 pm
txn_1IT9LAJm8ehcCWGIiRmhToyd - 8994163348031214 - March 11, 2021, 3:02 pm
txn_1ITWb2Jm8ehcCWGIZl8dSR5x - 8994163348030217 - March 11, 2021, 3:02 pm
txn_1ISt10Jm8ehcCWGIeezawJ6b - 8994163347812210 - March 11, 2021, 3:02 pm
txn_1IThVsJm8ehcCWGIczKhY3FJ - 8994163348028214 - March 11, 2021, 3:02 pm
txn_1IT8WwJm8ehcCWGIrqOWFzBp - 8994163348027217 - March 11, 2021, 3:02 pm
txn_1ITWZBJm8ehcCWGIET01On1G - 8994163348024216 - March 11, 2021, 3:02 pm
txn_1ISrXPJm8ehcCWGIPwZ4TpGB - 8994163348025213 - March 11, 2021, 3:02 pm
txn_1ITe7HJm8ehcCWGIcqBRFj6Q - 8994163347807216 - March 11, 2021, 3:02 pm
txn_1IT8KzJm8ehcCWGIvD5vxwJD - 8994163348020218 - March 11, 2021, 3:02 pm
txn_1ISr0jJm8ehcCWGIZP79AZ2l - 8994163347731214 - March 11, 2021, 3:02 pm
txn_1ITUU2Jm8ehcCWGIRNz1LKpT - 8994163347732211 - March 11, 2021, 3:02 pm
txn_1ITdzNJm8ehcCWGIG39c4e3y - 8994163348018215 - March 11, 2021, 3:02 pm
txn_1IT87PJm8ehcCWGInJgULYa0 - 8994163347806219 - March 11, 2021, 3:02 pm
txn_1ITrdzJm8ehcCWGIEUeAJsz1 - 8994163347797210 - March 11, 2021, 3:02 pm
txn_1ITGsJJm8ehcCWGIauYsuSyo - 8994163347795216 - March 11, 2021, 3:02 pm
txn_1ITrPzJm8ehcCWGIoXGx5G54 - 8994163347793212 - March 11, 2021, 3:02 pm
txn_1ITGk6Jm8ehcCWGIgX41W5Dy - 8994163347791218 - March 11, 2021, 3:02 pm
txn_1ITe9BJm8ehcCWGIKU9nDmBE - 8994163347894216 - March 11, 2021, 3:02 pm
txn_1ITGdBJm8ehcCWGIfwQmz12u - 8994163347786214 - March 11, 2021, 3:02 pm
txn_1ITdlJJm8ehcCWGIK4wnhnQh - 8994163348072217 - March 11, 2021, 3:02 pm
txn_1ITbAQJm8ehcCWGIMIclj4h2 - 8994163347882213 - March 11, 2021, 3:02 pm
txn_1IT7FrJm8ehcCWGIUE645sNl - 8994163347880219 - March 11, 2021, 3:02 pm
txn_1ITXZwJm8ehcCWGIo20XERcA - 8994163348068210 - March 11, 2021, 3:02 pm
txn_1IT6UWJm8ehcCWGInuNyQTi2 - 8994163347779216 - March 11, 2021, 3:02 pm
txn_1ITW2zJm8ehcCWGITn0x9uOs - 8994163348064212 - March 11, 2021, 3:02 pm
txn_1IT6P8Jm8ehcCWGIl7hcaunA - 8994163347775218 - March 11, 2021, 3:02 pm
txn_1ITVxoJm8ehcCWGILSLJ0IW6 - 8994163347773214 - March 11, 2021, 3:02 pm
txn_1ISwTsJm8ehcCWGIBFFxDoMu - 8994163347771210 - March 11, 2021, 3:02 pm
txn_1ITTR5Jm8ehcCWGItUrtfixl - 8994163348060214 - March 11, 2021, 3:02 pm
txn_1ISw8cJm8ehcCWGIp4HZtji9 - 8994163347769217 - March 11, 2021, 3:02 pm
txn_1ITuRrJm8ehcCWGIUSWngUiu - 8994163347874218 - March 11, 2021, 3:02 pm
txn_1ITHWaJm8ehcCWGIsTJwwg2k - 8994163347768210 - March 11, 2021, 3:02 pm
txn_1ISvwBJm8ehcCWGISuFpwrWY - 8994163348059218 - March 11, 2021, 3:02 pm
txn_1ITtOUJm8ehcCWGImcGBe9Iv - 8994163348058211 - March 11, 2021, 3:02 pm
txn_1ITHT5Jm8ehcCWGIjqjPidgC - 8994163347767213 - March 11, 2021, 3:02 pm
txn_1ISvejJm8ehcCWGISAeumViM - 8994163347870210 - March 11, 2021, 3:02 pm
txn_1ITsZBJm8ehcCWGIiRlSVZjg - 8994163347869214 - March 11, 2021, 3:02 pm
txn_1ITHAUJm8ehcCWGIAkbwwJCa - 8994163347866213 - March 11, 2021, 3:02 pm
txn_1ISvLTJm8ehcCWGITrlSHaEG - 8994163348056217 - March 11, 2021, 3:02 pm
txn_1ITrfTJm8ehcCWGIPzR7Xtlr - 8994163347864219 - March 11, 2021, 3:02 pm
txn_1ITGBTJm8ehcCWGIgCY729R3 - 8994163347908210 - March 11, 2021, 3:02 pm
txn_1ITcXAJm8ehcCWGI1OQkUJ3l - 8994163348218219 - March 11, 2021, 3:02 pm
txn_1ITdKgJm8ehcCWGIKRDjMDXh - 8994163348231218 - March 11, 2021, 3:02 pm
txn_1ITcNsJm8ehcCWGIxnBExwK6 - 8994163348230211 - March 11, 2021, 3:02 pm
txn_1ITGYcJm8ehcCWGImDXtN1vD - 8994163348226214 - March 11, 2021, 3:02 pm
txn_1ITDhXJm8ehcCWGIhhLJggsp - 8994163348225217 - March 11, 2021, 3:02 pm
txn_1IT83wJm8ehcCWGIsN8F7QNl - 8994163348224210 - March 11, 2021, 3:02 pm
