txn_1IbFepJm8ehcCWGIEIkfBNGf - 8994163236640221 - April 3, 2021, 12:07 pm
2021Influencer576 - 8994163236644229 - April 3, 2021, 12:07 pm
txn_1IbaoxJm8ehcCWGIC8s50a67 - 8994163236642225 - April 3, 2021, 12:07 pm
txn_1IbXDBJm8ehcCWGIQSa69OV7 - 8994163236641228 - April 3, 2021, 12:07 pm
txn_1IbIgqJm8ehcCWGIb1oRwi4B - 8994163236365223 - April 3, 2021, 12:07 pm
txn_1IbTQRJm8ehcCWGInFfWwSCB - 8994163236363229 - April 3, 2021, 12:07 pm
txn_1IbZy0Jm8ehcCWGIgfje3U3H - 8994163236547223 - April 3, 2021, 12:07 pm
txn_1IbHqQJm8ehcCWGIjbcdHDfY - 8994163236639225 - April 3, 2021, 12:07 pm
txn_1IbW23Jm8ehcCWGIPpfjC9w0 - 8994163236362222 - April 3, 2021, 12:07 pm
txn_1IbFK5Jm8ehcCWGIlinalYEL - 8994163236638228 - April 3, 2021, 12:07 pm
txn_1IbQCzJm8ehcCWGI3rLJCAFe - 8994163236361225 - April 3, 2021, 12:07 pm
txn_1IbTBOJm8ehcCWGITVvTfjSH - 8994163236360228 - April 3, 2021, 12:07 pm
txn_1IbHagJm8ehcCWGIPIN1Ff0b - 8994163236546226 - April 3, 2021, 12:07 pm
txn_1IbZdSJm8ehcCWGIl9qHyOWE - 8994163236359222 - April 3, 2021, 12:07 pm
txn_1IbV1yJm8ehcCWGIssSpG5Lv - 8994163236636224 - April 3, 2021, 12:07 pm
txn_1IbEsHJm8ehcCWGIDvAdG3DB - 8994163236637221 - April 3, 2021, 12:07 pm
txn_1IbQ2RJm8ehcCWGICi5hLNjC - 8994163236545229 - April 3, 2021, 12:07 pm
txn_1IbSOsJm8ehcCWGI130sd0r5 - 8994163236635227 - April 3, 2021, 12:07 pm
txn_1IbEG0Jm8ehcCWGIDFD7X2pW - 8994163236544222 - April 3, 2021, 12:07 pm
txn_1IbFtGJm8ehcCWGIcdZaHaFa - 8994163236356221 - April 3, 2021, 12:07 pm
txn_1IbZc3Jm8ehcCWGIjaeMU8l8 - 8994163236634220 - April 3, 2021, 12:07 pm
txn_1IbUbSJm8ehcCWGIQkUwk1VR - 8994163236357228 - April 3, 2021, 12:07 pm
txn_1IbPTqJm8ehcCWGIK3AbeQCl - 8994163236633223 - April 3, 2021, 12:07 pm
txn_1IbRcsJm8ehcCWGIvtVxqQZ5 - 8994163236543225 - April 3, 2021, 12:07 pm
txn_1IbTYUJm8ehcCWGIR4c2rhDn - 8994163236354227 - April 3, 2021, 12:07 pm
txn_1IbYZsJm8ehcCWGIzeUulPAI - 8994163236542228 - April 3, 2021, 12:07 pm
txn_1IbFnfJm8ehcCWGIUoLUJXf8 - 8994163236629226 - April 3, 2021, 12:07 pm
txn_1IbAd3Jm8ehcCWGIAqP2Azjg_X - 8994163236541221 - April 3, 2021, 12:07 pm
txn_1IbO3iJm8ehcCWGIhnI9bdqN - 8994163236630222 - April 3, 2021, 12:07 pm
2021Influencer579 - 8994163236564220 - April 3, 2021, 12:07 pm
2021Influencer578 -  - April 3, 2021, 12:07 pm
2021Influencer577 -  - April 3, 2021, 12:07 pm
txn_1IbTXLJm8ehcCWGIMTkThBJt -  - April 3, 2021, 12:07 pm
txn_1IbYSvJm8ehcCWGIzfpMnkWy -  - April 3, 2021, 12:07 pm
txn_1IbSPzJm8ehcCWGIfzhAVQKq -  - April 3, 2021, 12:07 pm
txn_1IbR3yJm8ehcCWGIAbCmMRP8 -  - April 3, 2021, 12:07 pm
txn_1IbQtQJm8ehcCWGIW6avYL1u -  - April 3, 2021, 12:07 pm
txn_1IbJnQJm8ehcCWGI1iylvMri - 8994163236561229 - April 3, 2021, 12:07 pm
txn_1IbFm2Jm8ehcCWGI7wHrq8yw - 8994163236559226 - April 3, 2021, 12:07 pm
txn_1IbFepJm8ehcCWGIEIkfBNGf - 8994163236640221 - April 3, 2021, 12:07 pm
2021Influencer576 - 8994163236644229 - April 3, 2021, 12:07 pm
txn_1IbaoxJm8ehcCWGIC8s50a67 - 8994163236642225 - April 3, 2021, 12:07 pm
txn_1IbXDBJm8ehcCWGIQSa69OV7 - 8994163236641228 - April 3, 2021, 12:07 pm
txn_1IbIgqJm8ehcCWGIb1oRwi4B - 8994163236365223 - April 3, 2021, 12:07 pm
txn_1IbTQRJm8ehcCWGInFfWwSCB - 8994163236363229 - April 3, 2021, 12:07 pm
txn_1IbZy0Jm8ehcCWGIgfje3U3H - 8994163236547223 - April 3, 2021, 12:07 pm
txn_1IbHqQJm8ehcCWGIjbcdHDfY - 8994163236639225 - April 3, 2021, 12:07 pm
txn_1IbW23Jm8ehcCWGIPpfjC9w0 - 8994163236362222 - April 3, 2021, 12:07 pm
txn_1IbFK5Jm8ehcCWGIlinalYEL - 8994163236638228 - April 3, 2021, 12:07 pm
txn_1IbQCzJm8ehcCWGI3rLJCAFe - 8994163236361225 - April 3, 2021, 12:07 pm
txn_1IbTBOJm8ehcCWGITVvTfjSH - 8994163236360228 - April 3, 2021, 12:07 pm
txn_1IbHagJm8ehcCWGIPIN1Ff0b - 8994163236546226 - April 3, 2021, 12:07 pm
txn_1IbZdSJm8ehcCWGIl9qHyOWE - 8994163236359222 - April 3, 2021, 12:07 pm
txn_1IbV1yJm8ehcCWGIssSpG5Lv - 8994163236636224 - April 3, 2021, 12:07 pm
txn_1IbEsHJm8ehcCWGIDvAdG3DB - 8994163236637221 - April 3, 2021, 12:07 pm
txn_1IbQ2RJm8ehcCWGICi5hLNjC - 8994163236545229 - April 3, 2021, 12:07 pm
txn_1IbSOsJm8ehcCWGI130sd0r5 - 8994163236635227 - April 3, 2021, 12:07 pm
txn_1IbEG0Jm8ehcCWGIDFD7X2pW - 8994163236544222 - April 3, 2021, 12:07 pm
txn_1IbFtGJm8ehcCWGIcdZaHaFa - 8994163236356221 - April 3, 2021, 12:07 pm
txn_1IbZc3Jm8ehcCWGIjaeMU8l8 - 8994163236634220 - April 3, 2021, 12:07 pm
txn_1IbUbSJm8ehcCWGIQkUwk1VR - 8994163236357228 - April 3, 2021, 12:07 pm
txn_1IbPTqJm8ehcCWGIK3AbeQCl - 8994163236633223 - April 3, 2021, 12:07 pm
txn_1IbRcsJm8ehcCWGIvtVxqQZ5 - 8994163236543225 - April 3, 2021, 12:07 pm
txn_1IbTYUJm8ehcCWGIR4c2rhDn - 8994163236354227 - April 3, 2021, 12:07 pm
txn_1IbYZsJm8ehcCWGIzeUulPAI - 8994163236542228 - April 3, 2021, 12:07 pm
txn_1IbFnfJm8ehcCWGIUoLUJXf8 - 8994163236629226 - April 3, 2021, 12:07 pm
txn_1IbAd3Jm8ehcCWGIAqP2Azjg_X - 8994163236541221 - April 3, 2021, 12:07 pm
txn_1IbO3iJm8ehcCWGIhnI9bdqN - 8994163236630222 - April 3, 2021, 12:07 pm
2021Influencer579 - 8994163236564220 - April 3, 2021, 12:07 pm
txn_1IbJnQJm8ehcCWGI1iylvMri - 8994163236561229 - April 3, 2021, 12:07 pm
txn_1IbFm2Jm8ehcCWGI7wHrq8yw - 8994163236559226 - April 3, 2021, 12:07 pm
txn_1IbFepJm8ehcCWGIEIkfBNGf - 8994163236640221 - April 3, 2021, 12:07 pm
2021Influencer576 - 8994163236644229 - April 3, 2021, 12:07 pm
txn_1IbaoxJm8ehcCWGIC8s50a67 - 8994163236642225 - April 3, 2021, 12:07 pm
txn_1IbXDBJm8ehcCWGIQSa69OV7 - 8994163236641228 - April 3, 2021, 12:07 pm
txn_1IbIgqJm8ehcCWGIb1oRwi4B - 8994163236365223 - April 3, 2021, 12:07 pm
txn_1IbTQRJm8ehcCWGInFfWwSCB - 8994163236363229 - April 3, 2021, 12:07 pm
txn_1IbZy0Jm8ehcCWGIgfje3U3H - 8994163236547223 - April 3, 2021, 12:07 pm
txn_1IbHqQJm8ehcCWGIjbcdHDfY - 8994163236639225 - April 3, 2021, 12:07 pm
txn_1IbW23Jm8ehcCWGIPpfjC9w0 - 8994163236362222 - April 3, 2021, 12:07 pm
txn_1IbFK5Jm8ehcCWGIlinalYEL - 8994163236638228 - April 3, 2021, 12:07 pm
txn_1IbQCzJm8ehcCWGI3rLJCAFe - 8994163236361225 - April 3, 2021, 12:07 pm
txn_1IbTBOJm8ehcCWGITVvTfjSH - 8994163236360228 - April 3, 2021, 12:07 pm
txn_1IbHagJm8ehcCWGIPIN1Ff0b - 8994163236546226 - April 3, 2021, 12:07 pm
txn_1IbZdSJm8ehcCWGIl9qHyOWE - 8994163236359222 - April 3, 2021, 12:07 pm
txn_1IbV1yJm8ehcCWGIssSpG5Lv - 8994163236636224 - April 3, 2021, 12:07 pm
txn_1IbEsHJm8ehcCWGIDvAdG3DB - 8994163236637221 - April 3, 2021, 12:07 pm
txn_1IbQ2RJm8ehcCWGICi5hLNjC - 8994163236545229 - April 3, 2021, 12:07 pm
txn_1IbSOsJm8ehcCWGI130sd0r5 - 8994163236635227 - April 3, 2021, 12:07 pm
txn_1IbEG0Jm8ehcCWGIDFD7X2pW - 8994163236544222 - April 3, 2021, 12:07 pm
txn_1IbFtGJm8ehcCWGIcdZaHaFa - 8994163236356221 - April 3, 2021, 12:07 pm
txn_1IbZc3Jm8ehcCWGIjaeMU8l8 - 8994163236634220 - April 3, 2021, 12:07 pm
txn_1IbUbSJm8ehcCWGIQkUwk1VR - 8994163236357228 - April 3, 2021, 12:07 pm
txn_1IbPTqJm8ehcCWGIK3AbeQCl - 8994163236633223 - April 3, 2021, 12:07 pm
txn_1IbRcsJm8ehcCWGIvtVxqQZ5 - 8994163236543225 - April 3, 2021, 12:07 pm
txn_1IbTYUJm8ehcCWGIR4c2rhDn - 8994163236354227 - April 3, 2021, 12:07 pm
txn_1IbYZsJm8ehcCWGIzeUulPAI - 8994163236542228 - April 3, 2021, 12:07 pm
txn_1IbFnfJm8ehcCWGIUoLUJXf8 - 8994163236629226 - April 3, 2021, 12:07 pm
txn_1IbAd3Jm8ehcCWGIAqP2Azjg_X - 8994163236541221 - April 3, 2021, 12:07 pm
txn_1IbO3iJm8ehcCWGIhnI9bdqN - 8994163236630222 - April 3, 2021, 12:07 pm
2021Influencer579 - 8994163236564220 - April 3, 2021, 12:07 pm
txn_1IbJnQJm8ehcCWGI1iylvMri - 8994163236561229 - April 3, 2021, 12:07 pm
txn_1IbFm2Jm8ehcCWGI7wHrq8yw - 8994163236559226 - April 3, 2021, 12:07 pm
txn_1IbFepJm8ehcCWGIEIkfBNGf - 8994163236640221 - April 3, 2021, 12:08 pm
2021Influencer576 - 8994163236644229 - April 3, 2021, 12:08 pm
txn_1IbaoxJm8ehcCWGIC8s50a67 - 8994163236642225 - April 3, 2021, 12:08 pm
txn_1IbXDBJm8ehcCWGIQSa69OV7 - 8994163236641228 - April 3, 2021, 12:08 pm
txn_1IbIgqJm8ehcCWGIb1oRwi4B - 8994163236365223 - April 3, 2021, 12:08 pm
txn_1IbTQRJm8ehcCWGInFfWwSCB - 8994163236363229 - April 3, 2021, 12:08 pm
txn_1IbZy0Jm8ehcCWGIgfje3U3H - 8994163236547223 - April 3, 2021, 12:08 pm
txn_1IbHqQJm8ehcCWGIjbcdHDfY - 8994163236639225 - April 3, 2021, 12:08 pm
txn_1IbW23Jm8ehcCWGIPpfjC9w0 - 8994163236362222 - April 3, 2021, 12:08 pm
txn_1IbFK5Jm8ehcCWGIlinalYEL - 8994163236638228 - April 3, 2021, 12:08 pm
txn_1IbQCzJm8ehcCWGI3rLJCAFe - 8994163236361225 - April 3, 2021, 12:08 pm
txn_1IbTBOJm8ehcCWGITVvTfjSH - 8994163236360228 - April 3, 2021, 12:08 pm
txn_1IbHagJm8ehcCWGIPIN1Ff0b - 8994163236546226 - April 3, 2021, 12:08 pm
txn_1IbZdSJm8ehcCWGIl9qHyOWE - 8994163236359222 - April 3, 2021, 12:08 pm
txn_1IbV1yJm8ehcCWGIssSpG5Lv - 8994163236636224 - April 3, 2021, 12:08 pm
txn_1IbEsHJm8ehcCWGIDvAdG3DB - 8994163236637221 - April 3, 2021, 12:08 pm
txn_1IbQ2RJm8ehcCWGICi5hLNjC - 8994163236545229 - April 3, 2021, 12:08 pm
txn_1IbSOsJm8ehcCWGI130sd0r5 - 8994163236635227 - April 3, 2021, 12:08 pm
txn_1IbEG0Jm8ehcCWGIDFD7X2pW - 8994163236544222 - April 3, 2021, 12:08 pm
txn_1IbFtGJm8ehcCWGIcdZaHaFa - 8994163236356221 - April 3, 2021, 12:08 pm
txn_1IbZc3Jm8ehcCWGIjaeMU8l8 - 8994163236634220 - April 3, 2021, 12:08 pm
txn_1IbUbSJm8ehcCWGIQkUwk1VR - 8994163236357228 - April 3, 2021, 12:08 pm
txn_1IbPTqJm8ehcCWGIK3AbeQCl - 8994163236633223 - April 3, 2021, 12:08 pm
txn_1IbRcsJm8ehcCWGIvtVxqQZ5 - 8994163236543225 - April 3, 2021, 12:08 pm
txn_1IbTYUJm8ehcCWGIR4c2rhDn - 8994163236354227 - April 3, 2021, 12:08 pm
txn_1IbYZsJm8ehcCWGIzeUulPAI - 8994163236542228 - April 3, 2021, 12:08 pm
txn_1IbFnfJm8ehcCWGIUoLUJXf8 - 8994163236629226 - April 3, 2021, 12:08 pm
txn_1IbAd3Jm8ehcCWGIAqP2Azjg_X - 8994163236541221 - April 3, 2021, 12:08 pm
txn_1IbO3iJm8ehcCWGIhnI9bdqN - 8994163236630222 - April 3, 2021, 12:08 pm
2021Influencer579 - 8994163236564220 - April 3, 2021, 12:08 pm
txn_1IbJnQJm8ehcCWGI1iylvMri - 8994163236561229 - April 3, 2021, 12:08 pm
txn_1IbFm2Jm8ehcCWGI7wHrq8yw - 8994163236559226 - April 3, 2021, 12:08 pm
2021Influencer577 - 8994163236662223 - April 3, 2021, 12:08 pm
txn_1IbYSvJm8ehcCWGIzfpMnkWy - 8994163236661226 - April 3, 2021, 12:08 pm
txn_1IbTXLJm8ehcCWGIMTkThBJt - 8994163236383227 - April 3, 2021, 12:08 pm
txn_1IbR3yJm8ehcCWGIAbCmMRP8 - 8994163236658226 - April 3, 2021, 12:08 pm
2021Influencer578 - 8994163236380226 - April 3, 2021, 12:08 pm
txn_1IbQtQJm8ehcCWGIW6avYL1u - 8994163236379220 - April 3, 2021, 12:08 pm
txn_1IbFepJm8ehcCWGIEIkfBNGf - 8994163236640221 - April 3, 2021, 12:09 pm
2021Influencer576 - 8994163236644229 - April 3, 2021, 12:09 pm
txn_1IbaoxJm8ehcCWGIC8s50a67 - 8994163236642225 - April 3, 2021, 12:09 pm
txn_1IbXDBJm8ehcCWGIQSa69OV7 - 8994163236641228 - April 3, 2021, 12:09 pm
txn_1IbIgqJm8ehcCWGIb1oRwi4B - 8994163236365223 - April 3, 2021, 12:09 pm
txn_1IbTQRJm8ehcCWGInFfWwSCB - 8994163236363229 - April 3, 2021, 12:09 pm
txn_1IbZy0Jm8ehcCWGIgfje3U3H - 8994163236547223 - April 3, 2021, 12:09 pm
txn_1IbHqQJm8ehcCWGIjbcdHDfY - 8994163236639225 - April 3, 2021, 12:09 pm
txn_1IbW23Jm8ehcCWGIPpfjC9w0 - 8994163236362222 - April 3, 2021, 12:09 pm
txn_1IbFK5Jm8ehcCWGIlinalYEL - 8994163236638228 - April 3, 2021, 12:09 pm
txn_1IbQCzJm8ehcCWGI3rLJCAFe - 8994163236361225 - April 3, 2021, 12:09 pm
txn_1IbTBOJm8ehcCWGITVvTfjSH - 8994163236360228 - April 3, 2021, 12:09 pm
txn_1IbHagJm8ehcCWGIPIN1Ff0b - 8994163236546226 - April 3, 2021, 12:09 pm
txn_1IbZdSJm8ehcCWGIl9qHyOWE - 8994163236359222 - April 3, 2021, 12:09 pm
txn_1IbV1yJm8ehcCWGIssSpG5Lv - 8994163236636224 - April 3, 2021, 12:09 pm
txn_1IbEsHJm8ehcCWGIDvAdG3DB - 8994163236637221 - April 3, 2021, 12:09 pm
txn_1IbQ2RJm8ehcCWGICi5hLNjC - 8994163236545229 - April 3, 2021, 12:09 pm
txn_1IbSOsJm8ehcCWGI130sd0r5 - 8994163236635227 - April 3, 2021, 12:09 pm
txn_1IbEG0Jm8ehcCWGIDFD7X2pW - 8994163236544222 - April 3, 2021, 12:09 pm
txn_1IbFtGJm8ehcCWGIcdZaHaFa - 8994163236356221 - April 3, 2021, 12:09 pm
txn_1IbZc3Jm8ehcCWGIjaeMU8l8 - 8994163236634220 - April 3, 2021, 12:09 pm
txn_1IbUbSJm8ehcCWGIQkUwk1VR - 8994163236357228 - April 3, 2021, 12:09 pm
txn_1IbPTqJm8ehcCWGIK3AbeQCl - 8994163236633223 - April 3, 2021, 12:09 pm
txn_1IbRcsJm8ehcCWGIvtVxqQZ5 - 8994163236543225 - April 3, 2021, 12:09 pm
txn_1IbTYUJm8ehcCWGIR4c2rhDn - 8994163236354227 - April 3, 2021, 12:09 pm
txn_1IbYZsJm8ehcCWGIzeUulPAI - 8994163236542228 - April 3, 2021, 12:09 pm
txn_1IbFnfJm8ehcCWGIUoLUJXf8 - 8994163236629226 - April 3, 2021, 12:09 pm
txn_1IbAd3Jm8ehcCWGIAqP2Azjg_X - 8994163236541221 - April 3, 2021, 12:09 pm
txn_1IbO3iJm8ehcCWGIhnI9bdqN - 8994163236630222 - April 3, 2021, 12:09 pm
2021Influencer579 - 8994163236564220 - April 3, 2021, 12:09 pm
txn_1IbJnQJm8ehcCWGI1iylvMri - 8994163236561229 - April 3, 2021, 12:09 pm
txn_1IbFm2Jm8ehcCWGI7wHrq8yw - 8994163236559226 - April 3, 2021, 12:09 pm
2021Influencer577 - 8994163236662223 - April 3, 2021, 12:09 pm
txn_1IbYSvJm8ehcCWGIzfpMnkWy - 8994163236661226 - April 3, 2021, 12:09 pm
txn_1IbTXLJm8ehcCWGIMTkThBJt - 8994163236383227 - April 3, 2021, 12:09 pm
txn_1IbR3yJm8ehcCWGIAbCmMRP8 - 8994163236658226 - April 3, 2021, 12:09 pm
2021Influencer578 - 8994163236380226 - April 3, 2021, 12:09 pm
txn_1IbQtQJm8ehcCWGIW6avYL1u - 8994163236379220 - April 3, 2021, 12:09 pm
txn_1IbSPzJm8ehcCWGIfzhAVQKq - 8994163236574229 - April 3, 2021, 12:09 pm
