txn_1HXYkHJm8ehcCWGIk4dBuepV - 8994163860266613 - October 2, 2020, 2:32 pm
txn_1HXYIWJm8ehcCWGIsn0GVIXL - 8994163860135612 - October 2, 2020, 2:32 pm
txn_1HXam0Jm8ehcCWGIVV4B5xs8 - 8994163860131614 - October 2, 2020, 2:32 pm
txn_1HXoOJJm8ehcCWGIuPNFWAla - 8994163860120618 - October 2, 2020, 2:32 pm
txn_1HXcGjJm8ehcCWGIjSwldEnQ - 8994163860234612 - October 2, 2020, 2:32 pm
txn_1HXrFgJm8ehcCWGILfVr3e91 - 8994163860075611 - October 2, 2020, 2:32 pm
txn_1HXYNqJm8ehcCWGI08AAWQkU - 8994163859940616 - October 2, 2020, 2:32 pm
txn_1HXaOiJm8ehcCWGIRozudqZN - 8994163859775614 - October 2, 2020, 2:32 pm
txn_1HXbv7Jm8ehcCWGImROAMiL9 - 8994163860062611 - October 2, 2020, 2:32 pm
txn_1HXckVJm8ehcCWGIMuIFyRqX - 8994163859932611 - October 2, 2020, 2:32 pm
txn_1HXYkHJm8ehcCWGIk4dBuepV - 8994163860266613 - October 2, 2020, 2:33 pm
txn_1HXYIWJm8ehcCWGIsn0GVIXL - 8994163860135612 - October 2, 2020, 2:33 pm
txn_1HXam0Jm8ehcCWGIVV4B5xs8 - 8994163860131614 - October 2, 2020, 2:33 pm
txn_1HXoOJJm8ehcCWGIuPNFWAla - 8994163860120618 - October 2, 2020, 2:33 pm
txn_1HXcGjJm8ehcCWGIjSwldEnQ - 8994163860234612 - October 2, 2020, 2:33 pm
txn_1HXrFgJm8ehcCWGILfVr3e91 - 8994163860075611 - October 2, 2020, 2:33 pm
txn_1HXYNqJm8ehcCWGI08AAWQkU - 8994163859940616 - October 2, 2020, 2:33 pm
txn_1HXaOiJm8ehcCWGIRozudqZN - 8994163859775614 - October 2, 2020, 2:33 pm
txn_1HXbv7Jm8ehcCWGImROAMiL9 - 8994163860062611 - October 2, 2020, 2:33 pm
txn_1HXckVJm8ehcCWGIMuIFyRqX - 8994163859932611 - October 2, 2020, 2:33 pm
txn_1HXqMTJm8ehcCWGIAYuA3K5d - 8994163860329615 - October 2, 2020, 2:33 pm
txn_1HXnfiJm8ehcCWGIHeTTOzwW - 8994163860339614 - October 2, 2020, 2:33 pm
txn_1HXXiQJm8ehcCWGIxaHyYbrJ - 8994163860309617 - October 2, 2020, 2:33 pm
