txn_1J3W2hJm8ehcCWGIeKO4qw7F - 8994163701061254 - June 18, 2021, 4:36 pm
txn_1J3W2hJm8ehcCWGIeKO4qw7F - 8994163701061254 - June 18, 2021, 4:36 pm
txn_1J3L7VJm8ehcCWGIOmCAYIiB - 8994163700603257 - June 18, 2021, 4:36 pm
txn_1J3L7VJm8ehcCWGIOmCAYIiB - 8994163700603257 - June 18, 2021, 4:36 pm
txn_1J3TBPJm8ehcCWGINLfEs2Td - 8994163700602250 - June 18, 2021, 4:36 pm
txn_1J3TBPJm8ehcCWGINLfEs2Td - 8994163700602250 - June 18, 2021, 4:36 pm
txn_1J3QqTJm8ehcCWGIH5ntXeiu - 8994163701060257 - June 18, 2021, 4:36 pm
txn_1J3QqTJm8ehcCWGIH5ntXeiu - 8994163701060257 - June 18, 2021, 4:36 pm
txn_1J3VxMJm8ehcCWGIfUyw7uqt - 8994163700601253 - June 18, 2021, 4:36 pm
txn_1J3VxMJm8ehcCWGIfUyw7uqt - 8994163700601253 - June 18, 2021, 4:36 pm
txn_1J3AAMJm8ehcCWGINfHFxf3I - 8994163700600256 - June 18, 2021, 4:36 pm
txn_1J3AAMJm8ehcCWGINfHFxf3I - 8994163700600256 - June 18, 2021, 4:36 pm
txn_1J3C54Jm8ehcCWGIqAEKboCK - 8994163701224253 - June 18, 2021, 4:36 pm
txn_1J3C54Jm8ehcCWGIqAEKboCK - 8994163701224253 - June 18, 2021, 4:36 pm
txn_1J3OYeJm8ehcCWGIChp6Y81f - 8994163700599253 - June 18, 2021, 4:36 pm
txn_1J3OYeJm8ehcCWGIChp6Y81f - 8994163700599253 - June 18, 2021, 4:36 pm
txn_1J3T9iJm8ehcCWGIfATUeNja - 8994163701059251 - June 18, 2021, 4:36 pm
txn_1J3T9iJm8ehcCWGIfATUeNja - 8994163701059251 - June 18, 2021, 4:36 pm
txn_1J3PamJm8ehcCWGIkpZHfiZz - 8994163701055253 - June 18, 2021, 4:36 pm
txn_1J3PamJm8ehcCWGIkpZHfiZz - 8994163701055253 - June 18, 2021, 4:36 pm
txn_1J3VnSJm8ehcCWGIoQ0dORvd - 8994163701222259 - June 18, 2021, 4:36 pm
txn_1J3VnSJm8ehcCWGIoQ0dORvd - 8994163701222259 - June 18, 2021, 4:36 pm
txn_1J39iGJm8ehcCWGIg4fVONdx - 8994163700598256 - June 18, 2021, 4:36 pm
txn_1J39iGJm8ehcCWGIg4fVONdx - 8994163700598256 - June 18, 2021, 4:36 pm
txn_1J3MjAJm8ehcCWGIikBHUW4H - 8994163700597259 - June 18, 2021, 4:36 pm
txn_1J3MjAJm8ehcCWGIikBHUW4H - 8994163700597259 - June 18, 2021, 4:36 pm
txn_1J3AXyJm8ehcCWGIoWvWs8fT - 8994163701221252 - June 18, 2021, 4:36 pm
txn_1J3AXyJm8ehcCWGIoWvWs8fT - 8994163701221252 - June 18, 2021, 4:36 pm
txn_1J3SaRJm8ehcCWGI179gWCz7 - 8994163700595255 - June 18, 2021, 4:36 pm
txn_1J3SaRJm8ehcCWGI179gWCz7 - 8994163700595255 - June 18, 2021, 4:36 pm
txn_1J3VZQJm8ehcCWGIvywpYlOp - 8994163701054256 - June 18, 2021, 4:36 pm
txn_1J3VZQJm8ehcCWGIvywpYlOp - 8994163701054256 - June 18, 2021, 4:36 pm
txn_1J3ARbJm8ehcCWGIZEpMg4M3 - 8994163700592254 - June 18, 2021, 4:36 pm
txn_1J3ARbJm8ehcCWGIZEpMg4M3 - 8994163700592254 - June 18, 2021, 4:36 pm
txn_1J39hdJm8ehcCWGIIOjS0tth - 8994163701218252 - June 18, 2021, 4:36 pm
txn_1J39hdJm8ehcCWGIIOjS0tth - 8994163701218252 - June 18, 2021, 4:36 pm
txn_1J3Pa3Jm8ehcCWGIhhwmLRFZ - 8994163701217255 - June 18, 2021, 4:36 pm
txn_1J3Pa3Jm8ehcCWGIhhwmLRFZ - 8994163701217255 - June 18, 2021, 4:36 pm
txn_1J3Lh5Jm8ehcCWGI2KVTgjEC - 8994163701219259 - June 18, 2021, 4:36 pm
txn_1J3Lh5Jm8ehcCWGI2KVTgjEC - 8994163701219259 - June 18, 2021, 4:36 pm
txn_1J3SSTJm8ehcCWGIrAicrsIc - 8994163701053259 - June 18, 2021, 4:36 pm
txn_1J3SSTJm8ehcCWGIrAicrsIc - 8994163701053259 - June 18, 2021, 4:36 pm
txn_1J3APpJm8ehcCWGIyMFNcsGk -  - June 18, 2021, 4:36 pm
txn_1J3APpJm8ehcCWGIyMFNcsGk -  - June 18, 2021, 4:36 pm
txn_1J3QwQJm8ehcCWGIwUN7V47J -  - June 18, 2021, 4:36 pm
txn_1J3QwQJm8ehcCWGIwUN7V47J -  - June 18, 2021, 4:36 pm
txn_1J3PGlJm8ehcCWGIsLhM8eBW -  - June 18, 2021, 4:36 pm
txn_1J3PGlJm8ehcCWGIsLhM8eBW -  - June 18, 2021, 4:36 pm
2021Influencer715 -  - June 18, 2021, 4:36 pm
2021Influencer715 -  - June 18, 2021, 4:36 pm
txn_1J3W2hJm8ehcCWGIeKO4qw7F - 8994163701061254 - June 18, 2021, 4:36 pm
txn_1J3L7VJm8ehcCWGIOmCAYIiB - 8994163700603257 - June 18, 2021, 4:36 pm
txn_1J3TBPJm8ehcCWGINLfEs2Td - 8994163700602250 - June 18, 2021, 4:36 pm
txn_1J3QqTJm8ehcCWGIH5ntXeiu - 8994163701060257 - June 18, 2021, 4:36 pm
txn_1J3VxMJm8ehcCWGIfUyw7uqt - 8994163700601253 - June 18, 2021, 4:36 pm
txn_1J3AAMJm8ehcCWGINfHFxf3I - 8994163700600256 - June 18, 2021, 4:36 pm
txn_1J3C54Jm8ehcCWGIqAEKboCK - 8994163701224253 - June 18, 2021, 4:36 pm
txn_1J3OYeJm8ehcCWGIChp6Y81f - 8994163700599253 - June 18, 2021, 4:36 pm
txn_1J3T9iJm8ehcCWGIfATUeNja - 8994163701059251 - June 18, 2021, 4:36 pm
txn_1J3PamJm8ehcCWGIkpZHfiZz - 8994163701055253 - June 18, 2021, 4:36 pm
txn_1J3VnSJm8ehcCWGIoQ0dORvd - 8994163701222259 - June 18, 2021, 4:36 pm
txn_1J39iGJm8ehcCWGIg4fVONdx - 8994163700598256 - June 18, 2021, 4:36 pm
txn_1J3MjAJm8ehcCWGIikBHUW4H - 8994163700597259 - June 18, 2021, 4:36 pm
txn_1J3AXyJm8ehcCWGIoWvWs8fT - 8994163701221252 - June 18, 2021, 4:36 pm
txn_1J3SaRJm8ehcCWGI179gWCz7 - 8994163700595255 - June 18, 2021, 4:36 pm
txn_1J3VZQJm8ehcCWGIvywpYlOp - 8994163701054256 - June 18, 2021, 4:36 pm
txn_1J3ARbJm8ehcCWGIZEpMg4M3 - 8994163700592254 - June 18, 2021, 4:36 pm
txn_1J39hdJm8ehcCWGIIOjS0tth - 8994163701218252 - June 18, 2021, 4:36 pm
txn_1J3Pa3Jm8ehcCWGIhhwmLRFZ - 8994163701217255 - June 18, 2021, 4:36 pm
txn_1J3Lh5Jm8ehcCWGI2KVTgjEC - 8994163701219259 - June 18, 2021, 4:36 pm
txn_1J3SSTJm8ehcCWGIrAicrsIc - 8994163701053259 - June 18, 2021, 4:36 pm
2021Influencer714 -  - June 18, 2021, 4:36 pm
txn_1J3QwQJm8ehcCWGIwUN7V47J -  - June 18, 2021, 4:36 pm
txn_1J3PGlJm8ehcCWGIsLhM8eBW -  - June 18, 2021, 4:36 pm
2021Influencer715 -  - June 18, 2021, 4:36 pm
txn_1J3APpJm8ehcCWGIyMFNcsGk -  - June 18, 2021, 4:36 pm
txn_1J3W2hJm8ehcCWGIeKO4qw7F - 8994163701061254 - June 18, 2021, 4:36 pm
txn_1J3L7VJm8ehcCWGIOmCAYIiB - 8994163700603257 - June 18, 2021, 4:36 pm
txn_1J3TBPJm8ehcCWGINLfEs2Td - 8994163700602250 - June 18, 2021, 4:36 pm
txn_1J3QqTJm8ehcCWGIH5ntXeiu - 8994163701060257 - June 18, 2021, 4:36 pm
txn_1J3VxMJm8ehcCWGIfUyw7uqt - 8994163700601253 - June 18, 2021, 4:36 pm
txn_1J3AAMJm8ehcCWGINfHFxf3I - 8994163700600256 - June 18, 2021, 4:36 pm
txn_1J3C54Jm8ehcCWGIqAEKboCK - 8994163701224253 - June 18, 2021, 4:36 pm
txn_1J3OYeJm8ehcCWGIChp6Y81f - 8994163700599253 - June 18, 2021, 4:36 pm
txn_1J3T9iJm8ehcCWGIfATUeNja - 8994163701059251 - June 18, 2021, 4:36 pm
txn_1J3PamJm8ehcCWGIkpZHfiZz - 8994163701055253 - June 18, 2021, 4:36 pm
txn_1J3VnSJm8ehcCWGIoQ0dORvd - 8994163701222259 - June 18, 2021, 4:36 pm
txn_1J39iGJm8ehcCWGIg4fVONdx - 8994163700598256 - June 18, 2021, 4:36 pm
txn_1J3MjAJm8ehcCWGIikBHUW4H - 8994163700597259 - June 18, 2021, 4:36 pm
txn_1J3AXyJm8ehcCWGIoWvWs8fT - 8994163701221252 - June 18, 2021, 4:36 pm
txn_1J3SaRJm8ehcCWGI179gWCz7 - 8994163700595255 - June 18, 2021, 4:36 pm
txn_1J3VZQJm8ehcCWGIvywpYlOp - 8994163701054256 - June 18, 2021, 4:36 pm
txn_1J3ARbJm8ehcCWGIZEpMg4M3 - 8994163700592254 - June 18, 2021, 4:36 pm
txn_1J39hdJm8ehcCWGIIOjS0tth - 8994163701218252 - June 18, 2021, 4:36 pm
txn_1J3Pa3Jm8ehcCWGIhhwmLRFZ - 8994163701217255 - June 18, 2021, 4:36 pm
txn_1J3Lh5Jm8ehcCWGI2KVTgjEC - 8994163701219259 - June 18, 2021, 4:36 pm
txn_1J3SSTJm8ehcCWGIrAicrsIc - 8994163701053259 - June 18, 2021, 4:36 pm
2021Influencer715 -  - June 18, 2021, 4:36 pm
txn_1J3APpJm8ehcCWGIyMFNcsGk -  - June 18, 2021, 4:36 pm
txn_1J3W2hJm8ehcCWGIeKO4qw7F - 8994163701061254 - June 18, 2021, 4:37 pm
txn_1J3L7VJm8ehcCWGIOmCAYIiB - 8994163700603257 - June 18, 2021, 4:37 pm
txn_1J3TBPJm8ehcCWGINLfEs2Td - 8994163700602250 - June 18, 2021, 4:37 pm
txn_1J3QqTJm8ehcCWGIH5ntXeiu - 8994163701060257 - June 18, 2021, 4:37 pm
txn_1J3VxMJm8ehcCWGIfUyw7uqt - 8994163700601253 - June 18, 2021, 4:37 pm
txn_1J3AAMJm8ehcCWGINfHFxf3I - 8994163700600256 - June 18, 2021, 4:37 pm
txn_1J3C54Jm8ehcCWGIqAEKboCK - 8994163701224253 - June 18, 2021, 4:37 pm
txn_1J3OYeJm8ehcCWGIChp6Y81f - 8994163700599253 - June 18, 2021, 4:37 pm
txn_1J3T9iJm8ehcCWGIfATUeNja - 8994163701059251 - June 18, 2021, 4:37 pm
txn_1J3PamJm8ehcCWGIkpZHfiZz - 8994163701055253 - June 18, 2021, 4:37 pm
txn_1J3VnSJm8ehcCWGIoQ0dORvd - 8994163701222259 - June 18, 2021, 4:37 pm
txn_1J39iGJm8ehcCWGIg4fVONdx - 8994163700598256 - June 18, 2021, 4:37 pm
txn_1J3MjAJm8ehcCWGIikBHUW4H - 8994163700597259 - June 18, 2021, 4:37 pm
txn_1J3AXyJm8ehcCWGIoWvWs8fT - 8994163701221252 - June 18, 2021, 4:37 pm
txn_1J3SaRJm8ehcCWGI179gWCz7 - 8994163700595255 - June 18, 2021, 4:37 pm
txn_1J3VZQJm8ehcCWGIvywpYlOp - 8994163701054256 - June 18, 2021, 4:37 pm
txn_1J3ARbJm8ehcCWGIZEpMg4M3 - 8994163700592254 - June 18, 2021, 4:37 pm
txn_1J39hdJm8ehcCWGIIOjS0tth - 8994163701218252 - June 18, 2021, 4:37 pm
txn_1J3Pa3Jm8ehcCWGIhhwmLRFZ - 8994163701217255 - June 18, 2021, 4:37 pm
txn_1J3Lh5Jm8ehcCWGI2KVTgjEC - 8994163701219259 - June 18, 2021, 4:37 pm
txn_1J3SSTJm8ehcCWGIrAicrsIc - 8994163701053259 - June 18, 2021, 4:37 pm
txn_1J3APpJm8ehcCWGIyMFNcsGk - 8994163701242257 - June 18, 2021, 4:37 pm
2021Influencer714 - 8994163700610255 - June 18, 2021, 4:37 pm
txn_1J3QwQJm8ehcCWGIwUN7V47J - 8994163701245258 - June 18, 2021, 4:37 pm
txn_1J3PGlJm8ehcCWGIsLhM8eBW - 8994163701244251 - June 18, 2021, 4:37 pm
2021Influencer715 - 8994163700609259 - June 18, 2021, 4:37 pm
txn_1J3W2hJm8ehcCWGIeKO4qw7F - 8994163701061254 - June 18, 2021, 4:37 pm
txn_1J3L7VJm8ehcCWGIOmCAYIiB - 8994163700603257 - June 18, 2021, 4:37 pm
txn_1J3TBPJm8ehcCWGINLfEs2Td - 8994163700602250 - June 18, 2021, 4:37 pm
txn_1J3QqTJm8ehcCWGIH5ntXeiu - 8994163701060257 - June 18, 2021, 4:37 pm
txn_1J3VxMJm8ehcCWGIfUyw7uqt - 8994163700601253 - June 18, 2021, 4:37 pm
txn_1J3AAMJm8ehcCWGINfHFxf3I - 8994163700600256 - June 18, 2021, 4:37 pm
txn_1J3C54Jm8ehcCWGIqAEKboCK - 8994163701224253 - June 18, 2021, 4:37 pm
txn_1J3OYeJm8ehcCWGIChp6Y81f - 8994163700599253 - June 18, 2021, 4:37 pm
txn_1J3T9iJm8ehcCWGIfATUeNja - 8994163701059251 - June 18, 2021, 4:37 pm
txn_1J3PamJm8ehcCWGIkpZHfiZz - 8994163701055253 - June 18, 2021, 4:37 pm
txn_1J3VnSJm8ehcCWGIoQ0dORvd - 8994163701222259 - June 18, 2021, 4:37 pm
txn_1J39iGJm8ehcCWGIg4fVONdx - 8994163700598256 - June 18, 2021, 4:37 pm
txn_1J3MjAJm8ehcCWGIikBHUW4H - 8994163700597259 - June 18, 2021, 4:37 pm
txn_1J3AXyJm8ehcCWGIoWvWs8fT - 8994163701221252 - June 18, 2021, 4:37 pm
txn_1J3SaRJm8ehcCWGI179gWCz7 - 8994163700595255 - June 18, 2021, 4:37 pm
txn_1J3VZQJm8ehcCWGIvywpYlOp - 8994163701054256 - June 18, 2021, 4:37 pm
txn_1J3ARbJm8ehcCWGIZEpMg4M3 - 8994163700592254 - June 18, 2021, 4:37 pm
txn_1J39hdJm8ehcCWGIIOjS0tth - 8994163701218252 - June 18, 2021, 4:37 pm
txn_1J3Pa3Jm8ehcCWGIhhwmLRFZ - 8994163701217255 - June 18, 2021, 4:37 pm
txn_1J3Lh5Jm8ehcCWGI2KVTgjEC - 8994163701219259 - June 18, 2021, 4:37 pm
txn_1J3SSTJm8ehcCWGIrAicrsIc - 8994163701053259 - June 18, 2021, 4:37 pm
txn_1J3APpJm8ehcCWGIyMFNcsGk - 8994163701242257 - June 18, 2021, 4:37 pm
2021Influencer714 - 8994163700610255 - June 18, 2021, 4:37 pm
txn_1J3QwQJm8ehcCWGIwUN7V47J - 8994163701245258 - June 18, 2021, 4:37 pm
txn_1J3PGlJm8ehcCWGIsLhM8eBW - 8994163701244251 - June 18, 2021, 4:37 pm
2021Influencer715 - 8994163700609259 - June 18, 2021, 4:37 pm
