2021Influencer689 - 8994163267774254 - June 8, 2021, 5:13 pm
2021Influencer693 - 8994163267775251 - June 8, 2021, 5:13 pm
txn_1IzkohJm8ehcCWGIIeoWFDl4 - 8994163267605251 - June 8, 2021, 5:13 pm
txn_1IzsQqJm8ehcCWGIDR6Q07Xx - 8994163267868250 - June 8, 2021, 5:13 pm
txn_1IzpKtJm8ehcCWGIe0IRoosE - 8994163267773257 - June 8, 2021, 5:13 pm
txn_1IzifnJm8ehcCWGIWRAnvnFA - 8994163267867253 - June 8, 2021, 5:13 pm
2021Influencer688 - 8994163267771253 - June 8, 2021, 5:13 pm
2021Influencer692 - 8994163267602250 - June 8, 2021, 5:13 pm
txn_1IzkZTJm8ehcCWGIu380gxyr - 8994163267601253 - June 8, 2021, 5:13 pm
txn_1IzsP0Jm8ehcCWGIS6DzjDOX - 8994163267866256 - June 8, 2021, 5:13 pm
txn_1IzoQwJm8ehcCWGIVBveWJRe - 8994163267865259 - June 8, 2021, 5:13 pm
txn_1IzcSiJm8ehcCWGIPpgGU3Dm - 8994163267768253 - June 8, 2021, 5:13 pm
2021Influencer691 - 8994163267599253 - June 8, 2021, 5:13 pm
txn_1IzrLHJm8ehcCWGI8hnbspOJ - 8994163267864252 - June 8, 2021, 5:13 pm
txn_1Izk2cJm8ehcCWGINHddFCQC - 8994163267598256 - June 8, 2021, 5:13 pm
txn_1IznN0Jm8ehcCWGIqv6UP0Gb - 8994163267767256 - June 8, 2021, 5:13 pm
2021Influencer687 - 8994163267863255 - June 8, 2021, 5:13 pm
txn_1IzX4jJm8ehcCWGIkQL2HFwz - 8994163267854253 - June 8, 2021, 5:13 pm
txn_1IzqnSJm8ehcCWGIRVG9e1fq - 8994163267593251 - June 8, 2021, 5:13 pm
2021Influencer686 - 8994163267761254 - June 8, 2021, 5:13 pm
2021Influencer690 - 8994163267758254 - June 8, 2021, 5:13 pm
txn_1Izl0uJm8ehcCWGIHTvdzbnu - 8994163267759251 - June 8, 2021, 5:13 pm
txn_1IzjaaJm8ehcCWGIW2LeFtkx - 8994163267760257 - June 8, 2021, 5:13 pm
2021Influencer689 - 8994163267774254 - June 8, 2021, 5:13 pm
2021Influencer693 - 8994163267775251 - June 8, 2021, 5:13 pm
txn_1IzkohJm8ehcCWGIIeoWFDl4 - 8994163267605251 - June 8, 2021, 5:13 pm
txn_1IzsQqJm8ehcCWGIDR6Q07Xx - 8994163267868250 - June 8, 2021, 5:13 pm
txn_1IzpKtJm8ehcCWGIe0IRoosE - 8994163267773257 - June 8, 2021, 5:13 pm
txn_1IzifnJm8ehcCWGIWRAnvnFA - 8994163267867253 - June 8, 2021, 5:13 pm
2021Influencer688 - 8994163267771253 - June 8, 2021, 5:13 pm
2021Influencer692 - 8994163267602250 - June 8, 2021, 5:13 pm
txn_1IzkZTJm8ehcCWGIu380gxyr - 8994163267601253 - June 8, 2021, 5:13 pm
txn_1IzsP0Jm8ehcCWGIS6DzjDOX - 8994163267866256 - June 8, 2021, 5:13 pm
txn_1IzoQwJm8ehcCWGIVBveWJRe - 8994163267865259 - June 8, 2021, 5:13 pm
txn_1IzcSiJm8ehcCWGIPpgGU3Dm - 8994163267768253 - June 8, 2021, 5:13 pm
2021Influencer691 - 8994163267599253 - June 8, 2021, 5:13 pm
txn_1IzrLHJm8ehcCWGI8hnbspOJ - 8994163267864252 - June 8, 2021, 5:13 pm
txn_1Izk2cJm8ehcCWGINHddFCQC - 8994163267598256 - June 8, 2021, 5:13 pm
txn_1IznN0Jm8ehcCWGIqv6UP0Gb - 8994163267767256 - June 8, 2021, 5:13 pm
2021Influencer687 - 8994163267863255 - June 8, 2021, 5:13 pm
txn_1IzX4jJm8ehcCWGIkQL2HFwz - 8994163267854253 - June 8, 2021, 5:13 pm
txn_1IzqnSJm8ehcCWGIRVG9e1fq - 8994163267593251 - June 8, 2021, 5:13 pm
2021Influencer686 - 8994163267761254 - June 8, 2021, 5:13 pm
2021Influencer690 - 8994163267758254 - June 8, 2021, 5:13 pm
txn_1Izl0uJm8ehcCWGIHTvdzbnu - 8994163267759251 - June 8, 2021, 5:13 pm
txn_1IzjaaJm8ehcCWGIW2LeFtkx - 8994163267760257 - June 8, 2021, 5:13 pm
2021Influencer689 - 8994163267774254 - June 8, 2021, 5:13 pm
2021Influencer689 - 8994163267774254 - June 8, 2021, 5:13 pm
2021Influencer693 - 8994163267775251 - June 8, 2021, 5:13 pm
2021Influencer693 - 8994163267775251 - June 8, 2021, 5:13 pm
txn_1IzkohJm8ehcCWGIIeoWFDl4 - 8994163267605251 - June 8, 2021, 5:13 pm
txn_1IzkohJm8ehcCWGIIeoWFDl4 - 8994163267605251 - June 8, 2021, 5:13 pm
txn_1IzsQqJm8ehcCWGIDR6Q07Xx - 8994163267868250 - June 8, 2021, 5:13 pm
txn_1IzsQqJm8ehcCWGIDR6Q07Xx - 8994163267868250 - June 8, 2021, 5:13 pm
txn_1IzpKtJm8ehcCWGIe0IRoosE - 8994163267773257 - June 8, 2021, 5:13 pm
txn_1IzpKtJm8ehcCWGIe0IRoosE - 8994163267773257 - June 8, 2021, 5:13 pm
txn_1IzifnJm8ehcCWGIWRAnvnFA - 8994163267867253 - June 8, 2021, 5:13 pm
txn_1IzifnJm8ehcCWGIWRAnvnFA - 8994163267867253 - June 8, 2021, 5:13 pm
2021Influencer688 - 8994163267771253 - June 8, 2021, 5:13 pm
2021Influencer688 - 8994163267771253 - June 8, 2021, 5:13 pm
2021Influencer692 - 8994163267602250 - June 8, 2021, 5:13 pm
2021Influencer692 - 8994163267602250 - June 8, 2021, 5:13 pm
txn_1IzkZTJm8ehcCWGIu380gxyr - 8994163267601253 - June 8, 2021, 5:13 pm
txn_1IzkZTJm8ehcCWGIu380gxyr - 8994163267601253 - June 8, 2021, 5:13 pm
txn_1IzsP0Jm8ehcCWGIS6DzjDOX - 8994163267866256 - June 8, 2021, 5:13 pm
txn_1IzsP0Jm8ehcCWGIS6DzjDOX - 8994163267866256 - June 8, 2021, 5:13 pm
txn_1IzoQwJm8ehcCWGIVBveWJRe - 8994163267865259 - June 8, 2021, 5:13 pm
2021Influencer689 - 8994163267774254 - June 8, 2021, 5:13 pm
txn_1IzoQwJm8ehcCWGIVBveWJRe - 8994163267865259 - June 8, 2021, 5:13 pm
txn_1IzcSiJm8ehcCWGIPpgGU3Dm - 8994163267768253 - June 8, 2021, 5:13 pm
2021Influencer693 - 8994163267775251 - June 8, 2021, 5:13 pm
txn_1IzcSiJm8ehcCWGIPpgGU3Dm - 8994163267768253 - June 8, 2021, 5:13 pm
2021Influencer691 - 8994163267599253 - June 8, 2021, 5:13 pm
txn_1IzkohJm8ehcCWGIIeoWFDl4 - 8994163267605251 - June 8, 2021, 5:13 pm
2021Influencer691 - 8994163267599253 - June 8, 2021, 5:13 pm
txn_1IzrLHJm8ehcCWGI8hnbspOJ - 8994163267864252 - June 8, 2021, 5:13 pm
txn_1IzsQqJm8ehcCWGIDR6Q07Xx - 8994163267868250 - June 8, 2021, 5:13 pm
txn_1IzrLHJm8ehcCWGI8hnbspOJ - 8994163267864252 - June 8, 2021, 5:13 pm
txn_1Izk2cJm8ehcCWGINHddFCQC - 8994163267598256 - June 8, 2021, 5:13 pm
txn_1IzpKtJm8ehcCWGIe0IRoosE - 8994163267773257 - June 8, 2021, 5:13 pm
txn_1Izk2cJm8ehcCWGINHddFCQC - 8994163267598256 - June 8, 2021, 5:13 pm
txn_1IznN0Jm8ehcCWGIqv6UP0Gb - 8994163267767256 - June 8, 2021, 5:13 pm
txn_1IzifnJm8ehcCWGIWRAnvnFA - 8994163267867253 - June 8, 2021, 5:13 pm
txn_1IznN0Jm8ehcCWGIqv6UP0Gb - 8994163267767256 - June 8, 2021, 5:13 pm
2021Influencer687 - 8994163267863255 - June 8, 2021, 5:13 pm
2021Influencer688 - 8994163267771253 - June 8, 2021, 5:13 pm
2021Influencer687 - 8994163267863255 - June 8, 2021, 5:13 pm
txn_1IzX4jJm8ehcCWGIkQL2HFwz - 8994163267854253 - June 8, 2021, 5:13 pm
2021Influencer692 - 8994163267602250 - June 8, 2021, 5:13 pm
txn_1IzX4jJm8ehcCWGIkQL2HFwz - 8994163267854253 - June 8, 2021, 5:13 pm
txn_1IzqnSJm8ehcCWGIRVG9e1fq - 8994163267593251 - June 8, 2021, 5:13 pm
txn_1IzkZTJm8ehcCWGIu380gxyr - 8994163267601253 - June 8, 2021, 5:13 pm
txn_1IzqnSJm8ehcCWGIRVG9e1fq - 8994163267593251 - June 8, 2021, 5:13 pm
2021Influencer686 - 8994163267761254 - June 8, 2021, 5:13 pm
txn_1IzsP0Jm8ehcCWGIS6DzjDOX - 8994163267866256 - June 8, 2021, 5:13 pm
2021Influencer686 - 8994163267761254 - June 8, 2021, 5:13 pm
2021Influencer690 - 8994163267758254 - June 8, 2021, 5:13 pm
txn_1IzoQwJm8ehcCWGIVBveWJRe - 8994163267865259 - June 8, 2021, 5:13 pm
2021Influencer690 - 8994163267758254 - June 8, 2021, 5:13 pm
txn_1Izl0uJm8ehcCWGIHTvdzbnu - 8994163267759251 - June 8, 2021, 5:13 pm
txn_1IzcSiJm8ehcCWGIPpgGU3Dm - 8994163267768253 - June 8, 2021, 5:13 pm
txn_1Izl0uJm8ehcCWGIHTvdzbnu - 8994163267759251 - June 8, 2021, 5:13 pm
txn_1IzjaaJm8ehcCWGIW2LeFtkx - 8994163267760257 - June 8, 2021, 5:13 pm
2021Influencer691 - 8994163267599253 - June 8, 2021, 5:13 pm
txn_1IzjaaJm8ehcCWGIW2LeFtkx - 8994163267760257 - June 8, 2021, 5:13 pm
txn_1IzrLHJm8ehcCWGI8hnbspOJ - 8994163267864252 - June 8, 2021, 5:13 pm
txn_1Izk2cJm8ehcCWGINHddFCQC - 8994163267598256 - June 8, 2021, 5:13 pm
txn_1IznN0Jm8ehcCWGIqv6UP0Gb - 8994163267767256 - June 8, 2021, 5:13 pm
2021Influencer687 - 8994163267863255 - June 8, 2021, 5:13 pm
txn_1IzX4jJm8ehcCWGIkQL2HFwz - 8994163267854253 - June 8, 2021, 5:13 pm
txn_1IzqnSJm8ehcCWGIRVG9e1fq - 8994163267593251 - June 8, 2021, 5:13 pm
2021Influencer686 - 8994163267761254 - June 8, 2021, 5:13 pm
2021Influencer690 - 8994163267758254 - June 8, 2021, 5:13 pm
txn_1Izl0uJm8ehcCWGIHTvdzbnu - 8994163267759251 - June 8, 2021, 5:13 pm
txn_1IzjaaJm8ehcCWGIW2LeFtkx - 8994163267760257 - June 8, 2021, 5:13 pm
2021Influencer689 - 8994163267774254 - June 8, 2021, 5:13 pm
2021Influencer693 - 8994163267775251 - June 8, 2021, 5:13 pm
txn_1IzkohJm8ehcCWGIIeoWFDl4 - 8994163267605251 - June 8, 2021, 5:13 pm
txn_1IzsQqJm8ehcCWGIDR6Q07Xx - 8994163267868250 - June 8, 2021, 5:13 pm
txn_1IzpKtJm8ehcCWGIe0IRoosE - 8994163267773257 - June 8, 2021, 5:13 pm
txn_1IzifnJm8ehcCWGIWRAnvnFA - 8994163267867253 - June 8, 2021, 5:13 pm
2021Influencer688 - 8994163267771253 - June 8, 2021, 5:13 pm
2021Influencer692 - 8994163267602250 - June 8, 2021, 5:13 pm
txn_1IzkZTJm8ehcCWGIu380gxyr - 8994163267601253 - June 8, 2021, 5:13 pm
txn_1IzsP0Jm8ehcCWGIS6DzjDOX - 8994163267866256 - June 8, 2021, 5:13 pm
txn_1IzoQwJm8ehcCWGIVBveWJRe - 8994163267865259 - June 8, 2021, 5:13 pm
txn_1IzcSiJm8ehcCWGIPpgGU3Dm - 8994163267768253 - June 8, 2021, 5:13 pm
2021Influencer691 - 8994163267599253 - June 8, 2021, 5:13 pm
txn_1IzrLHJm8ehcCWGI8hnbspOJ - 8994163267864252 - June 8, 2021, 5:13 pm
txn_1Izk2cJm8ehcCWGINHddFCQC - 8994163267598256 - June 8, 2021, 5:13 pm
txn_1IznN0Jm8ehcCWGIqv6UP0Gb - 8994163267767256 - June 8, 2021, 5:13 pm
2021Influencer687 - 8994163267863255 - June 8, 2021, 5:13 pm
txn_1IzX4jJm8ehcCWGIkQL2HFwz - 8994163267854253 - June 8, 2021, 5:13 pm
txn_1IzqnSJm8ehcCWGIRVG9e1fq - 8994163267593251 - June 8, 2021, 5:13 pm
2021Influencer686 - 8994163267761254 - June 8, 2021, 5:13 pm
2021Influencer690 - 8994163267758254 - June 8, 2021, 5:13 pm
txn_1Izl0uJm8ehcCWGIHTvdzbnu - 8994163267759251 - June 8, 2021, 5:13 pm
txn_1IzjaaJm8ehcCWGIW2LeFtkx - 8994163267760257 - June 8, 2021, 5:13 pm
2021Influencer689 - 8994163267774254 - June 8, 2021, 5:14 pm
2021Influencer693 - 8994163267775251 - June 8, 2021, 5:14 pm
txn_1IzkohJm8ehcCWGIIeoWFDl4 - 8994163267605251 - June 8, 2021, 5:14 pm
txn_1IzsQqJm8ehcCWGIDR6Q07Xx - 8994163267868250 - June 8, 2021, 5:14 pm
txn_1IzpKtJm8ehcCWGIe0IRoosE - 8994163267773257 - June 8, 2021, 5:14 pm
txn_1IzifnJm8ehcCWGIWRAnvnFA - 8994163267867253 - June 8, 2021, 5:14 pm
2021Influencer688 - 8994163267771253 - June 8, 2021, 5:14 pm
2021Influencer692 - 8994163267602250 - June 8, 2021, 5:14 pm
txn_1IzkZTJm8ehcCWGIu380gxyr - 8994163267601253 - June 8, 2021, 5:14 pm
txn_1IzsP0Jm8ehcCWGIS6DzjDOX - 8994163267866256 - June 8, 2021, 5:14 pm
txn_1IzoQwJm8ehcCWGIVBveWJRe - 8994163267865259 - June 8, 2021, 5:14 pm
txn_1IzcSiJm8ehcCWGIPpgGU3Dm - 8994163267768253 - June 8, 2021, 5:14 pm
2021Influencer691 - 8994163267599253 - June 8, 2021, 5:14 pm
txn_1IzrLHJm8ehcCWGI8hnbspOJ - 8994163267864252 - June 8, 2021, 5:14 pm
txn_1Izk2cJm8ehcCWGINHddFCQC - 8994163267598256 - June 8, 2021, 5:14 pm
txn_1IznN0Jm8ehcCWGIqv6UP0Gb - 8994163267767256 - June 8, 2021, 5:14 pm
2021Influencer687 - 8994163267863255 - June 8, 2021, 5:14 pm
txn_1IzX4jJm8ehcCWGIkQL2HFwz - 8994163267854253 - June 8, 2021, 5:14 pm
txn_1IzqnSJm8ehcCWGIRVG9e1fq - 8994163267593251 - June 8, 2021, 5:14 pm
2021Influencer686 - 8994163267761254 - June 8, 2021, 5:14 pm
2021Influencer690 - 8994163267758254 - June 8, 2021, 5:14 pm
txn_1Izl0uJm8ehcCWGIHTvdzbnu - 8994163267759251 - June 8, 2021, 5:14 pm
txn_1IzjaaJm8ehcCWGIW2LeFtkx - 8994163267760257 - June 8, 2021, 5:14 pm
2021Influencer689 - 8994163267774254 - June 8, 2021, 5:14 pm
2021Influencer693 - 8994163267775251 - June 8, 2021, 5:14 pm
txn_1IzkohJm8ehcCWGIIeoWFDl4 - 8994163267605251 - June 8, 2021, 5:14 pm
txn_1IzsQqJm8ehcCWGIDR6Q07Xx - 8994163267868250 - June 8, 2021, 5:14 pm
txn_1IzpKtJm8ehcCWGIe0IRoosE - 8994163267773257 - June 8, 2021, 5:14 pm
txn_1IzifnJm8ehcCWGIWRAnvnFA - 8994163267867253 - June 8, 2021, 5:14 pm
2021Influencer688 - 8994163267771253 - June 8, 2021, 5:14 pm
2021Influencer692 - 8994163267602250 - June 8, 2021, 5:14 pm
txn_1IzkZTJm8ehcCWGIu380gxyr - 8994163267601253 - June 8, 2021, 5:14 pm
txn_1IzsP0Jm8ehcCWGIS6DzjDOX - 8994163267866256 - June 8, 2021, 5:14 pm
txn_1IzoQwJm8ehcCWGIVBveWJRe - 8994163267865259 - June 8, 2021, 5:14 pm
txn_1IzcSiJm8ehcCWGIPpgGU3Dm - 8994163267768253 - June 8, 2021, 5:14 pm
2021Influencer691 - 8994163267599253 - June 8, 2021, 5:14 pm
txn_1IzrLHJm8ehcCWGI8hnbspOJ - 8994163267864252 - June 8, 2021, 5:14 pm
txn_1Izk2cJm8ehcCWGINHddFCQC - 8994163267598256 - June 8, 2021, 5:14 pm
txn_1IznN0Jm8ehcCWGIqv6UP0Gb - 8994163267767256 - June 8, 2021, 5:14 pm
2021Influencer687 - 8994163267863255 - June 8, 2021, 5:14 pm
txn_1IzX4jJm8ehcCWGIkQL2HFwz - 8994163267854253 - June 8, 2021, 5:14 pm
txn_1IzqnSJm8ehcCWGIRVG9e1fq - 8994163267593251 - June 8, 2021, 5:14 pm
2021Influencer686 - 8994163267761254 - June 8, 2021, 5:14 pm
2021Influencer690 - 8994163267758254 - June 8, 2021, 5:14 pm
txn_1Izl0uJm8ehcCWGIHTvdzbnu - 8994163267759251 - June 8, 2021, 5:14 pm
txn_1IzjaaJm8ehcCWGIW2LeFtkx - 8994163267760257 - June 8, 2021, 5:14 pm
2021Influencer689 - 8994163267774254 - June 8, 2021, 5:14 pm
2021Influencer693 - 8994163267775251 - June 8, 2021, 5:14 pm
txn_1IzkohJm8ehcCWGIIeoWFDl4 - 8994163267605251 - June 8, 2021, 5:14 pm
txn_1IzsQqJm8ehcCWGIDR6Q07Xx - 8994163267868250 - June 8, 2021, 5:14 pm
txn_1IzpKtJm8ehcCWGIe0IRoosE - 8994163267773257 - June 8, 2021, 5:14 pm
txn_1IzifnJm8ehcCWGIWRAnvnFA - 8994163267867253 - June 8, 2021, 5:14 pm
2021Influencer688 - 8994163267771253 - June 8, 2021, 5:14 pm
2021Influencer692 - 8994163267602250 - June 8, 2021, 5:14 pm
txn_1IzkZTJm8ehcCWGIu380gxyr - 8994163267601253 - June 8, 2021, 5:14 pm
txn_1IzsP0Jm8ehcCWGIS6DzjDOX - 8994163267866256 - June 8, 2021, 5:14 pm
txn_1IzoQwJm8ehcCWGIVBveWJRe - 8994163267865259 - June 8, 2021, 5:14 pm
txn_1IzcSiJm8ehcCWGIPpgGU3Dm - 8994163267768253 - June 8, 2021, 5:14 pm
2021Influencer691 - 8994163267599253 - June 8, 2021, 5:14 pm
txn_1IzrLHJm8ehcCWGI8hnbspOJ - 8994163267864252 - June 8, 2021, 5:14 pm
txn_1Izk2cJm8ehcCWGINHddFCQC - 8994163267598256 - June 8, 2021, 5:14 pm
txn_1IznN0Jm8ehcCWGIqv6UP0Gb - 8994163267767256 - June 8, 2021, 5:14 pm
2021Influencer687 - 8994163267863255 - June 8, 2021, 5:14 pm
txn_1IzX4jJm8ehcCWGIkQL2HFwz - 8994163267854253 - June 8, 2021, 5:14 pm
txn_1IzqnSJm8ehcCWGIRVG9e1fq - 8994163267593251 - June 8, 2021, 5:14 pm
2021Influencer686 - 8994163267761254 - June 8, 2021, 5:14 pm
2021Influencer690 - 8994163267758254 - June 8, 2021, 5:14 pm
txn_1Izl0uJm8ehcCWGIHTvdzbnu - 8994163267759251 - June 8, 2021, 5:14 pm
txn_1IzjaaJm8ehcCWGIW2LeFtkx - 8994163267760257 - June 8, 2021, 5:14 pm
2021Influencer689 - 8994163267774254 - June 8, 2021, 5:14 pm
2021Influencer693 - 8994163267775251 - June 8, 2021, 5:14 pm
txn_1IzkohJm8ehcCWGIIeoWFDl4 - 8994163267605251 - June 8, 2021, 5:14 pm
txn_1IzsQqJm8ehcCWGIDR6Q07Xx - 8994163267868250 - June 8, 2021, 5:14 pm
txn_1IzpKtJm8ehcCWGIe0IRoosE - 8994163267773257 - June 8, 2021, 5:14 pm
txn_1IzifnJm8ehcCWGIWRAnvnFA - 8994163267867253 - June 8, 2021, 5:14 pm
2021Influencer688 - 8994163267771253 - June 8, 2021, 5:14 pm
2021Influencer692 - 8994163267602250 - June 8, 2021, 5:14 pm
txn_1IzkZTJm8ehcCWGIu380gxyr - 8994163267601253 - June 8, 2021, 5:14 pm
txn_1IzsP0Jm8ehcCWGIS6DzjDOX - 8994163267866256 - June 8, 2021, 5:14 pm
txn_1IzoQwJm8ehcCWGIVBveWJRe - 8994163267865259 - June 8, 2021, 5:14 pm
txn_1IzcSiJm8ehcCWGIPpgGU3Dm - 8994163267768253 - June 8, 2021, 5:14 pm
2021Influencer691 - 8994163267599253 - June 8, 2021, 5:14 pm
txn_1IzrLHJm8ehcCWGI8hnbspOJ - 8994163267864252 - June 8, 2021, 5:14 pm
txn_1Izk2cJm8ehcCWGINHddFCQC - 8994163267598256 - June 8, 2021, 5:14 pm
txn_1IznN0Jm8ehcCWGIqv6UP0Gb - 8994163267767256 - June 8, 2021, 5:14 pm
2021Influencer687 - 8994163267863255 - June 8, 2021, 5:14 pm
txn_1IzX4jJm8ehcCWGIkQL2HFwz - 8994163267854253 - June 8, 2021, 5:14 pm
txn_1IzqnSJm8ehcCWGIRVG9e1fq - 8994163267593251 - June 8, 2021, 5:14 pm
2021Influencer686 - 8994163267761254 - June 8, 2021, 5:14 pm
2021Influencer690 - 8994163267758254 - June 8, 2021, 5:14 pm
txn_1Izl0uJm8ehcCWGIHTvdzbnu - 8994163267759251 - June 8, 2021, 5:14 pm
txn_1IzjaaJm8ehcCWGIW2LeFtkx - 8994163267760257 - June 8, 2021, 5:14 pm
txn_1IzjCXJm8ehcCWGI90tFzlh1 - 8994163267913257 - June 8, 2021, 5:17 pm
