2021Influencer698 - 8994163321890258 - June 9, 2021, 5:48 pm
txn_1J09LDJm8ehcCWGIVTt88UIK - 8994163321889252 - June 9, 2021, 5:48 pm
txn_1J0D1WJm8ehcCWGIKxnGFfbm - 8994163322051252 - June 9, 2021, 5:48 pm
txn_1J05zZJm8ehcCWGIgcl4DmKn - 8994163321787251 - June 9, 2021, 5:48 pm
txn_1J0BNIJm8ehcCWGIYrkyBs8B - 8994163321786254 - June 9, 2021, 5:48 pm
2021Influencer697 - 8994163321888255 - June 9, 2021, 5:48 pm
txn_1J08jzJm8ehcCWGIE61ek39n - 8994163322050255 - June 9, 2021, 5:48 pm
txn_1J09KsJm8ehcCWGI6gEL6mn4 - 8994163321785257 - June 9, 2021, 5:48 pm
txn_1J0CzMJm8ehcCWGI3nYHs0O2 - 8994163321784250 - June 9, 2021, 5:48 pm
txn_1J04vLJm8ehcCWGIKnU46LKP - 8994163321783253 - June 9, 2021, 5:48 pm
txn_1J0AsPJm8ehcCWGIeJAEobjd - 8994163322049259 - June 9, 2021, 5:48 pm
2021Influencer696 - 8994163321885254 - June 9, 2021, 5:48 pm
txn_1J08QYJm8ehcCWGINPwkHKWo - 8994163321886251 - June 9, 2021, 5:48 pm
txn_1J095rJm8ehcCWGIPeEsjLOu - 8994163321782256 - June 9, 2021, 5:48 pm
txn_1J0CY2Jm8ehcCWGIgmoB4Tue - 8994163321780252 - June 9, 2021, 5:48 pm
txn_1J03upJm8ehcCWGIMWwbV6Uo - 8994163321884257 - June 9, 2021, 5:48 pm
txn_1J0AfQJm8ehcCWGIfGRciQlL - 8994163321883250 - June 9, 2021, 5:48 pm
txn_1J070sJm8ehcCWGI5o6GsYGj - 8994163321778259 - June 9, 2021, 5:48 pm
txn_1J0919Jm8ehcCWGIHmMtg2TT - 8994163321879253 - June 9, 2021, 5:48 pm
2021Influencer695 - 8994163322045251 - June 9, 2021, 5:48 pm
txn_1IzvmTJm8ehcCWGIA5ZoGyiD - 8994163321881256 - June 9, 2021, 5:48 pm
txn_1J0CSRJm8ehcCWGI2pQ1PeDG - 8994163321777252 - June 9, 2021, 5:48 pm
txn_1J0A9zJm8ehcCWGIPJ3BWoRR - 8994163321880259 - June 9, 2021, 5:48 pm
2021Influencer698 - 8994163321890258 - June 9, 2021, 5:48 pm
txn_1J09LDJm8ehcCWGIVTt88UIK - 8994163321889252 - June 9, 2021, 5:48 pm
txn_1J0D1WJm8ehcCWGIKxnGFfbm - 8994163322051252 - June 9, 2021, 5:48 pm
txn_1J05zZJm8ehcCWGIgcl4DmKn - 8994163321787251 - June 9, 2021, 5:48 pm
txn_1J0BNIJm8ehcCWGIYrkyBs8B - 8994163321786254 - June 9, 2021, 5:48 pm
2021Influencer697 - 8994163321888255 - June 9, 2021, 5:48 pm
txn_1J08jzJm8ehcCWGIE61ek39n - 8994163322050255 - June 9, 2021, 5:48 pm
txn_1J09KsJm8ehcCWGI6gEL6mn4 - 8994163321785257 - June 9, 2021, 5:48 pm
txn_1J0CzMJm8ehcCWGI3nYHs0O2 - 8994163321784250 - June 9, 2021, 5:48 pm
txn_1J04vLJm8ehcCWGIKnU46LKP - 8994163321783253 - June 9, 2021, 5:48 pm
txn_1J0AsPJm8ehcCWGIeJAEobjd - 8994163322049259 - June 9, 2021, 5:48 pm
2021Influencer696 - 8994163321885254 - June 9, 2021, 5:48 pm
txn_1J08QYJm8ehcCWGINPwkHKWo - 8994163321886251 - June 9, 2021, 5:48 pm
txn_1J095rJm8ehcCWGIPeEsjLOu - 8994163321782256 - June 9, 2021, 5:48 pm
txn_1J0CY2Jm8ehcCWGIgmoB4Tue - 8994163321780252 - June 9, 2021, 5:48 pm
txn_1J03upJm8ehcCWGIMWwbV6Uo - 8994163321884257 - June 9, 2021, 5:48 pm
txn_1J0AfQJm8ehcCWGIfGRciQlL - 8994163321883250 - June 9, 2021, 5:48 pm
txn_1J070sJm8ehcCWGI5o6GsYGj - 8994163321778259 - June 9, 2021, 5:48 pm
txn_1J0919Jm8ehcCWGIHmMtg2TT - 8994163321879253 - June 9, 2021, 5:48 pm
2021Influencer695 - 8994163322045251 - June 9, 2021, 5:48 pm
txn_1IzvmTJm8ehcCWGIA5ZoGyiD - 8994163321881256 - June 9, 2021, 5:48 pm
txn_1J0CSRJm8ehcCWGI2pQ1PeDG - 8994163321777252 - June 9, 2021, 5:48 pm
txn_1J0A9zJm8ehcCWGIPJ3BWoRR - 8994163321880259 - June 9, 2021, 5:48 pm
2021Influencer698 - 8994163321890258 - June 9, 2021, 5:48 pm
txn_1J09LDJm8ehcCWGIVTt88UIK - 8994163321889252 - June 9, 2021, 5:48 pm
txn_1J0D1WJm8ehcCWGIKxnGFfbm - 8994163322051252 - June 9, 2021, 5:48 pm
txn_1J05zZJm8ehcCWGIgcl4DmKn - 8994163321787251 - June 9, 2021, 5:48 pm
txn_1J0BNIJm8ehcCWGIYrkyBs8B - 8994163321786254 - June 9, 2021, 5:48 pm
2021Influencer697 - 8994163321888255 - June 9, 2021, 5:48 pm
txn_1J08jzJm8ehcCWGIE61ek39n - 8994163322050255 - June 9, 2021, 5:48 pm
txn_1J09KsJm8ehcCWGI6gEL6mn4 - 8994163321785257 - June 9, 2021, 5:48 pm
txn_1J0CzMJm8ehcCWGI3nYHs0O2 - 8994163321784250 - June 9, 2021, 5:48 pm
txn_1J04vLJm8ehcCWGIKnU46LKP - 8994163321783253 - June 9, 2021, 5:48 pm
txn_1J0AsPJm8ehcCWGIeJAEobjd - 8994163322049259 - June 9, 2021, 5:48 pm
2021Influencer696 - 8994163321885254 - June 9, 2021, 5:48 pm
txn_1J08QYJm8ehcCWGINPwkHKWo - 8994163321886251 - June 9, 2021, 5:48 pm
txn_1J095rJm8ehcCWGIPeEsjLOu - 8994163321782256 - June 9, 2021, 5:48 pm
txn_1J0CY2Jm8ehcCWGIgmoB4Tue - 8994163321780252 - June 9, 2021, 5:48 pm
txn_1J03upJm8ehcCWGIMWwbV6Uo - 8994163321884257 - June 9, 2021, 5:48 pm
txn_1J0AfQJm8ehcCWGIfGRciQlL - 8994163321883250 - June 9, 2021, 5:48 pm
txn_1J070sJm8ehcCWGI5o6GsYGj - 8994163321778259 - June 9, 2021, 5:48 pm
txn_1J0919Jm8ehcCWGIHmMtg2TT - 8994163321879253 - June 9, 2021, 5:48 pm
2021Influencer695 - 8994163322045251 - June 9, 2021, 5:48 pm
txn_1IzvmTJm8ehcCWGIA5ZoGyiD - 8994163321881256 - June 9, 2021, 5:48 pm
txn_1J0CSRJm8ehcCWGI2pQ1PeDG - 8994163321777252 - June 9, 2021, 5:48 pm
txn_1J0A9zJm8ehcCWGIPJ3BWoRR - 8994163321880259 - June 9, 2021, 5:48 pm
txn_1J063eJm8ehcCWGIJiZibmq6 - 8994163322134252 - June 9, 2021, 5:53 pm
txn_1J0Ee8Jm8ehcCWGIHduTdJJp - 8994163321948256 - June 9, 2021, 5:53 pm
txn_1J0DKgJm8ehcCWGI2OoxzNtG - 8994163322135259 - June 9, 2021, 5:53 pm
2021Influencer699 - 8994163322133255 - June 9, 2021, 5:53 pm
txn_1J08oLJm8ehcCWGIub2edGaC - 8994163321945255 - June 9, 2021, 5:53 pm
2021Influencer694 - 8994163322258255 - June 9, 2021, 5:53 pm
txn_1J09fAJm8ehcCWGIfsWEhH15 - 8994163322132258 - June 9, 2021, 5:53 pm
txn_1J06ydJm8ehcCWGIm9k5CWv5 - 8994163321944258 - June 9, 2021, 5:53 pm
