txn_1IFO2iJm8ehcCWGItMdB3SuI - 8994163196034160 - January 31, 2021, 8:48 pm
txn_1IFAWLJm8ehcCWGIYGKbmQFX - 8994163195590162 - January 31, 2021, 8:48 pm
txn_1IFpigJm8ehcCWGIDynwuveM - 8994163195944163 - January 31, 2021, 8:48 pm
txn_1IFTOdJm8ehcCWGIbjUzbjp6 - 8994163195586165 - January 31, 2021, 8:48 pm
txn_1IFOy7Jm8ehcCWGIVHt1cvMO - 8994163195585168 - January 31, 2021, 8:48 pm
txn_1IFiM9Jm8ehcCWGI0DsxHw0C - 8994163195943166 - January 31, 2021, 8:48 pm
txn_1IFBYuJm8ehcCWGI1UnPlzhS - 8994163196033163 - January 31, 2021, 8:48 pm
txn_1IF7OmJm8ehcCWGIAKCYxSRE - 8994163196032166 - January 31, 2021, 8:48 pm
txn_1IFqRFJm8ehcCWGIz5uPwCh4 - 8994163196031169 - January 31, 2021, 8:48 pm
txn_1IFTs5Jm8ehcCWGI7WmmOMrj - 8994163195583164 - January 31, 2021, 8:48 pm
txn_1IFP2CJm8ehcCWGI65plSMao - 8994163196029166 - January 31, 2021, 8:48 pm
txn_1IFEDuJm8ehcCWGISJNtWOKw - 8994163196028169 - January 31, 2021, 8:48 pm
txn_1IFjevJm8ehcCWGIXUpl7DpL - 8994163196027162 - January 31, 2021, 8:48 pm
txn_1IF86jJm8ehcCWGIpyAQ5Uiy - 8994163195942169 - January 31, 2021, 8:48 pm
txn_1IFqYyJm8ehcCWGItFOOXNYJ - 8994163195941162 - January 31, 2021, 8:48 pm
txn_1IFUPAJm8ehcCWGIm810P3a3 - 8994163196026165 - January 31, 2021, 8:48 pm
txn_1IFPrVJm8ehcCWGIEzr5bDGJ - 8994163195580163 - January 31, 2021, 8:48 pm
txn_1IFJpVJm8ehcCWGI4RXgX3m7 - 8994163196025168 - January 31, 2021, 8:48 pm
txn_1IFmZ6Jm8ehcCWGInedCG5Ao - 8994163195938162 - January 31, 2021, 8:48 pm
txn_1IF8YrJm8ehcCWGIDKfM3wZO - 8994163195579167 - January 31, 2021, 8:48 pm
txn_1IFrF0Jm8ehcCWGIMfmwyg5f - 8994163195578160 - January 31, 2021, 8:48 pm
txn_1IFO2iJm8ehcCWGItMdB3SuI - 8994163196034160 - January 31, 2021, 8:48 pm
txn_1IFAWLJm8ehcCWGIYGKbmQFX - 8994163195590162 - January 31, 2021, 8:48 pm
txn_1IFpigJm8ehcCWGIDynwuveM - 8994163195944163 - January 31, 2021, 8:48 pm
txn_1IFTOdJm8ehcCWGIbjUzbjp6 - 8994163195586165 - January 31, 2021, 8:48 pm
txn_1IFOy7Jm8ehcCWGIVHt1cvMO - 8994163195585168 - January 31, 2021, 8:48 pm
txn_1IFiM9Jm8ehcCWGI0DsxHw0C - 8994163195943166 - January 31, 2021, 8:48 pm
txn_1IFBYuJm8ehcCWGI1UnPlzhS - 8994163196033163 - January 31, 2021, 8:48 pm
txn_1IF7OmJm8ehcCWGIAKCYxSRE - 8994163196032166 - January 31, 2021, 8:48 pm
txn_1IFqRFJm8ehcCWGIz5uPwCh4 - 8994163196031169 - January 31, 2021, 8:48 pm
txn_1IFTs5Jm8ehcCWGI7WmmOMrj - 8994163195583164 - January 31, 2021, 8:48 pm
txn_1IFP2CJm8ehcCWGI65plSMao - 8994163196029166 - January 31, 2021, 8:48 pm
txn_1IFEDuJm8ehcCWGISJNtWOKw - 8994163196028169 - January 31, 2021, 8:48 pm
txn_1IFjevJm8ehcCWGIXUpl7DpL - 8994163196027162 - January 31, 2021, 8:48 pm
txn_1IF86jJm8ehcCWGIpyAQ5Uiy - 8994163195942169 - January 31, 2021, 8:48 pm
txn_1IFqYyJm8ehcCWGItFOOXNYJ - 8994163195941162 - January 31, 2021, 8:48 pm
txn_1IFUPAJm8ehcCWGIm810P3a3 - 8994163196026165 - January 31, 2021, 8:48 pm
txn_1IFPrVJm8ehcCWGIEzr5bDGJ - 8994163195580163 - January 31, 2021, 8:48 pm
txn_1IFJpVJm8ehcCWGI4RXgX3m7 - 8994163196025168 - January 31, 2021, 8:48 pm
txn_1IFmZ6Jm8ehcCWGInedCG5Ao - 8994163195938162 - January 31, 2021, 8:48 pm
txn_1IF8YrJm8ehcCWGIDKfM3wZO - 8994163195579167 - January 31, 2021, 8:48 pm
txn_1IFrF0Jm8ehcCWGIMfmwyg5f - 8994163195578160 - January 31, 2021, 8:48 pm
txn_1IFO2iJm8ehcCWGItMdB3SuI - 8994163196034160 - January 31, 2021, 8:48 pm
txn_1IFAWLJm8ehcCWGIYGKbmQFX - 8994163195590162 - January 31, 2021, 8:48 pm
txn_1IFpigJm8ehcCWGIDynwuveM - 8994163195944163 - January 31, 2021, 8:48 pm
txn_1IFTOdJm8ehcCWGIbjUzbjp6 - 8994163195586165 - January 31, 2021, 8:48 pm
txn_1IFOy7Jm8ehcCWGIVHt1cvMO - 8994163195585168 - January 31, 2021, 8:48 pm
txn_1IFiM9Jm8ehcCWGI0DsxHw0C - 8994163195943166 - January 31, 2021, 8:48 pm
txn_1IFBYuJm8ehcCWGI1UnPlzhS - 8994163196033163 - January 31, 2021, 8:48 pm
txn_1IF7OmJm8ehcCWGIAKCYxSRE - 8994163196032166 - January 31, 2021, 8:48 pm
txn_1IFqRFJm8ehcCWGIz5uPwCh4 - 8994163196031169 - January 31, 2021, 8:48 pm
txn_1IFTs5Jm8ehcCWGI7WmmOMrj - 8994163195583164 - January 31, 2021, 8:48 pm
txn_1IFP2CJm8ehcCWGI65plSMao - 8994163196029166 - January 31, 2021, 8:48 pm
txn_1IFEDuJm8ehcCWGISJNtWOKw - 8994163196028169 - January 31, 2021, 8:48 pm
txn_1IFjevJm8ehcCWGIXUpl7DpL - 8994163196027162 - January 31, 2021, 8:48 pm
txn_1IF86jJm8ehcCWGIpyAQ5Uiy - 8994163195942169 - January 31, 2021, 8:48 pm
txn_1IFqYyJm8ehcCWGItFOOXNYJ - 8994163195941162 - January 31, 2021, 8:48 pm
txn_1IFUPAJm8ehcCWGIm810P3a3 - 8994163196026165 - January 31, 2021, 8:48 pm
txn_1IFPrVJm8ehcCWGIEzr5bDGJ - 8994163195580163 - January 31, 2021, 8:48 pm
txn_1IFJpVJm8ehcCWGI4RXgX3m7 - 8994163196025168 - January 31, 2021, 8:48 pm
txn_1IFmZ6Jm8ehcCWGInedCG5Ao - 8994163195938162 - January 31, 2021, 8:48 pm
txn_1IF8YrJm8ehcCWGIDKfM3wZO - 8994163195579167 - January 31, 2021, 8:48 pm
txn_1IFrF0Jm8ehcCWGIMfmwyg5f - 8994163195578160 - January 31, 2021, 8:48 pm
txn_1IFO2iJm8ehcCWGItMdB3SuI - 8994163196034160 - January 31, 2021, 8:48 pm
txn_1IFAWLJm8ehcCWGIYGKbmQFX - 8994163195590162 - January 31, 2021, 8:48 pm
txn_1IFpigJm8ehcCWGIDynwuveM - 8994163195944163 - January 31, 2021, 8:48 pm
txn_1IFTOdJm8ehcCWGIbjUzbjp6 - 8994163195586165 - January 31, 2021, 8:48 pm
txn_1IFOy7Jm8ehcCWGIVHt1cvMO - 8994163195585168 - January 31, 2021, 8:48 pm
txn_1IFiM9Jm8ehcCWGI0DsxHw0C - 8994163195943166 - January 31, 2021, 8:48 pm
txn_1IFBYuJm8ehcCWGI1UnPlzhS - 8994163196033163 - January 31, 2021, 8:48 pm
txn_1IF7OmJm8ehcCWGIAKCYxSRE - 8994163196032166 - January 31, 2021, 8:48 pm
txn_1IFqRFJm8ehcCWGIz5uPwCh4 - 8994163196031169 - January 31, 2021, 8:48 pm
txn_1IFTs5Jm8ehcCWGI7WmmOMrj - 8994163195583164 - January 31, 2021, 8:48 pm
txn_1IFP2CJm8ehcCWGI65plSMao - 8994163196029166 - January 31, 2021, 8:48 pm
txn_1IFEDuJm8ehcCWGISJNtWOKw - 8994163196028169 - January 31, 2021, 8:48 pm
txn_1IFjevJm8ehcCWGIXUpl7DpL - 8994163196027162 - January 31, 2021, 8:48 pm
txn_1IF86jJm8ehcCWGIpyAQ5Uiy - 8994163195942169 - January 31, 2021, 8:48 pm
txn_1IFqYyJm8ehcCWGItFOOXNYJ - 8994163195941162 - January 31, 2021, 8:48 pm
txn_1IFUPAJm8ehcCWGIm810P3a3 - 8994163196026165 - January 31, 2021, 8:48 pm
txn_1IFPrVJm8ehcCWGIEzr5bDGJ - 8994163195580163 - January 31, 2021, 8:48 pm
txn_1IFJpVJm8ehcCWGI4RXgX3m7 - 8994163196025168 - January 31, 2021, 8:48 pm
txn_1IFmZ6Jm8ehcCWGInedCG5Ao - 8994163195938162 - January 31, 2021, 8:48 pm
txn_1IF8YrJm8ehcCWGIDKfM3wZO - 8994163195579167 - January 31, 2021, 8:48 pm
txn_1IFrF0Jm8ehcCWGIMfmwyg5f - 8994163195578160 - January 31, 2021, 8:48 pm
txn_1IFO2iJm8ehcCWGItMdB3SuI - 8994163196034160 - January 31, 2021, 8:49 pm
txn_1IFAWLJm8ehcCWGIYGKbmQFX - 8994163195590162 - January 31, 2021, 8:49 pm
txn_1IFpigJm8ehcCWGIDynwuveM - 8994163195944163 - January 31, 2021, 8:49 pm
txn_1IFTOdJm8ehcCWGIbjUzbjp6 - 8994163195586165 - January 31, 2021, 8:49 pm
txn_1IFOy7Jm8ehcCWGIVHt1cvMO - 8994163195585168 - January 31, 2021, 8:49 pm
txn_1IFiM9Jm8ehcCWGI0DsxHw0C - 8994163195943166 - January 31, 2021, 8:49 pm
txn_1IFBYuJm8ehcCWGI1UnPlzhS - 8994163196033163 - January 31, 2021, 8:49 pm
txn_1IF7OmJm8ehcCWGIAKCYxSRE - 8994163196032166 - January 31, 2021, 8:49 pm
txn_1IFqRFJm8ehcCWGIz5uPwCh4 - 8994163196031169 - January 31, 2021, 8:49 pm
txn_1IFTs5Jm8ehcCWGI7WmmOMrj - 8994163195583164 - January 31, 2021, 8:49 pm
txn_1IFP2CJm8ehcCWGI65plSMao - 8994163196029166 - January 31, 2021, 8:49 pm
txn_1IFEDuJm8ehcCWGISJNtWOKw - 8994163196028169 - January 31, 2021, 8:49 pm
txn_1IFjevJm8ehcCWGIXUpl7DpL - 8994163196027162 - January 31, 2021, 8:49 pm
txn_1IF86jJm8ehcCWGIpyAQ5Uiy - 8994163195942169 - January 31, 2021, 8:49 pm
txn_1IFqYyJm8ehcCWGItFOOXNYJ - 8994163195941162 - January 31, 2021, 8:49 pm
txn_1IFUPAJm8ehcCWGIm810P3a3 - 8994163196026165 - January 31, 2021, 8:49 pm
txn_1IFPrVJm8ehcCWGIEzr5bDGJ - 8994163195580163 - January 31, 2021, 8:49 pm
txn_1IFJpVJm8ehcCWGI4RXgX3m7 - 8994163196025168 - January 31, 2021, 8:49 pm
txn_1IFmZ6Jm8ehcCWGInedCG5Ao - 8994163195938162 - January 31, 2021, 8:49 pm
txn_1IF8YrJm8ehcCWGIDKfM3wZO - 8994163195579167 - January 31, 2021, 8:49 pm
txn_1IFrF0Jm8ehcCWGIMfmwyg5f - 8994163195578160 - January 31, 2021, 8:49 pm
txn_1IFNPGJm8ehcCWGIWXCTzwm1 - 8994163196216160 - January 31, 2021, 8:49 pm
txn_1IFYgYJm8ehcCWGI8Z8G3oon - 8994163196215163 - January 31, 2021, 8:49 pm
txn_1IFRHGJm8ehcCWGIfyuPjvOr - 8994163196214166 - January 31, 2021, 8:49 pm
txn_1IFbyeJm8ehcCWGIbLcVoi7W - 8994163195962167 - January 31, 2021, 8:49 pm
txn_1IFpE2Jm8ehcCWGITy18qMmB - 8994163196062163 - January 31, 2021, 8:49 pm
txn_1IFRhAJm8ehcCWGI0zNjL4Jl - 8994163196063160 - January 31, 2021, 8:49 pm
txn_1IFRs3Jm8ehcCWGIk8xknwjT - 8994163196211165 - January 31, 2021, 8:49 pm
txn_1IFpP8Jm8ehcCWGIQPnikOMF - 8994163196061166 - January 31, 2021, 8:49 pm
txn_1IFS0JJm8ehcCWGIIN4x0anP - 8994163196057169 - January 31, 2021, 8:49 pm
txn_1IFpYjJm8ehcCWGIJB24pNy7 - 8994163196058166 - January 31, 2021, 8:49 pm
txn_1IF4cwJm8ehcCWGIhCyIuk93 - 8994163195964161 - January 31, 2021, 8:49 pm
txn_1IF69UJm8ehcCWGILlDK8iW6 - 8994163196064167 - January 31, 2021, 8:49 pm
txn_1IF9YwJm8ehcCWGIHdBaeBPj - 8994163196212162 - January 31, 2021, 8:49 pm
txn_1IF2gZJm8ehcCWGItGsrSd92 - 8994163195958160 - January 31, 2021, 8:49 pm
txn_1IF9y9Jm8ehcCWGIb4bMTxsc - 8994163195957163 - January 31, 2021, 8:49 pm
txn_1IF3K0Jm8ehcCWGIkBXpj05g - 8994163196059163 - January 31, 2021, 8:49 pm
txn_1IFAHsJm8ehcCWGI1hXeoqqR - 8994163195956166 - January 31, 2021, 8:49 pm
txn_1IFO2iJm8ehcCWGItMdB3SuI - 8994163196034160 - January 31, 2021, 8:49 pm
txn_1IFAWLJm8ehcCWGIYGKbmQFX - 8994163195590162 - January 31, 2021, 8:49 pm
txn_1IFpigJm8ehcCWGIDynwuveM - 8994163195944163 - January 31, 2021, 8:49 pm
txn_1IFTOdJm8ehcCWGIbjUzbjp6 - 8994163195586165 - January 31, 2021, 8:49 pm
txn_1IFOy7Jm8ehcCWGIVHt1cvMO - 8994163195585168 - January 31, 2021, 8:49 pm
txn_1IFiM9Jm8ehcCWGI0DsxHw0C - 8994163195943166 - January 31, 2021, 8:49 pm
txn_1IFBYuJm8ehcCWGI1UnPlzhS - 8994163196033163 - January 31, 2021, 8:49 pm
txn_1IF7OmJm8ehcCWGIAKCYxSRE - 8994163196032166 - January 31, 2021, 8:49 pm
txn_1IFqRFJm8ehcCWGIz5uPwCh4 - 8994163196031169 - January 31, 2021, 8:49 pm
txn_1IFTs5Jm8ehcCWGI7WmmOMrj - 8994163195583164 - January 31, 2021, 8:49 pm
txn_1IFP2CJm8ehcCWGI65plSMao - 8994163196029166 - January 31, 2021, 8:49 pm
txn_1IFEDuJm8ehcCWGISJNtWOKw - 8994163196028169 - January 31, 2021, 8:49 pm
txn_1IFjevJm8ehcCWGIXUpl7DpL - 8994163196027162 - January 31, 2021, 8:49 pm
txn_1IF86jJm8ehcCWGIpyAQ5Uiy - 8994163195942169 - January 31, 2021, 8:49 pm
txn_1IFqYyJm8ehcCWGItFOOXNYJ - 8994163195941162 - January 31, 2021, 8:49 pm
txn_1IFUPAJm8ehcCWGIm810P3a3 - 8994163196026165 - January 31, 2021, 8:49 pm
txn_1IFPrVJm8ehcCWGIEzr5bDGJ - 8994163195580163 - January 31, 2021, 8:49 pm
txn_1IFJpVJm8ehcCWGI4RXgX3m7 - 8994163196025168 - January 31, 2021, 8:49 pm
txn_1IFmZ6Jm8ehcCWGInedCG5Ao - 8994163195938162 - January 31, 2021, 8:49 pm
txn_1IF8YrJm8ehcCWGIDKfM3wZO - 8994163195579167 - January 31, 2021, 8:49 pm
txn_1IFrF0Jm8ehcCWGIMfmwyg5f - 8994163195578160 - January 31, 2021, 8:49 pm
txn_1IFMnTJm8ehcCWGIofoWpCwu - 8994163196067168 - January 31, 2021, 8:49 pm
txn_1IFWPNJm8ehcCWGIv6VBtDFn - 8994163196217167 - January 31, 2021, 8:49 pm
txn_1IFNPGJm8ehcCWGIWXCTzwm1 - 8994163196216160 - January 31, 2021, 8:49 pm
txn_1IFYgYJm8ehcCWGI8Z8G3oon - 8994163196215163 - January 31, 2021, 8:49 pm
txn_1IFRHGJm8ehcCWGIfyuPjvOr - 8994163196214166 - January 31, 2021, 8:49 pm
txn_1IFbyeJm8ehcCWGIbLcVoi7W - 8994163195962167 - January 31, 2021, 8:49 pm
txn_1IFpE2Jm8ehcCWGITy18qMmB - 8994163196062163 - January 31, 2021, 8:49 pm
txn_1IFRhAJm8ehcCWGI0zNjL4Jl - 8994163196063160 - January 31, 2021, 8:49 pm
txn_1IFRs3Jm8ehcCWGIk8xknwjT - 8994163196211165 - January 31, 2021, 8:49 pm
txn_1IFpP8Jm8ehcCWGIQPnikOMF - 8994163196061166 - January 31, 2021, 8:49 pm
txn_1IFS0JJm8ehcCWGIIN4x0anP - 8994163196057169 - January 31, 2021, 8:49 pm
txn_1IFpYjJm8ehcCWGIJB24pNy7 - 8994163196058166 - January 31, 2021, 8:49 pm
txn_1IF3xpJm8ehcCWGIAKS0xmYz - 8994163195965168 - January 31, 2021, 8:49 pm
txn_1IF4cwJm8ehcCWGIhCyIuk93 - 8994163195964161 - January 31, 2021, 8:49 pm
txn_1IF69UJm8ehcCWGILlDK8iW6 - 8994163196064167 - January 31, 2021, 8:49 pm
txn_1IF9YwJm8ehcCWGIHdBaeBPj - 8994163196212162 - January 31, 2021, 8:49 pm
txn_1IF2gZJm8ehcCWGItGsrSd92 - 8994163195958160 - January 31, 2021, 8:49 pm
txn_1IF9y9Jm8ehcCWGIb4bMTxsc - 8994163195957163 - January 31, 2021, 8:49 pm
txn_1IF3K0Jm8ehcCWGIkBXpj05g - 8994163196059163 - January 31, 2021, 8:49 pm
txn_1IFAHsJm8ehcCWGI1hXeoqqR - 8994163195956166 - January 31, 2021, 8:49 pm
txn_1IFO2iJm8ehcCWGItMdB3SuI - 8994163196034160 - January 31, 2021, 8:49 pm
txn_1IFAWLJm8ehcCWGIYGKbmQFX - 8994163195590162 - January 31, 2021, 8:49 pm
txn_1IFpigJm8ehcCWGIDynwuveM - 8994163195944163 - January 31, 2021, 8:49 pm
txn_1IFTOdJm8ehcCWGIbjUzbjp6 - 8994163195586165 - January 31, 2021, 8:49 pm
txn_1IFOy7Jm8ehcCWGIVHt1cvMO - 8994163195585168 - January 31, 2021, 8:49 pm
txn_1IFiM9Jm8ehcCWGI0DsxHw0C - 8994163195943166 - January 31, 2021, 8:49 pm
txn_1IFBYuJm8ehcCWGI1UnPlzhS - 8994163196033163 - January 31, 2021, 8:49 pm
txn_1IF7OmJm8ehcCWGIAKCYxSRE - 8994163196032166 - January 31, 2021, 8:49 pm
txn_1IFqRFJm8ehcCWGIz5uPwCh4 - 8994163196031169 - January 31, 2021, 8:49 pm
txn_1IFTs5Jm8ehcCWGI7WmmOMrj - 8994163195583164 - January 31, 2021, 8:49 pm
txn_1IFP2CJm8ehcCWGI65plSMao - 8994163196029166 - January 31, 2021, 8:49 pm
txn_1IFEDuJm8ehcCWGISJNtWOKw - 8994163196028169 - January 31, 2021, 8:49 pm
txn_1IFjevJm8ehcCWGIXUpl7DpL - 8994163196027162 - January 31, 2021, 8:49 pm
txn_1IF86jJm8ehcCWGIpyAQ5Uiy - 8994163195942169 - January 31, 2021, 8:49 pm
txn_1IFqYyJm8ehcCWGItFOOXNYJ - 8994163195941162 - January 31, 2021, 8:49 pm
txn_1IFUPAJm8ehcCWGIm810P3a3 - 8994163196026165 - January 31, 2021, 8:49 pm
txn_1IFPrVJm8ehcCWGIEzr5bDGJ - 8994163195580163 - January 31, 2021, 8:49 pm
txn_1IFJpVJm8ehcCWGI4RXgX3m7 - 8994163196025168 - January 31, 2021, 8:49 pm
txn_1IFmZ6Jm8ehcCWGInedCG5Ao - 8994163195938162 - January 31, 2021, 8:49 pm
txn_1IF8YrJm8ehcCWGIDKfM3wZO - 8994163195579167 - January 31, 2021, 8:49 pm
txn_1IFrF0Jm8ehcCWGIMfmwyg5f - 8994163195578160 - January 31, 2021, 8:49 pm
txn_1IFMnTJm8ehcCWGIofoWpCwu - 8994163196067168 - January 31, 2021, 8:49 pm
txn_1IFWPNJm8ehcCWGIv6VBtDFn - 8994163196217167 - January 31, 2021, 8:49 pm
txn_1IFNPGJm8ehcCWGIWXCTzwm1 - 8994163196216160 - January 31, 2021, 8:49 pm
txn_1IFYgYJm8ehcCWGI8Z8G3oon - 8994163196215163 - January 31, 2021, 8:49 pm
txn_1IFRHGJm8ehcCWGIfyuPjvOr - 8994163196214166 - January 31, 2021, 8:49 pm
txn_1IFbyeJm8ehcCWGIbLcVoi7W - 8994163195962167 - January 31, 2021, 8:49 pm
txn_1IFpE2Jm8ehcCWGITy18qMmB - 8994163196062163 - January 31, 2021, 8:49 pm
txn_1IFRhAJm8ehcCWGI0zNjL4Jl - 8994163196063160 - January 31, 2021, 8:49 pm
txn_1IFRs3Jm8ehcCWGIk8xknwjT - 8994163196211165 - January 31, 2021, 8:49 pm
txn_1IFpP8Jm8ehcCWGIQPnikOMF - 8994163196061166 - January 31, 2021, 8:49 pm
txn_1IFS0JJm8ehcCWGIIN4x0anP - 8994163196057169 - January 31, 2021, 8:49 pm
txn_1IFpYjJm8ehcCWGIJB24pNy7 - 8994163196058166 - January 31, 2021, 8:49 pm
txn_1IF3xpJm8ehcCWGIAKS0xmYz - 8994163195965168 - January 31, 2021, 8:49 pm
txn_1IF4cwJm8ehcCWGIhCyIuk93 - 8994163195964161 - January 31, 2021, 8:49 pm
txn_1IF69UJm8ehcCWGILlDK8iW6 - 8994163196064167 - January 31, 2021, 8:49 pm
txn_1IF9YwJm8ehcCWGIHdBaeBPj - 8994163196212162 - January 31, 2021, 8:49 pm
txn_1IF2gZJm8ehcCWGItGsrSd92 - 8994163195958160 - January 31, 2021, 8:49 pm
txn_1IF9y9Jm8ehcCWGIb4bMTxsc - 8994163195957163 - January 31, 2021, 8:49 pm
txn_1IF3K0Jm8ehcCWGIkBXpj05g - 8994163196059163 - January 31, 2021, 8:49 pm
txn_1IFAHsJm8ehcCWGI1hXeoqqR - 8994163195956166 - January 31, 2021, 8:49 pm
txn_1IFO2iJm8ehcCWGItMdB3SuI - 8994163196034160 - January 31, 2021, 8:49 pm
txn_1IFAWLJm8ehcCWGIYGKbmQFX - 8994163195590162 - January 31, 2021, 8:49 pm
txn_1IFpigJm8ehcCWGIDynwuveM - 8994163195944163 - January 31, 2021, 8:49 pm
txn_1IFTOdJm8ehcCWGIbjUzbjp6 - 8994163195586165 - January 31, 2021, 8:49 pm
txn_1IFOy7Jm8ehcCWGIVHt1cvMO - 8994163195585168 - January 31, 2021, 8:49 pm
txn_1IFiM9Jm8ehcCWGI0DsxHw0C - 8994163195943166 - January 31, 2021, 8:49 pm
txn_1IFBYuJm8ehcCWGI1UnPlzhS - 8994163196033163 - January 31, 2021, 8:49 pm
txn_1IF7OmJm8ehcCWGIAKCYxSRE - 8994163196032166 - January 31, 2021, 8:49 pm
txn_1IFqRFJm8ehcCWGIz5uPwCh4 - 8994163196031169 - January 31, 2021, 8:49 pm
txn_1IFTs5Jm8ehcCWGI7WmmOMrj - 8994163195583164 - January 31, 2021, 8:49 pm
txn_1IFP2CJm8ehcCWGI65plSMao - 8994163196029166 - January 31, 2021, 8:49 pm
txn_1IFEDuJm8ehcCWGISJNtWOKw - 8994163196028169 - January 31, 2021, 8:49 pm
txn_1IFjevJm8ehcCWGIXUpl7DpL - 8994163196027162 - January 31, 2021, 8:49 pm
txn_1IF86jJm8ehcCWGIpyAQ5Uiy - 8994163195942169 - January 31, 2021, 8:49 pm
txn_1IFqYyJm8ehcCWGItFOOXNYJ - 8994163195941162 - January 31, 2021, 8:49 pm
txn_1IFUPAJm8ehcCWGIm810P3a3 - 8994163196026165 - January 31, 2021, 8:49 pm
txn_1IFPrVJm8ehcCWGIEzr5bDGJ - 8994163195580163 - January 31, 2021, 8:49 pm
txn_1IFJpVJm8ehcCWGI4RXgX3m7 - 8994163196025168 - January 31, 2021, 8:49 pm
txn_1IFmZ6Jm8ehcCWGInedCG5Ao - 8994163195938162 - January 31, 2021, 8:49 pm
txn_1IF8YrJm8ehcCWGIDKfM3wZO - 8994163195579167 - January 31, 2021, 8:49 pm
txn_1IFrF0Jm8ehcCWGIMfmwyg5f - 8994163195578160 - January 31, 2021, 8:49 pm
txn_1IFMnTJm8ehcCWGIofoWpCwu - 8994163196067168 - January 31, 2021, 8:49 pm
txn_1IFWPNJm8ehcCWGIv6VBtDFn - 8994163196217167 - January 31, 2021, 8:49 pm
txn_1IFNPGJm8ehcCWGIWXCTzwm1 - 8994163196216160 - January 31, 2021, 8:49 pm
txn_1IFYgYJm8ehcCWGI8Z8G3oon - 8994163196215163 - January 31, 2021, 8:49 pm
txn_1IFRHGJm8ehcCWGIfyuPjvOr - 8994163196214166 - January 31, 2021, 8:49 pm
txn_1IFbyeJm8ehcCWGIbLcVoi7W - 8994163195962167 - January 31, 2021, 8:49 pm
txn_1IFpE2Jm8ehcCWGITy18qMmB - 8994163196062163 - January 31, 2021, 8:49 pm
txn_1IFRhAJm8ehcCWGI0zNjL4Jl - 8994163196063160 - January 31, 2021, 8:49 pm
txn_1IFRs3Jm8ehcCWGIk8xknwjT - 8994163196211165 - January 31, 2021, 8:49 pm
txn_1IFpP8Jm8ehcCWGIQPnikOMF - 8994163196061166 - January 31, 2021, 8:49 pm
txn_1IFS0JJm8ehcCWGIIN4x0anP - 8994163196057169 - January 31, 2021, 8:49 pm
txn_1IFpYjJm8ehcCWGIJB24pNy7 - 8994163196058166 - January 31, 2021, 8:49 pm
txn_1IF3xpJm8ehcCWGIAKS0xmYz - 8994163195965168 - January 31, 2021, 8:49 pm
txn_1IF4cwJm8ehcCWGIhCyIuk93 - 8994163195964161 - January 31, 2021, 8:49 pm
txn_1IF69UJm8ehcCWGILlDK8iW6 - 8994163196064167 - January 31, 2021, 8:49 pm
txn_1IF9YwJm8ehcCWGIHdBaeBPj - 8994163196212162 - January 31, 2021, 8:49 pm
txn_1IF2gZJm8ehcCWGItGsrSd92 - 8994163195958160 - January 31, 2021, 8:49 pm
txn_1IF9y9Jm8ehcCWGIb4bMTxsc - 8994163195957163 - January 31, 2021, 8:49 pm
txn_1IF3K0Jm8ehcCWGIkBXpj05g - 8994163196059163 - January 31, 2021, 8:49 pm
txn_1IFAHsJm8ehcCWGI1hXeoqqR - 8994163195956166 - January 31, 2021, 8:49 pm
txn_1IF3RUJm8ehcCWGIShKOU2ZP -  - January 31, 2021, 8:49 pm
txn_1IFJrmJm8ehcCWGIavMfJCKl -  - January 31, 2021, 8:49 pm
txn_1IFVIXJm8ehcCWGIlhhuuF8H -  - January 31, 2021, 8:49 pm
txn_1IFO2iJm8ehcCWGItMdB3SuI - 8994163196034160 - January 31, 2021, 8:49 pm
txn_1IFAWLJm8ehcCWGIYGKbmQFX - 8994163195590162 - January 31, 2021, 8:49 pm
txn_1IFpigJm8ehcCWGIDynwuveM - 8994163195944163 - January 31, 2021, 8:49 pm
txn_1IFTOdJm8ehcCWGIbjUzbjp6 - 8994163195586165 - January 31, 2021, 8:49 pm
txn_1IFOy7Jm8ehcCWGIVHt1cvMO - 8994163195585168 - January 31, 2021, 8:49 pm
txn_1IFiM9Jm8ehcCWGI0DsxHw0C - 8994163195943166 - January 31, 2021, 8:49 pm
txn_1IFBYuJm8ehcCWGI1UnPlzhS - 8994163196033163 - January 31, 2021, 8:49 pm
txn_1IF7OmJm8ehcCWGIAKCYxSRE - 8994163196032166 - January 31, 2021, 8:49 pm
txn_1IFqRFJm8ehcCWGIz5uPwCh4 - 8994163196031169 - January 31, 2021, 8:49 pm
txn_1IFTs5Jm8ehcCWGI7WmmOMrj - 8994163195583164 - January 31, 2021, 8:49 pm
txn_1IFP2CJm8ehcCWGI65plSMao - 8994163196029166 - January 31, 2021, 8:49 pm
txn_1IFEDuJm8ehcCWGISJNtWOKw - 8994163196028169 - January 31, 2021, 8:49 pm
txn_1IFjevJm8ehcCWGIXUpl7DpL - 8994163196027162 - January 31, 2021, 8:49 pm
txn_1IF86jJm8ehcCWGIpyAQ5Uiy - 8994163195942169 - January 31, 2021, 8:49 pm
txn_1IFqYyJm8ehcCWGItFOOXNYJ - 8994163195941162 - January 31, 2021, 8:49 pm
txn_1IFUPAJm8ehcCWGIm810P3a3 - 8994163196026165 - January 31, 2021, 8:49 pm
txn_1IFPrVJm8ehcCWGIEzr5bDGJ - 8994163195580163 - January 31, 2021, 8:49 pm
txn_1IFJpVJm8ehcCWGI4RXgX3m7 - 8994163196025168 - January 31, 2021, 8:49 pm
txn_1IFmZ6Jm8ehcCWGInedCG5Ao - 8994163195938162 - January 31, 2021, 8:49 pm
txn_1IF8YrJm8ehcCWGIDKfM3wZO - 8994163195579167 - January 31, 2021, 8:49 pm
txn_1IFrF0Jm8ehcCWGIMfmwyg5f - 8994163195578160 - January 31, 2021, 8:49 pm
txn_1IFMnTJm8ehcCWGIofoWpCwu - 8994163196067168 - January 31, 2021, 8:49 pm
txn_1IFWPNJm8ehcCWGIv6VBtDFn - 8994163196217167 - January 31, 2021, 8:49 pm
txn_1IFNPGJm8ehcCWGIWXCTzwm1 - 8994163196216160 - January 31, 2021, 8:49 pm
txn_1IFYgYJm8ehcCWGI8Z8G3oon - 8994163196215163 - January 31, 2021, 8:49 pm
txn_1IFRHGJm8ehcCWGIfyuPjvOr - 8994163196214166 - January 31, 2021, 8:49 pm
txn_1IFbyeJm8ehcCWGIbLcVoi7W - 8994163195962167 - January 31, 2021, 8:49 pm
txn_1IFpE2Jm8ehcCWGITy18qMmB - 8994163196062163 - January 31, 2021, 8:49 pm
txn_1IFRhAJm8ehcCWGI0zNjL4Jl - 8994163196063160 - January 31, 2021, 8:49 pm
txn_1IFRs3Jm8ehcCWGIk8xknwjT - 8994163196211165 - January 31, 2021, 8:49 pm
txn_1IFpP8Jm8ehcCWGIQPnikOMF - 8994163196061166 - January 31, 2021, 8:49 pm
txn_1IFS0JJm8ehcCWGIIN4x0anP - 8994163196057169 - January 31, 2021, 8:49 pm
txn_1IFpYjJm8ehcCWGIJB24pNy7 - 8994163196058166 - January 31, 2021, 8:49 pm
txn_1IF3xpJm8ehcCWGIAKS0xmYz - 8994163195965168 - January 31, 2021, 8:49 pm
txn_1IF4cwJm8ehcCWGIhCyIuk93 - 8994163195964161 - January 31, 2021, 8:49 pm
txn_1IF69UJm8ehcCWGILlDK8iW6 - 8994163196064167 - January 31, 2021, 8:49 pm
txn_1IF9YwJm8ehcCWGIHdBaeBPj - 8994163196212162 - January 31, 2021, 8:49 pm
txn_1IF2gZJm8ehcCWGItGsrSd92 - 8994163195958160 - January 31, 2021, 8:49 pm
txn_1IF9y9Jm8ehcCWGIb4bMTxsc - 8994163195957163 - January 31, 2021, 8:49 pm
txn_1IF3K0Jm8ehcCWGIkBXpj05g - 8994163196059163 - January 31, 2021, 8:49 pm
txn_1IFAHsJm8ehcCWGI1hXeoqqR - 8994163195956166 - January 31, 2021, 8:49 pm
txn_1IFO2iJm8ehcCWGItMdB3SuI - 8994163196034160 - January 31, 2021, 8:49 pm
txn_1IFAWLJm8ehcCWGIYGKbmQFX - 8994163195590162 - January 31, 2021, 8:49 pm
txn_1IFpigJm8ehcCWGIDynwuveM - 8994163195944163 - January 31, 2021, 8:49 pm
txn_1IFTOdJm8ehcCWGIbjUzbjp6 - 8994163195586165 - January 31, 2021, 8:49 pm
txn_1IFOy7Jm8ehcCWGIVHt1cvMO - 8994163195585168 - January 31, 2021, 8:49 pm
txn_1IFiM9Jm8ehcCWGI0DsxHw0C - 8994163195943166 - January 31, 2021, 8:49 pm
txn_1IFBYuJm8ehcCWGI1UnPlzhS - 8994163196033163 - January 31, 2021, 8:49 pm
txn_1IF7OmJm8ehcCWGIAKCYxSRE - 8994163196032166 - January 31, 2021, 8:49 pm
txn_1IFqRFJm8ehcCWGIz5uPwCh4 - 8994163196031169 - January 31, 2021, 8:49 pm
txn_1IFTs5Jm8ehcCWGI7WmmOMrj - 8994163195583164 - January 31, 2021, 8:49 pm
txn_1IFP2CJm8ehcCWGI65plSMao - 8994163196029166 - January 31, 2021, 8:49 pm
txn_1IFEDuJm8ehcCWGISJNtWOKw - 8994163196028169 - January 31, 2021, 8:49 pm
txn_1IFjevJm8ehcCWGIXUpl7DpL - 8994163196027162 - January 31, 2021, 8:49 pm
txn_1IF86jJm8ehcCWGIpyAQ5Uiy - 8994163195942169 - January 31, 2021, 8:49 pm
txn_1IFqYyJm8ehcCWGItFOOXNYJ - 8994163195941162 - January 31, 2021, 8:49 pm
txn_1IFUPAJm8ehcCWGIm810P3a3 - 8994163196026165 - January 31, 2021, 8:49 pm
txn_1IFPrVJm8ehcCWGIEzr5bDGJ - 8994163195580163 - January 31, 2021, 8:49 pm
txn_1IFJpVJm8ehcCWGI4RXgX3m7 - 8994163196025168 - January 31, 2021, 8:49 pm
txn_1IFmZ6Jm8ehcCWGInedCG5Ao - 8994163195938162 - January 31, 2021, 8:49 pm
txn_1IF8YrJm8ehcCWGIDKfM3wZO - 8994163195579167 - January 31, 2021, 8:49 pm
txn_1IFrF0Jm8ehcCWGIMfmwyg5f - 8994163195578160 - January 31, 2021, 8:49 pm
txn_1IFMnTJm8ehcCWGIofoWpCwu - 8994163196067168 - January 31, 2021, 8:49 pm
txn_1IFWPNJm8ehcCWGIv6VBtDFn - 8994163196217167 - January 31, 2021, 8:49 pm
txn_1IFNPGJm8ehcCWGIWXCTzwm1 - 8994163196216160 - January 31, 2021, 8:49 pm
txn_1IFYgYJm8ehcCWGI8Z8G3oon - 8994163196215163 - January 31, 2021, 8:49 pm
txn_1IFRHGJm8ehcCWGIfyuPjvOr - 8994163196214166 - January 31, 2021, 8:49 pm
txn_1IFbyeJm8ehcCWGIbLcVoi7W - 8994163195962167 - January 31, 2021, 8:49 pm
txn_1IFpE2Jm8ehcCWGITy18qMmB - 8994163196062163 - January 31, 2021, 8:49 pm
txn_1IFRhAJm8ehcCWGI0zNjL4Jl - 8994163196063160 - January 31, 2021, 8:49 pm
txn_1IFRs3Jm8ehcCWGIk8xknwjT - 8994163196211165 - January 31, 2021, 8:49 pm
txn_1IFpP8Jm8ehcCWGIQPnikOMF - 8994163196061166 - January 31, 2021, 8:49 pm
txn_1IFS0JJm8ehcCWGIIN4x0anP - 8994163196057169 - January 31, 2021, 8:49 pm
txn_1IFpYjJm8ehcCWGIJB24pNy7 - 8994163196058166 - January 31, 2021, 8:49 pm
txn_1IF3xpJm8ehcCWGIAKS0xmYz - 8994163195965168 - January 31, 2021, 8:49 pm
txn_1IF4cwJm8ehcCWGIhCyIuk93 - 8994163195964161 - January 31, 2021, 8:49 pm
txn_1IF69UJm8ehcCWGILlDK8iW6 - 8994163196064167 - January 31, 2021, 8:49 pm
txn_1IF9YwJm8ehcCWGIHdBaeBPj - 8994163196212162 - January 31, 2021, 8:49 pm
txn_1IF2gZJm8ehcCWGItGsrSd92 - 8994163195958160 - January 31, 2021, 8:49 pm
txn_1IF9y9Jm8ehcCWGIb4bMTxsc - 8994163195957163 - January 31, 2021, 8:50 pm
txn_1IF3K0Jm8ehcCWGIkBXpj05g - 8994163196059163 - January 31, 2021, 8:50 pm
txn_1IFAHsJm8ehcCWGI1hXeoqqR - 8994163195956166 - January 31, 2021, 8:50 pm
txn_1IFJrmJm8ehcCWGIavMfJCKl - 8994163196245160 - January 31, 2021, 8:50 pm
txn_1IFVIXJm8ehcCWGIlhhuuF8H - 8994163196242169 - January 31, 2021, 8:50 pm
txn_1IFO2iJm8ehcCWGItMdB3SuI - 8994163196034160 - January 31, 2021, 8:50 pm
txn_1IFAWLJm8ehcCWGIYGKbmQFX - 8994163195590162 - January 31, 2021, 8:50 pm
txn_1IFpigJm8ehcCWGIDynwuveM - 8994163195944163 - January 31, 2021, 8:50 pm
txn_1IFTOdJm8ehcCWGIbjUzbjp6 - 8994163195586165 - January 31, 2021, 8:50 pm
txn_1IFOy7Jm8ehcCWGIVHt1cvMO - 8994163195585168 - January 31, 2021, 8:50 pm
txn_1IFiM9Jm8ehcCWGI0DsxHw0C - 8994163195943166 - January 31, 2021, 8:50 pm
txn_1IFBYuJm8ehcCWGI1UnPlzhS - 8994163196033163 - January 31, 2021, 8:50 pm
txn_1IF7OmJm8ehcCWGIAKCYxSRE - 8994163196032166 - January 31, 2021, 8:50 pm
txn_1IFqRFJm8ehcCWGIz5uPwCh4 - 8994163196031169 - January 31, 2021, 8:50 pm
txn_1IFTs5Jm8ehcCWGI7WmmOMrj - 8994163195583164 - January 31, 2021, 8:50 pm
txn_1IFP2CJm8ehcCWGI65plSMao - 8994163196029166 - January 31, 2021, 8:50 pm
txn_1IFEDuJm8ehcCWGISJNtWOKw - 8994163196028169 - January 31, 2021, 8:50 pm
txn_1IFjevJm8ehcCWGIXUpl7DpL - 8994163196027162 - January 31, 2021, 8:50 pm
txn_1IF86jJm8ehcCWGIpyAQ5Uiy - 8994163195942169 - January 31, 2021, 8:50 pm
txn_1IFqYyJm8ehcCWGItFOOXNYJ - 8994163195941162 - January 31, 2021, 8:50 pm
txn_1IFUPAJm8ehcCWGIm810P3a3 - 8994163196026165 - January 31, 2021, 8:50 pm
txn_1IFPrVJm8ehcCWGIEzr5bDGJ - 8994163195580163 - January 31, 2021, 8:50 pm
txn_1IFJpVJm8ehcCWGI4RXgX3m7 - 8994163196025168 - January 31, 2021, 8:50 pm
txn_1IFmZ6Jm8ehcCWGInedCG5Ao - 8994163195938162 - January 31, 2021, 8:50 pm
txn_1IF8YrJm8ehcCWGIDKfM3wZO - 8994163195579167 - January 31, 2021, 8:50 pm
txn_1IFrF0Jm8ehcCWGIMfmwyg5f - 8994163195578160 - January 31, 2021, 8:50 pm
txn_1IFMnTJm8ehcCWGIofoWpCwu - 8994163196067168 - January 31, 2021, 8:50 pm
txn_1IFWPNJm8ehcCWGIv6VBtDFn - 8994163196217167 - January 31, 2021, 8:50 pm
txn_1IFNPGJm8ehcCWGIWXCTzwm1 - 8994163196216160 - January 31, 2021, 8:50 pm
txn_1IFYgYJm8ehcCWGI8Z8G3oon - 8994163196215163 - January 31, 2021, 8:50 pm
txn_1IFRHGJm8ehcCWGIfyuPjvOr - 8994163196214166 - January 31, 2021, 8:50 pm
txn_1IFbyeJm8ehcCWGIbLcVoi7W - 8994163195962167 - January 31, 2021, 8:50 pm
txn_1IFpE2Jm8ehcCWGITy18qMmB - 8994163196062163 - January 31, 2021, 8:50 pm
txn_1IFRhAJm8ehcCWGI0zNjL4Jl - 8994163196063160 - January 31, 2021, 8:50 pm
txn_1IFRs3Jm8ehcCWGIk8xknwjT - 8994163196211165 - January 31, 2021, 8:50 pm
txn_1IFpP8Jm8ehcCWGIQPnikOMF - 8994163196061166 - January 31, 2021, 8:50 pm
txn_1IFS0JJm8ehcCWGIIN4x0anP - 8994163196057169 - January 31, 2021, 8:50 pm
txn_1IFpYjJm8ehcCWGIJB24pNy7 - 8994163196058166 - January 31, 2021, 8:50 pm
txn_1IF3xpJm8ehcCWGIAKS0xmYz - 8994163195965168 - January 31, 2021, 8:50 pm
txn_1IF4cwJm8ehcCWGIhCyIuk93 - 8994163195964161 - January 31, 2021, 8:50 pm
txn_1IF69UJm8ehcCWGILlDK8iW6 - 8994163196064167 - January 31, 2021, 8:50 pm
txn_1IF9YwJm8ehcCWGIHdBaeBPj - 8994163196212162 - January 31, 2021, 8:50 pm
txn_1IF2gZJm8ehcCWGItGsrSd92 - 8994163195958160 - January 31, 2021, 8:50 pm
txn_1IF9y9Jm8ehcCWGIb4bMTxsc - 8994163195957163 - January 31, 2021, 8:50 pm
txn_1IF3K0Jm8ehcCWGIkBXpj05g - 8994163196059163 - January 31, 2021, 8:50 pm
txn_1IFAHsJm8ehcCWGI1hXeoqqR - 8994163195956166 - January 31, 2021, 8:50 pm
txn_1IF3RUJm8ehcCWGIShKOU2ZP - 8994163195982165 - January 31, 2021, 8:50 pm
txn_1IFJrmJm8ehcCWGIavMfJCKl - 8994163196245160 - January 31, 2021, 8:50 pm
txn_1IFVIXJm8ehcCWGIlhhuuF8H - 8994163196242169 - January 31, 2021, 8:50 pm
