txn_1IgKfCJm8ehcCWGIx61nr6zd - 8994163840113227 - April 16, 2021, 3:25 pm
txn_1IgfQJJm8ehcCWGIke6u14zy - 8994163840236223 - April 16, 2021, 3:25 pm
txn_1IgMReJm8ehcCWGIgySihQ4F - 8994163840447223 - April 16, 2021, 3:25 pm
txn_1IgfJGJm8ehcCWGIO6kegzAD - 8994163840140223 - April 16, 2021, 3:25 pm
2021Influencer595 - 8994163840445229 - April 16, 2021, 3:25 pm
txn_1IgZIcJm8ehcCWGIgtu7VWmR - 8994163840136226 - April 16, 2021, 3:25 pm
txn_1IgeZtJm8ehcCWGIrwzJ7N5A - 8994163840134222 - April 16, 2021, 3:25 pm
txn_1IgMGpJm8ehcCWGIrbVx1M3b - 8994163840135229 - April 16, 2021, 3:25 pm
txn_1IgWLlJm8ehcCWGI4lz5v1Tg - 8994163840130224 - April 16, 2021, 3:25 pm
txn_1IgbQyJm8ehcCWGIcAQf8nu5 - 8994163840230221 - April 16, 2021, 3:25 pm
2021Influencer594 - 8994163840131221 - April 16, 2021, 3:25 pm
txn_1IgZ9IJm8ehcCWGI1Ugp6aiE - 8994163840229225 - April 16, 2021, 3:25 pm
txn_1IgLp9Jm8ehcCWGIlSp3u1qh - 8994163840129228 - April 16, 2021, 3:25 pm
txn_1IgdvqJm8ehcCWGIeiLwXLYr - 8994163840227221 - April 16, 2021, 3:25 pm
2021Influencer593 - 8994163840225227 - April 16, 2021, 3:25 pm
txn_1IgbLkJm8ehcCWGIQ2cuDqFq - 8994163840226224 - April 16, 2021, 3:25 pm
txn_1IgVvCJm8ehcCWGITCj5WD5G - 8994163840441221 - April 16, 2021, 3:25 pm
txn_1IgYlnJm8ehcCWGIA9RPDEru - 8994163840126227 - April 16, 2021, 3:25 pm
txn_1IgLMyJm8ehcCWGI5MetOIkB - 8994163840442228 - April 16, 2021, 3:25 pm
txn_1IgduxJm8ehcCWGIA3UaKyZB - 8994163840125220 - April 16, 2021, 3:25 pm
txn_1Igb8AJm8ehcCWGIkpeQoCc2 - 8994163840123226 - April 16, 2021, 3:25 pm
2021Influencer592 - 8994163840223223 - April 16, 2021, 3:25 pm
txn_1IgYa1Jm8ehcCWGIZwgueeLa - 8994163840122229 - April 16, 2021, 3:25 pm
txn_1IgVV9Jm8ehcCWGIoB1k6kSF - 8994163840440224 - April 16, 2021, 3:25 pm
txn_1IgL2QJm8ehcCWGISvQRtnj4 - 8994163840120225 - April 16, 2021, 3:25 pm
txn_1IgdlmJm8ehcCWGIRN9por3t - 8994163840119229 - April 16, 2021, 3:25 pm
txn_1IemiTJm8ehcCWGIHUYLG7yz_X - 8994163840115221 - April 16, 2021, 3:25 pm
txn_1Iga5bJm8ehcCWGIldGR3ZL0 - 8994163839985224 - April 16, 2021, 3:25 pm
txn_1IgXl3Jm8ehcCWGI7kQUXPSf - 8994163840116228 - April 16, 2021, 3:25 pm
txn_1IgdNVJm8ehcCWGIbHVo0gtS - 8994163840114224 - April 16, 2021, 3:25 pm
txn_1IgUBwJm8ehcCWGIH4w9wAed - 8994163840112220 - April 16, 2021, 3:25 pm
txn_1IgKfCJm8ehcCWGIx61nr6zd - 8994163840113227 - April 16, 2021, 3:25 pm
txn_1IgfQJJm8ehcCWGIke6u14zy - 8994163840236223 - April 16, 2021, 3:25 pm
txn_1IgMReJm8ehcCWGIgySihQ4F - 8994163840447223 - April 16, 2021, 3:25 pm
txn_1IgfJGJm8ehcCWGIO6kegzAD - 8994163840140223 - April 16, 2021, 3:25 pm
2021Influencer595 - 8994163840445229 - April 16, 2021, 3:25 pm
txn_1IgZIcJm8ehcCWGIgtu7VWmR - 8994163840136226 - April 16, 2021, 3:25 pm
txn_1IgeZtJm8ehcCWGIrwzJ7N5A - 8994163840134222 - April 16, 2021, 3:25 pm
txn_1IgMGpJm8ehcCWGIrbVx1M3b - 8994163840135229 - April 16, 2021, 3:25 pm
txn_1IgWLlJm8ehcCWGI4lz5v1Tg - 8994163840130224 - April 16, 2021, 3:25 pm
txn_1IgbQyJm8ehcCWGIcAQf8nu5 - 8994163840230221 - April 16, 2021, 3:25 pm
2021Influencer594 - 8994163840131221 - April 16, 2021, 3:25 pm
txn_1IgZ9IJm8ehcCWGI1Ugp6aiE - 8994163840229225 - April 16, 2021, 3:25 pm
txn_1IgLp9Jm8ehcCWGIlSp3u1qh - 8994163840129228 - April 16, 2021, 3:25 pm
txn_1IgdvqJm8ehcCWGIeiLwXLYr - 8994163840227221 - April 16, 2021, 3:25 pm
2021Influencer593 - 8994163840225227 - April 16, 2021, 3:25 pm
txn_1IgbLkJm8ehcCWGIQ2cuDqFq - 8994163840226224 - April 16, 2021, 3:25 pm
txn_1IgVvCJm8ehcCWGITCj5WD5G - 8994163840441221 - April 16, 2021, 3:25 pm
txn_1IgYlnJm8ehcCWGIA9RPDEru - 8994163840126227 - April 16, 2021, 3:25 pm
txn_1IgLMyJm8ehcCWGI5MetOIkB - 8994163840442228 - April 16, 2021, 3:25 pm
txn_1IgduxJm8ehcCWGIA3UaKyZB - 8994163840125220 - April 16, 2021, 3:25 pm
txn_1Igb8AJm8ehcCWGIkpeQoCc2 - 8994163840123226 - April 16, 2021, 3:25 pm
2021Influencer592 - 8994163840223223 - April 16, 2021, 3:25 pm
txn_1IgYa1Jm8ehcCWGIZwgueeLa - 8994163840122229 - April 16, 2021, 3:25 pm
txn_1IgVV9Jm8ehcCWGIoB1k6kSF - 8994163840440224 - April 16, 2021, 3:25 pm
txn_1IgL2QJm8ehcCWGISvQRtnj4 - 8994163840120225 - April 16, 2021, 3:25 pm
txn_1IgdlmJm8ehcCWGIRN9por3t - 8994163840119229 - April 16, 2021, 3:25 pm
txn_1IemiTJm8ehcCWGIHUYLG7yz_X - 8994163840115221 - April 16, 2021, 3:25 pm
txn_1Iga5bJm8ehcCWGIldGR3ZL0 - 8994163839985224 - April 16, 2021, 3:25 pm
txn_1IgXl3Jm8ehcCWGI7kQUXPSf - 8994163840116228 - April 16, 2021, 3:25 pm
txn_1IgdNVJm8ehcCWGIbHVo0gtS - 8994163840114224 - April 16, 2021, 3:25 pm
txn_1IgUBwJm8ehcCWGIH4w9wAed - 8994163840112220 - April 16, 2021, 3:25 pm
txn_1IgX7ZJm8ehcCWGI57LWkbSj - 8994163840164229 - April 16, 2021, 3:25 pm
txn_1IgfLeJm8ehcCWGIjLCVDLgq - 8994163840163222 - April 16, 2021, 3:25 pm
txn_1IgX2pJm8ehcCWGIL6PmWAmF - 8994163840462226 - April 16, 2021, 3:25 pm
txn_1IgcHeJm8ehcCWGIULfhFPBS - 8994163840472225 - April 16, 2021, 3:25 pm
txn_1IgbW4Jm8ehcCWGI6xHRzhfF - 8994163840470221 - April 16, 2021, 3:25 pm
txn_1IdJSaJm8ehcCWGIklaOAZlX_X - 8994163840172224 - April 16, 2021, 3:25 pm
txn_1IgZiAJm8ehcCWGIZ0KwCkyd - 8994163840464220 - April 16, 2021, 3:25 pm
txn_1IgKfCJm8ehcCWGIx61nr6zd - 8994163840113227 - April 16, 2021, 3:25 pm
txn_1IgfQJJm8ehcCWGIke6u14zy - 8994163840236223 - April 16, 2021, 3:25 pm
txn_1IgMReJm8ehcCWGIgySihQ4F - 8994163840447223 - April 16, 2021, 3:25 pm
txn_1IgfJGJm8ehcCWGIO6kegzAD - 8994163840140223 - April 16, 2021, 3:25 pm
2021Influencer595 - 8994163840445229 - April 16, 2021, 3:25 pm
txn_1IgZIcJm8ehcCWGIgtu7VWmR - 8994163840136226 - April 16, 2021, 3:25 pm
txn_1IgeZtJm8ehcCWGIrwzJ7N5A - 8994163840134222 - April 16, 2021, 3:25 pm
txn_1IgMGpJm8ehcCWGIrbVx1M3b - 8994163840135229 - April 16, 2021, 3:25 pm
txn_1IgWLlJm8ehcCWGI4lz5v1Tg - 8994163840130224 - April 16, 2021, 3:25 pm
txn_1IgbQyJm8ehcCWGIcAQf8nu5 - 8994163840230221 - April 16, 2021, 3:25 pm
2021Influencer594 - 8994163840131221 - April 16, 2021, 3:25 pm
txn_1IgZ9IJm8ehcCWGI1Ugp6aiE - 8994163840229225 - April 16, 2021, 3:25 pm
txn_1IgLp9Jm8ehcCWGIlSp3u1qh - 8994163840129228 - April 16, 2021, 3:25 pm
txn_1IgdvqJm8ehcCWGIeiLwXLYr - 8994163840227221 - April 16, 2021, 3:25 pm
2021Influencer593 - 8994163840225227 - April 16, 2021, 3:25 pm
txn_1IgbLkJm8ehcCWGIQ2cuDqFq - 8994163840226224 - April 16, 2021, 3:25 pm
txn_1IgVvCJm8ehcCWGITCj5WD5G - 8994163840441221 - April 16, 2021, 3:25 pm
txn_1IgYlnJm8ehcCWGIA9RPDEru - 8994163840126227 - April 16, 2021, 3:25 pm
txn_1IgLMyJm8ehcCWGI5MetOIkB - 8994163840442228 - April 16, 2021, 3:25 pm
txn_1IgduxJm8ehcCWGIA3UaKyZB - 8994163840125220 - April 16, 2021, 3:25 pm
txn_1Igb8AJm8ehcCWGIkpeQoCc2 - 8994163840123226 - April 16, 2021, 3:25 pm
2021Influencer592 - 8994163840223223 - April 16, 2021, 3:25 pm
txn_1IgYa1Jm8ehcCWGIZwgueeLa - 8994163840122229 - April 16, 2021, 3:25 pm
txn_1IgVV9Jm8ehcCWGIoB1k6kSF - 8994163840440224 - April 16, 2021, 3:25 pm
txn_1IgL2QJm8ehcCWGISvQRtnj4 - 8994163840120225 - April 16, 2021, 3:25 pm
txn_1IgdlmJm8ehcCWGIRN9por3t - 8994163840119229 - April 16, 2021, 3:25 pm
txn_1IemiTJm8ehcCWGIHUYLG7yz_X - 8994163840115221 - April 16, 2021, 3:26 pm
txn_1Iga5bJm8ehcCWGIldGR3ZL0 - 8994163839985224 - April 16, 2021, 3:26 pm
txn_1IgXl3Jm8ehcCWGI7kQUXPSf - 8994163840116228 - April 16, 2021, 3:26 pm
txn_1IgdNVJm8ehcCWGIbHVo0gtS - 8994163840114224 - April 16, 2021, 3:26 pm
txn_1IgUBwJm8ehcCWGIH4w9wAed - 8994163840112220 - April 16, 2021, 3:26 pm
txn_1IgX7ZJm8ehcCWGI57LWkbSj - 8994163840164229 - April 16, 2021, 3:26 pm
txn_1IgfLeJm8ehcCWGIjLCVDLgq - 8994163840163222 - April 16, 2021, 3:26 pm
txn_1IgX2pJm8ehcCWGIL6PmWAmF - 8994163840462226 - April 16, 2021, 3:26 pm
2021Influencer596 - 8994163840180229 - April 16, 2021, 3:26 pm
txn_1IgcHeJm8ehcCWGIULfhFPBS - 8994163840472225 - April 16, 2021, 3:26 pm
txn_1IgbW4Jm8ehcCWGI6xHRzhfF - 8994163840470221 - April 16, 2021, 3:26 pm
txn_1IdJSaJm8ehcCWGIklaOAZlX_X - 8994163840172224 - April 16, 2021, 3:26 pm
txn_1IgZiAJm8ehcCWGIZ0KwCkyd - 8994163840464220 - April 16, 2021, 3:26 pm
