txn_1Ib7zSJm8ehcCWGIoyoTXJrR - 8994163169726221 - March 31, 2021, 8:07 pm
txn_1IbCZPJm8ehcCWGIZNmWuxD9 - 8994163169546225 - March 31, 2021, 8:07 pm
txn_1IaxxHJm8ehcCWGIMx9QM8it - 8994163169884228 - March 31, 2021, 8:07 pm
txn_1Ib9QuJm8ehcCWGIcnjbCcrW - 8994163169725224 - March 31, 2021, 8:07 pm
txn_1Iaw2AJm8ehcCWGIOITEHHBu - 8994163169882224 - March 31, 2021, 8:07 pm
txn_1Ib7qDJm8ehcCWGIwiA95Jqe - 8994163169881227 - March 31, 2021, 8:07 pm
txn_1Ib4GuJm8ehcCWGIvfCUM7vO - 8994163169724227 - March 31, 2021, 8:07 pm
txn_1IaslpJm8ehcCWGIKqcvZLzb - 8994163169880220 - March 31, 2021, 8:07 pm
txn_1IbBqQJm8ehcCWGIwzJdEGkU - 8994163169879224 - March 31, 2021, 8:07 pm
txn_1Ib9D2Jm8ehcCWGInAVARVEM - 8994163169878227 - March 31, 2021, 8:07 pm
txn_1IauZDJm8ehcCWGI14XdpM6J - 8994163169723220 - March 31, 2021, 8:07 pm
txn_1Ib77JJm8ehcCWGIxt0jR1Wm - 8994163169722223 - March 31, 2021, 8:07 pm
txn_1IareNJm8ehcCWGIkFirIzC8 - 8994163169877220 - March 31, 2021, 8:07 pm
txn_1Ib3b8Jm8ehcCWGIu9nDXFSh - 8994163169876223 - March 31, 2021, 8:07 pm
txn_1IbB2vJm8ehcCWGI4tjqAr2e - 8994163169721226 - March 31, 2021, 8:07 pm
txn_1IatqSJm8ehcCWGIFuI9r16o - 8994163169872225 - March 31, 2021, 8:07 pm
txn_1Ib8z9Jm8ehcCWGILA6JkdoC - 8994163169875226 - March 31, 2021, 8:07 pm
txn_1Ib5bdJm8ehcCWGI99Ihh60m - 8994163169720229 - March 31, 2021, 8:07 pm
txn_1Iap9vJm8ehcCWGI6NeodcIr - 8994163169874229 - March 31, 2021, 8:07 pm
txn_1Ib2R6Jm8ehcCWGIfIM6gQ7d - 8994163169873222 - March 31, 2021, 8:07 pm
txn_1IbAd3Jm8ehcCWGIAqP2Azjg - 8994163169870221 - March 31, 2021, 8:07 pm
txn_1Ib879Jm8ehcCWGI0Rp9PaSw - 8994163169869225 - March 31, 2021, 8:07 pm
txn_1Ib5MLJm8ehcCWGIFq92HMh8 - 8994163169868228 - March 31, 2021, 8:07 pm
txn_1IatQnJm8ehcCWGIwhImuVaV - 8994163169719223 - March 31, 2021, 8:07 pm
txn_1Iaz0oJm8ehcCWGIXOoWb6X3 - 8994163169867221 - March 31, 2021, 8:07 pm
txn_1IQjyNJm8ehcCWGIA7rX2Br6_X - 8994163169718226 - March 31, 2021, 8:07 pm
txn_1Iat5JJm8ehcCWGIKaz5V7jQ - 8994163169730228 - March 31, 2021, 8:07 pm
txn_1Ib7zSJm8ehcCWGIoyoTXJrR - 8994163169726221 - March 31, 2021, 8:07 pm
txn_1IbCZPJm8ehcCWGIZNmWuxD9 - 8994163169546225 - March 31, 2021, 8:07 pm
txn_1IaxxHJm8ehcCWGIMx9QM8it - 8994163169884228 - March 31, 2021, 8:07 pm
txn_1Ib9QuJm8ehcCWGIcnjbCcrW - 8994163169725224 - March 31, 2021, 8:07 pm
txn_1Iaw2AJm8ehcCWGIOITEHHBu - 8994163169882224 - March 31, 2021, 8:07 pm
txn_1Ib7qDJm8ehcCWGIwiA95Jqe - 8994163169881227 - March 31, 2021, 8:07 pm
txn_1Ib4GuJm8ehcCWGIvfCUM7vO - 8994163169724227 - March 31, 2021, 8:07 pm
txn_1IaslpJm8ehcCWGIKqcvZLzb - 8994163169880220 - March 31, 2021, 8:07 pm
txn_1IbBqQJm8ehcCWGIwzJdEGkU - 8994163169879224 - March 31, 2021, 8:07 pm
txn_1Ib9D2Jm8ehcCWGInAVARVEM - 8994163169878227 - March 31, 2021, 8:07 pm
txn_1IauZDJm8ehcCWGI14XdpM6J - 8994163169723220 - March 31, 2021, 8:07 pm
txn_1Ib77JJm8ehcCWGIxt0jR1Wm - 8994163169722223 - March 31, 2021, 8:07 pm
txn_1IareNJm8ehcCWGIkFirIzC8 - 8994163169877220 - March 31, 2021, 8:07 pm
txn_1Ib3b8Jm8ehcCWGIu9nDXFSh - 8994163169876223 - March 31, 2021, 8:07 pm
txn_1IbB2vJm8ehcCWGI4tjqAr2e - 8994163169721226 - March 31, 2021, 8:07 pm
txn_1IatqSJm8ehcCWGIFuI9r16o - 8994163169872225 - March 31, 2021, 8:07 pm
txn_1Ib8z9Jm8ehcCWGILA6JkdoC - 8994163169875226 - March 31, 2021, 8:07 pm
txn_1Ib5bdJm8ehcCWGI99Ihh60m - 8994163169720229 - March 31, 2021, 8:07 pm
txn_1Iap9vJm8ehcCWGI6NeodcIr - 8994163169874229 - March 31, 2021, 8:07 pm
txn_1Ib2R6Jm8ehcCWGIfIM6gQ7d - 8994163169873222 - March 31, 2021, 8:07 pm
txn_1IbAd3Jm8ehcCWGIAqP2Azjg - 8994163169870221 - March 31, 2021, 8:07 pm
txn_1Ib879Jm8ehcCWGI0Rp9PaSw - 8994163169869225 - March 31, 2021, 8:07 pm
txn_1Ib5MLJm8ehcCWGIFq92HMh8 - 8994163169868228 - March 31, 2021, 8:07 pm
txn_1IatQnJm8ehcCWGIwhImuVaV - 8994163169719223 - March 31, 2021, 8:07 pm
txn_1Iaz0oJm8ehcCWGIXOoWb6X3 - 8994163169867221 - March 31, 2021, 8:07 pm
txn_1IQjyNJm8ehcCWGIA7rX2Br6_X - 8994163169718226 - March 31, 2021, 8:07 pm
txn_1Iat5JJm8ehcCWGIKaz5V7jQ - 8994163169730228 - March 31, 2021, 8:07 pm
2021Influencer575 -  - March 31, 2021, 8:07 pm
txn_1IbDNSJm8ehcCWGI2YGACOSu - 8994163169888226 - March 31, 2021, 8:07 pm
txn_1IbA4FJm8ehcCWGIqS2xaD5I - 8994163169547222 - March 31, 2021, 8:07 pm
txn_1Ib4XJJm8ehcCWGISc6paXcg - 8994163169887229 - March 31, 2021, 8:07 pm
txn_1Ib7zSJm8ehcCWGIoyoTXJrR - 8994163169726221 - March 31, 2021, 8:07 pm
txn_1IbCZPJm8ehcCWGIZNmWuxD9 - 8994163169546225 - March 31, 2021, 8:07 pm
txn_1IaxxHJm8ehcCWGIMx9QM8it - 8994163169884228 - March 31, 2021, 8:07 pm
txn_1Ib9QuJm8ehcCWGIcnjbCcrW - 8994163169725224 - March 31, 2021, 8:07 pm
txn_1Iaw2AJm8ehcCWGIOITEHHBu - 8994163169882224 - March 31, 2021, 8:07 pm
txn_1Ib7qDJm8ehcCWGIwiA95Jqe - 8994163169881227 - March 31, 2021, 8:07 pm
txn_1Ib4GuJm8ehcCWGIvfCUM7vO - 8994163169724227 - March 31, 2021, 8:07 pm
txn_1IaslpJm8ehcCWGIKqcvZLzb - 8994163169880220 - March 31, 2021, 8:07 pm
txn_1IbBqQJm8ehcCWGIwzJdEGkU - 8994163169879224 - March 31, 2021, 8:07 pm
txn_1Ib9D2Jm8ehcCWGInAVARVEM - 8994163169878227 - March 31, 2021, 8:07 pm
txn_1IauZDJm8ehcCWGI14XdpM6J - 8994163169723220 - March 31, 2021, 8:07 pm
txn_1Ib77JJm8ehcCWGIxt0jR1Wm - 8994163169722223 - March 31, 2021, 8:07 pm
txn_1IareNJm8ehcCWGIkFirIzC8 - 8994163169877220 - March 31, 2021, 8:07 pm
txn_1Ib3b8Jm8ehcCWGIu9nDXFSh - 8994163169876223 - March 31, 2021, 8:07 pm
txn_1IbB2vJm8ehcCWGI4tjqAr2e - 8994163169721226 - March 31, 2021, 8:07 pm
txn_1IatqSJm8ehcCWGIFuI9r16o - 8994163169872225 - March 31, 2021, 8:07 pm
txn_1Ib8z9Jm8ehcCWGILA6JkdoC - 8994163169875226 - March 31, 2021, 8:07 pm
txn_1Ib5bdJm8ehcCWGI99Ihh60m - 8994163169720229 - March 31, 2021, 8:07 pm
txn_1Iap9vJm8ehcCWGI6NeodcIr - 8994163169874229 - March 31, 2021, 8:07 pm
txn_1Ib2R6Jm8ehcCWGIfIM6gQ7d - 8994163169873222 - March 31, 2021, 8:07 pm
txn_1IbAd3Jm8ehcCWGIAqP2Azjg - 8994163169870221 - March 31, 2021, 8:07 pm
txn_1Ib879Jm8ehcCWGI0Rp9PaSw - 8994163169869225 - March 31, 2021, 8:07 pm
txn_1Ib5MLJm8ehcCWGIFq92HMh8 - 8994163169868228 - March 31, 2021, 8:07 pm
txn_1IatQnJm8ehcCWGIwhImuVaV - 8994163169719223 - March 31, 2021, 8:07 pm
txn_1Iaz0oJm8ehcCWGIXOoWb6X3 - 8994163169867221 - March 31, 2021, 8:07 pm
txn_1IQjyNJm8ehcCWGIA7rX2Br6_X - 8994163169718226 - March 31, 2021, 8:07 pm
txn_1Iat5JJm8ehcCWGIKaz5V7jQ - 8994163169730228 - March 31, 2021, 8:07 pm
txn_1IbDNSJm8ehcCWGI2YGACOSu - 8994163169888226 - March 31, 2021, 8:07 pm
txn_1IbA4FJm8ehcCWGIqS2xaD5I - 8994163169547222 - March 31, 2021, 8:07 pm
txn_1Ib4XJJm8ehcCWGISc6paXcg - 8994163169887229 - March 31, 2021, 8:07 pm
txn_1Ib7zSJm8ehcCWGIoyoTXJrR - 8994163169726221 - March 31, 2021, 8:08 pm
txn_1IbCZPJm8ehcCWGIZNmWuxD9 - 8994163169546225 - March 31, 2021, 8:08 pm
txn_1IaxxHJm8ehcCWGIMx9QM8it - 8994163169884228 - March 31, 2021, 8:08 pm
txn_1Ib9QuJm8ehcCWGIcnjbCcrW - 8994163169725224 - March 31, 2021, 8:08 pm
txn_1Iaw2AJm8ehcCWGIOITEHHBu - 8994163169882224 - March 31, 2021, 8:08 pm
txn_1Ib7qDJm8ehcCWGIwiA95Jqe - 8994163169881227 - March 31, 2021, 8:08 pm
txn_1Ib4GuJm8ehcCWGIvfCUM7vO - 8994163169724227 - March 31, 2021, 8:08 pm
txn_1IaslpJm8ehcCWGIKqcvZLzb - 8994163169880220 - March 31, 2021, 8:08 pm
txn_1IbBqQJm8ehcCWGIwzJdEGkU - 8994163169879224 - March 31, 2021, 8:08 pm
txn_1Ib9D2Jm8ehcCWGInAVARVEM - 8994163169878227 - March 31, 2021, 8:08 pm
txn_1IauZDJm8ehcCWGI14XdpM6J - 8994163169723220 - March 31, 2021, 8:08 pm
txn_1Ib77JJm8ehcCWGIxt0jR1Wm - 8994163169722223 - March 31, 2021, 8:08 pm
txn_1IareNJm8ehcCWGIkFirIzC8 - 8994163169877220 - March 31, 2021, 8:08 pm
txn_1Ib3b8Jm8ehcCWGIu9nDXFSh - 8994163169876223 - March 31, 2021, 8:08 pm
txn_1IbB2vJm8ehcCWGI4tjqAr2e - 8994163169721226 - March 31, 2021, 8:08 pm
txn_1IatqSJm8ehcCWGIFuI9r16o - 8994163169872225 - March 31, 2021, 8:08 pm
txn_1Ib8z9Jm8ehcCWGILA6JkdoC - 8994163169875226 - March 31, 2021, 8:08 pm
txn_1Ib5bdJm8ehcCWGI99Ihh60m - 8994163169720229 - March 31, 2021, 8:08 pm
txn_1Iap9vJm8ehcCWGI6NeodcIr - 8994163169874229 - March 31, 2021, 8:08 pm
txn_1Ib2R6Jm8ehcCWGIfIM6gQ7d - 8994163169873222 - March 31, 2021, 8:08 pm
txn_1IbAd3Jm8ehcCWGIAqP2Azjg - 8994163169870221 - March 31, 2021, 8:08 pm
txn_1Ib879Jm8ehcCWGI0Rp9PaSw - 8994163169869225 - March 31, 2021, 8:08 pm
txn_1Ib5MLJm8ehcCWGIFq92HMh8 - 8994163169868228 - March 31, 2021, 8:08 pm
txn_1IatQnJm8ehcCWGIwhImuVaV - 8994163169719223 - March 31, 2021, 8:08 pm
txn_1Iaz0oJm8ehcCWGIXOoWb6X3 - 8994163169867221 - March 31, 2021, 8:08 pm
txn_1IQjyNJm8ehcCWGIA7rX2Br6_X - 8994163169718226 - March 31, 2021, 8:08 pm
txn_1Iat5JJm8ehcCWGIKaz5V7jQ - 8994163169730228 - March 31, 2021, 8:08 pm
txn_1IbDNSJm8ehcCWGI2YGACOSu - 8994163169888226 - March 31, 2021, 8:08 pm
txn_1IbA4FJm8ehcCWGIqS2xaD5I - 8994163169547222 - March 31, 2021, 8:08 pm
txn_1Ib4XJJm8ehcCWGISc6paXcg - 8994163169887229 - March 31, 2021, 8:08 pm
2021Influencer575 - 8994163169891226 - March 31, 2021, 8:08 pm
txn_1Ib7zSJm8ehcCWGIoyoTXJrR - 8994163169726221 - March 31, 2021, 8:08 pm
txn_1IbCZPJm8ehcCWGIZNmWuxD9 - 8994163169546225 - March 31, 2021, 8:08 pm
txn_1IaxxHJm8ehcCWGIMx9QM8it - 8994163169884228 - March 31, 2021, 8:08 pm
txn_1Ib9QuJm8ehcCWGIcnjbCcrW - 8994163169725224 - March 31, 2021, 8:08 pm
txn_1Iaw2AJm8ehcCWGIOITEHHBu - 8994163169882224 - March 31, 2021, 8:08 pm
txn_1Ib7qDJm8ehcCWGIwiA95Jqe - 8994163169881227 - March 31, 2021, 8:08 pm
txn_1Ib4GuJm8ehcCWGIvfCUM7vO - 8994163169724227 - March 31, 2021, 8:08 pm
txn_1IaslpJm8ehcCWGIKqcvZLzb - 8994163169880220 - March 31, 2021, 8:08 pm
txn_1IbBqQJm8ehcCWGIwzJdEGkU - 8994163169879224 - March 31, 2021, 8:08 pm
txn_1Ib9D2Jm8ehcCWGInAVARVEM - 8994163169878227 - March 31, 2021, 8:08 pm
txn_1IauZDJm8ehcCWGI14XdpM6J - 8994163169723220 - March 31, 2021, 8:08 pm
txn_1Ib77JJm8ehcCWGIxt0jR1Wm - 8994163169722223 - March 31, 2021, 8:08 pm
txn_1IareNJm8ehcCWGIkFirIzC8 - 8994163169877220 - March 31, 2021, 8:08 pm
txn_1Ib3b8Jm8ehcCWGIu9nDXFSh - 8994163169876223 - March 31, 2021, 8:08 pm
txn_1IbB2vJm8ehcCWGI4tjqAr2e - 8994163169721226 - March 31, 2021, 8:08 pm
txn_1IatqSJm8ehcCWGIFuI9r16o - 8994163169872225 - March 31, 2021, 8:08 pm
txn_1Ib8z9Jm8ehcCWGILA6JkdoC - 8994163169875226 - March 31, 2021, 8:08 pm
txn_1Ib5bdJm8ehcCWGI99Ihh60m - 8994163169720229 - March 31, 2021, 8:08 pm
txn_1Iap9vJm8ehcCWGI6NeodcIr - 8994163169874229 - March 31, 2021, 8:08 pm
txn_1Ib2R6Jm8ehcCWGIfIM6gQ7d - 8994163169873222 - March 31, 2021, 8:08 pm
txn_1IbAd3Jm8ehcCWGIAqP2Azjg - 8994163169870221 - March 31, 2021, 8:08 pm
txn_1Ib879Jm8ehcCWGI0Rp9PaSw - 8994163169869225 - March 31, 2021, 8:08 pm
txn_1Ib5MLJm8ehcCWGIFq92HMh8 - 8994163169868228 - March 31, 2021, 8:08 pm
txn_1IatQnJm8ehcCWGIwhImuVaV - 8994163169719223 - March 31, 2021, 8:08 pm
txn_1Iaz0oJm8ehcCWGIXOoWb6X3 - 8994163169867221 - March 31, 2021, 8:08 pm
txn_1IQjyNJm8ehcCWGIA7rX2Br6_X - 8994163169718226 - March 31, 2021, 8:08 pm
txn_1Iat5JJm8ehcCWGIKaz5V7jQ - 8994163169730228 - March 31, 2021, 8:08 pm
txn_1IbDNSJm8ehcCWGI2YGACOSu - 8994163169888226 - March 31, 2021, 8:08 pm
txn_1IbA4FJm8ehcCWGIqS2xaD5I - 8994163169547222 - March 31, 2021, 8:08 pm
txn_1Ib4XJJm8ehcCWGISc6paXcg - 8994163169887229 - March 31, 2021, 8:08 pm
2021Influencer575 - 8994163169891226 - March 31, 2021, 8:08 pm
txn_1Ib7zSJm8ehcCWGIoyoTXJrR - 8994163169726221 - March 31, 2021, 8:08 pm
txn_1IbCZPJm8ehcCWGIZNmWuxD9 - 8994163169546225 - March 31, 2021, 8:08 pm
txn_1IaxxHJm8ehcCWGIMx9QM8it - 8994163169884228 - March 31, 2021, 8:08 pm
txn_1Ib9QuJm8ehcCWGIcnjbCcrW - 8994163169725224 - March 31, 2021, 8:08 pm
txn_1Iaw2AJm8ehcCWGIOITEHHBu - 8994163169882224 - March 31, 2021, 8:08 pm
txn_1Ib7qDJm8ehcCWGIwiA95Jqe - 8994163169881227 - March 31, 2021, 8:08 pm
txn_1Ib4GuJm8ehcCWGIvfCUM7vO - 8994163169724227 - March 31, 2021, 8:08 pm
txn_1IaslpJm8ehcCWGIKqcvZLzb - 8994163169880220 - March 31, 2021, 8:08 pm
txn_1IbBqQJm8ehcCWGIwzJdEGkU - 8994163169879224 - March 31, 2021, 8:08 pm
txn_1Ib9D2Jm8ehcCWGInAVARVEM - 8994163169878227 - March 31, 2021, 8:08 pm
txn_1IauZDJm8ehcCWGI14XdpM6J - 8994163169723220 - March 31, 2021, 8:08 pm
txn_1Ib77JJm8ehcCWGIxt0jR1Wm - 8994163169722223 - March 31, 2021, 8:08 pm
txn_1IareNJm8ehcCWGIkFirIzC8 - 8994163169877220 - March 31, 2021, 8:08 pm
txn_1Ib3b8Jm8ehcCWGIu9nDXFSh - 8994163169876223 - March 31, 2021, 8:08 pm
txn_1IbB2vJm8ehcCWGI4tjqAr2e - 8994163169721226 - March 31, 2021, 8:08 pm
txn_1IatqSJm8ehcCWGIFuI9r16o - 8994163169872225 - March 31, 2021, 8:08 pm
txn_1Ib8z9Jm8ehcCWGILA6JkdoC - 8994163169875226 - March 31, 2021, 8:08 pm
txn_1Ib5bdJm8ehcCWGI99Ihh60m - 8994163169720229 - March 31, 2021, 8:08 pm
txn_1Iap9vJm8ehcCWGI6NeodcIr - 8994163169874229 - March 31, 2021, 8:08 pm
txn_1Ib2R6Jm8ehcCWGIfIM6gQ7d - 8994163169873222 - March 31, 2021, 8:08 pm
txn_1IbAd3Jm8ehcCWGIAqP2Azjg - 8994163169870221 - March 31, 2021, 8:08 pm
txn_1Ib879Jm8ehcCWGI0Rp9PaSw - 8994163169869225 - March 31, 2021, 8:08 pm
txn_1Ib5MLJm8ehcCWGIFq92HMh8 - 8994163169868228 - March 31, 2021, 8:08 pm
txn_1IatQnJm8ehcCWGIwhImuVaV - 8994163169719223 - March 31, 2021, 8:08 pm
txn_1Iaz0oJm8ehcCWGIXOoWb6X3 - 8994163169867221 - March 31, 2021, 8:08 pm
txn_1IQjyNJm8ehcCWGIA7rX2Br6_X - 8994163169718226 - March 31, 2021, 8:08 pm
txn_1Iat5JJm8ehcCWGIKaz5V7jQ - 8994163169730228 - March 31, 2021, 8:08 pm
txn_1IbDNSJm8ehcCWGI2YGACOSu - 8994163169888226 - March 31, 2021, 8:08 pm
txn_1IbA4FJm8ehcCWGIqS2xaD5I - 8994163169547222 - March 31, 2021, 8:08 pm
txn_1Ib4XJJm8ehcCWGISc6paXcg - 8994163169887229 - March 31, 2021, 8:08 pm
2021Influencer575 - 8994163169891226 - March 31, 2021, 8:08 pm
