txn_1Hj6uHJm8ehcCWGIXtgqN4Ps - 8994163813698690 - November 2, 2020, 1:10 pm
txn_1HiszoJm8ehcCWGIQj1Gia8B - 8994163813804695 - November 2, 2020, 1:10 pm
Influencer231 - 8994163813687694 - November 2, 2020, 1:10 pm
txn_1HiTV6Jm8ehcCWGINaDacZwD - 8994163813685690 - November 2, 2020, 1:10 pm
txn_1Hil1hJm8ehcCWGImbyAUIqS - 8994163813488697 - November 2, 2020, 1:10 pm
Influencer236 - 8994163813393694 - November 2, 2020, 1:10 pm
Influencer241 - 8994163813390693 - November 2, 2020, 1:10 pm
txn_1HiuGeJm8ehcCWGIu2SE1r0c - 8994163813681692 - November 2, 2020, 1:10 pm
txn_1HiTmgJm8ehcCWGIklax35ep - 8994163813480691 - November 2, 2020, 1:10 pm
Influencer230 - 8994163813668693 - November 2, 2020, 1:10 pm
txn_1HineAJm8ehcCWGIEQ5et8fU - 8994163813674694 - November 2, 2020, 1:10 pm
Influencer235 - 8994163813378691 - November 2, 2020, 1:10 pm
Influencer240 - 8994163813364694 - November 2, 2020, 1:10 pm
txn_1Hj3A6Jm8ehcCWGIcZoJJeal - 8994163813478698 - November 2, 2020, 1:10 pm
Influencer234 - 8994163813639693 - November 2, 2020, 1:10 pm
txn_1HioMHJm8ehcCWGIjgEmD3Ra - 8994163813344696 - November 2, 2020, 1:10 pm
Influencer229 - 8994163813640699 - November 2, 2020, 1:10 pm
txn_1HiWv8Jm8ehcCWGIjkmITAMT - 8994163813638696 - November 2, 2020, 1:10 pm
Influencer239 - 8994163813343699 - November 2, 2020, 1:10 pm
txn_1Hj5NkJm8ehcCWGIPdmh8nE8 - 8994163813456696 - November 2, 2020, 1:10 pm
txn_1Hj6uHJm8ehcCWGIXtgqN4Ps - 8994163813698690 - November 2, 2020, 1:10 pm
txn_1HiszoJm8ehcCWGIQj1Gia8B - 8994163813804695 - November 2, 2020, 1:10 pm
Influencer231 - 8994163813687694 - November 2, 2020, 1:10 pm
txn_1HiTV6Jm8ehcCWGINaDacZwD - 8994163813685690 - November 2, 2020, 1:10 pm
txn_1Hil1hJm8ehcCWGImbyAUIqS - 8994163813488697 - November 2, 2020, 1:10 pm
Influencer236 - 8994163813393694 - November 2, 2020, 1:10 pm
Influencer241 - 8994163813390693 - November 2, 2020, 1:10 pm
txn_1HiuGeJm8ehcCWGIu2SE1r0c - 8994163813681692 - November 2, 2020, 1:10 pm
txn_1HiTmgJm8ehcCWGIklax35ep - 8994163813480691 - November 2, 2020, 1:10 pm
Influencer230 - 8994163813668693 - November 2, 2020, 1:10 pm
txn_1HineAJm8ehcCWGIEQ5et8fU - 8994163813674694 - November 2, 2020, 1:10 pm
Influencer235 - 8994163813378691 - November 2, 2020, 1:10 pm
Influencer240 - 8994163813364694 - November 2, 2020, 1:10 pm
txn_1Hj3A6Jm8ehcCWGIcZoJJeal - 8994163813478698 - November 2, 2020, 1:10 pm
Influencer234 - 8994163813639693 - November 2, 2020, 1:10 pm
txn_1HioMHJm8ehcCWGIjgEmD3Ra - 8994163813344696 - November 2, 2020, 1:10 pm
Influencer229 - 8994163813640699 - November 2, 2020, 1:10 pm
txn_1HiWv8Jm8ehcCWGIjkmITAMT - 8994163813638696 - November 2, 2020, 1:10 pm
Influencer239 - 8994163813343699 - November 2, 2020, 1:10 pm
txn_1Hj5NkJm8ehcCWGIPdmh8nE8 - 8994163813456696 - November 2, 2020, 1:10 pm
txn_1Hj6uHJm8ehcCWGIXtgqN4Ps - 8994163813698690 - November 2, 2020, 1:10 pm
txn_1HiszoJm8ehcCWGIQj1Gia8B - 8994163813804695 - November 2, 2020, 1:10 pm
Influencer231 - 8994163813687694 - November 2, 2020, 1:10 pm
txn_1HiTV6Jm8ehcCWGINaDacZwD - 8994163813685690 - November 2, 2020, 1:10 pm
txn_1Hil1hJm8ehcCWGImbyAUIqS - 8994163813488697 - November 2, 2020, 1:10 pm
Influencer236 - 8994163813393694 - November 2, 2020, 1:10 pm
Influencer241 - 8994163813390693 - November 2, 2020, 1:10 pm
txn_1HiuGeJm8ehcCWGIu2SE1r0c - 8994163813681692 - November 2, 2020, 1:10 pm
txn_1HiTmgJm8ehcCWGIklax35ep - 8994163813480691 - November 2, 2020, 1:10 pm
Influencer230 - 8994163813668693 - November 2, 2020, 1:10 pm
txn_1HineAJm8ehcCWGIEQ5et8fU - 8994163813674694 - November 2, 2020, 1:10 pm
Influencer235 - 8994163813378691 - November 2, 2020, 1:10 pm
Influencer240 - 8994163813364694 - November 2, 2020, 1:10 pm
txn_1Hj3A6Jm8ehcCWGIcZoJJeal - 8994163813478698 - November 2, 2020, 1:10 pm
Influencer234 - 8994163813639693 - November 2, 2020, 1:10 pm
txn_1HioMHJm8ehcCWGIjgEmD3Ra - 8994163813344696 - November 2, 2020, 1:10 pm
Influencer229 - 8994163813640699 - November 2, 2020, 1:10 pm
txn_1HiWv8Jm8ehcCWGIjkmITAMT - 8994163813638696 - November 2, 2020, 1:10 pm
Influencer239 - 8994163813343699 - November 2, 2020, 1:10 pm
txn_1Hj5NkJm8ehcCWGIPdmh8nE8 - 8994163813456696 - November 2, 2020, 1:10 pm
txn_1Hj6uHJm8ehcCWGIXtgqN4Ps - 8994163813698690 - November 2, 2020, 1:11 pm
txn_1HiszoJm8ehcCWGIQj1Gia8B - 8994163813804695 - November 2, 2020, 1:11 pm
Influencer231 - 8994163813687694 - November 2, 2020, 1:11 pm
txn_1HiTV6Jm8ehcCWGINaDacZwD - 8994163813685690 - November 2, 2020, 1:11 pm
txn_1Hil1hJm8ehcCWGImbyAUIqS - 8994163813488697 - November 2, 2020, 1:11 pm
Influencer236 - 8994163813393694 - November 2, 2020, 1:11 pm
Influencer241 - 8994163813390693 - November 2, 2020, 1:11 pm
txn_1HiuGeJm8ehcCWGIu2SE1r0c - 8994163813681692 - November 2, 2020, 1:11 pm
txn_1HiTmgJm8ehcCWGIklax35ep - 8994163813480691 - November 2, 2020, 1:11 pm
Influencer230 - 8994163813668693 - November 2, 2020, 1:11 pm
txn_1HineAJm8ehcCWGIEQ5et8fU - 8994163813674694 - November 2, 2020, 1:11 pm
Influencer235 - 8994163813378691 - November 2, 2020, 1:11 pm
Influencer240 - 8994163813364694 - November 2, 2020, 1:11 pm
txn_1Hj3A6Jm8ehcCWGIcZoJJeal - 8994163813478698 - November 2, 2020, 1:11 pm
Influencer234 - 8994163813639693 - November 2, 2020, 1:11 pm
txn_1HioMHJm8ehcCWGIjgEmD3Ra - 8994163813344696 - November 2, 2020, 1:11 pm
Influencer229 - 8994163813640699 - November 2, 2020, 1:11 pm
txn_1HiWv8Jm8ehcCWGIjkmITAMT - 8994163813638696 - November 2, 2020, 1:11 pm
Influencer239 - 8994163813343699 - November 2, 2020, 1:11 pm
txn_1Hj5NkJm8ehcCWGIPdmh8nE8 - 8994163813456696 - November 2, 2020, 1:11 pm
txn_1Hj6uHJm8ehcCWGIXtgqN4Ps - 8994163813698690 - November 2, 2020, 1:12 pm
txn_1HiszoJm8ehcCWGIQj1Gia8B - 8994163813804695 - November 2, 2020, 1:12 pm
Influencer231 - 8994163813687694 - November 2, 2020, 1:12 pm
txn_1HiTV6Jm8ehcCWGINaDacZwD - 8994163813685690 - November 2, 2020, 1:12 pm
txn_1Hil1hJm8ehcCWGImbyAUIqS - 8994163813488697 - November 2, 2020, 1:12 pm
Influencer236 - 8994163813393694 - November 2, 2020, 1:12 pm
Influencer241 - 8994163813390693 - November 2, 2020, 1:12 pm
txn_1HiuGeJm8ehcCWGIu2SE1r0c - 8994163813681692 - November 2, 2020, 1:12 pm
txn_1HiTmgJm8ehcCWGIklax35ep - 8994163813480691 - November 2, 2020, 1:12 pm
Influencer230 - 8994163813668693 - November 2, 2020, 1:12 pm
txn_1HineAJm8ehcCWGIEQ5et8fU - 8994163813674694 - November 2, 2020, 1:12 pm
Influencer235 - 8994163813378691 - November 2, 2020, 1:12 pm
Influencer240 - 8994163813364694 - November 2, 2020, 1:12 pm
txn_1Hj3A6Jm8ehcCWGIcZoJJeal - 8994163813478698 - November 2, 2020, 1:12 pm
Influencer234 - 8994163813639693 - November 2, 2020, 1:12 pm
txn_1HioMHJm8ehcCWGIjgEmD3Ra - 8994163813344696 - November 2, 2020, 1:12 pm
Influencer229 - 8994163813640699 - November 2, 2020, 1:12 pm
txn_1HiWv8Jm8ehcCWGIjkmITAMT - 8994163813638696 - November 2, 2020, 1:12 pm
Influencer239 - 8994163813343699 - November 2, 2020, 1:12 pm
txn_1Hj5NkJm8ehcCWGIPdmh8nE8 - 8994163813456696 - November 2, 2020, 1:12 pm
txn_1Hi7y6Jm8ehcCWGIndBLRv17 - 8994163814746697 - November 2, 2020, 1:12 pm
txn_1Hj6bJJm8ehcCWGIzt7OUezv - 8994163814742699 - November 2, 2020, 1:12 pm
txn_1Hi8G7Jm8ehcCWGIYnQDkSMe - 8994163814887697 - November 2, 2020, 1:12 pm
txn_1Hi04QJm8ehcCWGIINvMnVlJ - 8994163814883699 - November 2, 2020, 1:12 pm
Influencer238 - 8994163815043696 - November 2, 2020, 1:12 pm
txn_1HiiNOJm8ehcCWGIpBwOdEXh - 8994163814856693 - November 2, 2020, 1:12 pm
txn_1Hi0rYJm8ehcCWGIxqjDEGty - 8994163814700699 - November 2, 2020, 1:12 pm
Influencer237 - 8994163814707698 - November 2, 2020, 1:12 pm
Influencer233 - 8994163815021694 - November 2, 2020, 1:12 pm
txn_1HikmgJm8ehcCWGIwKJTONWc - 8994163814844690 - November 2, 2020, 1:12 pm
txn_1Hi1TbJm8ehcCWGIjEFhBbAI - 8994163814686696 - November 2, 2020, 1:12 pm
Influencer232 - 8994163814582691 - November 2, 2020, 1:12 pm
txn_1HipCZJm8ehcCWGIg3EH1Aae - 8994163814581694 - November 2, 2020, 1:12 pm
txn_1Hi36YJm8ehcCWGIJsWbMLds - 8994163814654695 - November 2, 2020, 1:12 pm
