txn_1HtFmNJm8ehcCWGIcnsh91ED - 8994163931564792 - November 30, 2020, 1:19 pm
txn_1Ht17gJm8ehcCWGIKs9XhE84 - 8994163931660791 - November 30, 2020, 1:19 pm
txn_1HsKcnJm8ehcCWGIjaimM74r - 8994163931562798 - November 30, 2020, 1:19 pm
txn_1HsaKkJm8ehcCWGI3eiRrkFl - 8994163931656794 - November 30, 2020, 1:19 pm
txn_1HtFvgJm8ehcCWGIlUTCQUsq - 8994163931539790 - November 30, 2020, 1:19 pm
txn_1Ht2VqJm8ehcCWGIkEmh9Uop - 8994163931536799 - November 30, 2020, 1:19 pm
txn_1HsIlFJm8ehcCWGI6KGYBLXT - 8994163931631791 - November 30, 2020, 1:19 pm
txn_1HsvLyJm8ehcCWGIkAiXpR1O - 8994163931537796 - November 30, 2020, 1:19 pm
txn_1HsL6FJm8ehcCWGIo2g6urPv - 8994163931856798 - November 30, 2020, 1:19 pm
txn_1Hsb6eJm8ehcCWGIX0mUdV46 - 8994163931852790 - November 30, 2020, 1:19 pm
txn_1HtG1WJm8ehcCWGIJyP561we - 8994163931607796 - November 30, 2020, 1:19 pm
txn_1HsIpsJm8ehcCWGIoZj0xdHu - 8994163931813791 - November 30, 2020, 1:19 pm
txn_1HsNF3Jm8ehcCWGI5j2KzNeU - 8994163931608793 - November 30, 2020, 1:19 pm
txn_1Ht6M7Jm8ehcCWGICrwVFQ8t - 8994163931811797 - November 30, 2020, 1:19 pm
txn_1HswlXJm8ehcCWGIrkDuDrgA - 8994163931510799 - November 30, 2020, 1:19 pm
txn_1Hsbz9Jm8ehcCWGI51fLJSlz - 8994163931810790 - November 30, 2020, 1:19 pm
txn_1HsUYnJm8ehcCWGIxYsucqEP - 8994163930976794 - November 30, 2020, 1:19 pm
txn_1HsJ3eJm8ehcCWGI7B4HrLNX - 8994163931479799 - November 30, 2020, 1:19 pm
txn_1Hszv5Jm8ehcCWGIjAPoXhuT - 8994163931480795 - November 30, 2020, 1:19 pm
txn_1HsccdJm8ehcCWGIsHWPibbA - 8994163931381795 - November 30, 2020, 1:19 pm
txn_1HtEHEJm8ehcCWGI0SFqp00Y - 8994163931382792 - November 30, 2020, 1:19 pm
Influencer287 - 8994163930975797 - November 30, 2020, 1:19 pm
txn_1HtFmNJm8ehcCWGIcnsh91ED - 8994163931564792 - November 30, 2020, 1:19 pm
txn_1Ht17gJm8ehcCWGIKs9XhE84 - 8994163931660791 - November 30, 2020, 1:19 pm
txn_1HsKcnJm8ehcCWGIjaimM74r - 8994163931562798 - November 30, 2020, 1:19 pm
txn_1HsaKkJm8ehcCWGI3eiRrkFl - 8994163931656794 - November 30, 2020, 1:19 pm
txn_1HtFvgJm8ehcCWGIlUTCQUsq - 8994163931539790 - November 30, 2020, 1:19 pm
txn_1Ht2VqJm8ehcCWGIkEmh9Uop - 8994163931536799 - November 30, 2020, 1:19 pm
txn_1HsIlFJm8ehcCWGI6KGYBLXT - 8994163931631791 - November 30, 2020, 1:19 pm
txn_1HsvLyJm8ehcCWGIkAiXpR1O - 8994163931537796 - November 30, 2020, 1:19 pm
txn_1HsL6FJm8ehcCWGIo2g6urPv - 8994163931856798 - November 30, 2020, 1:19 pm
txn_1Hsb6eJm8ehcCWGIX0mUdV46 - 8994163931852790 - November 30, 2020, 1:19 pm
txn_1HtG1WJm8ehcCWGIJyP561we - 8994163931607796 - November 30, 2020, 1:19 pm
txn_1HsIpsJm8ehcCWGIoZj0xdHu - 8994163931813791 - November 30, 2020, 1:19 pm
txn_1HsNF3Jm8ehcCWGI5j2KzNeU - 8994163931608793 - November 30, 2020, 1:19 pm
txn_1Ht6M7Jm8ehcCWGICrwVFQ8t - 8994163931811797 - November 30, 2020, 1:19 pm
txn_1HswlXJm8ehcCWGIrkDuDrgA - 8994163931510799 - November 30, 2020, 1:19 pm
txn_1Hsbz9Jm8ehcCWGI51fLJSlz - 8994163931810790 - November 30, 2020, 1:19 pm
txn_1HsUYnJm8ehcCWGIxYsucqEP - 8994163930976794 - November 30, 2020, 1:19 pm
txn_1HsJ3eJm8ehcCWGI7B4HrLNX - 8994163931479799 - November 30, 2020, 1:19 pm
txn_1Hszv5Jm8ehcCWGIjAPoXhuT - 8994163931480795 - November 30, 2020, 1:19 pm
txn_1HsccdJm8ehcCWGIsHWPibbA - 8994163931381795 - November 30, 2020, 1:19 pm
txn_1HtEHEJm8ehcCWGI0SFqp00Y - 8994163931382792 - November 30, 2020, 1:19 pm
Influencer287 - 8994163930975797 - November 30, 2020, 1:19 pm
txn_1HtFmNJm8ehcCWGIcnsh91ED - 8994163931564792 - November 30, 2020, 1:19 pm
txn_1Ht17gJm8ehcCWGIKs9XhE84 - 8994163931660791 - November 30, 2020, 1:19 pm
txn_1HsKcnJm8ehcCWGIjaimM74r - 8994163931562798 - November 30, 2020, 1:19 pm
txn_1HsaKkJm8ehcCWGI3eiRrkFl - 8994163931656794 - November 30, 2020, 1:19 pm
txn_1HtFvgJm8ehcCWGIlUTCQUsq - 8994163931539790 - November 30, 2020, 1:19 pm
txn_1Ht2VqJm8ehcCWGIkEmh9Uop - 8994163931536799 - November 30, 2020, 1:19 pm
txn_1HsIlFJm8ehcCWGI6KGYBLXT - 8994163931631791 - November 30, 2020, 1:19 pm
txn_1HsvLyJm8ehcCWGIkAiXpR1O - 8994163931537796 - November 30, 2020, 1:19 pm
txn_1HsL6FJm8ehcCWGIo2g6urPv - 8994163931856798 - November 30, 2020, 1:19 pm
txn_1Hsb6eJm8ehcCWGIX0mUdV46 - 8994163931852790 - November 30, 2020, 1:19 pm
txn_1HtG1WJm8ehcCWGIJyP561we - 8994163931607796 - November 30, 2020, 1:19 pm
txn_1HsIpsJm8ehcCWGIoZj0xdHu - 8994163931813791 - November 30, 2020, 1:19 pm
txn_1HsNF3Jm8ehcCWGI5j2KzNeU - 8994163931608793 - November 30, 2020, 1:19 pm
txn_1Ht6M7Jm8ehcCWGICrwVFQ8t - 8994163931811797 - November 30, 2020, 1:19 pm
txn_1HswlXJm8ehcCWGIrkDuDrgA - 8994163931510799 - November 30, 2020, 1:19 pm
txn_1Hsbz9Jm8ehcCWGI51fLJSlz - 8994163931810790 - November 30, 2020, 1:19 pm
txn_1HsUYnJm8ehcCWGIxYsucqEP - 8994163930976794 - November 30, 2020, 1:19 pm
txn_1HsJ3eJm8ehcCWGI7B4HrLNX - 8994163931479799 - November 30, 2020, 1:19 pm
txn_1Hszv5Jm8ehcCWGIjAPoXhuT - 8994163931480795 - November 30, 2020, 1:19 pm
txn_1HsccdJm8ehcCWGIsHWPibbA - 8994163931381795 - November 30, 2020, 1:19 pm
txn_1HtEHEJm8ehcCWGI0SFqp00Y - 8994163931382792 - November 30, 2020, 1:19 pm
Influencer287 - 8994163930975797 - November 30, 2020, 1:19 pm
txn_1HtFmNJm8ehcCWGIcnsh91ED - 8994163931564792 - November 30, 2020, 1:19 pm
txn_1Ht17gJm8ehcCWGIKs9XhE84 - 8994163931660791 - November 30, 2020, 1:19 pm
txn_1HsKcnJm8ehcCWGIjaimM74r - 8994163931562798 - November 30, 2020, 1:19 pm
txn_1HsaKkJm8ehcCWGI3eiRrkFl - 8994163931656794 - November 30, 2020, 1:19 pm
txn_1HtFvgJm8ehcCWGIlUTCQUsq - 8994163931539790 - November 30, 2020, 1:19 pm
txn_1Ht2VqJm8ehcCWGIkEmh9Uop - 8994163931536799 - November 30, 2020, 1:19 pm
txn_1HsIlFJm8ehcCWGI6KGYBLXT - 8994163931631791 - November 30, 2020, 1:19 pm
txn_1HsvLyJm8ehcCWGIkAiXpR1O - 8994163931537796 - November 30, 2020, 1:19 pm
txn_1HsL6FJm8ehcCWGIo2g6urPv - 8994163931856798 - November 30, 2020, 1:19 pm
txn_1Hsb6eJm8ehcCWGIX0mUdV46 - 8994163931852790 - November 30, 2020, 1:19 pm
txn_1HtG1WJm8ehcCWGIJyP561we - 8994163931607796 - November 30, 2020, 1:19 pm
txn_1HsIpsJm8ehcCWGIoZj0xdHu - 8994163931813791 - November 30, 2020, 1:19 pm
txn_1HsNF3Jm8ehcCWGI5j2KzNeU - 8994163931608793 - November 30, 2020, 1:19 pm
txn_1Ht6M7Jm8ehcCWGICrwVFQ8t - 8994163931811797 - November 30, 2020, 1:19 pm
txn_1HswlXJm8ehcCWGIrkDuDrgA - 8994163931510799 - November 30, 2020, 1:19 pm
txn_1Hsbz9Jm8ehcCWGI51fLJSlz - 8994163931810790 - November 30, 2020, 1:19 pm
txn_1HsUYnJm8ehcCWGIxYsucqEP - 8994163930976794 - November 30, 2020, 1:19 pm
txn_1HsJ3eJm8ehcCWGI7B4HrLNX - 8994163931479799 - November 30, 2020, 1:19 pm
txn_1Hszv5Jm8ehcCWGIjAPoXhuT - 8994163931480795 - November 30, 2020, 1:19 pm
txn_1HsccdJm8ehcCWGIsHWPibbA - 8994163931381795 - November 30, 2020, 1:19 pm
txn_1HtEHEJm8ehcCWGI0SFqp00Y - 8994163931382792 - November 30, 2020, 1:19 pm
Influencer287 - 8994163930975797 - November 30, 2020, 1:19 pm
txn_1HtFmNJm8ehcCWGIcnsh91ED - 8994163931564792 - November 30, 2020, 1:19 pm
txn_1Ht17gJm8ehcCWGIKs9XhE84 - 8994163931660791 - November 30, 2020, 1:19 pm
txn_1HsKcnJm8ehcCWGIjaimM74r - 8994163931562798 - November 30, 2020, 1:19 pm
txn_1HsaKkJm8ehcCWGI3eiRrkFl - 8994163931656794 - November 30, 2020, 1:19 pm
txn_1HtFvgJm8ehcCWGIlUTCQUsq - 8994163931539790 - November 30, 2020, 1:19 pm
txn_1Ht2VqJm8ehcCWGIkEmh9Uop - 8994163931536799 - November 30, 2020, 1:19 pm
txn_1HsIlFJm8ehcCWGI6KGYBLXT - 8994163931631791 - November 30, 2020, 1:19 pm
txn_1HsvLyJm8ehcCWGIkAiXpR1O - 8994163931537796 - November 30, 2020, 1:19 pm
txn_1HsL6FJm8ehcCWGIo2g6urPv - 8994163931856798 - November 30, 2020, 1:19 pm
txn_1Hsb6eJm8ehcCWGIX0mUdV46 - 8994163931852790 - November 30, 2020, 1:19 pm
txn_1HtG1WJm8ehcCWGIJyP561we - 8994163931607796 - November 30, 2020, 1:19 pm
txn_1HsIpsJm8ehcCWGIoZj0xdHu - 8994163931813791 - November 30, 2020, 1:19 pm
txn_1HsNF3Jm8ehcCWGI5j2KzNeU - 8994163931608793 - November 30, 2020, 1:19 pm
txn_1Ht6M7Jm8ehcCWGICrwVFQ8t - 8994163931811797 - November 30, 2020, 1:19 pm
txn_1HswlXJm8ehcCWGIrkDuDrgA - 8994163931510799 - November 30, 2020, 1:19 pm
txn_1Hsbz9Jm8ehcCWGI51fLJSlz - 8994163931810790 - November 30, 2020, 1:19 pm
txn_1HsUYnJm8ehcCWGIxYsucqEP - 8994163930976794 - November 30, 2020, 1:19 pm
txn_1HsJ3eJm8ehcCWGI7B4HrLNX - 8994163931479799 - November 30, 2020, 1:19 pm
txn_1Hszv5Jm8ehcCWGIjAPoXhuT - 8994163931480795 - November 30, 2020, 1:19 pm
txn_1HsccdJm8ehcCWGIsHWPibbA - 8994163931381795 - November 30, 2020, 1:19 pm
txn_1HtEHEJm8ehcCWGI0SFqp00Y - 8994163931382792 - November 30, 2020, 1:19 pm
Influencer287 - 8994163930975797 - November 30, 2020, 1:19 pm
txn_1HtFmNJm8ehcCWGIcnsh91ED - 8994163931564792 - November 30, 2020, 1:20 pm
txn_1Ht17gJm8ehcCWGIKs9XhE84 - 8994163931660791 - November 30, 2020, 1:20 pm
txn_1HsKcnJm8ehcCWGIjaimM74r - 8994163931562798 - November 30, 2020, 1:20 pm
txn_1HsaKkJm8ehcCWGI3eiRrkFl - 8994163931656794 - November 30, 2020, 1:20 pm
txn_1HtFvgJm8ehcCWGIlUTCQUsq - 8994163931539790 - November 30, 2020, 1:20 pm
txn_1Ht2VqJm8ehcCWGIkEmh9Uop - 8994163931536799 - November 30, 2020, 1:20 pm
txn_1HsIlFJm8ehcCWGI6KGYBLXT - 8994163931631791 - November 30, 2020, 1:20 pm
txn_1HsvLyJm8ehcCWGIkAiXpR1O - 8994163931537796 - November 30, 2020, 1:20 pm
txn_1HsL6FJm8ehcCWGIo2g6urPv - 8994163931856798 - November 30, 2020, 1:20 pm
txn_1Hsb6eJm8ehcCWGIX0mUdV46 - 8994163931852790 - November 30, 2020, 1:20 pm
txn_1HtG1WJm8ehcCWGIJyP561we - 8994163931607796 - November 30, 2020, 1:20 pm
txn_1HsIpsJm8ehcCWGIoZj0xdHu - 8994163931813791 - November 30, 2020, 1:20 pm
txn_1HsNF3Jm8ehcCWGI5j2KzNeU - 8994163931608793 - November 30, 2020, 1:20 pm
txn_1Ht6M7Jm8ehcCWGICrwVFQ8t - 8994163931811797 - November 30, 2020, 1:20 pm
txn_1HswlXJm8ehcCWGIrkDuDrgA - 8994163931510799 - November 30, 2020, 1:20 pm
txn_1Hsbz9Jm8ehcCWGI51fLJSlz - 8994163931810790 - November 30, 2020, 1:20 pm
txn_1HsUYnJm8ehcCWGIxYsucqEP - 8994163930976794 - November 30, 2020, 1:20 pm
txn_1HsJ3eJm8ehcCWGI7B4HrLNX - 8994163931479799 - November 30, 2020, 1:20 pm
txn_1Hszv5Jm8ehcCWGIjAPoXhuT - 8994163931480795 - November 30, 2020, 1:20 pm
txn_1HsccdJm8ehcCWGIsHWPibbA - 8994163931381795 - November 30, 2020, 1:20 pm
txn_1HtEHEJm8ehcCWGI0SFqp00Y - 8994163931382792 - November 30, 2020, 1:20 pm
Influencer287 - 8994163930975797 - November 30, 2020, 1:20 pm
txn_1HtFmNJm8ehcCWGIcnsh91ED - 8994163931564792 - November 30, 2020, 1:20 pm
txn_1Ht17gJm8ehcCWGIKs9XhE84 - 8994163931660791 - November 30, 2020, 1:20 pm
txn_1HsKcnJm8ehcCWGIjaimM74r - 8994163931562798 - November 30, 2020, 1:20 pm
txn_1HsaKkJm8ehcCWGI3eiRrkFl - 8994163931656794 - November 30, 2020, 1:20 pm
txn_1HtFvgJm8ehcCWGIlUTCQUsq - 8994163931539790 - November 30, 2020, 1:20 pm
txn_1Ht2VqJm8ehcCWGIkEmh9Uop - 8994163931536799 - November 30, 2020, 1:20 pm
txn_1HsIlFJm8ehcCWGI6KGYBLXT - 8994163931631791 - November 30, 2020, 1:20 pm
txn_1HsvLyJm8ehcCWGIkAiXpR1O - 8994163931537796 - November 30, 2020, 1:20 pm
txn_1HsL6FJm8ehcCWGIo2g6urPv - 8994163931856798 - November 30, 2020, 1:20 pm
txn_1Hsb6eJm8ehcCWGIX0mUdV46 - 8994163931852790 - November 30, 2020, 1:20 pm
txn_1HtG1WJm8ehcCWGIJyP561we - 8994163931607796 - November 30, 2020, 1:20 pm
txn_1HsIpsJm8ehcCWGIoZj0xdHu - 8994163931813791 - November 30, 2020, 1:20 pm
txn_1HsNF3Jm8ehcCWGI5j2KzNeU - 8994163931608793 - November 30, 2020, 1:20 pm
txn_1Ht6M7Jm8ehcCWGICrwVFQ8t - 8994163931811797 - November 30, 2020, 1:20 pm
txn_1HswlXJm8ehcCWGIrkDuDrgA - 8994163931510799 - November 30, 2020, 1:20 pm
txn_1Hsbz9Jm8ehcCWGI51fLJSlz - 8994163931810790 - November 30, 2020, 1:20 pm
txn_1HsUYnJm8ehcCWGIxYsucqEP - 8994163930976794 - November 30, 2020, 1:20 pm
txn_1HsJ3eJm8ehcCWGI7B4HrLNX - 8994163931479799 - November 30, 2020, 1:20 pm
txn_1Hszv5Jm8ehcCWGIjAPoXhuT - 8994163931480795 - November 30, 2020, 1:20 pm
txn_1HsccdJm8ehcCWGIsHWPibbA - 8994163931381795 - November 30, 2020, 1:20 pm
txn_1HtEHEJm8ehcCWGI0SFqp00Y - 8994163931382792 - November 30, 2020, 1:20 pm
Influencer287 - 8994163930975797 - November 30, 2020, 1:20 pm
txn_1HsZe5Jm8ehcCWGIbIZkneqv - 8994163933329795 - November 30, 2020, 1:20 pm
txn_1HseCAJm8ehcCWGIERp0HQWW - 8994163932787794 - November 30, 2020, 1:20 pm
txn_1HsFXfJm8ehcCWGIwn2gPGNO - 8994163933266793 - November 30, 2020, 1:20 pm
txn_1Hsv4JJm8ehcCWGI74dc1tjC - 8994163933267790 - November 30, 2020, 1:20 pm
txn_1HsGSYJm8ehcCWGIGV4OWUvH - 8994163933417799 - November 30, 2020, 1:20 pm
txn_1Ht07mJm8ehcCWGIxEXlUeal - 8994163933230794 - November 30, 2020, 1:20 pm
txn_1HtFUfJm8ehcCWGIOnXoMIaH - 8994163932712796 - November 30, 2020, 1:20 pm
txn_1HsKBiJm8ehcCWGIXrPy5iPS - 8994163932713793 - November 30, 2020, 1:20 pm
