txn_1IMewQJm8ehcCWGIT0NBUSco - 8994163691777203 - February 23, 2021, 2:33 pm
txn_1INM13Jm8ehcCWGIrt2PtE9R - 8994163692098208 - February 23, 2021, 2:33 pm
txn_1IMbNkJm8ehcCWGI9XP3BzlG - 8994163691991203 - February 23, 2021, 2:33 pm
txn_1INg9jJm8ehcCWGIleb3NjrV - 8994163692097201 - February 23, 2021, 2:33 pm
txn_1IMfJFJm8ehcCWGIGYzpnF0Q - 8994163691989200 - February 23, 2021, 2:33 pm
txn_1INNVoJm8ehcCWGIKk8Yl22a - 8994163692095207 - February 23, 2021, 2:33 pm
txn_1IN13EJm8ehcCWGI81YAbBxj - 8994163691986209 - February 23, 2021, 2:33 pm
txn_1IMc7PJm8ehcCWGIkTQneRyF - 8994163691987206 - February 23, 2021, 2:33 pm
txn_1INgQhJm8ehcCWGIFoaMHokv - 8994163691772208 - February 23, 2021, 2:33 pm
txn_1IMgBOJm8ehcCWGIFmgmw48y - 8994163691981204 - February 23, 2021, 2:33 pm
txn_1INNxaJm8ehcCWGI9IFjQiQ3 - 8994163691771201 - February 23, 2021, 2:33 pm
txn_1IMcbTJm8ehcCWGIvSwuotVF - 8994163691984205 - February 23, 2021, 2:33 pm
txn_1IN1BXJm8ehcCWGIC8vvgybC - 8994163692094200 - February 23, 2021, 2:33 pm
txn_1INhEyJm8ehcCWGIKrZUCPDh - 8994163691983208 - February 23, 2021, 2:33 pm
txn_1INO3CJm8ehcCWGIpjjLe1oQ - 8994163692090202 - February 23, 2021, 2:33 pm
txn_1IMcmoJm8ehcCWGISra7NF0K - 8994163692091209 - February 23, 2021, 2:33 pm
txn_1IN1mmJm8ehcCWGI2hXu4VOU - 8994163691769208 - February 23, 2021, 2:33 pm
txn_1INhkgJm8ehcCWGI31Xs5KNS - 8994163691979201 - February 23, 2021, 2:33 pm
txn_1IMgZ9Jm8ehcCWGIJ3aU3SKT - 8994163692092206 - February 23, 2021, 2:33 pm
txn_1INseRJm8ehcCWGIHZlvrd1j - 8994163691775209 - February 23, 2021, 2:33 pm
txn_1INt6BJm8ehcCWGIH2jhgSde - 8994163691985202 - February 23, 2021, 2:33 pm
txn_1INtHFJm8ehcCWGIDThf5Ulp - 8994163691982201 - February 23, 2021, 2:33 pm
txn_1INtOzJm8ehcCWGIlkYi5twM - 8994163691978204 - February 23, 2021, 2:33 pm
txn_1IMewQJm8ehcCWGIT0NBUSco - 8994163691777203 - February 23, 2021, 2:33 pm
txn_1INM13Jm8ehcCWGIrt2PtE9R - 8994163692098208 - February 23, 2021, 2:33 pm
txn_1IMbNkJm8ehcCWGI9XP3BzlG - 8994163691991203 - February 23, 2021, 2:33 pm
txn_1INg9jJm8ehcCWGIleb3NjrV - 8994163692097201 - February 23, 2021, 2:33 pm
txn_1IMfJFJm8ehcCWGIGYzpnF0Q - 8994163691989200 - February 23, 2021, 2:33 pm
txn_1INNVoJm8ehcCWGIKk8Yl22a - 8994163692095207 - February 23, 2021, 2:33 pm
txn_1IN13EJm8ehcCWGI81YAbBxj - 8994163691986209 - February 23, 2021, 2:33 pm
txn_1IMc7PJm8ehcCWGIkTQneRyF - 8994163691987206 - February 23, 2021, 2:33 pm
txn_1INgQhJm8ehcCWGIFoaMHokv - 8994163691772208 - February 23, 2021, 2:33 pm
txn_1IMgBOJm8ehcCWGIFmgmw48y - 8994163691981204 - February 23, 2021, 2:33 pm
txn_1INNxaJm8ehcCWGI9IFjQiQ3 - 8994163691771201 - February 23, 2021, 2:33 pm
txn_1IMcbTJm8ehcCWGIvSwuotVF - 8994163691984205 - February 23, 2021, 2:33 pm
txn_1IN1BXJm8ehcCWGIC8vvgybC - 8994163692094200 - February 23, 2021, 2:33 pm
txn_1INhEyJm8ehcCWGIKrZUCPDh - 8994163691983208 - February 23, 2021, 2:33 pm
txn_1INO3CJm8ehcCWGIpjjLe1oQ - 8994163692090202 - February 23, 2021, 2:33 pm
txn_1IMcmoJm8ehcCWGISra7NF0K - 8994163692091209 - February 23, 2021, 2:33 pm
txn_1IN1mmJm8ehcCWGI2hXu4VOU - 8994163691769208 - February 23, 2021, 2:33 pm
txn_1INhkgJm8ehcCWGI31Xs5KNS - 8994163691979201 - February 23, 2021, 2:33 pm
txn_1IMgZ9Jm8ehcCWGIJ3aU3SKT - 8994163692092206 - February 23, 2021, 2:33 pm
txn_1INseRJm8ehcCWGIHZlvrd1j - 8994163691775209 - February 23, 2021, 2:33 pm
txn_1INt6BJm8ehcCWGIH2jhgSde - 8994163691985202 - February 23, 2021, 2:33 pm
txn_1INtHFJm8ehcCWGIDThf5Ulp - 8994163691982201 - February 23, 2021, 2:33 pm
txn_1INtOzJm8ehcCWGIlkYi5twM - 8994163691978204 - February 23, 2021, 2:33 pm
txn_1IMewQJm8ehcCWGIT0NBUSco - 8994163691777203 - February 23, 2021, 2:34 pm
txn_1INM13Jm8ehcCWGIrt2PtE9R - 8994163692098208 - February 23, 2021, 2:34 pm
txn_1IMbNkJm8ehcCWGI9XP3BzlG - 8994163691991203 - February 23, 2021, 2:34 pm
txn_1INg9jJm8ehcCWGIleb3NjrV - 8994163692097201 - February 23, 2021, 2:34 pm
txn_1IMfJFJm8ehcCWGIGYzpnF0Q - 8994163691989200 - February 23, 2021, 2:34 pm
txn_1INNVoJm8ehcCWGIKk8Yl22a - 8994163692095207 - February 23, 2021, 2:34 pm
txn_1IN13EJm8ehcCWGI81YAbBxj - 8994163691986209 - February 23, 2021, 2:34 pm
txn_1IMc7PJm8ehcCWGIkTQneRyF - 8994163691987206 - February 23, 2021, 2:34 pm
txn_1INgQhJm8ehcCWGIFoaMHokv - 8994163691772208 - February 23, 2021, 2:34 pm
txn_1IMgBOJm8ehcCWGIFmgmw48y - 8994163691981204 - February 23, 2021, 2:34 pm
txn_1INNxaJm8ehcCWGI9IFjQiQ3 - 8994163691771201 - February 23, 2021, 2:34 pm
txn_1IMcbTJm8ehcCWGIvSwuotVF - 8994163691984205 - February 23, 2021, 2:34 pm
txn_1IN1BXJm8ehcCWGIC8vvgybC - 8994163692094200 - February 23, 2021, 2:34 pm
txn_1INhEyJm8ehcCWGIKrZUCPDh - 8994163691983208 - February 23, 2021, 2:34 pm
txn_1INO3CJm8ehcCWGIpjjLe1oQ - 8994163692090202 - February 23, 2021, 2:34 pm
txn_1IMcmoJm8ehcCWGISra7NF0K - 8994163692091209 - February 23, 2021, 2:34 pm
txn_1IN1mmJm8ehcCWGI2hXu4VOU - 8994163691769208 - February 23, 2021, 2:34 pm
txn_1INhkgJm8ehcCWGI31Xs5KNS - 8994163691979201 - February 23, 2021, 2:34 pm
txn_1IMgZ9Jm8ehcCWGIJ3aU3SKT - 8994163692092206 - February 23, 2021, 2:34 pm
txn_1INseRJm8ehcCWGIHZlvrd1j - 8994163691775209 - February 23, 2021, 2:34 pm
txn_1INt6BJm8ehcCWGIH2jhgSde - 8994163691985202 - February 23, 2021, 2:34 pm
txn_1INtHFJm8ehcCWGIDThf5Ulp - 8994163691982201 - February 23, 2021, 2:34 pm
txn_1INtOzJm8ehcCWGIlkYi5twM - 8994163691978204 - February 23, 2021, 2:34 pm
txn_1IMewQJm8ehcCWGIT0NBUSco - 8994163691777203 - February 23, 2021, 2:34 pm
txn_1INM13Jm8ehcCWGIrt2PtE9R - 8994163692098208 - February 23, 2021, 2:34 pm
txn_1IMbNkJm8ehcCWGI9XP3BzlG - 8994163691991203 - February 23, 2021, 2:34 pm
txn_1INg9jJm8ehcCWGIleb3NjrV - 8994163692097201 - February 23, 2021, 2:34 pm
txn_1IMfJFJm8ehcCWGIGYzpnF0Q - 8994163691989200 - February 23, 2021, 2:34 pm
txn_1INNVoJm8ehcCWGIKk8Yl22a - 8994163692095207 - February 23, 2021, 2:34 pm
txn_1IN13EJm8ehcCWGI81YAbBxj - 8994163691986209 - February 23, 2021, 2:34 pm
txn_1IMc7PJm8ehcCWGIkTQneRyF - 8994163691987206 - February 23, 2021, 2:34 pm
txn_1INgQhJm8ehcCWGIFoaMHokv - 8994163691772208 - February 23, 2021, 2:34 pm
txn_1IMgBOJm8ehcCWGIFmgmw48y - 8994163691981204 - February 23, 2021, 2:34 pm
txn_1INNxaJm8ehcCWGI9IFjQiQ3 - 8994163691771201 - February 23, 2021, 2:34 pm
txn_1IMcbTJm8ehcCWGIvSwuotVF - 8994163691984205 - February 23, 2021, 2:34 pm
txn_1IN1BXJm8ehcCWGIC8vvgybC - 8994163692094200 - February 23, 2021, 2:34 pm
txn_1INhEyJm8ehcCWGIKrZUCPDh - 8994163691983208 - February 23, 2021, 2:34 pm
txn_1INO3CJm8ehcCWGIpjjLe1oQ - 8994163692090202 - February 23, 2021, 2:34 pm
txn_1IMcmoJm8ehcCWGISra7NF0K - 8994163692091209 - February 23, 2021, 2:34 pm
txn_1IN1mmJm8ehcCWGI2hXu4VOU - 8994163691769208 - February 23, 2021, 2:34 pm
txn_1INhkgJm8ehcCWGI31Xs5KNS - 8994163691979201 - February 23, 2021, 2:34 pm
txn_1IMgZ9Jm8ehcCWGIJ3aU3SKT - 8994163692092206 - February 23, 2021, 2:34 pm
txn_1INseRJm8ehcCWGIHZlvrd1j - 8994163691775209 - February 23, 2021, 2:34 pm
txn_1INt6BJm8ehcCWGIH2jhgSde - 8994163691985202 - February 23, 2021, 2:34 pm
txn_1INtHFJm8ehcCWGIDThf5Ulp - 8994163691982201 - February 23, 2021, 2:34 pm
txn_1INtOzJm8ehcCWGIlkYi5twM - 8994163691978204 - February 23, 2021, 2:34 pm
txn_1IMewQJm8ehcCWGIT0NBUSco - 8994163691777203 - February 23, 2021, 2:34 pm
txn_1INM13Jm8ehcCWGIrt2PtE9R - 8994163692098208 - February 23, 2021, 2:34 pm
txn_1IMbNkJm8ehcCWGI9XP3BzlG - 8994163691991203 - February 23, 2021, 2:34 pm
txn_1INg9jJm8ehcCWGIleb3NjrV - 8994163692097201 - February 23, 2021, 2:34 pm
txn_1IMfJFJm8ehcCWGIGYzpnF0Q - 8994163691989200 - February 23, 2021, 2:34 pm
txn_1INNVoJm8ehcCWGIKk8Yl22a - 8994163692095207 - February 23, 2021, 2:34 pm
txn_1IN13EJm8ehcCWGI81YAbBxj - 8994163691986209 - February 23, 2021, 2:34 pm
txn_1IMc7PJm8ehcCWGIkTQneRyF - 8994163691987206 - February 23, 2021, 2:34 pm
txn_1INgQhJm8ehcCWGIFoaMHokv - 8994163691772208 - February 23, 2021, 2:34 pm
txn_1IMgBOJm8ehcCWGIFmgmw48y - 8994163691981204 - February 23, 2021, 2:34 pm
txn_1INNxaJm8ehcCWGI9IFjQiQ3 - 8994163691771201 - February 23, 2021, 2:34 pm
txn_1IMcbTJm8ehcCWGIvSwuotVF - 8994163691984205 - February 23, 2021, 2:34 pm
txn_1IN1BXJm8ehcCWGIC8vvgybC - 8994163692094200 - February 23, 2021, 2:34 pm
txn_1INhEyJm8ehcCWGIKrZUCPDh - 8994163691983208 - February 23, 2021, 2:34 pm
txn_1INO3CJm8ehcCWGIpjjLe1oQ - 8994163692090202 - February 23, 2021, 2:34 pm
txn_1IMcmoJm8ehcCWGISra7NF0K - 8994163692091209 - February 23, 2021, 2:34 pm
txn_1IN1mmJm8ehcCWGI2hXu4VOU - 8994163691769208 - February 23, 2021, 2:34 pm
txn_1INhkgJm8ehcCWGI31Xs5KNS - 8994163691979201 - February 23, 2021, 2:34 pm
txn_1IMgZ9Jm8ehcCWGIJ3aU3SKT - 8994163692092206 - February 23, 2021, 2:34 pm
txn_1INseRJm8ehcCWGIHZlvrd1j - 8994163691775209 - February 23, 2021, 2:34 pm
txn_1INt6BJm8ehcCWGIH2jhgSde - 8994163691985202 - February 23, 2021, 2:34 pm
txn_1INtHFJm8ehcCWGIDThf5Ulp - 8994163691982201 - February 23, 2021, 2:34 pm
txn_1INtOzJm8ehcCWGIlkYi5twM - 8994163691978204 - February 23, 2021, 2:34 pm
txn_1IMewQJm8ehcCWGIT0NBUSco - 8994163691777203 - February 23, 2021, 2:35 pm
txn_1INM13Jm8ehcCWGIrt2PtE9R - 8994163692098208 - February 23, 2021, 2:35 pm
txn_1IMbNkJm8ehcCWGI9XP3BzlG - 8994163691991203 - February 23, 2021, 2:35 pm
txn_1INg9jJm8ehcCWGIleb3NjrV - 8994163692097201 - February 23, 2021, 2:35 pm
txn_1IMfJFJm8ehcCWGIGYzpnF0Q - 8994163691989200 - February 23, 2021, 2:35 pm
txn_1INNVoJm8ehcCWGIKk8Yl22a - 8994163692095207 - February 23, 2021, 2:35 pm
txn_1IN13EJm8ehcCWGI81YAbBxj - 8994163691986209 - February 23, 2021, 2:35 pm
txn_1IMc7PJm8ehcCWGIkTQneRyF - 8994163691987206 - February 23, 2021, 2:35 pm
txn_1INgQhJm8ehcCWGIFoaMHokv - 8994163691772208 - February 23, 2021, 2:35 pm
txn_1IMgBOJm8ehcCWGIFmgmw48y - 8994163691981204 - February 23, 2021, 2:35 pm
txn_1INNxaJm8ehcCWGI9IFjQiQ3 - 8994163691771201 - February 23, 2021, 2:35 pm
txn_1IMcbTJm8ehcCWGIvSwuotVF - 8994163691984205 - February 23, 2021, 2:35 pm
txn_1IN1BXJm8ehcCWGIC8vvgybC - 8994163692094200 - February 23, 2021, 2:35 pm
txn_1INhEyJm8ehcCWGIKrZUCPDh - 8994163691983208 - February 23, 2021, 2:35 pm
txn_1INO3CJm8ehcCWGIpjjLe1oQ - 8994163692090202 - February 23, 2021, 2:35 pm
txn_1IMcmoJm8ehcCWGISra7NF0K - 8994163692091209 - February 23, 2021, 2:35 pm
txn_1IN1mmJm8ehcCWGI2hXu4VOU - 8994163691769208 - February 23, 2021, 2:35 pm
txn_1INhkgJm8ehcCWGI31Xs5KNS - 8994163691979201 - February 23, 2021, 2:35 pm
txn_1IMgZ9Jm8ehcCWGIJ3aU3SKT - 8994163692092206 - February 23, 2021, 2:35 pm
txn_1INseRJm8ehcCWGIHZlvrd1j - 8994163691775209 - February 23, 2021, 2:35 pm
txn_1INt6BJm8ehcCWGIH2jhgSde - 8994163691985202 - February 23, 2021, 2:35 pm
txn_1INtHFJm8ehcCWGIDThf5Ulp - 8994163691982201 - February 23, 2021, 2:35 pm
txn_1INtOzJm8ehcCWGIlkYi5twM - 8994163691978204 - February 23, 2021, 2:35 pm
txn_1IMewQJm8ehcCWGIT0NBUSco - 8994163691777203 - February 23, 2021, 2:35 pm
txn_1INM13Jm8ehcCWGIrt2PtE9R - 8994163692098208 - February 23, 2021, 2:35 pm
txn_1IMbNkJm8ehcCWGI9XP3BzlG - 8994163691991203 - February 23, 2021, 2:35 pm
txn_1INg9jJm8ehcCWGIleb3NjrV - 8994163692097201 - February 23, 2021, 2:35 pm
txn_1IMfJFJm8ehcCWGIGYzpnF0Q - 8994163691989200 - February 23, 2021, 2:35 pm
txn_1INNVoJm8ehcCWGIKk8Yl22a - 8994163692095207 - February 23, 2021, 2:35 pm
txn_1IN13EJm8ehcCWGI81YAbBxj - 8994163691986209 - February 23, 2021, 2:35 pm
txn_1IMc7PJm8ehcCWGIkTQneRyF - 8994163691987206 - February 23, 2021, 2:35 pm
txn_1INgQhJm8ehcCWGIFoaMHokv - 8994163691772208 - February 23, 2021, 2:35 pm
txn_1IMgBOJm8ehcCWGIFmgmw48y - 8994163691981204 - February 23, 2021, 2:35 pm
txn_1INNxaJm8ehcCWGI9IFjQiQ3 - 8994163691771201 - February 23, 2021, 2:35 pm
txn_1IMcbTJm8ehcCWGIvSwuotVF - 8994163691984205 - February 23, 2021, 2:35 pm
txn_1IN1BXJm8ehcCWGIC8vvgybC - 8994163692094200 - February 23, 2021, 2:35 pm
txn_1INhEyJm8ehcCWGIKrZUCPDh - 8994163691983208 - February 23, 2021, 2:35 pm
txn_1INO3CJm8ehcCWGIpjjLe1oQ - 8994163692090202 - February 23, 2021, 2:35 pm
txn_1IMcmoJm8ehcCWGISra7NF0K - 8994163692091209 - February 23, 2021, 2:35 pm
txn_1IN1mmJm8ehcCWGI2hXu4VOU - 8994163691769208 - February 23, 2021, 2:35 pm
txn_1INhkgJm8ehcCWGI31Xs5KNS - 8994163691979201 - February 23, 2021, 2:35 pm
txn_1IMgZ9Jm8ehcCWGIJ3aU3SKT - 8994163692092206 - February 23, 2021, 2:35 pm
txn_1INseRJm8ehcCWGIHZlvrd1j - 8994163691775209 - February 23, 2021, 2:35 pm
txn_1INt6BJm8ehcCWGIH2jhgSde - 8994163691985202 - February 23, 2021, 2:35 pm
txn_1INtHFJm8ehcCWGIDThf5Ulp - 8994163691982201 - February 23, 2021, 2:35 pm
txn_1INtOzJm8ehcCWGIlkYi5twM - 8994163691978204 - February 23, 2021, 2:35 pm
txn_1IMewQJm8ehcCWGIT0NBUSco - 8994163691777203 - February 23, 2021, 2:36 pm
txn_1INM13Jm8ehcCWGIrt2PtE9R - 8994163692098208 - February 23, 2021, 2:36 pm
txn_1IMbNkJm8ehcCWGI9XP3BzlG - 8994163691991203 - February 23, 2021, 2:36 pm
txn_1INg9jJm8ehcCWGIleb3NjrV - 8994163692097201 - February 23, 2021, 2:36 pm
txn_1IMfJFJm8ehcCWGIGYzpnF0Q - 8994163691989200 - February 23, 2021, 2:36 pm
txn_1INNVoJm8ehcCWGIKk8Yl22a - 8994163692095207 - February 23, 2021, 2:36 pm
txn_1IN13EJm8ehcCWGI81YAbBxj - 8994163691986209 - February 23, 2021, 2:36 pm
txn_1IMc7PJm8ehcCWGIkTQneRyF - 8994163691987206 - February 23, 2021, 2:36 pm
txn_1INgQhJm8ehcCWGIFoaMHokv - 8994163691772208 - February 23, 2021, 2:36 pm
txn_1IMgBOJm8ehcCWGIFmgmw48y - 8994163691981204 - February 23, 2021, 2:36 pm
txn_1INNxaJm8ehcCWGI9IFjQiQ3 - 8994163691771201 - February 23, 2021, 2:36 pm
txn_1IMcbTJm8ehcCWGIvSwuotVF - 8994163691984205 - February 23, 2021, 2:36 pm
txn_1IN1BXJm8ehcCWGIC8vvgybC - 8994163692094200 - February 23, 2021, 2:36 pm
txn_1INhEyJm8ehcCWGIKrZUCPDh - 8994163691983208 - February 23, 2021, 2:36 pm
txn_1INO3CJm8ehcCWGIpjjLe1oQ - 8994163692090202 - February 23, 2021, 2:36 pm
txn_1IMcmoJm8ehcCWGISra7NF0K - 8994163692091209 - February 23, 2021, 2:36 pm
txn_1IN1mmJm8ehcCWGI2hXu4VOU - 8994163691769208 - February 23, 2021, 2:36 pm
txn_1INhkgJm8ehcCWGI31Xs5KNS - 8994163691979201 - February 23, 2021, 2:36 pm
txn_1IMgZ9Jm8ehcCWGIJ3aU3SKT - 8994163692092206 - February 23, 2021, 2:36 pm
txn_1INseRJm8ehcCWGIHZlvrd1j - 8994163691775209 - February 23, 2021, 2:36 pm
txn_1INt6BJm8ehcCWGIH2jhgSde - 8994163691985202 - February 23, 2021, 2:36 pm
txn_1INtHFJm8ehcCWGIDThf5Ulp - 8994163691982201 - February 23, 2021, 2:36 pm
txn_1INtOzJm8ehcCWGIlkYi5twM - 8994163691978204 - February 23, 2021, 2:36 pm
txn_1IN5OSJm8ehcCWGIbSr1KvMb -  - February 23, 2021, 2:36 pm
txn_1INrB6Jm8ehcCWGIA6yKrwQI -  - February 23, 2021, 2:36 pm
txn_1IMRU4Jm8ehcCWGInNlBQgmR -  - February 23, 2021, 2:36 pm
txn_1IMhKYJm8ehcCWGIJ4OU4y3I -  - February 23, 2021, 2:36 pm
txn_1INSv2Jm8ehcCWGI140O7Q2h -  - February 23, 2021, 2:36 pm
txn_1IN5mPJm8ehcCWGIV61CUsHi -  - February 23, 2021, 2:36 pm
txn_1IMhkjJm8ehcCWGIW6GLJ4Wz -  - February 23, 2021, 2:36 pm
txn_1INtacJm8ehcCWGIcl6XUOiP -  - February 23, 2021, 2:36 pm
txn_1IMSzlJm8ehcCWGIJtLw8omH -  - February 23, 2021, 2:36 pm
txn_1INkEvJm8ehcCWGI5wa3WuZr -  - February 23, 2021, 2:36 pm
txn_1INUIYJm8ehcCWGIHHYFEbXL -  - February 23, 2021, 2:36 pm
txn_1IN6mXJm8ehcCWGIuL5jAyei -  - February 23, 2021, 2:36 pm
txn_1INtqkJm8ehcCWGIDToq9oO3 -  - February 23, 2021, 2:36 pm
txn_1INkKhJm8ehcCWGIKIclU24W -  - February 23, 2021, 2:36 pm
txn_1IMixmJm8ehcCWGIld1yWDPl -  - February 23, 2021, 2:36 pm
txn_1IMYEuJm8ehcCWGIk6rsh5Ys -  - February 23, 2021, 2:36 pm
txn_1INUZSJm8ehcCWGIJHpKcher -  - February 23, 2021, 2:36 pm
txn_1IN9Q7Jm8ehcCWGItaLRKwqI -  - February 23, 2021, 2:36 pm
txn_1INz4eJm8ehcCWGIwSZGHLUI -  - February 23, 2021, 2:36 pm
txn_1IMZxGJm8ehcCWGIcjdw55NE -  - February 23, 2021, 2:36 pm
txn_1INlGUJm8ehcCWGIoNo8VY0G -  - February 23, 2021, 2:36 pm
txn_1IMj5aJm8ehcCWGIhHKNPh74 -  - February 23, 2021, 2:36 pm
txn_1IMewQJm8ehcCWGIT0NBUSco - 8994163691777203 - February 23, 2021, 2:36 pm
txn_1INM13Jm8ehcCWGIrt2PtE9R - 8994163692098208 - February 23, 2021, 2:36 pm
txn_1IMbNkJm8ehcCWGI9XP3BzlG - 8994163691991203 - February 23, 2021, 2:36 pm
txn_1INg9jJm8ehcCWGIleb3NjrV - 8994163692097201 - February 23, 2021, 2:36 pm
txn_1IMfJFJm8ehcCWGIGYzpnF0Q - 8994163691989200 - February 23, 2021, 2:36 pm
txn_1INNVoJm8ehcCWGIKk8Yl22a - 8994163692095207 - February 23, 2021, 2:36 pm
txn_1IN13EJm8ehcCWGI81YAbBxj - 8994163691986209 - February 23, 2021, 2:36 pm
txn_1IMc7PJm8ehcCWGIkTQneRyF - 8994163691987206 - February 23, 2021, 2:36 pm
txn_1INgQhJm8ehcCWGIFoaMHokv - 8994163691772208 - February 23, 2021, 2:36 pm
txn_1IMgBOJm8ehcCWGIFmgmw48y - 8994163691981204 - February 23, 2021, 2:36 pm
txn_1INNxaJm8ehcCWGI9IFjQiQ3 - 8994163691771201 - February 23, 2021, 2:36 pm
txn_1IMcbTJm8ehcCWGIvSwuotVF - 8994163691984205 - February 23, 2021, 2:36 pm
txn_1IN1BXJm8ehcCWGIC8vvgybC - 8994163692094200 - February 23, 2021, 2:36 pm
txn_1INhEyJm8ehcCWGIKrZUCPDh - 8994163691983208 - February 23, 2021, 2:36 pm
txn_1INO3CJm8ehcCWGIpjjLe1oQ - 8994163692090202 - February 23, 2021, 2:36 pm
txn_1IMcmoJm8ehcCWGISra7NF0K - 8994163692091209 - February 23, 2021, 2:36 pm
txn_1IN1mmJm8ehcCWGI2hXu4VOU - 8994163691769208 - February 23, 2021, 2:36 pm
txn_1INhkgJm8ehcCWGI31Xs5KNS - 8994163691979201 - February 23, 2021, 2:36 pm
txn_1IMgZ9Jm8ehcCWGIJ3aU3SKT - 8994163692092206 - February 23, 2021, 2:36 pm
txn_1INseRJm8ehcCWGIHZlvrd1j - 8994163691775209 - February 23, 2021, 2:36 pm
txn_1INt6BJm8ehcCWGIH2jhgSde - 8994163691985202 - February 23, 2021, 2:36 pm
txn_1INtHFJm8ehcCWGIDThf5Ulp - 8994163691982201 - February 23, 2021, 2:36 pm
txn_1INtOzJm8ehcCWGIlkYi5twM - 8994163691978204 - February 23, 2021, 2:36 pm
txn_1IMewQJm8ehcCWGIT0NBUSco - 8994163691777203 - February 23, 2021, 2:37 pm
txn_1INM13Jm8ehcCWGIrt2PtE9R - 8994163692098208 - February 23, 2021, 2:37 pm
txn_1IMbNkJm8ehcCWGI9XP3BzlG - 8994163691991203 - February 23, 2021, 2:37 pm
txn_1INg9jJm8ehcCWGIleb3NjrV - 8994163692097201 - February 23, 2021, 2:37 pm
txn_1IMfJFJm8ehcCWGIGYzpnF0Q - 8994163691989200 - February 23, 2021, 2:37 pm
txn_1INNVoJm8ehcCWGIKk8Yl22a - 8994163692095207 - February 23, 2021, 2:37 pm
txn_1IN13EJm8ehcCWGI81YAbBxj - 8994163691986209 - February 23, 2021, 2:37 pm
txn_1IMc7PJm8ehcCWGIkTQneRyF - 8994163691987206 - February 23, 2021, 2:37 pm
txn_1INgQhJm8ehcCWGIFoaMHokv - 8994163691772208 - February 23, 2021, 2:37 pm
txn_1IMgBOJm8ehcCWGIFmgmw48y - 8994163691981204 - February 23, 2021, 2:37 pm
txn_1INNxaJm8ehcCWGI9IFjQiQ3 - 8994163691771201 - February 23, 2021, 2:37 pm
txn_1IMcbTJm8ehcCWGIvSwuotVF - 8994163691984205 - February 23, 2021, 2:37 pm
txn_1IN1BXJm8ehcCWGIC8vvgybC - 8994163692094200 - February 23, 2021, 2:37 pm
txn_1INhEyJm8ehcCWGIKrZUCPDh - 8994163691983208 - February 23, 2021, 2:37 pm
txn_1INO3CJm8ehcCWGIpjjLe1oQ - 8994163692090202 - February 23, 2021, 2:37 pm
txn_1IMcmoJm8ehcCWGISra7NF0K - 8994163692091209 - February 23, 2021, 2:37 pm
txn_1IN1mmJm8ehcCWGI2hXu4VOU - 8994163691769208 - February 23, 2021, 2:37 pm
txn_1INhkgJm8ehcCWGI31Xs5KNS - 8994163691979201 - February 23, 2021, 2:37 pm
txn_1IMgZ9Jm8ehcCWGIJ3aU3SKT - 8994163692092206 - February 23, 2021, 2:37 pm
txn_1INseRJm8ehcCWGIHZlvrd1j - 8994163691775209 - February 23, 2021, 2:37 pm
txn_1INt6BJm8ehcCWGIH2jhgSde - 8994163691985202 - February 23, 2021, 2:37 pm
txn_1INtHFJm8ehcCWGIDThf5Ulp - 8994163691982201 - February 23, 2021, 2:37 pm
txn_1INtOzJm8ehcCWGIlkYi5twM - 8994163691978204 - February 23, 2021, 2:37 pm
txn_1IMewQJm8ehcCWGIT0NBUSco - 8994163691777203 - February 23, 2021, 2:37 pm
txn_1INM13Jm8ehcCWGIrt2PtE9R - 8994163692098208 - February 23, 2021, 2:37 pm
txn_1IMbNkJm8ehcCWGI9XP3BzlG - 8994163691991203 - February 23, 2021, 2:37 pm
txn_1INg9jJm8ehcCWGIleb3NjrV - 8994163692097201 - February 23, 2021, 2:37 pm
txn_1IMfJFJm8ehcCWGIGYzpnF0Q - 8994163691989200 - February 23, 2021, 2:37 pm
txn_1INNVoJm8ehcCWGIKk8Yl22a - 8994163692095207 - February 23, 2021, 2:37 pm
txn_1IN13EJm8ehcCWGI81YAbBxj - 8994163691986209 - February 23, 2021, 2:37 pm
txn_1IMc7PJm8ehcCWGIkTQneRyF - 8994163691987206 - February 23, 2021, 2:37 pm
txn_1INgQhJm8ehcCWGIFoaMHokv - 8994163691772208 - February 23, 2021, 2:37 pm
txn_1IMgBOJm8ehcCWGIFmgmw48y - 8994163691981204 - February 23, 2021, 2:37 pm
txn_1INNxaJm8ehcCWGI9IFjQiQ3 - 8994163691771201 - February 23, 2021, 2:37 pm
txn_1IMcbTJm8ehcCWGIvSwuotVF - 8994163691984205 - February 23, 2021, 2:37 pm
txn_1IN1BXJm8ehcCWGIC8vvgybC - 8994163692094200 - February 23, 2021, 2:37 pm
txn_1INhEyJm8ehcCWGIKrZUCPDh - 8994163691983208 - February 23, 2021, 2:37 pm
txn_1INO3CJm8ehcCWGIpjjLe1oQ - 8994163692090202 - February 23, 2021, 2:37 pm
txn_1IMcmoJm8ehcCWGISra7NF0K - 8994163692091209 - February 23, 2021, 2:37 pm
txn_1IN1mmJm8ehcCWGI2hXu4VOU - 8994163691769208 - February 23, 2021, 2:37 pm
txn_1INhkgJm8ehcCWGI31Xs5KNS - 8994163691979201 - February 23, 2021, 2:37 pm
txn_1IMgZ9Jm8ehcCWGIJ3aU3SKT - 8994163692092206 - February 23, 2021, 2:37 pm
txn_1INseRJm8ehcCWGIHZlvrd1j - 8994163691775209 - February 23, 2021, 2:37 pm
txn_1INt6BJm8ehcCWGIH2jhgSde - 8994163691985202 - February 23, 2021, 2:37 pm
txn_1INtHFJm8ehcCWGIDThf5Ulp - 8994163691982201 - February 23, 2021, 2:37 pm
txn_1INtOzJm8ehcCWGIlkYi5twM - 8994163691978204 - February 23, 2021, 2:37 pm
txn_1IMZxGJm8ehcCWGIcjdw55NE -  - February 23, 2021, 2:37 pm
txn_1IMemrJm8ehcCWGIBgYtzQVT -  - February 23, 2021, 2:37 pm
txn_1INq3HJm8ehcCWGIi0aKL4o9 -  - February 23, 2021, 2:37 pm
txn_1IMPLCJm8ehcCWGI0quiSYER -  - February 23, 2021, 2:37 pm
txn_1IN3VqJm8ehcCWGI0bAFoYxP -  - February 23, 2021, 2:37 pm
txn_1INQczJm8ehcCWGIowQzeKea -  - February 23, 2021, 2:37 pm
txn_1INqYGJm8ehcCWGIIWK2HZPq -  - February 23, 2021, 2:37 pm
txn_1IMgaAJm8ehcCWGIS8kF9yDQ -  - February 23, 2021, 2:37 pm
txn_1INQziJm8ehcCWGIYlIkUzGU -  - February 23, 2021, 2:37 pm
txn_1IN4aeJm8ehcCWGIWVOsZuiF -  - February 23, 2021, 2:37 pm
txn_1IMPWgJm8ehcCWGIvCJ9jK8q -  - February 23, 2021, 2:37 pm
txn_1IN5BlJm8ehcCWGIPTz03KVH -  - February 23, 2021, 2:37 pm
txn_1INqeyJm8ehcCWGIuWKXWrnM -  - February 23, 2021, 2:37 pm
txn_1IMgflJm8ehcCWGIsBECyGiq -  - February 23, 2021, 2:37 pm
txn_1INRCPJm8ehcCWGIqv02hX6u -  - February 23, 2021, 2:37 pm
txn_1IMgoRJm8ehcCWGIlsuG6nb7 -  - February 23, 2021, 2:37 pm
txn_1IN5DNJm8ehcCWGIiB2FnMMz -  - February 23, 2021, 2:37 pm
txn_1INqnLJm8ehcCWGIqDtUANLr -  - February 23, 2021, 2:37 pm
txn_1INRWcJm8ehcCWGIKzXzZJqe -  - February 23, 2021, 2:37 pm
txn_1IMQ4fJm8ehcCWGIJCsJbzpr -  - February 23, 2021, 2:37 pm
txn_1IN5OSJm8ehcCWGIbSr1KvMb -  - February 23, 2021, 2:37 pm
txn_1INS7MJm8ehcCWGIM2JB8Zw0 -  - February 23, 2021, 2:37 pm
txn_1IMQunJm8ehcCWGIVnMpAMcm -  - February 23, 2021, 2:37 pm
txn_1IMhKYJm8ehcCWGIJ4OU4y3I -  - February 23, 2021, 2:37 pm
txn_1INqnuJm8ehcCWGIQ7AJirhD -  - February 23, 2021, 2:37 pm
txn_1IMRU4Jm8ehcCWGInNlBQgmR -  - February 23, 2021, 2:37 pm
txn_1INrB6Jm8ehcCWGIA6yKrwQI -  - February 23, 2021, 2:37 pm
txn_1INSu5Jm8ehcCWGIPDLdbA0e -  - February 23, 2021, 2:37 pm
txn_1IMSzlJm8ehcCWGIJtLw8omH -  - February 23, 2021, 2:37 pm
txn_1IMhkjJm8ehcCWGIW6GLJ4Wz -  - February 23, 2021, 2:37 pm
txn_1IN5mPJm8ehcCWGIV61CUsHi -  - February 23, 2021, 2:37 pm
txn_1INtacJm8ehcCWGIcl6XUOiP -  - February 23, 2021, 2:37 pm
txn_1INSv2Jm8ehcCWGI140O7Q2h -  - February 23, 2021, 2:37 pm
txn_1INkEvJm8ehcCWGI5wa3WuZr -  - February 23, 2021, 2:37 pm
txn_1IMixmJm8ehcCWGIld1yWDPl -  - February 23, 2021, 2:37 pm
txn_1IN6mXJm8ehcCWGIuL5jAyei -  - February 23, 2021, 2:37 pm
txn_1IMYEuJm8ehcCWGIk6rsh5Ys -  - February 23, 2021, 2:37 pm
txn_1INkKhJm8ehcCWGIKIclU24W -  - February 23, 2021, 2:37 pm
txn_1INUIYJm8ehcCWGIHHYFEbXL -  - February 23, 2021, 2:37 pm
txn_1INtqkJm8ehcCWGIDToq9oO3 -  - February 23, 2021, 2:37 pm
txn_1IN9Q7Jm8ehcCWGItaLRKwqI -  - February 23, 2021, 2:37 pm
txn_1INlGUJm8ehcCWGIoNo8VY0G -  - February 23, 2021, 2:37 pm
txn_1IMj5aJm8ehcCWGIhHKNPh74 -  - February 23, 2021, 2:37 pm
txn_1INz4eJm8ehcCWGIwSZGHLUI -  - February 23, 2021, 2:37 pm
txn_1INUZSJm8ehcCWGIJHpKcher -  - February 23, 2021, 2:37 pm
txn_1IMewQJm8ehcCWGIT0NBUSco - 8994163691777203 - February 23, 2021, 2:37 pm
txn_1INM13Jm8ehcCWGIrt2PtE9R - 8994163692098208 - February 23, 2021, 2:37 pm
txn_1IMbNkJm8ehcCWGI9XP3BzlG - 8994163691991203 - February 23, 2021, 2:37 pm
txn_1INg9jJm8ehcCWGIleb3NjrV - 8994163692097201 - February 23, 2021, 2:37 pm
txn_1IMfJFJm8ehcCWGIGYzpnF0Q - 8994163691989200 - February 23, 2021, 2:37 pm
txn_1INNVoJm8ehcCWGIKk8Yl22a - 8994163692095207 - February 23, 2021, 2:37 pm
txn_1IN13EJm8ehcCWGI81YAbBxj - 8994163691986209 - February 23, 2021, 2:37 pm
txn_1IMc7PJm8ehcCWGIkTQneRyF - 8994163691987206 - February 23, 2021, 2:37 pm
txn_1INgQhJm8ehcCWGIFoaMHokv - 8994163691772208 - February 23, 2021, 2:37 pm
txn_1IMgBOJm8ehcCWGIFmgmw48y - 8994163691981204 - February 23, 2021, 2:37 pm
txn_1INNxaJm8ehcCWGI9IFjQiQ3 - 8994163691771201 - February 23, 2021, 2:37 pm
txn_1IMcbTJm8ehcCWGIvSwuotVF - 8994163691984205 - February 23, 2021, 2:37 pm
txn_1IN1BXJm8ehcCWGIC8vvgybC - 8994163692094200 - February 23, 2021, 2:37 pm
txn_1INhEyJm8ehcCWGIKrZUCPDh - 8994163691983208 - February 23, 2021, 2:37 pm
txn_1INO3CJm8ehcCWGIpjjLe1oQ - 8994163692090202 - February 23, 2021, 2:37 pm
txn_1IMcmoJm8ehcCWGISra7NF0K - 8994163692091209 - February 23, 2021, 2:37 pm
txn_1IN1mmJm8ehcCWGI2hXu4VOU - 8994163691769208 - February 23, 2021, 2:37 pm
txn_1INhkgJm8ehcCWGI31Xs5KNS - 8994163691979201 - February 23, 2021, 2:37 pm
txn_1IMgZ9Jm8ehcCWGIJ3aU3SKT - 8994163692092206 - February 23, 2021, 2:37 pm
txn_1INseRJm8ehcCWGIHZlvrd1j - 8994163691775209 - February 23, 2021, 2:37 pm
txn_1INt6BJm8ehcCWGIH2jhgSde - 8994163691985202 - February 23, 2021, 2:37 pm
txn_1INtHFJm8ehcCWGIDThf5Ulp - 8994163691982201 - February 23, 2021, 2:37 pm
txn_1INtOzJm8ehcCWGIlkYi5twM - 8994163691978204 - February 23, 2021, 2:37 pm
txn_1IMewQJm8ehcCWGIT0NBUSco - 8994163691777203 - February 23, 2021, 2:38 pm
txn_1INM13Jm8ehcCWGIrt2PtE9R - 8994163692098208 - February 23, 2021, 2:38 pm
txn_1IMbNkJm8ehcCWGI9XP3BzlG - 8994163691991203 - February 23, 2021, 2:38 pm
txn_1INg9jJm8ehcCWGIleb3NjrV - 8994163692097201 - February 23, 2021, 2:38 pm
txn_1IMfJFJm8ehcCWGIGYzpnF0Q - 8994163691989200 - February 23, 2021, 2:38 pm
txn_1INNVoJm8ehcCWGIKk8Yl22a - 8994163692095207 - February 23, 2021, 2:38 pm
txn_1IN13EJm8ehcCWGI81YAbBxj - 8994163691986209 - February 23, 2021, 2:38 pm
txn_1IMc7PJm8ehcCWGIkTQneRyF - 8994163691987206 - February 23, 2021, 2:38 pm
txn_1INgQhJm8ehcCWGIFoaMHokv - 8994163691772208 - February 23, 2021, 2:38 pm
txn_1IMgBOJm8ehcCWGIFmgmw48y - 8994163691981204 - February 23, 2021, 2:38 pm
txn_1INNxaJm8ehcCWGI9IFjQiQ3 - 8994163691771201 - February 23, 2021, 2:38 pm
txn_1IMcbTJm8ehcCWGIvSwuotVF - 8994163691984205 - February 23, 2021, 2:38 pm
txn_1IN1BXJm8ehcCWGIC8vvgybC - 8994163692094200 - February 23, 2021, 2:38 pm
txn_1INhEyJm8ehcCWGIKrZUCPDh - 8994163691983208 - February 23, 2021, 2:38 pm
txn_1INO3CJm8ehcCWGIpjjLe1oQ - 8994163692090202 - February 23, 2021, 2:38 pm
txn_1IMcmoJm8ehcCWGISra7NF0K - 8994163692091209 - February 23, 2021, 2:38 pm
txn_1IN1mmJm8ehcCWGI2hXu4VOU - 8994163691769208 - February 23, 2021, 2:38 pm
txn_1INhkgJm8ehcCWGI31Xs5KNS - 8994163691979201 - February 23, 2021, 2:38 pm
txn_1IMgZ9Jm8ehcCWGIJ3aU3SKT - 8994163692092206 - February 23, 2021, 2:38 pm
txn_1INseRJm8ehcCWGIHZlvrd1j - 8994163691775209 - February 23, 2021, 2:38 pm
txn_1INt6BJm8ehcCWGIH2jhgSde - 8994163691985202 - February 23, 2021, 2:38 pm
txn_1INtHFJm8ehcCWGIDThf5Ulp - 8994163691982201 - February 23, 2021, 2:38 pm
txn_1INtOzJm8ehcCWGIlkYi5twM - 8994163691978204 - February 23, 2021, 2:38 pm
txn_1IMewQJm8ehcCWGIT0NBUSco - 8994163691777203 - February 23, 2021, 2:38 pm
txn_1INM13Jm8ehcCWGIrt2PtE9R - 8994163692098208 - February 23, 2021, 2:38 pm
txn_1IMbNkJm8ehcCWGI9XP3BzlG - 8994163691991203 - February 23, 2021, 2:38 pm
txn_1INg9jJm8ehcCWGIleb3NjrV - 8994163692097201 - February 23, 2021, 2:38 pm
txn_1IMfJFJm8ehcCWGIGYzpnF0Q - 8994163691989200 - February 23, 2021, 2:38 pm
txn_1INNVoJm8ehcCWGIKk8Yl22a - 8994163692095207 - February 23, 2021, 2:38 pm
txn_1IN13EJm8ehcCWGI81YAbBxj - 8994163691986209 - February 23, 2021, 2:38 pm
txn_1IMc7PJm8ehcCWGIkTQneRyF - 8994163691987206 - February 23, 2021, 2:38 pm
txn_1INgQhJm8ehcCWGIFoaMHokv - 8994163691772208 - February 23, 2021, 2:38 pm
txn_1IMgBOJm8ehcCWGIFmgmw48y - 8994163691981204 - February 23, 2021, 2:38 pm
txn_1INNxaJm8ehcCWGI9IFjQiQ3 - 8994163691771201 - February 23, 2021, 2:38 pm
txn_1IMcbTJm8ehcCWGIvSwuotVF - 8994163691984205 - February 23, 2021, 2:38 pm
txn_1IN1BXJm8ehcCWGIC8vvgybC - 8994163692094200 - February 23, 2021, 2:38 pm
txn_1INhEyJm8ehcCWGIKrZUCPDh - 8994163691983208 - February 23, 2021, 2:38 pm
txn_1INO3CJm8ehcCWGIpjjLe1oQ - 8994163692090202 - February 23, 2021, 2:38 pm
txn_1IMcmoJm8ehcCWGISra7NF0K - 8994163692091209 - February 23, 2021, 2:38 pm
txn_1IN1mmJm8ehcCWGI2hXu4VOU - 8994163691769208 - February 23, 2021, 2:38 pm
txn_1INhkgJm8ehcCWGI31Xs5KNS - 8994163691979201 - February 23, 2021, 2:38 pm
txn_1IMgZ9Jm8ehcCWGIJ3aU3SKT - 8994163692092206 - February 23, 2021, 2:38 pm
txn_1INseRJm8ehcCWGIHZlvrd1j - 8994163691775209 - February 23, 2021, 2:38 pm
txn_1INt6BJm8ehcCWGIH2jhgSde - 8994163691985202 - February 23, 2021, 2:38 pm
txn_1INtHFJm8ehcCWGIDThf5Ulp - 8994163691982201 - February 23, 2021, 2:38 pm
txn_1INtOzJm8ehcCWGIlkYi5twM - 8994163691978204 - February 23, 2021, 2:38 pm
txn_1IMewQJm8ehcCWGIT0NBUSco - 8994163691777203 - February 23, 2021, 2:38 pm
txn_1INM13Jm8ehcCWGIrt2PtE9R - 8994163692098208 - February 23, 2021, 2:38 pm
txn_1IMbNkJm8ehcCWGI9XP3BzlG - 8994163691991203 - February 23, 2021, 2:38 pm
txn_1INg9jJm8ehcCWGIleb3NjrV - 8994163692097201 - February 23, 2021, 2:38 pm
txn_1IMfJFJm8ehcCWGIGYzpnF0Q - 8994163691989200 - February 23, 2021, 2:38 pm
txn_1INNVoJm8ehcCWGIKk8Yl22a - 8994163692095207 - February 23, 2021, 2:38 pm
txn_1IN13EJm8ehcCWGI81YAbBxj - 8994163691986209 - February 23, 2021, 2:38 pm
txn_1IMc7PJm8ehcCWGIkTQneRyF - 8994163691987206 - February 23, 2021, 2:38 pm
txn_1INgQhJm8ehcCWGIFoaMHokv - 8994163691772208 - February 23, 2021, 2:38 pm
txn_1IMgBOJm8ehcCWGIFmgmw48y - 8994163691981204 - February 23, 2021, 2:38 pm
txn_1INNxaJm8ehcCWGI9IFjQiQ3 - 8994163691771201 - February 23, 2021, 2:38 pm
txn_1IMcbTJm8ehcCWGIvSwuotVF - 8994163691984205 - February 23, 2021, 2:38 pm
txn_1IN1BXJm8ehcCWGIC8vvgybC - 8994163692094200 - February 23, 2021, 2:38 pm
txn_1INhEyJm8ehcCWGIKrZUCPDh - 8994163691983208 - February 23, 2021, 2:38 pm
txn_1INO3CJm8ehcCWGIpjjLe1oQ - 8994163692090202 - February 23, 2021, 2:38 pm
txn_1IMcmoJm8ehcCWGISra7NF0K - 8994163692091209 - February 23, 2021, 2:38 pm
txn_1IN1mmJm8ehcCWGI2hXu4VOU - 8994163691769208 - February 23, 2021, 2:38 pm
txn_1INhkgJm8ehcCWGI31Xs5KNS - 8994163691979201 - February 23, 2021, 2:38 pm
txn_1IMgZ9Jm8ehcCWGIJ3aU3SKT - 8994163692092206 - February 23, 2021, 2:38 pm
txn_1INseRJm8ehcCWGIHZlvrd1j - 8994163691775209 - February 23, 2021, 2:38 pm
txn_1INt6BJm8ehcCWGIH2jhgSde - 8994163691985202 - February 23, 2021, 2:38 pm
txn_1INtHFJm8ehcCWGIDThf5Ulp - 8994163691982201 - February 23, 2021, 2:38 pm
txn_1INtOzJm8ehcCWGIlkYi5twM - 8994163691978204 - February 23, 2021, 2:38 pm
txn_1IMewQJm8ehcCWGIT0NBUSco - 8994163691777203 - February 23, 2021, 2:39 pm
txn_1INM13Jm8ehcCWGIrt2PtE9R - 8994163692098208 - February 23, 2021, 2:39 pm
txn_1IMbNkJm8ehcCWGI9XP3BzlG - 8994163691991203 - February 23, 2021, 2:39 pm
txn_1INg9jJm8ehcCWGIleb3NjrV - 8994163692097201 - February 23, 2021, 2:39 pm
txn_1IMfJFJm8ehcCWGIGYzpnF0Q - 8994163691989200 - February 23, 2021, 2:39 pm
txn_1INNVoJm8ehcCWGIKk8Yl22a - 8994163692095207 - February 23, 2021, 2:39 pm
txn_1IN13EJm8ehcCWGI81YAbBxj - 8994163691986209 - February 23, 2021, 2:39 pm
txn_1IMc7PJm8ehcCWGIkTQneRyF - 8994163691987206 - February 23, 2021, 2:39 pm
txn_1INgQhJm8ehcCWGIFoaMHokv - 8994163691772208 - February 23, 2021, 2:39 pm
txn_1IMgBOJm8ehcCWGIFmgmw48y - 8994163691981204 - February 23, 2021, 2:39 pm
txn_1INNxaJm8ehcCWGI9IFjQiQ3 - 8994163691771201 - February 23, 2021, 2:39 pm
txn_1IMcbTJm8ehcCWGIvSwuotVF - 8994163691984205 - February 23, 2021, 2:39 pm
txn_1IN1BXJm8ehcCWGIC8vvgybC - 8994163692094200 - February 23, 2021, 2:39 pm
txn_1INhEyJm8ehcCWGIKrZUCPDh - 8994163691983208 - February 23, 2021, 2:39 pm
txn_1INO3CJm8ehcCWGIpjjLe1oQ - 8994163692090202 - February 23, 2021, 2:39 pm
txn_1IMcmoJm8ehcCWGISra7NF0K - 8994163692091209 - February 23, 2021, 2:39 pm
txn_1IN1mmJm8ehcCWGI2hXu4VOU - 8994163691769208 - February 23, 2021, 2:39 pm
txn_1INhkgJm8ehcCWGI31Xs5KNS - 8994163691979201 - February 23, 2021, 2:39 pm
txn_1IMgZ9Jm8ehcCWGIJ3aU3SKT - 8994163692092206 - February 23, 2021, 2:39 pm
txn_1INseRJm8ehcCWGIHZlvrd1j - 8994163691775209 - February 23, 2021, 2:39 pm
txn_1INt6BJm8ehcCWGIH2jhgSde - 8994163691985202 - February 23, 2021, 2:39 pm
txn_1INtHFJm8ehcCWGIDThf5Ulp - 8994163691982201 - February 23, 2021, 2:39 pm
txn_1INtOzJm8ehcCWGIlkYi5twM - 8994163691978204 - February 23, 2021, 2:39 pm
txn_1IMewQJm8ehcCWGIT0NBUSco - 8994163691777203 - February 23, 2021, 2:39 pm
txn_1INM13Jm8ehcCWGIrt2PtE9R - 8994163692098208 - February 23, 2021, 2:39 pm
txn_1IMbNkJm8ehcCWGI9XP3BzlG - 8994163691991203 - February 23, 2021, 2:39 pm
txn_1INg9jJm8ehcCWGIleb3NjrV - 8994163692097201 - February 23, 2021, 2:39 pm
txn_1IMfJFJm8ehcCWGIGYzpnF0Q - 8994163691989200 - February 23, 2021, 2:39 pm
txn_1INNVoJm8ehcCWGIKk8Yl22a - 8994163692095207 - February 23, 2021, 2:39 pm
txn_1IN13EJm8ehcCWGI81YAbBxj - 8994163691986209 - February 23, 2021, 2:39 pm
txn_1IMc7PJm8ehcCWGIkTQneRyF - 8994163691987206 - February 23, 2021, 2:39 pm
txn_1INgQhJm8ehcCWGIFoaMHokv - 8994163691772208 - February 23, 2021, 2:39 pm
txn_1IMgBOJm8ehcCWGIFmgmw48y - 8994163691981204 - February 23, 2021, 2:39 pm
txn_1INNxaJm8ehcCWGI9IFjQiQ3 - 8994163691771201 - February 23, 2021, 2:39 pm
txn_1IMcbTJm8ehcCWGIvSwuotVF - 8994163691984205 - February 23, 2021, 2:39 pm
txn_1IN1BXJm8ehcCWGIC8vvgybC - 8994163692094200 - February 23, 2021, 2:39 pm
txn_1INhEyJm8ehcCWGIKrZUCPDh - 8994163691983208 - February 23, 2021, 2:39 pm
txn_1INO3CJm8ehcCWGIpjjLe1oQ - 8994163692090202 - February 23, 2021, 2:39 pm
txn_1IMcmoJm8ehcCWGISra7NF0K - 8994163692091209 - February 23, 2021, 2:39 pm
txn_1IN1mmJm8ehcCWGI2hXu4VOU - 8994163691769208 - February 23, 2021, 2:39 pm
txn_1INhkgJm8ehcCWGI31Xs5KNS - 8994163691979201 - February 23, 2021, 2:39 pm
txn_1IMgZ9Jm8ehcCWGIJ3aU3SKT - 8994163692092206 - February 23, 2021, 2:39 pm
txn_1INseRJm8ehcCWGIHZlvrd1j - 8994163691775209 - February 23, 2021, 2:39 pm
txn_1INt6BJm8ehcCWGIH2jhgSde - 8994163691985202 - February 23, 2021, 2:39 pm
txn_1INtHFJm8ehcCWGIDThf5Ulp - 8994163691982201 - February 23, 2021, 2:39 pm
txn_1INtOzJm8ehcCWGIlkYi5twM - 8994163691978204 - February 23, 2021, 2:39 pm
txn_1IMewQJm8ehcCWGIT0NBUSco - 8994163691777203 - February 23, 2021, 2:40 pm
txn_1INM13Jm8ehcCWGIrt2PtE9R - 8994163692098208 - February 23, 2021, 2:40 pm
txn_1IMbNkJm8ehcCWGI9XP3BzlG - 8994163691991203 - February 23, 2021, 2:40 pm
txn_1INg9jJm8ehcCWGIleb3NjrV - 8994163692097201 - February 23, 2021, 2:40 pm
txn_1IMfJFJm8ehcCWGIGYzpnF0Q - 8994163691989200 - February 23, 2021, 2:40 pm
txn_1INNVoJm8ehcCWGIKk8Yl22a - 8994163692095207 - February 23, 2021, 2:40 pm
txn_1IN13EJm8ehcCWGI81YAbBxj - 8994163691986209 - February 23, 2021, 2:40 pm
txn_1IMc7PJm8ehcCWGIkTQneRyF - 8994163691987206 - February 23, 2021, 2:40 pm
txn_1INgQhJm8ehcCWGIFoaMHokv - 8994163691772208 - February 23, 2021, 2:40 pm
txn_1IMgBOJm8ehcCWGIFmgmw48y - 8994163691981204 - February 23, 2021, 2:40 pm
txn_1INNxaJm8ehcCWGI9IFjQiQ3 - 8994163691771201 - February 23, 2021, 2:40 pm
txn_1IMcbTJm8ehcCWGIvSwuotVF - 8994163691984205 - February 23, 2021, 2:40 pm
txn_1IN1BXJm8ehcCWGIC8vvgybC - 8994163692094200 - February 23, 2021, 2:40 pm
txn_1INhEyJm8ehcCWGIKrZUCPDh - 8994163691983208 - February 23, 2021, 2:40 pm
txn_1INO3CJm8ehcCWGIpjjLe1oQ - 8994163692090202 - February 23, 2021, 2:40 pm
txn_1IMcmoJm8ehcCWGISra7NF0K - 8994163692091209 - February 23, 2021, 2:40 pm
txn_1IN1mmJm8ehcCWGI2hXu4VOU - 8994163691769208 - February 23, 2021, 2:40 pm
txn_1INhkgJm8ehcCWGI31Xs5KNS - 8994163691979201 - February 23, 2021, 2:40 pm
txn_1IMgZ9Jm8ehcCWGIJ3aU3SKT - 8994163692092206 - February 23, 2021, 2:40 pm
txn_1INseRJm8ehcCWGIHZlvrd1j - 8994163691775209 - February 23, 2021, 2:40 pm
txn_1INt6BJm8ehcCWGIH2jhgSde - 8994163691985202 - February 23, 2021, 2:40 pm
txn_1INtHFJm8ehcCWGIDThf5Ulp - 8994163691982201 - February 23, 2021, 2:40 pm
txn_1INtOzJm8ehcCWGIlkYi5twM - 8994163691978204 - February 23, 2021, 2:40 pm
txn_1IMewQJm8ehcCWGIT0NBUSco - 8994163691777203 - February 23, 2021, 2:41 pm
txn_1INM13Jm8ehcCWGIrt2PtE9R - 8994163692098208 - February 23, 2021, 2:41 pm
txn_1IMbNkJm8ehcCWGI9XP3BzlG - 8994163691991203 - February 23, 2021, 2:41 pm
txn_1INg9jJm8ehcCWGIleb3NjrV - 8994163692097201 - February 23, 2021, 2:41 pm
txn_1IMfJFJm8ehcCWGIGYzpnF0Q - 8994163691989200 - February 23, 2021, 2:41 pm
txn_1INNVoJm8ehcCWGIKk8Yl22a - 8994163692095207 - February 23, 2021, 2:41 pm
txn_1IN13EJm8ehcCWGI81YAbBxj - 8994163691986209 - February 23, 2021, 2:41 pm
txn_1IMc7PJm8ehcCWGIkTQneRyF - 8994163691987206 - February 23, 2021, 2:41 pm
txn_1INgQhJm8ehcCWGIFoaMHokv - 8994163691772208 - February 23, 2021, 2:41 pm
txn_1IMgBOJm8ehcCWGIFmgmw48y - 8994163691981204 - February 23, 2021, 2:41 pm
txn_1INNxaJm8ehcCWGI9IFjQiQ3 - 8994163691771201 - February 23, 2021, 2:41 pm
txn_1IMcbTJm8ehcCWGIvSwuotVF - 8994163691984205 - February 23, 2021, 2:41 pm
txn_1IN1BXJm8ehcCWGIC8vvgybC - 8994163692094200 - February 23, 2021, 2:41 pm
txn_1INhEyJm8ehcCWGIKrZUCPDh - 8994163691983208 - February 23, 2021, 2:41 pm
txn_1INO3CJm8ehcCWGIpjjLe1oQ - 8994163692090202 - February 23, 2021, 2:41 pm
txn_1IMcmoJm8ehcCWGISra7NF0K - 8994163692091209 - February 23, 2021, 2:41 pm
txn_1IN1mmJm8ehcCWGI2hXu4VOU - 8994163691769208 - February 23, 2021, 2:41 pm
txn_1INhkgJm8ehcCWGI31Xs5KNS - 8994163691979201 - February 23, 2021, 2:41 pm
txn_1IMgZ9Jm8ehcCWGIJ3aU3SKT - 8994163692092206 - February 23, 2021, 2:41 pm
txn_1INseRJm8ehcCWGIHZlvrd1j - 8994163691775209 - February 23, 2021, 2:41 pm
txn_1INt6BJm8ehcCWGIH2jhgSde - 8994163691985202 - February 23, 2021, 2:41 pm
txn_1INtHFJm8ehcCWGIDThf5Ulp - 8994163691982201 - February 23, 2021, 2:41 pm
txn_1INtOzJm8ehcCWGIlkYi5twM - 8994163691978204 - February 23, 2021, 2:41 pm
txn_1IMewQJm8ehcCWGIT0NBUSco - 8994163691777203 - February 23, 2021, 2:56 pm
txn_1INM13Jm8ehcCWGIrt2PtE9R - 8994163692098208 - February 23, 2021, 2:56 pm
txn_1IMbNkJm8ehcCWGI9XP3BzlG - 8994163691991203 - February 23, 2021, 2:56 pm
txn_1INg9jJm8ehcCWGIleb3NjrV - 8994163692097201 - February 23, 2021, 2:56 pm
txn_1IMfJFJm8ehcCWGIGYzpnF0Q - 8994163691989200 - February 23, 2021, 2:56 pm
txn_1INNVoJm8ehcCWGIKk8Yl22a - 8994163692095207 - February 23, 2021, 2:56 pm
txn_1IN13EJm8ehcCWGI81YAbBxj - 8994163691986209 - February 23, 2021, 2:56 pm
txn_1IMc7PJm8ehcCWGIkTQneRyF - 8994163691987206 - February 23, 2021, 2:56 pm
txn_1INgQhJm8ehcCWGIFoaMHokv - 8994163691772208 - February 23, 2021, 2:56 pm
txn_1IMgBOJm8ehcCWGIFmgmw48y - 8994163691981204 - February 23, 2021, 2:56 pm
txn_1INNxaJm8ehcCWGI9IFjQiQ3 - 8994163691771201 - February 23, 2021, 2:56 pm
txn_1IMcbTJm8ehcCWGIvSwuotVF - 8994163691984205 - February 23, 2021, 2:56 pm
txn_1IN1BXJm8ehcCWGIC8vvgybC - 8994163692094200 - February 23, 2021, 2:56 pm
txn_1INhEyJm8ehcCWGIKrZUCPDh - 8994163691983208 - February 23, 2021, 2:56 pm
txn_1INO3CJm8ehcCWGIpjjLe1oQ - 8994163692090202 - February 23, 2021, 2:56 pm
txn_1IMcmoJm8ehcCWGISra7NF0K - 8994163692091209 - February 23, 2021, 2:56 pm
txn_1IN1mmJm8ehcCWGI2hXu4VOU - 8994163691769208 - February 23, 2021, 2:56 pm
txn_1INhkgJm8ehcCWGI31Xs5KNS - 8994163691979201 - February 23, 2021, 2:56 pm
txn_1IMgZ9Jm8ehcCWGIJ3aU3SKT - 8994163692092206 - February 23, 2021, 2:56 pm
txn_1INseRJm8ehcCWGIHZlvrd1j - 8994163691775209 - February 23, 2021, 2:56 pm
txn_1INt6BJm8ehcCWGIH2jhgSde - 8994163691985202 - February 23, 2021, 2:56 pm
txn_1INtHFJm8ehcCWGIDThf5Ulp - 8994163691982201 - February 23, 2021, 2:56 pm
txn_1INtOzJm8ehcCWGIlkYi5twM - 8994163691978204 - February 23, 2021, 2:56 pm
txn_1IMewQJm8ehcCWGIT0NBUSco - 8994163691777203 - February 23, 2021, 2:56 pm
txn_1INM13Jm8ehcCWGIrt2PtE9R - 8994163692098208 - February 23, 2021, 2:56 pm
txn_1IMbNkJm8ehcCWGI9XP3BzlG - 8994163691991203 - February 23, 2021, 2:56 pm
txn_1INg9jJm8ehcCWGIleb3NjrV - 8994163692097201 - February 23, 2021, 2:56 pm
txn_1IMfJFJm8ehcCWGIGYzpnF0Q - 8994163691989200 - February 23, 2021, 2:56 pm
txn_1INNVoJm8ehcCWGIKk8Yl22a - 8994163692095207 - February 23, 2021, 2:56 pm
txn_1IN13EJm8ehcCWGI81YAbBxj - 8994163691986209 - February 23, 2021, 2:56 pm
txn_1IMc7PJm8ehcCWGIkTQneRyF - 8994163691987206 - February 23, 2021, 2:56 pm
txn_1INgQhJm8ehcCWGIFoaMHokv - 8994163691772208 - February 23, 2021, 2:56 pm
txn_1IMgBOJm8ehcCWGIFmgmw48y - 8994163691981204 - February 23, 2021, 2:56 pm
txn_1INNxaJm8ehcCWGI9IFjQiQ3 - 8994163691771201 - February 23, 2021, 2:56 pm
txn_1IMcbTJm8ehcCWGIvSwuotVF - 8994163691984205 - February 23, 2021, 2:56 pm
txn_1IN1BXJm8ehcCWGIC8vvgybC - 8994163692094200 - February 23, 2021, 2:56 pm
txn_1INhEyJm8ehcCWGIKrZUCPDh - 8994163691983208 - February 23, 2021, 2:56 pm
txn_1INO3CJm8ehcCWGIpjjLe1oQ - 8994163692090202 - February 23, 2021, 2:56 pm
txn_1IMcmoJm8ehcCWGISra7NF0K - 8994163692091209 - February 23, 2021, 2:56 pm
txn_1IN1mmJm8ehcCWGI2hXu4VOU - 8994163691769208 - February 23, 2021, 2:56 pm
txn_1INhkgJm8ehcCWGI31Xs5KNS - 8994163691979201 - February 23, 2021, 2:56 pm
txn_1IMgZ9Jm8ehcCWGIJ3aU3SKT - 8994163692092206 - February 23, 2021, 2:56 pm
txn_1INseRJm8ehcCWGIHZlvrd1j - 8994163691775209 - February 23, 2021, 2:56 pm
txn_1INt6BJm8ehcCWGIH2jhgSde - 8994163691985202 - February 23, 2021, 2:56 pm
txn_1INtHFJm8ehcCWGIDThf5Ulp - 8994163691982201 - February 23, 2021, 2:56 pm
txn_1INtOzJm8ehcCWGIlkYi5twM - 8994163691978204 - February 23, 2021, 2:56 pm
txn_1IMewQJm8ehcCWGIT0NBUSco - 8994163691777203 - February 23, 2021, 2:56 pm
txn_1INM13Jm8ehcCWGIrt2PtE9R - 8994163692098208 - February 23, 2021, 2:56 pm
txn_1IMbNkJm8ehcCWGI9XP3BzlG - 8994163691991203 - February 23, 2021, 2:56 pm
txn_1INg9jJm8ehcCWGIleb3NjrV - 8994163692097201 - February 23, 2021, 2:56 pm
txn_1IMfJFJm8ehcCWGIGYzpnF0Q - 8994163691989200 - February 23, 2021, 2:56 pm
txn_1INNVoJm8ehcCWGIKk8Yl22a - 8994163692095207 - February 23, 2021, 2:56 pm
txn_1IN13EJm8ehcCWGI81YAbBxj - 8994163691986209 - February 23, 2021, 2:56 pm
txn_1IMc7PJm8ehcCWGIkTQneRyF - 8994163691987206 - February 23, 2021, 2:56 pm
txn_1INgQhJm8ehcCWGIFoaMHokv - 8994163691772208 - February 23, 2021, 2:56 pm
txn_1IMgBOJm8ehcCWGIFmgmw48y - 8994163691981204 - February 23, 2021, 2:56 pm
txn_1INNxaJm8ehcCWGI9IFjQiQ3 - 8994163691771201 - February 23, 2021, 2:56 pm
txn_1IMcbTJm8ehcCWGIvSwuotVF - 8994163691984205 - February 23, 2021, 2:56 pm
txn_1IN1BXJm8ehcCWGIC8vvgybC - 8994163692094200 - February 23, 2021, 2:56 pm
txn_1INhEyJm8ehcCWGIKrZUCPDh - 8994163691983208 - February 23, 2021, 2:56 pm
txn_1INO3CJm8ehcCWGIpjjLe1oQ - 8994163692090202 - February 23, 2021, 2:56 pm
txn_1IMcmoJm8ehcCWGISra7NF0K - 8994163692091209 - February 23, 2021, 2:56 pm
txn_1IN1mmJm8ehcCWGI2hXu4VOU - 8994163691769208 - February 23, 2021, 2:56 pm
txn_1INhkgJm8ehcCWGI31Xs5KNS - 8994163691979201 - February 23, 2021, 2:56 pm
txn_1IMgZ9Jm8ehcCWGIJ3aU3SKT - 8994163692092206 - February 23, 2021, 2:56 pm
txn_1INseRJm8ehcCWGIHZlvrd1j - 8994163691775209 - February 23, 2021, 2:56 pm
txn_1INt6BJm8ehcCWGIH2jhgSde - 8994163691985202 - February 23, 2021, 2:56 pm
txn_1INtHFJm8ehcCWGIDThf5Ulp - 8994163691982201 - February 23, 2021, 2:56 pm
txn_1INtOzJm8ehcCWGIlkYi5twM - 8994163691978204 - February 23, 2021, 2:56 pm
txn_1IMewQJm8ehcCWGIT0NBUSco - 8994163691777203 - February 23, 2021, 2:57 pm
txn_1INM13Jm8ehcCWGIrt2PtE9R - 8994163692098208 - February 23, 2021, 2:57 pm
txn_1IMbNkJm8ehcCWGI9XP3BzlG - 8994163691991203 - February 23, 2021, 2:57 pm
txn_1INg9jJm8ehcCWGIleb3NjrV - 8994163692097201 - February 23, 2021, 2:57 pm
txn_1IMfJFJm8ehcCWGIGYzpnF0Q - 8994163691989200 - February 23, 2021, 2:57 pm
txn_1INNVoJm8ehcCWGIKk8Yl22a - 8994163692095207 - February 23, 2021, 2:57 pm
txn_1IN13EJm8ehcCWGI81YAbBxj - 8994163691986209 - February 23, 2021, 2:57 pm
txn_1IMc7PJm8ehcCWGIkTQneRyF - 8994163691987206 - February 23, 2021, 2:57 pm
txn_1INgQhJm8ehcCWGIFoaMHokv - 8994163691772208 - February 23, 2021, 2:57 pm
txn_1IMgBOJm8ehcCWGIFmgmw48y - 8994163691981204 - February 23, 2021, 2:57 pm
txn_1INNxaJm8ehcCWGI9IFjQiQ3 - 8994163691771201 - February 23, 2021, 2:57 pm
txn_1IMcbTJm8ehcCWGIvSwuotVF - 8994163691984205 - February 23, 2021, 2:57 pm
txn_1IN1BXJm8ehcCWGIC8vvgybC - 8994163692094200 - February 23, 2021, 2:57 pm
txn_1INhEyJm8ehcCWGIKrZUCPDh - 8994163691983208 - February 23, 2021, 2:57 pm
txn_1INO3CJm8ehcCWGIpjjLe1oQ - 8994163692090202 - February 23, 2021, 2:57 pm
txn_1IMcmoJm8ehcCWGISra7NF0K - 8994163692091209 - February 23, 2021, 2:57 pm
txn_1IN1mmJm8ehcCWGI2hXu4VOU - 8994163691769208 - February 23, 2021, 2:57 pm
txn_1INhkgJm8ehcCWGI31Xs5KNS - 8994163691979201 - February 23, 2021, 2:57 pm
txn_1IMgZ9Jm8ehcCWGIJ3aU3SKT - 8994163692092206 - February 23, 2021, 2:57 pm
txn_1INseRJm8ehcCWGIHZlvrd1j - 8994163691775209 - February 23, 2021, 2:57 pm
txn_1INt6BJm8ehcCWGIH2jhgSde - 8994163691985202 - February 23, 2021, 2:57 pm
txn_1INtHFJm8ehcCWGIDThf5Ulp - 8994163691982201 - February 23, 2021, 2:57 pm
txn_1INtOzJm8ehcCWGIlkYi5twM - 8994163691978204 - February 23, 2021, 2:57 pm
txn_1IMewQJm8ehcCWGIT0NBUSco - 8994163691777203 - February 23, 2021, 2:57 pm
txn_1INM13Jm8ehcCWGIrt2PtE9R - 8994163692098208 - February 23, 2021, 2:57 pm
txn_1IMbNkJm8ehcCWGI9XP3BzlG - 8994163691991203 - February 23, 2021, 2:57 pm
txn_1INg9jJm8ehcCWGIleb3NjrV - 8994163692097201 - February 23, 2021, 2:57 pm
txn_1IMfJFJm8ehcCWGIGYzpnF0Q - 8994163691989200 - February 23, 2021, 2:57 pm
txn_1INNVoJm8ehcCWGIKk8Yl22a - 8994163692095207 - February 23, 2021, 2:57 pm
txn_1IN13EJm8ehcCWGI81YAbBxj - 8994163691986209 - February 23, 2021, 2:57 pm
txn_1IMc7PJm8ehcCWGIkTQneRyF - 8994163691987206 - February 23, 2021, 2:57 pm
txn_1INgQhJm8ehcCWGIFoaMHokv - 8994163691772208 - February 23, 2021, 2:57 pm
txn_1IMgBOJm8ehcCWGIFmgmw48y - 8994163691981204 - February 23, 2021, 2:57 pm
txn_1INNxaJm8ehcCWGI9IFjQiQ3 - 8994163691771201 - February 23, 2021, 2:57 pm
txn_1IMcbTJm8ehcCWGIvSwuotVF - 8994163691984205 - February 23, 2021, 2:57 pm
txn_1IN1BXJm8ehcCWGIC8vvgybC - 8994163692094200 - February 23, 2021, 2:57 pm
txn_1INhEyJm8ehcCWGIKrZUCPDh - 8994163691983208 - February 23, 2021, 2:57 pm
txn_1INO3CJm8ehcCWGIpjjLe1oQ - 8994163692090202 - February 23, 2021, 2:57 pm
txn_1IMcmoJm8ehcCWGISra7NF0K - 8994163692091209 - February 23, 2021, 2:57 pm
txn_1IN1mmJm8ehcCWGI2hXu4VOU - 8994163691769208 - February 23, 2021, 2:57 pm
txn_1INhkgJm8ehcCWGI31Xs5KNS - 8994163691979201 - February 23, 2021, 2:57 pm
txn_1IMgZ9Jm8ehcCWGIJ3aU3SKT - 8994163692092206 - February 23, 2021, 2:57 pm
txn_1INseRJm8ehcCWGIHZlvrd1j - 8994163691775209 - February 23, 2021, 2:57 pm
txn_1INt6BJm8ehcCWGIH2jhgSde - 8994163691985202 - February 23, 2021, 2:57 pm
txn_1INtHFJm8ehcCWGIDThf5Ulp - 8994163691982201 - February 23, 2021, 2:57 pm
txn_1INtOzJm8ehcCWGIlkYi5twM - 8994163691978204 - February 23, 2021, 2:57 pm
txn_1IMdi3Jm8ehcCWGIAhUm4oFS - 8994163695405201 - February 23, 2021, 3:02 pm
txn_1INXeDJm8ehcCWGIrCAuxU46 - 8994163695603201 - February 23, 2021, 3:02 pm
txn_1IMRU4Jm8ehcCWGInNlBQgmR - 8994163695601207 - February 23, 2021, 3:02 pm
txn_1INPV0Jm8ehcCWGINf7yeOIB - 8994163695404204 - February 23, 2021, 3:02 pm
txn_1IMkrDJm8ehcCWGIZ9Iw1s5x - 8994163695402200 - February 23, 2021, 3:02 pm
txn_1IN5OSJm8ehcCWGIbSr1KvMb - 8994163695401203 - February 23, 2021, 3:02 pm
txn_1IMe0eJm8ehcCWGIWqmVPBSf - 8994163695600200 - February 23, 2021, 3:02 pm
txn_1INi2KJm8ehcCWGIXA0tvqYF - 8994163695264204 - February 23, 2021, 3:02 pm
txn_1IMSzlJm8ehcCWGIJtLw8omH - 8994163695197205 - February 23, 2021, 3:02 pm
txn_1IMl3kJm8ehcCWGIdDteHcTx - 8994163695262200 - February 23, 2021, 3:02 pm
txn_1INPg3Jm8ehcCWGIAnoUfTfu - 8994163695196208 - February 23, 2021, 3:02 pm
txn_1IN5mPJm8ehcCWGIV61CUsHi - 8994163694996205 - February 23, 2021, 3:02 pm
txn_1IMe3UJm8ehcCWGIAvnYvD55 - 8994163695195201 - February 23, 2021, 3:02 pm
txn_1INiYRJm8ehcCWGINW2r0p6W - 8994163695194204 - February 23, 2021, 3:02 pm
txn_1IMYEuJm8ehcCWGIk6rsh5Ys - 8994163694992207 - February 23, 2021, 3:02 pm
txn_1IMlNeJm8ehcCWGIzIKGvG4S - 8994163695191203 - February 23, 2021, 3:02 pm
txn_1IN6mXJm8ehcCWGIuL5jAyei - 8994163694991200 - February 23, 2021, 3:02 pm
txn_1INQczJm8ehcCWGIowQzeKea - 8994163695190206 - February 23, 2021, 3:02 pm
txn_1IMe4yJm8ehcCWGI7Mrode4H - 8994163695192200 - February 23, 2021, 3:02 pm
txn_1INieYJm8ehcCWGIsANsIJb2 - 8994163695259200 - February 23, 2021, 3:02 pm
txn_1IMZxGJm8ehcCWGIcjdw55NE - 8994163695188203 - February 23, 2021, 3:02 pm
txn_1IMdi3Jm8ehcCWGIAhUm4oFS - 8994163695405201 - February 23, 2021, 3:02 pm
txn_1INXeDJm8ehcCWGIrCAuxU46 - 8994163695603201 - February 23, 2021, 3:02 pm
txn_1IMRU4Jm8ehcCWGInNlBQgmR - 8994163695601207 - February 23, 2021, 3:02 pm
txn_1INPV0Jm8ehcCWGINf7yeOIB - 8994163695404204 - February 23, 2021, 3:02 pm
txn_1IMkrDJm8ehcCWGIZ9Iw1s5x - 8994163695402200 - February 23, 2021, 3:02 pm
txn_1IN5OSJm8ehcCWGIbSr1KvMb - 8994163695401203 - February 23, 2021, 3:02 pm
txn_1IMe0eJm8ehcCWGIWqmVPBSf - 8994163695600200 - February 23, 2021, 3:02 pm
txn_1INi2KJm8ehcCWGIXA0tvqYF - 8994163695264204 - February 23, 2021, 3:02 pm
txn_1IMSzlJm8ehcCWGIJtLw8omH - 8994163695197205 - February 23, 2021, 3:02 pm
txn_1IMl3kJm8ehcCWGIdDteHcTx - 8994163695262200 - February 23, 2021, 3:02 pm
txn_1INPg3Jm8ehcCWGIAnoUfTfu - 8994163695196208 - February 23, 2021, 3:02 pm
txn_1IN5mPJm8ehcCWGIV61CUsHi - 8994163694996205 - February 23, 2021, 3:02 pm
txn_1IMe3UJm8ehcCWGIAvnYvD55 - 8994163695195201 - February 23, 2021, 3:02 pm
txn_1INiYRJm8ehcCWGINW2r0p6W - 8994163695194204 - February 23, 2021, 3:02 pm
txn_1IMYEuJm8ehcCWGIk6rsh5Ys - 8994163694992207 - February 23, 2021, 3:02 pm
txn_1IMlNeJm8ehcCWGIzIKGvG4S - 8994163695191203 - February 23, 2021, 3:02 pm
txn_1IN6mXJm8ehcCWGIuL5jAyei - 8994163694991200 - February 23, 2021, 3:02 pm
txn_1INQczJm8ehcCWGIowQzeKea - 8994163695190206 - February 23, 2021, 3:02 pm
txn_1IMe4yJm8ehcCWGI7Mrode4H - 8994163695192200 - February 23, 2021, 3:02 pm
txn_1INieYJm8ehcCWGIsANsIJb2 - 8994163695259200 - February 23, 2021, 3:02 pm
txn_1IMZxGJm8ehcCWGIcjdw55NE - 8994163695188203 - February 23, 2021, 3:02 pm
txn_1IMdi3Jm8ehcCWGIAhUm4oFS - 8994163695405201 - February 23, 2021, 3:02 pm
txn_1INXeDJm8ehcCWGIrCAuxU46 - 8994163695603201 - February 23, 2021, 3:02 pm
txn_1IMRU4Jm8ehcCWGInNlBQgmR - 8994163695601207 - February 23, 2021, 3:02 pm
txn_1INPV0Jm8ehcCWGINf7yeOIB - 8994163695404204 - February 23, 2021, 3:02 pm
txn_1IMkrDJm8ehcCWGIZ9Iw1s5x - 8994163695402200 - February 23, 2021, 3:02 pm
txn_1IN5OSJm8ehcCWGIbSr1KvMb - 8994163695401203 - February 23, 2021, 3:02 pm
txn_1IMe0eJm8ehcCWGIWqmVPBSf - 8994163695600200 - February 23, 2021, 3:02 pm
txn_1INi2KJm8ehcCWGIXA0tvqYF - 8994163695264204 - February 23, 2021, 3:02 pm
txn_1IMSzlJm8ehcCWGIJtLw8omH - 8994163695197205 - February 23, 2021, 3:02 pm
txn_1IMl3kJm8ehcCWGIdDteHcTx - 8994163695262200 - February 23, 2021, 3:02 pm
txn_1INPg3Jm8ehcCWGIAnoUfTfu - 8994163695196208 - February 23, 2021, 3:02 pm
txn_1IN5mPJm8ehcCWGIV61CUsHi - 8994163694996205 - February 23, 2021, 3:02 pm
txn_1IMe3UJm8ehcCWGIAvnYvD55 - 8994163695195201 - February 23, 2021, 3:02 pm
txn_1INiYRJm8ehcCWGINW2r0p6W - 8994163695194204 - February 23, 2021, 3:02 pm
txn_1IMYEuJm8ehcCWGIk6rsh5Ys - 8994163694992207 - February 23, 2021, 3:02 pm
txn_1IMlNeJm8ehcCWGIzIKGvG4S - 8994163695191203 - February 23, 2021, 3:02 pm
txn_1IN6mXJm8ehcCWGIuL5jAyei - 8994163694991200 - February 23, 2021, 3:02 pm
txn_1INQczJm8ehcCWGIowQzeKea - 8994163695190206 - February 23, 2021, 3:02 pm
txn_1IMe4yJm8ehcCWGI7Mrode4H - 8994163695192200 - February 23, 2021, 3:02 pm
txn_1INieYJm8ehcCWGIsANsIJb2 - 8994163695259200 - February 23, 2021, 3:02 pm
txn_1IMZxGJm8ehcCWGIcjdw55NE - 8994163695188203 - February 23, 2021, 3:02 pm
txn_1IMdi3Jm8ehcCWGIAhUm4oFS - 8994163695405201 - February 23, 2021, 3:03 pm
txn_1INXeDJm8ehcCWGIrCAuxU46 - 8994163695603201 - February 23, 2021, 3:03 pm
txn_1IMRU4Jm8ehcCWGInNlBQgmR - 8994163695601207 - February 23, 2021, 3:03 pm
txn_1INPV0Jm8ehcCWGINf7yeOIB - 8994163695404204 - February 23, 2021, 3:03 pm
txn_1IMkrDJm8ehcCWGIZ9Iw1s5x - 8994163695402200 - February 23, 2021, 3:03 pm
txn_1IN5OSJm8ehcCWGIbSr1KvMb - 8994163695401203 - February 23, 2021, 3:03 pm
txn_1IMe0eJm8ehcCWGIWqmVPBSf - 8994163695600200 - February 23, 2021, 3:03 pm
txn_1INi2KJm8ehcCWGIXA0tvqYF - 8994163695264204 - February 23, 2021, 3:03 pm
txn_1IMSzlJm8ehcCWGIJtLw8omH - 8994163695197205 - February 23, 2021, 3:03 pm
txn_1IMl3kJm8ehcCWGIdDteHcTx - 8994163695262200 - February 23, 2021, 3:03 pm
txn_1INPg3Jm8ehcCWGIAnoUfTfu - 8994163695196208 - February 23, 2021, 3:03 pm
txn_1IN5mPJm8ehcCWGIV61CUsHi - 8994163694996205 - February 23, 2021, 3:03 pm
txn_1IMe3UJm8ehcCWGIAvnYvD55 - 8994163695195201 - February 23, 2021, 3:03 pm
txn_1INiYRJm8ehcCWGINW2r0p6W - 8994163695194204 - February 23, 2021, 3:03 pm
txn_1IMYEuJm8ehcCWGIk6rsh5Ys - 8994163694992207 - February 23, 2021, 3:03 pm
txn_1IMlNeJm8ehcCWGIzIKGvG4S - 8994163695191203 - February 23, 2021, 3:03 pm
txn_1IN6mXJm8ehcCWGIuL5jAyei - 8994163694991200 - February 23, 2021, 3:03 pm
txn_1INQczJm8ehcCWGIowQzeKea - 8994163695190206 - February 23, 2021, 3:03 pm
txn_1IMe4yJm8ehcCWGI7Mrode4H - 8994163695192200 - February 23, 2021, 3:03 pm
txn_1INieYJm8ehcCWGIsANsIJb2 - 8994163695259200 - February 23, 2021, 3:03 pm
txn_1IMZxGJm8ehcCWGIcjdw55NE - 8994163695188203 - February 23, 2021, 3:03 pm
txn_1IMj5aJm8ehcCWGIhHKNPh74 - 8994163695286206 - February 23, 2021, 3:03 pm
txn_1IN5DNJm8ehcCWGIiB2FnMMz - 8994163695459204 - February 23, 2021, 3:03 pm
txn_1INmJRJm8ehcCWGIWbqV7LRg - 8994163695285209 - February 23, 2021, 3:03 pm
txn_1IMPLCJm8ehcCWGI0quiSYER - 8994163695655200 - February 23, 2021, 3:03 pm
txn_1INS7MJm8ehcCWGIM2JB8Zw0 - 8994163695284202 - February 23, 2021, 3:03 pm
txn_1IMjjPJm8ehcCWGIJ5uuzN1I - 8994163695283205 - February 23, 2021, 3:03 pm
txn_1IN9Q7Jm8ehcCWGItaLRKwqI - 8994163695653206 - February 23, 2021, 3:03 pm
txn_1INmMcJm8ehcCWGIeuP4JN04 - 8994163695649209 - February 23, 2021, 3:03 pm
txn_1IMPWgJm8ehcCWGIvCJ9jK8q - 8994163695449205 - February 23, 2021, 3:03 pm
txn_1INSu5Jm8ehcCWGIPDLdbA0e - 8994163695448208 - February 23, 2021, 3:03 pm
txn_1IMjkvJm8ehcCWGIX6JWr3Pi - 8994163695447201 - February 23, 2021, 3:03 pm
txn_1IN9ViJm8ehcCWGIfx5HxKVH - 8994163695446204 - February 23, 2021, 3:03 pm
txn_1INmZyJm8ehcCWGI6FKAB3TB - 8994163695643207 - February 23, 2021, 3:03 pm
txn_1IMQ4fJm8ehcCWGIJCsJbzpr - 8994163695443203 - February 23, 2021, 3:03 pm
txn_1INSv2Jm8ehcCWGI140O7Q2h - 8994163695642200 - February 23, 2021, 3:03 pm
txn_1IMjtvJm8ehcCWGIaO02jTux - 8994163695641203 - February 23, 2021, 3:03 pm
txn_1IN9nnJm8ehcCWGIgqmq9MBU - 8994163695278201 - February 23, 2021, 3:03 pm
txn_1INmvGJm8ehcCWGIwVEfF3bR - 8994163695441209 - February 23, 2021, 3:03 pm
txn_1INUIYJm8ehcCWGIHHYFEbXL - 8994163695438209 - February 23, 2021, 3:03 pm
txn_1IMQunJm8ehcCWGIVnMpAMcm - 8994163695437202 - February 23, 2021, 3:03 pm
txn_1IMlOjJm8ehcCWGIMX8a25qv - 8994163695439206 - February 23, 2021, 3:03 pm
txn_1IN9rWJm8ehcCWGIq8LT2HGZ - 8994163695640206 - February 23, 2021, 3:03 pm
txn_1IMdi3Jm8ehcCWGIAhUm4oFS - 8994163695405201 - February 23, 2021, 3:03 pm
txn_1INXeDJm8ehcCWGIrCAuxU46 - 8994163695603201 - February 23, 2021, 3:03 pm
txn_1IMRU4Jm8ehcCWGInNlBQgmR - 8994163695601207 - February 23, 2021, 3:03 pm
txn_1INPV0Jm8ehcCWGINf7yeOIB - 8994163695404204 - February 23, 2021, 3:03 pm
txn_1IMkrDJm8ehcCWGIZ9Iw1s5x - 8994163695402200 - February 23, 2021, 3:03 pm
txn_1IN5OSJm8ehcCWGIbSr1KvMb - 8994163695401203 - February 23, 2021, 3:03 pm
txn_1IMe0eJm8ehcCWGIWqmVPBSf - 8994163695600200 - February 23, 2021, 3:03 pm
txn_1INi2KJm8ehcCWGIXA0tvqYF - 8994163695264204 - February 23, 2021, 3:03 pm
txn_1IMSzlJm8ehcCWGIJtLw8omH - 8994163695197205 - February 23, 2021, 3:03 pm
txn_1IMl3kJm8ehcCWGIdDteHcTx - 8994163695262200 - February 23, 2021, 3:03 pm
txn_1INPg3Jm8ehcCWGIAnoUfTfu - 8994163695196208 - February 23, 2021, 3:03 pm
txn_1IN5mPJm8ehcCWGIV61CUsHi - 8994163694996205 - February 23, 2021, 3:03 pm
txn_1IMe3UJm8ehcCWGIAvnYvD55 - 8994163695195201 - February 23, 2021, 3:03 pm
txn_1INiYRJm8ehcCWGINW2r0p6W - 8994163695194204 - February 23, 2021, 3:03 pm
txn_1IMYEuJm8ehcCWGIk6rsh5Ys - 8994163694992207 - February 23, 2021, 3:03 pm
txn_1IMlNeJm8ehcCWGIzIKGvG4S - 8994163695191203 - February 23, 2021, 3:03 pm
txn_1IN6mXJm8ehcCWGIuL5jAyei - 8994163694991200 - February 23, 2021, 3:03 pm
txn_1INQczJm8ehcCWGIowQzeKea - 8994163695190206 - February 23, 2021, 3:03 pm
txn_1IMe4yJm8ehcCWGI7Mrode4H - 8994163695192200 - February 23, 2021, 3:03 pm
txn_1INieYJm8ehcCWGIsANsIJb2 - 8994163695259200 - February 23, 2021, 3:03 pm
txn_1IMZxGJm8ehcCWGIcjdw55NE - 8994163695188203 - February 23, 2021, 3:03 pm
txn_1IMj5aJm8ehcCWGIhHKNPh74 - 8994163695286206 - February 23, 2021, 3:03 pm
txn_1IN5DNJm8ehcCWGIiB2FnMMz - 8994163695459204 - February 23, 2021, 3:03 pm
txn_1INmJRJm8ehcCWGIWbqV7LRg - 8994163695285209 - February 23, 2021, 3:03 pm
txn_1IMPLCJm8ehcCWGI0quiSYER - 8994163695655200 - February 23, 2021, 3:03 pm
txn_1INS7MJm8ehcCWGIM2JB8Zw0 - 8994163695284202 - February 23, 2021, 3:03 pm
txn_1IMjjPJm8ehcCWGIJ5uuzN1I - 8994163695283205 - February 23, 2021, 3:03 pm
txn_1IN9Q7Jm8ehcCWGItaLRKwqI - 8994163695653206 - February 23, 2021, 3:03 pm
txn_1INmMcJm8ehcCWGIeuP4JN04 - 8994163695649209 - February 23, 2021, 3:03 pm
txn_1IMPWgJm8ehcCWGIvCJ9jK8q - 8994163695449205 - February 23, 2021, 3:03 pm
txn_1INSu5Jm8ehcCWGIPDLdbA0e - 8994163695448208 - February 23, 2021, 3:03 pm
txn_1IMjkvJm8ehcCWGIX6JWr3Pi - 8994163695447201 - February 23, 2021, 3:03 pm
txn_1IN9ViJm8ehcCWGIfx5HxKVH - 8994163695446204 - February 23, 2021, 3:03 pm
txn_1INmZyJm8ehcCWGI6FKAB3TB - 8994163695643207 - February 23, 2021, 3:03 pm
txn_1IMQ4fJm8ehcCWGIJCsJbzpr - 8994163695443203 - February 23, 2021, 3:03 pm
txn_1INSv2Jm8ehcCWGI140O7Q2h - 8994163695642200 - February 23, 2021, 3:03 pm
txn_1IMjtvJm8ehcCWGIaO02jTux - 8994163695641203 - February 23, 2021, 3:03 pm
txn_1IN9nnJm8ehcCWGIgqmq9MBU - 8994163695278201 - February 23, 2021, 3:03 pm
txn_1INmvGJm8ehcCWGIwVEfF3bR - 8994163695441209 - February 23, 2021, 3:03 pm
txn_1INUIYJm8ehcCWGIHHYFEbXL - 8994163695438209 - February 23, 2021, 3:03 pm
txn_1IMQunJm8ehcCWGIVnMpAMcm - 8994163695437202 - February 23, 2021, 3:03 pm
txn_1IMlOjJm8ehcCWGIMX8a25qv - 8994163695439206 - February 23, 2021, 3:03 pm
txn_1IN9rWJm8ehcCWGIq8LT2HGZ - 8994163695640206 - February 23, 2021, 3:03 pm
txn_1IMdi3Jm8ehcCWGIAhUm4oFS - 8994163695405201 - February 23, 2021, 3:03 pm
txn_1INXeDJm8ehcCWGIrCAuxU46 - 8994163695603201 - February 23, 2021, 3:03 pm
txn_1IMRU4Jm8ehcCWGInNlBQgmR - 8994163695601207 - February 23, 2021, 3:03 pm
txn_1INPV0Jm8ehcCWGINf7yeOIB - 8994163695404204 - February 23, 2021, 3:03 pm
txn_1IMkrDJm8ehcCWGIZ9Iw1s5x - 8994163695402200 - February 23, 2021, 3:03 pm
txn_1IN5OSJm8ehcCWGIbSr1KvMb - 8994163695401203 - February 23, 2021, 3:03 pm
txn_1IMe0eJm8ehcCWGIWqmVPBSf - 8994163695600200 - February 23, 2021, 3:03 pm
txn_1INi2KJm8ehcCWGIXA0tvqYF - 8994163695264204 - February 23, 2021, 3:03 pm
txn_1IMSzlJm8ehcCWGIJtLw8omH - 8994163695197205 - February 23, 2021, 3:03 pm
txn_1IMl3kJm8ehcCWGIdDteHcTx - 8994163695262200 - February 23, 2021, 3:03 pm
txn_1INPg3Jm8ehcCWGIAnoUfTfu - 8994163695196208 - February 23, 2021, 3:03 pm
txn_1IN5mPJm8ehcCWGIV61CUsHi - 8994163694996205 - February 23, 2021, 3:03 pm
txn_1IMe3UJm8ehcCWGIAvnYvD55 - 8994163695195201 - February 23, 2021, 3:03 pm
txn_1INiYRJm8ehcCWGINW2r0p6W - 8994163695194204 - February 23, 2021, 3:03 pm
txn_1IMYEuJm8ehcCWGIk6rsh5Ys - 8994163694992207 - February 23, 2021, 3:03 pm
txn_1IMlNeJm8ehcCWGIzIKGvG4S - 8994163695191203 - February 23, 2021, 3:03 pm
txn_1IN6mXJm8ehcCWGIuL5jAyei - 8994163694991200 - February 23, 2021, 3:03 pm
txn_1INQczJm8ehcCWGIowQzeKea - 8994163695190206 - February 23, 2021, 3:03 pm
txn_1IMe4yJm8ehcCWGI7Mrode4H - 8994163695192200 - February 23, 2021, 3:03 pm
txn_1INieYJm8ehcCWGIsANsIJb2 - 8994163695259200 - February 23, 2021, 3:03 pm
txn_1IMZxGJm8ehcCWGIcjdw55NE - 8994163695188203 - February 23, 2021, 3:03 pm
txn_1IMj5aJm8ehcCWGIhHKNPh74 - 8994163695286206 - February 23, 2021, 3:03 pm
txn_1IN5DNJm8ehcCWGIiB2FnMMz - 8994163695459204 - February 23, 2021, 3:03 pm
txn_1INmJRJm8ehcCWGIWbqV7LRg - 8994163695285209 - February 23, 2021, 3:03 pm
txn_1IMPLCJm8ehcCWGI0quiSYER - 8994163695655200 - February 23, 2021, 3:03 pm
txn_1INS7MJm8ehcCWGIM2JB8Zw0 - 8994163695284202 - February 23, 2021, 3:03 pm
txn_1IMjjPJm8ehcCWGIJ5uuzN1I - 8994163695283205 - February 23, 2021, 3:03 pm
txn_1IN9Q7Jm8ehcCWGItaLRKwqI - 8994163695653206 - February 23, 2021, 3:03 pm
txn_1INmMcJm8ehcCWGIeuP4JN04 - 8994163695649209 - February 23, 2021, 3:03 pm
txn_1IMPWgJm8ehcCWGIvCJ9jK8q - 8994163695449205 - February 23, 2021, 3:03 pm
txn_1INSu5Jm8ehcCWGIPDLdbA0e - 8994163695448208 - February 23, 2021, 3:03 pm
txn_1IMjkvJm8ehcCWGIX6JWr3Pi - 8994163695447201 - February 23, 2021, 3:03 pm
txn_1IN9ViJm8ehcCWGIfx5HxKVH - 8994163695446204 - February 23, 2021, 3:03 pm
txn_1INmZyJm8ehcCWGI6FKAB3TB - 8994163695643207 - February 23, 2021, 3:03 pm
txn_1IMQ4fJm8ehcCWGIJCsJbzpr - 8994163695443203 - February 23, 2021, 3:03 pm
txn_1INSv2Jm8ehcCWGI140O7Q2h - 8994163695642200 - February 23, 2021, 3:03 pm
txn_1IMjtvJm8ehcCWGIaO02jTux - 8994163695641203 - February 23, 2021, 3:03 pm
txn_1IN9nnJm8ehcCWGIgqmq9MBU - 8994163695278201 - February 23, 2021, 3:03 pm
txn_1INmvGJm8ehcCWGIwVEfF3bR - 8994163695441209 - February 23, 2021, 3:03 pm
txn_1INUIYJm8ehcCWGIHHYFEbXL - 8994163695438209 - February 23, 2021, 3:03 pm
txn_1IMQunJm8ehcCWGIVnMpAMcm - 8994163695437202 - February 23, 2021, 3:03 pm
txn_1IMlOjJm8ehcCWGIMX8a25qv - 8994163695439206 - February 23, 2021, 3:03 pm
txn_1IN9rWJm8ehcCWGIq8LT2HGZ - 8994163695640206 - February 23, 2021, 3:03 pm
txn_1IMdi3Jm8ehcCWGIAhUm4oFS - 8994163695405201 - February 23, 2021, 3:04 pm
txn_1INXeDJm8ehcCWGIrCAuxU46 - 8994163695603201 - February 23, 2021, 3:04 pm
txn_1IMRU4Jm8ehcCWGInNlBQgmR - 8994163695601207 - February 23, 2021, 3:04 pm
txn_1INPV0Jm8ehcCWGINf7yeOIB - 8994163695404204 - February 23, 2021, 3:04 pm
txn_1IMkrDJm8ehcCWGIZ9Iw1s5x - 8994163695402200 - February 23, 2021, 3:04 pm
txn_1IN5OSJm8ehcCWGIbSr1KvMb - 8994163695401203 - February 23, 2021, 3:04 pm
txn_1IMe0eJm8ehcCWGIWqmVPBSf - 8994163695600200 - February 23, 2021, 3:04 pm
txn_1INi2KJm8ehcCWGIXA0tvqYF - 8994163695264204 - February 23, 2021, 3:04 pm
txn_1IMSzlJm8ehcCWGIJtLw8omH - 8994163695197205 - February 23, 2021, 3:04 pm
txn_1IMl3kJm8ehcCWGIdDteHcTx - 8994163695262200 - February 23, 2021, 3:04 pm
txn_1INPg3Jm8ehcCWGIAnoUfTfu - 8994163695196208 - February 23, 2021, 3:04 pm
txn_1IN5mPJm8ehcCWGIV61CUsHi - 8994163694996205 - February 23, 2021, 3:04 pm
txn_1IMe3UJm8ehcCWGIAvnYvD55 - 8994163695195201 - February 23, 2021, 3:04 pm
txn_1INiYRJm8ehcCWGINW2r0p6W - 8994163695194204 - February 23, 2021, 3:04 pm
txn_1IMYEuJm8ehcCWGIk6rsh5Ys - 8994163694992207 - February 23, 2021, 3:04 pm
txn_1IMlNeJm8ehcCWGIzIKGvG4S - 8994163695191203 - February 23, 2021, 3:04 pm
txn_1IN6mXJm8ehcCWGIuL5jAyei - 8994163694991200 - February 23, 2021, 3:04 pm
txn_1INQczJm8ehcCWGIowQzeKea - 8994163695190206 - February 23, 2021, 3:04 pm
txn_1IMe4yJm8ehcCWGI7Mrode4H - 8994163695192200 - February 23, 2021, 3:04 pm
txn_1INieYJm8ehcCWGIsANsIJb2 - 8994163695259200 - February 23, 2021, 3:04 pm
txn_1IMZxGJm8ehcCWGIcjdw55NE - 8994163695188203 - February 23, 2021, 3:04 pm
txn_1IMj5aJm8ehcCWGIhHKNPh74 - 8994163695286206 - February 23, 2021, 3:04 pm
txn_1IN5DNJm8ehcCWGIiB2FnMMz - 8994163695459204 - February 23, 2021, 3:04 pm
txn_1INmJRJm8ehcCWGIWbqV7LRg - 8994163695285209 - February 23, 2021, 3:04 pm
txn_1IMPLCJm8ehcCWGI0quiSYER - 8994163695655200 - February 23, 2021, 3:04 pm
txn_1INS7MJm8ehcCWGIM2JB8Zw0 - 8994163695284202 - February 23, 2021, 3:04 pm
txn_1IMjjPJm8ehcCWGIJ5uuzN1I - 8994163695283205 - February 23, 2021, 3:04 pm
txn_1IN9Q7Jm8ehcCWGItaLRKwqI - 8994163695653206 - February 23, 2021, 3:04 pm
txn_1INmMcJm8ehcCWGIeuP4JN04 - 8994163695649209 - February 23, 2021, 3:04 pm
txn_1IMPWgJm8ehcCWGIvCJ9jK8q - 8994163695449205 - February 23, 2021, 3:04 pm
txn_1INSu5Jm8ehcCWGIPDLdbA0e - 8994163695448208 - February 23, 2021, 3:04 pm
txn_1IMjkvJm8ehcCWGIX6JWr3Pi - 8994163695447201 - February 23, 2021, 3:04 pm
txn_1IN9ViJm8ehcCWGIfx5HxKVH - 8994163695446204 - February 23, 2021, 3:04 pm
txn_1INmZyJm8ehcCWGI6FKAB3TB - 8994163695643207 - February 23, 2021, 3:04 pm
txn_1IMQ4fJm8ehcCWGIJCsJbzpr - 8994163695443203 - February 23, 2021, 3:04 pm
txn_1INSv2Jm8ehcCWGI140O7Q2h - 8994163695642200 - February 23, 2021, 3:04 pm
txn_1IMjtvJm8ehcCWGIaO02jTux - 8994163695641203 - February 23, 2021, 3:04 pm
txn_1IN9nnJm8ehcCWGIgqmq9MBU - 8994163695278201 - February 23, 2021, 3:04 pm
txn_1INmvGJm8ehcCWGIwVEfF3bR - 8994163695441209 - February 23, 2021, 3:04 pm
txn_1INUIYJm8ehcCWGIHHYFEbXL - 8994163695438209 - February 23, 2021, 3:04 pm
txn_1IMQunJm8ehcCWGIVnMpAMcm - 8994163695437202 - February 23, 2021, 3:04 pm
txn_1IMlOjJm8ehcCWGIMX8a25qv - 8994163695439206 - February 23, 2021, 3:04 pm
txn_1IN9rWJm8ehcCWGIq8LT2HGZ - 8994163695640206 - February 23, 2021, 3:04 pm
txn_1INWC0Jm8ehcCWGI0nVorAL7 - 8994163695517201 - February 23, 2021, 3:04 pm
txn_1IN5BlJm8ehcCWGIPTz03KVH - 8994163695514200 - February 23, 2021, 3:04 pm
txn_1IMgaAJm8ehcCWGIS8kF9yDQ - 8994163695313209 - February 23, 2021, 3:04 pm
txn_1INjC6Jm8ehcCWGI45V1C4WZ - 8994163695697200 - February 23, 2021, 3:04 pm
txn_1IMgflJm8ehcCWGIsBECyGiq - 8994163695513203 - February 23, 2021, 3:04 pm
txn_1INAVAJm8ehcCWGIpvqBszG8 - 8994163695696203 - February 23, 2021, 3:04 pm
txn_1INjX8Jm8ehcCWGI6ZIZCE70 - 8994163695693202 - February 23, 2021, 3:04 pm
txn_1IMgoRJm8ehcCWGIlsuG6nb7 - 8994163695692205 - February 23, 2021, 3:04 pm
txn_1INGsRJm8ehcCWGIWNWnyfbD - 8994163695508209 - February 23, 2021, 3:04 pm
txn_1INjceJm8ehcCWGIZ4mkj2Db - 8994163695505208 - February 23, 2021, 3:04 pm
txn_1INkEvJm8ehcCWGI5wa3WuZr - 8994163695685207 - February 23, 2021, 3:04 pm
txn_1IMhKYJm8ehcCWGIJ4OU4y3I - 8994163695309202 - February 23, 2021, 3:04 pm
txn_1INKnGJm8ehcCWGICbMYsDK2 - 8994163695684200 - February 23, 2021, 3:04 pm
txn_1INjv0Jm8ehcCWGIK23026yk - 8994163695683203 - February 23, 2021, 3:04 pm
txn_1IMhkjJm8ehcCWGIW6GLJ4Wz - 8994163695682206 - February 23, 2021, 3:04 pm
txn_1INLGVJm8ehcCWGIkvoGeLdw - 8994163695680202 - February 23, 2021, 3:04 pm
txn_1INkKhJm8ehcCWGIKIclU24W - 8994163695307208 - February 23, 2021, 3:04 pm
txn_1INk6uJm8ehcCWGIPUI5utID - 8994163695496209 - February 23, 2021, 3:04 pm
txn_1IMixmJm8ehcCWGIld1yWDPl - 8994163695497206 - February 23, 2021, 3:04 pm
txn_1INlGUJm8ehcCWGIoNo8VY0G - 8994163695498203 - February 23, 2021, 3:04 pm
txn_1INLXmJm8ehcCWGIxdEzLNFW - 8994163695303200 - February 23, 2021, 3:04 pm
txn_1IMdi3Jm8ehcCWGIAhUm4oFS - 8994163695405201 - February 23, 2021, 3:05 pm
txn_1INXeDJm8ehcCWGIrCAuxU46 - 8994163695603201 - February 23, 2021, 3:05 pm
txn_1IMRU4Jm8ehcCWGInNlBQgmR - 8994163695601207 - February 23, 2021, 3:05 pm
txn_1INPV0Jm8ehcCWGINf7yeOIB - 8994163695404204 - February 23, 2021, 3:05 pm
txn_1IMkrDJm8ehcCWGIZ9Iw1s5x - 8994163695402200 - February 23, 2021, 3:05 pm
txn_1IN5OSJm8ehcCWGIbSr1KvMb - 8994163695401203 - February 23, 2021, 3:05 pm
txn_1IMe0eJm8ehcCWGIWqmVPBSf - 8994163695600200 - February 23, 2021, 3:05 pm
txn_1INi2KJm8ehcCWGIXA0tvqYF - 8994163695264204 - February 23, 2021, 3:05 pm
txn_1IMSzlJm8ehcCWGIJtLw8omH - 8994163695197205 - February 23, 2021, 3:05 pm
txn_1IMl3kJm8ehcCWGIdDteHcTx - 8994163695262200 - February 23, 2021, 3:05 pm
txn_1INPg3Jm8ehcCWGIAnoUfTfu - 8994163695196208 - February 23, 2021, 3:05 pm
txn_1IN5mPJm8ehcCWGIV61CUsHi - 8994163694996205 - February 23, 2021, 3:05 pm
txn_1IMe3UJm8ehcCWGIAvnYvD55 - 8994163695195201 - February 23, 2021, 3:05 pm
txn_1INiYRJm8ehcCWGINW2r0p6W - 8994163695194204 - February 23, 2021, 3:05 pm
txn_1IMYEuJm8ehcCWGIk6rsh5Ys - 8994163694992207 - February 23, 2021, 3:05 pm
txn_1IMlNeJm8ehcCWGIzIKGvG4S - 8994163695191203 - February 23, 2021, 3:05 pm
txn_1IN6mXJm8ehcCWGIuL5jAyei - 8994163694991200 - February 23, 2021, 3:05 pm
txn_1INQczJm8ehcCWGIowQzeKea - 8994163695190206 - February 23, 2021, 3:05 pm
txn_1IMe4yJm8ehcCWGI7Mrode4H - 8994163695192200 - February 23, 2021, 3:05 pm
txn_1INieYJm8ehcCWGIsANsIJb2 - 8994163695259200 - February 23, 2021, 3:05 pm
txn_1IMZxGJm8ehcCWGIcjdw55NE - 8994163695188203 - February 23, 2021, 3:05 pm
txn_1IMj5aJm8ehcCWGIhHKNPh74 - 8994163695286206 - February 23, 2021, 3:05 pm
txn_1IN5DNJm8ehcCWGIiB2FnMMz - 8994163695459204 - February 23, 2021, 3:05 pm
txn_1INmJRJm8ehcCWGIWbqV7LRg - 8994163695285209 - February 23, 2021, 3:05 pm
txn_1IMPLCJm8ehcCWGI0quiSYER - 8994163695655200 - February 23, 2021, 3:05 pm
txn_1INS7MJm8ehcCWGIM2JB8Zw0 - 8994163695284202 - February 23, 2021, 3:05 pm
txn_1IMjjPJm8ehcCWGIJ5uuzN1I - 8994163695283205 - February 23, 2021, 3:05 pm
txn_1IN9Q7Jm8ehcCWGItaLRKwqI - 8994163695653206 - February 23, 2021, 3:05 pm
txn_1INmMcJm8ehcCWGIeuP4JN04 - 8994163695649209 - February 23, 2021, 3:05 pm
txn_1IMPWgJm8ehcCWGIvCJ9jK8q - 8994163695449205 - February 23, 2021, 3:05 pm
txn_1INSu5Jm8ehcCWGIPDLdbA0e - 8994163695448208 - February 23, 2021, 3:05 pm
txn_1IMjkvJm8ehcCWGIX6JWr3Pi - 8994163695447201 - February 23, 2021, 3:05 pm
txn_1IN9ViJm8ehcCWGIfx5HxKVH - 8994163695446204 - February 23, 2021, 3:05 pm
txn_1INmZyJm8ehcCWGI6FKAB3TB - 8994163695643207 - February 23, 2021, 3:05 pm
txn_1IMQ4fJm8ehcCWGIJCsJbzpr - 8994163695443203 - February 23, 2021, 3:05 pm
txn_1INSv2Jm8ehcCWGI140O7Q2h - 8994163695642200 - February 23, 2021, 3:05 pm
txn_1IMjtvJm8ehcCWGIaO02jTux - 8994163695641203 - February 23, 2021, 3:05 pm
txn_1IN9nnJm8ehcCWGIgqmq9MBU - 8994163695278201 - February 23, 2021, 3:05 pm
txn_1INmvGJm8ehcCWGIwVEfF3bR - 8994163695441209 - February 23, 2021, 3:05 pm
txn_1INUIYJm8ehcCWGIHHYFEbXL - 8994163695438209 - February 23, 2021, 3:05 pm
txn_1IMQunJm8ehcCWGIVnMpAMcm - 8994163695437202 - February 23, 2021, 3:05 pm
txn_1IMlOjJm8ehcCWGIMX8a25qv - 8994163695439206 - February 23, 2021, 3:05 pm
txn_1IN9rWJm8ehcCWGIq8LT2HGZ - 8994163695640206 - February 23, 2021, 3:05 pm
txn_1INWC0Jm8ehcCWGI0nVorAL7 - 8994163695517201 - February 23, 2021, 3:05 pm
txn_1IN5BlJm8ehcCWGIPTz03KVH - 8994163695514200 - February 23, 2021, 3:05 pm
txn_1IMgaAJm8ehcCWGIS8kF9yDQ - 8994163695313209 - February 23, 2021, 3:05 pm
txn_1INjC6Jm8ehcCWGI45V1C4WZ - 8994163695697200 - February 23, 2021, 3:05 pm
txn_1IMgflJm8ehcCWGIsBECyGiq - 8994163695513203 - February 23, 2021, 3:05 pm
txn_1INAVAJm8ehcCWGIpvqBszG8 - 8994163695696203 - February 23, 2021, 3:05 pm
txn_1INjX8Jm8ehcCWGI6ZIZCE70 - 8994163695693202 - February 23, 2021, 3:05 pm
txn_1IMgoRJm8ehcCWGIlsuG6nb7 - 8994163695692205 - February 23, 2021, 3:05 pm
txn_1INGsRJm8ehcCWGIWNWnyfbD - 8994163695508209 - February 23, 2021, 3:05 pm
txn_1INjceJm8ehcCWGIZ4mkj2Db - 8994163695505208 - February 23, 2021, 3:05 pm
txn_1INkEvJm8ehcCWGI5wa3WuZr - 8994163695685207 - February 23, 2021, 3:05 pm
txn_1IMhKYJm8ehcCWGIJ4OU4y3I - 8994163695309202 - February 23, 2021, 3:05 pm
txn_1INKnGJm8ehcCWGICbMYsDK2 - 8994163695684200 - February 23, 2021, 3:05 pm
txn_1INjv0Jm8ehcCWGIK23026yk - 8994163695683203 - February 23, 2021, 3:05 pm
txn_1IMhkjJm8ehcCWGIW6GLJ4Wz - 8994163695682206 - February 23, 2021, 3:05 pm
txn_1INLGVJm8ehcCWGIkvoGeLdw - 8994163695680202 - February 23, 2021, 3:05 pm
txn_1INkKhJm8ehcCWGIKIclU24W - 8994163695307208 - February 23, 2021, 3:05 pm
txn_1INk6uJm8ehcCWGIPUI5utID - 8994163695496209 - February 23, 2021, 3:05 pm
txn_1IMixmJm8ehcCWGIld1yWDPl - 8994163695497206 - February 23, 2021, 3:05 pm
txn_1INlGUJm8ehcCWGIoNo8VY0G - 8994163695498203 - February 23, 2021, 3:05 pm
txn_1INLXmJm8ehcCWGIxdEzLNFW - 8994163695303200 - February 23, 2021, 3:05 pm
txn_1IMO33Jm8ehcCWGI4d3Empnq -  - February 23, 2021, 3:05 pm
txn_1INn7eJm8ehcCWGIJ0mNcNvY - 8994163695324205 - February 23, 2021, 3:05 pm
txn_1INQziJm8ehcCWGIYlIkUzGU - 8994163695532204 - February 23, 2021, 3:05 pm
txn_1INn8QJm8ehcCWGIFlcgp3gq - 8994163695322201 - February 23, 2021, 3:05 pm
txn_1INRCPJm8ehcCWGIqv02hX6u - 8994163695727204 - February 23, 2021, 3:05 pm
txn_1INRWcJm8ehcCWGIKzXzZJqe - 8994163695321204 - February 23, 2021, 3:05 pm
txn_1IMeOeJm8ehcCWGIBCoIvGFB - 8994163695725200 - February 23, 2021, 3:05 pm
txn_1IMemrJm8ehcCWGIBgYtzQVT -  - February 23, 2021, 3:05 pm
txn_1IMn4QJm8ehcCWGI1xJRZW8j -  - February 23, 2021, 3:05 pm
txn_1INUZSJm8ehcCWGIJHpKcher -  - February 23, 2021, 3:05 pm
txn_1INVayJm8ehcCWGIWmFOGnm8 -  - February 23, 2021, 3:05 pm
txn_1IMnW4Jm8ehcCWGIs9Q5IRMm -  - February 23, 2021, 3:05 pm
txn_1IMuvbJm8ehcCWGIq6LgQrgR -  - February 23, 2021, 3:05 pm
txn_1INVqjJm8ehcCWGInjZzumsX -  - February 23, 2021, 3:05 pm
txn_1IMxNfJm8ehcCWGIkFGGMEpm -  - February 23, 2021, 3:05 pm
txn_1IMNmvJm8ehcCWGIWnH5o6GP -  - February 23, 2021, 3:05 pm
txn_1IMzCGJm8ehcCWGIsb0JNA9t -  - February 23, 2021, 3:05 pm
txn_1IMdi3Jm8ehcCWGIAhUm4oFS - 8994163695405201 - February 23, 2021, 3:06 pm
txn_1INXeDJm8ehcCWGIrCAuxU46 - 8994163695603201 - February 23, 2021, 3:06 pm
txn_1IMRU4Jm8ehcCWGInNlBQgmR - 8994163695601207 - February 23, 2021, 3:06 pm
txn_1INPV0Jm8ehcCWGINf7yeOIB - 8994163695404204 - February 23, 2021, 3:06 pm
txn_1IMkrDJm8ehcCWGIZ9Iw1s5x - 8994163695402200 - February 23, 2021, 3:06 pm
txn_1IN5OSJm8ehcCWGIbSr1KvMb - 8994163695401203 - February 23, 2021, 3:06 pm
txn_1IMe0eJm8ehcCWGIWqmVPBSf - 8994163695600200 - February 23, 2021, 3:06 pm
txn_1INi2KJm8ehcCWGIXA0tvqYF - 8994163695264204 - February 23, 2021, 3:06 pm
txn_1IMSzlJm8ehcCWGIJtLw8omH - 8994163695197205 - February 23, 2021, 3:06 pm
txn_1IMl3kJm8ehcCWGIdDteHcTx - 8994163695262200 - February 23, 2021, 3:06 pm
txn_1INPg3Jm8ehcCWGIAnoUfTfu - 8994163695196208 - February 23, 2021, 3:06 pm
txn_1IN5mPJm8ehcCWGIV61CUsHi - 8994163694996205 - February 23, 2021, 3:06 pm
txn_1IMe3UJm8ehcCWGIAvnYvD55 - 8994163695195201 - February 23, 2021, 3:06 pm
txn_1INiYRJm8ehcCWGINW2r0p6W - 8994163695194204 - February 23, 2021, 3:06 pm
txn_1IMYEuJm8ehcCWGIk6rsh5Ys - 8994163694992207 - February 23, 2021, 3:06 pm
txn_1IMlNeJm8ehcCWGIzIKGvG4S - 8994163695191203 - February 23, 2021, 3:06 pm
txn_1IN6mXJm8ehcCWGIuL5jAyei - 8994163694991200 - February 23, 2021, 3:06 pm
txn_1INQczJm8ehcCWGIowQzeKea - 8994163695190206 - February 23, 2021, 3:06 pm
txn_1IMe4yJm8ehcCWGI7Mrode4H - 8994163695192200 - February 23, 2021, 3:06 pm
txn_1INieYJm8ehcCWGIsANsIJb2 - 8994163695259200 - February 23, 2021, 3:06 pm
txn_1IMZxGJm8ehcCWGIcjdw55NE - 8994163695188203 - February 23, 2021, 3:06 pm
txn_1IMj5aJm8ehcCWGIhHKNPh74 - 8994163695286206 - February 23, 2021, 3:06 pm
txn_1IN5DNJm8ehcCWGIiB2FnMMz - 8994163695459204 - February 23, 2021, 3:06 pm
txn_1INmJRJm8ehcCWGIWbqV7LRg - 8994163695285209 - February 23, 2021, 3:06 pm
txn_1IMPLCJm8ehcCWGI0quiSYER - 8994163695655200 - February 23, 2021, 3:06 pm
txn_1INS7MJm8ehcCWGIM2JB8Zw0 - 8994163695284202 - February 23, 2021, 3:06 pm
txn_1IMjjPJm8ehcCWGIJ5uuzN1I - 8994163695283205 - February 23, 2021, 3:06 pm
txn_1IN9Q7Jm8ehcCWGItaLRKwqI - 8994163695653206 - February 23, 2021, 3:06 pm
txn_1INmMcJm8ehcCWGIeuP4JN04 - 8994163695649209 - February 23, 2021, 3:06 pm
txn_1IMPWgJm8ehcCWGIvCJ9jK8q - 8994163695449205 - February 23, 2021, 3:06 pm
txn_1INSu5Jm8ehcCWGIPDLdbA0e - 8994163695448208 - February 23, 2021, 3:06 pm
txn_1IMjkvJm8ehcCWGIX6JWr3Pi - 8994163695447201 - February 23, 2021, 3:06 pm
txn_1IN9ViJm8ehcCWGIfx5HxKVH - 8994163695446204 - February 23, 2021, 3:06 pm
txn_1INmZyJm8ehcCWGI6FKAB3TB - 8994163695643207 - February 23, 2021, 3:06 pm
txn_1IMQ4fJm8ehcCWGIJCsJbzpr - 8994163695443203 - February 23, 2021, 3:06 pm
txn_1INSv2Jm8ehcCWGI140O7Q2h - 8994163695642200 - February 23, 2021, 3:06 pm
txn_1IMjtvJm8ehcCWGIaO02jTux - 8994163695641203 - February 23, 2021, 3:06 pm
txn_1IN9nnJm8ehcCWGIgqmq9MBU - 8994163695278201 - February 23, 2021, 3:06 pm
txn_1INmvGJm8ehcCWGIwVEfF3bR - 8994163695441209 - February 23, 2021, 3:06 pm
txn_1INUIYJm8ehcCWGIHHYFEbXL - 8994163695438209 - February 23, 2021, 3:06 pm
txn_1IMQunJm8ehcCWGIVnMpAMcm - 8994163695437202 - February 23, 2021, 3:06 pm
txn_1IMlOjJm8ehcCWGIMX8a25qv - 8994163695439206 - February 23, 2021, 3:06 pm
txn_1IN9rWJm8ehcCWGIq8LT2HGZ - 8994163695640206 - February 23, 2021, 3:06 pm
txn_1INWC0Jm8ehcCWGI0nVorAL7 - 8994163695517201 - February 23, 2021, 3:06 pm
txn_1IN5BlJm8ehcCWGIPTz03KVH - 8994163695514200 - February 23, 2021, 3:06 pm
txn_1IMgaAJm8ehcCWGIS8kF9yDQ - 8994163695313209 - February 23, 2021, 3:06 pm
txn_1INjC6Jm8ehcCWGI45V1C4WZ - 8994163695697200 - February 23, 2021, 3:06 pm
txn_1IMgflJm8ehcCWGIsBECyGiq - 8994163695513203 - February 23, 2021, 3:06 pm
txn_1INAVAJm8ehcCWGIpvqBszG8 - 8994163695696203 - February 23, 2021, 3:06 pm
txn_1INjX8Jm8ehcCWGI6ZIZCE70 - 8994163695693202 - February 23, 2021, 3:06 pm
txn_1IMgoRJm8ehcCWGIlsuG6nb7 - 8994163695692205 - February 23, 2021, 3:06 pm
txn_1INGsRJm8ehcCWGIWNWnyfbD - 8994163695508209 - February 23, 2021, 3:06 pm
txn_1INjceJm8ehcCWGIZ4mkj2Db - 8994163695505208 - February 23, 2021, 3:06 pm
txn_1INkEvJm8ehcCWGI5wa3WuZr - 8994163695685207 - February 23, 2021, 3:06 pm
txn_1IMhKYJm8ehcCWGIJ4OU4y3I - 8994163695309202 - February 23, 2021, 3:06 pm
txn_1INKnGJm8ehcCWGICbMYsDK2 - 8994163695684200 - February 23, 2021, 3:06 pm
txn_1INjv0Jm8ehcCWGIK23026yk - 8994163695683203 - February 23, 2021, 3:06 pm
txn_1IMhkjJm8ehcCWGIW6GLJ4Wz - 8994163695682206 - February 23, 2021, 3:06 pm
txn_1INLGVJm8ehcCWGIkvoGeLdw - 8994163695680202 - February 23, 2021, 3:06 pm
txn_1INkKhJm8ehcCWGIKIclU24W - 8994163695307208 - February 23, 2021, 3:06 pm
txn_1INk6uJm8ehcCWGIPUI5utID - 8994163695496209 - February 23, 2021, 3:06 pm
txn_1IMixmJm8ehcCWGIld1yWDPl - 8994163695497206 - February 23, 2021, 3:06 pm
txn_1INlGUJm8ehcCWGIoNo8VY0G - 8994163695498203 - February 23, 2021, 3:06 pm
txn_1INLXmJm8ehcCWGIxdEzLNFW - 8994163695303200 - February 23, 2021, 3:06 pm
txn_1IN2CnJm8ehcCWGI5DiAouWe - 8994163695745208 - February 23, 2021, 3:06 pm
txn_1IN35nJm8ehcCWGIAl3wueaa - 8994163695332200 - February 23, 2021, 3:06 pm
txn_1INlK3Jm8ehcCWGI4Gtg9tQY - 8994163695743204 - February 23, 2021, 3:06 pm
txn_1IN3VqJm8ehcCWGI0bAFoYxP - 8994163695330206 - February 23, 2021, 3:06 pm
txn_1INlrdJm8ehcCWGIocI4HIHB - 8994163695538206 - February 23, 2021, 3:06 pm
txn_1IN4aeJm8ehcCWGIWVOsZuiF - 8994163695328203 - February 23, 2021, 3:06 pm
txn_1INls4Jm8ehcCWGIYZJqnUbK - 8994163695740203 - February 23, 2021, 3:06 pm
txn_1INO4pJm8ehcCWGIDVHveZez - 8994163695536202 - February 23, 2021, 3:06 pm
txn_1INlxyJm8ehcCWGIBwTZFeJU - 8994163695535205 - February 23, 2021, 3:06 pm
txn_1INP8AJm8ehcCWGIkB1SE5eK - 8994163695735209 - February 23, 2021, 3:06 pm
txn_1INm0xJm8ehcCWGI1WHoilZU - 8994163695731201 - February 23, 2021, 3:06 pm
txn_1INPNHJm8ehcCWGIIqGDY2HB - 8994163695533201 - February 23, 2021, 3:06 pm
txn_1INn7eJm8ehcCWGIJ0mNcNvY - 8994163695324205 - February 23, 2021, 3:06 pm
txn_1INQziJm8ehcCWGIYlIkUzGU - 8994163695532204 - February 23, 2021, 3:06 pm
txn_1INn8QJm8ehcCWGIFlcgp3gq - 8994163695322201 - February 23, 2021, 3:06 pm
txn_1INRCPJm8ehcCWGIqv02hX6u - 8994163695727204 - February 23, 2021, 3:06 pm
txn_1INRWcJm8ehcCWGIKzXzZJqe - 8994163695321204 - February 23, 2021, 3:06 pm
txn_1IMeOeJm8ehcCWGIBCoIvGFB - 8994163695725200 - February 23, 2021, 3:06 pm
txn_1INUZSJm8ehcCWGIJHpKcher -  - February 23, 2021, 3:06 pm
txn_1INVayJm8ehcCWGIWmFOGnm8 -  - February 23, 2021, 3:06 pm
txn_1INVqjJm8ehcCWGInjZzumsX -  - February 23, 2021, 3:06 pm
txn_1IMNmvJm8ehcCWGIWnH5o6GP - 8994163695333207 - February 23, 2021, 3:06 pm
txn_1IMO33Jm8ehcCWGI4d3Empnq - 8994163695755207 - February 23, 2021, 3:06 pm
txn_1IMdi3Jm8ehcCWGIAhUm4oFS - 8994163695405201 - February 23, 2021, 3:06 pm
txn_1INXeDJm8ehcCWGIrCAuxU46 - 8994163695603201 - February 23, 2021, 3:06 pm
txn_1IMRU4Jm8ehcCWGInNlBQgmR - 8994163695601207 - February 23, 2021, 3:06 pm
txn_1INPV0Jm8ehcCWGINf7yeOIB - 8994163695404204 - February 23, 2021, 3:06 pm
txn_1IMkrDJm8ehcCWGIZ9Iw1s5x - 8994163695402200 - February 23, 2021, 3:06 pm
txn_1IN5OSJm8ehcCWGIbSr1KvMb - 8994163695401203 - February 23, 2021, 3:06 pm
txn_1IMe0eJm8ehcCWGIWqmVPBSf - 8994163695600200 - February 23, 2021, 3:06 pm
txn_1INi2KJm8ehcCWGIXA0tvqYF - 8994163695264204 - February 23, 2021, 3:06 pm
txn_1IMSzlJm8ehcCWGIJtLw8omH - 8994163695197205 - February 23, 2021, 3:06 pm
txn_1IMl3kJm8ehcCWGIdDteHcTx - 8994163695262200 - February 23, 2021, 3:06 pm
txn_1INPg3Jm8ehcCWGIAnoUfTfu - 8994163695196208 - February 23, 2021, 3:06 pm
txn_1IN5mPJm8ehcCWGIV61CUsHi - 8994163694996205 - February 23, 2021, 3:06 pm
txn_1IMe3UJm8ehcCWGIAvnYvD55 - 8994163695195201 - February 23, 2021, 3:06 pm
txn_1INiYRJm8ehcCWGINW2r0p6W - 8994163695194204 - February 23, 2021, 3:06 pm
txn_1IMYEuJm8ehcCWGIk6rsh5Ys - 8994163694992207 - February 23, 2021, 3:06 pm
txn_1IMlNeJm8ehcCWGIzIKGvG4S - 8994163695191203 - February 23, 2021, 3:06 pm
txn_1IN6mXJm8ehcCWGIuL5jAyei - 8994163694991200 - February 23, 2021, 3:06 pm
txn_1INQczJm8ehcCWGIowQzeKea - 8994163695190206 - February 23, 2021, 3:06 pm
txn_1IMe4yJm8ehcCWGI7Mrode4H - 8994163695192200 - February 23, 2021, 3:06 pm
txn_1INieYJm8ehcCWGIsANsIJb2 - 8994163695259200 - February 23, 2021, 3:06 pm
txn_1IMZxGJm8ehcCWGIcjdw55NE - 8994163695188203 - February 23, 2021, 3:06 pm
txn_1IMj5aJm8ehcCWGIhHKNPh74 - 8994163695286206 - February 23, 2021, 3:06 pm
txn_1IN5DNJm8ehcCWGIiB2FnMMz - 8994163695459204 - February 23, 2021, 3:06 pm
txn_1INmJRJm8ehcCWGIWbqV7LRg - 8994163695285209 - February 23, 2021, 3:06 pm
txn_1IMPLCJm8ehcCWGI0quiSYER - 8994163695655200 - February 23, 2021, 3:06 pm
txn_1INS7MJm8ehcCWGIM2JB8Zw0 - 8994163695284202 - February 23, 2021, 3:06 pm
txn_1IMjjPJm8ehcCWGIJ5uuzN1I - 8994163695283205 - February 23, 2021, 3:06 pm
txn_1IN9Q7Jm8ehcCWGItaLRKwqI - 8994163695653206 - February 23, 2021, 3:06 pm
txn_1INmMcJm8ehcCWGIeuP4JN04 - 8994163695649209 - February 23, 2021, 3:06 pm
txn_1IMPWgJm8ehcCWGIvCJ9jK8q - 8994163695449205 - February 23, 2021, 3:06 pm
txn_1INSu5Jm8ehcCWGIPDLdbA0e - 8994163695448208 - February 23, 2021, 3:06 pm
txn_1IMjkvJm8ehcCWGIX6JWr3Pi - 8994163695447201 - February 23, 2021, 3:06 pm
txn_1IN9ViJm8ehcCWGIfx5HxKVH - 8994163695446204 - February 23, 2021, 3:06 pm
txn_1INmZyJm8ehcCWGI6FKAB3TB - 8994163695643207 - February 23, 2021, 3:06 pm
txn_1IMQ4fJm8ehcCWGIJCsJbzpr - 8994163695443203 - February 23, 2021, 3:06 pm
txn_1INSv2Jm8ehcCWGI140O7Q2h - 8994163695642200 - February 23, 2021, 3:06 pm
txn_1IMjtvJm8ehcCWGIaO02jTux - 8994163695641203 - February 23, 2021, 3:06 pm
txn_1IN9nnJm8ehcCWGIgqmq9MBU - 8994163695278201 - February 23, 2021, 3:06 pm
txn_1INmvGJm8ehcCWGIwVEfF3bR - 8994163695441209 - February 23, 2021, 3:06 pm
txn_1INUIYJm8ehcCWGIHHYFEbXL - 8994163695438209 - February 23, 2021, 3:06 pm
txn_1IMQunJm8ehcCWGIVnMpAMcm - 8994163695437202 - February 23, 2021, 3:06 pm
txn_1IMlOjJm8ehcCWGIMX8a25qv - 8994163695439206 - February 23, 2021, 3:06 pm
txn_1IN9rWJm8ehcCWGIq8LT2HGZ - 8994163695640206 - February 23, 2021, 3:06 pm
txn_1INWC0Jm8ehcCWGI0nVorAL7 - 8994163695517201 - February 23, 2021, 3:06 pm
txn_1IN5BlJm8ehcCWGIPTz03KVH - 8994163695514200 - February 23, 2021, 3:06 pm
txn_1IMgaAJm8ehcCWGIS8kF9yDQ - 8994163695313209 - February 23, 2021, 3:06 pm
txn_1INjC6Jm8ehcCWGI45V1C4WZ - 8994163695697200 - February 23, 2021, 3:06 pm
txn_1IMgflJm8ehcCWGIsBECyGiq - 8994163695513203 - February 23, 2021, 3:06 pm
txn_1INAVAJm8ehcCWGIpvqBszG8 - 8994163695696203 - February 23, 2021, 3:06 pm
txn_1INjX8Jm8ehcCWGI6ZIZCE70 - 8994163695693202 - February 23, 2021, 3:06 pm
txn_1IMgoRJm8ehcCWGIlsuG6nb7 - 8994163695692205 - February 23, 2021, 3:06 pm
txn_1INGsRJm8ehcCWGIWNWnyfbD - 8994163695508209 - February 23, 2021, 3:06 pm
txn_1INjceJm8ehcCWGIZ4mkj2Db - 8994163695505208 - February 23, 2021, 3:06 pm
txn_1INkEvJm8ehcCWGI5wa3WuZr - 8994163695685207 - February 23, 2021, 3:06 pm
txn_1IMhKYJm8ehcCWGIJ4OU4y3I - 8994163695309202 - February 23, 2021, 3:06 pm
txn_1INKnGJm8ehcCWGICbMYsDK2 - 8994163695684200 - February 23, 2021, 3:06 pm
txn_1INjv0Jm8ehcCWGIK23026yk - 8994163695683203 - February 23, 2021, 3:06 pm
txn_1IMhkjJm8ehcCWGIW6GLJ4Wz - 8994163695682206 - February 23, 2021, 3:06 pm
txn_1INLGVJm8ehcCWGIkvoGeLdw - 8994163695680202 - February 23, 2021, 3:06 pm
txn_1INkKhJm8ehcCWGIKIclU24W - 8994163695307208 - February 23, 2021, 3:06 pm
txn_1INk6uJm8ehcCWGIPUI5utID - 8994163695496209 - February 23, 2021, 3:06 pm
txn_1IMixmJm8ehcCWGIld1yWDPl - 8994163695497206 - February 23, 2021, 3:06 pm
txn_1INlGUJm8ehcCWGIoNo8VY0G - 8994163695498203 - February 23, 2021, 3:06 pm
txn_1INLXmJm8ehcCWGIxdEzLNFW - 8994163695303200 - February 23, 2021, 3:06 pm
txn_1IN2CnJm8ehcCWGI5DiAouWe - 8994163695745208 - February 23, 2021, 3:06 pm
txn_1IN35nJm8ehcCWGIAl3wueaa - 8994163695332200 - February 23, 2021, 3:06 pm
txn_1INlK3Jm8ehcCWGI4Gtg9tQY - 8994163695743204 - February 23, 2021, 3:06 pm
txn_1IN3VqJm8ehcCWGI0bAFoYxP - 8994163695330206 - February 23, 2021, 3:06 pm
txn_1INlrdJm8ehcCWGIocI4HIHB - 8994163695538206 - February 23, 2021, 3:06 pm
txn_1IN4aeJm8ehcCWGIWVOsZuiF - 8994163695328203 - February 23, 2021, 3:06 pm
txn_1INls4Jm8ehcCWGIYZJqnUbK - 8994163695740203 - February 23, 2021, 3:06 pm
txn_1INO4pJm8ehcCWGIDVHveZez - 8994163695536202 - February 23, 2021, 3:06 pm
txn_1INlxyJm8ehcCWGIBwTZFeJU - 8994163695535205 - February 23, 2021, 3:06 pm
txn_1INP8AJm8ehcCWGIkB1SE5eK - 8994163695735209 - February 23, 2021, 3:06 pm
txn_1INm0xJm8ehcCWGI1WHoilZU - 8994163695731201 - February 23, 2021, 3:06 pm
txn_1INPNHJm8ehcCWGIIqGDY2HB - 8994163695533201 - February 23, 2021, 3:06 pm
txn_1INn7eJm8ehcCWGIJ0mNcNvY - 8994163695324205 - February 23, 2021, 3:06 pm
txn_1INQziJm8ehcCWGIYlIkUzGU - 8994163695532204 - February 23, 2021, 3:06 pm
txn_1INn8QJm8ehcCWGIFlcgp3gq - 8994163695322201 - February 23, 2021, 3:06 pm
txn_1INRCPJm8ehcCWGIqv02hX6u - 8994163695727204 - February 23, 2021, 3:06 pm
txn_1INRWcJm8ehcCWGIKzXzZJqe - 8994163695321204 - February 23, 2021, 3:06 pm
txn_1IMeOeJm8ehcCWGIBCoIvGFB - 8994163695725200 - February 23, 2021, 3:06 pm
txn_1IMemrJm8ehcCWGIBgYtzQVT - 8994163695339209 - February 23, 2021, 3:06 pm
txn_1IMn4QJm8ehcCWGI1xJRZW8j - 8994163695574204 - February 23, 2021, 3:06 pm
txn_1IMnW4Jm8ehcCWGIs9Q5IRMm - 8994163695337205 - February 23, 2021, 3:06 pm
txn_1IMuvbJm8ehcCWGIq6LgQrgR - 8994163695571203 - February 23, 2021, 3:06 pm
txn_1IMxNfJm8ehcCWGIkFGGMEpm - 8994163695769204 - February 23, 2021, 3:06 pm
txn_1IMzCGJm8ehcCWGIsb0JNA9t - 8994163695568203 - February 23, 2021, 3:06 pm
txn_1IMNmvJm8ehcCWGIWnH5o6GP - 8994163695333207 - February 23, 2021, 3:06 pm
txn_1IMO33Jm8ehcCWGI4d3Empnq - 8994163695755207 - February 23, 2021, 3:06 pm
txn_1IMdi3Jm8ehcCWGIAhUm4oFS - 8994163695405201 - February 23, 2021, 3:07 pm
txn_1INXeDJm8ehcCWGIrCAuxU46 - 8994163695603201 - February 23, 2021, 3:07 pm
txn_1IMRU4Jm8ehcCWGInNlBQgmR - 8994163695601207 - February 23, 2021, 3:07 pm
txn_1INPV0Jm8ehcCWGINf7yeOIB - 8994163695404204 - February 23, 2021, 3:07 pm
txn_1IMkrDJm8ehcCWGIZ9Iw1s5x - 8994163695402200 - February 23, 2021, 3:07 pm
txn_1IN5OSJm8ehcCWGIbSr1KvMb - 8994163695401203 - February 23, 2021, 3:07 pm
txn_1IMe0eJm8ehcCWGIWqmVPBSf - 8994163695600200 - February 23, 2021, 3:07 pm
txn_1INi2KJm8ehcCWGIXA0tvqYF - 8994163695264204 - February 23, 2021, 3:07 pm
txn_1IMSzlJm8ehcCWGIJtLw8omH - 8994163695197205 - February 23, 2021, 3:07 pm
txn_1IMl3kJm8ehcCWGIdDteHcTx - 8994163695262200 - February 23, 2021, 3:07 pm
txn_1INPg3Jm8ehcCWGIAnoUfTfu - 8994163695196208 - February 23, 2021, 3:07 pm
txn_1IN5mPJm8ehcCWGIV61CUsHi - 8994163694996205 - February 23, 2021, 3:07 pm
txn_1IMe3UJm8ehcCWGIAvnYvD55 - 8994163695195201 - February 23, 2021, 3:07 pm
txn_1INiYRJm8ehcCWGINW2r0p6W - 8994163695194204 - February 23, 2021, 3:07 pm
txn_1IMYEuJm8ehcCWGIk6rsh5Ys - 8994163694992207 - February 23, 2021, 3:07 pm
txn_1IMlNeJm8ehcCWGIzIKGvG4S - 8994163695191203 - February 23, 2021, 3:07 pm
txn_1IN6mXJm8ehcCWGIuL5jAyei - 8994163694991200 - February 23, 2021, 3:07 pm
txn_1INQczJm8ehcCWGIowQzeKea - 8994163695190206 - February 23, 2021, 3:07 pm
txn_1IMe4yJm8ehcCWGI7Mrode4H - 8994163695192200 - February 23, 2021, 3:07 pm
txn_1INieYJm8ehcCWGIsANsIJb2 - 8994163695259200 - February 23, 2021, 3:07 pm
txn_1IMZxGJm8ehcCWGIcjdw55NE - 8994163695188203 - February 23, 2021, 3:07 pm
txn_1IMj5aJm8ehcCWGIhHKNPh74 - 8994163695286206 - February 23, 2021, 3:07 pm
txn_1IN5DNJm8ehcCWGIiB2FnMMz - 8994163695459204 - February 23, 2021, 3:07 pm
txn_1INmJRJm8ehcCWGIWbqV7LRg - 8994163695285209 - February 23, 2021, 3:07 pm
txn_1IMPLCJm8ehcCWGI0quiSYER - 8994163695655200 - February 23, 2021, 3:07 pm
txn_1INS7MJm8ehcCWGIM2JB8Zw0 - 8994163695284202 - February 23, 2021, 3:07 pm
txn_1IMjjPJm8ehcCWGIJ5uuzN1I - 8994163695283205 - February 23, 2021, 3:07 pm
txn_1IN9Q7Jm8ehcCWGItaLRKwqI - 8994163695653206 - February 23, 2021, 3:07 pm
txn_1INmMcJm8ehcCWGIeuP4JN04 - 8994163695649209 - February 23, 2021, 3:07 pm
txn_1IMPWgJm8ehcCWGIvCJ9jK8q - 8994163695449205 - February 23, 2021, 3:07 pm
txn_1INSu5Jm8ehcCWGIPDLdbA0e - 8994163695448208 - February 23, 2021, 3:07 pm
txn_1IMjkvJm8ehcCWGIX6JWr3Pi - 8994163695447201 - February 23, 2021, 3:07 pm
txn_1IN9ViJm8ehcCWGIfx5HxKVH - 8994163695446204 - February 23, 2021, 3:07 pm
txn_1INmZyJm8ehcCWGI6FKAB3TB - 8994163695643207 - February 23, 2021, 3:07 pm
txn_1IMQ4fJm8ehcCWGIJCsJbzpr - 8994163695443203 - February 23, 2021, 3:07 pm
txn_1INSv2Jm8ehcCWGI140O7Q2h - 8994163695642200 - February 23, 2021, 3:07 pm
txn_1IMjtvJm8ehcCWGIaO02jTux - 8994163695641203 - February 23, 2021, 3:07 pm
txn_1IN9nnJm8ehcCWGIgqmq9MBU - 8994163695278201 - February 23, 2021, 3:07 pm
txn_1INmvGJm8ehcCWGIwVEfF3bR - 8994163695441209 - February 23, 2021, 3:07 pm
txn_1INUIYJm8ehcCWGIHHYFEbXL - 8994163695438209 - February 23, 2021, 3:07 pm
txn_1IMQunJm8ehcCWGIVnMpAMcm - 8994163695437202 - February 23, 2021, 3:07 pm
txn_1IMlOjJm8ehcCWGIMX8a25qv - 8994163695439206 - February 23, 2021, 3:07 pm
txn_1IN9rWJm8ehcCWGIq8LT2HGZ - 8994163695640206 - February 23, 2021, 3:07 pm
txn_1INWC0Jm8ehcCWGI0nVorAL7 - 8994163695517201 - February 23, 2021, 3:07 pm
txn_1IN5BlJm8ehcCWGIPTz03KVH - 8994163695514200 - February 23, 2021, 3:07 pm
txn_1IMgaAJm8ehcCWGIS8kF9yDQ - 8994163695313209 - February 23, 2021, 3:07 pm
txn_1INjC6Jm8ehcCWGI45V1C4WZ - 8994163695697200 - February 23, 2021, 3:07 pm
txn_1IMgflJm8ehcCWGIsBECyGiq - 8994163695513203 - February 23, 2021, 3:07 pm
txn_1INAVAJm8ehcCWGIpvqBszG8 - 8994163695696203 - February 23, 2021, 3:07 pm
txn_1INjX8Jm8ehcCWGI6ZIZCE70 - 8994163695693202 - February 23, 2021, 3:07 pm
txn_1IMgoRJm8ehcCWGIlsuG6nb7 - 8994163695692205 - February 23, 2021, 3:07 pm
txn_1INGsRJm8ehcCWGIWNWnyfbD - 8994163695508209 - February 23, 2021, 3:07 pm
txn_1INjceJm8ehcCWGIZ4mkj2Db - 8994163695505208 - February 23, 2021, 3:07 pm
txn_1INkEvJm8ehcCWGI5wa3WuZr - 8994163695685207 - February 23, 2021, 3:07 pm
txn_1IMhKYJm8ehcCWGIJ4OU4y3I - 8994163695309202 - February 23, 2021, 3:07 pm
txn_1INKnGJm8ehcCWGICbMYsDK2 - 8994163695684200 - February 23, 2021, 3:07 pm
txn_1INjv0Jm8ehcCWGIK23026yk - 8994163695683203 - February 23, 2021, 3:07 pm
txn_1IMhkjJm8ehcCWGIW6GLJ4Wz - 8994163695682206 - February 23, 2021, 3:07 pm
txn_1INLGVJm8ehcCWGIkvoGeLdw - 8994163695680202 - February 23, 2021, 3:07 pm
txn_1INkKhJm8ehcCWGIKIclU24W - 8994163695307208 - February 23, 2021, 3:07 pm
txn_1INk6uJm8ehcCWGIPUI5utID - 8994163695496209 - February 23, 2021, 3:07 pm
txn_1IMixmJm8ehcCWGIld1yWDPl - 8994163695497206 - February 23, 2021, 3:07 pm
txn_1INlGUJm8ehcCWGIoNo8VY0G - 8994163695498203 - February 23, 2021, 3:07 pm
txn_1INLXmJm8ehcCWGIxdEzLNFW - 8994163695303200 - February 23, 2021, 3:07 pm
txn_1IN2CnJm8ehcCWGI5DiAouWe - 8994163695745208 - February 23, 2021, 3:07 pm
txn_1IN35nJm8ehcCWGIAl3wueaa - 8994163695332200 - February 23, 2021, 3:07 pm
txn_1INlK3Jm8ehcCWGI4Gtg9tQY - 8994163695743204 - February 23, 2021, 3:07 pm
txn_1IN3VqJm8ehcCWGI0bAFoYxP - 8994163695330206 - February 23, 2021, 3:07 pm
txn_1INlrdJm8ehcCWGIocI4HIHB - 8994163695538206 - February 23, 2021, 3:07 pm
txn_1IN4aeJm8ehcCWGIWVOsZuiF - 8994163695328203 - February 23, 2021, 3:07 pm
txn_1INls4Jm8ehcCWGIYZJqnUbK - 8994163695740203 - February 23, 2021, 3:07 pm
txn_1INO4pJm8ehcCWGIDVHveZez - 8994163695536202 - February 23, 2021, 3:07 pm
txn_1INlxyJm8ehcCWGIBwTZFeJU - 8994163695535205 - February 23, 2021, 3:07 pm
txn_1INP8AJm8ehcCWGIkB1SE5eK - 8994163695735209 - February 23, 2021, 3:07 pm
txn_1INm0xJm8ehcCWGI1WHoilZU - 8994163695731201 - February 23, 2021, 3:07 pm
txn_1INPNHJm8ehcCWGIIqGDY2HB - 8994163695533201 - February 23, 2021, 3:07 pm
txn_1INn7eJm8ehcCWGIJ0mNcNvY - 8994163695324205 - February 23, 2021, 3:07 pm
txn_1INQziJm8ehcCWGIYlIkUzGU - 8994163695532204 - February 23, 2021, 3:07 pm
txn_1INn8QJm8ehcCWGIFlcgp3gq - 8994163695322201 - February 23, 2021, 3:07 pm
txn_1INRCPJm8ehcCWGIqv02hX6u - 8994163695727204 - February 23, 2021, 3:07 pm
txn_1INRWcJm8ehcCWGIKzXzZJqe - 8994163695321204 - February 23, 2021, 3:07 pm
txn_1IMeOeJm8ehcCWGIBCoIvGFB - 8994163695725200 - February 23, 2021, 3:07 pm
txn_1IMemrJm8ehcCWGIBgYtzQVT - 8994163695339209 - February 23, 2021, 3:07 pm
txn_1IMn4QJm8ehcCWGI1xJRZW8j - 8994163695574204 - February 23, 2021, 3:07 pm
txn_1IMnW4Jm8ehcCWGIs9Q5IRMm - 8994163695337205 - February 23, 2021, 3:07 pm
txn_1IMuvbJm8ehcCWGIq6LgQrgR - 8994163695571203 - February 23, 2021, 3:07 pm
txn_1IMxNfJm8ehcCWGIkFGGMEpm - 8994163695769204 - February 23, 2021, 3:07 pm
txn_1IMzCGJm8ehcCWGIsb0JNA9t - 8994163695568203 - February 23, 2021, 3:07 pm
txn_1IMNmvJm8ehcCWGIWnH5o6GP - 8994163695333207 - February 23, 2021, 3:07 pm
txn_1IMO33Jm8ehcCWGI4d3Empnq - 8994163695755207 - February 23, 2021, 3:07 pm
txn_1INVqjJm8ehcCWGInjZzumsX - 8994163695589208 - February 23, 2021, 3:07 pm
txn_1INUZSJm8ehcCWGIJHpKcher - 8994163695800204 - February 23, 2021, 3:07 pm
txn_1INVayJm8ehcCWGIWmFOGnm8 - 8994163695595209 - February 23, 2021, 3:07 pm
txn_1INoQHJm8ehcCWGILptqSQFR - 8994163696810202 - February 23, 2021, 3:16 pm
txn_1INoUJJm8ehcCWGIIW7criGC - 8994163696807202 - February 23, 2021, 3:16 pm
txn_1INq3HJm8ehcCWGIi0aKL4o9 - 8994163696631203 - February 23, 2021, 3:16 pm
txn_1INqnLJm8ehcCWGIqDtUANLr - 8994163696495201 - February 23, 2021, 3:16 pm
txn_1IO4FzJm8ehcCWGIw5W3kGK4 - 8994163696804201 - February 23, 2021, 3:16 pm
txn_1INtacJm8ehcCWGIcl6XUOiP - 8994163696628203 - February 23, 2021, 3:16 pm
txn_1IO4WYJm8ehcCWGIBnMSTD6h - 8994163696627206 - February 23, 2021, 3:16 pm
txn_1INzHHJm8ehcCWGIkcnHpoBl - 8994163696493207 - February 23, 2021, 3:16 pm
txn_1INqYGJm8ehcCWGIIWK2HZPq - 8994163696626209 - February 23, 2021, 3:16 pm
txn_1INqnuJm8ehcCWGIQ7AJirhD - 8994163696399202 - February 23, 2021, 3:16 pm
txn_1IO4NjJm8ehcCWGIwoPg9xzJ - 8994163696800203 - February 23, 2021, 3:16 pm
txn_1INtqkJm8ehcCWGIDToq9oO3 - 8994163696489200 - February 23, 2021, 3:16 pm
txn_1IO4m9Jm8ehcCWGICCB2uFVS - 8994163696491203 - February 23, 2021, 3:16 pm
txn_1IO0BTJm8ehcCWGILqwR5qqb - 8994163696624205 - February 23, 2021, 3:16 pm
txn_1INqeyJm8ehcCWGIuWKXWrnM - 8994163696623208 - February 23, 2021, 3:16 pm
txn_1IO5Y9Jm8ehcCWGI5gVbQ38A - 8994163696622201 - February 23, 2021, 3:16 pm
txn_1IO4RgJm8ehcCWGIACZIiRg4 - 8994163696485202 - February 23, 2021, 3:16 pm
txn_1INrB6Jm8ehcCWGIA6yKrwQI - 8994163696486209 - February 23, 2021, 3:16 pm
txn_1INz4eJm8ehcCWGIwSZGHLUI - 8994163696487206 - February 23, 2021, 3:16 pm
txn_1IO3iDJm8ehcCWGIwBaHGKYj - 8994163696397208 - February 23, 2021, 3:16 pm
txn_1IO6aTJm8ehcCWGIbJKnSKcY - 8994163705814207 - February 23, 2021, 5:37 pm
txn_1IO7IUJm8ehcCWGIHwd8grDi - 8994163705716204 - February 23, 2021, 5:37 pm
txn_1IO8PJJm8ehcCWGIa0OD3Pfm - 8994163705813200 - February 23, 2021, 5:37 pm
txn_1IO8PsJm8ehcCWGIrDHua3lS - 8994163705714200 - February 23, 2021, 5:37 pm
txn_1IO8VSJm8ehcCWGIVzKLr96L - 8994163705812203 - February 23, 2021, 5:37 pm
txn_1IO9LJJm8ehcCWGIuPe5rYBR - 8994163705471202 - February 23, 2021, 5:37 pm
2021Influencer400 - 8994163705710202 - February 23, 2021, 5:37 pm
2021Influencer401 - 8994163705712206 - February 23, 2021, 5:37 pm
txn_1IO8chJm8ehcCWGIe4P7TnoZ - 8994163705711209 - February 23, 2021, 5:37 pm
txn_1IO8cwJm8ehcCWGIF9Q7N8iz - 8994163705811206 - February 23, 2021, 5:37 pm
2021Influencer403 - 8994163705472209 - February 23, 2021, 5:37 pm
