2021Influencer214 - 8994163844858148 - January 26, 2021, 2:57 pm
2021Influencer222 - 8994163844772147 - January 26, 2021, 2:57 pm
2021Influencer216 - 8994163844891145 - January 26, 2021, 2:57 pm
2021Influencer220 - 8994163844759148 - January 26, 2021, 2:57 pm
2021Influencer215 - 8994163844870140 - January 26, 2021, 2:57 pm
2021Influencer221 - 8994163844739140 - January 26, 2021, 2:57 pm
2021Influencer219 - 8994163845009143 - January 26, 2021, 2:57 pm
2021Influencer224 - 8994163844722142 - January 26, 2021, 2:57 pm
txn_1IDdSGJm8ehcCWGI6KPImaWH - 8994163844902148 - January 26, 2021, 2:57 pm
txn_1IDhdlJm8ehcCWGIJZqriSxb - 8994163844903145 - January 26, 2021, 2:57 pm
2021Influencer228 - 8994163845060144 - January 26, 2021, 2:57 pm
txn_1IDfw7Jm8ehcCWGIUsTELR2v - 8994163844769147 - January 26, 2021, 2:57 pm
txn_1IDtZJJm8ehcCWGIEfXKIiYP - 8994163844762148 - January 26, 2021, 2:57 pm
txn_1IDdmfJm8ehcCWGIQF91PpJe - 8994163845056147 - January 26, 2021, 2:57 pm
2021Influencer226 - 8994163844886141 - January 26, 2021, 2:57 pm
txn_1IDgIoJm8ehcCWGIWqQy2DAP - 8994163844758141 - January 26, 2021, 2:57 pm
txn_1IDw5EJm8ehcCWGIKcqc30ln - 8994163844742140 - January 26, 2021, 2:57 pm
txn_1IDeFFJm8ehcCWGIrUjdXvdp - 8994163844741143 - January 26, 2021, 2:57 pm
txn_1IDgJiJm8ehcCWGIxSNkjIci - 8994163844869144 - January 26, 2021, 2:57 pm
2021Influencer225 - 8994163844868147 - January 26, 2021, 2:57 pm
2021Influencer230 - 8994163844859145 - January 26, 2021, 2:57 pm
txn_1IDeOrJm8ehcCWGIvidtEu0T - 8994163844721145 - January 26, 2021, 2:57 pm
txn_1IDgs1Jm8ehcCWGIHlFKefpM - 8994163844720148 - January 26, 2021, 2:57 pm
2021Influencer214 - 8994163844858148 - January 26, 2021, 2:57 pm
2021Influencer222 - 8994163844772147 - January 26, 2021, 2:57 pm
2021Influencer216 - 8994163844891145 - January 26, 2021, 2:57 pm
2021Influencer220 - 8994163844759148 - January 26, 2021, 2:57 pm
2021Influencer215 - 8994163844870140 - January 26, 2021, 2:57 pm
2021Influencer221 - 8994163844739140 - January 26, 2021, 2:57 pm
2021Influencer219 - 8994163845009143 - January 26, 2021, 2:57 pm
2021Influencer224 - 8994163844722142 - January 26, 2021, 2:57 pm
txn_1IDdSGJm8ehcCWGI6KPImaWH - 8994163844902148 - January 26, 2021, 2:57 pm
txn_1IDhdlJm8ehcCWGIJZqriSxb - 8994163844903145 - January 26, 2021, 2:57 pm
2021Influencer228 - 8994163845060144 - January 26, 2021, 2:57 pm
txn_1IDfw7Jm8ehcCWGIUsTELR2v - 8994163844769147 - January 26, 2021, 2:57 pm
txn_1IDtZJJm8ehcCWGIEfXKIiYP - 8994163844762148 - January 26, 2021, 2:57 pm
txn_1IDdmfJm8ehcCWGIQF91PpJe - 8994163845056147 - January 26, 2021, 2:57 pm
2021Influencer226 - 8994163844886141 - January 26, 2021, 2:57 pm
txn_1IDgIoJm8ehcCWGIWqQy2DAP - 8994163844758141 - January 26, 2021, 2:57 pm
txn_1IDw5EJm8ehcCWGIKcqc30ln - 8994163844742140 - January 26, 2021, 2:57 pm
txn_1IDeFFJm8ehcCWGIrUjdXvdp - 8994163844741143 - January 26, 2021, 2:57 pm
txn_1IDgJiJm8ehcCWGIxSNkjIci - 8994163844869144 - January 26, 2021, 2:57 pm
2021Influencer225 - 8994163844868147 - January 26, 2021, 2:57 pm
2021Influencer230 - 8994163844859145 - January 26, 2021, 2:57 pm
txn_1IDeOrJm8ehcCWGIvidtEu0T - 8994163844721145 - January 26, 2021, 2:57 pm
txn_1IDgs1Jm8ehcCWGIHlFKefpM - 8994163844720148 - January 26, 2021, 2:57 pm
2021Influencer214 - 8994163844858148 - January 26, 2021, 2:57 pm
2021Influencer222 - 8994163844772147 - January 26, 2021, 2:57 pm
2021Influencer216 - 8994163844891145 - January 26, 2021, 2:57 pm
2021Influencer220 - 8994163844759148 - January 26, 2021, 2:57 pm
2021Influencer215 - 8994163844870140 - January 26, 2021, 2:57 pm
2021Influencer221 - 8994163844739140 - January 26, 2021, 2:57 pm
2021Influencer219 - 8994163845009143 - January 26, 2021, 2:57 pm
2021Influencer224 - 8994163844722142 - January 26, 2021, 2:57 pm
txn_1IDdSGJm8ehcCWGI6KPImaWH - 8994163844902148 - January 26, 2021, 2:57 pm
txn_1IDhdlJm8ehcCWGIJZqriSxb - 8994163844903145 - January 26, 2021, 2:57 pm
2021Influencer228 - 8994163845060144 - January 26, 2021, 2:57 pm
txn_1IDfw7Jm8ehcCWGIUsTELR2v - 8994163844769147 - January 26, 2021, 2:57 pm
txn_1IDtZJJm8ehcCWGIEfXKIiYP - 8994163844762148 - January 26, 2021, 2:57 pm
txn_1IDdmfJm8ehcCWGIQF91PpJe - 8994163845056147 - January 26, 2021, 2:57 pm
2021Influencer226 - 8994163844886141 - January 26, 2021, 2:57 pm
txn_1IDgIoJm8ehcCWGIWqQy2DAP - 8994163844758141 - January 26, 2021, 2:57 pm
txn_1IDw5EJm8ehcCWGIKcqc30ln - 8994163844742140 - January 26, 2021, 2:57 pm
txn_1IDeFFJm8ehcCWGIrUjdXvdp - 8994163844741143 - January 26, 2021, 2:57 pm
txn_1IDgJiJm8ehcCWGIxSNkjIci - 8994163844869144 - January 26, 2021, 2:57 pm
2021Influencer225 - 8994163844868147 - January 26, 2021, 2:57 pm
2021Influencer230 - 8994163844859145 - January 26, 2021, 2:57 pm
txn_1IDeOrJm8ehcCWGIvidtEu0T - 8994163844721145 - January 26, 2021, 2:57 pm
txn_1IDgs1Jm8ehcCWGIHlFKefpM - 8994163844720148 - January 26, 2021, 2:57 pm
2021Influencer214 - 8994163844858148 - January 26, 2021, 2:57 pm
2021Influencer222 - 8994163844772147 - January 26, 2021, 2:57 pm
2021Influencer216 - 8994163844891145 - January 26, 2021, 2:57 pm
2021Influencer220 - 8994163844759148 - January 26, 2021, 2:57 pm
2021Influencer215 - 8994163844870140 - January 26, 2021, 2:57 pm
2021Influencer221 - 8994163844739140 - January 26, 2021, 2:57 pm
2021Influencer219 - 8994163845009143 - January 26, 2021, 2:57 pm
2021Influencer224 - 8994163844722142 - January 26, 2021, 2:57 pm
txn_1IDdSGJm8ehcCWGI6KPImaWH - 8994163844902148 - January 26, 2021, 2:57 pm
txn_1IDhdlJm8ehcCWGIJZqriSxb - 8994163844903145 - January 26, 2021, 2:57 pm
2021Influencer228 - 8994163845060144 - January 26, 2021, 2:57 pm
txn_1IDfw7Jm8ehcCWGIUsTELR2v - 8994163844769147 - January 26, 2021, 2:57 pm
txn_1IDtZJJm8ehcCWGIEfXKIiYP - 8994163844762148 - January 26, 2021, 2:57 pm
txn_1IDdmfJm8ehcCWGIQF91PpJe - 8994163845056147 - January 26, 2021, 2:57 pm
2021Influencer226 - 8994163844886141 - January 26, 2021, 2:57 pm
txn_1IDgIoJm8ehcCWGIWqQy2DAP - 8994163844758141 - January 26, 2021, 2:57 pm
txn_1IDw5EJm8ehcCWGIKcqc30ln - 8994163844742140 - January 26, 2021, 2:57 pm
txn_1IDeFFJm8ehcCWGIrUjdXvdp - 8994163844741143 - January 26, 2021, 2:57 pm
txn_1IDgJiJm8ehcCWGIxSNkjIci - 8994163844869144 - January 26, 2021, 2:57 pm
2021Influencer225 - 8994163844868147 - January 26, 2021, 2:57 pm
2021Influencer230 - 8994163844859145 - January 26, 2021, 2:57 pm
txn_1IDeOrJm8ehcCWGIvidtEu0T - 8994163844721145 - January 26, 2021, 2:57 pm
txn_1IDgs1Jm8ehcCWGIHlFKefpM - 8994163844720148 - January 26, 2021, 2:57 pm
2021Influencer214 - 8994163844858148 - January 26, 2021, 2:57 pm
2021Influencer222 - 8994163844772147 - January 26, 2021, 2:57 pm
2021Influencer216 - 8994163844891145 - January 26, 2021, 2:57 pm
2021Influencer220 - 8994163844759148 - January 26, 2021, 2:57 pm
2021Influencer215 - 8994163844870140 - January 26, 2021, 2:57 pm
2021Influencer221 - 8994163844739140 - January 26, 2021, 2:57 pm
2021Influencer219 - 8994163845009143 - January 26, 2021, 2:57 pm
2021Influencer224 - 8994163844722142 - January 26, 2021, 2:57 pm
txn_1IDdSGJm8ehcCWGI6KPImaWH - 8994163844902148 - January 26, 2021, 2:57 pm
txn_1IDhdlJm8ehcCWGIJZqriSxb - 8994163844903145 - January 26, 2021, 2:57 pm
2021Influencer228 - 8994163845060144 - January 26, 2021, 2:57 pm
txn_1IDfw7Jm8ehcCWGIUsTELR2v - 8994163844769147 - January 26, 2021, 2:57 pm
txn_1IDtZJJm8ehcCWGIEfXKIiYP - 8994163844762148 - January 26, 2021, 2:57 pm
txn_1IDdmfJm8ehcCWGIQF91PpJe - 8994163845056147 - January 26, 2021, 2:57 pm
2021Influencer226 - 8994163844886141 - January 26, 2021, 2:57 pm
txn_1IDgIoJm8ehcCWGIWqQy2DAP - 8994163844758141 - January 26, 2021, 2:57 pm
txn_1IDw5EJm8ehcCWGIKcqc30ln - 8994163844742140 - January 26, 2021, 2:57 pm
txn_1IDeFFJm8ehcCWGIrUjdXvdp - 8994163844741143 - January 26, 2021, 2:57 pm
txn_1IDgJiJm8ehcCWGIxSNkjIci - 8994163844869144 - January 26, 2021, 2:57 pm
2021Influencer225 - 8994163844868147 - January 26, 2021, 2:57 pm
2021Influencer230 - 8994163844859145 - January 26, 2021, 2:57 pm
txn_1IDeOrJm8ehcCWGIvidtEu0T - 8994163844721145 - January 26, 2021, 2:57 pm
txn_1IDgs1Jm8ehcCWGIHlFKefpM - 8994163844720148 - January 26, 2021, 2:57 pm
2021Influencer214 - 8994163844858148 - January 26, 2021, 2:57 pm
2021Influencer222 - 8994163844772147 - January 26, 2021, 2:57 pm
2021Influencer216 - 8994163844891145 - January 26, 2021, 2:57 pm
2021Influencer220 - 8994163844759148 - January 26, 2021, 2:57 pm
2021Influencer215 - 8994163844870140 - January 26, 2021, 2:57 pm
2021Influencer221 - 8994163844739140 - January 26, 2021, 2:57 pm
2021Influencer219 - 8994163845009143 - January 26, 2021, 2:57 pm
2021Influencer224 - 8994163844722142 - January 26, 2021, 2:57 pm
txn_1IDdSGJm8ehcCWGI6KPImaWH - 8994163844902148 - January 26, 2021, 2:57 pm
txn_1IDhdlJm8ehcCWGIJZqriSxb - 8994163844903145 - January 26, 2021, 2:57 pm
2021Influencer228 - 8994163845060144 - January 26, 2021, 2:57 pm
txn_1IDfw7Jm8ehcCWGIUsTELR2v - 8994163844769147 - January 26, 2021, 2:57 pm
txn_1IDtZJJm8ehcCWGIEfXKIiYP - 8994163844762148 - January 26, 2021, 2:57 pm
txn_1IDdmfJm8ehcCWGIQF91PpJe - 8994163845056147 - January 26, 2021, 2:57 pm
2021Influencer226 - 8994163844886141 - January 26, 2021, 2:57 pm
txn_1IDgIoJm8ehcCWGIWqQy2DAP - 8994163844758141 - January 26, 2021, 2:57 pm
txn_1IDw5EJm8ehcCWGIKcqc30ln - 8994163844742140 - January 26, 2021, 2:57 pm
txn_1IDeFFJm8ehcCWGIrUjdXvdp - 8994163844741143 - January 26, 2021, 2:57 pm
txn_1IDgJiJm8ehcCWGIxSNkjIci - 8994163844869144 - January 26, 2021, 2:57 pm
2021Influencer225 - 8994163844868147 - January 26, 2021, 2:57 pm
2021Influencer230 - 8994163844859145 - January 26, 2021, 2:57 pm
txn_1IDeOrJm8ehcCWGIvidtEu0T - 8994163844721145 - January 26, 2021, 2:57 pm
txn_1IDgs1Jm8ehcCWGIHlFKefpM - 8994163844720148 - January 26, 2021, 2:57 pm
2021Influencer214 - 8994163844858148 - January 26, 2021, 2:58 pm
2021Influencer222 - 8994163844772147 - January 26, 2021, 2:58 pm
2021Influencer216 - 8994163844891145 - January 26, 2021, 2:58 pm
2021Influencer220 - 8994163844759148 - January 26, 2021, 2:58 pm
2021Influencer215 - 8994163844870140 - January 26, 2021, 2:58 pm
2021Influencer221 - 8994163844739140 - January 26, 2021, 2:58 pm
2021Influencer219 - 8994163845009143 - January 26, 2021, 2:58 pm
2021Influencer224 - 8994163844722142 - January 26, 2021, 2:58 pm
txn_1IDdSGJm8ehcCWGI6KPImaWH - 8994163844902148 - January 26, 2021, 2:58 pm
txn_1IDhdlJm8ehcCWGIJZqriSxb - 8994163844903145 - January 26, 2021, 2:58 pm
2021Influencer228 - 8994163845060144 - January 26, 2021, 2:58 pm
txn_1IDfw7Jm8ehcCWGIUsTELR2v - 8994163844769147 - January 26, 2021, 2:58 pm
txn_1IDtZJJm8ehcCWGIEfXKIiYP - 8994163844762148 - January 26, 2021, 2:58 pm
txn_1IDdmfJm8ehcCWGIQF91PpJe - 8994163845056147 - January 26, 2021, 2:58 pm
2021Influencer226 - 8994163844886141 - January 26, 2021, 2:58 pm
txn_1IDgIoJm8ehcCWGIWqQy2DAP - 8994163844758141 - January 26, 2021, 2:58 pm
txn_1IDw5EJm8ehcCWGIKcqc30ln - 8994163844742140 - January 26, 2021, 2:58 pm
txn_1IDeFFJm8ehcCWGIrUjdXvdp - 8994163844741143 - January 26, 2021, 2:58 pm
txn_1IDgJiJm8ehcCWGIxSNkjIci - 8994163844869144 - January 26, 2021, 2:58 pm
2021Influencer225 - 8994163844868147 - January 26, 2021, 2:58 pm
2021Influencer230 - 8994163844859145 - January 26, 2021, 2:58 pm
txn_1IDeOrJm8ehcCWGIvidtEu0T - 8994163844721145 - January 26, 2021, 2:58 pm
txn_1IDgs1Jm8ehcCWGIHlFKefpM - 8994163844720148 - January 26, 2021, 2:58 pm
2021Influencer217 - 8994163845568145 - January 26, 2021, 2:58 pm
txn_1IDbXTJm8ehcCWGINa5GorEc - 8994163845817144 - January 26, 2021, 2:58 pm
txn_1IDhW5Jm8ehcCWGI0njyIyyg - 8994163845598142 - January 26, 2021, 2:58 pm
txn_1IDbghJm8ehcCWGIAIYGNd8j - 8994163845678141 - January 26, 2021, 2:58 pm
2021Influencer227 - 8994163845671142 - January 26, 2021, 2:58 pm
txn_1IDbisJm8ehcCWGIGvBh3GxH - 8994163845385148 - January 26, 2021, 2:58 pm
2021Influencer223 - 8994163845585142 - January 26, 2021, 2:58 pm
txn_1IDcpvJm8ehcCWGIjZlstxJW - 8994163845575143 - January 26, 2021, 2:58 pm
2021Influencer218 - 8994163845653148 - January 26, 2021, 2:58 pm
txn_1IDfTXJm8ehcCWGIGcoaQX8K - 8994163845569142 - January 26, 2021, 2:58 pm
