Influencer212 - 8994163691778682 - October 28, 2020, 2:26 pm
txn_1HgycsJm8ehcCWGIDgskVkkG - 8994163692350689 - October 28, 2020, 2:26 pm
txn_1Hgyv9Jm8ehcCWGIyr5mtBgD - 8994163691795689 - October 28, 2020, 2:26 pm
txn_1HhJ94Jm8ehcCWGI7xJXc7hk - 8994163692405686 - October 28, 2020, 2:26 pm
txn_1Hh4OrJm8ehcCWGIWmwPHi0S - 8994163692402685 - October 28, 2020, 2:26 pm
Influencer217 - 8994163691791681 - October 28, 2020, 2:26 pm
txn_1HhASmJm8ehcCWGIKNpfWYgx - 8994163692401688 - October 28, 2020, 2:26 pm
txn_1HgzpCJm8ehcCWGIpM64wBNY - 8994163691787684 - October 28, 2020, 2:26 pm
Influencer214 - 8994163692321689 - October 28, 2020, 2:26 pm
Influencer219 - 8994163692303685 - October 28, 2020, 2:26 pm
Influencer216 - 8994163691998684 - October 28, 2020, 2:26 pm
txn_1Hh663Jm8ehcCWGIHaQUAnn2 - 8994163692296680 - October 28, 2020, 2:26 pm
txn_1HhDAMJm8ehcCWGIPBsfS2OZ - 8994163691996680 - October 28, 2020, 2:26 pm
Influencer213 - 8994163691994686 - October 28, 2020, 2:26 pm
txn_1Hh0MkJm8ehcCWGIobI5gOIn - 8994163691995683 - October 28, 2020, 2:26 pm
Influencer218 - 8994163691981686 - October 28, 2020, 2:26 pm
Influencer215 - 8994163692277689 - October 28, 2020, 2:26 pm
txn_1Hh8qTJm8ehcCWGIwHFLPIKh - 8994163691779689 - October 28, 2020, 2:26 pm
txn_1HhHEfJm8ehcCWGIVcx3KOZu - 8994163692279683 - October 28, 2020, 2:26 pm
txn_1Hh3lfJm8ehcCWGI1wIBZxVl - 8994163692278686 - October 28, 2020, 2:26 pm
