txn_1IvWPEJm8ehcCWGIdmscNdbx - 8994163750570240 - May 27, 2021, 5:02 pm
txn_1IvVGNJm8ehcCWGIbmoXPo7q - 8994163750742241 - May 27, 2021, 5:02 pm
txn_1IvQRqJm8ehcCWGI28AZTe0B - 8994163750741244 - May 27, 2021, 5:02 pm
txn_1IvP5gJm8ehcCWGIhofQt9y5 - 8994163750739241 - May 27, 2021, 5:02 pm
txn_1IvTGdJm8ehcCWGIoHAF41k8 - 8994163750567240 - May 27, 2021, 5:02 pm
txn_1IvRCOJm8ehcCWGIiRspTqhx - 8994163750568247 - May 27, 2021, 5:02 pm
txn_1IvV1cJm8ehcCWGIlXOWh4A6 - 8994163750737247 - May 27, 2021, 5:02 pm
txn_1IvMRBJm8ehcCWGI1y5pY2tp - 8994163750738244 - May 27, 2021, 5:02 pm
txn_1IvPiBJm8ehcCWGIgsmdmoqZ - 8994163750565246 - May 27, 2021, 5:02 pm
txn_1IvQqxJm8ehcCWGIleRryBqk - 8994163750734246 - May 27, 2021, 5:02 pm
txn_1IvOhDJm8ehcCWGIFQEUCAmy - 8994163750736240 - May 27, 2021, 5:02 pm
txn_1IvEfAJm8ehcCWGIq7VkO7W0 - 8994163750735243 - May 27, 2021, 5:02 pm
txn_1IvU3ZJm8ehcCWGIx9WSrXcZ - 8994163750733249 - May 27, 2021, 5:02 pm
txn_1IvSG9Jm8ehcCWGI6UUbx6aL - 8994163750199243 - May 27, 2021, 5:02 pm
txn_1IvNVlJm8ehcCWGIGRLYI1nQ - 8994163750563242 - May 27, 2021, 5:02 pm
txn_1IvPJbJm8ehcCWGIE8lRicBA - 8994163750730248 - May 27, 2021, 5:02 pm
txn_1Ir01xJm8ehcCWGIiMGUFxZq_X - 8994163750728245 - May 27, 2021, 5:02 pm
txn_1IvBVJJm8ehcCWGIZzZxYVdf - 8994163750197249 - May 27, 2021, 5:02 pm
txn_1IvQoOJm8ehcCWGIQeHx9nQL - 8994163750729242 - May 27, 2021, 5:02 pm
txn_1IvRbuJm8ehcCWGIXPH4WyrE - 8994163750564249 - May 27, 2021, 5:02 pm
