txn_1IYzVYJm8ehcCWGIQHryn7kH - 8994163929610210 - March 25, 2021, 8:51 pm
txn_1IZ3q3Jm8ehcCWGIRQiCyanT - 8994163929623210 - March 25, 2021, 8:53 pm
txn_1IZ2naJm8ehcCWGIm60qeonn - 8994163929450212 - March 25, 2021, 8:53 pm
txn_1IYzTgJm8ehcCWGIZlWVnejM - 8994163929239213 - March 25, 2021, 8:53 pm
txn_1IZ2MxJm8ehcCWGIO9pvPFwA - 8994163929449216 - March 25, 2021, 8:53 pm
txn_1IYspgJm8ehcCWGIh28Lqja6 - 8994163929622213 - March 25, 2021, 8:53 pm
txn_1IYyJMJm8ehcCWGIbbAvd1JV - 8994163929448219 - March 25, 2021, 8:53 pm
txn_1IYwcfJm8ehcCWGITSJRREtd - 8994163929621216 - March 25, 2021, 8:53 pm
2021IErow9 - 8994163929447212 - March 25, 2021, 8:53 pm
txn_1IZ2GbJm8ehcCWGIacvdYADN - 8994163929446215 - March 25, 2021, 8:53 pm
txn_1IYylIJm8ehcCWGItmL9FmYq - 8994163929238216 - March 25, 2021, 8:53 pm
txn_1IYsTrJm8ehcCWGI68pfwtPu - 8994163929620219 - March 25, 2021, 8:53 pm
txn_1IYyI3Jm8ehcCWGINC3WImwO - 8994163929445218 - March 25, 2021, 8:53 pm
txn_1IYvbEJm8ehcCWGIk78kezs3 - 8994163929444211 - March 25, 2021, 8:53 pm
2021IErow11 - 8994163929619213 - March 25, 2021, 8:53 pm
txn_1IYyLgJm8ehcCWGIpB30XYvu - 8994163929618216 - March 25, 2021, 8:53 pm
txn_1IYpySJm8ehcCWGIklrWEgfK - 8994163929237219 - March 25, 2021, 8:53 pm
txn_1IZ02sJm8ehcCWGIrPEC4Zh5 - 8994163929443214 - March 25, 2021, 8:53 pm
txn_1IYy0BJm8ehcCWGIlCLj7GOk - 8994163929617219 - March 25, 2021, 8:53 pm
txn_1IYutHJm8ehcCWGIGcLVUWxM - 8994163929616212 - March 25, 2021, 8:53 pm
2021IErow10 - 8994163929236212 - March 25, 2021, 8:53 pm
