2021Influencer621 - 8994163819171234 - May 6, 2021, 4:36 pm
txn_1InqsmJm8ehcCWGIy6QFlXar - 8994163819170237 - May 6, 2021, 4:36 pm
txn_1Ine5uJm8ehcCWGIgY609TJX - 8994163819526232 - May 6, 2021, 4:36 pm
txn_1InuKKJm8ehcCWGI49NCy81i - 8994163819525235 - May 6, 2021, 4:36 pm
txn_1Inp0dJm8ehcCWGIE932fDZc - 8994163819603230 - May 6, 2021, 4:36 pm
txn_1InmoVJm8ehcCWGI1p6cBEzd - 8994163819169231 - May 6, 2021, 4:36 pm
txn_1Inv6tJm8ehcCWGIPrC1RHkI - 8994163819602233 - May 6, 2021, 4:36 pm
txn_1InqfnJm8ehcCWGI03wodaSH - 8994163819167237 - May 6, 2021, 4:36 pm
txn_1InuAfJm8ehcCWGIUVOnCOby - 8994163819522234 - May 6, 2021, 4:36 pm
txn_1InopkJm8ehcCWGIgFJDuJK1 - 8994163819521237 - May 6, 2021, 4:36 pm
txn_1Inuv1Jm8ehcCWGIc9qo4s9s - 8994163819523231 - May 6, 2021, 4:36 pm
txn_1InmZGJm8ehcCWGIExRpSxDH - 8994163819520230 - May 6, 2021, 4:36 pm
txn_1Ind8yJm8ehcCWGIL8zspHRo - 8994163819519234 - May 6, 2021, 4:36 pm
txn_1InqOrJm8ehcCWGI7tBoNfAo - 8994163819518237 - May 6, 2021, 4:36 pm
txn_1IntFDJm8ehcCWGI6ZGnIdhR - 8994163819166230 - May 6, 2021, 4:36 pm
txn_1InudtJm8ehcCWGIM8oZCno4 - 8994163819516233 - May 6, 2021, 4:36 pm
txn_1InnTNJm8ehcCWGIAgFGaUtw - 8994163819165233 - May 6, 2021, 4:36 pm
txn_1InjkkJm8ehcCWGITtu56Np4 - 8994163819515236 - May 6, 2021, 4:36 pm
txn_1Inc34Jm8ehcCWGIaOgLnkHr - 8994163819517230 - May 6, 2021, 4:36 pm
txn_1InpmdJm8ehcCWGIg2F05G86 - 8994163819514239 - May 6, 2021, 4:36 pm
txn_1InrojJm8ehcCWGIaCuJFuML - 8994163819164236 - May 6, 2021, 4:36 pm
txn_1Inn9MJm8ehcCWGIJqjJTfVy - 8994163819399232 - May 6, 2021, 4:36 pm
txn_1InuaxJm8ehcCWGIgho4P0da - 8994163819163239 - May 6, 2021, 4:36 pm
txn_1InZG6Jm8ehcCWGIDCyUG6Uc - 8994163819162232 - May 6, 2021, 4:36 pm
txn_1Inj10Jm8ehcCWGImr2Sxmno - 8994163819513232 - May 6, 2021, 4:36 pm
