Influencer42 - 8994163750857556 - September 9, 2020, 11:35 am
Influencer35 - 8994163750680550 - September 9, 2020, 11:35 am
Influencer29 - 8994163750507550 - September 9, 2020, 11:35 am
Influencer38 - 8994163750845553 - September 9, 2020, 11:35 am
Influencer32 - 8994163750506553 - September 9, 2020, 11:35 am
Influencer26 - 8994163750843559 - September 9, 2020, 11:35 am
Influencer41 - 8994163750676553 - September 9, 2020, 11:35 am
Influencer34 - 8994163750672555 - September 9, 2020, 11:35 am
Influencer28 - 8994163750835554 - September 9, 2020, 11:35 am
Influencer37 - 8994163750832553 - September 9, 2020, 11:35 am
Influencer25 - 8994163750831556 - September 9, 2020, 11:35 am
Influencer31 - 8994163750667551 - September 9, 2020, 11:35 am
Influencer40 - 8994163750501558 - September 9, 2020, 11:35 am
Influencer33 - 8994163750648550 - September 9, 2020, 11:35 am
Influencer27 - 8994163750490555 - September 9, 2020, 11:35 am
Influencer36 - 8994163750819554 - September 9, 2020, 11:35 am
Influencer30 - 8994163750818557 - September 9, 2020, 11:35 am
Influencer24 - 8994163750649557 - September 9, 2020, 11:35 am
Influencer39 - 8994163750489559 - September 9, 2020, 11:35 am
txn_1HP9ehJm8ehcCWGIBgR0LrOp - 8994163754460554 - September 9, 2020, 11:40 am
txn_1HPAtAJm8ehcCWGII3OldgNK - 8994163754441553 - September 9, 2020, 11:40 am
txn_1HPBQmJm8ehcCWGIoxMch7Od - 8994163754412553 - September 9, 2020, 11:40 am
txn_1HPC4dJm8ehcCWGIar6ECli8 - 8994163754214553 - September 9, 2020, 11:40 am
txn_1HPT0bJm8ehcCWGIsALcxh21 - 8994163754176554 - September 9, 2020, 11:40 am
txn_1HPFgHJm8ehcCWGIFsMbQ37F - 8994163753789557 - September 9, 2020, 11:40 am
txn_1HPJIRJm8ehcCWGIPEsw3Cfi - 8994163754174550 - September 9, 2020, 11:40 am
txn_1HPCIWJm8ehcCWGI7RJq7TZg - 8994163754175557 - September 9, 2020, 11:40 am
txn_1HPDf0Jm8ehcCWGIYUY9U8jW - 8994163753790553 - September 9, 2020, 11:40 am
txn_1HPIVzJm8ehcCWGI5jaQZrcX - 8994163753791550 - September 9, 2020, 11:40 am
