txn_1JCauLJm8ehcCWGI7OrJTFgG - 8994163722569265 - July 14, 2021, 4:17 pm
txn_1JCtzhJm8ehcCWGI4G9gPRPO - 8994163722574269 - July 14, 2021, 4:17 pm
txn_1JCsg6Jm8ehcCWGID3IJHVxh - 8994163722402265 - July 14, 2021, 4:17 pm
txn_1JCsZ9Jm8ehcCWGIQNzVCJmi - 8994163722192265 - July 14, 2021, 4:17 pm
txn_1JCpu1Jm8ehcCWGIUP0ahB98 - 8994163722398261 - July 14, 2021, 4:17 pm
txn_1JCrK3Jm8ehcCWGIjB20spbj - 8994163722400261 - July 14, 2021, 4:17 pm
txn_1JCnG2Jm8ehcCWGIJWIZOyzY - 8994163722573262 - July 14, 2021, 4:17 pm
txn_1JCkNZJm8ehcCWGIIH0gWsNg - 8994163722399268 - July 14, 2021, 4:17 pm
txn_1JCbngJm8ehcCWGI0fWf5viF - 8994163722191268 - July 14, 2021, 4:17 pm
txn_1JCrl6Jm8ehcCWGIY3GIBQpA - 8994163722397264 - July 14, 2021, 4:17 pm
txn_1JCmLEJm8ehcCWGIjQjUi762 - 8994163722188268 - July 14, 2021, 4:17 pm
txn_1JCdz7Jm8ehcCWGInXjTvVJK - 8994163722572265 - July 14, 2021, 4:17 pm
txn_1JCp6VJm8ehcCWGIs8K70nJn - 8994163722396267 - July 14, 2021, 4:17 pm
txn_1JCr82Jm8ehcCWGIr7broMpm - 8994163722187261 - July 14, 2021, 4:17 pm
txn_1JCbV6Jm8ehcCWGIBGB6sOt1 - 8994163722571268 - July 14, 2021, 4:17 pm
txn_1JCcPqJm8ehcCWGIGzl00ueV - 8994163722185267 - July 14, 2021, 4:17 pm
txn_1JCmEMJm8ehcCWGITQ8oGGek - 8994163722392269 - July 14, 2021, 4:17 pm
txn_1JCraUJm8ehcCWGIoZJve4uS - 8994163722395260 - July 14, 2021, 4:17 pm
txn_1JCr5CJm8ehcCWGIsnMEAKbe - 8994163722394263 - July 14, 2021, 4:17 pm
txn_1JCo72Jm8ehcCWGIT111xVjf - 8994163722393266 - July 14, 2021, 4:17 pm
txn_1JCauLJm8ehcCWGI7OrJTFgG - 8994163722569265 - July 14, 2021, 4:17 pm
txn_1JCtzhJm8ehcCWGI4G9gPRPO - 8994163722574269 - July 14, 2021, 4:17 pm
txn_1JCsg6Jm8ehcCWGID3IJHVxh - 8994163722402265 - July 14, 2021, 4:17 pm
txn_1JCsZ9Jm8ehcCWGIQNzVCJmi - 8994163722192265 - July 14, 2021, 4:17 pm
txn_1JCpu1Jm8ehcCWGIUP0ahB98 - 8994163722398261 - July 14, 2021, 4:17 pm
txn_1JCrK3Jm8ehcCWGIjB20spbj - 8994163722400261 - July 14, 2021, 4:17 pm
txn_1JCnG2Jm8ehcCWGIJWIZOyzY - 8994163722573262 - July 14, 2021, 4:17 pm
txn_1JCkNZJm8ehcCWGIIH0gWsNg - 8994163722399268 - July 14, 2021, 4:17 pm
txn_1JCbngJm8ehcCWGI0fWf5viF - 8994163722191268 - July 14, 2021, 4:17 pm
txn_1JCrl6Jm8ehcCWGIY3GIBQpA - 8994163722397264 - July 14, 2021, 4:17 pm
txn_1JCmLEJm8ehcCWGIjQjUi762 - 8994163722188268 - July 14, 2021, 4:17 pm
txn_1JCdz7Jm8ehcCWGInXjTvVJK - 8994163722572265 - July 14, 2021, 4:17 pm
txn_1JCp6VJm8ehcCWGIs8K70nJn - 8994163722396267 - July 14, 2021, 4:17 pm
txn_1JCr82Jm8ehcCWGIr7broMpm - 8994163722187261 - July 14, 2021, 4:17 pm
txn_1JCbV6Jm8ehcCWGIBGB6sOt1 - 8994163722571268 - July 14, 2021, 4:17 pm
txn_1JCcPqJm8ehcCWGIGzl00ueV - 8994163722185267 - July 14, 2021, 4:17 pm
txn_1JCmEMJm8ehcCWGITQ8oGGek - 8994163722392269 - July 14, 2021, 4:17 pm
txn_1JCraUJm8ehcCWGIoZJve4uS - 8994163722395260 - July 14, 2021, 4:17 pm
txn_1JCr5CJm8ehcCWGIsnMEAKbe - 8994163722394263 - July 14, 2021, 4:17 pm
txn_1JCo72Jm8ehcCWGIT111xVjf - 8994163722393266 - July 14, 2021, 4:17 pm
txn_1JCauLJm8ehcCWGI7OrJTFgG - 8994163722569265 - July 14, 2021, 4:17 pm
txn_1JCtzhJm8ehcCWGI4G9gPRPO - 8994163722574269 - July 14, 2021, 4:17 pm
txn_1JCsg6Jm8ehcCWGID3IJHVxh - 8994163722402265 - July 14, 2021, 4:17 pm
txn_1JCsZ9Jm8ehcCWGIQNzVCJmi - 8994163722192265 - July 14, 2021, 4:17 pm
txn_1JCpu1Jm8ehcCWGIUP0ahB98 - 8994163722398261 - July 14, 2021, 4:17 pm
txn_1JCrK3Jm8ehcCWGIjB20spbj - 8994163722400261 - July 14, 2021, 4:17 pm
txn_1JCnG2Jm8ehcCWGIJWIZOyzY - 8994163722573262 - July 14, 2021, 4:17 pm
txn_1JCkNZJm8ehcCWGIIH0gWsNg - 8994163722399268 - July 14, 2021, 4:17 pm
txn_1JCbngJm8ehcCWGI0fWf5viF - 8994163722191268 - July 14, 2021, 4:17 pm
txn_1JCrl6Jm8ehcCWGIY3GIBQpA - 8994163722397264 - July 14, 2021, 4:17 pm
txn_1JCmLEJm8ehcCWGIjQjUi762 - 8994163722188268 - July 14, 2021, 4:17 pm
txn_1JCdz7Jm8ehcCWGInXjTvVJK - 8994163722572265 - July 14, 2021, 4:17 pm
txn_1JCp6VJm8ehcCWGIs8K70nJn - 8994163722396267 - July 14, 2021, 4:17 pm
txn_1JCr82Jm8ehcCWGIr7broMpm - 8994163722187261 - July 14, 2021, 4:17 pm
txn_1JCbV6Jm8ehcCWGIBGB6sOt1 - 8994163722571268 - July 14, 2021, 4:17 pm
txn_1JCcPqJm8ehcCWGIGzl00ueV - 8994163722185267 - July 14, 2021, 4:17 pm
txn_1JCmEMJm8ehcCWGITQ8oGGek - 8994163722392269 - July 14, 2021, 4:17 pm
txn_1JCraUJm8ehcCWGIoZJve4uS - 8994163722395260 - July 14, 2021, 4:17 pm
txn_1JCr5CJm8ehcCWGIsnMEAKbe - 8994163722394263 - July 14, 2021, 4:17 pm
txn_1JCo72Jm8ehcCWGIT111xVjf - 8994163722393266 - July 14, 2021, 4:17 pm
txn_1JCauLJm8ehcCWGI7OrJTFgG - 8994163722569265 - July 14, 2021, 4:17 pm
txn_1JCtzhJm8ehcCWGI4G9gPRPO - 8994163722574269 - July 14, 2021, 4:17 pm
txn_1JCsg6Jm8ehcCWGID3IJHVxh - 8994163722402265 - July 14, 2021, 4:17 pm
txn_1JCsZ9Jm8ehcCWGIQNzVCJmi - 8994163722192265 - July 14, 2021, 4:17 pm
txn_1JCpu1Jm8ehcCWGIUP0ahB98 - 8994163722398261 - July 14, 2021, 4:17 pm
txn_1JCrK3Jm8ehcCWGIjB20spbj - 8994163722400261 - July 14, 2021, 4:17 pm
txn_1JCnG2Jm8ehcCWGIJWIZOyzY - 8994163722573262 - July 14, 2021, 4:17 pm
txn_1JCkNZJm8ehcCWGIIH0gWsNg - 8994163722399268 - July 14, 2021, 4:17 pm
txn_1JCbngJm8ehcCWGI0fWf5viF - 8994163722191268 - July 14, 2021, 4:17 pm
txn_1JCrl6Jm8ehcCWGIY3GIBQpA - 8994163722397264 - July 14, 2021, 4:17 pm
txn_1JCmLEJm8ehcCWGIjQjUi762 - 8994163722188268 - July 14, 2021, 4:17 pm
txn_1JCdz7Jm8ehcCWGInXjTvVJK - 8994163722572265 - July 14, 2021, 4:17 pm
txn_1JCp6VJm8ehcCWGIs8K70nJn - 8994163722396267 - July 14, 2021, 4:17 pm
txn_1JCr82Jm8ehcCWGIr7broMpm - 8994163722187261 - July 14, 2021, 4:17 pm
txn_1JCbV6Jm8ehcCWGIBGB6sOt1 - 8994163722571268 - July 14, 2021, 4:17 pm
txn_1JCcPqJm8ehcCWGIGzl00ueV - 8994163722185267 - July 14, 2021, 4:17 pm
txn_1JCmEMJm8ehcCWGITQ8oGGek - 8994163722392269 - July 14, 2021, 4:17 pm
txn_1JCraUJm8ehcCWGIoZJve4uS - 8994163722395260 - July 14, 2021, 4:17 pm
txn_1JCr5CJm8ehcCWGIsnMEAKbe - 8994163722394263 - July 14, 2021, 4:17 pm
txn_1JCo72Jm8ehcCWGIT111xVjf - 8994163722393266 - July 14, 2021, 4:17 pm
txn_1JCauLJm8ehcCWGI7OrJTFgG - 8994163722569265 - July 14, 2021, 4:17 pm
txn_1JCtzhJm8ehcCWGI4G9gPRPO - 8994163722574269 - July 14, 2021, 4:17 pm
txn_1JCsg6Jm8ehcCWGID3IJHVxh - 8994163722402265 - July 14, 2021, 4:17 pm
txn_1JCsZ9Jm8ehcCWGIQNzVCJmi - 8994163722192265 - July 14, 2021, 4:17 pm
txn_1JCpu1Jm8ehcCWGIUP0ahB98 - 8994163722398261 - July 14, 2021, 4:17 pm
txn_1JCrK3Jm8ehcCWGIjB20spbj - 8994163722400261 - July 14, 2021, 4:17 pm
txn_1JCnG2Jm8ehcCWGIJWIZOyzY - 8994163722573262 - July 14, 2021, 4:17 pm
txn_1JCkNZJm8ehcCWGIIH0gWsNg - 8994163722399268 - July 14, 2021, 4:17 pm
txn_1JCbngJm8ehcCWGI0fWf5viF - 8994163722191268 - July 14, 2021, 4:17 pm
txn_1JCrl6Jm8ehcCWGIY3GIBQpA - 8994163722397264 - July 14, 2021, 4:17 pm
txn_1JCmLEJm8ehcCWGIjQjUi762 - 8994163722188268 - July 14, 2021, 4:17 pm
txn_1JCdz7Jm8ehcCWGInXjTvVJK - 8994163722572265 - July 14, 2021, 4:17 pm
txn_1JCp6VJm8ehcCWGIs8K70nJn - 8994163722396267 - July 14, 2021, 4:17 pm
txn_1JCr82Jm8ehcCWGIr7broMpm - 8994163722187261 - July 14, 2021, 4:17 pm
txn_1JCbV6Jm8ehcCWGIBGB6sOt1 - 8994163722571268 - July 14, 2021, 4:17 pm
txn_1JCcPqJm8ehcCWGIGzl00ueV - 8994163722185267 - July 14, 2021, 4:17 pm
txn_1JCmEMJm8ehcCWGITQ8oGGek - 8994163722392269 - July 14, 2021, 4:17 pm
txn_1JCraUJm8ehcCWGIoZJve4uS - 8994163722395260 - July 14, 2021, 4:17 pm
txn_1JCr5CJm8ehcCWGIsnMEAKbe - 8994163722394263 - July 14, 2021, 4:17 pm
txn_1JCo72Jm8ehcCWGIT111xVjf - 8994163722393266 - July 14, 2021, 4:17 pm
txn_1JCauLJm8ehcCWGI7OrJTFgG - 8994163722569265 - July 14, 2021, 4:17 pm
txn_1JCtzhJm8ehcCWGI4G9gPRPO - 8994163722574269 - July 14, 2021, 4:17 pm
txn_1JCsg6Jm8ehcCWGID3IJHVxh - 8994163722402265 - July 14, 2021, 4:17 pm
txn_1JCsZ9Jm8ehcCWGIQNzVCJmi - 8994163722192265 - July 14, 2021, 4:17 pm
txn_1JCpu1Jm8ehcCWGIUP0ahB98 - 8994163722398261 - July 14, 2021, 4:17 pm
txn_1JCrK3Jm8ehcCWGIjB20spbj - 8994163722400261 - July 14, 2021, 4:17 pm
txn_1JCnG2Jm8ehcCWGIJWIZOyzY - 8994163722573262 - July 14, 2021, 4:17 pm
txn_1JCkNZJm8ehcCWGIIH0gWsNg - 8994163722399268 - July 14, 2021, 4:17 pm
txn_1JCbngJm8ehcCWGI0fWf5viF - 8994163722191268 - July 14, 2021, 4:17 pm
txn_1JCrl6Jm8ehcCWGIY3GIBQpA - 8994163722397264 - July 14, 2021, 4:17 pm
txn_1JCmLEJm8ehcCWGIjQjUi762 - 8994163722188268 - July 14, 2021, 4:17 pm
txn_1JCdz7Jm8ehcCWGInXjTvVJK - 8994163722572265 - July 14, 2021, 4:17 pm
txn_1JCp6VJm8ehcCWGIs8K70nJn - 8994163722396267 - July 14, 2021, 4:17 pm
txn_1JCr82Jm8ehcCWGIr7broMpm - 8994163722187261 - July 14, 2021, 4:17 pm
txn_1JCbV6Jm8ehcCWGIBGB6sOt1 - 8994163722571268 - July 14, 2021, 4:17 pm
txn_1JCcPqJm8ehcCWGIGzl00ueV - 8994163722185267 - July 14, 2021, 4:17 pm
txn_1JCmEMJm8ehcCWGITQ8oGGek - 8994163722392269 - July 14, 2021, 4:17 pm
txn_1JCraUJm8ehcCWGIoZJve4uS - 8994163722395260 - July 14, 2021, 4:17 pm
txn_1JCr5CJm8ehcCWGIsnMEAKbe - 8994163722394263 - July 14, 2021, 4:17 pm
txn_1JCo72Jm8ehcCWGIT111xVjf - 8994163722393266 - July 14, 2021, 4:17 pm
txn_1JCvbeJm8ehcCWGI7GDvA7hq - 8994163722597268 - July 14, 2021, 4:17 pm
txn_1JCvGwJm8ehcCWGImNr7ENtC - 8994163722618260 - July 14, 2021, 4:17 pm
txn_1JCauLJm8ehcCWGI7OrJTFgG - 8994163722569265 - July 14, 2021, 4:17 pm
txn_1JCtzhJm8ehcCWGI4G9gPRPO - 8994163722574269 - July 14, 2021, 4:17 pm
txn_1JCsg6Jm8ehcCWGID3IJHVxh - 8994163722402265 - July 14, 2021, 4:17 pm
txn_1JCsZ9Jm8ehcCWGIQNzVCJmi - 8994163722192265 - July 14, 2021, 4:17 pm
txn_1JCpu1Jm8ehcCWGIUP0ahB98 - 8994163722398261 - July 14, 2021, 4:17 pm
txn_1JCrK3Jm8ehcCWGIjB20spbj - 8994163722400261 - July 14, 2021, 4:17 pm
txn_1JCnG2Jm8ehcCWGIJWIZOyzY - 8994163722573262 - July 14, 2021, 4:17 pm
txn_1JCkNZJm8ehcCWGIIH0gWsNg - 8994163722399268 - July 14, 2021, 4:17 pm
txn_1JCbngJm8ehcCWGI0fWf5viF - 8994163722191268 - July 14, 2021, 4:17 pm
txn_1JCrl6Jm8ehcCWGIY3GIBQpA - 8994163722397264 - July 14, 2021, 4:17 pm
txn_1JCmLEJm8ehcCWGIjQjUi762 - 8994163722188268 - July 14, 2021, 4:17 pm
txn_1JCdz7Jm8ehcCWGInXjTvVJK - 8994163722572265 - July 14, 2021, 4:17 pm
txn_1JCp6VJm8ehcCWGIs8K70nJn - 8994163722396267 - July 14, 2021, 4:17 pm
txn_1JCr82Jm8ehcCWGIr7broMpm - 8994163722187261 - July 14, 2021, 4:17 pm
txn_1JCbV6Jm8ehcCWGIBGB6sOt1 - 8994163722571268 - July 14, 2021, 4:17 pm
txn_1JCcPqJm8ehcCWGIGzl00ueV - 8994163722185267 - July 14, 2021, 4:17 pm
txn_1JCmEMJm8ehcCWGITQ8oGGek - 8994163722392269 - July 14, 2021, 4:17 pm
txn_1JCraUJm8ehcCWGIoZJve4uS - 8994163722395260 - July 14, 2021, 4:17 pm
txn_1JCr5CJm8ehcCWGIsnMEAKbe - 8994163722394263 - July 14, 2021, 4:17 pm
txn_1JCo72Jm8ehcCWGIT111xVjf - 8994163722393266 - July 14, 2021, 4:17 pm
txn_1JCvbeJm8ehcCWGI7GDvA7hq - 8994163722597268 - July 14, 2021, 4:17 pm
txn_1JCvGwJm8ehcCWGImNr7ENtC - 8994163722618260 - July 14, 2021, 4:17 pm
