txn_1IakwzJm8ehcCWGIoVJXWVqr - 8994163114608220 - March 30, 2021, 4:42 pm
txn_1IaR9LJm8ehcCWGIPEEWelZO - 8994163114611220 - March 30, 2021, 4:42 pm
txn_1IaR23Jm8ehcCWGImIdb4ffc - 8994163114454223 - March 30, 2021, 4:42 pm
txn_1IaT9NJm8ehcCWGI6iGfYeoj - 8994163114452229 - March 30, 2021, 4:42 pm
txn_1IakrmJm8ehcCWGIeTpNAWZX - 8994163114606226 - March 30, 2021, 4:42 pm
txn_1IaZ7uJm8ehcCWGIgcSqW9jn - 8994163114453226 - March 30, 2021, 4:42 pm
txn_1IaUkFJm8ehcCWGIKBEnRP7s - 8994163114384223 - March 30, 2021, 4:42 pm
txn_1Iamc3Jm8ehcCWGIn5vnvzwX - 8994163114383226 - March 30, 2021, 4:42 pm
txn_1IaQnSJm8ehcCWGIEYPv6yTv - 8994163114380225 - March 30, 2021, 4:42 pm
txn_1IaiIYJm8ehcCWGI140cDfzI - 8994163114449229 - March 30, 2021, 4:42 pm
txn_1IaYTtJm8ehcCWGIeCEXNRiL - 8994163114605229 - March 30, 2021, 4:42 pm
txn_1IaSh3Jm8ehcCWGIdLBZc34D - 8994163114448222 - March 30, 2021, 4:42 pm
txn_1IaUa2Jm8ehcCWGIEgm0P9yh - 8994163114447225 - March 30, 2021, 4:42 pm
txn_1IamVwJm8ehcCWGIBijc4K2W - 8994163114446228 - March 30, 2021, 4:42 pm
txn_1Iai5eJm8ehcCWGI5hyWFvho - 8994163114603225 - March 30, 2021, 4:42 pm
txn_1IaQRvJm8ehcCWGIxPJTfL6t - 8994163114442220 - March 30, 2021, 4:42 pm
txn_1IaWbzJm8ehcCWGITdBzjasE - 8994163114443227 - March 30, 2021, 4:42 pm
txn_1IaSQFJm8ehcCWGIK8QwhWbF - 8994163114375221 - March 30, 2021, 4:42 pm
txn_1IaUA8Jm8ehcCWGIwV2mC2Qw - 8994163114602228 - March 30, 2021, 4:42 pm
txn_1IalufJm8ehcCWGI6wHpv9oQ - 8994163114441223 - March 30, 2021, 4:42 pm
txn_1IaWFwJm8ehcCWGI25EGpJ9d - 8994163113799226 - March 30, 2021, 4:42 pm
txn_1IaR9RJm8ehcCWGIJkrXSsSc - 8994163114370226 - March 30, 2021, 4:42 pm
txn_1IaU1xJm8ehcCWGIprUek2Ol - 8994163114439220 - March 30, 2021, 4:43 pm
txn_1IagJxJm8ehcCWGIyZg6SPwG - 8994163114600224 - March 30, 2021, 4:43 pm
txn_1IalScJm8ehcCWGIldQ2egFt - 8994163114368223 - March 30, 2021, 4:43 pm
txn_1IaQ6aJm8ehcCWGItvjXMZXz - 8994163114369220 - March 30, 2021, 4:43 pm
txn_1IaoEQJm8ehcCWGIAOprHEgs - 8994163114461221 - March 30, 2021, 4:43 pm
txn_1IaUm2Jm8ehcCWGImoOsR7bg -  - March 30, 2021, 4:43 pm
txn_1IaTVgJm8ehcCWGILrinQKPY - 8994163114615228 - March 30, 2021, 4:43 pm
txn_1IantLJm8ehcCWGIhN46MDGC -  - March 30, 2021, 4:43 pm
txn_1IakwzJm8ehcCWGIoVJXWVqr - 8994163114608220 - March 30, 2021, 4:43 pm
txn_1IaR9LJm8ehcCWGIPEEWelZO - 8994163114611220 - March 30, 2021, 4:43 pm
txn_1IaR23Jm8ehcCWGImIdb4ffc - 8994163114454223 - March 30, 2021, 4:43 pm
txn_1IaT9NJm8ehcCWGI6iGfYeoj - 8994163114452229 - March 30, 2021, 4:43 pm
txn_1IakrmJm8ehcCWGIeTpNAWZX - 8994163114606226 - March 30, 2021, 4:43 pm
txn_1IaZ7uJm8ehcCWGIgcSqW9jn - 8994163114453226 - March 30, 2021, 4:43 pm
txn_1IaUkFJm8ehcCWGIKBEnRP7s - 8994163114384223 - March 30, 2021, 4:43 pm
txn_1Iamc3Jm8ehcCWGIn5vnvzwX - 8994163114383226 - March 30, 2021, 4:43 pm
txn_1IaQnSJm8ehcCWGIEYPv6yTv - 8994163114380225 - March 30, 2021, 4:43 pm
txn_1IaiIYJm8ehcCWGI140cDfzI - 8994163114449229 - March 30, 2021, 4:43 pm
txn_1IaYTtJm8ehcCWGIeCEXNRiL - 8994163114605229 - March 30, 2021, 4:43 pm
txn_1IaSh3Jm8ehcCWGIdLBZc34D - 8994163114448222 - March 30, 2021, 4:43 pm
txn_1IaUa2Jm8ehcCWGIEgm0P9yh - 8994163114447225 - March 30, 2021, 4:43 pm
txn_1IamVwJm8ehcCWGIBijc4K2W - 8994163114446228 - March 30, 2021, 4:43 pm
txn_1Iai5eJm8ehcCWGI5hyWFvho - 8994163114603225 - March 30, 2021, 4:43 pm
txn_1IaQRvJm8ehcCWGIxPJTfL6t - 8994163114442220 - March 30, 2021, 4:43 pm
txn_1IaWbzJm8ehcCWGITdBzjasE - 8994163114443227 - March 30, 2021, 4:43 pm
txn_1IaSQFJm8ehcCWGIK8QwhWbF - 8994163114375221 - March 30, 2021, 4:43 pm
txn_1IaUA8Jm8ehcCWGIwV2mC2Qw - 8994163114602228 - March 30, 2021, 4:43 pm
txn_1IalufJm8ehcCWGI6wHpv9oQ - 8994163114441223 - March 30, 2021, 4:43 pm
txn_1IaWFwJm8ehcCWGI25EGpJ9d - 8994163113799226 - March 30, 2021, 4:43 pm
txn_1IaR9RJm8ehcCWGIJkrXSsSc - 8994163114370226 - March 30, 2021, 4:43 pm
txn_1IaU1xJm8ehcCWGIprUek2Ol - 8994163114439220 - March 30, 2021, 4:43 pm
txn_1IagJxJm8ehcCWGIyZg6SPwG - 8994163114600224 - March 30, 2021, 4:43 pm
txn_1IalScJm8ehcCWGIldQ2egFt - 8994163114368223 - March 30, 2021, 4:43 pm
txn_1IaQ6aJm8ehcCWGItvjXMZXz - 8994163114369220 - March 30, 2021, 4:43 pm
txn_1IanIfJm8ehcCWGIsCaDnA9T - 8994163114393225 - March 30, 2021, 4:43 pm
txn_1IanILJm8ehcCWGIt31YwfT1 - 8994163114616225 - March 30, 2021, 4:43 pm
txn_1IaaDSJm8ehcCWGITa22t9cc - 8994163114389228 - March 30, 2021, 4:43 pm
txn_1IaoEQJm8ehcCWGIAOprHEgs - 8994163114461221 - March 30, 2021, 4:43 pm
txn_1IaTVgJm8ehcCWGILrinQKPY - 8994163114615228 - March 30, 2021, 4:43 pm
txn_1IakwzJm8ehcCWGIoVJXWVqr - 8994163114608220 - March 30, 2021, 4:43 pm
txn_1IaR9LJm8ehcCWGIPEEWelZO - 8994163114611220 - March 30, 2021, 4:43 pm
txn_1IaR23Jm8ehcCWGImIdb4ffc - 8994163114454223 - March 30, 2021, 4:43 pm
txn_1IaT9NJm8ehcCWGI6iGfYeoj - 8994163114452229 - March 30, 2021, 4:43 pm
txn_1IakrmJm8ehcCWGIeTpNAWZX - 8994163114606226 - March 30, 2021, 4:43 pm
txn_1IaZ7uJm8ehcCWGIgcSqW9jn - 8994163114453226 - March 30, 2021, 4:43 pm
txn_1IaUkFJm8ehcCWGIKBEnRP7s - 8994163114384223 - March 30, 2021, 4:43 pm
txn_1Iamc3Jm8ehcCWGIn5vnvzwX - 8994163114383226 - March 30, 2021, 4:43 pm
txn_1IaQnSJm8ehcCWGIEYPv6yTv - 8994163114380225 - March 30, 2021, 4:43 pm
txn_1IaiIYJm8ehcCWGI140cDfzI - 8994163114449229 - March 30, 2021, 4:43 pm
txn_1IaYTtJm8ehcCWGIeCEXNRiL - 8994163114605229 - March 30, 2021, 4:43 pm
txn_1IaSh3Jm8ehcCWGIdLBZc34D - 8994163114448222 - March 30, 2021, 4:43 pm
txn_1IaUa2Jm8ehcCWGIEgm0P9yh - 8994163114447225 - March 30, 2021, 4:43 pm
txn_1IamVwJm8ehcCWGIBijc4K2W - 8994163114446228 - March 30, 2021, 4:43 pm
txn_1Iai5eJm8ehcCWGI5hyWFvho - 8994163114603225 - March 30, 2021, 4:43 pm
txn_1IaQRvJm8ehcCWGIxPJTfL6t - 8994163114442220 - March 30, 2021, 4:43 pm
txn_1IaWbzJm8ehcCWGITdBzjasE - 8994163114443227 - March 30, 2021, 4:43 pm
txn_1IaSQFJm8ehcCWGIK8QwhWbF - 8994163114375221 - March 30, 2021, 4:43 pm
txn_1IaUA8Jm8ehcCWGIwV2mC2Qw - 8994163114602228 - March 30, 2021, 4:43 pm
txn_1IalufJm8ehcCWGI6wHpv9oQ - 8994163114441223 - March 30, 2021, 4:43 pm
txn_1IaWFwJm8ehcCWGI25EGpJ9d - 8994163113799226 - March 30, 2021, 4:43 pm
txn_1IaR9RJm8ehcCWGIJkrXSsSc - 8994163114370226 - March 30, 2021, 4:43 pm
txn_1IaU1xJm8ehcCWGIprUek2Ol - 8994163114439220 - March 30, 2021, 4:43 pm
txn_1IagJxJm8ehcCWGIyZg6SPwG - 8994163114600224 - March 30, 2021, 4:43 pm
txn_1IalScJm8ehcCWGIldQ2egFt - 8994163114368223 - March 30, 2021, 4:43 pm
txn_1IaQ6aJm8ehcCWGItvjXMZXz - 8994163114369220 - March 30, 2021, 4:43 pm
txn_1IanIfJm8ehcCWGIsCaDnA9T - 8994163114393225 - March 30, 2021, 4:43 pm
txn_1IanILJm8ehcCWGIt31YwfT1 - 8994163114616225 - March 30, 2021, 4:43 pm
txn_1IaaDSJm8ehcCWGITa22t9cc - 8994163114389228 - March 30, 2021, 4:43 pm
txn_1IaoEQJm8ehcCWGIAOprHEgs - 8994163114461221 - March 30, 2021, 4:43 pm
txn_1IaTVgJm8ehcCWGILrinQKPY - 8994163114615228 - March 30, 2021, 4:43 pm
txn_1IantLJm8ehcCWGIhN46MDGC - 8994163114626224 - March 30, 2021, 4:43 pm
txn_1IakwzJm8ehcCWGIoVJXWVqr - 8994163114608220 - March 30, 2021, 4:43 pm
txn_1IaR9LJm8ehcCWGIPEEWelZO - 8994163114611220 - March 30, 2021, 4:43 pm
txn_1IaR23Jm8ehcCWGImIdb4ffc - 8994163114454223 - March 30, 2021, 4:43 pm
txn_1IaT9NJm8ehcCWGI6iGfYeoj - 8994163114452229 - March 30, 2021, 4:43 pm
txn_1IakrmJm8ehcCWGIeTpNAWZX - 8994163114606226 - March 30, 2021, 4:43 pm
txn_1IaZ7uJm8ehcCWGIgcSqW9jn - 8994163114453226 - March 30, 2021, 4:43 pm
txn_1IaUkFJm8ehcCWGIKBEnRP7s - 8994163114384223 - March 30, 2021, 4:43 pm
txn_1Iamc3Jm8ehcCWGIn5vnvzwX - 8994163114383226 - March 30, 2021, 4:43 pm
txn_1IaQnSJm8ehcCWGIEYPv6yTv - 8994163114380225 - March 30, 2021, 4:43 pm
txn_1IaiIYJm8ehcCWGI140cDfzI - 8994163114449229 - March 30, 2021, 4:43 pm
txn_1IaYTtJm8ehcCWGIeCEXNRiL - 8994163114605229 - March 30, 2021, 4:43 pm
txn_1IaSh3Jm8ehcCWGIdLBZc34D - 8994163114448222 - March 30, 2021, 4:43 pm
txn_1IaUa2Jm8ehcCWGIEgm0P9yh - 8994163114447225 - March 30, 2021, 4:43 pm
txn_1IamVwJm8ehcCWGIBijc4K2W - 8994163114446228 - March 30, 2021, 4:43 pm
txn_1Iai5eJm8ehcCWGI5hyWFvho - 8994163114603225 - March 30, 2021, 4:43 pm
txn_1IaQRvJm8ehcCWGIxPJTfL6t - 8994163114442220 - March 30, 2021, 4:43 pm
txn_1IaWbzJm8ehcCWGITdBzjasE - 8994163114443227 - March 30, 2021, 4:43 pm
txn_1IaSQFJm8ehcCWGIK8QwhWbF - 8994163114375221 - March 30, 2021, 4:43 pm
txn_1IaUA8Jm8ehcCWGIwV2mC2Qw - 8994163114602228 - March 30, 2021, 4:43 pm
txn_1IalufJm8ehcCWGI6wHpv9oQ - 8994163114441223 - March 30, 2021, 4:43 pm
txn_1IaWFwJm8ehcCWGI25EGpJ9d - 8994163113799226 - March 30, 2021, 4:43 pm
txn_1IaR9RJm8ehcCWGIJkrXSsSc - 8994163114370226 - March 30, 2021, 4:43 pm
txn_1IaU1xJm8ehcCWGIprUek2Ol - 8994163114439220 - March 30, 2021, 4:43 pm
txn_1IagJxJm8ehcCWGIyZg6SPwG - 8994163114600224 - March 30, 2021, 4:43 pm
txn_1IalScJm8ehcCWGIldQ2egFt - 8994163114368223 - March 30, 2021, 4:43 pm
txn_1IaQ6aJm8ehcCWGItvjXMZXz - 8994163114369220 - March 30, 2021, 4:43 pm
txn_1IanIfJm8ehcCWGIsCaDnA9T - 8994163114393225 - March 30, 2021, 4:43 pm
txn_1IanILJm8ehcCWGIt31YwfT1 - 8994163114616225 - March 30, 2021, 4:43 pm
txn_1IaaDSJm8ehcCWGITa22t9cc - 8994163114389228 - March 30, 2021, 4:43 pm
txn_1IaoEQJm8ehcCWGIAOprHEgs - 8994163114461221 - March 30, 2021, 4:43 pm
txn_1IaTVgJm8ehcCWGILrinQKPY - 8994163114615228 - March 30, 2021, 4:43 pm
txn_1IantLJm8ehcCWGIhN46MDGC - 8994163114626224 - March 30, 2021, 4:43 pm
txn_1IaUm2Jm8ehcCWGImoOsR7bg - 8994163114644228 - March 30, 2021, 4:43 pm
