txn_1IDYbeJm8ehcCWGI3iYj27U2 - 8994163416215140 - January 25, 2021, 2:37 pm
2021Influencer210 - 8994163415845140 - January 25, 2021, 2:37 pm
2021Influencer192 - 8994163415847144 - January 25, 2021, 2:37 pm
2021Influencer204 - 8994163416214143 - January 25, 2021, 2:37 pm
txn_1IDJdOJm8ehcCWGIoiYt6C2F - 8994163416032143 - January 25, 2021, 2:37 pm
2021Influencer197 - 8994163416200146 - January 25, 2021, 2:37 pm
txn_1IDYjBJm8ehcCWGI3ChXzlFO - 8994163416016143 - January 25, 2021, 2:37 pm
2021Influencer203 - 8994163416013142 - January 25, 2021, 2:37 pm
2021Influencer209 - 8994163415799146 - January 25, 2021, 2:37 pm
2021Influencer191 - 8994163415797142 - January 25, 2021, 2:37 pm
txn_1IDKuLJm8ehcCWGIXdSF5r0r - 8994163415794141 - January 25, 2021, 2:37 pm
txn_1IDaMcJm8ehcCWGIqfUPZ3Cv - 8994163415816140 - January 25, 2021, 2:37 pm
2021Influencer196 - 8994163415775140 - January 25, 2021, 2:37 pm
2021Influencer208 - 8994163415776147 - January 25, 2021, 2:37 pm
2021Influencer202 - 8994163415774143 - January 25, 2021, 2:37 pm
2021Influencer190 - 8994163415595144 - January 25, 2021, 2:37 pm
txn_1IDMHUJm8ehcCWGI10tmyTZJ - 8994163415815143 - January 25, 2021, 2:37 pm
2021Influencer189 - 8994163415745143 - January 25, 2021, 2:37 pm
2021Influencer207 - 8994163415746140 - January 25, 2021, 2:37 pm
2021Influencer195 - 8994163415579144 - January 25, 2021, 2:37 pm
txn_1IDNCtJm8ehcCWGIGxsPg9RC - 8994163415578147 - January 25, 2021, 2:37 pm
2021Influencer213 - 8994163415803140 - January 25, 2021, 2:37 pm
2021Influencer201 - 8994163415804147 - January 25, 2021, 2:37 pm
txn_1IDYbeJm8ehcCWGI3iYj27U2 - 8994163416215140 - January 25, 2021, 2:37 pm
2021Influencer210 - 8994163415845140 - January 25, 2021, 2:37 pm
2021Influencer192 - 8994163415847144 - January 25, 2021, 2:37 pm
2021Influencer204 - 8994163416214143 - January 25, 2021, 2:37 pm
txn_1IDJdOJm8ehcCWGIoiYt6C2F - 8994163416032143 - January 25, 2021, 2:37 pm
2021Influencer197 - 8994163416200146 - January 25, 2021, 2:37 pm
txn_1IDYjBJm8ehcCWGI3ChXzlFO - 8994163416016143 - January 25, 2021, 2:37 pm
2021Influencer203 - 8994163416013142 - January 25, 2021, 2:37 pm
2021Influencer209 - 8994163415799146 - January 25, 2021, 2:37 pm
2021Influencer191 - 8994163415797142 - January 25, 2021, 2:37 pm
txn_1IDKuLJm8ehcCWGIXdSF5r0r - 8994163415794141 - January 25, 2021, 2:37 pm
txn_1IDaMcJm8ehcCWGIqfUPZ3Cv - 8994163415816140 - January 25, 2021, 2:37 pm
2021Influencer196 - 8994163415775140 - January 25, 2021, 2:37 pm
2021Influencer208 - 8994163415776147 - January 25, 2021, 2:37 pm
2021Influencer202 - 8994163415774143 - January 25, 2021, 2:37 pm
2021Influencer190 - 8994163415595144 - January 25, 2021, 2:37 pm
txn_1IDMHUJm8ehcCWGI10tmyTZJ - 8994163415815143 - January 25, 2021, 2:37 pm
2021Influencer189 - 8994163415745143 - January 25, 2021, 2:37 pm
2021Influencer207 - 8994163415746140 - January 25, 2021, 2:37 pm
2021Influencer195 - 8994163415579144 - January 25, 2021, 2:37 pm
txn_1IDNCtJm8ehcCWGIGxsPg9RC - 8994163415578147 - January 25, 2021, 2:37 pm
2021Influencer213 - 8994163415803140 - January 25, 2021, 2:37 pm
2021Influencer201 - 8994163415804147 - January 25, 2021, 2:37 pm
txn_1IDYbeJm8ehcCWGI3iYj27U2 - 8994163416215140 - January 25, 2021, 2:37 pm
2021Influencer210 - 8994163415845140 - January 25, 2021, 2:37 pm
2021Influencer192 - 8994163415847144 - January 25, 2021, 2:37 pm
2021Influencer204 - 8994163416214143 - January 25, 2021, 2:37 pm
txn_1IDJdOJm8ehcCWGIoiYt6C2F - 8994163416032143 - January 25, 2021, 2:37 pm
2021Influencer197 - 8994163416200146 - January 25, 2021, 2:37 pm
txn_1IDYjBJm8ehcCWGI3ChXzlFO - 8994163416016143 - January 25, 2021, 2:37 pm
2021Influencer203 - 8994163416013142 - January 25, 2021, 2:37 pm
2021Influencer209 - 8994163415799146 - January 25, 2021, 2:37 pm
2021Influencer191 - 8994163415797142 - January 25, 2021, 2:37 pm
txn_1IDKuLJm8ehcCWGIXdSF5r0r - 8994163415794141 - January 25, 2021, 2:37 pm
txn_1IDaMcJm8ehcCWGIqfUPZ3Cv - 8994163415816140 - January 25, 2021, 2:37 pm
2021Influencer196 - 8994163415775140 - January 25, 2021, 2:37 pm
2021Influencer208 - 8994163415776147 - January 25, 2021, 2:37 pm
2021Influencer202 - 8994163415774143 - January 25, 2021, 2:37 pm
2021Influencer190 - 8994163415595144 - January 25, 2021, 2:37 pm
txn_1IDMHUJm8ehcCWGI10tmyTZJ - 8994163415815143 - January 25, 2021, 2:37 pm
2021Influencer189 - 8994163415745143 - January 25, 2021, 2:37 pm
2021Influencer207 - 8994163415746140 - January 25, 2021, 2:37 pm
2021Influencer195 - 8994163415579144 - January 25, 2021, 2:37 pm
txn_1IDNCtJm8ehcCWGIGxsPg9RC - 8994163415578147 - January 25, 2021, 2:37 pm
2021Influencer213 - 8994163415803140 - January 25, 2021, 2:37 pm
2021Influencer201 - 8994163415804147 - January 25, 2021, 2:37 pm
txn_1IDYbeJm8ehcCWGI3iYj27U2 - 8994163416215140 - January 25, 2021, 2:37 pm
2021Influencer210 - 8994163415845140 - January 25, 2021, 2:37 pm
2021Influencer192 - 8994163415847144 - January 25, 2021, 2:37 pm
2021Influencer204 - 8994163416214143 - January 25, 2021, 2:37 pm
txn_1IDJdOJm8ehcCWGIoiYt6C2F - 8994163416032143 - January 25, 2021, 2:37 pm
2021Influencer197 - 8994163416200146 - January 25, 2021, 2:37 pm
txn_1IDYjBJm8ehcCWGI3ChXzlFO - 8994163416016143 - January 25, 2021, 2:37 pm
2021Influencer203 - 8994163416013142 - January 25, 2021, 2:37 pm
2021Influencer209 - 8994163415799146 - January 25, 2021, 2:37 pm
2021Influencer191 - 8994163415797142 - January 25, 2021, 2:37 pm
txn_1IDKuLJm8ehcCWGIXdSF5r0r - 8994163415794141 - January 25, 2021, 2:37 pm
txn_1IDaMcJm8ehcCWGIqfUPZ3Cv - 8994163415816140 - January 25, 2021, 2:37 pm
2021Influencer196 - 8994163415775140 - January 25, 2021, 2:37 pm
2021Influencer208 - 8994163415776147 - January 25, 2021, 2:37 pm
2021Influencer202 - 8994163415774143 - January 25, 2021, 2:37 pm
2021Influencer190 - 8994163415595144 - January 25, 2021, 2:37 pm
txn_1IDMHUJm8ehcCWGI10tmyTZJ - 8994163415815143 - January 25, 2021, 2:37 pm
2021Influencer189 - 8994163415745143 - January 25, 2021, 2:37 pm
2021Influencer207 - 8994163415746140 - January 25, 2021, 2:37 pm
2021Influencer195 - 8994163415579144 - January 25, 2021, 2:37 pm
txn_1IDNCtJm8ehcCWGIGxsPg9RC - 8994163415578147 - January 25, 2021, 2:37 pm
2021Influencer213 - 8994163415803140 - January 25, 2021, 2:37 pm
2021Influencer201 - 8994163415804147 - January 25, 2021, 2:37 pm
txn_1IDYbeJm8ehcCWGI3iYj27U2 - 8994163416215140 - January 25, 2021, 2:37 pm
2021Influencer210 - 8994163415845140 - January 25, 2021, 2:37 pm
2021Influencer192 - 8994163415847144 - January 25, 2021, 2:37 pm
2021Influencer204 - 8994163416214143 - January 25, 2021, 2:37 pm
txn_1IDJdOJm8ehcCWGIoiYt6C2F - 8994163416032143 - January 25, 2021, 2:37 pm
2021Influencer197 - 8994163416200146 - January 25, 2021, 2:37 pm
txn_1IDYjBJm8ehcCWGI3ChXzlFO - 8994163416016143 - January 25, 2021, 2:37 pm
2021Influencer203 - 8994163416013142 - January 25, 2021, 2:37 pm
2021Influencer209 - 8994163415799146 - January 25, 2021, 2:37 pm
2021Influencer191 - 8994163415797142 - January 25, 2021, 2:37 pm
txn_1IDKuLJm8ehcCWGIXdSF5r0r - 8994163415794141 - January 25, 2021, 2:37 pm
txn_1IDaMcJm8ehcCWGIqfUPZ3Cv - 8994163415816140 - January 25, 2021, 2:37 pm
2021Influencer196 - 8994163415775140 - January 25, 2021, 2:37 pm
2021Influencer208 - 8994163415776147 - January 25, 2021, 2:37 pm
2021Influencer202 - 8994163415774143 - January 25, 2021, 2:37 pm
2021Influencer190 - 8994163415595144 - January 25, 2021, 2:37 pm
txn_1IDMHUJm8ehcCWGI10tmyTZJ - 8994163415815143 - January 25, 2021, 2:37 pm
2021Influencer189 - 8994163415745143 - January 25, 2021, 2:37 pm
2021Influencer207 - 8994163415746140 - January 25, 2021, 2:37 pm
2021Influencer195 - 8994163415579144 - January 25, 2021, 2:37 pm
txn_1IDNCtJm8ehcCWGIGxsPg9RC - 8994163415578147 - January 25, 2021, 2:37 pm
2021Influencer213 - 8994163415803140 - January 25, 2021, 2:37 pm
2021Influencer201 - 8994163415804147 - January 25, 2021, 2:37 pm
txn_1IDYbeJm8ehcCWGI3iYj27U2 - 8994163416215140 - January 25, 2021, 2:38 pm
2021Influencer210 - 8994163415845140 - January 25, 2021, 2:38 pm
2021Influencer192 - 8994163415847144 - January 25, 2021, 2:38 pm
2021Influencer204 - 8994163416214143 - January 25, 2021, 2:38 pm
txn_1IDJdOJm8ehcCWGIoiYt6C2F - 8994163416032143 - January 25, 2021, 2:38 pm
2021Influencer197 - 8994163416200146 - January 25, 2021, 2:38 pm
txn_1IDYjBJm8ehcCWGI3ChXzlFO - 8994163416016143 - January 25, 2021, 2:38 pm
2021Influencer203 - 8994163416013142 - January 25, 2021, 2:38 pm
2021Influencer209 - 8994163415799146 - January 25, 2021, 2:38 pm
2021Influencer191 - 8994163415797142 - January 25, 2021, 2:38 pm
txn_1IDKuLJm8ehcCWGIXdSF5r0r - 8994163415794141 - January 25, 2021, 2:38 pm
txn_1IDaMcJm8ehcCWGIqfUPZ3Cv - 8994163415816140 - January 25, 2021, 2:38 pm
2021Influencer196 - 8994163415775140 - January 25, 2021, 2:38 pm
2021Influencer208 - 8994163415776147 - January 25, 2021, 2:38 pm
2021Influencer202 - 8994163415774143 - January 25, 2021, 2:38 pm
2021Influencer190 - 8994163415595144 - January 25, 2021, 2:38 pm
txn_1IDMHUJm8ehcCWGI10tmyTZJ - 8994163415815143 - January 25, 2021, 2:38 pm
2021Influencer189 - 8994163415745143 - January 25, 2021, 2:38 pm
2021Influencer207 - 8994163415746140 - January 25, 2021, 2:38 pm
2021Influencer195 - 8994163415579144 - January 25, 2021, 2:38 pm
txn_1IDNCtJm8ehcCWGIGxsPg9RC - 8994163415578147 - January 25, 2021, 2:38 pm
2021Influencer213 - 8994163415803140 - January 25, 2021, 2:38 pm
2021Influencer201 - 8994163415804147 - January 25, 2021, 2:38 pm
txn_1IDFUpJm8ehcCWGI4JdJhQes - 8994163416964147 - January 25, 2021, 2:38 pm
txn_1IDIeFJm8ehcCWGICwZvyslb - 8994163416965144 - January 25, 2021, 2:38 pm
2021Influencer205 - 8994163417107147 - January 25, 2021, 2:38 pm
txn_1IDNGjJm8ehcCWGIyJSOVG3o - 8994163417095147 - January 25, 2021, 2:38 pm
txn_1IDFV2Jm8ehcCWGITXxuRwlf - 8994163416955145 - January 25, 2021, 2:38 pm
2021Influencer200 - 8994163416795147 - January 25, 2021, 2:38 pm
txn_1IDFc8Jm8ehcCWGI9fxLLkWN - 8994163416787142 - January 25, 2021, 2:38 pm
txn_1IDYFbJm8ehcCWGIziVIO70Q - 8994163416942145 - January 25, 2021, 2:38 pm
2021Influencer199 - 8994163416940141 - January 25, 2021, 2:38 pm
txn_1IDG7DJm8ehcCWGItio622YI - 8994163417056148 - January 25, 2021, 2:38 pm
2021Influencer212 - 8994163417054144 - January 25, 2021, 2:38 pm
2021Influencer198 - 8994163416922147 - January 25, 2021, 2:38 pm
2021Influencer211 - 8994163416907144 - January 25, 2021, 2:38 pm
txn_1IDH7yJm8ehcCWGIr978Del0 - 8994163417031145 - January 25, 2021, 2:38 pm
2021Influencer194 - 8994163416904143 - January 25, 2021, 2:38 pm
txn_1IDHvAJm8ehcCWGIBwnFiRlf - 8994163416741144 - January 25, 2021, 2:38 pm
2021Influencer193 - 8994163416740147 - January 25, 2021, 2:38 pm
2021Influencer206 - 8994163416885145 - January 25, 2021, 2:38 pm
