txn_1IDDefJm8ehcCWGIqqhX9TsO - 8994163029906145 - January 24, 2021, 3:54 pm
txn_1ICuVqJm8ehcCWGI0UPL41Lv - 8994163029900143 - January 24, 2021, 3:54 pm
txn_1ICwO4Jm8ehcCWGIWpaDDxB5 - 8994163029898143 - January 24, 2021, 3:54 pm
txn_1ICrazJm8ehcCWGIaxZaMfr5 - 8994163029896149 - January 24, 2021, 3:54 pm
txn_1IDE0aJm8ehcCWGI7sKzGxH1 - 8994163029895142 - January 24, 2021, 3:54 pm
txn_1ID0rwJm8ehcCWGI5MzowkLQ - 8994163029892141 - January 24, 2021, 3:54 pm
txn_1ICuXyJm8ehcCWGIjw8cLkLN - 8994163029888144 - January 24, 2021, 3:54 pm
txn_1ICwoAJm8ehcCWGIN2lnPcpn - 8994163029887147 - January 24, 2021, 3:54 pm
txn_1ICruKJm8ehcCWGIeTFZbIVL - 8994163029886140 - January 24, 2021, 3:54 pm
txn_1IDEgXJm8ehcCWGIGDBYFWxZ - 8994163029884146 - January 24, 2021, 3:54 pm
txn_1ID1NdJm8ehcCWGIdNwwGBWf - 8994163029883149 - January 24, 2021, 3:54 pm
txn_1ICuhUJm8ehcCWGIL0gRxzsA - 8994163029566141 - January 24, 2021, 3:54 pm
txn_1ICx0QJm8ehcCWGIoZtEDbHn - 8994163029874147 - January 24, 2021, 3:54 pm
txn_1ICsKzJm8ehcCWGII77EZ0Je - 8994163029190148 - January 24, 2021, 3:54 pm
txn_1IDFCDJm8ehcCWGIw1W8N8FO - 8994163029872143 - January 24, 2021, 3:54 pm
txn_1ID1brJm8ehcCWGIl1x3w5bl - 8994163029871146 - January 24, 2021, 3:54 pm
txn_1ICouVJm8ehcCWGImKGOFGiI - 8994163029897146 - January 24, 2021, 3:54 pm
txn_1ICq1VJm8ehcCWGIOXE75QOv - 8994163029191145 - January 24, 2021, 3:54 pm
txn_1ICq22Jm8ehcCWGIS7WKzAnj - 8994163029873140 - January 24, 2021, 3:54 pm
txn_1IDDefJm8ehcCWGIqqhX9TsO - 8994163029906145 - January 24, 2021, 3:55 pm
txn_1ICuVqJm8ehcCWGI0UPL41Lv - 8994163029900143 - January 24, 2021, 3:55 pm
txn_1ICwO4Jm8ehcCWGIWpaDDxB5 - 8994163029898143 - January 24, 2021, 3:55 pm
txn_1ICrazJm8ehcCWGIaxZaMfr5 - 8994163029896149 - January 24, 2021, 3:55 pm
txn_1IDE0aJm8ehcCWGI7sKzGxH1 - 8994163029895142 - January 24, 2021, 3:55 pm
txn_1ID0rwJm8ehcCWGI5MzowkLQ - 8994163029892141 - January 24, 2021, 3:55 pm
txn_1ICuXyJm8ehcCWGIjw8cLkLN - 8994163029888144 - January 24, 2021, 3:55 pm
txn_1ICwoAJm8ehcCWGIN2lnPcpn - 8994163029887147 - January 24, 2021, 3:55 pm
txn_1ICruKJm8ehcCWGIeTFZbIVL - 8994163029886140 - January 24, 2021, 3:55 pm
txn_1IDEgXJm8ehcCWGIGDBYFWxZ - 8994163029884146 - January 24, 2021, 3:55 pm
txn_1ID1NdJm8ehcCWGIdNwwGBWf - 8994163029883149 - January 24, 2021, 3:55 pm
txn_1ICuhUJm8ehcCWGIL0gRxzsA - 8994163029566141 - January 24, 2021, 3:55 pm
txn_1ICx0QJm8ehcCWGIoZtEDbHn - 8994163029874147 - January 24, 2021, 3:55 pm
txn_1ICsKzJm8ehcCWGII77EZ0Je - 8994163029190148 - January 24, 2021, 3:55 pm
txn_1IDFCDJm8ehcCWGIw1W8N8FO - 8994163029872143 - January 24, 2021, 3:55 pm
txn_1ID1brJm8ehcCWGIl1x3w5bl - 8994163029871146 - January 24, 2021, 3:55 pm
txn_1ICouVJm8ehcCWGImKGOFGiI - 8994163029897146 - January 24, 2021, 3:55 pm
txn_1ICq1VJm8ehcCWGIOXE75QOv - 8994163029191145 - January 24, 2021, 3:55 pm
txn_1ICq22Jm8ehcCWGIS7WKzAnj - 8994163029873140 - January 24, 2021, 3:55 pm
txn_1IDDefJm8ehcCWGIqqhX9TsO - 8994163029906145 - January 24, 2021, 3:55 pm
txn_1ICuVqJm8ehcCWGI0UPL41Lv - 8994163029900143 - January 24, 2021, 3:55 pm
txn_1ICwO4Jm8ehcCWGIWpaDDxB5 - 8994163029898143 - January 24, 2021, 3:55 pm
txn_1ICrazJm8ehcCWGIaxZaMfr5 - 8994163029896149 - January 24, 2021, 3:55 pm
txn_1IDE0aJm8ehcCWGI7sKzGxH1 - 8994163029895142 - January 24, 2021, 3:55 pm
txn_1ID0rwJm8ehcCWGI5MzowkLQ - 8994163029892141 - January 24, 2021, 3:55 pm
txn_1ICuXyJm8ehcCWGIjw8cLkLN - 8994163029888144 - January 24, 2021, 3:55 pm
txn_1ICwoAJm8ehcCWGIN2lnPcpn - 8994163029887147 - January 24, 2021, 3:55 pm
txn_1ICruKJm8ehcCWGIeTFZbIVL - 8994163029886140 - January 24, 2021, 3:55 pm
txn_1IDEgXJm8ehcCWGIGDBYFWxZ - 8994163029884146 - January 24, 2021, 3:55 pm
txn_1ID1NdJm8ehcCWGIdNwwGBWf - 8994163029883149 - January 24, 2021, 3:55 pm
txn_1ICuhUJm8ehcCWGIL0gRxzsA - 8994163029566141 - January 24, 2021, 3:55 pm
txn_1ICx0QJm8ehcCWGIoZtEDbHn - 8994163029874147 - January 24, 2021, 3:55 pm
txn_1ICsKzJm8ehcCWGII77EZ0Je - 8994163029190148 - January 24, 2021, 3:55 pm
txn_1IDFCDJm8ehcCWGIw1W8N8FO - 8994163029872143 - January 24, 2021, 3:55 pm
txn_1ID1brJm8ehcCWGIl1x3w5bl - 8994163029871146 - January 24, 2021, 3:55 pm
txn_1ICouVJm8ehcCWGImKGOFGiI - 8994163029897146 - January 24, 2021, 3:55 pm
txn_1ICq1VJm8ehcCWGIOXE75QOv - 8994163029191145 - January 24, 2021, 3:55 pm
txn_1ICq22Jm8ehcCWGIS7WKzAnj - 8994163029873140 - January 24, 2021, 3:55 pm
txn_1IDDefJm8ehcCWGIqqhX9TsO - 8994163029906145 - January 24, 2021, 3:55 pm
txn_1ICuVqJm8ehcCWGI0UPL41Lv - 8994163029900143 - January 24, 2021, 3:55 pm
txn_1ICwO4Jm8ehcCWGIWpaDDxB5 - 8994163029898143 - January 24, 2021, 3:55 pm
txn_1ICrazJm8ehcCWGIaxZaMfr5 - 8994163029896149 - January 24, 2021, 3:55 pm
txn_1IDE0aJm8ehcCWGI7sKzGxH1 - 8994163029895142 - January 24, 2021, 3:55 pm
txn_1ID0rwJm8ehcCWGI5MzowkLQ - 8994163029892141 - January 24, 2021, 3:55 pm
txn_1ICuXyJm8ehcCWGIjw8cLkLN - 8994163029888144 - January 24, 2021, 3:55 pm
txn_1ICwoAJm8ehcCWGIN2lnPcpn - 8994163029887147 - January 24, 2021, 3:55 pm
txn_1ICruKJm8ehcCWGIeTFZbIVL - 8994163029886140 - January 24, 2021, 3:55 pm
txn_1IDEgXJm8ehcCWGIGDBYFWxZ - 8994163029884146 - January 24, 2021, 3:55 pm
txn_1ID1NdJm8ehcCWGIdNwwGBWf - 8994163029883149 - January 24, 2021, 3:55 pm
txn_1ICuhUJm8ehcCWGIL0gRxzsA - 8994163029566141 - January 24, 2021, 3:55 pm
txn_1ICx0QJm8ehcCWGIoZtEDbHn - 8994163029874147 - January 24, 2021, 3:55 pm
txn_1ICsKzJm8ehcCWGII77EZ0Je - 8994163029190148 - January 24, 2021, 3:55 pm
txn_1IDFCDJm8ehcCWGIw1W8N8FO - 8994163029872143 - January 24, 2021, 3:55 pm
txn_1ID1brJm8ehcCWGIl1x3w5bl - 8994163029871146 - January 24, 2021, 3:55 pm
txn_1ICouVJm8ehcCWGImKGOFGiI - 8994163029897146 - January 24, 2021, 3:55 pm
txn_1ICq1VJm8ehcCWGIOXE75QOv - 8994163029191145 - January 24, 2021, 3:55 pm
txn_1ICq22Jm8ehcCWGIS7WKzAnj - 8994163029873140 - January 24, 2021, 3:55 pm
txn_1IDDefJm8ehcCWGIqqhX9TsO - 8994163029906145 - January 24, 2021, 3:55 pm
txn_1ICuVqJm8ehcCWGI0UPL41Lv - 8994163029900143 - January 24, 2021, 3:55 pm
txn_1ICwO4Jm8ehcCWGIWpaDDxB5 - 8994163029898143 - January 24, 2021, 3:55 pm
txn_1ICrazJm8ehcCWGIaxZaMfr5 - 8994163029896149 - January 24, 2021, 3:55 pm
txn_1IDE0aJm8ehcCWGI7sKzGxH1 - 8994163029895142 - January 24, 2021, 3:55 pm
txn_1ID0rwJm8ehcCWGI5MzowkLQ - 8994163029892141 - January 24, 2021, 3:55 pm
txn_1ICuXyJm8ehcCWGIjw8cLkLN - 8994163029888144 - January 24, 2021, 3:55 pm
txn_1ICwoAJm8ehcCWGIN2lnPcpn - 8994163029887147 - January 24, 2021, 3:55 pm
txn_1ICruKJm8ehcCWGIeTFZbIVL - 8994163029886140 - January 24, 2021, 3:55 pm
txn_1IDEgXJm8ehcCWGIGDBYFWxZ - 8994163029884146 - January 24, 2021, 3:55 pm
txn_1ID1NdJm8ehcCWGIdNwwGBWf - 8994163029883149 - January 24, 2021, 3:55 pm
txn_1ICuhUJm8ehcCWGIL0gRxzsA - 8994163029566141 - January 24, 2021, 3:55 pm
txn_1ICx0QJm8ehcCWGIoZtEDbHn - 8994163029874147 - January 24, 2021, 3:55 pm
txn_1ICsKzJm8ehcCWGII77EZ0Je - 8994163029190148 - January 24, 2021, 3:55 pm
txn_1IDFCDJm8ehcCWGIw1W8N8FO - 8994163029872143 - January 24, 2021, 3:55 pm
txn_1ID1brJm8ehcCWGIl1x3w5bl - 8994163029871146 - January 24, 2021, 3:55 pm
txn_1ICouVJm8ehcCWGImKGOFGiI - 8994163029897146 - January 24, 2021, 3:55 pm
txn_1ICq1VJm8ehcCWGIOXE75QOv - 8994163029191145 - January 24, 2021, 3:55 pm
txn_1ICq22Jm8ehcCWGIS7WKzAnj - 8994163029873140 - January 24, 2021, 3:55 pm
txn_1IDDaYJm8ehcCWGIH6OJsWHW - 8994163030006148 - January 24, 2021, 3:55 pm
txn_1ICuL5Jm8ehcCWGIwywuf6cH - 8994163030406146 - January 24, 2021, 3:55 pm
txn_1IDCJEJm8ehcCWGIa0s4qqoB - 8994163030228144 - January 24, 2021, 3:55 pm
txn_1ICzPXJm8ehcCWGIeafw2bGG - 8994163030013146 - January 24, 2021, 3:55 pm
txn_1ICWEdJm8ehcCWGIcE6Osdro - 8994163030227147 - January 24, 2021, 3:55 pm
txn_1ICqp2Jm8ehcCWGIbkwgw2ZJ - 8994163030226140 - January 24, 2021, 3:55 pm
txn_1ICuz4Jm8ehcCWGIiRznDMQ1 - 8994163030221145 - January 24, 2021, 3:55 pm
txn_1ICzkSJm8ehcCWGIqEZrdlcx - 8994163030220148 - January 24, 2021, 3:55 pm
txn_1IDD41Jm8ehcCWGIB3bj9MFo - 8994163030404142 - January 24, 2021, 3:55 pm
txn_1ICWlHJm8ehcCWGIvn9lcKo4 - 8994163030010145 - January 24, 2021, 3:55 pm
txn_1ICr3OJm8ehcCWGInjLBOdAA - 8994163030219142 - January 24, 2021, 3:55 pm
txn_1ICr5CJm8ehcCWGIOPo2cnwz - 8994163030211146 - January 24, 2021, 3:55 pm
txn_1ICvAzJm8ehcCWGICkk8n3Sg - 8994163030007145 - January 24, 2021, 3:55 pm
txn_1ICZyRJm8ehcCWGIUdfNpw0t - 8994163030212143 - January 24, 2021, 3:55 pm
txn_1IDDQSJm8ehcCWGI45Np4lxU - 8994163030213140 - January 24, 2021, 3:55 pm
txn_1ICzkkJm8ehcCWGIZt0XYgqy - 8994163030403145 - January 24, 2021, 3:55 pm
txn_1ICzmdJm8ehcCWGIDnMfBq7P - 8994163030205145 - January 24, 2021, 3:55 pm
txn_1ICcdSJm8ehcCWGIHk9hPVxP - 8994163030207149 - January 24, 2021, 3:55 pm
txn_1ICvDBJm8ehcCWGIZt8SkQyO - 8994163030206142 - January 24, 2021, 3:55 pm
txn_1ICrNMJm8ehcCWGIROXNHq9V - 8994163030204148 - January 24, 2021, 3:55 pm
txn_1IDDefJm8ehcCWGIqqhX9TsO - 8994163029906145 - January 24, 2021, 3:55 pm
txn_1ICuVqJm8ehcCWGI0UPL41Lv - 8994163029900143 - January 24, 2021, 3:55 pm
txn_1ICwO4Jm8ehcCWGIWpaDDxB5 - 8994163029898143 - January 24, 2021, 3:55 pm
txn_1ICrazJm8ehcCWGIaxZaMfr5 - 8994163029896149 - January 24, 2021, 3:55 pm
txn_1IDE0aJm8ehcCWGI7sKzGxH1 - 8994163029895142 - January 24, 2021, 3:55 pm
txn_1ID0rwJm8ehcCWGI5MzowkLQ - 8994163029892141 - January 24, 2021, 3:55 pm
txn_1ICuXyJm8ehcCWGIjw8cLkLN - 8994163029888144 - January 24, 2021, 3:55 pm
txn_1ICwoAJm8ehcCWGIN2lnPcpn - 8994163029887147 - January 24, 2021, 3:55 pm
txn_1ICruKJm8ehcCWGIeTFZbIVL - 8994163029886140 - January 24, 2021, 3:55 pm
txn_1IDEgXJm8ehcCWGIGDBYFWxZ - 8994163029884146 - January 24, 2021, 3:55 pm
txn_1ID1NdJm8ehcCWGIdNwwGBWf - 8994163029883149 - January 24, 2021, 3:55 pm
txn_1ICuhUJm8ehcCWGIL0gRxzsA - 8994163029566141 - January 24, 2021, 3:55 pm
txn_1ICx0QJm8ehcCWGIoZtEDbHn - 8994163029874147 - January 24, 2021, 3:55 pm
txn_1ICsKzJm8ehcCWGII77EZ0Je - 8994163029190148 - January 24, 2021, 3:55 pm
txn_1IDFCDJm8ehcCWGIw1W8N8FO - 8994163029872143 - January 24, 2021, 3:55 pm
txn_1ID1brJm8ehcCWGIl1x3w5bl - 8994163029871146 - January 24, 2021, 3:55 pm
txn_1ICouVJm8ehcCWGImKGOFGiI - 8994163029897146 - January 24, 2021, 3:55 pm
txn_1ICq1VJm8ehcCWGIOXE75QOv - 8994163029191145 - January 24, 2021, 3:55 pm
txn_1ICq22Jm8ehcCWGIS7WKzAnj - 8994163029873140 - January 24, 2021, 3:55 pm
txn_1IDDaYJm8ehcCWGIH6OJsWHW - 8994163030006148 - January 24, 2021, 3:55 pm
txn_1ICW19Jm8ehcCWGIMz7WngQM - 8994163030015140 - January 24, 2021, 3:55 pm
txn_1IDC00Jm8ehcCWGI2wHRNwnV - 8994163030407143 - January 24, 2021, 3:55 pm
txn_1ICuK1Jm8ehcCWGI5f82CK3C - 8994163030234145 - January 24, 2021, 3:55 pm
txn_1ICy2RJm8ehcCWGIEIw1kcdG - 8994163030016147 - January 24, 2021, 3:55 pm
txn_1ICqkEJm8ehcCWGIvIb797Od - 8994163030233148 - January 24, 2021, 3:55 pm
txn_1ICuL5Jm8ehcCWGIwywuf6cH - 8994163030406146 - January 24, 2021, 3:55 pm
txn_1IDCJEJm8ehcCWGIa0s4qqoB - 8994163030228144 - January 24, 2021, 3:55 pm
txn_1ICzPXJm8ehcCWGIeafw2bGG - 8994163030013146 - January 24, 2021, 3:55 pm
txn_1ICWEdJm8ehcCWGIcE6Osdro - 8994163030227147 - January 24, 2021, 3:55 pm
txn_1ICqp2Jm8ehcCWGIbkwgw2ZJ - 8994163030226140 - January 24, 2021, 3:55 pm
txn_1ICuz4Jm8ehcCWGIiRznDMQ1 - 8994163030221145 - January 24, 2021, 3:55 pm
txn_1ICzkSJm8ehcCWGIqEZrdlcx - 8994163030220148 - January 24, 2021, 3:55 pm
txn_1IDD41Jm8ehcCWGIB3bj9MFo - 8994163030404142 - January 24, 2021, 3:55 pm
txn_1ICWlHJm8ehcCWGIvn9lcKo4 - 8994163030010145 - January 24, 2021, 3:55 pm
txn_1ICr3OJm8ehcCWGInjLBOdAA - 8994163030219142 - January 24, 2021, 3:55 pm
txn_1ICr5CJm8ehcCWGIOPo2cnwz - 8994163030211146 - January 24, 2021, 3:55 pm
txn_1ICvAzJm8ehcCWGICkk8n3Sg - 8994163030007145 - January 24, 2021, 3:55 pm
txn_1ICZyRJm8ehcCWGIUdfNpw0t - 8994163030212143 - January 24, 2021, 3:55 pm
txn_1IDDQSJm8ehcCWGI45Np4lxU - 8994163030213140 - January 24, 2021, 3:55 pm
txn_1ICzkkJm8ehcCWGIZt0XYgqy - 8994163030403145 - January 24, 2021, 3:55 pm
txn_1ICzmdJm8ehcCWGIDnMfBq7P - 8994163030205145 - January 24, 2021, 3:55 pm
txn_1ICcdSJm8ehcCWGIHk9hPVxP - 8994163030207149 - January 24, 2021, 3:55 pm
txn_1ICvDBJm8ehcCWGIZt8SkQyO - 8994163030206142 - January 24, 2021, 3:55 pm
txn_1ICrNMJm8ehcCWGIROXNHq9V - 8994163030204148 - January 24, 2021, 3:55 pm
txn_1IDDefJm8ehcCWGIqqhX9TsO - 8994163029906145 - January 24, 2021, 3:56 pm
txn_1ICuVqJm8ehcCWGI0UPL41Lv - 8994163029900143 - January 24, 2021, 3:56 pm
txn_1ICwO4Jm8ehcCWGIWpaDDxB5 - 8994163029898143 - January 24, 2021, 3:56 pm
txn_1ICrazJm8ehcCWGIaxZaMfr5 - 8994163029896149 - January 24, 2021, 3:56 pm
txn_1IDE0aJm8ehcCWGI7sKzGxH1 - 8994163029895142 - January 24, 2021, 3:56 pm
txn_1ID0rwJm8ehcCWGI5MzowkLQ - 8994163029892141 - January 24, 2021, 3:56 pm
txn_1ICuXyJm8ehcCWGIjw8cLkLN - 8994163029888144 - January 24, 2021, 3:56 pm
txn_1ICwoAJm8ehcCWGIN2lnPcpn - 8994163029887147 - January 24, 2021, 3:56 pm
txn_1ICruKJm8ehcCWGIeTFZbIVL - 8994163029886140 - January 24, 2021, 3:56 pm
txn_1IDEgXJm8ehcCWGIGDBYFWxZ - 8994163029884146 - January 24, 2021, 3:56 pm
txn_1ID1NdJm8ehcCWGIdNwwGBWf - 8994163029883149 - January 24, 2021, 3:56 pm
txn_1ICuhUJm8ehcCWGIL0gRxzsA - 8994163029566141 - January 24, 2021, 3:56 pm
txn_1ICx0QJm8ehcCWGIoZtEDbHn - 8994163029874147 - January 24, 2021, 3:56 pm
txn_1ICsKzJm8ehcCWGII77EZ0Je - 8994163029190148 - January 24, 2021, 3:56 pm
txn_1IDFCDJm8ehcCWGIw1W8N8FO - 8994163029872143 - January 24, 2021, 3:56 pm
txn_1ID1brJm8ehcCWGIl1x3w5bl - 8994163029871146 - January 24, 2021, 3:56 pm
txn_1ICouVJm8ehcCWGImKGOFGiI - 8994163029897146 - January 24, 2021, 3:56 pm
txn_1ICq1VJm8ehcCWGIOXE75QOv - 8994163029191145 - January 24, 2021, 3:56 pm
txn_1ICq22Jm8ehcCWGIS7WKzAnj - 8994163029873140 - January 24, 2021, 3:56 pm
txn_1IDDaYJm8ehcCWGIH6OJsWHW - 8994163030006148 - January 24, 2021, 3:56 pm
txn_1ICW19Jm8ehcCWGIMz7WngQM - 8994163030015140 - January 24, 2021, 3:56 pm
txn_1IDC00Jm8ehcCWGI2wHRNwnV - 8994163030407143 - January 24, 2021, 3:56 pm
txn_1ICuK1Jm8ehcCWGI5f82CK3C - 8994163030234145 - January 24, 2021, 3:56 pm
txn_1ICy2RJm8ehcCWGIEIw1kcdG - 8994163030016147 - January 24, 2021, 3:56 pm
txn_1ICqkEJm8ehcCWGIvIb797Od - 8994163030233148 - January 24, 2021, 3:56 pm
txn_1ICuL5Jm8ehcCWGIwywuf6cH - 8994163030406146 - January 24, 2021, 3:56 pm
txn_1IDCJEJm8ehcCWGIa0s4qqoB - 8994163030228144 - January 24, 2021, 3:56 pm
txn_1ICzPXJm8ehcCWGIeafw2bGG - 8994163030013146 - January 24, 2021, 3:56 pm
txn_1ICWEdJm8ehcCWGIcE6Osdro - 8994163030227147 - January 24, 2021, 3:56 pm
txn_1ICqp2Jm8ehcCWGIbkwgw2ZJ - 8994163030226140 - January 24, 2021, 3:56 pm
txn_1ICuz4Jm8ehcCWGIiRznDMQ1 - 8994163030221145 - January 24, 2021, 3:56 pm
txn_1ICzkSJm8ehcCWGIqEZrdlcx - 8994163030220148 - January 24, 2021, 3:56 pm
txn_1IDD41Jm8ehcCWGIB3bj9MFo - 8994163030404142 - January 24, 2021, 3:56 pm
txn_1ICWlHJm8ehcCWGIvn9lcKo4 - 8994163030010145 - January 24, 2021, 3:56 pm
txn_1ICr3OJm8ehcCWGInjLBOdAA - 8994163030219142 - January 24, 2021, 3:56 pm
txn_1ICr5CJm8ehcCWGIOPo2cnwz - 8994163030211146 - January 24, 2021, 3:56 pm
txn_1ICvAzJm8ehcCWGICkk8n3Sg - 8994163030007145 - January 24, 2021, 3:56 pm
txn_1ICZyRJm8ehcCWGIUdfNpw0t - 8994163030212143 - January 24, 2021, 3:56 pm
txn_1IDDQSJm8ehcCWGI45Np4lxU - 8994163030213140 - January 24, 2021, 3:56 pm
txn_1ICzkkJm8ehcCWGIZt0XYgqy - 8994163030403145 - January 24, 2021, 3:56 pm
txn_1ICzmdJm8ehcCWGIDnMfBq7P - 8994163030205145 - January 24, 2021, 3:56 pm
txn_1ICcdSJm8ehcCWGIHk9hPVxP - 8994163030207149 - January 24, 2021, 3:56 pm
txn_1ICvDBJm8ehcCWGIZt8SkQyO - 8994163030206142 - January 24, 2021, 3:56 pm
txn_1ICrNMJm8ehcCWGIROXNHq9V - 8994163030204148 - January 24, 2021, 3:56 pm
txn_1IDDefJm8ehcCWGIqqhX9TsO - 8994163029906145 - January 24, 2021, 3:56 pm
txn_1ICuVqJm8ehcCWGI0UPL41Lv - 8994163029900143 - January 24, 2021, 3:56 pm
txn_1ICwO4Jm8ehcCWGIWpaDDxB5 - 8994163029898143 - January 24, 2021, 3:56 pm
txn_1ICrazJm8ehcCWGIaxZaMfr5 - 8994163029896149 - January 24, 2021, 3:56 pm
txn_1IDE0aJm8ehcCWGI7sKzGxH1 - 8994163029895142 - January 24, 2021, 3:56 pm
txn_1ID0rwJm8ehcCWGI5MzowkLQ - 8994163029892141 - January 24, 2021, 3:56 pm
txn_1ICuXyJm8ehcCWGIjw8cLkLN - 8994163029888144 - January 24, 2021, 3:56 pm
txn_1ICwoAJm8ehcCWGIN2lnPcpn - 8994163029887147 - January 24, 2021, 3:56 pm
txn_1ICruKJm8ehcCWGIeTFZbIVL - 8994163029886140 - January 24, 2021, 3:56 pm
txn_1IDEgXJm8ehcCWGIGDBYFWxZ - 8994163029884146 - January 24, 2021, 3:56 pm
txn_1ID1NdJm8ehcCWGIdNwwGBWf - 8994163029883149 - January 24, 2021, 3:56 pm
txn_1ICuhUJm8ehcCWGIL0gRxzsA - 8994163029566141 - January 24, 2021, 3:56 pm
txn_1ICx0QJm8ehcCWGIoZtEDbHn - 8994163029874147 - January 24, 2021, 3:56 pm
txn_1ICsKzJm8ehcCWGII77EZ0Je - 8994163029190148 - January 24, 2021, 3:56 pm
txn_1IDFCDJm8ehcCWGIw1W8N8FO - 8994163029872143 - January 24, 2021, 3:56 pm
txn_1ID1brJm8ehcCWGIl1x3w5bl - 8994163029871146 - January 24, 2021, 3:56 pm
txn_1ICouVJm8ehcCWGImKGOFGiI - 8994163029897146 - January 24, 2021, 3:56 pm
txn_1ICq1VJm8ehcCWGIOXE75QOv - 8994163029191145 - January 24, 2021, 3:56 pm
txn_1ICq22Jm8ehcCWGIS7WKzAnj - 8994163029873140 - January 24, 2021, 3:56 pm
txn_1IDDaYJm8ehcCWGIH6OJsWHW - 8994163030006148 - January 24, 2021, 3:56 pm
txn_1ICW19Jm8ehcCWGIMz7WngQM - 8994163030015140 - January 24, 2021, 3:56 pm
txn_1IDC00Jm8ehcCWGI2wHRNwnV - 8994163030407143 - January 24, 2021, 3:56 pm
txn_1ICuK1Jm8ehcCWGI5f82CK3C - 8994163030234145 - January 24, 2021, 3:56 pm
txn_1ICy2RJm8ehcCWGIEIw1kcdG - 8994163030016147 - January 24, 2021, 3:56 pm
txn_1ICqkEJm8ehcCWGIvIb797Od - 8994163030233148 - January 24, 2021, 3:56 pm
txn_1ICuL5Jm8ehcCWGIwywuf6cH - 8994163030406146 - January 24, 2021, 3:56 pm
txn_1IDCJEJm8ehcCWGIa0s4qqoB - 8994163030228144 - January 24, 2021, 3:56 pm
txn_1ICzPXJm8ehcCWGIeafw2bGG - 8994163030013146 - January 24, 2021, 3:56 pm
txn_1ICWEdJm8ehcCWGIcE6Osdro - 8994163030227147 - January 24, 2021, 3:56 pm
txn_1ICqp2Jm8ehcCWGIbkwgw2ZJ - 8994163030226140 - January 24, 2021, 3:56 pm
txn_1ICuz4Jm8ehcCWGIiRznDMQ1 - 8994163030221145 - January 24, 2021, 3:56 pm
txn_1ICzkSJm8ehcCWGIqEZrdlcx - 8994163030220148 - January 24, 2021, 3:56 pm
txn_1IDD41Jm8ehcCWGIB3bj9MFo - 8994163030404142 - January 24, 2021, 3:56 pm
txn_1ICWlHJm8ehcCWGIvn9lcKo4 - 8994163030010145 - January 24, 2021, 3:56 pm
txn_1ICr3OJm8ehcCWGInjLBOdAA - 8994163030219142 - January 24, 2021, 3:56 pm
txn_1ICr5CJm8ehcCWGIOPo2cnwz - 8994163030211146 - January 24, 2021, 3:56 pm
txn_1ICvAzJm8ehcCWGICkk8n3Sg - 8994163030007145 - January 24, 2021, 3:56 pm
txn_1ICZyRJm8ehcCWGIUdfNpw0t - 8994163030212143 - January 24, 2021, 3:56 pm
txn_1IDDQSJm8ehcCWGI45Np4lxU - 8994163030213140 - January 24, 2021, 3:56 pm
txn_1ICzkkJm8ehcCWGIZt0XYgqy - 8994163030403145 - January 24, 2021, 3:56 pm
txn_1ICzmdJm8ehcCWGIDnMfBq7P - 8994163030205145 - January 24, 2021, 3:56 pm
txn_1ICcdSJm8ehcCWGIHk9hPVxP - 8994163030207149 - January 24, 2021, 3:56 pm
txn_1ICvDBJm8ehcCWGIZt8SkQyO - 8994163030206142 - January 24, 2021, 3:56 pm
txn_1ICrNMJm8ehcCWGIROXNHq9V - 8994163030204148 - January 24, 2021, 3:56 pm
txn_1IDDefJm8ehcCWGIqqhX9TsO - 8994163029906145 - January 24, 2021, 3:56 pm
txn_1ICuVqJm8ehcCWGI0UPL41Lv - 8994163029900143 - January 24, 2021, 3:56 pm
txn_1ICwO4Jm8ehcCWGIWpaDDxB5 - 8994163029898143 - January 24, 2021, 3:56 pm
txn_1ICrazJm8ehcCWGIaxZaMfr5 - 8994163029896149 - January 24, 2021, 3:56 pm
txn_1IDE0aJm8ehcCWGI7sKzGxH1 - 8994163029895142 - January 24, 2021, 3:56 pm
txn_1ID0rwJm8ehcCWGI5MzowkLQ - 8994163029892141 - January 24, 2021, 3:56 pm
txn_1ICuXyJm8ehcCWGIjw8cLkLN - 8994163029888144 - January 24, 2021, 3:56 pm
txn_1ICwoAJm8ehcCWGIN2lnPcpn - 8994163029887147 - January 24, 2021, 3:56 pm
txn_1ICruKJm8ehcCWGIeTFZbIVL - 8994163029886140 - January 24, 2021, 3:56 pm
txn_1IDEgXJm8ehcCWGIGDBYFWxZ - 8994163029884146 - January 24, 2021, 3:56 pm
txn_1ID1NdJm8ehcCWGIdNwwGBWf - 8994163029883149 - January 24, 2021, 3:56 pm
txn_1ICuhUJm8ehcCWGIL0gRxzsA - 8994163029566141 - January 24, 2021, 3:56 pm
txn_1ICx0QJm8ehcCWGIoZtEDbHn - 8994163029874147 - January 24, 2021, 3:56 pm
txn_1ICsKzJm8ehcCWGII77EZ0Je - 8994163029190148 - January 24, 2021, 3:56 pm
txn_1IDFCDJm8ehcCWGIw1W8N8FO - 8994163029872143 - January 24, 2021, 3:56 pm
txn_1ID1brJm8ehcCWGIl1x3w5bl - 8994163029871146 - January 24, 2021, 3:56 pm
txn_1ICouVJm8ehcCWGImKGOFGiI - 8994163029897146 - January 24, 2021, 3:56 pm
txn_1ICq1VJm8ehcCWGIOXE75QOv - 8994163029191145 - January 24, 2021, 3:56 pm
txn_1ICq22Jm8ehcCWGIS7WKzAnj - 8994163029873140 - January 24, 2021, 3:56 pm
txn_1IDDaYJm8ehcCWGIH6OJsWHW - 8994163030006148 - January 24, 2021, 3:56 pm
txn_1ICW19Jm8ehcCWGIMz7WngQM - 8994163030015140 - January 24, 2021, 3:56 pm
txn_1IDC00Jm8ehcCWGI2wHRNwnV - 8994163030407143 - January 24, 2021, 3:56 pm
txn_1ICuK1Jm8ehcCWGI5f82CK3C - 8994163030234145 - January 24, 2021, 3:56 pm
txn_1ICy2RJm8ehcCWGIEIw1kcdG - 8994163030016147 - January 24, 2021, 3:56 pm
txn_1ICqkEJm8ehcCWGIvIb797Od - 8994163030233148 - January 24, 2021, 3:56 pm
txn_1ICuL5Jm8ehcCWGIwywuf6cH - 8994163030406146 - January 24, 2021, 3:56 pm
txn_1IDCJEJm8ehcCWGIa0s4qqoB - 8994163030228144 - January 24, 2021, 3:56 pm
txn_1ICzPXJm8ehcCWGIeafw2bGG - 8994163030013146 - January 24, 2021, 3:56 pm
txn_1ICWEdJm8ehcCWGIcE6Osdro - 8994163030227147 - January 24, 2021, 3:56 pm
txn_1ICqp2Jm8ehcCWGIbkwgw2ZJ - 8994163030226140 - January 24, 2021, 3:56 pm
txn_1ICuz4Jm8ehcCWGIiRznDMQ1 - 8994163030221145 - January 24, 2021, 3:56 pm
txn_1ICzkSJm8ehcCWGIqEZrdlcx - 8994163030220148 - January 24, 2021, 3:56 pm
txn_1IDD41Jm8ehcCWGIB3bj9MFo - 8994163030404142 - January 24, 2021, 3:56 pm
txn_1ICWlHJm8ehcCWGIvn9lcKo4 - 8994163030010145 - January 24, 2021, 3:56 pm
txn_1ICr3OJm8ehcCWGInjLBOdAA - 8994163030219142 - January 24, 2021, 3:56 pm
txn_1ICr5CJm8ehcCWGIOPo2cnwz - 8994163030211146 - January 24, 2021, 3:56 pm
txn_1ICvAzJm8ehcCWGICkk8n3Sg - 8994163030007145 - January 24, 2021, 3:56 pm
txn_1ICZyRJm8ehcCWGIUdfNpw0t - 8994163030212143 - January 24, 2021, 3:56 pm
txn_1IDDQSJm8ehcCWGI45Np4lxU - 8994163030213140 - January 24, 2021, 3:56 pm
txn_1ICzkkJm8ehcCWGIZt0XYgqy - 8994163030403145 - January 24, 2021, 3:56 pm
txn_1ICzmdJm8ehcCWGIDnMfBq7P - 8994163030205145 - January 24, 2021, 3:56 pm
txn_1ICcdSJm8ehcCWGIHk9hPVxP - 8994163030207149 - January 24, 2021, 3:56 pm
txn_1ICvDBJm8ehcCWGIZt8SkQyO - 8994163030206142 - January 24, 2021, 3:56 pm
txn_1ICrNMJm8ehcCWGIROXNHq9V - 8994163030204148 - January 24, 2021, 3:56 pm
txn_1IDDefJm8ehcCWGIqqhX9TsO - 8994163029906145 - January 24, 2021, 3:56 pm
txn_1ICuVqJm8ehcCWGI0UPL41Lv - 8994163029900143 - January 24, 2021, 3:56 pm
txn_1ICwO4Jm8ehcCWGIWpaDDxB5 - 8994163029898143 - January 24, 2021, 3:56 pm
txn_1ICrazJm8ehcCWGIaxZaMfr5 - 8994163029896149 - January 24, 2021, 3:56 pm
txn_1IDE0aJm8ehcCWGI7sKzGxH1 - 8994163029895142 - January 24, 2021, 3:56 pm
txn_1ID0rwJm8ehcCWGI5MzowkLQ - 8994163029892141 - January 24, 2021, 3:56 pm
txn_1ICuXyJm8ehcCWGIjw8cLkLN - 8994163029888144 - January 24, 2021, 3:56 pm
txn_1ICwoAJm8ehcCWGIN2lnPcpn - 8994163029887147 - January 24, 2021, 3:56 pm
txn_1ICruKJm8ehcCWGIeTFZbIVL - 8994163029886140 - January 24, 2021, 3:56 pm
txn_1IDEgXJm8ehcCWGIGDBYFWxZ - 8994163029884146 - January 24, 2021, 3:56 pm
txn_1ID1NdJm8ehcCWGIdNwwGBWf - 8994163029883149 - January 24, 2021, 3:56 pm
txn_1ICuhUJm8ehcCWGIL0gRxzsA - 8994163029566141 - January 24, 2021, 3:56 pm
txn_1ICx0QJm8ehcCWGIoZtEDbHn - 8994163029874147 - January 24, 2021, 3:56 pm
txn_1ICsKzJm8ehcCWGII77EZ0Je - 8994163029190148 - January 24, 2021, 3:56 pm
txn_1IDFCDJm8ehcCWGIw1W8N8FO - 8994163029872143 - January 24, 2021, 3:56 pm
txn_1ID1brJm8ehcCWGIl1x3w5bl - 8994163029871146 - January 24, 2021, 3:56 pm
txn_1ICouVJm8ehcCWGImKGOFGiI - 8994163029897146 - January 24, 2021, 3:56 pm
txn_1ICq1VJm8ehcCWGIOXE75QOv - 8994163029191145 - January 24, 2021, 3:56 pm
txn_1ICq22Jm8ehcCWGIS7WKzAnj - 8994163029873140 - January 24, 2021, 3:56 pm
txn_1IDDaYJm8ehcCWGIH6OJsWHW - 8994163030006148 - January 24, 2021, 3:56 pm
txn_1ICW19Jm8ehcCWGIMz7WngQM - 8994163030015140 - January 24, 2021, 3:56 pm
txn_1IDC00Jm8ehcCWGI2wHRNwnV - 8994163030407143 - January 24, 2021, 3:56 pm
txn_1ICuK1Jm8ehcCWGI5f82CK3C - 8994163030234145 - January 24, 2021, 3:56 pm
txn_1ICy2RJm8ehcCWGIEIw1kcdG - 8994163030016147 - January 24, 2021, 3:56 pm
txn_1ICqkEJm8ehcCWGIvIb797Od - 8994163030233148 - January 24, 2021, 3:56 pm
txn_1ICuL5Jm8ehcCWGIwywuf6cH - 8994163030406146 - January 24, 2021, 3:56 pm
txn_1IDCJEJm8ehcCWGIa0s4qqoB - 8994163030228144 - January 24, 2021, 3:56 pm
txn_1ICzPXJm8ehcCWGIeafw2bGG - 8994163030013146 - January 24, 2021, 3:56 pm
txn_1ICWEdJm8ehcCWGIcE6Osdro - 8994163030227147 - January 24, 2021, 3:56 pm
txn_1ICqp2Jm8ehcCWGIbkwgw2ZJ - 8994163030226140 - January 24, 2021, 3:56 pm
txn_1ICuz4Jm8ehcCWGIiRznDMQ1 - 8994163030221145 - January 24, 2021, 3:56 pm
txn_1ICzkSJm8ehcCWGIqEZrdlcx - 8994163030220148 - January 24, 2021, 3:56 pm
txn_1IDD41Jm8ehcCWGIB3bj9MFo - 8994163030404142 - January 24, 2021, 3:56 pm
txn_1ICWlHJm8ehcCWGIvn9lcKo4 - 8994163030010145 - January 24, 2021, 3:56 pm
txn_1ICr3OJm8ehcCWGInjLBOdAA - 8994163030219142 - January 24, 2021, 3:56 pm
txn_1ICr5CJm8ehcCWGIOPo2cnwz - 8994163030211146 - January 24, 2021, 3:56 pm
txn_1ICvAzJm8ehcCWGICkk8n3Sg - 8994163030007145 - January 24, 2021, 3:56 pm
txn_1ICZyRJm8ehcCWGIUdfNpw0t - 8994163030212143 - January 24, 2021, 3:56 pm
txn_1IDDQSJm8ehcCWGI45Np4lxU - 8994163030213140 - January 24, 2021, 3:56 pm
txn_1ICzkkJm8ehcCWGIZt0XYgqy - 8994163030403145 - January 24, 2021, 3:56 pm
txn_1ICzmdJm8ehcCWGIDnMfBq7P - 8994163030205145 - January 24, 2021, 3:56 pm
txn_1ICcdSJm8ehcCWGIHk9hPVxP - 8994163030207149 - January 24, 2021, 3:56 pm
txn_1ICvDBJm8ehcCWGIZt8SkQyO - 8994163030206142 - January 24, 2021, 3:56 pm
txn_1ICrNMJm8ehcCWGIROXNHq9V - 8994163030204148 - January 24, 2021, 3:56 pm
txn_1ICuIvJm8ehcCWGIRH8hG5ap - 8994163030315141 - January 24, 2021, 3:56 pm
txn_1ID2IBJm8ehcCWGISD7V33IW - 8994163030478143 - January 24, 2021, 3:56 pm
txn_1IColcJm8ehcCWGIQ7Y275bK - 8994163030314144 - January 24, 2021, 3:56 pm
txn_1ICvIuJm8ehcCWGIK34UB096 - 8994163030309140 - January 24, 2021, 3:56 pm
txn_1ID2nZJm8ehcCWGI2X1is8k4 - 8994163030308143 - January 24, 2021, 3:56 pm
txn_1ICq9JJm8ehcCWGIVjbA3Gnn - 8994163030307146 - January 24, 2021, 3:56 pm
txn_1ICvS3Jm8ehcCWGIN1oY5HXT - 8994163030471144 - January 24, 2021, 3:56 pm
txn_1ID6ldJm8ehcCWGIqcKipao0 - 8994163030470147 - January 24, 2021, 3:56 pm
txn_1ICqCDJm8ehcCWGILVNR1ebS - 8994163030305142 - January 24, 2021, 3:56 pm
txn_1ID8aEJm8ehcCWGIPFzVjnFw - 8994163030463149 - January 24, 2021, 3:56 pm
txn_1ICvisJm8ehcCWGIm0WRr7ar - 8994163030053142 - January 24, 2021, 3:56 pm
txn_1ICqGjJm8ehcCWGIobRipaDJ - 8994163030303148 - January 24, 2021, 3:56 pm
txn_1IDDefJm8ehcCWGIqqhX9TsO - 8994163029906145 - January 24, 2021, 3:57 pm
txn_1ICuVqJm8ehcCWGI0UPL41Lv - 8994163029900143 - January 24, 2021, 3:57 pm
txn_1ICwO4Jm8ehcCWGIWpaDDxB5 - 8994163029898143 - January 24, 2021, 3:57 pm
txn_1ICrazJm8ehcCWGIaxZaMfr5 - 8994163029896149 - January 24, 2021, 3:57 pm
txn_1IDE0aJm8ehcCWGI7sKzGxH1 - 8994163029895142 - January 24, 2021, 3:57 pm
txn_1ID0rwJm8ehcCWGI5MzowkLQ - 8994163029892141 - January 24, 2021, 3:57 pm
txn_1ICuXyJm8ehcCWGIjw8cLkLN - 8994163029888144 - January 24, 2021, 3:57 pm
txn_1ICwoAJm8ehcCWGIN2lnPcpn - 8994163029887147 - January 24, 2021, 3:57 pm
txn_1ICruKJm8ehcCWGIeTFZbIVL - 8994163029886140 - January 24, 2021, 3:57 pm
txn_1IDEgXJm8ehcCWGIGDBYFWxZ - 8994163029884146 - January 24, 2021, 3:57 pm
txn_1ID1NdJm8ehcCWGIdNwwGBWf - 8994163029883149 - January 24, 2021, 3:57 pm
txn_1ICuhUJm8ehcCWGIL0gRxzsA - 8994163029566141 - January 24, 2021, 3:57 pm
txn_1ICx0QJm8ehcCWGIoZtEDbHn - 8994163029874147 - January 24, 2021, 3:57 pm
txn_1ICsKzJm8ehcCWGII77EZ0Je - 8994163029190148 - January 24, 2021, 3:57 pm
txn_1IDFCDJm8ehcCWGIw1W8N8FO - 8994163029872143 - January 24, 2021, 3:57 pm
txn_1ID1brJm8ehcCWGIl1x3w5bl - 8994163029871146 - January 24, 2021, 3:57 pm
txn_1ICouVJm8ehcCWGImKGOFGiI - 8994163029897146 - January 24, 2021, 3:57 pm
txn_1ICq1VJm8ehcCWGIOXE75QOv - 8994163029191145 - January 24, 2021, 3:57 pm
txn_1ICq22Jm8ehcCWGIS7WKzAnj - 8994163029873140 - January 24, 2021, 3:57 pm
txn_1IDDaYJm8ehcCWGIH6OJsWHW - 8994163030006148 - January 24, 2021, 3:57 pm
txn_1ICW19Jm8ehcCWGIMz7WngQM - 8994163030015140 - January 24, 2021, 3:57 pm
txn_1IDC00Jm8ehcCWGI2wHRNwnV - 8994163030407143 - January 24, 2021, 3:57 pm
txn_1ICuK1Jm8ehcCWGI5f82CK3C - 8994163030234145 - January 24, 2021, 3:57 pm
txn_1ICy2RJm8ehcCWGIEIw1kcdG - 8994163030016147 - January 24, 2021, 3:57 pm
txn_1ICqkEJm8ehcCWGIvIb797Od - 8994163030233148 - January 24, 2021, 3:57 pm
txn_1ICuL5Jm8ehcCWGIwywuf6cH - 8994163030406146 - January 24, 2021, 3:57 pm
txn_1IDCJEJm8ehcCWGIa0s4qqoB - 8994163030228144 - January 24, 2021, 3:57 pm
txn_1ICzPXJm8ehcCWGIeafw2bGG - 8994163030013146 - January 24, 2021, 3:57 pm
txn_1ICWEdJm8ehcCWGIcE6Osdro - 8994163030227147 - January 24, 2021, 3:57 pm
txn_1ICqp2Jm8ehcCWGIbkwgw2ZJ - 8994163030226140 - January 24, 2021, 3:57 pm
txn_1ICuz4Jm8ehcCWGIiRznDMQ1 - 8994163030221145 - January 24, 2021, 3:57 pm
txn_1ICzkSJm8ehcCWGIqEZrdlcx - 8994163030220148 - January 24, 2021, 3:57 pm
txn_1IDD41Jm8ehcCWGIB3bj9MFo - 8994163030404142 - January 24, 2021, 3:57 pm
txn_1ICWlHJm8ehcCWGIvn9lcKo4 - 8994163030010145 - January 24, 2021, 3:57 pm
txn_1ICr3OJm8ehcCWGInjLBOdAA - 8994163030219142 - January 24, 2021, 3:57 pm
txn_1ICr5CJm8ehcCWGIOPo2cnwz - 8994163030211146 - January 24, 2021, 3:57 pm
txn_1ICvAzJm8ehcCWGICkk8n3Sg - 8994163030007145 - January 24, 2021, 3:57 pm
txn_1ICZyRJm8ehcCWGIUdfNpw0t - 8994163030212143 - January 24, 2021, 3:57 pm
txn_1IDDQSJm8ehcCWGI45Np4lxU - 8994163030213140 - January 24, 2021, 3:57 pm
txn_1ICzkkJm8ehcCWGIZt0XYgqy - 8994163030403145 - January 24, 2021, 3:57 pm
txn_1ICzmdJm8ehcCWGIDnMfBq7P - 8994163030205145 - January 24, 2021, 3:57 pm
txn_1ICcdSJm8ehcCWGIHk9hPVxP - 8994163030207149 - January 24, 2021, 3:57 pm
txn_1ICvDBJm8ehcCWGIZt8SkQyO - 8994163030206142 - January 24, 2021, 3:57 pm
txn_1ICrNMJm8ehcCWGIROXNHq9V - 8994163030204148 - January 24, 2021, 3:57 pm
txn_1ICt4xJm8ehcCWGIgQ1THcyv - 8994163030495140 - January 24, 2021, 3:57 pm
txn_1ICu0kJm8ehcCWGIhJxYVhOa - 8994163030331141 - January 24, 2021, 3:57 pm
txn_1ID0VUJm8ehcCWGIGDhriPei - 8994163030490145 - January 24, 2021, 3:57 pm
txn_1ICVvmJm8ehcCWGIoAgujZ2b - 8994163030330144 - January 24, 2021, 3:57 pm
txn_1ICuAaJm8ehcCWGIdODOJFce - 8994163030327144 - January 24, 2021, 3:57 pm
txn_1ICoKNJm8ehcCWGIiPCyp1W4 - 8994163030484144 - January 24, 2021, 3:57 pm
txn_1ID0aGJm8ehcCWGIxd4THwKu - 8994163030066142 - January 24, 2021, 3:57 pm
txn_1ICuBFJm8ehcCWGIXpWXhzWe - 8994163030481143 - January 24, 2021, 3:57 pm
txn_1ID0d1Jm8ehcCWGIdl15XlNV - 8994163030322149 - January 24, 2021, 3:57 pm
txn_1ICoaHJm8ehcCWGIl8VwBMYp - 8994163030321142 - January 24, 2021, 3:57 pm
txn_1ICuIvJm8ehcCWGIRH8hG5ap - 8994163030315141 - January 24, 2021, 3:57 pm
txn_1ID2IBJm8ehcCWGISD7V33IW - 8994163030478143 - January 24, 2021, 3:57 pm
txn_1IColcJm8ehcCWGIQ7Y275bK - 8994163030314144 - January 24, 2021, 3:57 pm
txn_1ICvIuJm8ehcCWGIK34UB096 - 8994163030309140 - January 24, 2021, 3:57 pm
txn_1ID2nZJm8ehcCWGI2X1is8k4 - 8994163030308143 - January 24, 2021, 3:57 pm
txn_1ICq9JJm8ehcCWGIVjbA3Gnn - 8994163030307146 - January 24, 2021, 3:57 pm
txn_1ICvS3Jm8ehcCWGIN1oY5HXT - 8994163030471144 - January 24, 2021, 3:57 pm
txn_1ID6ldJm8ehcCWGIqcKipao0 - 8994163030470147 - January 24, 2021, 3:57 pm
txn_1ICqCDJm8ehcCWGILVNR1ebS - 8994163030305142 - January 24, 2021, 3:57 pm
txn_1ID8aEJm8ehcCWGIPFzVjnFw - 8994163030463149 - January 24, 2021, 3:57 pm
txn_1ICvisJm8ehcCWGIm0WRr7ar - 8994163030053142 - January 24, 2021, 3:57 pm
txn_1ICqGjJm8ehcCWGIobRipaDJ - 8994163030303148 - January 24, 2021, 3:57 pm
txn_1IDDefJm8ehcCWGIqqhX9TsO - 8994163029906145 - January 24, 2021, 3:58 pm
txn_1ICuVqJm8ehcCWGI0UPL41Lv - 8994163029900143 - January 24, 2021, 3:58 pm
txn_1ICwO4Jm8ehcCWGIWpaDDxB5 - 8994163029898143 - January 24, 2021, 3:58 pm
txn_1ICrazJm8ehcCWGIaxZaMfr5 - 8994163029896149 - January 24, 2021, 3:58 pm
txn_1IDE0aJm8ehcCWGI7sKzGxH1 - 8994163029895142 - January 24, 2021, 3:58 pm
txn_1ID0rwJm8ehcCWGI5MzowkLQ - 8994163029892141 - January 24, 2021, 3:58 pm
txn_1ICuXyJm8ehcCWGIjw8cLkLN - 8994163029888144 - January 24, 2021, 3:58 pm
txn_1ICwoAJm8ehcCWGIN2lnPcpn - 8994163029887147 - January 24, 2021, 3:58 pm
txn_1ICruKJm8ehcCWGIeTFZbIVL - 8994163029886140 - January 24, 2021, 3:58 pm
txn_1IDEgXJm8ehcCWGIGDBYFWxZ - 8994163029884146 - January 24, 2021, 3:58 pm
txn_1ID1NdJm8ehcCWGIdNwwGBWf - 8994163029883149 - January 24, 2021, 3:58 pm
txn_1ICuhUJm8ehcCWGIL0gRxzsA - 8994163029566141 - January 24, 2021, 3:58 pm
txn_1ICx0QJm8ehcCWGIoZtEDbHn - 8994163029874147 - January 24, 2021, 3:58 pm
txn_1ICsKzJm8ehcCWGII77EZ0Je - 8994163029190148 - January 24, 2021, 3:58 pm
txn_1IDFCDJm8ehcCWGIw1W8N8FO - 8994163029872143 - January 24, 2021, 3:58 pm
txn_1ID1brJm8ehcCWGIl1x3w5bl - 8994163029871146 - January 24, 2021, 3:58 pm
txn_1ICouVJm8ehcCWGImKGOFGiI - 8994163029897146 - January 24, 2021, 3:58 pm
txn_1ICq1VJm8ehcCWGIOXE75QOv - 8994163029191145 - January 24, 2021, 3:58 pm
txn_1ICq22Jm8ehcCWGIS7WKzAnj - 8994163029873140 - January 24, 2021, 3:58 pm
txn_1IDDaYJm8ehcCWGIH6OJsWHW - 8994163030006148 - January 24, 2021, 3:58 pm
txn_1ICW19Jm8ehcCWGIMz7WngQM - 8994163030015140 - January 24, 2021, 3:58 pm
txn_1IDC00Jm8ehcCWGI2wHRNwnV - 8994163030407143 - January 24, 2021, 3:58 pm
txn_1ICuK1Jm8ehcCWGI5f82CK3C - 8994163030234145 - January 24, 2021, 3:58 pm
txn_1ICy2RJm8ehcCWGIEIw1kcdG - 8994163030016147 - January 24, 2021, 3:58 pm
txn_1ICqkEJm8ehcCWGIvIb797Od - 8994163030233148 - January 24, 2021, 3:58 pm
txn_1ICuL5Jm8ehcCWGIwywuf6cH - 8994163030406146 - January 24, 2021, 3:58 pm
txn_1IDCJEJm8ehcCWGIa0s4qqoB - 8994163030228144 - January 24, 2021, 3:58 pm
txn_1ICzPXJm8ehcCWGIeafw2bGG - 8994163030013146 - January 24, 2021, 3:58 pm
txn_1ICWEdJm8ehcCWGIcE6Osdro - 8994163030227147 - January 24, 2021, 3:58 pm
txn_1ICqp2Jm8ehcCWGIbkwgw2ZJ - 8994163030226140 - January 24, 2021, 3:58 pm
txn_1ICuz4Jm8ehcCWGIiRznDMQ1 - 8994163030221145 - January 24, 2021, 3:58 pm
txn_1ICzkSJm8ehcCWGIqEZrdlcx - 8994163030220148 - January 24, 2021, 3:58 pm
txn_1IDD41Jm8ehcCWGIB3bj9MFo - 8994163030404142 - January 24, 2021, 3:58 pm
txn_1ICWlHJm8ehcCWGIvn9lcKo4 - 8994163030010145 - January 24, 2021, 3:58 pm
txn_1ICr3OJm8ehcCWGInjLBOdAA - 8994163030219142 - January 24, 2021, 3:58 pm
txn_1ICr5CJm8ehcCWGIOPo2cnwz - 8994163030211146 - January 24, 2021, 3:58 pm
txn_1ICvAzJm8ehcCWGICkk8n3Sg - 8994163030007145 - January 24, 2021, 3:58 pm
txn_1ICZyRJm8ehcCWGIUdfNpw0t - 8994163030212143 - January 24, 2021, 3:58 pm
txn_1IDDQSJm8ehcCWGI45Np4lxU - 8994163030213140 - January 24, 2021, 3:58 pm
txn_1ICzkkJm8ehcCWGIZt0XYgqy - 8994163030403145 - January 24, 2021, 3:58 pm
txn_1ICzmdJm8ehcCWGIDnMfBq7P - 8994163030205145 - January 24, 2021, 3:58 pm
txn_1ICcdSJm8ehcCWGIHk9hPVxP - 8994163030207149 - January 24, 2021, 3:58 pm
txn_1ICvDBJm8ehcCWGIZt8SkQyO - 8994163030206142 - January 24, 2021, 3:58 pm
txn_1ICrNMJm8ehcCWGIROXNHq9V - 8994163030204148 - January 24, 2021, 3:58 pm
txn_1ICt4xJm8ehcCWGIgQ1THcyv - 8994163030495140 - January 24, 2021, 3:58 pm
txn_1ICu0kJm8ehcCWGIhJxYVhOa - 8994163030331141 - January 24, 2021, 3:58 pm
txn_1ID0VUJm8ehcCWGIGDhriPei - 8994163030490145 - January 24, 2021, 3:58 pm
txn_1ICVvmJm8ehcCWGIoAgujZ2b - 8994163030330144 - January 24, 2021, 3:58 pm
txn_1ICuAaJm8ehcCWGIdODOJFce - 8994163030327144 - January 24, 2021, 3:58 pm
txn_1ICoKNJm8ehcCWGIiPCyp1W4 - 8994163030484144 - January 24, 2021, 3:58 pm
txn_1ID0aGJm8ehcCWGIxd4THwKu - 8994163030066142 - January 24, 2021, 3:58 pm
txn_1ICuBFJm8ehcCWGIXpWXhzWe - 8994163030481143 - January 24, 2021, 3:58 pm
txn_1ID0d1Jm8ehcCWGIdl15XlNV - 8994163030322149 - January 24, 2021, 3:58 pm
txn_1ICoaHJm8ehcCWGIl8VwBMYp - 8994163030321142 - January 24, 2021, 3:58 pm
txn_1ICuIvJm8ehcCWGIRH8hG5ap - 8994163030315141 - January 24, 2021, 3:58 pm
txn_1ID2IBJm8ehcCWGISD7V33IW - 8994163030478143 - January 24, 2021, 3:58 pm
txn_1IColcJm8ehcCWGIQ7Y275bK - 8994163030314144 - January 24, 2021, 3:58 pm
txn_1ICvIuJm8ehcCWGIK34UB096 - 8994163030309140 - January 24, 2021, 3:58 pm
txn_1ID2nZJm8ehcCWGI2X1is8k4 - 8994163030308143 - January 24, 2021, 3:58 pm
txn_1ICq9JJm8ehcCWGIVjbA3Gnn - 8994163030307146 - January 24, 2021, 3:58 pm
txn_1ICvS3Jm8ehcCWGIN1oY5HXT - 8994163030471144 - January 24, 2021, 3:58 pm
txn_1ID6ldJm8ehcCWGIqcKipao0 - 8994163030470147 - January 24, 2021, 3:58 pm
txn_1ICqCDJm8ehcCWGILVNR1ebS - 8994163030305142 - January 24, 2021, 3:58 pm
txn_1ID8aEJm8ehcCWGIPFzVjnFw - 8994163030463149 - January 24, 2021, 3:58 pm
txn_1ICvisJm8ehcCWGIm0WRr7ar - 8994163030053142 - January 24, 2021, 3:58 pm
txn_1ICqGjJm8ehcCWGIobRipaDJ - 8994163030303148 - January 24, 2021, 3:58 pm
txn_1ICVRwJm8ehcCWGIwxReZM2s - 8994163030601145 - January 24, 2021, 3:58 pm
txn_1ICVipJm8ehcCWGI001WLeB1 - 8994163030399141 - January 24, 2021, 3:58 pm
txn_1ICqeuJm8ehcCWGI7ZFXilNj - 8994163030580143 - January 24, 2021, 3:58 pm
txn_1ICqhPJm8ehcCWGISaLnbVuy - 8994163030577143 - January 24, 2021, 3:58 pm
txn_1ICsN2Jm8ehcCWGIAR3P6o1g - 8994163030112146 - January 24, 2021, 3:58 pm
txn_1ICsZ8Jm8ehcCWGIwjhloMt5 - 8994163030395143 - January 24, 2021, 3:58 pm
txn_1ICshxJm8ehcCWGIOTZIpe0e - 8994163030570144 - January 24, 2021, 3:58 pm
txn_1ICvmcJm8ehcCWGIQOQK9M7m - 8994163030388145 - January 24, 2021, 3:58 pm
txn_1ICvt3Jm8ehcCWGIowdOvcxb - 8994163030105148 - January 24, 2021, 3:58 pm
txn_1ICw4dJm8ehcCWGIoYeF9NKT - 8994163030385144 - January 24, 2021, 3:58 pm
txn_1ICw9wJm8ehcCWGIv2JJP5Pe - 8994163030381146 - January 24, 2021, 3:58 pm
txn_1IDFGWJm8ehcCWGIJA04naTR - 8994163030378146 - January 24, 2021, 3:58 pm
txn_1ICxIjJm8ehcCWGI789wLI47 - 8994163030097146 - January 24, 2021, 3:58 pm
txn_1ICV8pJm8ehcCWGI9i7WCUCJ - 8994163030095142 - January 24, 2021, 3:58 pm
txn_1ICzuaJm8ehcCWGI91e5BIPs - 8994163030557145 - January 24, 2021, 3:58 pm
4274e8d3-40f7-d649-9bea-7ee1a270b508 - 8994163040560142 - January 24, 2021, 5:08 pm
a968d07c-fca9-c3ed-a17c-d08028586cf5 - 8994163041803149 - January 24, 2021, 5:13 pm
a968d07c-fca9-c3ed-a17c-d08028586cf5 - 8994163041803149 - January 24, 2021, 5:14 pm
txn_1ICppCJm8ehcCWGIf4ygxEfA - 8994163041827145 - January 24, 2021, 5:14 pm
txn_1I7oJeJm8ehcCWGIS7nAAstI - 8994163044061140 - January 24, 2021, 5:32 pm
