txn_1IEh73Jm8ehcCWGI5axF94yu - 8994163584523153 - January 28, 2021, 3:51 pm
txn_1IEOzaJm8ehcCWGI4j0gJVRA - 8994163585011154 - January 28, 2021, 3:51 pm
2021Influencer259 - 8994163584512157 - January 28, 2021, 3:51 pm
2021Influencer247 - 8994163584807154 - January 28, 2021, 3:51 pm
txn_1IEgTXJm8ehcCWGIR54SgYu2 - 8994163584395156 - January 28, 2021, 3:51 pm
txn_1IERIiJm8ehcCWGI7ilGrJsd - 8994163584806157 - January 28, 2021, 3:51 pm
txn_1IEPTBJm8ehcCWGISKhnczrX - 8994163584396153 - January 28, 2021, 3:51 pm
2021Influencer253 - 8994163584394159 - January 28, 2021, 3:51 pm
2021Influencer258 - 8994163584797158 - January 28, 2021, 3:51 pm
2021Influencer246 - 8994163584388158 - January 28, 2021, 3:51 pm
txn_1IEPlCJm8ehcCWGIFsaiyjFy - 8994163584385157 - January 28, 2021, 3:51 pm
txn_1IEgdIJm8ehcCWGIOmLfBNer - 8994163584384150 - January 28, 2021, 3:51 pm
txn_1IESuYJm8ehcCWGIgu0uctN1 - 8994163584382156 - January 28, 2021, 3:51 pm
2021Influencer252 - 8994163584794157 - January 28, 2021, 3:51 pm
2021Influencer257 - 8994163584371150 - January 28, 2021, 3:51 pm
2021Influencer245 - 8994163584781157 - January 28, 2021, 3:51 pm
txn_1IEPzPJm8ehcCWGIRD2BjmI0 - 8994163584373154 - January 28, 2021, 3:51 pm
txn_1IEgiYJm8ehcCWGIBNguzC8d - 8994163584782154 - January 28, 2021, 3:51 pm
txn_1IEcJ7Jm8ehcCWGIHrGdUT5x - 8994163584372157 - January 28, 2021, 3:51 pm
2021Influencer251 - 8994163584370153 - January 28, 2021, 3:51 pm
txn_1IEh73Jm8ehcCWGI5axF94yu - 8994163584523153 - January 28, 2021, 3:51 pm
txn_1IEOzaJm8ehcCWGI4j0gJVRA - 8994163585011154 - January 28, 2021, 3:51 pm
2021Influencer259 - 8994163584512157 - January 28, 2021, 3:51 pm
2021Influencer247 - 8994163584807154 - January 28, 2021, 3:51 pm
txn_1IEgTXJm8ehcCWGIR54SgYu2 - 8994163584395156 - January 28, 2021, 3:51 pm
txn_1IERIiJm8ehcCWGI7ilGrJsd - 8994163584806157 - January 28, 2021, 3:51 pm
txn_1IEPTBJm8ehcCWGISKhnczrX - 8994163584396153 - January 28, 2021, 3:51 pm
2021Influencer253 - 8994163584394159 - January 28, 2021, 3:51 pm
2021Influencer258 - 8994163584797158 - January 28, 2021, 3:51 pm
2021Influencer246 - 8994163584388158 - January 28, 2021, 3:51 pm
txn_1IEPlCJm8ehcCWGIFsaiyjFy - 8994163584385157 - January 28, 2021, 3:51 pm
txn_1IEgdIJm8ehcCWGIOmLfBNer - 8994163584384150 - January 28, 2021, 3:51 pm
txn_1IESuYJm8ehcCWGIgu0uctN1 - 8994163584382156 - January 28, 2021, 3:51 pm
2021Influencer252 - 8994163584794157 - January 28, 2021, 3:51 pm
2021Influencer257 - 8994163584371150 - January 28, 2021, 3:51 pm
2021Influencer245 - 8994163584781157 - January 28, 2021, 3:51 pm
txn_1IEPzPJm8ehcCWGIRD2BjmI0 - 8994163584373154 - January 28, 2021, 3:51 pm
txn_1IEgiYJm8ehcCWGIBNguzC8d - 8994163584782154 - January 28, 2021, 3:51 pm
txn_1IEcJ7Jm8ehcCWGIHrGdUT5x - 8994163584372157 - January 28, 2021, 3:51 pm
2021Influencer251 - 8994163584370153 - January 28, 2021, 3:51 pm
txn_1IEh73Jm8ehcCWGI5axF94yu - 8994163584523153 - January 28, 2021, 3:51 pm
txn_1IEOzaJm8ehcCWGI4j0gJVRA - 8994163585011154 - January 28, 2021, 3:51 pm
2021Influencer259 - 8994163584512157 - January 28, 2021, 3:51 pm
2021Influencer247 - 8994163584807154 - January 28, 2021, 3:51 pm
txn_1IEgTXJm8ehcCWGIR54SgYu2 - 8994163584395156 - January 28, 2021, 3:51 pm
txn_1IERIiJm8ehcCWGI7ilGrJsd - 8994163584806157 - January 28, 2021, 3:51 pm
txn_1IEPTBJm8ehcCWGISKhnczrX - 8994163584396153 - January 28, 2021, 3:51 pm
2021Influencer253 - 8994163584394159 - January 28, 2021, 3:51 pm
2021Influencer258 - 8994163584797158 - January 28, 2021, 3:51 pm
2021Influencer246 - 8994163584388158 - January 28, 2021, 3:51 pm
txn_1IEPlCJm8ehcCWGIFsaiyjFy - 8994163584385157 - January 28, 2021, 3:51 pm
txn_1IEgdIJm8ehcCWGIOmLfBNer - 8994163584384150 - January 28, 2021, 3:51 pm
txn_1IESuYJm8ehcCWGIgu0uctN1 - 8994163584382156 - January 28, 2021, 3:51 pm
2021Influencer252 - 8994163584794157 - January 28, 2021, 3:51 pm
2021Influencer257 - 8994163584371150 - January 28, 2021, 3:51 pm
2021Influencer245 - 8994163584781157 - January 28, 2021, 3:51 pm
txn_1IEPzPJm8ehcCWGIRD2BjmI0 - 8994163584373154 - January 28, 2021, 3:51 pm
txn_1IEgiYJm8ehcCWGIBNguzC8d - 8994163584782154 - January 28, 2021, 3:51 pm
txn_1IEcJ7Jm8ehcCWGIHrGdUT5x - 8994163584372157 - January 28, 2021, 3:51 pm
2021Influencer251 - 8994163584370153 - January 28, 2021, 3:51 pm
txn_1IEh73Jm8ehcCWGI5axF94yu - 8994163584523153 - January 28, 2021, 3:51 pm
txn_1IEOzaJm8ehcCWGI4j0gJVRA - 8994163585011154 - January 28, 2021, 3:51 pm
2021Influencer259 - 8994163584512157 - January 28, 2021, 3:51 pm
2021Influencer247 - 8994163584807154 - January 28, 2021, 3:51 pm
txn_1IEgTXJm8ehcCWGIR54SgYu2 - 8994163584395156 - January 28, 2021, 3:51 pm
txn_1IERIiJm8ehcCWGI7ilGrJsd - 8994163584806157 - January 28, 2021, 3:51 pm
txn_1IEPTBJm8ehcCWGISKhnczrX - 8994163584396153 - January 28, 2021, 3:51 pm
2021Influencer253 - 8994163584394159 - January 28, 2021, 3:51 pm
2021Influencer258 - 8994163584797158 - January 28, 2021, 3:51 pm
2021Influencer246 - 8994163584388158 - January 28, 2021, 3:51 pm
txn_1IEPlCJm8ehcCWGIFsaiyjFy - 8994163584385157 - January 28, 2021, 3:51 pm
txn_1IEgdIJm8ehcCWGIOmLfBNer - 8994163584384150 - January 28, 2021, 3:51 pm
txn_1IESuYJm8ehcCWGIgu0uctN1 - 8994163584382156 - January 28, 2021, 3:51 pm
2021Influencer252 - 8994163584794157 - January 28, 2021, 3:51 pm
2021Influencer257 - 8994163584371150 - January 28, 2021, 3:51 pm
2021Influencer245 - 8994163584781157 - January 28, 2021, 3:51 pm
txn_1IEPzPJm8ehcCWGIRD2BjmI0 - 8994163584373154 - January 28, 2021, 3:51 pm
txn_1IEgiYJm8ehcCWGIBNguzC8d - 8994163584782154 - January 28, 2021, 3:51 pm
txn_1IEcJ7Jm8ehcCWGIHrGdUT5x - 8994163584372157 - January 28, 2021, 3:51 pm
2021Influencer251 - 8994163584370153 - January 28, 2021, 3:51 pm
txn_1IEh73Jm8ehcCWGI5axF94yu - 8994163584523153 - January 28, 2021, 3:51 pm
txn_1IEOzaJm8ehcCWGI4j0gJVRA - 8994163585011154 - January 28, 2021, 3:51 pm
2021Influencer259 - 8994163584512157 - January 28, 2021, 3:51 pm
2021Influencer247 - 8994163584807154 - January 28, 2021, 3:51 pm
txn_1IEgTXJm8ehcCWGIR54SgYu2 - 8994163584395156 - January 28, 2021, 3:51 pm
txn_1IERIiJm8ehcCWGI7ilGrJsd - 8994163584806157 - January 28, 2021, 3:51 pm
txn_1IEPTBJm8ehcCWGISKhnczrX - 8994163584396153 - January 28, 2021, 3:51 pm
2021Influencer253 - 8994163584394159 - January 28, 2021, 3:51 pm
2021Influencer258 - 8994163584797158 - January 28, 2021, 3:51 pm
2021Influencer246 - 8994163584388158 - January 28, 2021, 3:51 pm
txn_1IEPlCJm8ehcCWGIFsaiyjFy - 8994163584385157 - January 28, 2021, 3:51 pm
txn_1IEgdIJm8ehcCWGIOmLfBNer - 8994163584384150 - January 28, 2021, 3:51 pm
txn_1IESuYJm8ehcCWGIgu0uctN1 - 8994163584382156 - January 28, 2021, 3:51 pm
2021Influencer252 - 8994163584794157 - January 28, 2021, 3:51 pm
2021Influencer257 - 8994163584371150 - January 28, 2021, 3:51 pm
2021Influencer245 - 8994163584781157 - January 28, 2021, 3:51 pm
txn_1IEPzPJm8ehcCWGIRD2BjmI0 - 8994163584373154 - January 28, 2021, 3:51 pm
txn_1IEgiYJm8ehcCWGIBNguzC8d - 8994163584782154 - January 28, 2021, 3:51 pm
txn_1IEcJ7Jm8ehcCWGIHrGdUT5x - 8994163584372157 - January 28, 2021, 3:51 pm
2021Influencer251 - 8994163584370153 - January 28, 2021, 3:51 pm
txn_1IENRbJm8ehcCWGIuwY8eJ6b - 8994163585155155 - January 28, 2021, 3:51 pm
txn_1IEQV6Jm8ehcCWGIsyiPcYjI -  - January 28, 2021, 3:51 pm
2021Influencer256 -  - January 28, 2021, 3:51 pm
txn_1IEeVKJm8ehcCWGIlEKpDp0E -  - January 28, 2021, 3:51 pm
2021Influencer255 -  - January 28, 2021, 3:51 pm
txn_1IEenoJm8ehcCWGI0e1UX4YW -  - January 28, 2021, 3:51 pm
txn_1IEOpqJm8ehcCWGILLCrvwBa -  - January 28, 2021, 3:51 pm
2021Influencer254 -  - January 28, 2021, 3:51 pm
2021Influencer250 -  - January 28, 2021, 3:51 pm
txn_1IEL72Jm8ehcCWGIOKvBjsdi -  - January 28, 2021, 3:51 pm
txn_1IEOsFJm8ehcCWGITabF0qQO -  - January 28, 2021, 3:51 pm
txn_1IEeoVJm8ehcCWGIvYVUhtdC -  - January 28, 2021, 3:51 pm
txn_1IELqtJm8ehcCWGINi9FiN71 -  - January 28, 2021, 3:51 pm
2021Influencer249 -  - January 28, 2021, 3:51 pm
txn_1IEQCZJm8ehcCWGIzdKcFKiI -  - January 28, 2021, 3:51 pm
txn_1IEgigJm8ehcCWGIuljY2Q94 -  - January 28, 2021, 3:51 pm
txn_1IELuXJm8ehcCWGI7NPFLzi7 -  - January 28, 2021, 3:51 pm
2021Influencer248 -  - January 28, 2021, 3:51 pm
txn_1IEQJcJm8ehcCWGIzgzhx6eK -  - January 28, 2021, 3:51 pm
txn_1IEgpSJm8ehcCWGImqDvwKiP -  - January 28, 2021, 3:51 pm
txn_1IEh73Jm8ehcCWGI5axF94yu - 8994163584523153 - January 28, 2021, 3:51 pm
txn_1IEOzaJm8ehcCWGI4j0gJVRA - 8994163585011154 - January 28, 2021, 3:51 pm
2021Influencer259 - 8994163584512157 - January 28, 2021, 3:51 pm
2021Influencer247 - 8994163584807154 - January 28, 2021, 3:51 pm
txn_1IEgTXJm8ehcCWGIR54SgYu2 - 8994163584395156 - January 28, 2021, 3:51 pm
txn_1IERIiJm8ehcCWGI7ilGrJsd - 8994163584806157 - January 28, 2021, 3:51 pm
txn_1IEPTBJm8ehcCWGISKhnczrX - 8994163584396153 - January 28, 2021, 3:51 pm
2021Influencer253 - 8994163584394159 - January 28, 2021, 3:51 pm
2021Influencer258 - 8994163584797158 - January 28, 2021, 3:51 pm
2021Influencer246 - 8994163584388158 - January 28, 2021, 3:51 pm
txn_1IEPlCJm8ehcCWGIFsaiyjFy - 8994163584385157 - January 28, 2021, 3:51 pm
txn_1IEgdIJm8ehcCWGIOmLfBNer - 8994163584384150 - January 28, 2021, 3:51 pm
txn_1IESuYJm8ehcCWGIgu0uctN1 - 8994163584382156 - January 28, 2021, 3:51 pm
2021Influencer252 - 8994163584794157 - January 28, 2021, 3:51 pm
2021Influencer257 - 8994163584371150 - January 28, 2021, 3:51 pm
2021Influencer245 - 8994163584781157 - January 28, 2021, 3:51 pm
txn_1IEPzPJm8ehcCWGIRD2BjmI0 - 8994163584373154 - January 28, 2021, 3:51 pm
txn_1IEgiYJm8ehcCWGIBNguzC8d - 8994163584782154 - January 28, 2021, 3:51 pm
txn_1IEcJ7Jm8ehcCWGIHrGdUT5x - 8994163584372157 - January 28, 2021, 3:51 pm
2021Influencer251 - 8994163584370153 - January 28, 2021, 3:51 pm
txn_1IEMOTJm8ehcCWGIMFMgwcL6 - 8994163585252151 - January 28, 2021, 3:51 pm
txn_1IENRbJm8ehcCWGIuwY8eJ6b - 8994163585155155 - January 28, 2021, 3:51 pm
txn_1IEh73Jm8ehcCWGI5axF94yu - 8994163584523153 - January 28, 2021, 3:52 pm
txn_1IEOzaJm8ehcCWGI4j0gJVRA - 8994163585011154 - January 28, 2021, 3:52 pm
2021Influencer259 - 8994163584512157 - January 28, 2021, 3:52 pm
2021Influencer247 - 8994163584807154 - January 28, 2021, 3:52 pm
txn_1IEgTXJm8ehcCWGIR54SgYu2 - 8994163584395156 - January 28, 2021, 3:52 pm
txn_1IERIiJm8ehcCWGI7ilGrJsd - 8994163584806157 - January 28, 2021, 3:52 pm
txn_1IEPTBJm8ehcCWGISKhnczrX - 8994163584396153 - January 28, 2021, 3:52 pm
2021Influencer253 - 8994163584394159 - January 28, 2021, 3:52 pm
2021Influencer258 - 8994163584797158 - January 28, 2021, 3:52 pm
2021Influencer246 - 8994163584388158 - January 28, 2021, 3:52 pm
txn_1IEPlCJm8ehcCWGIFsaiyjFy - 8994163584385157 - January 28, 2021, 3:52 pm
txn_1IEgdIJm8ehcCWGIOmLfBNer - 8994163584384150 - January 28, 2021, 3:52 pm
txn_1IESuYJm8ehcCWGIgu0uctN1 - 8994163584382156 - January 28, 2021, 3:52 pm
2021Influencer252 - 8994163584794157 - January 28, 2021, 3:52 pm
2021Influencer257 - 8994163584371150 - January 28, 2021, 3:52 pm
2021Influencer245 - 8994163584781157 - January 28, 2021, 3:52 pm
txn_1IEPzPJm8ehcCWGIRD2BjmI0 - 8994163584373154 - January 28, 2021, 3:52 pm
txn_1IEgiYJm8ehcCWGIBNguzC8d - 8994163584782154 - January 28, 2021, 3:52 pm
txn_1IEcJ7Jm8ehcCWGIHrGdUT5x - 8994163584372157 - January 28, 2021, 3:52 pm
2021Influencer251 - 8994163584370153 - January 28, 2021, 3:52 pm
txn_1IEMOTJm8ehcCWGIMFMgwcL6 - 8994163585252151 - January 28, 2021, 3:52 pm
txn_1IENRbJm8ehcCWGIuwY8eJ6b - 8994163585155155 - January 28, 2021, 3:52 pm
2021Influencer248 - 8994163585188153 - January 28, 2021, 3:52 pm
2021Influencer256 - 8994163585346157 - January 28, 2021, 3:52 pm
txn_1IEQV6Jm8ehcCWGIsyiPcYjI - 8994163585345150 - January 28, 2021, 3:52 pm
txn_1IELuXJm8ehcCWGI7NPFLzi7 - 8994163585431150 - January 28, 2021, 3:52 pm
txn_1IEeVKJm8ehcCWGIlEKpDp0E - 8994163585334154 - January 28, 2021, 3:52 pm
2021Influencer255 - 8994163585335151 - January 28, 2021, 3:52 pm
txn_1IEOpqJm8ehcCWGILLCrvwBa - 8994163585418151 - January 28, 2021, 3:52 pm
2021Influencer254 - 8994163585414153 - January 28, 2021, 3:52 pm
txn_1IEenoJm8ehcCWGI0e1UX4YW - 8994163585626150 - January 28, 2021, 3:52 pm
txn_1IEOsFJm8ehcCWGITabF0qQO - 8994163585406158 - January 28, 2021, 3:52 pm
txn_1IEeoVJm8ehcCWGIvYVUhtdC - 8994163585405151 - January 28, 2021, 3:52 pm
2021Influencer250 - 8994163585311155 - January 28, 2021, 3:52 pm
txn_1IEQCZJm8ehcCWGIzdKcFKiI - 8994163585303150 - January 28, 2021, 3:52 pm
txn_1IEgigJm8ehcCWGIuljY2Q94 - 8994163585400156 - January 28, 2021, 3:52 pm
2021Influencer249 - 8994163585302153 - January 28, 2021, 3:52 pm
txn_1IEgpSJm8ehcCWGImqDvwKiP - 8994163585189150 - January 28, 2021, 3:52 pm
txn_1IEL72Jm8ehcCWGIOKvBjsdi - 8994163585187156 - January 28, 2021, 3:52 pm
txn_1IEQJcJm8ehcCWGIzgzhx6eK - 8994163585291150 - January 28, 2021, 3:52 pm
txn_1IEh73Jm8ehcCWGI5axF94yu - 8994163584523153 - January 28, 2021, 3:52 pm
txn_1IEOzaJm8ehcCWGI4j0gJVRA - 8994163585011154 - January 28, 2021, 3:52 pm
2021Influencer259 - 8994163584512157 - January 28, 2021, 3:52 pm
2021Influencer247 - 8994163584807154 - January 28, 2021, 3:52 pm
txn_1IEgTXJm8ehcCWGIR54SgYu2 - 8994163584395156 - January 28, 2021, 3:52 pm
txn_1IERIiJm8ehcCWGI7ilGrJsd - 8994163584806157 - January 28, 2021, 3:52 pm
txn_1IEPTBJm8ehcCWGISKhnczrX - 8994163584396153 - January 28, 2021, 3:52 pm
2021Influencer253 - 8994163584394159 - January 28, 2021, 3:52 pm
2021Influencer258 - 8994163584797158 - January 28, 2021, 3:52 pm
2021Influencer246 - 8994163584388158 - January 28, 2021, 3:52 pm
txn_1IEPlCJm8ehcCWGIFsaiyjFy - 8994163584385157 - January 28, 2021, 3:52 pm
txn_1IEgdIJm8ehcCWGIOmLfBNer - 8994163584384150 - January 28, 2021, 3:52 pm
txn_1IESuYJm8ehcCWGIgu0uctN1 - 8994163584382156 - January 28, 2021, 3:52 pm
2021Influencer252 - 8994163584794157 - January 28, 2021, 3:52 pm
2021Influencer257 - 8994163584371150 - January 28, 2021, 3:52 pm
2021Influencer245 - 8994163584781157 - January 28, 2021, 3:52 pm
txn_1IEPzPJm8ehcCWGIRD2BjmI0 - 8994163584373154 - January 28, 2021, 3:52 pm
txn_1IEgiYJm8ehcCWGIBNguzC8d - 8994163584782154 - January 28, 2021, 3:52 pm
txn_1IEcJ7Jm8ehcCWGIHrGdUT5x - 8994163584372157 - January 28, 2021, 3:52 pm
2021Influencer251 - 8994163584370153 - January 28, 2021, 3:52 pm
txn_1IEMOTJm8ehcCWGIMFMgwcL6 - 8994163585252151 - January 28, 2021, 3:52 pm
txn_1IENRbJm8ehcCWGIuwY8eJ6b - 8994163585155155 - January 28, 2021, 3:52 pm
2021Influencer248 - 8994163585188153 - January 28, 2021, 3:52 pm
2021Influencer256 - 8994163585346157 - January 28, 2021, 3:52 pm
txn_1IEQV6Jm8ehcCWGIsyiPcYjI - 8994163585345150 - January 28, 2021, 3:52 pm
txn_1IELuXJm8ehcCWGI7NPFLzi7 - 8994163585431150 - January 28, 2021, 3:52 pm
txn_1IEeVKJm8ehcCWGIlEKpDp0E - 8994163585334154 - January 28, 2021, 3:52 pm
2021Influencer255 - 8994163585335151 - January 28, 2021, 3:52 pm
txn_1IEOpqJm8ehcCWGILLCrvwBa - 8994163585418151 - January 28, 2021, 3:52 pm
2021Influencer254 - 8994163585414153 - January 28, 2021, 3:52 pm
txn_1IEenoJm8ehcCWGI0e1UX4YW - 8994163585626150 - January 28, 2021, 3:52 pm
txn_1IEOsFJm8ehcCWGITabF0qQO - 8994163585406158 - January 28, 2021, 3:52 pm
txn_1IEeoVJm8ehcCWGIvYVUhtdC - 8994163585405151 - January 28, 2021, 3:52 pm
2021Influencer250 - 8994163585311155 - January 28, 2021, 3:52 pm
txn_1IEQCZJm8ehcCWGIzdKcFKiI - 8994163585303150 - January 28, 2021, 3:52 pm
txn_1IEgigJm8ehcCWGIuljY2Q94 - 8994163585400156 - January 28, 2021, 3:52 pm
2021Influencer249 - 8994163585302153 - January 28, 2021, 3:52 pm
txn_1IEgpSJm8ehcCWGImqDvwKiP - 8994163585189150 - January 28, 2021, 3:52 pm
txn_1IEL72Jm8ehcCWGIOKvBjsdi - 8994163585187156 - January 28, 2021, 3:52 pm
txn_1IEQJcJm8ehcCWGIzgzhx6eK - 8994163585291150 - January 28, 2021, 3:52 pm
txn_1IEh73Jm8ehcCWGI5axF94yu - 8994163584523153 - January 28, 2021, 3:52 pm
txn_1IEOzaJm8ehcCWGI4j0gJVRA - 8994163585011154 - January 28, 2021, 3:52 pm
2021Influencer259 - 8994163584512157 - January 28, 2021, 3:52 pm
2021Influencer247 - 8994163584807154 - January 28, 2021, 3:52 pm
txn_1IEgTXJm8ehcCWGIR54SgYu2 - 8994163584395156 - January 28, 2021, 3:52 pm
txn_1IERIiJm8ehcCWGI7ilGrJsd - 8994163584806157 - January 28, 2021, 3:52 pm
txn_1IEPTBJm8ehcCWGISKhnczrX - 8994163584396153 - January 28, 2021, 3:52 pm
2021Influencer253 - 8994163584394159 - January 28, 2021, 3:52 pm
2021Influencer258 - 8994163584797158 - January 28, 2021, 3:52 pm
2021Influencer246 - 8994163584388158 - January 28, 2021, 3:52 pm
txn_1IEPlCJm8ehcCWGIFsaiyjFy - 8994163584385157 - January 28, 2021, 3:52 pm
txn_1IEgdIJm8ehcCWGIOmLfBNer - 8994163584384150 - January 28, 2021, 3:52 pm
txn_1IESuYJm8ehcCWGIgu0uctN1 - 8994163584382156 - January 28, 2021, 3:52 pm
2021Influencer252 - 8994163584794157 - January 28, 2021, 3:52 pm
2021Influencer257 - 8994163584371150 - January 28, 2021, 3:52 pm
2021Influencer245 - 8994163584781157 - January 28, 2021, 3:52 pm
txn_1IEPzPJm8ehcCWGIRD2BjmI0 - 8994163584373154 - January 28, 2021, 3:52 pm
txn_1IEgiYJm8ehcCWGIBNguzC8d - 8994163584782154 - January 28, 2021, 3:52 pm
txn_1IEcJ7Jm8ehcCWGIHrGdUT5x - 8994163584372157 - January 28, 2021, 3:52 pm
2021Influencer251 - 8994163584370153 - January 28, 2021, 3:52 pm
txn_1IEMOTJm8ehcCWGIMFMgwcL6 - 8994163585252151 - January 28, 2021, 3:52 pm
txn_1IENRbJm8ehcCWGIuwY8eJ6b - 8994163585155155 - January 28, 2021, 3:52 pm
2021Influencer248 - 8994163585188153 - January 28, 2021, 3:52 pm
2021Influencer256 - 8994163585346157 - January 28, 2021, 3:52 pm
txn_1IEQV6Jm8ehcCWGIsyiPcYjI - 8994163585345150 - January 28, 2021, 3:52 pm
txn_1IELuXJm8ehcCWGI7NPFLzi7 - 8994163585431150 - January 28, 2021, 3:52 pm
txn_1IEeVKJm8ehcCWGIlEKpDp0E - 8994163585334154 - January 28, 2021, 3:52 pm
2021Influencer255 - 8994163585335151 - January 28, 2021, 3:52 pm
txn_1IEOpqJm8ehcCWGILLCrvwBa - 8994163585418151 - January 28, 2021, 3:52 pm
2021Influencer254 - 8994163585414153 - January 28, 2021, 3:52 pm
txn_1IEenoJm8ehcCWGI0e1UX4YW - 8994163585626150 - January 28, 2021, 3:52 pm
txn_1IEOsFJm8ehcCWGITabF0qQO - 8994163585406158 - January 28, 2021, 3:52 pm
txn_1IEeoVJm8ehcCWGIvYVUhtdC - 8994163585405151 - January 28, 2021, 3:52 pm
2021Influencer250 - 8994163585311155 - January 28, 2021, 3:52 pm
txn_1IEQCZJm8ehcCWGIzdKcFKiI - 8994163585303150 - January 28, 2021, 3:52 pm
txn_1IEgigJm8ehcCWGIuljY2Q94 - 8994163585400156 - January 28, 2021, 3:52 pm
2021Influencer249 - 8994163585302153 - January 28, 2021, 3:52 pm
txn_1IEgpSJm8ehcCWGImqDvwKiP - 8994163585189150 - January 28, 2021, 3:52 pm
txn_1IEL72Jm8ehcCWGIOKvBjsdi - 8994163585187156 - January 28, 2021, 3:52 pm
txn_1IEQJcJm8ehcCWGIzgzhx6eK - 8994163585291150 - January 28, 2021, 3:52 pm
txn_1IEh73Jm8ehcCWGI5axF94yu - 8994163584523153 - January 28, 2021, 3:52 pm
txn_1IEOzaJm8ehcCWGI4j0gJVRA - 8994163585011154 - January 28, 2021, 3:52 pm
2021Influencer259 - 8994163584512157 - January 28, 2021, 3:52 pm
2021Influencer247 - 8994163584807154 - January 28, 2021, 3:52 pm
txn_1IEgTXJm8ehcCWGIR54SgYu2 - 8994163584395156 - January 28, 2021, 3:52 pm
txn_1IERIiJm8ehcCWGI7ilGrJsd - 8994163584806157 - January 28, 2021, 3:52 pm
txn_1IEPTBJm8ehcCWGISKhnczrX - 8994163584396153 - January 28, 2021, 3:52 pm
2021Influencer253 - 8994163584394159 - January 28, 2021, 3:52 pm
2021Influencer258 - 8994163584797158 - January 28, 2021, 3:52 pm
2021Influencer246 - 8994163584388158 - January 28, 2021, 3:52 pm
txn_1IEPlCJm8ehcCWGIFsaiyjFy - 8994163584385157 - January 28, 2021, 3:52 pm
txn_1IEgdIJm8ehcCWGIOmLfBNer - 8994163584384150 - January 28, 2021, 3:52 pm
txn_1IESuYJm8ehcCWGIgu0uctN1 - 8994163584382156 - January 28, 2021, 3:52 pm
2021Influencer252 - 8994163584794157 - January 28, 2021, 3:52 pm
2021Influencer257 - 8994163584371150 - January 28, 2021, 3:52 pm
2021Influencer245 - 8994163584781157 - January 28, 2021, 3:52 pm
txn_1IEPzPJm8ehcCWGIRD2BjmI0 - 8994163584373154 - January 28, 2021, 3:52 pm
txn_1IEgiYJm8ehcCWGIBNguzC8d - 8994163584782154 - January 28, 2021, 3:52 pm
txn_1IEcJ7Jm8ehcCWGIHrGdUT5x - 8994163584372157 - January 28, 2021, 3:52 pm
2021Influencer251 - 8994163584370153 - January 28, 2021, 3:52 pm
txn_1IEMOTJm8ehcCWGIMFMgwcL6 - 8994163585252151 - January 28, 2021, 3:52 pm
txn_1IENRbJm8ehcCWGIuwY8eJ6b - 8994163585155155 - January 28, 2021, 3:52 pm
2021Influencer248 - 8994163585188153 - January 28, 2021, 3:52 pm
2021Influencer256 - 8994163585346157 - January 28, 2021, 3:52 pm
txn_1IEQV6Jm8ehcCWGIsyiPcYjI - 8994163585345150 - January 28, 2021, 3:52 pm
txn_1IELuXJm8ehcCWGI7NPFLzi7 - 8994163585431150 - January 28, 2021, 3:52 pm
txn_1IEeVKJm8ehcCWGIlEKpDp0E - 8994163585334154 - January 28, 2021, 3:52 pm
2021Influencer255 - 8994163585335151 - January 28, 2021, 3:52 pm
txn_1IEOpqJm8ehcCWGILLCrvwBa - 8994163585418151 - January 28, 2021, 3:52 pm
2021Influencer254 - 8994163585414153 - January 28, 2021, 3:52 pm
txn_1IEenoJm8ehcCWGI0e1UX4YW - 8994163585626150 - January 28, 2021, 3:52 pm
txn_1IEOsFJm8ehcCWGITabF0qQO - 8994163585406158 - January 28, 2021, 3:52 pm
txn_1IEeoVJm8ehcCWGIvYVUhtdC - 8994163585405151 - January 28, 2021, 3:52 pm
2021Influencer250 - 8994163585311155 - January 28, 2021, 3:52 pm
txn_1IEQCZJm8ehcCWGIzdKcFKiI - 8994163585303150 - January 28, 2021, 3:52 pm
txn_1IEgigJm8ehcCWGIuljY2Q94 - 8994163585400156 - January 28, 2021, 3:52 pm
2021Influencer249 - 8994163585302153 - January 28, 2021, 3:52 pm
txn_1IEgpSJm8ehcCWGImqDvwKiP - 8994163585189150 - January 28, 2021, 3:52 pm
txn_1IEL72Jm8ehcCWGIOKvBjsdi - 8994163585187156 - January 28, 2021, 3:52 pm
txn_1IEQJcJm8ehcCWGIzgzhx6eK - 8994163585291150 - January 28, 2021, 3:52 pm
txn_1IELqtJm8ehcCWGINi9FiN71 - 8994163585872151 - January 28, 2021, 3:52 pm
txn_1IEh73Jm8ehcCWGI5axF94yu - 8994163584523153 - January 28, 2021, 3:53 pm
txn_1IEOzaJm8ehcCWGI4j0gJVRA - 8994163585011154 - January 28, 2021, 3:53 pm
2021Influencer259 - 8994163584512157 - January 28, 2021, 3:53 pm
2021Influencer247 - 8994163584807154 - January 28, 2021, 3:53 pm
txn_1IEgTXJm8ehcCWGIR54SgYu2 - 8994163584395156 - January 28, 2021, 3:53 pm
txn_1IERIiJm8ehcCWGI7ilGrJsd - 8994163584806157 - January 28, 2021, 3:53 pm
txn_1IEPTBJm8ehcCWGISKhnczrX - 8994163584396153 - January 28, 2021, 3:53 pm
2021Influencer253 - 8994163584394159 - January 28, 2021, 3:53 pm
2021Influencer258 - 8994163584797158 - January 28, 2021, 3:53 pm
2021Influencer246 - 8994163584388158 - January 28, 2021, 3:53 pm
txn_1IEPlCJm8ehcCWGIFsaiyjFy - 8994163584385157 - January 28, 2021, 3:53 pm
txn_1IEgdIJm8ehcCWGIOmLfBNer - 8994163584384150 - January 28, 2021, 3:53 pm
txn_1IESuYJm8ehcCWGIgu0uctN1 - 8994163584382156 - January 28, 2021, 3:53 pm
2021Influencer252 - 8994163584794157 - January 28, 2021, 3:53 pm
2021Influencer257 - 8994163584371150 - January 28, 2021, 3:53 pm
2021Influencer245 - 8994163584781157 - January 28, 2021, 3:53 pm
txn_1IEPzPJm8ehcCWGIRD2BjmI0 - 8994163584373154 - January 28, 2021, 3:53 pm
txn_1IEgiYJm8ehcCWGIBNguzC8d - 8994163584782154 - January 28, 2021, 3:53 pm
txn_1IEcJ7Jm8ehcCWGIHrGdUT5x - 8994163584372157 - January 28, 2021, 3:53 pm
2021Influencer251 - 8994163584370153 - January 28, 2021, 3:53 pm
txn_1IEMOTJm8ehcCWGIMFMgwcL6 - 8994163585252151 - January 28, 2021, 3:53 pm
txn_1IENRbJm8ehcCWGIuwY8eJ6b - 8994163585155155 - January 28, 2021, 3:53 pm
2021Influencer248 - 8994163585188153 - January 28, 2021, 3:53 pm
2021Influencer256 - 8994163585346157 - January 28, 2021, 3:53 pm
txn_1IEQV6Jm8ehcCWGIsyiPcYjI - 8994163585345150 - January 28, 2021, 3:53 pm
txn_1IELuXJm8ehcCWGI7NPFLzi7 - 8994163585431150 - January 28, 2021, 3:53 pm
txn_1IEeVKJm8ehcCWGIlEKpDp0E - 8994163585334154 - January 28, 2021, 3:53 pm
2021Influencer255 - 8994163585335151 - January 28, 2021, 3:53 pm
txn_1IEOpqJm8ehcCWGILLCrvwBa - 8994163585418151 - January 28, 2021, 3:53 pm
2021Influencer254 - 8994163585414153 - January 28, 2021, 3:53 pm
txn_1IEenoJm8ehcCWGI0e1UX4YW - 8994163585626150 - January 28, 2021, 3:53 pm
txn_1IEOsFJm8ehcCWGITabF0qQO - 8994163585406158 - January 28, 2021, 3:53 pm
txn_1IEeoVJm8ehcCWGIvYVUhtdC - 8994163585405151 - January 28, 2021, 3:53 pm
2021Influencer250 - 8994163585311155 - January 28, 2021, 3:53 pm
txn_1IEQCZJm8ehcCWGIzdKcFKiI - 8994163585303150 - January 28, 2021, 3:53 pm
txn_1IEgigJm8ehcCWGIuljY2Q94 - 8994163585400156 - January 28, 2021, 3:53 pm
2021Influencer249 - 8994163585302153 - January 28, 2021, 3:53 pm
txn_1IEgpSJm8ehcCWGImqDvwKiP - 8994163585189150 - January 28, 2021, 3:53 pm
txn_1IEL72Jm8ehcCWGIOKvBjsdi - 8994163585187156 - January 28, 2021, 3:53 pm
txn_1IEQJcJm8ehcCWGIzgzhx6eK - 8994163585291150 - January 28, 2021, 3:53 pm
txn_1IELqtJm8ehcCWGINi9FiN71 - 8994163585872151 - January 28, 2021, 3:53 pm
