txn_1HZhsHJm8ehcCWGIgOZ6GhPd - 8994163365365637 - October 8, 2020, 3:08 pm
txn_1HZkgxJm8ehcCWGI6uVy7Z3P - 8994163365360632 - October 8, 2020, 3:08 pm
txn_1HZlANJm8ehcCWGIPoq6y0VB - 8994163364797637 - October 8, 2020, 3:08 pm
txn_1HZpSqJm8ehcCWGIeO1mxdQY - 8994163365428639 - October 8, 2020, 3:08 pm
txn_1Ha3KGJm8ehcCWGIMTesIGUc - 8994163365418630 - October 8, 2020, 3:08 pm
txn_1Ha2U4Jm8ehcCWGIJV1vcmyL - 8994163365337634 - October 8, 2020, 3:08 pm
txn_1Ha4IuJm8ehcCWGI9v68jTOe - 8994163364789632 - October 8, 2020, 3:08 pm
txn_1Ha2bBJm8ehcCWGINGunVdkU - 8994163365417633 - October 8, 2020, 3:08 pm
txn_1Ha1BkJm8ehcCWGIEJQLCy3Q - 8994163364788635 - October 8, 2020, 3:08 pm
txn_1Ha1xeJm8ehcCWGIq0ZpG8Gd - 8994163365338631 - October 8, 2020, 3:08 pm
Influencer168 - 8994163450937633 - October 8, 2020, 11:13 pm
Influencer176 - 8994163450936636 - October 8, 2020, 11:13 pm
Influencer159 - 8994163450361636 - October 8, 2020, 11:13 pm
Influencer171 - 8994163450360639 - October 8, 2020, 11:13 pm
Influencer162 - 8994163450359633 - October 8, 2020, 11:13 pm
Influencer179 - 8994163450740639 - October 8, 2020, 11:13 pm
Influencer167 - 8994163450934632 - October 8, 2020, 11:13 pm
Influencer175 - 8994163450933635 - October 8, 2020, 11:13 pm
Influencer158 - 8994163450932638 - October 8, 2020, 11:13 pm
Influencer170 - 8994163450357639 - October 8, 2020, 11:13 pm
Influencer161 - 8994163450356632 - October 8, 2020, 11:13 pm
Influencer166 - 8994163450931631 - October 8, 2020, 11:13 pm
Influencer178 - 8994163450930634 - October 8, 2020, 11:13 pm
Influencer174 - 8994163450929638 - October 8, 2020, 11:13 pm
Influencer157 - 8994163450739633 - October 8, 2020, 11:13 pm
Influencer169 - 8994163450738636 - October 8, 2020, 11:13 pm
Influencer160 - 8994163450927634 - October 8, 2020, 11:13 pm
Influencer165 - 8994163450352634 - October 8, 2020, 11:13 pm
Influencer177 - 8994163450737639 - October 8, 2020, 11:13 pm
Influencer173 - 8994163450928631 - October 8, 2020, 11:13 pm
Influencer156 - 8994163450353631 - October 8, 2020, 11:13 pm
Influencer168 - 8994163450937633 - October 8, 2020, 11:13 pm
Influencer176 - 8994163450936636 - October 8, 2020, 11:13 pm
Influencer159 - 8994163450361636 - October 8, 2020, 11:13 pm
Influencer171 - 8994163450360639 - October 8, 2020, 11:13 pm
Influencer162 - 8994163450359633 - October 8, 2020, 11:13 pm
Influencer179 - 8994163450740639 - October 8, 2020, 11:13 pm
Influencer167 - 8994163450934632 - October 8, 2020, 11:13 pm
Influencer175 - 8994163450933635 - October 8, 2020, 11:13 pm
Influencer158 - 8994163450932638 - October 8, 2020, 11:13 pm
Influencer170 - 8994163450357639 - October 8, 2020, 11:13 pm
Influencer161 - 8994163450356632 - October 8, 2020, 11:13 pm
Influencer166 - 8994163450931631 - October 8, 2020, 11:13 pm
Influencer178 - 8994163450930634 - October 8, 2020, 11:13 pm
Influencer174 - 8994163450929638 - October 8, 2020, 11:13 pm
Influencer157 - 8994163450739633 - October 8, 2020, 11:13 pm
Influencer169 - 8994163450738636 - October 8, 2020, 11:13 pm
Influencer160 - 8994163450927634 - October 8, 2020, 11:13 pm
Influencer165 - 8994163450352634 - October 8, 2020, 11:13 pm
Influencer177 - 8994163450737639 - October 8, 2020, 11:13 pm
Influencer173 - 8994163450928631 - October 8, 2020, 11:13 pm
Influencer156 - 8994163450353631 - October 8, 2020, 11:13 pm
Influencer168 - 8994163450937633 - October 8, 2020, 11:13 pm
Influencer176 - 8994163450936636 - October 8, 2020, 11:13 pm
Influencer159 - 8994163450361636 - October 8, 2020, 11:13 pm
Influencer171 - 8994163450360639 - October 8, 2020, 11:13 pm
Influencer162 - 8994163450359633 - October 8, 2020, 11:13 pm
Influencer179 - 8994163450740639 - October 8, 2020, 11:13 pm
Influencer167 - 8994163450934632 - October 8, 2020, 11:13 pm
Influencer175 - 8994163450933635 - October 8, 2020, 11:13 pm
Influencer158 - 8994163450932638 - October 8, 2020, 11:13 pm
Influencer170 - 8994163450357639 - October 8, 2020, 11:13 pm
Influencer161 - 8994163450356632 - October 8, 2020, 11:13 pm
Influencer166 - 8994163450931631 - October 8, 2020, 11:13 pm
Influencer178 - 8994163450930634 - October 8, 2020, 11:13 pm
Influencer174 - 8994163450929638 - October 8, 2020, 11:13 pm
Influencer157 - 8994163450739633 - October 8, 2020, 11:13 pm
Influencer169 - 8994163450738636 - October 8, 2020, 11:13 pm
Influencer160 - 8994163450927634 - October 8, 2020, 11:13 pm
Influencer165 - 8994163450352634 - October 8, 2020, 11:13 pm
Influencer177 - 8994163450737639 - October 8, 2020, 11:13 pm
Influencer173 - 8994163450928631 - October 8, 2020, 11:13 pm
Influencer156 - 8994163450353631 - October 8, 2020, 11:13 pm
Influencer168 - 8994163450937633 - October 8, 2020, 11:13 pm
Influencer176 - 8994163450936636 - October 8, 2020, 11:13 pm
Influencer159 - 8994163450361636 - October 8, 2020, 11:13 pm
Influencer171 - 8994163450360639 - October 8, 2020, 11:13 pm
Influencer162 - 8994163450359633 - October 8, 2020, 11:13 pm
Influencer179 - 8994163450740639 - October 8, 2020, 11:13 pm
Influencer167 - 8994163450934632 - October 8, 2020, 11:13 pm
Influencer175 - 8994163450933635 - October 8, 2020, 11:13 pm
Influencer158 - 8994163450932638 - October 8, 2020, 11:13 pm
Influencer170 - 8994163450357639 - October 8, 2020, 11:13 pm
Influencer161 - 8994163450356632 - October 8, 2020, 11:13 pm
Influencer166 - 8994163450931631 - October 8, 2020, 11:13 pm
Influencer178 - 8994163450930634 - October 8, 2020, 11:13 pm
Influencer174 - 8994163450929638 - October 8, 2020, 11:13 pm
Influencer157 - 8994163450739633 - October 8, 2020, 11:13 pm
Influencer169 - 8994163450738636 - October 8, 2020, 11:13 pm
Influencer160 - 8994163450927634 - October 8, 2020, 11:13 pm
Influencer165 - 8994163450352634 - October 8, 2020, 11:13 pm
Influencer177 - 8994163450737639 - October 8, 2020, 11:13 pm
Influencer173 - 8994163450928631 - October 8, 2020, 11:13 pm
Influencer156 - 8994163450353631 - October 8, 2020, 11:13 pm
Influencer168 - 8994163450937633 - October 8, 2020, 11:13 pm
Influencer176 - 8994163450936636 - October 8, 2020, 11:13 pm
Influencer159 - 8994163450361636 - October 8, 2020, 11:13 pm
Influencer171 - 8994163450360639 - October 8, 2020, 11:13 pm
Influencer162 - 8994163450359633 - October 8, 2020, 11:13 pm
Influencer179 - 8994163450740639 - October 8, 2020, 11:13 pm
Influencer167 - 8994163450934632 - October 8, 2020, 11:13 pm
Influencer175 - 8994163450933635 - October 8, 2020, 11:13 pm
Influencer158 - 8994163450932638 - October 8, 2020, 11:13 pm
Influencer170 - 8994163450357639 - October 8, 2020, 11:13 pm
Influencer161 - 8994163450356632 - October 8, 2020, 11:13 pm
Influencer166 - 8994163450931631 - October 8, 2020, 11:13 pm
Influencer178 - 8994163450930634 - October 8, 2020, 11:13 pm
Influencer174 - 8994163450929638 - October 8, 2020, 11:13 pm
Influencer157 - 8994163450739633 - October 8, 2020, 11:13 pm
Influencer169 - 8994163450738636 - October 8, 2020, 11:13 pm
Influencer160 - 8994163450927634 - October 8, 2020, 11:13 pm
Influencer165 - 8994163450352634 - October 8, 2020, 11:13 pm
Influencer177 - 8994163450737639 - October 8, 2020, 11:13 pm
Influencer173 - 8994163450928631 - October 8, 2020, 11:13 pm
Influencer156 - 8994163450353631 - October 8, 2020, 11:13 pm
Influencer168 - 8994163450937633 - October 8, 2020, 11:14 pm
Influencer176 - 8994163450936636 - October 8, 2020, 11:14 pm
Influencer159 - 8994163450361636 - October 8, 2020, 11:14 pm
Influencer171 - 8994163450360639 - October 8, 2020, 11:14 pm
Influencer162 - 8994163450359633 - October 8, 2020, 11:14 pm
Influencer179 - 8994163450740639 - October 8, 2020, 11:14 pm
Influencer167 - 8994163450934632 - October 8, 2020, 11:14 pm
Influencer175 - 8994163450933635 - October 8, 2020, 11:14 pm
Influencer158 - 8994163450932638 - October 8, 2020, 11:14 pm
Influencer170 - 8994163450357639 - October 8, 2020, 11:14 pm
Influencer161 - 8994163450356632 - October 8, 2020, 11:14 pm
Influencer166 - 8994163450931631 - October 8, 2020, 11:14 pm
Influencer178 - 8994163450930634 - October 8, 2020, 11:14 pm
Influencer174 - 8994163450929638 - October 8, 2020, 11:14 pm
Influencer157 - 8994163450739633 - October 8, 2020, 11:14 pm
Influencer169 - 8994163450738636 - October 8, 2020, 11:14 pm
Influencer160 - 8994163450927634 - October 8, 2020, 11:14 pm
Influencer165 - 8994163450352634 - October 8, 2020, 11:14 pm
Influencer177 - 8994163450737639 - October 8, 2020, 11:14 pm
Influencer173 - 8994163450928631 - October 8, 2020, 11:14 pm
Influencer156 - 8994163450353631 - October 8, 2020, 11:14 pm
Influencer164 - 8994163450373639 - October 8, 2020, 11:14 pm
Influencer180 - 8994163450376630 - October 8, 2020, 11:14 pm
Influencer172 - 8994163450375633 - October 8, 2020, 11:14 pm
Influencer182 - 8994163450955637 - October 8, 2020, 11:14 pm
Influencer168 - 8994163450937633 - October 8, 2020, 11:14 pm
Influencer176 - 8994163450936636 - October 8, 2020, 11:14 pm
Influencer159 - 8994163450361636 - October 8, 2020, 11:14 pm
Influencer171 - 8994163450360639 - October 8, 2020, 11:14 pm
Influencer162 - 8994163450359633 - October 8, 2020, 11:14 pm
Influencer179 - 8994163450740639 - October 8, 2020, 11:14 pm
Influencer167 - 8994163450934632 - October 8, 2020, 11:14 pm
Influencer175 - 8994163450933635 - October 8, 2020, 11:14 pm
Influencer158 - 8994163450932638 - October 8, 2020, 11:14 pm
Influencer170 - 8994163450357639 - October 8, 2020, 11:14 pm
Influencer161 - 8994163450356632 - October 8, 2020, 11:14 pm
Influencer166 - 8994163450931631 - October 8, 2020, 11:14 pm
Influencer178 - 8994163450930634 - October 8, 2020, 11:14 pm
Influencer174 - 8994163450929638 - October 8, 2020, 11:14 pm
Influencer157 - 8994163450739633 - October 8, 2020, 11:14 pm
Influencer169 - 8994163450738636 - October 8, 2020, 11:14 pm
Influencer160 - 8994163450927634 - October 8, 2020, 11:14 pm
Influencer165 - 8994163450352634 - October 8, 2020, 11:14 pm
Influencer177 - 8994163450737639 - October 8, 2020, 11:14 pm
Influencer173 - 8994163450928631 - October 8, 2020, 11:14 pm
Influencer156 - 8994163450353631 - October 8, 2020, 11:14 pm
Influencer164 - 8994163450373639 - October 8, 2020, 11:14 pm
Influencer181 - 8994163450744637 - October 8, 2020, 11:14 pm
Influencer180 - 8994163450376630 - October 8, 2020, 11:14 pm
Influencer172 - 8994163450375633 - October 8, 2020, 11:14 pm
Influencer182 - 8994163450955637 - October 8, 2020, 11:14 pm
Influencer168 - 8994163450937633 - October 8, 2020, 11:14 pm
Influencer176 - 8994163450936636 - October 8, 2020, 11:14 pm
Influencer159 - 8994163450361636 - October 8, 2020, 11:14 pm
Influencer171 - 8994163450360639 - October 8, 2020, 11:14 pm
Influencer162 - 8994163450359633 - October 8, 2020, 11:14 pm
Influencer179 - 8994163450740639 - October 8, 2020, 11:14 pm
Influencer167 - 8994163450934632 - October 8, 2020, 11:14 pm
Influencer175 - 8994163450933635 - October 8, 2020, 11:14 pm
Influencer158 - 8994163450932638 - October 8, 2020, 11:14 pm
Influencer170 - 8994163450357639 - October 8, 2020, 11:14 pm
Influencer161 - 8994163450356632 - October 8, 2020, 11:14 pm
Influencer166 - 8994163450931631 - October 8, 2020, 11:14 pm
Influencer178 - 8994163450930634 - October 8, 2020, 11:14 pm
Influencer174 - 8994163450929638 - October 8, 2020, 11:14 pm
Influencer157 - 8994163450739633 - October 8, 2020, 11:14 pm
Influencer169 - 8994163450738636 - October 8, 2020, 11:14 pm
Influencer160 - 8994163450927634 - October 8, 2020, 11:14 pm
Influencer165 - 8994163450352634 - October 8, 2020, 11:14 pm
Influencer177 - 8994163450737639 - October 8, 2020, 11:14 pm
Influencer173 - 8994163450928631 - October 8, 2020, 11:14 pm
Influencer156 - 8994163450353631 - October 8, 2020, 11:14 pm
Influencer164 - 8994163450373639 - October 8, 2020, 11:14 pm
Influencer181 - 8994163450744637 - October 8, 2020, 11:14 pm
Influencer180 - 8994163450376630 - October 8, 2020, 11:14 pm
Influencer172 - 8994163450375633 - October 8, 2020, 11:14 pm
Influencer182 - 8994163450955637 - October 8, 2020, 11:14 pm
