txn_1IHG0QJm8ehcCWGIwloKkCQB - 8994163984902176 - February 5, 2021, 2:33 pm
txn_1IHGmTJm8ehcCWGIuPe3EUHx - 8994163985025171 - February 5, 2021, 2:33 pm
txn_1IHHc5Jm8ehcCWGI38vUEFmn - 8994163984759176 - February 5, 2021, 2:33 pm
txn_1IHWIEJm8ehcCWGIY8CF8VA6 - 8994163984757172 - February 5, 2021, 2:33 pm
4e613b92-d611-712b-8c40-27b6b20b1475 - 8994163984754171 - February 5, 2021, 2:33 pm
txn_1IHLYNJm8ehcCWGIlon7Sn47 - 8994163984878174 - February 5, 2021, 2:33 pm
txn_1IHZB7Jm8ehcCWGIJL5cLUGh - 8994163984755178 - February 5, 2021, 2:33 pm
txn_1IHZjCJm8ehcCWGI8egDFvww - 8994163984753174 - February 5, 2021, 2:33 pm
txn_1IHKSCJm8ehcCWGIF0IBde52 - 8994163985002172 - February 5, 2021, 2:33 pm
txn_1IHYUAJm8ehcCWGIkn54SB7n - 8994163984868175 - February 5, 2021, 2:33 pm
txn_1IHMWXJm8ehcCWGIR8I66Uaz - 8994163985000178 - February 5, 2021, 2:33 pm
txn_1IHZRqJm8ehcCWGIjUklOjp5 - 8994163984867178 - February 5, 2021, 2:33 pm
5735e804-882e-e08f-d4f9-d86cbb7e7c65 - 8994163984599178 - February 5, 2021, 2:33 pm
txn_1IHZmoJm8ehcCWGIrtd71ef5 - 8994163984739178 - February 5, 2021, 2:33 pm
txn_1IHL5gJm8ehcCWGIT3XiIcvq - 8994163984732179 - February 5, 2021, 2:33 pm
txn_1IHUGTJm8ehcCWGIUVDoKyVQ - 8994163984588172 - February 5, 2021, 2:33 pm
txn_1IHZ9CJm8ehcCWGIwuYPzETB - 8994163984729179 - February 5, 2021, 2:33 pm
c8c7e62d-b903-a7bc-d54d-d5cff72fc108 - 8994163984585171 - February 5, 2021, 2:33 pm
txn_1IHZbbJm8ehcCWGIRYQuLub1 - 8994163984853171 - February 5, 2021, 2:33 pm
edb8c76a-3466-5805-3afc-705b75c39884 - 8994163984852174 - February 5, 2021, 2:33 pm
txn_1IHG0QJm8ehcCWGIwloKkCQB - 8994163984902176 - February 5, 2021, 2:34 pm
txn_1IHGmTJm8ehcCWGIuPe3EUHx - 8994163985025171 - February 5, 2021, 2:34 pm
txn_1IHHc5Jm8ehcCWGI38vUEFmn - 8994163984759176 - February 5, 2021, 2:34 pm
txn_1IHWIEJm8ehcCWGIY8CF8VA6 - 8994163984757172 - February 5, 2021, 2:34 pm
4e613b92-d611-712b-8c40-27b6b20b1475 - 8994163984754171 - February 5, 2021, 2:34 pm
txn_1IHLYNJm8ehcCWGIlon7Sn47 - 8994163984878174 - February 5, 2021, 2:34 pm
txn_1IHZB7Jm8ehcCWGIJL5cLUGh - 8994163984755178 - February 5, 2021, 2:34 pm
txn_1IHZjCJm8ehcCWGI8egDFvww - 8994163984753174 - February 5, 2021, 2:34 pm
txn_1IHKSCJm8ehcCWGIF0IBde52 - 8994163985002172 - February 5, 2021, 2:34 pm
txn_1IHYUAJm8ehcCWGIkn54SB7n - 8994163984868175 - February 5, 2021, 2:34 pm
txn_1IHMWXJm8ehcCWGIR8I66Uaz - 8994163985000178 - February 5, 2021, 2:34 pm
txn_1IHZRqJm8ehcCWGIjUklOjp5 - 8994163984867178 - February 5, 2021, 2:34 pm
5735e804-882e-e08f-d4f9-d86cbb7e7c65 - 8994163984599178 - February 5, 2021, 2:34 pm
txn_1IHZmoJm8ehcCWGIrtd71ef5 - 8994163984739178 - February 5, 2021, 2:34 pm
txn_1IHL5gJm8ehcCWGIT3XiIcvq - 8994163984732179 - February 5, 2021, 2:34 pm
txn_1IHUGTJm8ehcCWGIUVDoKyVQ - 8994163984588172 - February 5, 2021, 2:34 pm
txn_1IHZ9CJm8ehcCWGIwuYPzETB - 8994163984729179 - February 5, 2021, 2:34 pm
c8c7e62d-b903-a7bc-d54d-d5cff72fc108 - 8994163984585171 - February 5, 2021, 2:34 pm
txn_1IHZbbJm8ehcCWGIRYQuLub1 - 8994163984853171 - February 5, 2021, 2:34 pm
edb8c76a-3466-5805-3afc-705b75c39884 - 8994163984852174 - February 5, 2021, 2:34 pm
txn_1IHG0QJm8ehcCWGIwloKkCQB - 8994163984902176 - February 5, 2021, 2:34 pm
txn_1IHGmTJm8ehcCWGIuPe3EUHx - 8994163985025171 - February 5, 2021, 2:34 pm
txn_1IHHc5Jm8ehcCWGI38vUEFmn - 8994163984759176 - February 5, 2021, 2:34 pm
txn_1IHWIEJm8ehcCWGIY8CF8VA6 - 8994163984757172 - February 5, 2021, 2:34 pm
4e613b92-d611-712b-8c40-27b6b20b1475 - 8994163984754171 - February 5, 2021, 2:34 pm
txn_1IHLYNJm8ehcCWGIlon7Sn47 - 8994163984878174 - February 5, 2021, 2:34 pm
txn_1IHZB7Jm8ehcCWGIJL5cLUGh - 8994163984755178 - February 5, 2021, 2:34 pm
txn_1IHZjCJm8ehcCWGI8egDFvww - 8994163984753174 - February 5, 2021, 2:34 pm
txn_1IHKSCJm8ehcCWGIF0IBde52 - 8994163985002172 - February 5, 2021, 2:34 pm
txn_1IHYUAJm8ehcCWGIkn54SB7n - 8994163984868175 - February 5, 2021, 2:34 pm
txn_1IHMWXJm8ehcCWGIR8I66Uaz - 8994163985000178 - February 5, 2021, 2:34 pm
txn_1IHZRqJm8ehcCWGIjUklOjp5 - 8994163984867178 - February 5, 2021, 2:34 pm
5735e804-882e-e08f-d4f9-d86cbb7e7c65 - 8994163984599178 - February 5, 2021, 2:34 pm
txn_1IHZmoJm8ehcCWGIrtd71ef5 - 8994163984739178 - February 5, 2021, 2:34 pm
txn_1IHL5gJm8ehcCWGIT3XiIcvq - 8994163984732179 - February 5, 2021, 2:34 pm
txn_1IHUGTJm8ehcCWGIUVDoKyVQ - 8994163984588172 - February 5, 2021, 2:34 pm
txn_1IHZ9CJm8ehcCWGIwuYPzETB - 8994163984729179 - February 5, 2021, 2:34 pm
c8c7e62d-b903-a7bc-d54d-d5cff72fc108 - 8994163984585171 - February 5, 2021, 2:34 pm
txn_1IHZbbJm8ehcCWGIRYQuLub1 - 8994163984853171 - February 5, 2021, 2:34 pm
edb8c76a-3466-5805-3afc-705b75c39884 - 8994163984852174 - February 5, 2021, 2:34 pm
txn_1IHG0QJm8ehcCWGIwloKkCQB - 8994163984902176 - February 5, 2021, 2:34 pm
txn_1IHGmTJm8ehcCWGIuPe3EUHx - 8994163985025171 - February 5, 2021, 2:34 pm
txn_1IHHc5Jm8ehcCWGI38vUEFmn - 8994163984759176 - February 5, 2021, 2:34 pm
txn_1IHWIEJm8ehcCWGIY8CF8VA6 - 8994163984757172 - February 5, 2021, 2:34 pm
4e613b92-d611-712b-8c40-27b6b20b1475 - 8994163984754171 - February 5, 2021, 2:34 pm
txn_1IHLYNJm8ehcCWGIlon7Sn47 - 8994163984878174 - February 5, 2021, 2:34 pm
txn_1IHZB7Jm8ehcCWGIJL5cLUGh - 8994163984755178 - February 5, 2021, 2:34 pm
txn_1IHZjCJm8ehcCWGI8egDFvww - 8994163984753174 - February 5, 2021, 2:34 pm
txn_1IHKSCJm8ehcCWGIF0IBde52 - 8994163985002172 - February 5, 2021, 2:34 pm
txn_1IHYUAJm8ehcCWGIkn54SB7n - 8994163984868175 - February 5, 2021, 2:34 pm
txn_1IHMWXJm8ehcCWGIR8I66Uaz - 8994163985000178 - February 5, 2021, 2:34 pm
txn_1IHZRqJm8ehcCWGIjUklOjp5 - 8994163984867178 - February 5, 2021, 2:34 pm
5735e804-882e-e08f-d4f9-d86cbb7e7c65 - 8994163984599178 - February 5, 2021, 2:34 pm
txn_1IHZmoJm8ehcCWGIrtd71ef5 - 8994163984739178 - February 5, 2021, 2:34 pm
txn_1IHL5gJm8ehcCWGIT3XiIcvq - 8994163984732179 - February 5, 2021, 2:34 pm
txn_1IHUGTJm8ehcCWGIUVDoKyVQ - 8994163984588172 - February 5, 2021, 2:34 pm
txn_1IHZ9CJm8ehcCWGIwuYPzETB - 8994163984729179 - February 5, 2021, 2:34 pm
c8c7e62d-b903-a7bc-d54d-d5cff72fc108 - 8994163984585171 - February 5, 2021, 2:34 pm
txn_1IHZbbJm8ehcCWGIRYQuLub1 - 8994163984853171 - February 5, 2021, 2:34 pm
edb8c76a-3466-5805-3afc-705b75c39884 - 8994163984852174 - February 5, 2021, 2:34 pm
txn_1IHG0QJm8ehcCWGIwloKkCQB - 8994163984902176 - February 5, 2021, 2:34 pm
txn_1IHGmTJm8ehcCWGIuPe3EUHx - 8994163985025171 - February 5, 2021, 2:34 pm
txn_1IHHc5Jm8ehcCWGI38vUEFmn - 8994163984759176 - February 5, 2021, 2:34 pm
txn_1IHWIEJm8ehcCWGIY8CF8VA6 - 8994163984757172 - February 5, 2021, 2:34 pm
4e613b92-d611-712b-8c40-27b6b20b1475 - 8994163984754171 - February 5, 2021, 2:34 pm
txn_1IHLYNJm8ehcCWGIlon7Sn47 - 8994163984878174 - February 5, 2021, 2:34 pm
txn_1IHZB7Jm8ehcCWGIJL5cLUGh - 8994163984755178 - February 5, 2021, 2:34 pm
txn_1IHZjCJm8ehcCWGI8egDFvww - 8994163984753174 - February 5, 2021, 2:34 pm
txn_1IHKSCJm8ehcCWGIF0IBde52 - 8994163985002172 - February 5, 2021, 2:34 pm
txn_1IHYUAJm8ehcCWGIkn54SB7n - 8994163984868175 - February 5, 2021, 2:34 pm
txn_1IHMWXJm8ehcCWGIR8I66Uaz - 8994163985000178 - February 5, 2021, 2:34 pm
txn_1IHZRqJm8ehcCWGIjUklOjp5 - 8994163984867178 - February 5, 2021, 2:34 pm
5735e804-882e-e08f-d4f9-d86cbb7e7c65 - 8994163984599178 - February 5, 2021, 2:34 pm
txn_1IHZmoJm8ehcCWGIrtd71ef5 - 8994163984739178 - February 5, 2021, 2:34 pm
txn_1IHL5gJm8ehcCWGIT3XiIcvq - 8994163984732179 - February 5, 2021, 2:34 pm
txn_1IHUGTJm8ehcCWGIUVDoKyVQ - 8994163984588172 - February 5, 2021, 2:34 pm
txn_1IHZ9CJm8ehcCWGIwuYPzETB - 8994163984729179 - February 5, 2021, 2:34 pm
c8c7e62d-b903-a7bc-d54d-d5cff72fc108 - 8994163984585171 - February 5, 2021, 2:34 pm
txn_1IHZbbJm8ehcCWGIRYQuLub1 - 8994163984853171 - February 5, 2021, 2:34 pm
edb8c76a-3466-5805-3afc-705b75c39884 - 8994163984852174 - February 5, 2021, 2:34 pm
txn_1IHFVUJm8ehcCWGImF6YEmXW - 8994163985169172 - February 5, 2021, 2:34 pm
txn_1IHFeaJm8ehcCWGIwuh8iFTt - 8994163985159173 - February 5, 2021, 2:34 pm
