Influencer303 - 8994163504614848 - December 9, 2020, 2:23 pm
txn_1HwCuiJm8ehcCWGI2EoVUAB3 - 8994163504519846 - December 9, 2020, 2:23 pm
txn_1HwJsjJm8ehcCWGIARba3Pin - 8994163504518849 - December 9, 2020, 2:23 pm
txn_1HwFhCJm8ehcCWGIiG0qGvRk - 8994163504672848 - December 9, 2020, 2:23 pm
txn_1HwDs5Jm8ehcCWGIHBOwX7Ew - 8994163504865844 - December 9, 2020, 2:23 pm
txn_1HwUnHJm8ehcCWGI8u70lvbr - 8994163504851847 - December 9, 2020, 2:23 pm
txn_1HwCvjJm8ehcCWGIYStWoZzJ - 8994163504655841 - December 9, 2020, 2:23 pm
txn_1HwWMxJm8ehcCWGI8KcQ8Rqw - 8994163504654844 - December 9, 2020, 2:23 pm
txn_1HwKFIJm8ehcCWGIciaVQNsx - 8994163504653847 - December 9, 2020, 2:23 pm
txn_1HwFldJm8ehcCWGIcKJ5KxAf - 8994163504497847 - December 9, 2020, 2:23 pm
txn_1HwDzhJm8ehcCWGIRbxJnWQy - 8994163504849844 - December 9, 2020, 2:23 pm
txn_1HwD4uJm8ehcCWGI2G5Xq7E5 - 8994163504835847 - December 9, 2020, 2:23 pm
txn_1HwV2pJm8ehcCWGIWskLSeT5 - 8994163504636840 - December 9, 2020, 2:23 pm
txn_1HwXuNJm8ehcCWGIJ0SQ4pRd - 8994163504484847 - December 9, 2020, 2:23 pm
txn_1HwKKIJm8ehcCWGINykylJ2x - 8994163504483840 - December 9, 2020, 2:23 pm
txn_1HwE7fJm8ehcCWGIhcohrGwR - 8994163504635843 - December 9, 2020, 2:23 pm
txn_1HwIg5Jm8ehcCWGIO02TBYPS - 8994163504637847 - December 9, 2020, 2:23 pm
txn_1HwJRKJm8ehcCWGIhC7EkReE - 8994163504469844 - December 9, 2020, 2:23 pm
txn_1HwDaJJm8ehcCWGI4nw8fdoX - 8994163504466843 - December 9, 2020, 2:23 pm
txn_1HwKx0Jm8ehcCWGIyX3D9ox4 - 8994163504467840 - December 9, 2020, 2:23 pm
txn_1HwVMqJm8ehcCWGI9IgfOEBR - 8994163504803846 - December 9, 2020, 2:23 pm
txn_1HwFF6Jm8ehcCWGIeAQZk8rx - 8994163504804843 - December 9, 2020, 2:23 pm
Influencer303 - 8994163504614848 - December 9, 2020, 2:23 pm
txn_1HwCuiJm8ehcCWGI2EoVUAB3 - 8994163504519846 - December 9, 2020, 2:23 pm
txn_1HwJsjJm8ehcCWGIARba3Pin - 8994163504518849 - December 9, 2020, 2:23 pm
txn_1HwFhCJm8ehcCWGIiG0qGvRk - 8994163504672848 - December 9, 2020, 2:23 pm
txn_1HwDs5Jm8ehcCWGIHBOwX7Ew - 8994163504865844 - December 9, 2020, 2:23 pm
txn_1HwUnHJm8ehcCWGI8u70lvbr - 8994163504851847 - December 9, 2020, 2:23 pm
txn_1HwCvjJm8ehcCWGIYStWoZzJ - 8994163504655841 - December 9, 2020, 2:23 pm
txn_1HwWMxJm8ehcCWGI8KcQ8Rqw - 8994163504654844 - December 9, 2020, 2:23 pm
txn_1HwKFIJm8ehcCWGIciaVQNsx - 8994163504653847 - December 9, 2020, 2:23 pm
txn_1HwFldJm8ehcCWGIcKJ5KxAf - 8994163504497847 - December 9, 2020, 2:23 pm
txn_1HwDzhJm8ehcCWGIRbxJnWQy - 8994163504849844 - December 9, 2020, 2:23 pm
txn_1HwD4uJm8ehcCWGI2G5Xq7E5 - 8994163504835847 - December 9, 2020, 2:23 pm
txn_1HwV2pJm8ehcCWGIWskLSeT5 - 8994163504636840 - December 9, 2020, 2:23 pm
txn_1HwXuNJm8ehcCWGIJ0SQ4pRd - 8994163504484847 - December 9, 2020, 2:23 pm
txn_1HwKKIJm8ehcCWGINykylJ2x - 8994163504483840 - December 9, 2020, 2:23 pm
txn_1HwE7fJm8ehcCWGIhcohrGwR - 8994163504635843 - December 9, 2020, 2:23 pm
txn_1HwIg5Jm8ehcCWGIO02TBYPS - 8994163504637847 - December 9, 2020, 2:23 pm
txn_1HwJRKJm8ehcCWGIhC7EkReE - 8994163504469844 - December 9, 2020, 2:23 pm
txn_1HwDaJJm8ehcCWGI4nw8fdoX - 8994163504466843 - December 9, 2020, 2:23 pm
txn_1HwKx0Jm8ehcCWGIyX3D9ox4 - 8994163504467840 - December 9, 2020, 2:23 pm
txn_1HwVMqJm8ehcCWGI9IgfOEBR - 8994163504803846 - December 9, 2020, 2:23 pm
txn_1HwFF6Jm8ehcCWGIeAQZk8rx - 8994163504804843 - December 9, 2020, 2:23 pm
Influencer303 - 8994163504614848 - December 9, 2020, 2:23 pm
txn_1HwCuiJm8ehcCWGI2EoVUAB3 - 8994163504519846 - December 9, 2020, 2:23 pm
txn_1HwJsjJm8ehcCWGIARba3Pin - 8994163504518849 - December 9, 2020, 2:23 pm
txn_1HwFhCJm8ehcCWGIiG0qGvRk - 8994163504672848 - December 9, 2020, 2:23 pm
txn_1HwDs5Jm8ehcCWGIHBOwX7Ew - 8994163504865844 - December 9, 2020, 2:23 pm
txn_1HwUnHJm8ehcCWGI8u70lvbr - 8994163504851847 - December 9, 2020, 2:23 pm
txn_1HwCvjJm8ehcCWGIYStWoZzJ - 8994163504655841 - December 9, 2020, 2:23 pm
txn_1HwWMxJm8ehcCWGI8KcQ8Rqw - 8994163504654844 - December 9, 2020, 2:23 pm
txn_1HwKFIJm8ehcCWGIciaVQNsx - 8994163504653847 - December 9, 2020, 2:23 pm
txn_1HwFldJm8ehcCWGIcKJ5KxAf - 8994163504497847 - December 9, 2020, 2:23 pm
txn_1HwDzhJm8ehcCWGIRbxJnWQy - 8994163504849844 - December 9, 2020, 2:23 pm
txn_1HwD4uJm8ehcCWGI2G5Xq7E5 - 8994163504835847 - December 9, 2020, 2:23 pm
txn_1HwV2pJm8ehcCWGIWskLSeT5 - 8994163504636840 - December 9, 2020, 2:23 pm
txn_1HwXuNJm8ehcCWGIJ0SQ4pRd - 8994163504484847 - December 9, 2020, 2:23 pm
txn_1HwKKIJm8ehcCWGINykylJ2x - 8994163504483840 - December 9, 2020, 2:23 pm
txn_1HwE7fJm8ehcCWGIhcohrGwR - 8994163504635843 - December 9, 2020, 2:23 pm
txn_1HwIg5Jm8ehcCWGIO02TBYPS - 8994163504637847 - December 9, 2020, 2:23 pm
txn_1HwJRKJm8ehcCWGIhC7EkReE - 8994163504469844 - December 9, 2020, 2:23 pm
txn_1HwDaJJm8ehcCWGI4nw8fdoX - 8994163504466843 - December 9, 2020, 2:23 pm
txn_1HwKx0Jm8ehcCWGIyX3D9ox4 - 8994163504467840 - December 9, 2020, 2:23 pm
txn_1HwVMqJm8ehcCWGI9IgfOEBR - 8994163504803846 - December 9, 2020, 2:23 pm
txn_1HwFF6Jm8ehcCWGIeAQZk8rx - 8994163504804843 - December 9, 2020, 2:23 pm
Influencer303 - 8994163504614848 - December 9, 2020, 2:23 pm
txn_1HwCuiJm8ehcCWGI2EoVUAB3 - 8994163504519846 - December 9, 2020, 2:23 pm
txn_1HwJsjJm8ehcCWGIARba3Pin - 8994163504518849 - December 9, 2020, 2:23 pm
txn_1HwFhCJm8ehcCWGIiG0qGvRk - 8994163504672848 - December 9, 2020, 2:23 pm
txn_1HwDs5Jm8ehcCWGIHBOwX7Ew - 8994163504865844 - December 9, 2020, 2:23 pm
txn_1HwUnHJm8ehcCWGI8u70lvbr - 8994163504851847 - December 9, 2020, 2:23 pm
txn_1HwCvjJm8ehcCWGIYStWoZzJ - 8994163504655841 - December 9, 2020, 2:23 pm
txn_1HwWMxJm8ehcCWGI8KcQ8Rqw - 8994163504654844 - December 9, 2020, 2:23 pm
txn_1HwKFIJm8ehcCWGIciaVQNsx - 8994163504653847 - December 9, 2020, 2:23 pm
txn_1HwFldJm8ehcCWGIcKJ5KxAf - 8994163504497847 - December 9, 2020, 2:23 pm
txn_1HwDzhJm8ehcCWGIRbxJnWQy - 8994163504849844 - December 9, 2020, 2:23 pm
txn_1HwD4uJm8ehcCWGI2G5Xq7E5 - 8994163504835847 - December 9, 2020, 2:23 pm
txn_1HwV2pJm8ehcCWGIWskLSeT5 - 8994163504636840 - December 9, 2020, 2:23 pm
txn_1HwXuNJm8ehcCWGIJ0SQ4pRd - 8994163504484847 - December 9, 2020, 2:23 pm
txn_1HwKKIJm8ehcCWGINykylJ2x - 8994163504483840 - December 9, 2020, 2:23 pm
txn_1HwE7fJm8ehcCWGIhcohrGwR - 8994163504635843 - December 9, 2020, 2:23 pm
txn_1HwIg5Jm8ehcCWGIO02TBYPS - 8994163504637847 - December 9, 2020, 2:23 pm
txn_1HwJRKJm8ehcCWGIhC7EkReE - 8994163504469844 - December 9, 2020, 2:23 pm
txn_1HwDaJJm8ehcCWGI4nw8fdoX - 8994163504466843 - December 9, 2020, 2:23 pm
txn_1HwKx0Jm8ehcCWGIyX3D9ox4 - 8994163504467840 - December 9, 2020, 2:23 pm
txn_1HwVMqJm8ehcCWGI9IgfOEBR - 8994163504803846 - December 9, 2020, 2:23 pm
txn_1HwFF6Jm8ehcCWGIeAQZk8rx - 8994163504804843 - December 9, 2020, 2:23 pm
Influencer303 - 8994163504614848 - December 9, 2020, 2:23 pm
txn_1HwCuiJm8ehcCWGI2EoVUAB3 - 8994163504519846 - December 9, 2020, 2:23 pm
txn_1HwJsjJm8ehcCWGIARba3Pin - 8994163504518849 - December 9, 2020, 2:23 pm
txn_1HwFhCJm8ehcCWGIiG0qGvRk - 8994163504672848 - December 9, 2020, 2:23 pm
txn_1HwDs5Jm8ehcCWGIHBOwX7Ew - 8994163504865844 - December 9, 2020, 2:23 pm
txn_1HwUnHJm8ehcCWGI8u70lvbr - 8994163504851847 - December 9, 2020, 2:23 pm
txn_1HwCvjJm8ehcCWGIYStWoZzJ - 8994163504655841 - December 9, 2020, 2:23 pm
txn_1HwWMxJm8ehcCWGI8KcQ8Rqw - 8994163504654844 - December 9, 2020, 2:23 pm
txn_1HwKFIJm8ehcCWGIciaVQNsx - 8994163504653847 - December 9, 2020, 2:23 pm
txn_1HwFldJm8ehcCWGIcKJ5KxAf - 8994163504497847 - December 9, 2020, 2:23 pm
txn_1HwDzhJm8ehcCWGIRbxJnWQy - 8994163504849844 - December 9, 2020, 2:23 pm
txn_1HwD4uJm8ehcCWGI2G5Xq7E5 - 8994163504835847 - December 9, 2020, 2:23 pm
txn_1HwV2pJm8ehcCWGIWskLSeT5 - 8994163504636840 - December 9, 2020, 2:23 pm
txn_1HwXuNJm8ehcCWGIJ0SQ4pRd - 8994163504484847 - December 9, 2020, 2:23 pm
txn_1HwKKIJm8ehcCWGINykylJ2x - 8994163504483840 - December 9, 2020, 2:23 pm
txn_1HwE7fJm8ehcCWGIhcohrGwR - 8994163504635843 - December 9, 2020, 2:23 pm
txn_1HwIg5Jm8ehcCWGIO02TBYPS - 8994163504637847 - December 9, 2020, 2:23 pm
txn_1HwJRKJm8ehcCWGIhC7EkReE - 8994163504469844 - December 9, 2020, 2:23 pm
txn_1HwDaJJm8ehcCWGI4nw8fdoX - 8994163504466843 - December 9, 2020, 2:23 pm
txn_1HwKx0Jm8ehcCWGIyX3D9ox4 - 8994163504467840 - December 9, 2020, 2:23 pm
txn_1HwVMqJm8ehcCWGI9IgfOEBR - 8994163504803846 - December 9, 2020, 2:23 pm
txn_1HwFF6Jm8ehcCWGIeAQZk8rx - 8994163504804843 - December 9, 2020, 2:23 pm
txn_1HwFatJm8ehcCWGIYW7hl4Nm - 8994163505602844 - December 9, 2020, 2:23 pm
txn_1HwWLXJm8ehcCWGIsdfGkXfi - 8994163505395845 - December 9, 2020, 2:23 pm
Influencer303 - 8994163504614848 - December 9, 2020, 2:24 pm
txn_1HwCuiJm8ehcCWGI2EoVUAB3 - 8994163504519846 - December 9, 2020, 2:24 pm
txn_1HwJsjJm8ehcCWGIARba3Pin - 8994163504518849 - December 9, 2020, 2:24 pm
txn_1HwFhCJm8ehcCWGIiG0qGvRk - 8994163504672848 - December 9, 2020, 2:24 pm
txn_1HwDs5Jm8ehcCWGIHBOwX7Ew - 8994163504865844 - December 9, 2020, 2:24 pm
txn_1HwUnHJm8ehcCWGI8u70lvbr - 8994163504851847 - December 9, 2020, 2:24 pm
txn_1HwCvjJm8ehcCWGIYStWoZzJ - 8994163504655841 - December 9, 2020, 2:24 pm
txn_1HwWMxJm8ehcCWGI8KcQ8Rqw - 8994163504654844 - December 9, 2020, 2:24 pm
txn_1HwKFIJm8ehcCWGIciaVQNsx - 8994163504653847 - December 9, 2020, 2:24 pm
txn_1HwFldJm8ehcCWGIcKJ5KxAf - 8994163504497847 - December 9, 2020, 2:24 pm
txn_1HwDzhJm8ehcCWGIRbxJnWQy - 8994163504849844 - December 9, 2020, 2:24 pm
txn_1HwD4uJm8ehcCWGI2G5Xq7E5 - 8994163504835847 - December 9, 2020, 2:24 pm
txn_1HwV2pJm8ehcCWGIWskLSeT5 - 8994163504636840 - December 9, 2020, 2:24 pm
txn_1HwXuNJm8ehcCWGIJ0SQ4pRd - 8994163504484847 - December 9, 2020, 2:24 pm
txn_1HwKKIJm8ehcCWGINykylJ2x - 8994163504483840 - December 9, 2020, 2:24 pm
txn_1HwE7fJm8ehcCWGIhcohrGwR - 8994163504635843 - December 9, 2020, 2:24 pm
txn_1HwIg5Jm8ehcCWGIO02TBYPS - 8994163504637847 - December 9, 2020, 2:24 pm
txn_1HwJRKJm8ehcCWGIhC7EkReE - 8994163504469844 - December 9, 2020, 2:24 pm
txn_1HwDaJJm8ehcCWGI4nw8fdoX - 8994163504466843 - December 9, 2020, 2:24 pm
txn_1HwKx0Jm8ehcCWGIyX3D9ox4 - 8994163504467840 - December 9, 2020, 2:24 pm
txn_1HwVMqJm8ehcCWGI9IgfOEBR - 8994163504803846 - December 9, 2020, 2:24 pm
txn_1HwFF6Jm8ehcCWGIeAQZk8rx - 8994163504804843 - December 9, 2020, 2:24 pm
txn_1HwJpZJm8ehcCWGIO4Kyoat5 - 8994163505904849 - December 9, 2020, 2:24 pm
txn_1HwYASJm8ehcCWGI4ur0Qxin - 8994163505886848 - December 9, 2020, 2:24 pm
txn_1HwN63Jm8ehcCWGI9f13s7sB - 8994163505656847 - December 9, 2020, 2:24 pm
txn_1HwClMJm8ehcCWGI0UWnaCgj - 8994163505850849 - December 9, 2020, 2:24 pm
txn_1HwSUDJm8ehcCWGIopfVl2L4 - 8994163505847849 - December 9, 2020, 2:24 pm
txn_1HwDjWJm8ehcCWGIs78lWL29 - 8994163505610849 - December 9, 2020, 2:24 pm
txn_1HwVqOJm8ehcCWGI0aMiHL8j - 8994163505815848 - December 9, 2020, 2:24 pm
txn_1HwFatJm8ehcCWGIYW7hl4Nm - 8994163505602844 - December 9, 2020, 2:24 pm
txn_1HwWLXJm8ehcCWGIsdfGkXfi - 8994163505395845 - December 9, 2020, 2:24 pm
