txn_1Igg46Jm8ehcCWGI7ckRBYK7 - 8994163880174226 - April 18, 2021, 8:18 pm
txn_1Igrw2Jm8ehcCWGI0vUuu8Zd - 8994163880191223 - April 18, 2021, 8:18 pm
txn_1IhO6gJm8ehcCWGIBSPDFu4k - 8994163880511229 - April 18, 2021, 8:18 pm
txn_1Igxx5Jm8ehcCWGIcQm2lWXG - 8994163880612223 - April 18, 2021, 8:18 pm
txn_1Igk9QJm8ehcCWGIrCdsyVGa - 8994163880510222 - April 18, 2021, 8:18 pm
txn_1Ih9wKJm8ehcCWGICNgP3LjO - 8994163880190226 - April 18, 2021, 8:18 pm
txn_1IgrrIJm8ehcCWGITEqDpedS - 8994163880610229 - April 18, 2021, 8:18 pm
txn_1IhMJtJm8ehcCWGIFYUdfeWb - 8994163880189220 - April 18, 2021, 8:18 pm
txn_1IgwecJm8ehcCWGIyRV8Uhjf - 8994163880509226 - April 18, 2021, 8:18 pm
txn_1Ih6VrJm8ehcCWGIkFqfoa5X - 8994163880187226 - April 18, 2021, 8:18 pm
txn_1Ih47lJm8ehcCWGI38EQQkfE - 8994163880609223 - April 18, 2021, 8:18 pm
txn_1Igjs1Jm8ehcCWGIaDKwQB6N - 8994163880188223 - April 18, 2021, 8:18 pm
txn_1IhIYeJm8ehcCWGIDVCEQlEA - 8994163880508229 - April 18, 2021, 8:18 pm
txn_1Igrn9Jm8ehcCWGIOAyBLPte - 8994163880186229 - April 18, 2021, 8:18 pm
txn_1IgwawJm8ehcCWGI7FfsA6dC - 8994163880608226 - April 18, 2021, 8:18 pm
txn_1IgjDwJm8ehcCWGIyXelDOxy - 8994163880185222 - April 18, 2021, 8:18 pm
txn_1Ih3gVJm8ehcCWGIVhuiVsBG - 8994163880607229 - April 18, 2021, 8:18 pm
txn_1Ih6MIJm8ehcCWGIi0OrbIsE - 8994163880184225 - April 18, 2021, 8:18 pm
txn_1IhH9QJm8ehcCWGIc8KiNpyG - 8994163880606222 - April 18, 2021, 8:18 pm
txn_1Igw4IJm8ehcCWGIps69A5fF - 8994163880183228 - April 18, 2021, 8:18 pm
txn_1IgraGJm8ehcCWGIl5d2IPlh - 8994163880605225 - April 18, 2021, 8:18 pm
txn_1IgiruJm8ehcCWGIXfoQoFtn - 8994163880181224 - April 18, 2021, 8:18 pm
txn_1Ih2uaJm8ehcCWGIxTfq63U2 - 8994163880182221 - April 18, 2021, 8:18 pm
txn_1Ih5jDJm8ehcCWGIq37mvWrb - 8994163880507222 - April 18, 2021, 8:18 pm
txn_1IhH9GJm8ehcCWGIfsl7TEHJ - 8994163880602224 - April 18, 2021, 8:18 pm
txn_1IgvIOJm8ehcCWGIOK7UMolR - 8994163880178224 - April 18, 2021, 8:18 pm
txn_1Igpm1Jm8ehcCWGImW4q4mSL - 8994163880604228 - April 18, 2021, 8:18 pm
txn_1IgiqSJm8ehcCWGIWV7qWnqJ - 8994163880603221 - April 18, 2021, 8:18 pm
txn_1Ih2OkJm8ehcCWGIWSXkofaA - 8994163880180227 - April 18, 2021, 8:18 pm
txn_1Ih5iaJm8ehcCWGIiDwSa5s4 - 8994163880179221 - April 18, 2021, 8:18 pm
txn_1IgmUEJm8ehcCWGIrLEaDn6q - 8994163880601227 - April 18, 2021, 8:18 pm
txn_1IgzmwJm8ehcCWGILq1iA9yF - 8994163880177227 - April 18, 2021, 8:18 pm
txn_1IggGuJm8ehcCWGIFkKVP7eJ - 8994163880176220 - April 18, 2021, 8:18 pm
txn_1Ih5NcJm8ehcCWGIFyBWPFQL - 8994163880600220 - April 18, 2021, 8:18 pm
txn_1IgunlJm8ehcCWGItjnA3qdf - 8994163880399223 - April 18, 2021, 8:18 pm
txn_1IhGerJm8ehcCWGIByiLIPQ7 - 8994163880506225 - April 18, 2021, 8:18 pm
txn_1IgyCuJm8ehcCWGInnKUeg0M - 8994163880396222 - April 18, 2021, 8:18 pm
txn_1Ih4PUJm8ehcCWGIKePj9x63 - 8994163880175223 - April 18, 2021, 8:18 pm
txn_1IglSrJm8ehcCWGIOAs0Hbh4 - 8994163880504221 - April 18, 2021, 8:18 pm
txn_1Igth9Jm8ehcCWGIyiwY96IV - 8994163880505228 - April 18, 2021, 8:18 pm
txn_1IhEdnJm8ehcCWGImxM7M6lf - 8994163880397229 - April 18, 2021, 8:18 pm
txn_1Igg46Jm8ehcCWGI7ckRBYK7 - 8994163880174226 - April 18, 2021, 8:18 pm
txn_1Igrw2Jm8ehcCWGI0vUuu8Zd - 8994163880191223 - April 18, 2021, 8:18 pm
txn_1IhO6gJm8ehcCWGIBSPDFu4k - 8994163880511229 - April 18, 2021, 8:18 pm
txn_1Igxx5Jm8ehcCWGIcQm2lWXG - 8994163880612223 - April 18, 2021, 8:18 pm
txn_1Igk9QJm8ehcCWGIrCdsyVGa - 8994163880510222 - April 18, 2021, 8:18 pm
txn_1Ih9wKJm8ehcCWGICNgP3LjO - 8994163880190226 - April 18, 2021, 8:18 pm
txn_1IgrrIJm8ehcCWGITEqDpedS - 8994163880610229 - April 18, 2021, 8:18 pm
txn_1IhMJtJm8ehcCWGIFYUdfeWb - 8994163880189220 - April 18, 2021, 8:18 pm
txn_1IgwecJm8ehcCWGIyRV8Uhjf - 8994163880509226 - April 18, 2021, 8:18 pm
txn_1Ih6VrJm8ehcCWGIkFqfoa5X - 8994163880187226 - April 18, 2021, 8:18 pm
txn_1Ih47lJm8ehcCWGI38EQQkfE - 8994163880609223 - April 18, 2021, 8:18 pm
txn_1Igjs1Jm8ehcCWGIaDKwQB6N - 8994163880188223 - April 18, 2021, 8:18 pm
txn_1IhIYeJm8ehcCWGIDVCEQlEA - 8994163880508229 - April 18, 2021, 8:18 pm
txn_1Igrn9Jm8ehcCWGIOAyBLPte - 8994163880186229 - April 18, 2021, 8:18 pm
txn_1IgwawJm8ehcCWGI7FfsA6dC - 8994163880608226 - April 18, 2021, 8:18 pm
txn_1IgjDwJm8ehcCWGIyXelDOxy - 8994163880185222 - April 18, 2021, 8:18 pm
txn_1Ih3gVJm8ehcCWGIVhuiVsBG - 8994163880607229 - April 18, 2021, 8:18 pm
txn_1Ih6MIJm8ehcCWGIi0OrbIsE - 8994163880184225 - April 18, 2021, 8:18 pm
txn_1IhH9QJm8ehcCWGIc8KiNpyG - 8994163880606222 - April 18, 2021, 8:18 pm
txn_1Igw4IJm8ehcCWGIps69A5fF - 8994163880183228 - April 18, 2021, 8:18 pm
txn_1IgraGJm8ehcCWGIl5d2IPlh - 8994163880605225 - April 18, 2021, 8:18 pm
txn_1IgiruJm8ehcCWGIXfoQoFtn - 8994163880181224 - April 18, 2021, 8:18 pm
txn_1Ih2uaJm8ehcCWGIxTfq63U2 - 8994163880182221 - April 18, 2021, 8:18 pm
txn_1Ih5jDJm8ehcCWGIq37mvWrb - 8994163880507222 - April 18, 2021, 8:18 pm
txn_1IhH9GJm8ehcCWGIfsl7TEHJ - 8994163880602224 - April 18, 2021, 8:18 pm
txn_1IgvIOJm8ehcCWGIOK7UMolR - 8994163880178224 - April 18, 2021, 8:18 pm
txn_1Igpm1Jm8ehcCWGImW4q4mSL - 8994163880604228 - April 18, 2021, 8:18 pm
txn_1IgiqSJm8ehcCWGIWV7qWnqJ - 8994163880603221 - April 18, 2021, 8:18 pm
txn_1Ih2OkJm8ehcCWGIWSXkofaA - 8994163880180227 - April 18, 2021, 8:18 pm
txn_1Ih5iaJm8ehcCWGIiDwSa5s4 - 8994163880179221 - April 18, 2021, 8:18 pm
txn_1IgmUEJm8ehcCWGIrLEaDn6q - 8994163880601227 - April 18, 2021, 8:18 pm
txn_1IgzmwJm8ehcCWGILq1iA9yF - 8994163880177227 - April 18, 2021, 8:18 pm
txn_1IggGuJm8ehcCWGIFkKVP7eJ - 8994163880176220 - April 18, 2021, 8:18 pm
txn_1Ih5NcJm8ehcCWGIFyBWPFQL - 8994163880600220 - April 18, 2021, 8:18 pm
txn_1IgunlJm8ehcCWGItjnA3qdf - 8994163880399223 - April 18, 2021, 8:18 pm
txn_1IhGerJm8ehcCWGIByiLIPQ7 - 8994163880506225 - April 18, 2021, 8:18 pm
txn_1IgyCuJm8ehcCWGInnKUeg0M - 8994163880396222 - April 18, 2021, 8:18 pm
txn_1Ih4PUJm8ehcCWGIKePj9x63 - 8994163880175223 - April 18, 2021, 8:18 pm
txn_1IglSrJm8ehcCWGIOAs0Hbh4 - 8994163880504221 - April 18, 2021, 8:18 pm
txn_1Igth9Jm8ehcCWGIyiwY96IV - 8994163880505228 - April 18, 2021, 8:18 pm
txn_1IhEdnJm8ehcCWGImxM7M6lf - 8994163880397229 - April 18, 2021, 8:18 pm
txn_1IgzAIJm8ehcCWGICQmhW5Ml - 8994163880809227 - April 18, 2021, 8:20 pm
txn_1IhOkTJm8ehcCWGIKNe7P4I7 - 8994163880624226 - April 18, 2021, 8:20 pm
