txn_1J0zvlJm8ehcCWGIVtFZKpFV - 8994163498177251 - June 14, 2021, 4:08 pm
txn_1J1DueJm8ehcCWGIbLNEuBZB - 8994163498310252 - June 14, 2021, 4:08 pm
txn_1J0zSFJm8ehcCWGILULWFRat - 8994163498479256 - June 14, 2021, 4:08 pm
txn_1J1CuwJm8ehcCWGILn3ogQPi - 8994163498478259 - June 14, 2021, 4:08 pm
txn_1J0yvhJm8ehcCWGIyDWx4S8v - 8994163498477252 - June 14, 2021, 4:08 pm
txn_1J1ClGJm8ehcCWGIITtkSW0P - 8994163498304251 - June 14, 2021, 4:08 pm
txn_1J0ynnJm8ehcCWGIcTg7qFFp - 8994163498476255 - June 14, 2021, 4:08 pm
txn_1J1BgMJm8ehcCWGIyPoKtYs7 - 8994163498475258 - June 14, 2021, 4:08 pm
txn_1J1FhsJm8ehcCWGIwnkG79w9 - 8994163498311259 - June 14, 2021, 4:08 pm
txn_1J1K16Jm8ehcCWGI9em1hagW - 8994163498481259 - June 14, 2021, 4:08 pm
txn_1J201EJm8ehcCWGIU0hbZq8a - 8994163498480252 - June 14, 2021, 4:08 pm
txn_1J1i9aJm8ehcCWGIS91Ht1e6 - 8994163498175257 - June 14, 2021, 4:08 pm
txn_1J1Hb8Jm8ehcCWGILjse3Pxo - 8994163498309256 - June 14, 2021, 4:08 pm
2021Influencer710 - 8994163498173253 - June 14, 2021, 4:08 pm
txn_1J1ywqJm8ehcCWGIQyMIomiF - 8994163498308259 - June 14, 2021, 4:08 pm
txn_1J1dqgJm8ehcCWGIpSlQXoQo - 8994163498307252 - June 14, 2021, 4:08 pm
txn_1J1HL8Jm8ehcCWGIXjrncjBI - 8994163498306255 - June 14, 2021, 4:08 pm
2021Influencer709 - 8994163498305258 - June 14, 2021, 4:08 pm
txn_1J1yZuJm8ehcCWGIDL6x9mzh - 8994163498301250 - June 14, 2021, 4:08 pm
txn_1J1cLbJm8ehcCWGIfDY9wIf4 - 8994163498299250 - June 14, 2021, 4:08 pm
txn_1J1HHeJm8ehcCWGIwQUZoVyD - 8994163498474251 - June 14, 2021, 4:08 pm
2021Influencer708 - 8994163498298253 - June 14, 2021, 4:08 pm
txn_1J0zvlJm8ehcCWGIVtFZKpFV - 8994163498177251 - June 14, 2021, 4:08 pm
txn_1J1DueJm8ehcCWGIbLNEuBZB - 8994163498310252 - June 14, 2021, 4:08 pm
txn_1J0zSFJm8ehcCWGILULWFRat - 8994163498479256 - June 14, 2021, 4:08 pm
txn_1J1CuwJm8ehcCWGILn3ogQPi - 8994163498478259 - June 14, 2021, 4:08 pm
txn_1J0yvhJm8ehcCWGIyDWx4S8v - 8994163498477252 - June 14, 2021, 4:08 pm
txn_1J1ClGJm8ehcCWGIITtkSW0P - 8994163498304251 - June 14, 2021, 4:08 pm
txn_1J0ynnJm8ehcCWGIcTg7qFFp - 8994163498476255 - June 14, 2021, 4:08 pm
txn_1J1BgMJm8ehcCWGIyPoKtYs7 - 8994163498475258 - June 14, 2021, 4:08 pm
txn_1J1FhsJm8ehcCWGIwnkG79w9 - 8994163498311259 - June 14, 2021, 4:08 pm
txn_1J1K16Jm8ehcCWGI9em1hagW - 8994163498481259 - June 14, 2021, 4:08 pm
txn_1J201EJm8ehcCWGIU0hbZq8a - 8994163498480252 - June 14, 2021, 4:08 pm
txn_1J1i9aJm8ehcCWGIS91Ht1e6 - 8994163498175257 - June 14, 2021, 4:08 pm
txn_1J1Hb8Jm8ehcCWGILjse3Pxo - 8994163498309256 - June 14, 2021, 4:08 pm
2021Influencer710 - 8994163498173253 - June 14, 2021, 4:08 pm
txn_1J1ywqJm8ehcCWGIQyMIomiF - 8994163498308259 - June 14, 2021, 4:08 pm
txn_1J1dqgJm8ehcCWGIpSlQXoQo - 8994163498307252 - June 14, 2021, 4:08 pm
txn_1J1HL8Jm8ehcCWGIXjrncjBI - 8994163498306255 - June 14, 2021, 4:08 pm
2021Influencer709 - 8994163498305258 - June 14, 2021, 4:08 pm
txn_1J1yZuJm8ehcCWGIDL6x9mzh - 8994163498301250 - June 14, 2021, 4:08 pm
txn_1J1cLbJm8ehcCWGIfDY9wIf4 - 8994163498299250 - June 14, 2021, 4:08 pm
txn_1J1HHeJm8ehcCWGIwQUZoVyD - 8994163498474251 - June 14, 2021, 4:08 pm
2021Influencer708 - 8994163498298253 - June 14, 2021, 4:08 pm
txn_1J0zvlJm8ehcCWGIVtFZKpFV - 8994163498177251 - June 14, 2021, 4:08 pm
txn_1J1DueJm8ehcCWGIbLNEuBZB - 8994163498310252 - June 14, 2021, 4:08 pm
txn_1J0zSFJm8ehcCWGILULWFRat - 8994163498479256 - June 14, 2021, 4:08 pm
txn_1J1CuwJm8ehcCWGILn3ogQPi - 8994163498478259 - June 14, 2021, 4:08 pm
txn_1J0yvhJm8ehcCWGIyDWx4S8v - 8994163498477252 - June 14, 2021, 4:08 pm
txn_1J1ClGJm8ehcCWGIITtkSW0P - 8994163498304251 - June 14, 2021, 4:08 pm
txn_1J0ynnJm8ehcCWGIcTg7qFFp - 8994163498476255 - June 14, 2021, 4:08 pm
txn_1J1BgMJm8ehcCWGIyPoKtYs7 - 8994163498475258 - June 14, 2021, 4:08 pm
txn_1J1FhsJm8ehcCWGIwnkG79w9 - 8994163498311259 - June 14, 2021, 4:08 pm
txn_1J1K16Jm8ehcCWGI9em1hagW - 8994163498481259 - June 14, 2021, 4:08 pm
txn_1J201EJm8ehcCWGIU0hbZq8a - 8994163498480252 - June 14, 2021, 4:08 pm
txn_1J1i9aJm8ehcCWGIS91Ht1e6 - 8994163498175257 - June 14, 2021, 4:08 pm
txn_1J1Hb8Jm8ehcCWGILjse3Pxo - 8994163498309256 - June 14, 2021, 4:08 pm
2021Influencer710 - 8994163498173253 - June 14, 2021, 4:08 pm
txn_1J1ywqJm8ehcCWGIQyMIomiF - 8994163498308259 - June 14, 2021, 4:08 pm
txn_1J1dqgJm8ehcCWGIpSlQXoQo - 8994163498307252 - June 14, 2021, 4:08 pm
txn_1J1HL8Jm8ehcCWGIXjrncjBI - 8994163498306255 - June 14, 2021, 4:08 pm
2021Influencer709 - 8994163498305258 - June 14, 2021, 4:08 pm
txn_1J1yZuJm8ehcCWGIDL6x9mzh - 8994163498301250 - June 14, 2021, 4:08 pm
txn_1J1cLbJm8ehcCWGIfDY9wIf4 - 8994163498299250 - June 14, 2021, 4:08 pm
txn_1J1HHeJm8ehcCWGIwQUZoVyD - 8994163498474251 - June 14, 2021, 4:08 pm
2021Influencer708 - 8994163498298253 - June 14, 2021, 4:08 pm
txn_1J1Gg2Jm8ehcCWGISZdmGeo2 -  - June 14, 2021, 4:08 pm
txn_1J21SXJm8ehcCWGIPoRA1vkz -  - June 14, 2021, 4:08 pm
txn_1J1ubLJm8ehcCWGI1nqcpATt -  - June 14, 2021, 4:08 pm
txn_1J1EPyJm8ehcCWGIVxApjiZk -  - June 14, 2021, 4:08 pm
txn_1J1GCvJm8ehcCWGIMtGNuleD -  - June 14, 2021, 4:08 pm
txn_1J1BbFJm8ehcCWGI8rNoJEhS -  - June 14, 2021, 4:08 pm
txn_1J1t9xJm8ehcCWGICseoP7bL -  - June 14, 2021, 4:08 pm
txn_1J21OkJm8ehcCWGI1qQeSVI1 -  - June 14, 2021, 4:08 pm
txn_1J1GAYJm8ehcCWGIoaMSUmvl -  - June 14, 2021, 4:08 pm
txn_1J1BWwJm8ehcCWGIXpogSpnA -  - June 14, 2021, 4:08 pm
txn_1J21FyJm8ehcCWGIevHapZkg -  - June 14, 2021, 4:08 pm
txn_1J1igMJm8ehcCWGI3QUzlLCD -  - June 14, 2021, 4:08 pm
txn_1J1G6FJm8ehcCWGI7p860P98 -  - June 14, 2021, 4:08 pm
txn_1J11hJJm8ehcCWGIMNqE9sXF -  - June 14, 2021, 4:08 pm
txn_1J2120Jm8ehcCWGIz8f4wVUQ -  - June 14, 2021, 4:08 pm
txn_1J1bR3Jm8ehcCWGIx3PuYbUK -  - June 14, 2021, 4:08 pm
txn_1J1FvSJm8ehcCWGIdC2w3NfN -  - June 14, 2021, 4:08 pm
txn_1J0zxTJm8ehcCWGIUVgunSJ6 -  - June 14, 2021, 4:08 pm
txn_1J20f6Jm8ehcCWGIZMe27Bdz -  - June 14, 2021, 4:08 pm
txn_1J0zwcJm8ehcCWGIsJR0iv2D -  - June 14, 2021, 4:08 pm
txn_1J241NJm8ehcCWGIEWOcZpJ6 -  - June 14, 2021, 4:08 pm
2021Influencer707 -  - June 14, 2021, 4:08 pm
txn_1J1WpXJm8ehcCWGIY0vpH0br -  - June 14, 2021, 4:08 pm
txn_1J0zvlJm8ehcCWGIVtFZKpFV - 8994163498177251 - June 14, 2021, 4:08 pm
txn_1J1DueJm8ehcCWGIbLNEuBZB - 8994163498310252 - June 14, 2021, 4:08 pm
txn_1J0zSFJm8ehcCWGILULWFRat - 8994163498479256 - June 14, 2021, 4:08 pm
txn_1J1CuwJm8ehcCWGILn3ogQPi - 8994163498478259 - June 14, 2021, 4:08 pm
txn_1J0yvhJm8ehcCWGIyDWx4S8v - 8994163498477252 - June 14, 2021, 4:08 pm
txn_1J1ClGJm8ehcCWGIITtkSW0P - 8994163498304251 - June 14, 2021, 4:08 pm
txn_1J0ynnJm8ehcCWGIcTg7qFFp - 8994163498476255 - June 14, 2021, 4:08 pm
txn_1J1BgMJm8ehcCWGIyPoKtYs7 - 8994163498475258 - June 14, 2021, 4:08 pm
txn_1J1FhsJm8ehcCWGIwnkG79w9 - 8994163498311259 - June 14, 2021, 4:08 pm
txn_1J1K16Jm8ehcCWGI9em1hagW - 8994163498481259 - June 14, 2021, 4:08 pm
txn_1J201EJm8ehcCWGIU0hbZq8a - 8994163498480252 - June 14, 2021, 4:08 pm
txn_1J1i9aJm8ehcCWGIS91Ht1e6 - 8994163498175257 - June 14, 2021, 4:08 pm
txn_1J1Hb8Jm8ehcCWGILjse3Pxo - 8994163498309256 - June 14, 2021, 4:08 pm
2021Influencer710 - 8994163498173253 - June 14, 2021, 4:08 pm
txn_1J1ywqJm8ehcCWGIQyMIomiF - 8994163498308259 - June 14, 2021, 4:08 pm
txn_1J1dqgJm8ehcCWGIpSlQXoQo - 8994163498307252 - June 14, 2021, 4:08 pm
txn_1J1HL8Jm8ehcCWGIXjrncjBI - 8994163498306255 - June 14, 2021, 4:08 pm
2021Influencer709 - 8994163498305258 - June 14, 2021, 4:08 pm
txn_1J1yZuJm8ehcCWGIDL6x9mzh - 8994163498301250 - June 14, 2021, 4:08 pm
txn_1J1cLbJm8ehcCWGIfDY9wIf4 - 8994163498299250 - June 14, 2021, 4:08 pm
txn_1J1HHeJm8ehcCWGIwQUZoVyD - 8994163498474251 - June 14, 2021, 4:08 pm
2021Influencer708 - 8994163498298253 - June 14, 2021, 4:08 pm
txn_1J0zvlJm8ehcCWGIVtFZKpFV - 8994163498177251 - June 14, 2021, 4:08 pm
txn_1J1DueJm8ehcCWGIbLNEuBZB - 8994163498310252 - June 14, 2021, 4:08 pm
txn_1J0zSFJm8ehcCWGILULWFRat - 8994163498479256 - June 14, 2021, 4:08 pm
txn_1J1CuwJm8ehcCWGILn3ogQPi - 8994163498478259 - June 14, 2021, 4:08 pm
txn_1J0yvhJm8ehcCWGIyDWx4S8v - 8994163498477252 - June 14, 2021, 4:08 pm
txn_1J1ClGJm8ehcCWGIITtkSW0P - 8994163498304251 - June 14, 2021, 4:08 pm
txn_1J0ynnJm8ehcCWGIcTg7qFFp - 8994163498476255 - June 14, 2021, 4:08 pm
txn_1J1BgMJm8ehcCWGIyPoKtYs7 - 8994163498475258 - June 14, 2021, 4:08 pm
txn_1J1FhsJm8ehcCWGIwnkG79w9 - 8994163498311259 - June 14, 2021, 4:08 pm
txn_1J1K16Jm8ehcCWGI9em1hagW - 8994163498481259 - June 14, 2021, 4:08 pm
txn_1J201EJm8ehcCWGIU0hbZq8a - 8994163498480252 - June 14, 2021, 4:08 pm
txn_1J1i9aJm8ehcCWGIS91Ht1e6 - 8994163498175257 - June 14, 2021, 4:08 pm
txn_1J1Hb8Jm8ehcCWGILjse3Pxo - 8994163498309256 - June 14, 2021, 4:08 pm
2021Influencer710 - 8994163498173253 - June 14, 2021, 4:08 pm
txn_1J1ywqJm8ehcCWGIQyMIomiF - 8994163498308259 - June 14, 2021, 4:08 pm
txn_1J1dqgJm8ehcCWGIpSlQXoQo - 8994163498307252 - June 14, 2021, 4:08 pm
txn_1J1HL8Jm8ehcCWGIXjrncjBI - 8994163498306255 - June 14, 2021, 4:08 pm
2021Influencer709 - 8994163498305258 - June 14, 2021, 4:08 pm
txn_1J1yZuJm8ehcCWGIDL6x9mzh - 8994163498301250 - June 14, 2021, 4:08 pm
txn_1J1cLbJm8ehcCWGIfDY9wIf4 - 8994163498299250 - June 14, 2021, 4:08 pm
txn_1J1HHeJm8ehcCWGIwQUZoVyD - 8994163498474251 - June 14, 2021, 4:08 pm
2021Influencer708 - 8994163498298253 - June 14, 2021, 4:08 pm
txn_1J0zvlJm8ehcCWGIVtFZKpFV - 8994163498177251 - June 14, 2021, 4:08 pm
txn_1J1DueJm8ehcCWGIbLNEuBZB - 8994163498310252 - June 14, 2021, 4:08 pm
txn_1J0zSFJm8ehcCWGILULWFRat - 8994163498479256 - June 14, 2021, 4:08 pm
txn_1J1CuwJm8ehcCWGILn3ogQPi - 8994163498478259 - June 14, 2021, 4:08 pm
txn_1J0yvhJm8ehcCWGIyDWx4S8v - 8994163498477252 - June 14, 2021, 4:08 pm
txn_1J1ClGJm8ehcCWGIITtkSW0P - 8994163498304251 - June 14, 2021, 4:08 pm
txn_1J0ynnJm8ehcCWGIcTg7qFFp - 8994163498476255 - June 14, 2021, 4:08 pm
txn_1J1BgMJm8ehcCWGIyPoKtYs7 - 8994163498475258 - June 14, 2021, 4:08 pm
txn_1J1FhsJm8ehcCWGIwnkG79w9 - 8994163498311259 - June 14, 2021, 4:08 pm
txn_1J1K16Jm8ehcCWGI9em1hagW - 8994163498481259 - June 14, 2021, 4:08 pm
txn_1J201EJm8ehcCWGIU0hbZq8a - 8994163498480252 - June 14, 2021, 4:08 pm
txn_1J1i9aJm8ehcCWGIS91Ht1e6 - 8994163498175257 - June 14, 2021, 4:08 pm
txn_1J1Hb8Jm8ehcCWGILjse3Pxo - 8994163498309256 - June 14, 2021, 4:08 pm
2021Influencer710 - 8994163498173253 - June 14, 2021, 4:08 pm
txn_1J1ywqJm8ehcCWGIQyMIomiF - 8994163498308259 - June 14, 2021, 4:08 pm
txn_1J1dqgJm8ehcCWGIpSlQXoQo - 8994163498307252 - June 14, 2021, 4:08 pm
txn_1J1HL8Jm8ehcCWGIXjrncjBI - 8994163498306255 - June 14, 2021, 4:08 pm
2021Influencer709 - 8994163498305258 - June 14, 2021, 4:08 pm
txn_1J1yZuJm8ehcCWGIDL6x9mzh - 8994163498301250 - June 14, 2021, 4:08 pm
txn_1J1cLbJm8ehcCWGIfDY9wIf4 - 8994163498299250 - June 14, 2021, 4:08 pm
txn_1J1HHeJm8ehcCWGIwQUZoVyD - 8994163498474251 - June 14, 2021, 4:08 pm
2021Influencer708 - 8994163498298253 - June 14, 2021, 4:08 pm
txn_1J0zvlJm8ehcCWGIVtFZKpFV - 8994163498177251 - June 14, 2021, 4:09 pm
txn_1J1DueJm8ehcCWGIbLNEuBZB - 8994163498310252 - June 14, 2021, 4:09 pm
txn_1J0zSFJm8ehcCWGILULWFRat - 8994163498479256 - June 14, 2021, 4:09 pm
txn_1J1CuwJm8ehcCWGILn3ogQPi - 8994163498478259 - June 14, 2021, 4:09 pm
txn_1J0yvhJm8ehcCWGIyDWx4S8v - 8994163498477252 - June 14, 2021, 4:09 pm
txn_1J1ClGJm8ehcCWGIITtkSW0P - 8994163498304251 - June 14, 2021, 4:09 pm
txn_1J0ynnJm8ehcCWGIcTg7qFFp - 8994163498476255 - June 14, 2021, 4:09 pm
txn_1J1BgMJm8ehcCWGIyPoKtYs7 - 8994163498475258 - June 14, 2021, 4:09 pm
txn_1J1FhsJm8ehcCWGIwnkG79w9 - 8994163498311259 - June 14, 2021, 4:09 pm
txn_1J1K16Jm8ehcCWGI9em1hagW - 8994163498481259 - June 14, 2021, 4:09 pm
txn_1J201EJm8ehcCWGIU0hbZq8a - 8994163498480252 - June 14, 2021, 4:09 pm
txn_1J1i9aJm8ehcCWGIS91Ht1e6 - 8994163498175257 - June 14, 2021, 4:09 pm
txn_1J1Hb8Jm8ehcCWGILjse3Pxo - 8994163498309256 - June 14, 2021, 4:09 pm
2021Influencer710 - 8994163498173253 - June 14, 2021, 4:09 pm
txn_1J1ywqJm8ehcCWGIQyMIomiF - 8994163498308259 - June 14, 2021, 4:09 pm
txn_1J1dqgJm8ehcCWGIpSlQXoQo - 8994163498307252 - June 14, 2021, 4:09 pm
txn_1J1HL8Jm8ehcCWGIXjrncjBI - 8994163498306255 - June 14, 2021, 4:09 pm
2021Influencer709 - 8994163498305258 - June 14, 2021, 4:09 pm
txn_1J1yZuJm8ehcCWGIDL6x9mzh - 8994163498301250 - June 14, 2021, 4:09 pm
txn_1J1cLbJm8ehcCWGIfDY9wIf4 - 8994163498299250 - June 14, 2021, 4:09 pm
txn_1J1HHeJm8ehcCWGIwQUZoVyD - 8994163498474251 - June 14, 2021, 4:09 pm
2021Influencer708 - 8994163498298253 - June 14, 2021, 4:09 pm
txn_1J1GCvJm8ehcCWGIMtGNuleD - 8994163498615258 - June 14, 2021, 4:09 pm
txn_1J1ubLJm8ehcCWGI1nqcpATt - 8994163498614251 - June 14, 2021, 4:09 pm
txn_1J1BbFJm8ehcCWGI8rNoJEhS - 8994163498369250 - June 14, 2021, 4:09 pm
txn_1J21SXJm8ehcCWGIPoRA1vkz - 8994163498502251 - June 14, 2021, 4:09 pm
txn_1J1BWwJm8ehcCWGIXpogSpnA - 8994163498499254 - June 14, 2021, 4:09 pm
txn_1J1GAYJm8ehcCWGIoaMSUmvl - 8994163498500257 - June 14, 2021, 4:09 pm
txn_1J1t9xJm8ehcCWGICseoP7bL - 8994163498366259 - June 14, 2021, 4:09 pm
txn_1J21OkJm8ehcCWGI1qQeSVI1 - 8994163498611250 - June 14, 2021, 4:09 pm
txn_1J1G6FJm8ehcCWGI7p860P98 - 8994163498365252 - June 14, 2021, 4:09 pm
txn_1J1igMJm8ehcCWGI3QUzlLCD - 8994163498210255 - June 14, 2021, 4:09 pm
txn_1J11hJJm8ehcCWGIMNqE9sXF - 8994163498364255 - June 14, 2021, 4:09 pm
txn_1J21FyJm8ehcCWGIevHapZkg - 8994163498209259 - June 14, 2021, 4:09 pm
txn_1J1FvSJm8ehcCWGIdC2w3NfN - 8994163498363258 - June 14, 2021, 4:09 pm
txn_1J1bR3Jm8ehcCWGIx3PuYbUK - 8994163498205251 - June 14, 2021, 4:09 pm
txn_1J0zxTJm8ehcCWGIUVgunSJ6 - 8994163498204254 - June 14, 2021, 4:09 pm
txn_1J2120Jm8ehcCWGIz8f4wVUQ - 8994163498201253 - June 14, 2021, 4:09 pm
txn_1J1WpXJm8ehcCWGIY0vpH0br - 8994163498493252 - June 14, 2021, 4:09 pm
txn_1J0zwcJm8ehcCWGIsJR0iv2D - 8994163498494259 - June 14, 2021, 4:09 pm
txn_1J241NJm8ehcCWGIEWOcZpJ6 - 8994163498362251 - June 14, 2021, 4:09 pm
2021Influencer707 - 8994163498200256 - June 14, 2021, 4:09 pm
txn_1J20f6Jm8ehcCWGIZMe27Bdz - 8994163498199253 - June 14, 2021, 4:09 pm
txn_1J0zvlJm8ehcCWGIVtFZKpFV - 8994163498177251 - June 14, 2021, 4:11 pm
txn_1J1DueJm8ehcCWGIbLNEuBZB - 8994163498310252 - June 14, 2021, 4:11 pm
txn_1J0zSFJm8ehcCWGILULWFRat - 8994163498479256 - June 14, 2021, 4:11 pm
txn_1J1CuwJm8ehcCWGILn3ogQPi - 8994163498478259 - June 14, 2021, 4:11 pm
txn_1J0yvhJm8ehcCWGIyDWx4S8v - 8994163498477252 - June 14, 2021, 4:11 pm
txn_1J1ClGJm8ehcCWGIITtkSW0P - 8994163498304251 - June 14, 2021, 4:11 pm
txn_1J0ynnJm8ehcCWGIcTg7qFFp - 8994163498476255 - June 14, 2021, 4:11 pm
txn_1J1BgMJm8ehcCWGIyPoKtYs7 - 8994163498475258 - June 14, 2021, 4:11 pm
txn_1J1FhsJm8ehcCWGIwnkG79w9 - 8994163498311259 - June 14, 2021, 4:11 pm
txn_1J1K16Jm8ehcCWGI9em1hagW - 8994163498481259 - June 14, 2021, 4:11 pm
txn_1J201EJm8ehcCWGIU0hbZq8a - 8994163498480252 - June 14, 2021, 4:11 pm
txn_1J1i9aJm8ehcCWGIS91Ht1e6 - 8994163498175257 - June 14, 2021, 4:11 pm
txn_1J1Hb8Jm8ehcCWGILjse3Pxo - 8994163498309256 - June 14, 2021, 4:11 pm
2021Influencer710 - 8994163498173253 - June 14, 2021, 4:11 pm
txn_1J1ywqJm8ehcCWGIQyMIomiF - 8994163498308259 - June 14, 2021, 4:11 pm
txn_1J1dqgJm8ehcCWGIpSlQXoQo - 8994163498307252 - June 14, 2021, 4:11 pm
txn_1J1HL8Jm8ehcCWGIXjrncjBI - 8994163498306255 - June 14, 2021, 4:11 pm
2021Influencer709 - 8994163498305258 - June 14, 2021, 4:11 pm
txn_1J1yZuJm8ehcCWGIDL6x9mzh - 8994163498301250 - June 14, 2021, 4:11 pm
txn_1J1cLbJm8ehcCWGIfDY9wIf4 - 8994163498299250 - June 14, 2021, 4:11 pm
txn_1J1HHeJm8ehcCWGIwQUZoVyD - 8994163498474251 - June 14, 2021, 4:11 pm
2021Influencer708 - 8994163498298253 - June 14, 2021, 4:11 pm
txn_1J1GCvJm8ehcCWGIMtGNuleD - 8994163498615258 - June 14, 2021, 4:11 pm
txn_1J1ubLJm8ehcCWGI1nqcpATt - 8994163498614251 - June 14, 2021, 4:11 pm
txn_1J1BbFJm8ehcCWGI8rNoJEhS - 8994163498369250 - June 14, 2021, 4:11 pm
txn_1J21SXJm8ehcCWGIPoRA1vkz - 8994163498502251 - June 14, 2021, 4:11 pm
txn_1J1BWwJm8ehcCWGIXpogSpnA - 8994163498499254 - June 14, 2021, 4:11 pm
txn_1J1GAYJm8ehcCWGIoaMSUmvl - 8994163498500257 - June 14, 2021, 4:11 pm
txn_1J1t9xJm8ehcCWGICseoP7bL - 8994163498366259 - June 14, 2021, 4:11 pm
txn_1J21OkJm8ehcCWGI1qQeSVI1 - 8994163498611250 - June 14, 2021, 4:11 pm
txn_1J1G6FJm8ehcCWGI7p860P98 - 8994163498365252 - June 14, 2021, 4:11 pm
txn_1J1igMJm8ehcCWGI3QUzlLCD - 8994163498210255 - June 14, 2021, 4:11 pm
txn_1J11hJJm8ehcCWGIMNqE9sXF - 8994163498364255 - June 14, 2021, 4:11 pm
txn_1J21FyJm8ehcCWGIevHapZkg - 8994163498209259 - June 14, 2021, 4:11 pm
txn_1J1FvSJm8ehcCWGIdC2w3NfN - 8994163498363258 - June 14, 2021, 4:11 pm
txn_1J1bR3Jm8ehcCWGIx3PuYbUK - 8994163498205251 - June 14, 2021, 4:11 pm
txn_1J0zxTJm8ehcCWGIUVgunSJ6 - 8994163498204254 - June 14, 2021, 4:11 pm
txn_1J2120Jm8ehcCWGIz8f4wVUQ - 8994163498201253 - June 14, 2021, 4:11 pm
txn_1J1WpXJm8ehcCWGIY0vpH0br - 8994163498493252 - June 14, 2021, 4:11 pm
txn_1J0zwcJm8ehcCWGIsJR0iv2D - 8994163498494259 - June 14, 2021, 4:11 pm
txn_1J241NJm8ehcCWGIEWOcZpJ6 - 8994163498362251 - June 14, 2021, 4:11 pm
2021Influencer707 - 8994163498200256 - June 14, 2021, 4:11 pm
txn_1J20f6Jm8ehcCWGIZMe27Bdz - 8994163498199253 - June 14, 2021, 4:11 pm
txn_1J1vOxJm8ehcCWGITqYMESxr - 8994163498540253 - June 14, 2021, 4:11 pm
txn_1J1L85Jm8ehcCWGIEWMREFEN - 8994163498537253 - June 14, 2021, 4:11 pm
txn_1J1KoWJm8ehcCWGIKFBQIMmn - 8994163498653250 - June 14, 2021, 4:11 pm
txn_1J22slJm8ehcCWGIqmGRWgoW - 8994163498535259 - June 14, 2021, 4:11 pm
txn_1J226eJm8ehcCWGIt8ivV9LG - 8994163498408256 - June 14, 2021, 4:11 pm
txn_1J1KVmJm8ehcCWGIQIYPPboa - 8994163498651256 - June 14, 2021, 4:11 pm
txn_1J221mJm8ehcCWGIZ0qitgym - 8994163498533255 - June 14, 2021, 4:11 pm
txn_1J1Gg2Jm8ehcCWGISZdmGeo2 - 8994163498531251 - June 14, 2021, 4:11 pm
txn_1J21WDJm8ehcCWGIfjCx2Z5N - 8994163498649253 - June 14, 2021, 4:11 pm
txn_1J1EqrJm8ehcCWGIB4nPa1rK - 8994163498650259 - June 14, 2021, 4:11 pm
txn_1J1EWGJm8ehcCWGI6uWikIyZ - 8994163498528251 - June 14, 2021, 4:11 pm
txn_1J20PYJm8ehcCWGIBVmbmVnO - 8994163498403251 - June 14, 2021, 4:11 pm
txn_1J1ESNJm8ehcCWGIm2BqWhXi - 8994163498526257 - June 14, 2021, 4:11 pm
txn_1J1xcPJm8ehcCWGISYPkmi56 - 8994163498525250 - June 14, 2021, 4:11 pm
txn_1J1EPyJm8ehcCWGIVxApjiZk - 8994163498524253 - June 14, 2021, 4:11 pm
txn_1J1vS0Jm8ehcCWGIUhgiorTs - 8994163498401257 - June 14, 2021, 4:11 pm
