txn_1IGVZGJm8ehcCWGIUmbkkKDC - 8994163179383179 - February 3, 2021, 11:02 am
txn_1IGnGKJm8ehcCWGI2zybqc5Z - 8994163179705179 - February 3, 2021, 11:02 am
txn_1IGbVHJm8ehcCWGIxR1rWUcj - 8994163179551172 - February 3, 2021, 11:02 am
txn_1IGYumJm8ehcCWGIO46v8d6i - 8994163179706176 - February 3, 2021, 11:02 am
txn_1IGTJZJm8ehcCWGIIvBn7etx - 8994163179386170 - February 3, 2021, 11:02 am
txn_1IGZoQJm8ehcCWGIvShxEtw3 - 8994163179387177 - February 3, 2021, 11:02 am
txn_1IGaDBJm8ehcCWGIMzJO9htq - 8994163179532171 - February 3, 2021, 11:02 am
txn_1IGU6iJm8ehcCWGIpNZ3KbZI - 8994163179699171 - February 3, 2021, 11:02 am
txn_1IGVjfJm8ehcCWGIICifMwTP - 8994163179697177 - February 3, 2021, 11:02 am
txn_1IGQPfJm8ehcCWGIqrALBEzz - 8994163179698174 - February 3, 2021, 11:02 am
txn_1IGZ0EJm8ehcCWGI74TPShM9 - 8994163179367179 - February 3, 2021, 11:02 am
txn_1IGkZnJm8ehcCWGI7YqJacPA - 8994163179365175 - February 3, 2021, 11:02 am
txn_1IGayRJm8ehcCWGIzgUvyoLu - 8994163179355176 - February 3, 2021, 11:02 am
txn_1IGTG0Jm8ehcCWGIfhJLW3mf - 8994163179683170 - February 3, 2021, 11:02 am
txn_1IGWWJJm8ehcCWGIyZB1JgiX - 8994163179354179 - February 3, 2021, 11:02 am
txn_1IGZknJm8ehcCWGIjRutEDW1 - 8994163179353172 - February 3, 2021, 11:02 am
txn_1IGUaQJm8ehcCWGI4vvuaZIt - 8994163179681176 - February 3, 2021, 11:02 am
txn_1IGlhsJm8ehcCWGIA1ei0GC0 - 8994163179516171 - February 3, 2021, 11:02 am
2021Influencer296 - 8994163195684175 - February 3, 2021, 11:31 am
2021Influencer295 - 8994163195678174 - February 3, 2021, 11:31 am
txn_1IGnqWJm8ehcCWGIXYd9BzRW - 8994163195852178 - February 3, 2021, 11:31 am
txn_1IGoEpJm8ehcCWGIsslKtPbG - 8994163196021177 - February 3, 2021, 11:31 am
2021Influencer294 - 8994163195659173 - February 3, 2021, 11:31 am
2021Influencer290 - 8994163196022174 - February 3, 2021, 11:31 am
2021Influencer298 - 8994163195838172 - February 3, 2021, 11:31 am
2021Influencer292 - 8994163195658176 - February 3, 2021, 11:31 am
2021Influencer293 - 8994163196003173 - February 3, 2021, 11:31 am
2021Influencer291 - 8994163195652174 - February 3, 2021, 11:31 am
2021Influencer297 - 8994163195651177 - February 3, 2021, 11:31 am
2021Influencer289 - 8994163195825172 - February 3, 2021, 11:31 am
2021Influencer299 - 8994163195824175 - February 3, 2021, 11:31 am
