txn_1Ivu8TJm8ehcCWGI6bjmb3pK - 8994163903858249 - May 31, 2021, 5:32 pm
txn_1IwHfnJm8ehcCWGIwwQxkcBx - 8994163903471240 - May 31, 2021, 5:32 pm
txn_1Ivx6uJm8ehcCWGIDvAX80GM - 8994163903866244 - May 31, 2021, 5:32 pm
txn_1Iwb9dJm8ehcCWGIh0lTCtCs - 8994163903674245 - May 31, 2021, 5:32 pm
txn_1IwVVNJm8ehcCWGIprs7R5iw - 8994163903672241 - May 31, 2021, 5:32 pm
txn_1Iw735Jm8ehcCWGIcpTpFag7 - 8994163903673248 - May 31, 2021, 5:32 pm
txn_1IwCC3Jm8ehcCWGIMaUkfrGT - 8994163903865247 - May 31, 2021, 5:32 pm
txn_1IwHdeJm8ehcCWGInaU5lBoq - 8994163903468240 - May 31, 2021, 5:32 pm
txn_1IwZdOJm8ehcCWGIUdPpvS6C - 8994163903864240 - May 31, 2021, 5:32 pm
txn_1IvuDXJm8ehcCWGIXvGao5fj - 8994163903862246 - May 31, 2021, 5:32 pm
txn_1IwBHJJm8ehcCWGIcuBJaIjF - 8994163903671244 - May 31, 2021, 5:32 pm
txn_1IwTWrJm8ehcCWGIMBp5eZ4I - 8994163903469247 - May 31, 2021, 5:32 pm
txn_1Iw6ZqJm8ehcCWGI3uPHiyMs - 8994163903863243 - May 31, 2021, 5:32 pm
txn_1IwLLFJm8ehcCWGIf8pJ6wEU - 8994163903467243 - May 31, 2021, 5:32 pm
txn_1IwZ3KJm8ehcCWGIIEKsQ9DU - 8994163903859246 - May 31, 2021, 5:32 pm
txn_1Iw8m0Jm8ehcCWGIjAdSQr3R - 8994163903860242 - May 31, 2021, 5:32 pm
txn_1IwFqdJm8ehcCWGISvVtz1W8 - 8994163903668244 - May 31, 2021, 5:32 pm
txn_1Iw4uzJm8ehcCWGIstavE3nS - 8994163903669241 - May 31, 2021, 5:32 pm
txn_1Ivu8TJm8ehcCWGI6bjmb3pK - 8994163903858249 - May 31, 2021, 5:32 pm
txn_1IwHfnJm8ehcCWGIwwQxkcBx - 8994163903471240 - May 31, 2021, 5:32 pm
txn_1Ivx6uJm8ehcCWGIDvAX80GM - 8994163903866244 - May 31, 2021, 5:32 pm
txn_1Iwb9dJm8ehcCWGIh0lTCtCs - 8994163903674245 - May 31, 2021, 5:32 pm
txn_1IwVVNJm8ehcCWGIprs7R5iw - 8994163903672241 - May 31, 2021, 5:32 pm
txn_1Iw735Jm8ehcCWGIcpTpFag7 - 8994163903673248 - May 31, 2021, 5:32 pm
txn_1IwCC3Jm8ehcCWGIMaUkfrGT - 8994163903865247 - May 31, 2021, 5:32 pm
txn_1IwHdeJm8ehcCWGInaU5lBoq - 8994163903468240 - May 31, 2021, 5:32 pm
txn_1IwZdOJm8ehcCWGIUdPpvS6C - 8994163903864240 - May 31, 2021, 5:32 pm
txn_1IvuDXJm8ehcCWGIXvGao5fj - 8994163903862246 - May 31, 2021, 5:32 pm
txn_1IwBHJJm8ehcCWGIcuBJaIjF - 8994163903671244 - May 31, 2021, 5:32 pm
txn_1IwTWrJm8ehcCWGIMBp5eZ4I - 8994163903469247 - May 31, 2021, 5:32 pm
txn_1Iw6ZqJm8ehcCWGI3uPHiyMs - 8994163903863243 - May 31, 2021, 5:32 pm
txn_1IwLLFJm8ehcCWGIf8pJ6wEU - 8994163903467243 - May 31, 2021, 5:32 pm
txn_1IwZ3KJm8ehcCWGIIEKsQ9DU - 8994163903859246 - May 31, 2021, 5:32 pm
txn_1Iw8m0Jm8ehcCWGIjAdSQr3R - 8994163903860242 - May 31, 2021, 5:32 pm
txn_1IwFqdJm8ehcCWGISvVtz1W8 - 8994163903668244 - May 31, 2021, 5:32 pm
txn_1Iw4uzJm8ehcCWGIstavE3nS - 8994163903669241 - May 31, 2021, 5:32 pm
txn_1Ivu8TJm8ehcCWGI6bjmb3pK - 8994163903858249 - May 31, 2021, 5:32 pm
txn_1IwHfnJm8ehcCWGIwwQxkcBx - 8994163903471240 - May 31, 2021, 5:32 pm
txn_1Ivx6uJm8ehcCWGIDvAX80GM - 8994163903866244 - May 31, 2021, 5:32 pm
txn_1Iwb9dJm8ehcCWGIh0lTCtCs - 8994163903674245 - May 31, 2021, 5:32 pm
txn_1IwVVNJm8ehcCWGIprs7R5iw - 8994163903672241 - May 31, 2021, 5:32 pm
txn_1Iw735Jm8ehcCWGIcpTpFag7 - 8994163903673248 - May 31, 2021, 5:32 pm
txn_1IwCC3Jm8ehcCWGIMaUkfrGT - 8994163903865247 - May 31, 2021, 5:32 pm
txn_1IwHdeJm8ehcCWGInaU5lBoq - 8994163903468240 - May 31, 2021, 5:32 pm
txn_1IwZdOJm8ehcCWGIUdPpvS6C - 8994163903864240 - May 31, 2021, 5:32 pm
txn_1IvuDXJm8ehcCWGIXvGao5fj - 8994163903862246 - May 31, 2021, 5:32 pm
txn_1IwBHJJm8ehcCWGIcuBJaIjF - 8994163903671244 - May 31, 2021, 5:32 pm
txn_1IwTWrJm8ehcCWGIMBp5eZ4I - 8994163903469247 - May 31, 2021, 5:32 pm
txn_1Iw6ZqJm8ehcCWGI3uPHiyMs - 8994163903863243 - May 31, 2021, 5:32 pm
txn_1IwLLFJm8ehcCWGIf8pJ6wEU - 8994163903467243 - May 31, 2021, 5:32 pm
txn_1IwZ3KJm8ehcCWGIIEKsQ9DU - 8994163903859246 - May 31, 2021, 5:32 pm
txn_1Iw8m0Jm8ehcCWGIjAdSQr3R - 8994163903860242 - May 31, 2021, 5:32 pm
txn_1IwFqdJm8ehcCWGISvVtz1W8 - 8994163903668244 - May 31, 2021, 5:32 pm
txn_1Iw4uzJm8ehcCWGIstavE3nS - 8994163903669241 - May 31, 2021, 5:32 pm
txn_1Ivu8TJm8ehcCWGI6bjmb3pK - 8994163903858249 - May 31, 2021, 5:33 pm
txn_1IwHfnJm8ehcCWGIwwQxkcBx - 8994163903471240 - May 31, 2021, 5:33 pm
txn_1Ivx6uJm8ehcCWGIDvAX80GM - 8994163903866244 - May 31, 2021, 5:33 pm
txn_1Iwb9dJm8ehcCWGIh0lTCtCs - 8994163903674245 - May 31, 2021, 5:33 pm
txn_1IwVVNJm8ehcCWGIprs7R5iw - 8994163903672241 - May 31, 2021, 5:33 pm
txn_1Iw735Jm8ehcCWGIcpTpFag7 - 8994163903673248 - May 31, 2021, 5:33 pm
txn_1IwCC3Jm8ehcCWGIMaUkfrGT - 8994163903865247 - May 31, 2021, 5:33 pm
txn_1IwHdeJm8ehcCWGInaU5lBoq - 8994163903468240 - May 31, 2021, 5:33 pm
txn_1IwZdOJm8ehcCWGIUdPpvS6C - 8994163903864240 - May 31, 2021, 5:33 pm
txn_1IvuDXJm8ehcCWGIXvGao5fj - 8994163903862246 - May 31, 2021, 5:33 pm
txn_1IwBHJJm8ehcCWGIcuBJaIjF - 8994163903671244 - May 31, 2021, 5:33 pm
txn_1IwTWrJm8ehcCWGIMBp5eZ4I - 8994163903469247 - May 31, 2021, 5:33 pm
txn_1Iw6ZqJm8ehcCWGI3uPHiyMs - 8994163903863243 - May 31, 2021, 5:33 pm
txn_1IwLLFJm8ehcCWGIf8pJ6wEU - 8994163903467243 - May 31, 2021, 5:33 pm
txn_1IwZ3KJm8ehcCWGIIEKsQ9DU - 8994163903859246 - May 31, 2021, 5:33 pm
txn_1Iw8m0Jm8ehcCWGIjAdSQr3R - 8994163903860242 - May 31, 2021, 5:33 pm
txn_1IwFqdJm8ehcCWGISvVtz1W8 - 8994163903668244 - May 31, 2021, 5:33 pm
txn_1Iw4uzJm8ehcCWGIstavE3nS - 8994163903669241 - May 31, 2021, 5:33 pm
txn_1Ivu8TJm8ehcCWGI6bjmb3pK - 8994163903858249 - May 31, 2021, 5:33 pm
txn_1IwHfnJm8ehcCWGIwwQxkcBx - 8994163903471240 - May 31, 2021, 5:33 pm
txn_1Ivx6uJm8ehcCWGIDvAX80GM - 8994163903866244 - May 31, 2021, 5:33 pm
txn_1Iwb9dJm8ehcCWGIh0lTCtCs - 8994163903674245 - May 31, 2021, 5:33 pm
txn_1IwVVNJm8ehcCWGIprs7R5iw - 8994163903672241 - May 31, 2021, 5:33 pm
txn_1Iw735Jm8ehcCWGIcpTpFag7 - 8994163903673248 - May 31, 2021, 5:33 pm
txn_1IwCC3Jm8ehcCWGIMaUkfrGT - 8994163903865247 - May 31, 2021, 5:33 pm
txn_1IwHdeJm8ehcCWGInaU5lBoq - 8994163903468240 - May 31, 2021, 5:33 pm
txn_1IwZdOJm8ehcCWGIUdPpvS6C - 8994163903864240 - May 31, 2021, 5:33 pm
txn_1IvuDXJm8ehcCWGIXvGao5fj - 8994163903862246 - May 31, 2021, 5:33 pm
txn_1IwBHJJm8ehcCWGIcuBJaIjF - 8994163903671244 - May 31, 2021, 5:33 pm
txn_1IwTWrJm8ehcCWGIMBp5eZ4I - 8994163903469247 - May 31, 2021, 5:33 pm
txn_1Iw6ZqJm8ehcCWGI3uPHiyMs - 8994163903863243 - May 31, 2021, 5:33 pm
txn_1IwLLFJm8ehcCWGIf8pJ6wEU - 8994163903467243 - May 31, 2021, 5:33 pm
txn_1IwZ3KJm8ehcCWGIIEKsQ9DU - 8994163903859246 - May 31, 2021, 5:33 pm
txn_1Iw8m0Jm8ehcCWGIjAdSQr3R - 8994163903860242 - May 31, 2021, 5:33 pm
txn_1IwFqdJm8ehcCWGISvVtz1W8 - 8994163903668244 - May 31, 2021, 5:33 pm
txn_1Iw4uzJm8ehcCWGIstavE3nS - 8994163903669241 - May 31, 2021, 5:33 pm
txn_1Ivu8TJm8ehcCWGI6bjmb3pK - 8994163903858249 - May 31, 2021, 5:33 pm
txn_1IwHfnJm8ehcCWGIwwQxkcBx - 8994163903471240 - May 31, 2021, 5:33 pm
txn_1Ivx6uJm8ehcCWGIDvAX80GM - 8994163903866244 - May 31, 2021, 5:33 pm
txn_1Iwb9dJm8ehcCWGIh0lTCtCs - 8994163903674245 - May 31, 2021, 5:33 pm
txn_1IwVVNJm8ehcCWGIprs7R5iw - 8994163903672241 - May 31, 2021, 5:33 pm
txn_1Iw735Jm8ehcCWGIcpTpFag7 - 8994163903673248 - May 31, 2021, 5:33 pm
txn_1IwCC3Jm8ehcCWGIMaUkfrGT - 8994163903865247 - May 31, 2021, 5:33 pm
txn_1IwHdeJm8ehcCWGInaU5lBoq - 8994163903468240 - May 31, 2021, 5:33 pm
txn_1IwZdOJm8ehcCWGIUdPpvS6C - 8994163903864240 - May 31, 2021, 5:33 pm
txn_1IvuDXJm8ehcCWGIXvGao5fj - 8994163903862246 - May 31, 2021, 5:33 pm
txn_1IwBHJJm8ehcCWGIcuBJaIjF - 8994163903671244 - May 31, 2021, 5:33 pm
txn_1IwTWrJm8ehcCWGIMBp5eZ4I - 8994163903469247 - May 31, 2021, 5:33 pm
txn_1Iw6ZqJm8ehcCWGI3uPHiyMs - 8994163903863243 - May 31, 2021, 5:33 pm
txn_1IwLLFJm8ehcCWGIf8pJ6wEU - 8994163903467243 - May 31, 2021, 5:33 pm
txn_1IwZ3KJm8ehcCWGIIEKsQ9DU - 8994163903859246 - May 31, 2021, 5:33 pm
txn_1Iw8m0Jm8ehcCWGIjAdSQr3R - 8994163903860242 - May 31, 2021, 5:33 pm
txn_1IwFqdJm8ehcCWGISvVtz1W8 - 8994163903668244 - May 31, 2021, 5:33 pm
txn_1Iw4uzJm8ehcCWGIstavE3nS - 8994163903669241 - May 31, 2021, 5:33 pm
txn_1Ivu8TJm8ehcCWGI6bjmb3pK - 8994163903858249 - May 31, 2021, 5:33 pm
txn_1IwHfnJm8ehcCWGIwwQxkcBx - 8994163903471240 - May 31, 2021, 5:33 pm
txn_1Ivx6uJm8ehcCWGIDvAX80GM - 8994163903866244 - May 31, 2021, 5:33 pm
txn_1Iwb9dJm8ehcCWGIh0lTCtCs - 8994163903674245 - May 31, 2021, 5:33 pm
txn_1IwVVNJm8ehcCWGIprs7R5iw - 8994163903672241 - May 31, 2021, 5:33 pm
txn_1Iw735Jm8ehcCWGIcpTpFag7 - 8994163903673248 - May 31, 2021, 5:33 pm
txn_1IwCC3Jm8ehcCWGIMaUkfrGT - 8994163903865247 - May 31, 2021, 5:33 pm
txn_1IwHdeJm8ehcCWGInaU5lBoq - 8994163903468240 - May 31, 2021, 5:33 pm
txn_1IwZdOJm8ehcCWGIUdPpvS6C - 8994163903864240 - May 31, 2021, 5:33 pm
txn_1IvuDXJm8ehcCWGIXvGao5fj - 8994163903862246 - May 31, 2021, 5:33 pm
txn_1IwBHJJm8ehcCWGIcuBJaIjF - 8994163903671244 - May 31, 2021, 5:33 pm
txn_1IwTWrJm8ehcCWGIMBp5eZ4I - 8994163903469247 - May 31, 2021, 5:33 pm
txn_1Iw6ZqJm8ehcCWGI3uPHiyMs - 8994163903863243 - May 31, 2021, 5:33 pm
txn_1IwLLFJm8ehcCWGIf8pJ6wEU - 8994163903467243 - May 31, 2021, 5:33 pm
txn_1IwZ3KJm8ehcCWGIIEKsQ9DU - 8994163903859246 - May 31, 2021, 5:33 pm
txn_1Iw8m0Jm8ehcCWGIjAdSQr3R - 8994163903860242 - May 31, 2021, 5:33 pm
txn_1IwFqdJm8ehcCWGISvVtz1W8 - 8994163903668244 - May 31, 2021, 5:33 pm
txn_1Iw4uzJm8ehcCWGIstavE3nS - 8994163903669241 - May 31, 2021, 5:33 pm
txn_1Ivu8TJm8ehcCWGI6bjmb3pK - 8994163903858249 - May 31, 2021, 5:33 pm
txn_1IwHfnJm8ehcCWGIwwQxkcBx - 8994163903471240 - May 31, 2021, 5:33 pm
txn_1Ivx6uJm8ehcCWGIDvAX80GM - 8994163903866244 - May 31, 2021, 5:33 pm
txn_1Iwb9dJm8ehcCWGIh0lTCtCs - 8994163903674245 - May 31, 2021, 5:33 pm
txn_1IwVVNJm8ehcCWGIprs7R5iw - 8994163903672241 - May 31, 2021, 5:33 pm
txn_1Iw735Jm8ehcCWGIcpTpFag7 - 8994163903673248 - May 31, 2021, 5:33 pm
txn_1IwCC3Jm8ehcCWGIMaUkfrGT - 8994163903865247 - May 31, 2021, 5:33 pm
txn_1IwHdeJm8ehcCWGInaU5lBoq - 8994163903468240 - May 31, 2021, 5:33 pm
txn_1IwZdOJm8ehcCWGIUdPpvS6C - 8994163903864240 - May 31, 2021, 5:33 pm
txn_1IvuDXJm8ehcCWGIXvGao5fj - 8994163903862246 - May 31, 2021, 5:33 pm
txn_1IwBHJJm8ehcCWGIcuBJaIjF - 8994163903671244 - May 31, 2021, 5:33 pm
txn_1IwTWrJm8ehcCWGIMBp5eZ4I - 8994163903469247 - May 31, 2021, 5:33 pm
txn_1Iw6ZqJm8ehcCWGI3uPHiyMs - 8994163903863243 - May 31, 2021, 5:33 pm
txn_1IwLLFJm8ehcCWGIf8pJ6wEU - 8994163903467243 - May 31, 2021, 5:33 pm
txn_1IwZ3KJm8ehcCWGIIEKsQ9DU - 8994163903859246 - May 31, 2021, 5:33 pm
txn_1Iw8m0Jm8ehcCWGIjAdSQr3R - 8994163903860242 - May 31, 2021, 5:33 pm
txn_1IwFqdJm8ehcCWGISvVtz1W8 - 8994163903668244 - May 31, 2021, 5:33 pm
txn_1Iw4uzJm8ehcCWGIstavE3nS - 8994163903669241 - May 31, 2021, 5:33 pm
txn_1Ivu8TJm8ehcCWGI6bjmb3pK - 8994163903858249 - May 31, 2021, 5:33 pm
txn_1IwHfnJm8ehcCWGIwwQxkcBx - 8994163903471240 - May 31, 2021, 5:33 pm
txn_1Ivx6uJm8ehcCWGIDvAX80GM - 8994163903866244 - May 31, 2021, 5:33 pm
txn_1Iwb9dJm8ehcCWGIh0lTCtCs - 8994163903674245 - May 31, 2021, 5:33 pm
txn_1IwVVNJm8ehcCWGIprs7R5iw - 8994163903672241 - May 31, 2021, 5:33 pm
txn_1Iw735Jm8ehcCWGIcpTpFag7 - 8994163903673248 - May 31, 2021, 5:33 pm
txn_1IwCC3Jm8ehcCWGIMaUkfrGT - 8994163903865247 - May 31, 2021, 5:33 pm
txn_1IwHdeJm8ehcCWGInaU5lBoq - 8994163903468240 - May 31, 2021, 5:33 pm
txn_1IwZdOJm8ehcCWGIUdPpvS6C - 8994163903864240 - May 31, 2021, 5:33 pm
txn_1IvuDXJm8ehcCWGIXvGao5fj - 8994163903862246 - May 31, 2021, 5:33 pm
txn_1IwBHJJm8ehcCWGIcuBJaIjF - 8994163903671244 - May 31, 2021, 5:33 pm
txn_1IwTWrJm8ehcCWGIMBp5eZ4I - 8994163903469247 - May 31, 2021, 5:33 pm
txn_1Iw6ZqJm8ehcCWGI3uPHiyMs - 8994163903863243 - May 31, 2021, 5:33 pm
txn_1IwLLFJm8ehcCWGIf8pJ6wEU - 8994163903467243 - May 31, 2021, 5:33 pm
txn_1IwZ3KJm8ehcCWGIIEKsQ9DU - 8994163903859246 - May 31, 2021, 5:33 pm
txn_1Iw8m0Jm8ehcCWGIjAdSQr3R - 8994163903860242 - May 31, 2021, 5:33 pm
txn_1IwFqdJm8ehcCWGISvVtz1W8 - 8994163903668244 - May 31, 2021, 5:33 pm
txn_1Iw4uzJm8ehcCWGIstavE3nS - 8994163903669241 - May 31, 2021, 5:33 pm
txn_1IwcShJm8ehcCWGIgRhQkqnk - 8994163903501244 - May 31, 2021, 5:33 pm
txn_1IwJQDJm8ehcCWGIg13ePXv8 - 8994163903500247 - May 31, 2021, 5:33 pm
txn_1Iw7rLJm8ehcCWGI3k5zsj04 - 8994163903892243 - May 31, 2021, 5:33 pm
txn_1Iw34jJm8ehcCWGINpaJ2X8Q - 8994163903888246 - May 31, 2021, 5:33 pm
txn_1IwbUZJm8ehcCWGI4Z5QEqgl - 8994163903498247 - May 31, 2021, 5:33 pm
txn_1IwHscJm8ehcCWGIYQ7Dexne - 8994163903887249 - May 31, 2021, 5:33 pm
txn_1IwbRzJm8ehcCWGIkaN88X7t - 8994163903493242 - May 31, 2021, 5:33 pm
txn_1Iw0euJm8ehcCWGIGBoyXKbP - 8994163903885245 - May 31, 2021, 5:33 pm
txn_1IwDTTJm8ehcCWGIRpPuIWtF - 8994163903494249 - May 31, 2021, 5:33 pm
txn_1Ivu8TJm8ehcCWGI6bjmb3pK - 8994163903858249 - May 31, 2021, 5:33 pm
txn_1IwHfnJm8ehcCWGIwwQxkcBx - 8994163903471240 - May 31, 2021, 5:33 pm
txn_1Ivx6uJm8ehcCWGIDvAX80GM - 8994163903866244 - May 31, 2021, 5:33 pm
txn_1Iwb9dJm8ehcCWGIh0lTCtCs - 8994163903674245 - May 31, 2021, 5:33 pm
txn_1IwVVNJm8ehcCWGIprs7R5iw - 8994163903672241 - May 31, 2021, 5:33 pm
txn_1Iw735Jm8ehcCWGIcpTpFag7 - 8994163903673248 - May 31, 2021, 5:33 pm
txn_1IwCC3Jm8ehcCWGIMaUkfrGT - 8994163903865247 - May 31, 2021, 5:33 pm
txn_1IwHdeJm8ehcCWGInaU5lBoq - 8994163903468240 - May 31, 2021, 5:33 pm
txn_1IwZdOJm8ehcCWGIUdPpvS6C - 8994163903864240 - May 31, 2021, 5:33 pm
txn_1IvuDXJm8ehcCWGIXvGao5fj - 8994163903862246 - May 31, 2021, 5:33 pm
txn_1IwBHJJm8ehcCWGIcuBJaIjF - 8994163903671244 - May 31, 2021, 5:33 pm
txn_1IwTWrJm8ehcCWGIMBp5eZ4I - 8994163903469247 - May 31, 2021, 5:33 pm
txn_1Iw6ZqJm8ehcCWGI3uPHiyMs - 8994163903863243 - May 31, 2021, 5:33 pm
txn_1IwLLFJm8ehcCWGIf8pJ6wEU - 8994163903467243 - May 31, 2021, 5:33 pm
txn_1IwZ3KJm8ehcCWGIIEKsQ9DU - 8994163903859246 - May 31, 2021, 5:33 pm
txn_1Iw8m0Jm8ehcCWGIjAdSQr3R - 8994163903860242 - May 31, 2021, 5:33 pm
txn_1IwFqdJm8ehcCWGISvVtz1W8 - 8994163903668244 - May 31, 2021, 5:33 pm
txn_1Iw4uzJm8ehcCWGIstavE3nS - 8994163903669241 - May 31, 2021, 5:33 pm
txn_1IwCsSJm8ehcCWGIcru0Tu7S - 8994163903696247 - May 31, 2021, 5:33 pm
txn_1IwYqYJm8ehcCWGIZ4DnsdZB - 8994163903503248 - May 31, 2021, 5:33 pm
txn_1Iw8L9Jm8ehcCWGIdmFzXIV1 - 8994163903894247 - May 31, 2021, 5:33 pm
2021Influencer667 - 8994163903896241 - May 31, 2021, 5:33 pm
txn_1IwWKQJm8ehcCWGIY8CFau1N - 8994163903893240 - May 31, 2021, 5:33 pm
txn_1IwcShJm8ehcCWGIgRhQkqnk - 8994163903501244 - May 31, 2021, 5:33 pm
txn_1IwJQDJm8ehcCWGIg13ePXv8 - 8994163903500247 - May 31, 2021, 5:33 pm
txn_1Iw7rLJm8ehcCWGI3k5zsj04 - 8994163903892243 - May 31, 2021, 5:33 pm
txn_1Iw34jJm8ehcCWGINpaJ2X8Q - 8994163903888246 - May 31, 2021, 5:33 pm
txn_1IwbUZJm8ehcCWGI4Z5QEqgl - 8994163903498247 - May 31, 2021, 5:33 pm
txn_1IwHscJm8ehcCWGIYQ7Dexne - 8994163903887249 - May 31, 2021, 5:33 pm
txn_1IwbRzJm8ehcCWGIkaN88X7t - 8994163903493242 - May 31, 2021, 5:33 pm
txn_1Iw0euJm8ehcCWGIGBoyXKbP - 8994163903885245 - May 31, 2021, 5:33 pm
txn_1IwDTTJm8ehcCWGIRpPuIWtF - 8994163903494249 - May 31, 2021, 5:33 pm
