2021Influencer156 - 8994163359540132 - January 21, 2021, 2:05 pm
txn_1IC4vPJm8ehcCWGI5Q5lT7Ii - 8994163359335134 - January 21, 2021, 2:05 pm
txn_1IBnbXJm8ehcCWGI2ApLEVAN - 8994163359145139 - January 21, 2021, 2:05 pm
2021Influencer163 - 8994163359497139 - January 21, 2021, 2:05 pm
txn_1IC6DyJm8ehcCWGIggLsYBBj - 8994163359136137 - January 21, 2021, 2:05 pm
txn_1IBtv6Jm8ehcCWGIHNfEokWr - 8994163359133136 - January 21, 2021, 2:05 pm
2021Influencer154 - 8994163359486133 - January 21, 2021, 2:05 pm
txn_1IBoAkJm8ehcCWGIiVOxEQgg - 8994163359131132 - January 21, 2021, 2:05 pm
txn_1IBrXDJm8ehcCWGIEEb8fBAx - 8994163359317130 - January 21, 2021, 2:05 pm
2021Influencer162 - 8994163359319134 - January 21, 2021, 2:05 pm
txn_1IBu3lJm8ehcCWGIzj6LfhYl - 8994163359309135 - January 21, 2021, 2:05 pm
txn_1IC7mRJm8ehcCWGI4kNyzOv7 - 8994163359483132 - January 21, 2021, 2:05 pm
2021Influencer160 - 8994163359482135 - January 21, 2021, 2:05 pm
txn_1IBod7Jm8ehcCWGIU6zoPq9T - 8994163359305137 - January 21, 2021, 2:05 pm
txn_1IBrvgJm8ehcCWGIpbdMOdrq - 8994163359304130 - January 21, 2021, 2:05 pm
2021Influencer153 - 8994163359479135 - January 21, 2021, 2:05 pm
2021Influencer168 - 8994163359294134 - January 21, 2021, 2:05 pm
2021Influencer161 - 8994163359467132 - January 21, 2021, 2:05 pm
txn_1IBwjMJm8ehcCWGIebjiMEG0 - 8994163359461130 - January 21, 2021, 2:05 pm
txn_1IBpW1Jm8ehcCWGIsA6c52y7 - 8994163359118133 - January 21, 2021, 2:05 pm
txn_1IBsAVJm8ehcCWGINCJ6820t - 8994163359117136 - January 21, 2021, 2:05 pm
2021Influencer152 - 8994163359290136 - January 21, 2021, 2:05 pm
2021Influencer159 - 8994163359112131 - January 21, 2021, 2:05 pm
2021Influencer167 - 8994163359110137 - January 21, 2021, 2:05 pm
txn_1IBxFsJm8ehcCWGI5RrjeP7r - 8994163359272132 - January 21, 2021, 2:05 pm
txn_1IBpZxJm8ehcCWGICbxmPueB - 8994163359453135 - January 21, 2021, 2:05 pm
txn_1IBsB0Jm8ehcCWGIdTSM4c1f - 8994163359451131 - January 21, 2021, 2:05 pm
2021Influencer151 - 8994163359449138 - January 21, 2021, 2:05 pm
2021Influencer158 - 8994163359435131 - January 21, 2021, 2:05 pm
2021Influencer166 - 8994163359433137 - January 21, 2021, 2:05 pm
txn_1IBqi0Jm8ehcCWGIF3BRTcHx - 8994163359261136 - January 21, 2021, 2:05 pm
txn_1IBsPeJm8ehcCWGIYNfgO4iT - 8994163359260139 - January 21, 2021, 2:05 pm
txn_1IBxprJm8ehcCWGIBEtmQIqt - 8994163359095137 - January 21, 2021, 2:05 pm
2021Influencer150 - 8994163359426139 - January 21, 2021, 2:05 pm
2021Influencer157 - 8994163359087132 - January 21, 2021, 2:05 pm
txn_1IBqiiJm8ehcCWGIK1LnSmP5 - 8994163359249134 - January 21, 2021, 2:05 pm
txn_1IC2BFJm8ehcCWGInymSmKwj - 8994163359413139 - January 21, 2021, 2:05 pm
2021Influencer165 - 8994163359088139 - January 21, 2021, 2:05 pm
txn_1IBsjOJm8ehcCWGIiLKiqSQj - 8994163359248137 - January 21, 2021, 2:05 pm
2021Influencer149 - 8994163359412132 - January 21, 2021, 2:05 pm
2021Influencer156 - 8994163359540132 - January 21, 2021, 2:06 pm
txn_1IC4vPJm8ehcCWGI5Q5lT7Ii - 8994163359335134 - January 21, 2021, 2:06 pm
txn_1IBnbXJm8ehcCWGI2ApLEVAN - 8994163359145139 - January 21, 2021, 2:06 pm
2021Influencer163 - 8994163359497139 - January 21, 2021, 2:06 pm
txn_1IC6DyJm8ehcCWGIggLsYBBj - 8994163359136137 - January 21, 2021, 2:06 pm
txn_1IBtv6Jm8ehcCWGIHNfEokWr - 8994163359133136 - January 21, 2021, 2:06 pm
2021Influencer154 - 8994163359486133 - January 21, 2021, 2:06 pm
txn_1IBoAkJm8ehcCWGIiVOxEQgg - 8994163359131132 - January 21, 2021, 2:06 pm
txn_1IBrXDJm8ehcCWGIEEb8fBAx - 8994163359317130 - January 21, 2021, 2:06 pm
2021Influencer162 - 8994163359319134 - January 21, 2021, 2:06 pm
txn_1IBu3lJm8ehcCWGIzj6LfhYl - 8994163359309135 - January 21, 2021, 2:06 pm
txn_1IC7mRJm8ehcCWGI4kNyzOv7 - 8994163359483132 - January 21, 2021, 2:06 pm
2021Influencer160 - 8994163359482135 - January 21, 2021, 2:06 pm
txn_1IBod7Jm8ehcCWGIU6zoPq9T - 8994163359305137 - January 21, 2021, 2:06 pm
txn_1IBrvgJm8ehcCWGIpbdMOdrq - 8994163359304130 - January 21, 2021, 2:06 pm
2021Influencer153 - 8994163359479135 - January 21, 2021, 2:06 pm
2021Influencer168 - 8994163359294134 - January 21, 2021, 2:06 pm
2021Influencer161 - 8994163359467132 - January 21, 2021, 2:06 pm
txn_1IBwjMJm8ehcCWGIebjiMEG0 - 8994163359461130 - January 21, 2021, 2:06 pm
txn_1IBpW1Jm8ehcCWGIsA6c52y7 - 8994163359118133 - January 21, 2021, 2:06 pm
txn_1IBsAVJm8ehcCWGINCJ6820t - 8994163359117136 - January 21, 2021, 2:06 pm
2021Influencer152 - 8994163359290136 - January 21, 2021, 2:06 pm
2021Influencer159 - 8994163359112131 - January 21, 2021, 2:06 pm
2021Influencer167 - 8994163359110137 - January 21, 2021, 2:06 pm
txn_1IBxFsJm8ehcCWGI5RrjeP7r - 8994163359272132 - January 21, 2021, 2:06 pm
txn_1IBpZxJm8ehcCWGICbxmPueB - 8994163359453135 - January 21, 2021, 2:06 pm
txn_1IBsB0Jm8ehcCWGIdTSM4c1f - 8994163359451131 - January 21, 2021, 2:06 pm
2021Influencer151 - 8994163359449138 - January 21, 2021, 2:06 pm
2021Influencer158 - 8994163359435131 - January 21, 2021, 2:06 pm
2021Influencer166 - 8994163359433137 - January 21, 2021, 2:06 pm
txn_1IBqi0Jm8ehcCWGIF3BRTcHx - 8994163359261136 - January 21, 2021, 2:06 pm
txn_1IBsPeJm8ehcCWGIYNfgO4iT - 8994163359260139 - January 21, 2021, 2:06 pm
txn_1IBxprJm8ehcCWGIBEtmQIqt - 8994163359095137 - January 21, 2021, 2:06 pm
2021Influencer150 - 8994163359426139 - January 21, 2021, 2:06 pm
2021Influencer157 - 8994163359087132 - January 21, 2021, 2:06 pm
txn_1IBqiiJm8ehcCWGIK1LnSmP5 - 8994163359249134 - January 21, 2021, 2:06 pm
txn_1IC2BFJm8ehcCWGInymSmKwj - 8994163359413139 - January 21, 2021, 2:06 pm
2021Influencer165 - 8994163359088139 - January 21, 2021, 2:06 pm
txn_1IBsjOJm8ehcCWGIiLKiqSQj - 8994163359248137 - January 21, 2021, 2:06 pm
2021Influencer149 - 8994163359412132 - January 21, 2021, 2:06 pm
2021Influencer155 - 8994163360187135 - January 21, 2021, 2:06 pm
txn_1IBnUgJm8ehcCWGI6z7QDVPY - 8994163359734135 - January 21, 2021, 2:06 pm
txn_1IBqxrJm8ehcCWGImE7o9It3 - 8994163360238134 - January 21, 2021, 2:06 pm
txn_1IBr3gJm8ehcCWGIpUuYpOZ4 - 8994163360414132 - January 21, 2021, 2:06 pm
txn_1IBt6WJm8ehcCWGIDjPkLhrA - 8994163359714137 - January 21, 2021, 2:06 pm
txn_1IBtPzJm8ehcCWGIxQtxWGF4 - 8994163359991132 - January 21, 2021, 2:06 pm
txn_1IBmNSJm8ehcCWGIizA0amzt - 8994163360201138 - January 21, 2021, 2:06 pm
2021Influencer164 - 8994163359976139 - January 21, 2021, 2:06 pm
txn_1IBnOVJm8ehcCWGIEkWdzbt6 - 8994163359959132 - January 21, 2021, 2:06 pm
2021Influencer156 - 8994163359540132 - January 21, 2021, 2:08 pm
txn_1IC4vPJm8ehcCWGI5Q5lT7Ii - 8994163359335134 - January 21, 2021, 2:08 pm
txn_1IBnbXJm8ehcCWGI2ApLEVAN - 8994163359145139 - January 21, 2021, 2:08 pm
2021Influencer163 - 8994163359497139 - January 21, 2021, 2:08 pm
txn_1IC6DyJm8ehcCWGIggLsYBBj - 8994163359136137 - January 21, 2021, 2:08 pm
txn_1IBtv6Jm8ehcCWGIHNfEokWr - 8994163359133136 - January 21, 2021, 2:08 pm
2021Influencer154 - 8994163359486133 - January 21, 2021, 2:08 pm
txn_1IBoAkJm8ehcCWGIiVOxEQgg - 8994163359131132 - January 21, 2021, 2:08 pm
txn_1IBrXDJm8ehcCWGIEEb8fBAx - 8994163359317130 - January 21, 2021, 2:08 pm
2021Influencer162 - 8994163359319134 - January 21, 2021, 2:08 pm
txn_1IBu3lJm8ehcCWGIzj6LfhYl - 8994163359309135 - January 21, 2021, 2:08 pm
txn_1IC7mRJm8ehcCWGI4kNyzOv7 - 8994163359483132 - January 21, 2021, 2:08 pm
2021Influencer160 - 8994163359482135 - January 21, 2021, 2:08 pm
txn_1IBod7Jm8ehcCWGIU6zoPq9T - 8994163359305137 - January 21, 2021, 2:08 pm
txn_1IBrvgJm8ehcCWGIpbdMOdrq - 8994163359304130 - January 21, 2021, 2:08 pm
2021Influencer153 - 8994163359479135 - January 21, 2021, 2:08 pm
2021Influencer168 - 8994163359294134 - January 21, 2021, 2:08 pm
2021Influencer161 - 8994163359467132 - January 21, 2021, 2:08 pm
txn_1IBwjMJm8ehcCWGIebjiMEG0 - 8994163359461130 - January 21, 2021, 2:08 pm
txn_1IBpW1Jm8ehcCWGIsA6c52y7 - 8994163359118133 - January 21, 2021, 2:08 pm
txn_1IBsAVJm8ehcCWGINCJ6820t - 8994163359117136 - January 21, 2021, 2:08 pm
2021Influencer152 - 8994163359290136 - January 21, 2021, 2:08 pm
2021Influencer159 - 8994163359112131 - January 21, 2021, 2:08 pm
2021Influencer167 - 8994163359110137 - January 21, 2021, 2:08 pm
txn_1IBxFsJm8ehcCWGI5RrjeP7r - 8994163359272132 - January 21, 2021, 2:08 pm
txn_1IBpZxJm8ehcCWGICbxmPueB - 8994163359453135 - January 21, 2021, 2:08 pm
txn_1IBsB0Jm8ehcCWGIdTSM4c1f - 8994163359451131 - January 21, 2021, 2:08 pm
2021Influencer151 - 8994163359449138 - January 21, 2021, 2:08 pm
2021Influencer158 - 8994163359435131 - January 21, 2021, 2:08 pm
2021Influencer166 - 8994163359433137 - January 21, 2021, 2:08 pm
txn_1IBqi0Jm8ehcCWGIF3BRTcHx - 8994163359261136 - January 21, 2021, 2:08 pm
txn_1IBsPeJm8ehcCWGIYNfgO4iT - 8994163359260139 - January 21, 2021, 2:08 pm
txn_1IBxprJm8ehcCWGIBEtmQIqt - 8994163359095137 - January 21, 2021, 2:08 pm
2021Influencer150 - 8994163359426139 - January 21, 2021, 2:08 pm
2021Influencer157 - 8994163359087132 - January 21, 2021, 2:08 pm
txn_1IBqiiJm8ehcCWGIK1LnSmP5 - 8994163359249134 - January 21, 2021, 2:08 pm
txn_1IC2BFJm8ehcCWGInymSmKwj - 8994163359413139 - January 21, 2021, 2:08 pm
2021Influencer165 - 8994163359088139 - January 21, 2021, 2:08 pm
txn_1IBsjOJm8ehcCWGIiLKiqSQj - 8994163359248137 - January 21, 2021, 2:08 pm
2021Influencer149 - 8994163359412132 - January 21, 2021, 2:08 pm
2021Influencer155 - 8994163360187135 - January 21, 2021, 2:08 pm
txn_1IBnUgJm8ehcCWGI6z7QDVPY - 8994163359734135 - January 21, 2021, 2:08 pm
txn_1IBqxrJm8ehcCWGImE7o9It3 - 8994163360238134 - January 21, 2021, 2:08 pm
txn_1IBr3gJm8ehcCWGIpUuYpOZ4 - 8994163360414132 - January 21, 2021, 2:08 pm
txn_1IBt6WJm8ehcCWGIDjPkLhrA - 8994163359714137 - January 21, 2021, 2:08 pm
txn_1IBtPzJm8ehcCWGIxQtxWGF4 - 8994163359991132 - January 21, 2021, 2:08 pm
txn_1IBmNSJm8ehcCWGIizA0amzt - 8994163360201138 - January 21, 2021, 2:08 pm
2021Influencer164 - 8994163359976139 - January 21, 2021, 2:08 pm
txn_1IBnOVJm8ehcCWGIEkWdzbt6 - 8994163359959132 - January 21, 2021, 2:08 pm
txn_1IC6Z8Jm8ehcCWGIYdA1L1gw - 8994163361260134 - January 21, 2021, 2:08 pm
