txn_1IK4hMJm8ehcCWGILPzwBig8 - 8994163260668208 - February 12, 2021, 1:53 pm
txn_1IJkXyJm8ehcCWGI22DsJIzz - 8994163260352206 - February 12, 2021, 1:53 pm
txn_1IJw2iJm8ehcCWGIrRPWDHWI - 8994163260664200 - February 12, 2021, 1:53 pm
2021Influencer346 - 8994163260351209 - February 12, 2021, 1:53 pm
2021Influencer341 - 8994163260662206 - February 12, 2021, 1:53 pm
txn_1IK5PhJm8ehcCWGIBGgysOBU - 8994163260497204 - February 12, 2021, 1:53 pm
txn_1IJqUsJm8ehcCWGII5XHaWce - 8994163260663203 - February 12, 2021, 1:53 pm
txn_1IJlL8Jm8ehcCWGI0ogu4Z1I - 8994163260660202 - February 12, 2021, 1:53 pm
txn_1IK1EnJm8ehcCWGIUC6awzdd - 8994163260494203 - February 12, 2021, 1:53 pm
txn_1IK6WrJm8ehcCWGI9D0pbQNZ - 8994163260657202 - February 12, 2021, 1:53 pm
2021Influencer345 - 8994163260658209 - February 12, 2021, 1:53 pm
txn_1IJqbpJm8ehcCWGIQHWS0se4 - 8994163260659206 - February 12, 2021, 1:53 pm
2021Influencer340 - 8994163260656205 - February 12, 2021, 1:53 pm
txn_1IK3BCJm8ehcCWGIUyYcGnkx - 8994163260492209 - February 12, 2021, 1:53 pm
txn_1IJmLlJm8ehcCWGI4lByVW0a - 8994163260347202 - February 12, 2021, 1:53 pm
txn_1IJt9eJm8ehcCWGINKsS6B4M - 8994163260654201 - February 12, 2021, 1:53 pm
2021Influencer344 - 8994163260652207 - February 12, 2021, 1:53 pm
2021Influencer349 - 8994163260346205 - February 12, 2021, 1:53 pm
2021Influencer339 - 8994163260653204 - February 12, 2021, 1:53 pm
txn_1IK4hMJm8ehcCWGILPzwBig8 - 8994163260668208 - February 12, 2021, 1:53 pm
txn_1IJkXyJm8ehcCWGI22DsJIzz - 8994163260352206 - February 12, 2021, 1:53 pm
txn_1IJw2iJm8ehcCWGIrRPWDHWI - 8994163260664200 - February 12, 2021, 1:53 pm
2021Influencer346 - 8994163260351209 - February 12, 2021, 1:53 pm
2021Influencer341 - 8994163260662206 - February 12, 2021, 1:53 pm
txn_1IK5PhJm8ehcCWGIBGgysOBU - 8994163260497204 - February 12, 2021, 1:53 pm
txn_1IJqUsJm8ehcCWGII5XHaWce - 8994163260663203 - February 12, 2021, 1:53 pm
txn_1IJlL8Jm8ehcCWGI0ogu4Z1I - 8994163260660202 - February 12, 2021, 1:53 pm
txn_1IK1EnJm8ehcCWGIUC6awzdd - 8994163260494203 - February 12, 2021, 1:53 pm
txn_1IK6WrJm8ehcCWGI9D0pbQNZ - 8994163260657202 - February 12, 2021, 1:53 pm
2021Influencer345 - 8994163260658209 - February 12, 2021, 1:53 pm
txn_1IJqbpJm8ehcCWGIQHWS0se4 - 8994163260659206 - February 12, 2021, 1:53 pm
2021Influencer340 - 8994163260656205 - February 12, 2021, 1:53 pm
txn_1IK3BCJm8ehcCWGIUyYcGnkx - 8994163260492209 - February 12, 2021, 1:53 pm
txn_1IJmLlJm8ehcCWGI4lByVW0a - 8994163260347202 - February 12, 2021, 1:53 pm
txn_1IJt9eJm8ehcCWGINKsS6B4M - 8994163260654201 - February 12, 2021, 1:53 pm
2021Influencer344 - 8994163260652207 - February 12, 2021, 1:53 pm
2021Influencer349 - 8994163260346205 - February 12, 2021, 1:53 pm
2021Influencer339 - 8994163260653204 - February 12, 2021, 1:53 pm
txn_1IK4hMJm8ehcCWGILPzwBig8 - 8994163260668208 - February 12, 2021, 1:54 pm
txn_1IJkXyJm8ehcCWGI22DsJIzz - 8994163260352206 - February 12, 2021, 1:54 pm
txn_1IJw2iJm8ehcCWGIrRPWDHWI - 8994163260664200 - February 12, 2021, 1:54 pm
2021Influencer346 - 8994163260351209 - February 12, 2021, 1:54 pm
2021Influencer341 - 8994163260662206 - February 12, 2021, 1:54 pm
txn_1IK5PhJm8ehcCWGIBGgysOBU - 8994163260497204 - February 12, 2021, 1:54 pm
txn_1IJqUsJm8ehcCWGII5XHaWce - 8994163260663203 - February 12, 2021, 1:54 pm
txn_1IJlL8Jm8ehcCWGI0ogu4Z1I - 8994163260660202 - February 12, 2021, 1:54 pm
txn_1IK1EnJm8ehcCWGIUC6awzdd - 8994163260494203 - February 12, 2021, 1:54 pm
txn_1IK6WrJm8ehcCWGI9D0pbQNZ - 8994163260657202 - February 12, 2021, 1:54 pm
2021Influencer345 - 8994163260658209 - February 12, 2021, 1:54 pm
txn_1IJqbpJm8ehcCWGIQHWS0se4 - 8994163260659206 - February 12, 2021, 1:54 pm
2021Influencer340 - 8994163260656205 - February 12, 2021, 1:54 pm
txn_1IK3BCJm8ehcCWGIUyYcGnkx - 8994163260492209 - February 12, 2021, 1:54 pm
txn_1IJmLlJm8ehcCWGI4lByVW0a - 8994163260347202 - February 12, 2021, 1:54 pm
txn_1IJt9eJm8ehcCWGINKsS6B4M - 8994163260654201 - February 12, 2021, 1:54 pm
2021Influencer344 - 8994163260652207 - February 12, 2021, 1:54 pm
2021Influencer349 - 8994163260346205 - February 12, 2021, 1:54 pm
2021Influencer339 - 8994163260653204 - February 12, 2021, 1:54 pm
txn_1IK4hMJm8ehcCWGILPzwBig8 - 8994163260668208 - February 12, 2021, 1:54 pm
txn_1IJkXyJm8ehcCWGI22DsJIzz - 8994163260352206 - February 12, 2021, 1:54 pm
txn_1IJw2iJm8ehcCWGIrRPWDHWI - 8994163260664200 - February 12, 2021, 1:54 pm
2021Influencer346 - 8994163260351209 - February 12, 2021, 1:54 pm
2021Influencer341 - 8994163260662206 - February 12, 2021, 1:54 pm
txn_1IK5PhJm8ehcCWGIBGgysOBU - 8994163260497204 - February 12, 2021, 1:54 pm
txn_1IJqUsJm8ehcCWGII5XHaWce - 8994163260663203 - February 12, 2021, 1:54 pm
txn_1IJlL8Jm8ehcCWGI0ogu4Z1I - 8994163260660202 - February 12, 2021, 1:54 pm
txn_1IK1EnJm8ehcCWGIUC6awzdd - 8994163260494203 - February 12, 2021, 1:54 pm
txn_1IK6WrJm8ehcCWGI9D0pbQNZ - 8994163260657202 - February 12, 2021, 1:54 pm
2021Influencer345 - 8994163260658209 - February 12, 2021, 1:54 pm
txn_1IJqbpJm8ehcCWGIQHWS0se4 - 8994163260659206 - February 12, 2021, 1:54 pm
2021Influencer340 - 8994163260656205 - February 12, 2021, 1:54 pm
txn_1IK3BCJm8ehcCWGIUyYcGnkx - 8994163260492209 - February 12, 2021, 1:54 pm
txn_1IJmLlJm8ehcCWGI4lByVW0a - 8994163260347202 - February 12, 2021, 1:54 pm
txn_1IJt9eJm8ehcCWGINKsS6B4M - 8994163260654201 - February 12, 2021, 1:54 pm
2021Influencer344 - 8994163260652207 - February 12, 2021, 1:54 pm
2021Influencer349 - 8994163260346205 - February 12, 2021, 1:54 pm
2021Influencer339 - 8994163260653204 - February 12, 2021, 1:54 pm
txn_1IK4PZJm8ehcCWGIrdIFia3A - 8994163260527208 - February 12, 2021, 1:54 pm
txn_1IJkP7Jm8ehcCWGIliiMJPm6 - 8994163260722207 - February 12, 2021, 1:54 pm
2021Influencer348 - 8994163260720203 - February 12, 2021, 1:54 pm
txn_1IJmX3Jm8ehcCWGIkCQcvcFC - 8994163260385204 - February 12, 2021, 1:54 pm
2021Influencer347 - 8994163260718200 - February 12, 2021, 1:54 pm
txn_1IJpeOJm8ehcCWGIP9pWVqv6 - 8994163260382203 - February 12, 2021, 1:54 pm
2021Influencer343 - 8994163260715209 - February 12, 2021, 1:54 pm
txn_1IJjqfJm8ehcCWGIHFgsS64y - 8994163260381206 - February 12, 2021, 1:54 pm
txn_1IJtHDJm8ehcCWGI26iVt7y2 - 8994163260714202 - February 12, 2021, 1:54 pm
2021Influencer342 - 8994163260379203 - February 12, 2021, 1:54 pm
txn_1IJtMgJm8ehcCWGIgaLt9bQf - 8994163260522203 - February 12, 2021, 1:54 pm
txn_1IJkKjJm8ehcCWGIdFc5B3Ld - 8994163260713205 - February 12, 2021, 1:54 pm
d333cb08-2b31-5838-3382-e75b2d219d57 - 8994163262519201 - February 12, 2021, 2:17 pm
aff9eb2d-d8d7-63ee-a996-860b6c7d3052 - 8994163262618201 - February 12, 2021, 2:17 pm
0c5f0e15-d8a4-57f4-d6fa-d6d741103dd6 - 8994163262518204 - February 12, 2021, 2:17 pm
