txn_1I1zUCJm8ehcCWGIn8mc6vDm - 8994163279488903 - December 28, 2020, 11:35 am
txn_1I22JBJm8ehcCWGI3VFjlCl1 - 8994163279371908 - December 28, 2020, 11:35 am
txn_1I2JCLJm8ehcCWGIHpVtmQBP - 8994163279630906 - December 28, 2020, 11:35 am
txn_1I2j5zJm8ehcCWGIjGN8oHfu - 8994163279608905 - December 28, 2020, 11:35 am
txn_1I2OwFJm8ehcCWGIItrlhWo9 - 8994163279320906 - December 28, 2020, 11:35 am
txn_1I37yNJm8ehcCWGIQ137Z1lP - 8994163279429906 - December 28, 2020, 11:35 am
txn_1I2qWPJm8ehcCWGITyQe4jjj - 8994163279322900 - December 28, 2020, 11:35 am
txn_1I2UhUJm8ehcCWGITm8f0rqu - 8994163279319900 - December 28, 2020, 11:35 am
txn_1I3BxMJm8ehcCWGICpWh7gHi - 8994163279321903 - December 28, 2020, 11:35 am
txn_1I2jBrJm8ehcCWGIGAsgxlNF - 8994163279193906 - December 28, 2020, 11:35 am
txn_1I38GKJm8ehcCWGINY5AG5lA - 8994163279421900 - December 28, 2020, 11:35 am
txn_1I34LAJm8ehcCWGIrVarIbmC - 8994163279194903 - December 28, 2020, 11:35 am
txn_1I3CCDJm8ehcCWGI9ihwOFNP - 8994163279305903 - December 28, 2020, 11:35 am
txn_1I2P2bJm8ehcCWGIqqoffPek - 8994163279420903 - December 28, 2020, 11:35 am
txn_1I2Y0lJm8ehcCWGIfAMpuQNj - 8994163279192909 - December 28, 2020, 11:35 am
txn_1I38YNJm8ehcCWGIchTlxS6n - 8994163279182900 - December 28, 2020, 11:35 am
txn_1I3FQxJm8ehcCWGIbhXs6tr2 - 8994163279284901 - December 28, 2020, 11:35 am
txn_1I36YYJm8ehcCWGINZ1xmK1N - 8994163279285908 - December 28, 2020, 11:35 am
txn_1I2jD8Jm8ehcCWGII5gZIVy2 - 8994163279415909 - December 28, 2020, 11:35 am
txn_1I2Q2lJm8ehcCWGIpiNtLUYB - 8994163279414902 - December 28, 2020, 11:35 am
txn_1I2cPpJm8ehcCWGIUhZPVwxT - 8994163279283904 - December 28, 2020, 11:35 am
txn_1I2oOBJm8ehcCWGIgku2VO4b - 8994163279173908 - December 28, 2020, 11:35 am
txn_1I3FR2Jm8ehcCWGIyDYAc0PB - 8994163279174905 - December 28, 2020, 11:35 am
txn_1I38jRJm8ehcCWGIdceXMdp9 - 8994163279267904 - December 28, 2020, 11:35 am
txn_1I2TxlJm8ehcCWGIHYPYeeuF - 8994163279409908 - December 28, 2020, 11:35 am
txn_1I37hqJm8ehcCWGIlNdqfqJ9 - 8994163279175902 - December 28, 2020, 11:35 am
txn_1I2e22Jm8ehcCWGIoaLEAAJ3 - 8994163279268901 - December 28, 2020, 11:35 am
txn_1I1zUCJm8ehcCWGIn8mc6vDm - 8994163279488903 - December 28, 2020, 11:35 am
txn_1I22JBJm8ehcCWGI3VFjlCl1 - 8994163279371908 - December 28, 2020, 11:35 am
txn_1I2JCLJm8ehcCWGIHpVtmQBP - 8994163279630906 - December 28, 2020, 11:35 am
txn_1I2j5zJm8ehcCWGIjGN8oHfu - 8994163279608905 - December 28, 2020, 11:35 am
txn_1I2OwFJm8ehcCWGIItrlhWo9 - 8994163279320906 - December 28, 2020, 11:35 am
txn_1I37yNJm8ehcCWGIQ137Z1lP - 8994163279429906 - December 28, 2020, 11:35 am
txn_1I2qWPJm8ehcCWGITyQe4jjj - 8994163279322900 - December 28, 2020, 11:35 am
txn_1I2UhUJm8ehcCWGITm8f0rqu - 8994163279319900 - December 28, 2020, 11:35 am
txn_1I3BxMJm8ehcCWGICpWh7gHi - 8994163279321903 - December 28, 2020, 11:35 am
txn_1I2jBrJm8ehcCWGIGAsgxlNF - 8994163279193906 - December 28, 2020, 11:35 am
txn_1I38GKJm8ehcCWGINY5AG5lA - 8994163279421900 - December 28, 2020, 11:35 am
txn_1I34LAJm8ehcCWGIrVarIbmC - 8994163279194903 - December 28, 2020, 11:35 am
txn_1I3CCDJm8ehcCWGI9ihwOFNP - 8994163279305903 - December 28, 2020, 11:35 am
txn_1I2P2bJm8ehcCWGIqqoffPek - 8994163279420903 - December 28, 2020, 11:35 am
txn_1I2Y0lJm8ehcCWGIfAMpuQNj - 8994163279192909 - December 28, 2020, 11:35 am
txn_1I38YNJm8ehcCWGIchTlxS6n - 8994163279182900 - December 28, 2020, 11:35 am
txn_1I3FQxJm8ehcCWGIbhXs6tr2 - 8994163279284901 - December 28, 2020, 11:35 am
txn_1I36YYJm8ehcCWGINZ1xmK1N - 8994163279285908 - December 28, 2020, 11:35 am
txn_1I2jD8Jm8ehcCWGII5gZIVy2 - 8994163279415909 - December 28, 2020, 11:35 am
txn_1I2Q2lJm8ehcCWGIpiNtLUYB - 8994163279414902 - December 28, 2020, 11:35 am
txn_1I2cPpJm8ehcCWGIUhZPVwxT - 8994163279283904 - December 28, 2020, 11:35 am
txn_1I2oOBJm8ehcCWGIgku2VO4b - 8994163279173908 - December 28, 2020, 11:35 am
txn_1I3FR2Jm8ehcCWGIyDYAc0PB - 8994163279174905 - December 28, 2020, 11:35 am
txn_1I38jRJm8ehcCWGIdceXMdp9 - 8994163279267904 - December 28, 2020, 11:35 am
txn_1I2TxlJm8ehcCWGIHYPYeeuF - 8994163279409908 - December 28, 2020, 11:35 am
txn_1I37hqJm8ehcCWGIlNdqfqJ9 - 8994163279175902 - December 28, 2020, 11:35 am
txn_1I2e22Jm8ehcCWGIoaLEAAJ3 - 8994163279268901 - December 28, 2020, 11:35 am
txn_1I1zUCJm8ehcCWGIn8mc6vDm - 8994163279488903 - December 28, 2020, 11:35 am
txn_1I22JBJm8ehcCWGI3VFjlCl1 - 8994163279371908 - December 28, 2020, 11:35 am
txn_1I2JCLJm8ehcCWGIHpVtmQBP - 8994163279630906 - December 28, 2020, 11:35 am
txn_1I2j5zJm8ehcCWGIjGN8oHfu - 8994163279608905 - December 28, 2020, 11:35 am
txn_1I2OwFJm8ehcCWGIItrlhWo9 - 8994163279320906 - December 28, 2020, 11:35 am
txn_1I37yNJm8ehcCWGIQ137Z1lP - 8994163279429906 - December 28, 2020, 11:35 am
txn_1I2qWPJm8ehcCWGITyQe4jjj - 8994163279322900 - December 28, 2020, 11:35 am
txn_1I2UhUJm8ehcCWGITm8f0rqu - 8994163279319900 - December 28, 2020, 11:35 am
txn_1I3BxMJm8ehcCWGICpWh7gHi - 8994163279321903 - December 28, 2020, 11:35 am
txn_1I2jBrJm8ehcCWGIGAsgxlNF - 8994163279193906 - December 28, 2020, 11:35 am
txn_1I38GKJm8ehcCWGINY5AG5lA - 8994163279421900 - December 28, 2020, 11:35 am
txn_1I34LAJm8ehcCWGIrVarIbmC - 8994163279194903 - December 28, 2020, 11:35 am
txn_1I3CCDJm8ehcCWGI9ihwOFNP - 8994163279305903 - December 28, 2020, 11:35 am
txn_1I2P2bJm8ehcCWGIqqoffPek - 8994163279420903 - December 28, 2020, 11:35 am
txn_1I2Y0lJm8ehcCWGIfAMpuQNj - 8994163279192909 - December 28, 2020, 11:35 am
txn_1I38YNJm8ehcCWGIchTlxS6n - 8994163279182900 - December 28, 2020, 11:35 am
txn_1I3FQxJm8ehcCWGIbhXs6tr2 - 8994163279284901 - December 28, 2020, 11:35 am
txn_1I36YYJm8ehcCWGINZ1xmK1N - 8994163279285908 - December 28, 2020, 11:35 am
txn_1I2jD8Jm8ehcCWGII5gZIVy2 - 8994163279415909 - December 28, 2020, 11:35 am
txn_1I2Q2lJm8ehcCWGIpiNtLUYB - 8994163279414902 - December 28, 2020, 11:35 am
txn_1I2cPpJm8ehcCWGIUhZPVwxT - 8994163279283904 - December 28, 2020, 11:35 am
txn_1I2oOBJm8ehcCWGIgku2VO4b - 8994163279173908 - December 28, 2020, 11:35 am
txn_1I3FR2Jm8ehcCWGIyDYAc0PB - 8994163279174905 - December 28, 2020, 11:35 am
txn_1I38jRJm8ehcCWGIdceXMdp9 - 8994163279267904 - December 28, 2020, 11:35 am
txn_1I2TxlJm8ehcCWGIHYPYeeuF - 8994163279409908 - December 28, 2020, 11:35 am
txn_1I37hqJm8ehcCWGIlNdqfqJ9 - 8994163279175902 - December 28, 2020, 11:35 am
txn_1I2e22Jm8ehcCWGIoaLEAAJ3 - 8994163279268901 - December 28, 2020, 11:35 am
txn_1I1zUCJm8ehcCWGIn8mc6vDm - 8994163279488903 - December 28, 2020, 11:36 am
txn_1I22JBJm8ehcCWGI3VFjlCl1 - 8994163279371908 - December 28, 2020, 11:36 am
txn_1I2JCLJm8ehcCWGIHpVtmQBP - 8994163279630906 - December 28, 2020, 11:36 am
txn_1I2j5zJm8ehcCWGIjGN8oHfu - 8994163279608905 - December 28, 2020, 11:36 am
txn_1I2OwFJm8ehcCWGIItrlhWo9 - 8994163279320906 - December 28, 2020, 11:36 am
txn_1I37yNJm8ehcCWGIQ137Z1lP - 8994163279429906 - December 28, 2020, 11:36 am
txn_1I2qWPJm8ehcCWGITyQe4jjj - 8994163279322900 - December 28, 2020, 11:36 am
txn_1I2UhUJm8ehcCWGITm8f0rqu - 8994163279319900 - December 28, 2020, 11:36 am
txn_1I3BxMJm8ehcCWGICpWh7gHi - 8994163279321903 - December 28, 2020, 11:36 am
txn_1I2jBrJm8ehcCWGIGAsgxlNF - 8994163279193906 - December 28, 2020, 11:36 am
txn_1I38GKJm8ehcCWGINY5AG5lA - 8994163279421900 - December 28, 2020, 11:36 am
txn_1I34LAJm8ehcCWGIrVarIbmC - 8994163279194903 - December 28, 2020, 11:36 am
txn_1I3CCDJm8ehcCWGI9ihwOFNP - 8994163279305903 - December 28, 2020, 11:36 am
txn_1I2P2bJm8ehcCWGIqqoffPek - 8994163279420903 - December 28, 2020, 11:36 am
txn_1I2Y0lJm8ehcCWGIfAMpuQNj - 8994163279192909 - December 28, 2020, 11:36 am
txn_1I38YNJm8ehcCWGIchTlxS6n - 8994163279182900 - December 28, 2020, 11:36 am
txn_1I3FQxJm8ehcCWGIbhXs6tr2 - 8994163279284901 - December 28, 2020, 11:36 am
txn_1I36YYJm8ehcCWGINZ1xmK1N - 8994163279285908 - December 28, 2020, 11:36 am
txn_1I2jD8Jm8ehcCWGII5gZIVy2 - 8994163279415909 - December 28, 2020, 11:36 am
txn_1I2Q2lJm8ehcCWGIpiNtLUYB - 8994163279414902 - December 28, 2020, 11:36 am
txn_1I2cPpJm8ehcCWGIUhZPVwxT - 8994163279283904 - December 28, 2020, 11:36 am
txn_1I2oOBJm8ehcCWGIgku2VO4b - 8994163279173908 - December 28, 2020, 11:36 am
txn_1I3FR2Jm8ehcCWGIyDYAc0PB - 8994163279174905 - December 28, 2020, 11:36 am
txn_1I38jRJm8ehcCWGIdceXMdp9 - 8994163279267904 - December 28, 2020, 11:36 am
txn_1I2TxlJm8ehcCWGIHYPYeeuF - 8994163279409908 - December 28, 2020, 11:36 am
txn_1I37hqJm8ehcCWGIlNdqfqJ9 - 8994163279175902 - December 28, 2020, 11:36 am
txn_1I2e22Jm8ehcCWGIoaLEAAJ3 - 8994163279268901 - December 28, 2020, 11:36 am
txn_1I1zLNJm8ehcCWGI3emO0eKE - 8994163279597902 - December 28, 2020, 11:36 am
txn_1I26WaJm8ehcCWGIlaGbrSL2 - 8994163279588900 - December 28, 2020, 11:36 am
Influencer317 - 8994163513911907 - December 28, 2020, 4:11 pm
Influencer315 - 8994163514257905 - December 28, 2020, 4:11 pm
Influencer316 - 8994163514089902 - December 28, 2020, 4:11 pm
c6ceef66-4b4e-dae9-036d-2da57c726e55 - 8994163524247903 - December 28, 2020, 4:26 pm
