txn_1HU1XtJm8ehcCWGIQpAR5KTB - 8994163278478592 - September 22, 2020, 2:37 pm
txn_1HUCfAJm8ehcCWGIJDCuSQLr - 8994163278276594 - September 22, 2020, 2:37 pm
Influencer134 - 8994163278475591 - September 22, 2020, 2:37 pm
Influencer130 - 8994163278080597 - September 22, 2020, 2:37 pm
txn_1HTut9Jm8ehcCWGI0M3PzaLF - 8994163278268599 - September 22, 2020, 2:37 pm
txn_1HUGBWJm8ehcCWGIfmDHXuvu - 8994163278264591 - September 22, 2020, 2:37 pm
txn_1HUEPBJm8ehcCWGIa8L2ZyZx - 8994163278259597 - September 22, 2020, 2:37 pm
txn_1HU9pwJm8ehcCWGI167czKVb - 8994163278071595 - September 22, 2020, 2:37 pm
Influencer129 - 8994163278069592 - September 22, 2020, 2:37 pm
Influencer133 - 8994163278460597 - September 22, 2020, 2:37 pm
txn_1HTzThJm8ehcCWGIjF8QzxC1 - 8994163278454596 - September 22, 2020, 2:37 pm
Influencer137 - 8994163278446591 - September 22, 2020, 2:37 pm
txn_1HUEvVJm8ehcCWGI1lRuqYGH - 8994163278440599 - September 22, 2020, 2:37 pm
txn_1HUAucJm8ehcCWGIqFwLbZe7 - 8994163278445594 - September 22, 2020, 2:37 pm
Influencer132 - 8994163278062593 - September 22, 2020, 2:37 pm
Influencer128 - 8994163278438596 - September 22, 2020, 2:37 pm
txn_1HU10OJm8ehcCWGIaYpEuvP3 - 8994163278243596 - September 22, 2020, 2:37 pm
Influencer136 - 8994163278241592 - September 22, 2020, 2:37 pm
txn_1HUCRqJm8ehcCWGIvKQt6Gee - 8994163278418598 - September 22, 2020, 2:37 pm
txn_1HUG5KJm8ehcCWGIOV8WiqFO - 8994163278234594 - September 22, 2020, 2:37 pm
txn_1HU1GFJm8ehcCWGIsrBaYSlP - 8994163278417591 - September 22, 2020, 2:37 pm
Influencer131 - 8994163278416594 - September 22, 2020, 2:37 pm
Influencer127 - 8994163278415597 - September 22, 2020, 2:37 pm
Influencer135 - 8994163278419595 - September 22, 2020, 2:37 pm
