txn_1IlJEGJm8ehcCWGIL6iJBVJb - 8994163402690234 - April 28, 2021, 5:01 pm
txn_1IlJ0CJm8ehcCWGIqOsV5D5u - 8994163402315236 - April 28, 2021, 5:01 pm
txn_1IkyqKJm8ehcCWGIvEW91lry - 8994163402314239 - April 28, 2021, 5:01 pm
txn_1IkhiYJm8ehcCWGIqXVa0hLZ - 8994163402544230 - April 28, 2021, 5:01 pm
txn_1IkxGKJm8ehcCWGIqG3lyE7y - 8994163402311238 - April 28, 2021, 5:01 pm
txn_1IkuzzJm8ehcCWGIATkJ721R - 8994163402310231 - April 28, 2021, 5:01 pm
txn_1IkfvOJm8ehcCWGIINjHhtkL - 8994163402543233 - April 28, 2021, 5:01 pm
txn_1IkrhzJm8ehcCWGIEw9KImeo - 8994163402542236 - April 28, 2021, 5:01 pm
txn_1IfcP9Jm8ehcCWGIcCtHlwtQ_X - 8994163402689238 - April 28, 2021, 5:01 pm
txn_1IkgcGJm8ehcCWGI1zs4Duo2 - 8994163402541239 - April 28, 2021, 5:01 pm
txn_1Iiif6Jm8ehcCWGIH2SdzOG9_X - 8994163402540232 - April 28, 2021, 5:01 pm
txn_1IkuyuJm8ehcCWGIQOEBWgn7 - 8994163402539236 - April 28, 2021, 5:01 pm
txn_1IkfjOJm8ehcCWGIGIJm24Ct - 8994163402307231 - April 28, 2021, 5:01 pm
txn_1IkrK1Jm8ehcCWGIoKPilxZR - 8994163402538239 - April 28, 2021, 5:01 pm
txn_1IkwYgJm8ehcCWGIb9e3V0O6 - 8994163402688231 - April 28, 2021, 5:01 pm
txn_1IkgcFJm8ehcCWGIl6bJfJqv - 8994163402535238 - April 28, 2021, 5:01 pm
txn_1IfrkhJm8ehcCWGIGqHjZR9V_X - 8994163402686237 - April 28, 2021, 5:01 pm
txn_1IkuB9Jm8ehcCWGIkH9YEJjF - 8994163402305237 - April 28, 2021, 5:01 pm
txn_1IkfhhJm8ehcCWGIw932CVif - 8994163402534231 - April 28, 2021, 5:01 pm
txn_1Ikr2WJm8ehcCWGIaN8GuweF - 8994163402536235 - April 28, 2021, 5:01 pm
txn_1Ikvh7Jm8ehcCWGIMy3s6I0N - 8994163402687234 - April 28, 2021, 5:01 pm
