txn_L7niOI9UYtsbmPANB31P0DBHagOZY - 8994163234332296 - September 20, 2021, 4:08 pm
txn_pckyhQ8w5W9Gwdr37dLGG5z0LyRZY - 8994163234172298 - September 20, 2021, 4:08 pm
txn_LnxKL9kmEZP7O2l5aMvS76VbTTOZY - 8994163234170294 - September 20, 2021, 4:08 pm
txn_Hvu84ArvjB613dlYYFhX4phKu5PZY - 8994163234327292 - September 20, 2021, 4:08 pm
txn_5mBkptPYy5lA2oOTsl6WllqQoUTZY - 8994163234329296 - September 20, 2021, 4:08 pm
txn_VEhwjC2ZuKfUG1hoPsfNm3h6MNfZY - 8994163234169298 - September 20, 2021, 4:08 pm
txn_tU1bc6cRymqhdnlMjtrKNjKqOPUZY - 8994163234328299 - September 20, 2021, 4:08 pm
txn_vjaG0FkLvVSM1vu8U7hMJjwH1HHZY - 8994163234326295 - September 20, 2021, 4:08 pm
txn_nlJapYC3Ckr7ODMnHxd7J4v58kMZY - 8994163234166297 - September 20, 2021, 4:08 pm
txn_DtIrHpQyrCRj2GzYsJjCgBf9wqIZY - 8994163234323294 - September 20, 2021, 4:08 pm
txn_9GGtuM3XnKW7GbWnpLbkoJSZYcMZY - 8994163234167294 - September 20, 2021, 4:08 pm
txn_LJIRfoLDn9E1dydKm1QRUZQ0SpTZY - 8994163234165290 - September 20, 2021, 4:08 pm
txn_ZiF9yXPnjCHzSeBqoiI4L9xpq7GZY - 8994163234322297 - September 20, 2021, 4:08 pm
txn_vLYDwHZLXpciFPW7iLRKWJVsvePZY - 8994163234321290 - September 20, 2021, 4:08 pm
txn_rx4nxaGyHM6wPglAhh2L35jiVYGZY - 8994163234163296 - September 20, 2021, 4:08 pm
txn_hIcSHrwuIUOOQREKKyZvqViQnnUZY - 8994163234446290 - September 20, 2021, 4:08 pm
txn_TfFxwjZ6KLLAy48wkpEMg5IUjyOZY - 8994163234161292 - September 20, 2021, 4:08 pm
txn_hW1h2tijQ47qejdfZxSfa9MG7RGZY - 8994163234162299 - September 20, 2021, 4:08 pm
txn_JK36WPoWFCF4C7UMnkcf3jorvdVZY - 8994163234160295 - September 20, 2021, 4:08 pm
txn_NE3WRgDQG279YVXrrCFNqWyoUkUZY - 8994163234317293 - September 20, 2021, 4:08 pm
txn_bda1sjdzByuI5Ilrj9Bl7jfuscfZY - 8994163234314292 - September 20, 2021, 4:08 pm
txn_7DzkCuE4DcTyUIstDxsKRgTvCJcZY - 8994163234155291 - September 20, 2021, 4:08 pm
txn_DrnV4XYK2b24kJr00U7mB6J1pWfZY - 8994163234153297 - September 20, 2021, 4:08 pm
txn_BiVAPQOml063D0tQBv1QtvoolpcZY - 8994163234315299 - September 20, 2021, 4:08 pm
txn_DVEDBNSo1nf026a3ZT9IlLrwN4HZY - 8994163234312298 - September 20, 2021, 4:08 pm
txn_vVZX75IDqgRAQnouc6mGZ5MGvgXZY - 8994163234148293 - September 20, 2021, 4:08 pm
txn_zxSjkWRCJtVBTqMHGokU0dyybCNZY - 8994163234147296 - September 20, 2021, 4:08 pm
txn_DPnylIq9rxWA85Eruqq2ZhWD1rYZY - 8994163234309298 - September 20, 2021, 4:08 pm
txn_fDIxbLVqpqvvBj4Za7zTUx7nKsSZY - 8994163234146299 - September 20, 2021, 4:08 pm
txn_nXovyeNdim7U7kp4lU6AL8mCxlNZY - 8994163234441295 - September 20, 2021, 4:08 pm
txn_3V9AIukGoXhtH8Z3Sha8NxDNFdOZY - 8994163234144295 - September 20, 2021, 4:08 pm
txn_hoIcHY4nzoeTJ4Q4oaQsrnJ16qFZY - 8994163234139291 - September 20, 2021, 4:08 pm
txn_7Jqy4CTxNLJvdRvWCyyzykfElSRZY - 8994163234138294 - September 20, 2021, 4:08 pm
2021Influencer780 - 8994163234140297 - September 20, 2021, 4:08 pm
txn_7JW4qdgifeWk67Tq0G214GhgicZZY - 8994163234440298 - September 20, 2021, 4:08 pm
txn_VkDhvYnbgOWmZEufhd3Aw2dHsgCZY - 8994163234306297 - September 20, 2021, 4:08 pm
txn_PVFJp88kfdENIbKpbG2e1PHI77QZY - 8994163234305290 - September 20, 2021, 4:08 pm
txn_FmGuEZwMpOScYb4dienoRuh92r8YY - 8994163234135293 - September 20, 2021, 4:08 pm
txn_Bu1LyOMuLEwDl3TSxeqkA25hFjBZY - 8994163234134296 - September 20, 2021, 4:08 pm
txn_paxZFSS4NqOS284seuVZGOTz19YZY - 8994163234303296 - September 20, 2021, 4:08 pm
txn_TvveI2mx1Fv5iOcjGK5mkYGvHwIZY - 8994163234302299 - September 20, 2021, 4:08 pm
txn_NIVAzsO5Go0rmC3dU9tycgkYo98YY - 8994163234301292 - September 20, 2021, 4:08 pm
txn_duUgTm0SRCFuvhpdjWBeDNXhJn7YY - 8994163234133299 - September 20, 2021, 4:08 pm
