2021Influencer116 - 8994163645622122 - January 19, 2021, 2:28 pm
txn_1IBPdDJm8ehcCWGIDUdwraVc - 8994163645823123 - January 19, 2021, 2:28 pm
txn_1IB4INJm8ehcCWGI4zzTZKlQ - 8994163645714124 - January 19, 2021, 2:28 pm
txn_1IB7CUJm8ehcCWGIJH257lso - 8994163645494125 - January 19, 2021, 2:28 pm
txn_1IB9R8Jm8ehcCWGIEoptZMKc - 8994163645381128 - January 19, 2021, 2:28 pm
txn_1IB9w7Jm8ehcCWGIIIuqUu3P - 8994163645682126 - January 19, 2021, 2:28 pm
2021Influencer131 - 8994163645675128 - January 19, 2021, 2:28 pm
2021Influencer123 - 8994163645365128 - January 19, 2021, 2:28 pm
2021Influencer127 - 8994163645364121 - January 19, 2021, 2:28 pm
2021Influencer119 - 8994163645474127 - January 19, 2021, 2:28 pm
txn_1IBMi6Jm8ehcCWGInH1LdRlF - 8994163645473120 - January 19, 2021, 2:28 pm
txn_1IBA07Jm8ehcCWGIl8IaVrVL - 8994163645472123 - January 19, 2021, 2:28 pm
2021Influencer130 - 8994163645468126 - January 19, 2021, 2:28 pm
2021Influencer122 - 8994163645653126 - January 19, 2021, 2:28 pm
2021Influencer125 - 8994163645650125 - January 19, 2021, 2:28 pm
2021Influencer118 - 8994163645354122 - January 19, 2021, 2:28 pm
txn_1IBOIOJm8ehcCWGIXiLOeXVF - 8994163645651122 - January 19, 2021, 2:28 pm
txn_1IBDHVJm8ehcCWGIVrgnDoLq - 8994163645652129 - January 19, 2021, 2:28 pm
2021Influencer129 - 8994163645637126 - January 19, 2021, 2:28 pm
2021Influencer121 - 8994163645453122 - January 19, 2021, 2:28 pm
2021Influencer117 - 8994163645454129 - January 19, 2021, 2:28 pm
txn_1IBLhtJm8ehcCWGImKdSN1gi - 8994163645452125 - January 19, 2021, 2:28 pm
2021Influencer133 - 8994163645634125 - January 19, 2021, 2:28 pm
2021Influencer126 - 8994163645633128 - January 19, 2021, 2:28 pm
2021Influencer128 - 8994163645437122 - January 19, 2021, 2:28 pm
2021Influencer120 - 8994163645621125 - January 19, 2021, 2:28 pm
2021Influencer132 - 8994163645342129 - January 19, 2021, 2:28 pm
txn_1IBMZcJm8ehcCWGIjgeNDhji - 8994163645341122 - January 19, 2021, 2:28 pm
2021Influencer124 - 8994163645436125 - January 19, 2021, 2:28 pm
