txn_dMLsfGQe5xEs1MuhNZ4sD6yfXrQZY - 8994163942784288 - September 13, 2021, 10:31 am
txn_zNWURbvR2mYwFoqHHhqgBOD6dlXZY - 8994163942780280 - September 13, 2021, 10:31 am
txn_RGFTk0fFyqzl4rQFj3IFuZopx3ZZY - 8994163942875283 - September 13, 2021, 10:31 am
txn_3BZ1xYJ3Kp5pPIk70OVQdxfvOW7YY - 8994163942777280 - September 13, 2021, 10:31 am
txn_3JBzvUPaUUhWxHZ9D1L59flwZ2JZY - 8994163942524280 - September 13, 2021, 10:31 am
txn_lYZFFoMLvoVn7WxvsktTv6aCsbeZY - 8994163942520282 - September 13, 2021, 10:31 am
txn_pije82K7xJGJtsGCpLDbfBYYv8BZY - 8994163942870288 - September 13, 2021, 10:31 am
txn_hiXZ9yWeggIvLhEfCYbk3XBW3abZY - 8994163942774289 - September 13, 2021, 10:31 am
txn_FmIRplf7IW1kbusQFfbTa4FAy49YY - 8994163942772285 - September 13, 2021, 10:31 am
txn_vVvyzrrGl3rGRVM5rcueH9j9enKZY - 8994163942773282 - September 13, 2021, 10:31 am
txn_7p0DW6c4X6Mdnksstg3BDkjSpKXZY - 8994163942771288 - September 13, 2021, 10:31 am
txn_jPpJuqHPQzQhE8VvsVzUBX1vMPIZY - 8994163942503285 - September 13, 2021, 10:31 am
txn_3zUYUvMB2kAAL6tU5ikgQSsyCsIZY - 8994163942770281 - September 13, 2021, 10:31 am
txn_dY9iVnpnqy5vL0W1YpYFGKJzCxMZY - 8994163942502288 - September 13, 2021, 10:31 am
txn_XRd1KnVEgQkPqxP2BSd6l96FySWZY - 8994163942767281 - September 13, 2021, 10:31 am
txn_dElVsGm3Fu9VGsMRJGoCSj18IRFZY - 8994163942766284 - September 13, 2021, 10:31 am
txn_ZYWW95pj3N8xgfamVYOMklQGWefZY - 8994163942765287 - September 13, 2021, 10:31 am
txn_lC48qk94nOAqYFxG12bmhWrlEveZY - 8994163942532285 - September 13, 2021, 10:31 am
txn_Fy8eIpWS4pfyPEwr6Fu88RTpBcGZY - 8994163942782284 - September 13, 2021, 10:31 am
txn_3n2ObmUeZZCbBDREQHw4rzF5PyPZY - 8994163942528288 - September 13, 2021, 10:31 am
txn_5aD0nhLMrAesyRH20ERY0YbknaTZY - 8994163942779284 - September 13, 2021, 10:31 am
txn_h46BFzKoI8rNNyI4hmPa08IkqHSZY - 8994163942873289 - September 13, 2021, 10:31 am
txn_N605qglQej7wVPdG9dwGMPbmo0NZY - 8994163942527281 - September 13, 2021, 10:31 am
txn_Dfbee1vYRP2jxYfveMkzb6R3p0eZY - 8994163942526284 - September 13, 2021, 10:31 am
txn_5UUoeUExirZJJU1rF044GHtzSECZY - 8994163942522286 - September 13, 2021, 10:31 am
txn_1aar9D2BZT9Ivxy5sIXP2vjGjOcZY - 8994163942775286 - September 13, 2021, 10:31 am
txn_7PxokfXjBfXQYpQC1d3mzSCvKeXZY - 8994163942872282 - September 13, 2021, 10:31 am
txn_nLylvhHe1p0h5Agi2NsyvrItICOZY - 8994163942869282 - September 13, 2021, 10:31 am
txn_da8xFXbIzGk8j8qNZxFRDENR4G8YY - 8994163942868285 - September 13, 2021, 10:31 am
txn_DV0LJx4IhOavy7uHj3RYSeK1znNZY - 8994163942518289 - September 13, 2021, 10:31 am
txn_ZSXC2Fg9A0b63sFwcTK9KGd9vENZY - 8994163942865284 - September 13, 2021, 10:31 am
txn_BcwpQK8YWLNZtJkMIGOJmGLPNeZZY - 8994163942864287 - September 13, 2021, 10:31 am
txn_d09HnZ9ksx2fZayKaRqrHdgPY3YZY - 8994163942504282 - September 13, 2021, 10:31 am
txn_tamMZyUMdkdy43ES9FNyzC20YOCZY - 8994163942860289 - September 13, 2021, 10:31 am
txn_D5WdSJHA2JGVKMtJMUGJQAjoNDIZY - 8994163942861286 - September 13, 2021, 10:31 am
txn_9KmC5y070qs1bJT3nKMEa9bS7sNZY - 8994163942501281 - September 13, 2021, 10:31 am
txn_3pDWs6CBiNhOVIlUlNae49ogDoSZY - 8994163942856282 - September 13, 2021, 10:31 am
txn_rjRjVrt4fxFNtr5BvGjqqmb5D3OZY - 8994163942857289 - September 13, 2021, 10:31 am
txn_RCrP8AAzhDah1V88ZsfqD8uKoaTZY - 8994163942855285 - September 13, 2021, 10:31 am
txn_dMLsfGQe5xEs1MuhNZ4sD6yfXrQZY - 8994163942784288 - September 13, 2021, 10:33 am
txn_zNWURbvR2mYwFoqHHhqgBOD6dlXZY - 8994163942780280 - September 13, 2021, 10:33 am
txn_RGFTk0fFyqzl4rQFj3IFuZopx3ZZY - 8994163942875283 - September 13, 2021, 10:33 am
txn_3BZ1xYJ3Kp5pPIk70OVQdxfvOW7YY - 8994163942777280 - September 13, 2021, 10:33 am
txn_3JBzvUPaUUhWxHZ9D1L59flwZ2JZY - 8994163942524280 - September 13, 2021, 10:33 am
txn_lYZFFoMLvoVn7WxvsktTv6aCsbeZY - 8994163942520282 - September 13, 2021, 10:33 am
txn_pije82K7xJGJtsGCpLDbfBYYv8BZY - 8994163942870288 - September 13, 2021, 10:33 am
txn_hiXZ9yWeggIvLhEfCYbk3XBW3abZY - 8994163942774289 - September 13, 2021, 10:33 am
txn_FmIRplf7IW1kbusQFfbTa4FAy49YY - 8994163942772285 - September 13, 2021, 10:33 am
txn_vVvyzrrGl3rGRVM5rcueH9j9enKZY - 8994163942773282 - September 13, 2021, 10:33 am
txn_7p0DW6c4X6Mdnksstg3BDkjSpKXZY - 8994163942771288 - September 13, 2021, 10:33 am
txn_jPpJuqHPQzQhE8VvsVzUBX1vMPIZY - 8994163942503285 - September 13, 2021, 10:33 am
txn_3zUYUvMB2kAAL6tU5ikgQSsyCsIZY - 8994163942770281 - September 13, 2021, 10:33 am
txn_dY9iVnpnqy5vL0W1YpYFGKJzCxMZY - 8994163942502288 - September 13, 2021, 10:33 am
txn_XRd1KnVEgQkPqxP2BSd6l96FySWZY - 8994163942767281 - September 13, 2021, 10:33 am
txn_dElVsGm3Fu9VGsMRJGoCSj18IRFZY - 8994163942766284 - September 13, 2021, 10:33 am
txn_ZYWW95pj3N8xgfamVYOMklQGWefZY - 8994163942765287 - September 13, 2021, 10:33 am
txn_lC48qk94nOAqYFxG12bmhWrlEveZY - 8994163942532285 - September 13, 2021, 10:33 am
txn_Fy8eIpWS4pfyPEwr6Fu88RTpBcGZY - 8994163942782284 - September 13, 2021, 10:33 am
txn_3n2ObmUeZZCbBDREQHw4rzF5PyPZY - 8994163942528288 - September 13, 2021, 10:33 am
txn_5aD0nhLMrAesyRH20ERY0YbknaTZY - 8994163942779284 - September 13, 2021, 10:33 am
txn_h46BFzKoI8rNNyI4hmPa08IkqHSZY - 8994163942873289 - September 13, 2021, 10:33 am
txn_N605qglQej7wVPdG9dwGMPbmo0NZY - 8994163942527281 - September 13, 2021, 10:33 am
txn_Dfbee1vYRP2jxYfveMkzb6R3p0eZY - 8994163942526284 - September 13, 2021, 10:33 am
txn_5UUoeUExirZJJU1rF044GHtzSECZY - 8994163942522286 - September 13, 2021, 10:33 am
txn_1aar9D2BZT9Ivxy5sIXP2vjGjOcZY - 8994163942775286 - September 13, 2021, 10:33 am
txn_7PxokfXjBfXQYpQC1d3mzSCvKeXZY - 8994163942872282 - September 13, 2021, 10:33 am
txn_nLylvhHe1p0h5Agi2NsyvrItICOZY - 8994163942869282 - September 13, 2021, 10:33 am
txn_da8xFXbIzGk8j8qNZxFRDENR4G8YY - 8994163942868285 - September 13, 2021, 10:33 am
txn_DV0LJx4IhOavy7uHj3RYSeK1znNZY - 8994163942518289 - September 13, 2021, 10:33 am
txn_ZSXC2Fg9A0b63sFwcTK9KGd9vENZY - 8994163942865284 - September 13, 2021, 10:33 am
txn_BcwpQK8YWLNZtJkMIGOJmGLPNeZZY - 8994163942864287 - September 13, 2021, 10:33 am
txn_d09HnZ9ksx2fZayKaRqrHdgPY3YZY - 8994163942504282 - September 13, 2021, 10:33 am
txn_tamMZyUMdkdy43ES9FNyzC20YOCZY - 8994163942860289 - September 13, 2021, 10:33 am
txn_D5WdSJHA2JGVKMtJMUGJQAjoNDIZY - 8994163942861286 - September 13, 2021, 10:33 am
txn_9KmC5y070qs1bJT3nKMEa9bS7sNZY - 8994163942501281 - September 13, 2021, 10:33 am
txn_3pDWs6CBiNhOVIlUlNae49ogDoSZY - 8994163942856282 - September 13, 2021, 10:33 am
txn_rjRjVrt4fxFNtr5BvGjqqmb5D3OZY - 8994163942857289 - September 13, 2021, 10:33 am
txn_RCrP8AAzhDah1V88ZsfqD8uKoaTZY - 8994163942855285 - September 13, 2021, 10:33 am
txn_dI7vw2pqHEB9koZohLFKacJmkgVZY - 8994163942587285 - September 13, 2021, 10:33 am
txn_p4qUSRFKHN9tNZKySG4HCFGhRNDZY - 8994163942954285 - September 13, 2021, 10:33 am
txn_ROLQqctbtBWWBnYeActKKRVZkDLZY - 8994163943032289 - September 13, 2021, 10:33 am
txn_jdmChGo2c0NvoliCMU0g3kusHzTZY - 8994163943030285 - September 13, 2021, 10:33 am
txn_tuuBcCIRI4JTwp17IxUhd0yZWRaZY - 8994163942948284 - September 13, 2021, 10:33 am
txn_n7arcUnNlG6aQpNbZkjOT6btcy7YY - 8994163943031282 - September 13, 2021, 10:33 am
txn_bTTKjRlKqdAxQYwKZ3eylQfUEnCZY - 8994163943028282 - September 13, 2021, 10:33 am
txn_Rqdg12tDp0T3JnLrgUrkGxW0R3fZY - 8994163942947287 - September 13, 2021, 10:33 am
txn_l4xJfZ4GARPyYusBmGKJ71E0CfdZY - 8994163942945283 - September 13, 2021, 10:33 am
txn_1KUYjNleRlF2ktdW5niVaC2PnxEZY - 8994163942946280 - September 13, 2021, 10:33 am
txn_hOPuxH6KdxgkkOjlFguEuh6W8uWZY - 8994163943025281 - September 13, 2021, 10:33 am
txn_TvNPH5sf40T2Xf88QeQ0vYcLk6bZY - 8994163943023287 - September 13, 2021, 10:33 am
txn_90FVUQuWmWcB6Ywl1rDgmLneMGfZY - 8994163943024284 - September 13, 2021, 10:33 am
txn_VaWxt4keqVikGoQEEDOelzc2xQKZY - 8994163943022280 - September 13, 2021, 10:33 am
txn_9QJGlFNoInvTY3U646LxbDGkCEfZY - 8994163943020286 - September 13, 2021, 10:33 am
txn_BUGq8Zr4JI6Z3aINkon2duTdPzRZY - 8994163942941285 - September 13, 2021, 10:33 am
txn_rZaa9rP8u46qGyGqUtcVyd71EEZZY - 8994163943019280 - September 13, 2021, 10:33 am
txn_p6n8bByKNaweGQKsfwd3tEuVbGgZY - 8994163942940288 - September 13, 2021, 10:33 am
txn_j5QUTE1vipKtmpxt0EYddoODM0NZY - 8994163942937288 - September 13, 2021, 10:33 am
txn_5q7aEquObaNhH3EVxAUfP7xqJUcZY - 8994163943017286 - September 13, 2021, 10:33 am
txn_V8FyuE490UlVbkYewHW9A0CSpfaZY - 8994163943016289 - September 13, 2021, 10:33 am
txn_X3ApwJa1pnPhxbtucTQqHufJ9iTZY - 8994163942935284 - September 13, 2021, 10:33 am
txn_nv2ezBeS7gos5KjntxkmLO2bWbEZY - 8994163943013288 - September 13, 2021, 10:33 am
txn_NsLsyt4aJBTs6IwsC4Kqifz7bncZY - 8994163943014285 - September 13, 2021, 10:33 am
txn_rd846g6zDFGO3sFalIvdIYji8R6YY - 8994163943012281 - September 13, 2021, 10:33 am
txn_lOoHJYMFt2eneXIQliH9TtBD5s7YY - 8994163942933280 - September 13, 2021, 10:33 am
txn_VaKvfIoW6LVMFp8pDApsGemjIiNZY - 8994163942574285 - September 13, 2021, 10:33 am
txn_VYZTVsItpJja7vUdSG5extsCZw7YY - 8994163942808281 - September 13, 2021, 10:33 am
txn_5G9e9iDklzzY2dWzQIjL3Wap0gJZY - 8994163942928286 - September 13, 2021, 10:33 am
txn_Rcoz0bf9STwA75pyhDJr0y7bEHEZY - 8994163942573288 - September 13, 2021, 10:33 am
txn_ZG1scMnoO0jAjtxIWTHp1l1dZBfZY - 8994163942572281 - September 13, 2021, 10:33 am
txn_TnH4G4B1ixAI7mY9nk3trXCo5mMZY - 8994163942925285 - September 13, 2021, 10:33 am
txn_lqW9uBqGqztz8LRFZZkgV1zzhPdZY - 8994163942571284 - September 13, 2021, 10:33 am
txn_P5rN0pvYQ6o4cwmaDvHqskZm5IQZY - 8994163942807284 - September 13, 2021, 10:33 am
txn_XbOR7waDMxeyWXGipkGMU3kcw3HZY - 8994163943029289 - September 13, 2021, 10:33 am
txn_bRgFZjTLESV6PwdbQ295QjHB7JKZY - 8994163943026288 - September 13, 2021, 10:33 am
txn_xY6RWwZg1d1Rco0jBeijb3SB7zdZY - 8994163943021283 - September 13, 2021, 10:33 am
txn_bL7wbfqbsVcESxLWX0vShynFDwPZY - 8994163942938285 - September 13, 2021, 10:33 am
txn_NWgKRP16ZmVqOjjusajDR40BL3eZY - 8994163942934287 - September 13, 2021, 10:33 am
txn_fBZ65AAfAEG3st9s3fgRMQX1CceZY - 8994163942809288 - September 13, 2021, 10:33 am
txn_9ewqrFU6DT6NX5D7fkviRvQPYpJZY - 8994163942806287 - September 13, 2021, 10:33 am
txn_HDwCbjrnIu3yhdiRnDygL68DUhGZY - 8994163943424282 - September 13, 2021, 10:33 am
txn_nviUzPRSM33VowB1GhrqTiHBmpCZY - 8994163943247287 - September 13, 2021, 10:33 am
txn_NSqGiWdz0fGVtfioqB1QYVoF6KeZY - 8994163943066284 - September 13, 2021, 10:33 am
txn_jp8eXqtPcCOuqQWkeRua9HhDQGdZY - 8994163943248284 - September 13, 2021, 10:33 am
txn_xQCjaThfyuPPJW4orEazd9MtNuPZY - 8994163943064280 - September 13, 2021, 10:33 am
txn_dUpbiR1MskX8ebfbjEDyto9TTkVZY - 8994163943420284 - September 13, 2021, 10:33 am
txn_xOH0jIVL6xUYKB5hh4qh0aygx2OZY - 8994163943243289 - September 13, 2021, 10:33 am
txn_JQU5lgpAAhEMuhnbTlMZF7OfzSVZY - 8994163943419288 - September 13, 2021, 10:33 am
txn_bNaj1FbeMYL9IPArWGZthfYPnjHZY - 8994163943418281 - September 13, 2021, 10:33 am
txn_5SneMM0DgF44J6ODbtkA3sb5F0fZY - 8994163943416287 - September 13, 2021, 10:33 am
txn_tikfkg7QgzSm1GOBmRXz30IuX4DZY - 8994163943415280 - September 13, 2021, 10:33 am
txn_d28y5zHp994mA2BPwgaLGviJbBJZY - 8994163943242282 - September 13, 2021, 10:33 am
txn_vLquJ9YWigLv9PW7rtDVCcCV8L7YY - 8994163943241285 - September 13, 2021, 10:33 am
txn_t2EG4hqeecMjZVds5BTPDOtjAZ7YY - 8994163943240288 - September 13, 2021, 10:33 am
txn_J4mEnOHpMVpoXFz9nxoQhiQSBpIZY - 8994163943413286 - September 13, 2021, 10:33 am
txn_t4JiZV7bsVI2hSOaPYuTl3t8jCJZY - 8994163943239282 - September 13, 2021, 10:33 am
txn_jrH1alWzgNflemNeeFV92rUfmoaZY - 8994163943412289 - September 13, 2021, 10:33 am
txn_NIfFjm71Y4faLZO3PJ6pDSsHcURZY - 8994163943009281 - September 13, 2021, 10:33 am
txn_btQO7cyhtXUcGGv03xRYv3Nxb1UZY - 8994163943008284 - September 13, 2021, 10:33 am
txn_brL4RUaS0rcSw0CQLy6WaZzjtEPZY - 8994163943061289 - September 13, 2021, 10:33 am
txn_dMLsfGQe5xEs1MuhNZ4sD6yfXrQZY - 8994163942784288 - September 13, 2021, 10:34 am
txn_zNWURbvR2mYwFoqHHhqgBOD6dlXZY - 8994163942780280 - September 13, 2021, 10:34 am
txn_RGFTk0fFyqzl4rQFj3IFuZopx3ZZY - 8994163942875283 - September 13, 2021, 10:34 am
txn_3BZ1xYJ3Kp5pPIk70OVQdxfvOW7YY - 8994163942777280 - September 13, 2021, 10:34 am
txn_3JBzvUPaUUhWxHZ9D1L59flwZ2JZY - 8994163942524280 - September 13, 2021, 10:34 am
txn_lYZFFoMLvoVn7WxvsktTv6aCsbeZY - 8994163942520282 - September 13, 2021, 10:34 am
txn_pije82K7xJGJtsGCpLDbfBYYv8BZY - 8994163942870288 - September 13, 2021, 10:34 am
txn_hiXZ9yWeggIvLhEfCYbk3XBW3abZY - 8994163942774289 - September 13, 2021, 10:34 am
txn_FmIRplf7IW1kbusQFfbTa4FAy49YY - 8994163942772285 - September 13, 2021, 10:34 am
txn_vVvyzrrGl3rGRVM5rcueH9j9enKZY - 8994163942773282 - September 13, 2021, 10:34 am
txn_7p0DW6c4X6Mdnksstg3BDkjSpKXZY - 8994163942771288 - September 13, 2021, 10:34 am
txn_jPpJuqHPQzQhE8VvsVzUBX1vMPIZY - 8994163942503285 - September 13, 2021, 10:34 am
txn_3zUYUvMB2kAAL6tU5ikgQSsyCsIZY - 8994163942770281 - September 13, 2021, 10:34 am
txn_dY9iVnpnqy5vL0W1YpYFGKJzCxMZY - 8994163942502288 - September 13, 2021, 10:34 am
txn_XRd1KnVEgQkPqxP2BSd6l96FySWZY - 8994163942767281 - September 13, 2021, 10:34 am
txn_dElVsGm3Fu9VGsMRJGoCSj18IRFZY - 8994163942766284 - September 13, 2021, 10:34 am
txn_ZYWW95pj3N8xgfamVYOMklQGWefZY - 8994163942765287 - September 13, 2021, 10:34 am
txn_lC48qk94nOAqYFxG12bmhWrlEveZY - 8994163942532285 - September 13, 2021, 10:34 am
txn_Fy8eIpWS4pfyPEwr6Fu88RTpBcGZY - 8994163942782284 - September 13, 2021, 10:34 am
txn_3n2ObmUeZZCbBDREQHw4rzF5PyPZY - 8994163942528288 - September 13, 2021, 10:34 am
txn_5aD0nhLMrAesyRH20ERY0YbknaTZY - 8994163942779284 - September 13, 2021, 10:34 am
txn_h46BFzKoI8rNNyI4hmPa08IkqHSZY - 8994163942873289 - September 13, 2021, 10:34 am
txn_N605qglQej7wVPdG9dwGMPbmo0NZY - 8994163942527281 - September 13, 2021, 10:34 am
txn_Dfbee1vYRP2jxYfveMkzb6R3p0eZY - 8994163942526284 - September 13, 2021, 10:34 am
txn_5UUoeUExirZJJU1rF044GHtzSECZY - 8994163942522286 - September 13, 2021, 10:34 am
txn_1aar9D2BZT9Ivxy5sIXP2vjGjOcZY - 8994163942775286 - September 13, 2021, 10:34 am
txn_7PxokfXjBfXQYpQC1d3mzSCvKeXZY - 8994163942872282 - September 13, 2021, 10:34 am
txn_nLylvhHe1p0h5Agi2NsyvrItICOZY - 8994163942869282 - September 13, 2021, 10:34 am
txn_da8xFXbIzGk8j8qNZxFRDENR4G8YY - 8994163942868285 - September 13, 2021, 10:34 am
txn_DV0LJx4IhOavy7uHj3RYSeK1znNZY - 8994163942518289 - September 13, 2021, 10:34 am
txn_ZSXC2Fg9A0b63sFwcTK9KGd9vENZY - 8994163942865284 - September 13, 2021, 10:34 am
txn_BcwpQK8YWLNZtJkMIGOJmGLPNeZZY - 8994163942864287 - September 13, 2021, 10:34 am
txn_d09HnZ9ksx2fZayKaRqrHdgPY3YZY - 8994163942504282 - September 13, 2021, 10:34 am
txn_tamMZyUMdkdy43ES9FNyzC20YOCZY - 8994163942860289 - September 13, 2021, 10:34 am
txn_D5WdSJHA2JGVKMtJMUGJQAjoNDIZY - 8994163942861286 - September 13, 2021, 10:34 am
txn_9KmC5y070qs1bJT3nKMEa9bS7sNZY - 8994163942501281 - September 13, 2021, 10:34 am
txn_3pDWs6CBiNhOVIlUlNae49ogDoSZY - 8994163942856282 - September 13, 2021, 10:34 am
txn_rjRjVrt4fxFNtr5BvGjqqmb5D3OZY - 8994163942857289 - September 13, 2021, 10:34 am
txn_RCrP8AAzhDah1V88ZsfqD8uKoaTZY - 8994163942855285 - September 13, 2021, 10:34 am
txn_dI7vw2pqHEB9koZohLFKacJmkgVZY - 8994163942587285 - September 13, 2021, 10:34 am
txn_p4qUSRFKHN9tNZKySG4HCFGhRNDZY - 8994163942954285 - September 13, 2021, 10:34 am
txn_ROLQqctbtBWWBnYeActKKRVZkDLZY - 8994163943032289 - September 13, 2021, 10:34 am
txn_jdmChGo2c0NvoliCMU0g3kusHzTZY - 8994163943030285 - September 13, 2021, 10:34 am
txn_tuuBcCIRI4JTwp17IxUhd0yZWRaZY - 8994163942948284 - September 13, 2021, 10:34 am
txn_n7arcUnNlG6aQpNbZkjOT6btcy7YY - 8994163943031282 - September 13, 2021, 10:34 am
txn_bTTKjRlKqdAxQYwKZ3eylQfUEnCZY - 8994163943028282 - September 13, 2021, 10:34 am
txn_Rqdg12tDp0T3JnLrgUrkGxW0R3fZY - 8994163942947287 - September 13, 2021, 10:34 am
txn_l4xJfZ4GARPyYusBmGKJ71E0CfdZY - 8994163942945283 - September 13, 2021, 10:34 am
txn_1KUYjNleRlF2ktdW5niVaC2PnxEZY - 8994163942946280 - September 13, 2021, 10:34 am
txn_hOPuxH6KdxgkkOjlFguEuh6W8uWZY - 8994163943025281 - September 13, 2021, 10:34 am
txn_TvNPH5sf40T2Xf88QeQ0vYcLk6bZY - 8994163943023287 - September 13, 2021, 10:34 am
txn_90FVUQuWmWcB6Ywl1rDgmLneMGfZY - 8994163943024284 - September 13, 2021, 10:34 am
txn_VaWxt4keqVikGoQEEDOelzc2xQKZY - 8994163943022280 - September 13, 2021, 10:34 am
txn_9QJGlFNoInvTY3U646LxbDGkCEfZY - 8994163943020286 - September 13, 2021, 10:34 am
txn_BUGq8Zr4JI6Z3aINkon2duTdPzRZY - 8994163942941285 - September 13, 2021, 10:34 am
txn_rZaa9rP8u46qGyGqUtcVyd71EEZZY - 8994163943019280 - September 13, 2021, 10:34 am
txn_p6n8bByKNaweGQKsfwd3tEuVbGgZY - 8994163942940288 - September 13, 2021, 10:34 am
txn_j5QUTE1vipKtmpxt0EYddoODM0NZY - 8994163942937288 - September 13, 2021, 10:34 am
txn_5q7aEquObaNhH3EVxAUfP7xqJUcZY - 8994163943017286 - September 13, 2021, 10:34 am
txn_V8FyuE490UlVbkYewHW9A0CSpfaZY - 8994163943016289 - September 13, 2021, 10:34 am
txn_X3ApwJa1pnPhxbtucTQqHufJ9iTZY - 8994163942935284 - September 13, 2021, 10:34 am
txn_nv2ezBeS7gos5KjntxkmLO2bWbEZY - 8994163943013288 - September 13, 2021, 10:34 am
txn_NsLsyt4aJBTs6IwsC4Kqifz7bncZY - 8994163943014285 - September 13, 2021, 10:34 am
txn_rd846g6zDFGO3sFalIvdIYji8R6YY - 8994163943012281 - September 13, 2021, 10:34 am
txn_lOoHJYMFt2eneXIQliH9TtBD5s7YY - 8994163942933280 - September 13, 2021, 10:34 am
txn_VaKvfIoW6LVMFp8pDApsGemjIiNZY - 8994163942574285 - September 13, 2021, 10:34 am
txn_VYZTVsItpJja7vUdSG5extsCZw7YY - 8994163942808281 - September 13, 2021, 10:34 am
txn_5G9e9iDklzzY2dWzQIjL3Wap0gJZY - 8994163942928286 - September 13, 2021, 10:34 am
txn_Rcoz0bf9STwA75pyhDJr0y7bEHEZY - 8994163942573288 - September 13, 2021, 10:34 am
txn_ZG1scMnoO0jAjtxIWTHp1l1dZBfZY - 8994163942572281 - September 13, 2021, 10:34 am
txn_TnH4G4B1ixAI7mY9nk3trXCo5mMZY - 8994163942925285 - September 13, 2021, 10:34 am
txn_lqW9uBqGqztz8LRFZZkgV1zzhPdZY - 8994163942571284 - September 13, 2021, 10:34 am
txn_P5rN0pvYQ6o4cwmaDvHqskZm5IQZY - 8994163942807284 - September 13, 2021, 10:34 am
txn_XbOR7waDMxeyWXGipkGMU3kcw3HZY - 8994163943029289 - September 13, 2021, 10:34 am
txn_bRgFZjTLESV6PwdbQ295QjHB7JKZY - 8994163943026288 - September 13, 2021, 10:34 am
txn_xY6RWwZg1d1Rco0jBeijb3SB7zdZY - 8994163943021283 - September 13, 2021, 10:34 am
txn_bL7wbfqbsVcESxLWX0vShynFDwPZY - 8994163942938285 - September 13, 2021, 10:34 am
txn_NWgKRP16ZmVqOjjusajDR40BL3eZY - 8994163942934287 - September 13, 2021, 10:34 am
txn_fBZ65AAfAEG3st9s3fgRMQX1CceZY - 8994163942809288 - September 13, 2021, 10:34 am
txn_9ewqrFU6DT6NX5D7fkviRvQPYpJZY - 8994163942806287 - September 13, 2021, 10:34 am
txn_ntNk6aY7qauy1y8lj1kXMFKA8PHZY - 8994163943256289 - September 13, 2021, 10:34 am
txn_ByTp2K9BKveBBK1eCIn0fh7bejaZY - 8994163943255282 - September 13, 2021, 10:34 am
txn_xUy64kO5OMxpirKJJd3kzGysZRZZY - 8994163943433284 - September 13, 2021, 10:34 am
txn_3t35lAGGrJkFzYG1VO3hE1DBHCJZY - 8994163943432287 - September 13, 2021, 10:34 am
txn_loFJkT4VLtOwHHYCb5OLNDC4zgdZY - 8994163943431280 - September 13, 2021, 10:34 am
2021Influencer777 - 8994163943079284 - September 13, 2021, 10:34 am
txn_Re1DpvFCfKqHMaCRwMMsXHOtmSKZY - 8994163943077280 - September 13, 2021, 10:34 am
txn_5cyH70blIQNRXLSKuBTWcu1dtHZZY - 8994163943252281 - September 13, 2021, 10:34 am
txn_ha7LmFbTyRu6H0dgmju0rb8N0LBZY - 8994163943251284 - September 13, 2021, 10:34 am
txn_3NrdsToVDNftJuMfVpZjLIGLTUVZY - 8994163943073282 - September 13, 2021, 10:34 am
txn_TtgzULrTgqVBCUXdKAmA3GlzCeJZY - 8994163943427283 - September 13, 2021, 10:34 am
txn_jxQCBqCRzGfC0CnpsFnHrleOcn7YY - 8994163943250287 - September 13, 2021, 10:34 am
txn_9ya6BU0JVL32pptwdzZhVE8h5sLZY - 8994163943425289 - September 13, 2021, 10:34 am
txn_1qq9M5JwGam0pzLDxJjk1mAstMdZY - 8994163943249281 - September 13, 2021, 10:34 am
txn_HDwCbjrnIu3yhdiRnDygL68DUhGZY - 8994163943424282 - September 13, 2021, 10:34 am
txn_nviUzPRSM33VowB1GhrqTiHBmpCZY - 8994163943247287 - September 13, 2021, 10:34 am
txn_NSqGiWdz0fGVtfioqB1QYVoF6KeZY - 8994163943066284 - September 13, 2021, 10:34 am
txn_jp8eXqtPcCOuqQWkeRua9HhDQGdZY - 8994163943248284 - September 13, 2021, 10:34 am
txn_xQCjaThfyuPPJW4orEazd9MtNuPZY - 8994163943064280 - September 13, 2021, 10:34 am
txn_dUpbiR1MskX8ebfbjEDyto9TTkVZY - 8994163943420284 - September 13, 2021, 10:34 am
txn_dMLsfGQe5xEs1MuhNZ4sD6yfXrQZY - 8994163942784288 - September 13, 2021, 10:34 am
txn_zNWURbvR2mYwFoqHHhqgBOD6dlXZY - 8994163942780280 - September 13, 2021, 10:34 am
txn_RGFTk0fFyqzl4rQFj3IFuZopx3ZZY - 8994163942875283 - September 13, 2021, 10:34 am
txn_3BZ1xYJ3Kp5pPIk70OVQdxfvOW7YY - 8994163942777280 - September 13, 2021, 10:34 am
txn_3JBzvUPaUUhWxHZ9D1L59flwZ2JZY - 8994163942524280 - September 13, 2021, 10:34 am
txn_lYZFFoMLvoVn7WxvsktTv6aCsbeZY - 8994163942520282 - September 13, 2021, 10:34 am
txn_pije82K7xJGJtsGCpLDbfBYYv8BZY - 8994163942870288 - September 13, 2021, 10:34 am
txn_hiXZ9yWeggIvLhEfCYbk3XBW3abZY - 8994163942774289 - September 13, 2021, 10:34 am
txn_FmIRplf7IW1kbusQFfbTa4FAy49YY - 8994163942772285 - September 13, 2021, 10:34 am
txn_vVvyzrrGl3rGRVM5rcueH9j9enKZY - 8994163942773282 - September 13, 2021, 10:34 am
txn_7p0DW6c4X6Mdnksstg3BDkjSpKXZY - 8994163942771288 - September 13, 2021, 10:34 am
txn_jPpJuqHPQzQhE8VvsVzUBX1vMPIZY - 8994163942503285 - September 13, 2021, 10:34 am
txn_3zUYUvMB2kAAL6tU5ikgQSsyCsIZY - 8994163942770281 - September 13, 2021, 10:34 am
txn_dY9iVnpnqy5vL0W1YpYFGKJzCxMZY - 8994163942502288 - September 13, 2021, 10:34 am
txn_XRd1KnVEgQkPqxP2BSd6l96FySWZY - 8994163942767281 - September 13, 2021, 10:34 am
txn_dElVsGm3Fu9VGsMRJGoCSj18IRFZY - 8994163942766284 - September 13, 2021, 10:34 am
txn_ZYWW95pj3N8xgfamVYOMklQGWefZY - 8994163942765287 - September 13, 2021, 10:34 am
txn_lC48qk94nOAqYFxG12bmhWrlEveZY - 8994163942532285 - September 13, 2021, 10:34 am
txn_Fy8eIpWS4pfyPEwr6Fu88RTpBcGZY - 8994163942782284 - September 13, 2021, 10:34 am
txn_3n2ObmUeZZCbBDREQHw4rzF5PyPZY - 8994163942528288 - September 13, 2021, 10:34 am
txn_5aD0nhLMrAesyRH20ERY0YbknaTZY - 8994163942779284 - September 13, 2021, 10:34 am
txn_h46BFzKoI8rNNyI4hmPa08IkqHSZY - 8994163942873289 - September 13, 2021, 10:34 am
txn_N605qglQej7wVPdG9dwGMPbmo0NZY - 8994163942527281 - September 13, 2021, 10:34 am
txn_Dfbee1vYRP2jxYfveMkzb6R3p0eZY - 8994163942526284 - September 13, 2021, 10:34 am
txn_5UUoeUExirZJJU1rF044GHtzSECZY - 8994163942522286 - September 13, 2021, 10:34 am
txn_1aar9D2BZT9Ivxy5sIXP2vjGjOcZY - 8994163942775286 - September 13, 2021, 10:34 am
txn_7PxokfXjBfXQYpQC1d3mzSCvKeXZY - 8994163942872282 - September 13, 2021, 10:34 am
txn_nLylvhHe1p0h5Agi2NsyvrItICOZY - 8994163942869282 - September 13, 2021, 10:34 am
txn_da8xFXbIzGk8j8qNZxFRDENR4G8YY - 8994163942868285 - September 13, 2021, 10:34 am
txn_DV0LJx4IhOavy7uHj3RYSeK1znNZY - 8994163942518289 - September 13, 2021, 10:34 am
txn_ZSXC2Fg9A0b63sFwcTK9KGd9vENZY - 8994163942865284 - September 13, 2021, 10:34 am
txn_BcwpQK8YWLNZtJkMIGOJmGLPNeZZY - 8994163942864287 - September 13, 2021, 10:34 am
txn_d09HnZ9ksx2fZayKaRqrHdgPY3YZY - 8994163942504282 - September 13, 2021, 10:34 am
txn_tamMZyUMdkdy43ES9FNyzC20YOCZY - 8994163942860289 - September 13, 2021, 10:34 am
txn_D5WdSJHA2JGVKMtJMUGJQAjoNDIZY - 8994163942861286 - September 13, 2021, 10:34 am
txn_9KmC5y070qs1bJT3nKMEa9bS7sNZY - 8994163942501281 - September 13, 2021, 10:34 am
txn_3pDWs6CBiNhOVIlUlNae49ogDoSZY - 8994163942856282 - September 13, 2021, 10:34 am
txn_rjRjVrt4fxFNtr5BvGjqqmb5D3OZY - 8994163942857289 - September 13, 2021, 10:34 am
txn_RCrP8AAzhDah1V88ZsfqD8uKoaTZY - 8994163942855285 - September 13, 2021, 10:34 am
txn_dI7vw2pqHEB9koZohLFKacJmkgVZY - 8994163942587285 - September 13, 2021, 10:34 am
txn_p4qUSRFKHN9tNZKySG4HCFGhRNDZY - 8994163942954285 - September 13, 2021, 10:34 am
txn_ROLQqctbtBWWBnYeActKKRVZkDLZY - 8994163943032289 - September 13, 2021, 10:34 am
txn_jdmChGo2c0NvoliCMU0g3kusHzTZY - 8994163943030285 - September 13, 2021, 10:34 am
txn_tuuBcCIRI4JTwp17IxUhd0yZWRaZY - 8994163942948284 - September 13, 2021, 10:34 am
txn_n7arcUnNlG6aQpNbZkjOT6btcy7YY - 8994163943031282 - September 13, 2021, 10:34 am
txn_bTTKjRlKqdAxQYwKZ3eylQfUEnCZY - 8994163943028282 - September 13, 2021, 10:34 am
txn_Rqdg12tDp0T3JnLrgUrkGxW0R3fZY - 8994163942947287 - September 13, 2021, 10:34 am
txn_l4xJfZ4GARPyYusBmGKJ71E0CfdZY - 8994163942945283 - September 13, 2021, 10:34 am
txn_1KUYjNleRlF2ktdW5niVaC2PnxEZY - 8994163942946280 - September 13, 2021, 10:34 am
txn_hOPuxH6KdxgkkOjlFguEuh6W8uWZY - 8994163943025281 - September 13, 2021, 10:34 am
txn_TvNPH5sf40T2Xf88QeQ0vYcLk6bZY - 8994163943023287 - September 13, 2021, 10:34 am
txn_90FVUQuWmWcB6Ywl1rDgmLneMGfZY - 8994163943024284 - September 13, 2021, 10:34 am
txn_VaWxt4keqVikGoQEEDOelzc2xQKZY - 8994163943022280 - September 13, 2021, 10:34 am
txn_9QJGlFNoInvTY3U646LxbDGkCEfZY - 8994163943020286 - September 13, 2021, 10:34 am
txn_BUGq8Zr4JI6Z3aINkon2duTdPzRZY - 8994163942941285 - September 13, 2021, 10:34 am
txn_rZaa9rP8u46qGyGqUtcVyd71EEZZY - 8994163943019280 - September 13, 2021, 10:34 am
txn_p6n8bByKNaweGQKsfwd3tEuVbGgZY - 8994163942940288 - September 13, 2021, 10:34 am
txn_j5QUTE1vipKtmpxt0EYddoODM0NZY - 8994163942937288 - September 13, 2021, 10:34 am
txn_5q7aEquObaNhH3EVxAUfP7xqJUcZY - 8994163943017286 - September 13, 2021, 10:34 am
txn_V8FyuE490UlVbkYewHW9A0CSpfaZY - 8994163943016289 - September 13, 2021, 10:34 am
txn_X3ApwJa1pnPhxbtucTQqHufJ9iTZY - 8994163942935284 - September 13, 2021, 10:34 am
txn_nv2ezBeS7gos5KjntxkmLO2bWbEZY - 8994163943013288 - September 13, 2021, 10:34 am
txn_NsLsyt4aJBTs6IwsC4Kqifz7bncZY - 8994163943014285 - September 13, 2021, 10:34 am
txn_rd846g6zDFGO3sFalIvdIYji8R6YY - 8994163943012281 - September 13, 2021, 10:34 am
txn_lOoHJYMFt2eneXIQliH9TtBD5s7YY - 8994163942933280 - September 13, 2021, 10:34 am
txn_VaKvfIoW6LVMFp8pDApsGemjIiNZY - 8994163942574285 - September 13, 2021, 10:34 am
txn_VYZTVsItpJja7vUdSG5extsCZw7YY - 8994163942808281 - September 13, 2021, 10:34 am
txn_5G9e9iDklzzY2dWzQIjL3Wap0gJZY - 8994163942928286 - September 13, 2021, 10:34 am
txn_Rcoz0bf9STwA75pyhDJr0y7bEHEZY - 8994163942573288 - September 13, 2021, 10:34 am
txn_ZG1scMnoO0jAjtxIWTHp1l1dZBfZY - 8994163942572281 - September 13, 2021, 10:34 am
txn_TnH4G4B1ixAI7mY9nk3trXCo5mMZY - 8994163942925285 - September 13, 2021, 10:34 am
txn_lqW9uBqGqztz8LRFZZkgV1zzhPdZY - 8994163942571284 - September 13, 2021, 10:34 am
txn_P5rN0pvYQ6o4cwmaDvHqskZm5IQZY - 8994163942807284 - September 13, 2021, 10:34 am
txn_XbOR7waDMxeyWXGipkGMU3kcw3HZY - 8994163943029289 - September 13, 2021, 10:34 am
txn_bRgFZjTLESV6PwdbQ295QjHB7JKZY - 8994163943026288 - September 13, 2021, 10:34 am
txn_xY6RWwZg1d1Rco0jBeijb3SB7zdZY - 8994163943021283 - September 13, 2021, 10:34 am
txn_bL7wbfqbsVcESxLWX0vShynFDwPZY - 8994163942938285 - September 13, 2021, 10:34 am
txn_NWgKRP16ZmVqOjjusajDR40BL3eZY - 8994163942934287 - September 13, 2021, 10:34 am
txn_fBZ65AAfAEG3st9s3fgRMQX1CceZY - 8994163942809288 - September 13, 2021, 10:34 am
txn_9ewqrFU6DT6NX5D7fkviRvQPYpJZY - 8994163942806287 - September 13, 2021, 10:34 am
txn_ntNk6aY7qauy1y8lj1kXMFKA8PHZY - 8994163943256289 - September 13, 2021, 10:34 am
txn_ByTp2K9BKveBBK1eCIn0fh7bejaZY - 8994163943255282 - September 13, 2021, 10:34 am
txn_xUy64kO5OMxpirKJJd3kzGysZRZZY - 8994163943433284 - September 13, 2021, 10:34 am
txn_3t35lAGGrJkFzYG1VO3hE1DBHCJZY - 8994163943432287 - September 13, 2021, 10:34 am
txn_loFJkT4VLtOwHHYCb5OLNDC4zgdZY - 8994163943431280 - September 13, 2021, 10:34 am
2021Influencer777 - 8994163943079284 - September 13, 2021, 10:34 am
txn_Re1DpvFCfKqHMaCRwMMsXHOtmSKZY - 8994163943077280 - September 13, 2021, 10:34 am
txn_5cyH70blIQNRXLSKuBTWcu1dtHZZY - 8994163943252281 - September 13, 2021, 10:34 am
txn_ha7LmFbTyRu6H0dgmju0rb8N0LBZY - 8994163943251284 - September 13, 2021, 10:34 am
txn_3NrdsToVDNftJuMfVpZjLIGLTUVZY - 8994163943073282 - September 13, 2021, 10:34 am
txn_TtgzULrTgqVBCUXdKAmA3GlzCeJZY - 8994163943427283 - September 13, 2021, 10:34 am
txn_jxQCBqCRzGfC0CnpsFnHrleOcn7YY - 8994163943250287 - September 13, 2021, 10:34 am
txn_9ya6BU0JVL32pptwdzZhVE8h5sLZY - 8994163943425289 - September 13, 2021, 10:34 am
txn_1qq9M5JwGam0pzLDxJjk1mAstMdZY - 8994163943249281 - September 13, 2021, 10:34 am
txn_HDwCbjrnIu3yhdiRnDygL68DUhGZY - 8994163943424282 - September 13, 2021, 10:34 am
txn_nviUzPRSM33VowB1GhrqTiHBmpCZY - 8994163943247287 - September 13, 2021, 10:34 am
txn_NSqGiWdz0fGVtfioqB1QYVoF6KeZY - 8994163943066284 - September 13, 2021, 10:34 am
txn_jp8eXqtPcCOuqQWkeRua9HhDQGdZY - 8994163943248284 - September 13, 2021, 10:34 am
txn_xQCjaThfyuPPJW4orEazd9MtNuPZY - 8994163943064280 - September 13, 2021, 10:34 am
txn_dUpbiR1MskX8ebfbjEDyto9TTkVZY - 8994163943420284 - September 13, 2021, 10:34 am
txn_dMLsfGQe5xEs1MuhNZ4sD6yfXrQZY - 8994163942784288 - September 13, 2021, 10:36 am
txn_zNWURbvR2mYwFoqHHhqgBOD6dlXZY - 8994163942780280 - September 13, 2021, 10:36 am
txn_RGFTk0fFyqzl4rQFj3IFuZopx3ZZY - 8994163942875283 - September 13, 2021, 10:36 am
txn_3BZ1xYJ3Kp5pPIk70OVQdxfvOW7YY - 8994163942777280 - September 13, 2021, 10:36 am
txn_3JBzvUPaUUhWxHZ9D1L59flwZ2JZY - 8994163942524280 - September 13, 2021, 10:36 am
txn_lYZFFoMLvoVn7WxvsktTv6aCsbeZY - 8994163942520282 - September 13, 2021, 10:36 am
txn_pije82K7xJGJtsGCpLDbfBYYv8BZY - 8994163942870288 - September 13, 2021, 10:36 am
txn_hiXZ9yWeggIvLhEfCYbk3XBW3abZY - 8994163942774289 - September 13, 2021, 10:36 am
txn_FmIRplf7IW1kbusQFfbTa4FAy49YY - 8994163942772285 - September 13, 2021, 10:36 am
txn_vVvyzrrGl3rGRVM5rcueH9j9enKZY - 8994163942773282 - September 13, 2021, 10:36 am
txn_7p0DW6c4X6Mdnksstg3BDkjSpKXZY - 8994163942771288 - September 13, 2021, 10:36 am
txn_jPpJuqHPQzQhE8VvsVzUBX1vMPIZY - 8994163942503285 - September 13, 2021, 10:36 am
txn_3zUYUvMB2kAAL6tU5ikgQSsyCsIZY - 8994163942770281 - September 13, 2021, 10:36 am
txn_dY9iVnpnqy5vL0W1YpYFGKJzCxMZY - 8994163942502288 - September 13, 2021, 10:36 am
txn_XRd1KnVEgQkPqxP2BSd6l96FySWZY - 8994163942767281 - September 13, 2021, 10:36 am
txn_dElVsGm3Fu9VGsMRJGoCSj18IRFZY - 8994163942766284 - September 13, 2021, 10:36 am
txn_ZYWW95pj3N8xgfamVYOMklQGWefZY - 8994163942765287 - September 13, 2021, 10:36 am
txn_lC48qk94nOAqYFxG12bmhWrlEveZY - 8994163942532285 - September 13, 2021, 10:36 am
txn_Fy8eIpWS4pfyPEwr6Fu88RTpBcGZY - 8994163942782284 - September 13, 2021, 10:36 am
txn_3n2ObmUeZZCbBDREQHw4rzF5PyPZY - 8994163942528288 - September 13, 2021, 10:36 am
txn_5aD0nhLMrAesyRH20ERY0YbknaTZY - 8994163942779284 - September 13, 2021, 10:36 am
txn_h46BFzKoI8rNNyI4hmPa08IkqHSZY - 8994163942873289 - September 13, 2021, 10:36 am
txn_N605qglQej7wVPdG9dwGMPbmo0NZY - 8994163942527281 - September 13, 2021, 10:36 am
txn_Dfbee1vYRP2jxYfveMkzb6R3p0eZY - 8994163942526284 - September 13, 2021, 10:36 am
txn_5UUoeUExirZJJU1rF044GHtzSECZY - 8994163942522286 - September 13, 2021, 10:36 am
txn_1aar9D2BZT9Ivxy5sIXP2vjGjOcZY - 8994163942775286 - September 13, 2021, 10:36 am
txn_7PxokfXjBfXQYpQC1d3mzSCvKeXZY - 8994163942872282 - September 13, 2021, 10:36 am
txn_nLylvhHe1p0h5Agi2NsyvrItICOZY - 8994163942869282 - September 13, 2021, 10:36 am
txn_da8xFXbIzGk8j8qNZxFRDENR4G8YY - 8994163942868285 - September 13, 2021, 10:36 am
txn_DV0LJx4IhOavy7uHj3RYSeK1znNZY - 8994163942518289 - September 13, 2021, 10:36 am
txn_ZSXC2Fg9A0b63sFwcTK9KGd9vENZY - 8994163942865284 - September 13, 2021, 10:36 am
txn_BcwpQK8YWLNZtJkMIGOJmGLPNeZZY - 8994163942864287 - September 13, 2021, 10:36 am
txn_d09HnZ9ksx2fZayKaRqrHdgPY3YZY - 8994163942504282 - September 13, 2021, 10:36 am
txn_tamMZyUMdkdy43ES9FNyzC20YOCZY - 8994163942860289 - September 13, 2021, 10:36 am
txn_D5WdSJHA2JGVKMtJMUGJQAjoNDIZY - 8994163942861286 - September 13, 2021, 10:36 am
txn_9KmC5y070qs1bJT3nKMEa9bS7sNZY - 8994163942501281 - September 13, 2021, 10:36 am
txn_3pDWs6CBiNhOVIlUlNae49ogDoSZY - 8994163942856282 - September 13, 2021, 10:36 am
txn_rjRjVrt4fxFNtr5BvGjqqmb5D3OZY - 8994163942857289 - September 13, 2021, 10:36 am
txn_RCrP8AAzhDah1V88ZsfqD8uKoaTZY - 8994163942855285 - September 13, 2021, 10:36 am
txn_dI7vw2pqHEB9koZohLFKacJmkgVZY - 8994163942587285 - September 13, 2021, 10:36 am
txn_p4qUSRFKHN9tNZKySG4HCFGhRNDZY - 8994163942954285 - September 13, 2021, 10:36 am
txn_ROLQqctbtBWWBnYeActKKRVZkDLZY - 8994163943032289 - September 13, 2021, 10:36 am
txn_jdmChGo2c0NvoliCMU0g3kusHzTZY - 8994163943030285 - September 13, 2021, 10:36 am
txn_tuuBcCIRI4JTwp17IxUhd0yZWRaZY - 8994163942948284 - September 13, 2021, 10:36 am
txn_n7arcUnNlG6aQpNbZkjOT6btcy7YY - 8994163943031282 - September 13, 2021, 10:36 am
txn_bTTKjRlKqdAxQYwKZ3eylQfUEnCZY - 8994163943028282 - September 13, 2021, 10:36 am
txn_Rqdg12tDp0T3JnLrgUrkGxW0R3fZY - 8994163942947287 - September 13, 2021, 10:36 am
txn_l4xJfZ4GARPyYusBmGKJ71E0CfdZY - 8994163942945283 - September 13, 2021, 10:36 am
txn_1KUYjNleRlF2ktdW5niVaC2PnxEZY - 8994163942946280 - September 13, 2021, 10:36 am
txn_hOPuxH6KdxgkkOjlFguEuh6W8uWZY - 8994163943025281 - September 13, 2021, 10:36 am
txn_TvNPH5sf40T2Xf88QeQ0vYcLk6bZY - 8994163943023287 - September 13, 2021, 10:36 am
txn_90FVUQuWmWcB6Ywl1rDgmLneMGfZY - 8994163943024284 - September 13, 2021, 10:36 am
txn_VaWxt4keqVikGoQEEDOelzc2xQKZY - 8994163943022280 - September 13, 2021, 10:36 am
txn_9QJGlFNoInvTY3U646LxbDGkCEfZY - 8994163943020286 - September 13, 2021, 10:36 am
txn_BUGq8Zr4JI6Z3aINkon2duTdPzRZY - 8994163942941285 - September 13, 2021, 10:36 am
txn_rZaa9rP8u46qGyGqUtcVyd71EEZZY - 8994163943019280 - September 13, 2021, 10:36 am
txn_p6n8bByKNaweGQKsfwd3tEuVbGgZY - 8994163942940288 - September 13, 2021, 10:36 am
txn_j5QUTE1vipKtmpxt0EYddoODM0NZY - 8994163942937288 - September 13, 2021, 10:36 am
txn_5q7aEquObaNhH3EVxAUfP7xqJUcZY - 8994163943017286 - September 13, 2021, 10:36 am
txn_V8FyuE490UlVbkYewHW9A0CSpfaZY - 8994163943016289 - September 13, 2021, 10:36 am
txn_X3ApwJa1pnPhxbtucTQqHufJ9iTZY - 8994163942935284 - September 13, 2021, 10:36 am
txn_nv2ezBeS7gos5KjntxkmLO2bWbEZY - 8994163943013288 - September 13, 2021, 10:36 am
txn_NsLsyt4aJBTs6IwsC4Kqifz7bncZY - 8994163943014285 - September 13, 2021, 10:36 am
txn_rd846g6zDFGO3sFalIvdIYji8R6YY - 8994163943012281 - September 13, 2021, 10:36 am
txn_lOoHJYMFt2eneXIQliH9TtBD5s7YY - 8994163942933280 - September 13, 2021, 10:36 am
txn_VaKvfIoW6LVMFp8pDApsGemjIiNZY - 8994163942574285 - September 13, 2021, 10:36 am
txn_VYZTVsItpJja7vUdSG5extsCZw7YY - 8994163942808281 - September 13, 2021, 10:36 am
txn_5G9e9iDklzzY2dWzQIjL3Wap0gJZY - 8994163942928286 - September 13, 2021, 10:36 am
txn_Rcoz0bf9STwA75pyhDJr0y7bEHEZY - 8994163942573288 - September 13, 2021, 10:36 am
txn_ZG1scMnoO0jAjtxIWTHp1l1dZBfZY - 8994163942572281 - September 13, 2021, 10:36 am
txn_TnH4G4B1ixAI7mY9nk3trXCo5mMZY - 8994163942925285 - September 13, 2021, 10:36 am
txn_lqW9uBqGqztz8LRFZZkgV1zzhPdZY - 8994163942571284 - September 13, 2021, 10:36 am
txn_P5rN0pvYQ6o4cwmaDvHqskZm5IQZY - 8994163942807284 - September 13, 2021, 10:36 am
txn_XbOR7waDMxeyWXGipkGMU3kcw3HZY - 8994163943029289 - September 13, 2021, 10:36 am
txn_bRgFZjTLESV6PwdbQ295QjHB7JKZY - 8994163943026288 - September 13, 2021, 10:36 am
txn_xY6RWwZg1d1Rco0jBeijb3SB7zdZY - 8994163943021283 - September 13, 2021, 10:36 am
txn_bL7wbfqbsVcESxLWX0vShynFDwPZY - 8994163942938285 - September 13, 2021, 10:36 am
txn_NWgKRP16ZmVqOjjusajDR40BL3eZY - 8994163942934287 - September 13, 2021, 10:36 am
txn_fBZ65AAfAEG3st9s3fgRMQX1CceZY - 8994163942809288 - September 13, 2021, 10:36 am
txn_9ewqrFU6DT6NX5D7fkviRvQPYpJZY - 8994163942806287 - September 13, 2021, 10:36 am
txn_ntNk6aY7qauy1y8lj1kXMFKA8PHZY - 8994163943256289 - September 13, 2021, 10:36 am
txn_ByTp2K9BKveBBK1eCIn0fh7bejaZY - 8994163943255282 - September 13, 2021, 10:36 am
txn_xUy64kO5OMxpirKJJd3kzGysZRZZY - 8994163943433284 - September 13, 2021, 10:36 am
txn_3t35lAGGrJkFzYG1VO3hE1DBHCJZY - 8994163943432287 - September 13, 2021, 10:36 am
txn_loFJkT4VLtOwHHYCb5OLNDC4zgdZY - 8994163943431280 - September 13, 2021, 10:36 am
2021Influencer777 - 8994163943079284 - September 13, 2021, 10:36 am
txn_Re1DpvFCfKqHMaCRwMMsXHOtmSKZY - 8994163943077280 - September 13, 2021, 10:36 am
txn_5cyH70blIQNRXLSKuBTWcu1dtHZZY - 8994163943252281 - September 13, 2021, 10:36 am
txn_ha7LmFbTyRu6H0dgmju0rb8N0LBZY - 8994163943251284 - September 13, 2021, 10:36 am
txn_3NrdsToVDNftJuMfVpZjLIGLTUVZY - 8994163943073282 - September 13, 2021, 10:36 am
txn_TtgzULrTgqVBCUXdKAmA3GlzCeJZY - 8994163943427283 - September 13, 2021, 10:36 am
txn_jxQCBqCRzGfC0CnpsFnHrleOcn7YY - 8994163943250287 - September 13, 2021, 10:36 am
txn_9ya6BU0JVL32pptwdzZhVE8h5sLZY - 8994163943425289 - September 13, 2021, 10:36 am
txn_1qq9M5JwGam0pzLDxJjk1mAstMdZY - 8994163943249281 - September 13, 2021, 10:36 am
txn_HDwCbjrnIu3yhdiRnDygL68DUhGZY - 8994163943424282 - September 13, 2021, 10:36 am
txn_nviUzPRSM33VowB1GhrqTiHBmpCZY - 8994163943247287 - September 13, 2021, 10:36 am
txn_NSqGiWdz0fGVtfioqB1QYVoF6KeZY - 8994163943066284 - September 13, 2021, 10:36 am
txn_jp8eXqtPcCOuqQWkeRua9HhDQGdZY - 8994163943248284 - September 13, 2021, 10:36 am
txn_xQCjaThfyuPPJW4orEazd9MtNuPZY - 8994163943064280 - September 13, 2021, 10:36 am
txn_dUpbiR1MskX8ebfbjEDyto9TTkVZY - 8994163943420284 - September 13, 2021, 10:36 am
txn_dMLsfGQe5xEs1MuhNZ4sD6yfXrQZY - 8994163942784288 - September 13, 2021, 10:38 am
txn_zNWURbvR2mYwFoqHHhqgBOD6dlXZY - 8994163942780280 - September 13, 2021, 10:38 am
txn_RGFTk0fFyqzl4rQFj3IFuZopx3ZZY - 8994163942875283 - September 13, 2021, 10:38 am
txn_3BZ1xYJ3Kp5pPIk70OVQdxfvOW7YY - 8994163942777280 - September 13, 2021, 10:38 am
txn_3JBzvUPaUUhWxHZ9D1L59flwZ2JZY - 8994163942524280 - September 13, 2021, 10:38 am
txn_lYZFFoMLvoVn7WxvsktTv6aCsbeZY - 8994163942520282 - September 13, 2021, 10:38 am
txn_pije82K7xJGJtsGCpLDbfBYYv8BZY - 8994163942870288 - September 13, 2021, 10:38 am
txn_hiXZ9yWeggIvLhEfCYbk3XBW3abZY - 8994163942774289 - September 13, 2021, 10:38 am
txn_FmIRplf7IW1kbusQFfbTa4FAy49YY - 8994163942772285 - September 13, 2021, 10:38 am
txn_vVvyzrrGl3rGRVM5rcueH9j9enKZY - 8994163942773282 - September 13, 2021, 10:38 am
txn_7p0DW6c4X6Mdnksstg3BDkjSpKXZY - 8994163942771288 - September 13, 2021, 10:38 am
txn_jPpJuqHPQzQhE8VvsVzUBX1vMPIZY - 8994163942503285 - September 13, 2021, 10:38 am
txn_3zUYUvMB2kAAL6tU5ikgQSsyCsIZY - 8994163942770281 - September 13, 2021, 10:38 am
txn_dY9iVnpnqy5vL0W1YpYFGKJzCxMZY - 8994163942502288 - September 13, 2021, 10:38 am
txn_XRd1KnVEgQkPqxP2BSd6l96FySWZY - 8994163942767281 - September 13, 2021, 10:38 am
txn_dElVsGm3Fu9VGsMRJGoCSj18IRFZY - 8994163942766284 - September 13, 2021, 10:38 am
txn_ZYWW95pj3N8xgfamVYOMklQGWefZY - 8994163942765287 - September 13, 2021, 10:38 am
txn_lC48qk94nOAqYFxG12bmhWrlEveZY - 8994163942532285 - September 13, 2021, 10:38 am
txn_Fy8eIpWS4pfyPEwr6Fu88RTpBcGZY - 8994163942782284 - September 13, 2021, 10:38 am
txn_3n2ObmUeZZCbBDREQHw4rzF5PyPZY - 8994163942528288 - September 13, 2021, 10:38 am
txn_5aD0nhLMrAesyRH20ERY0YbknaTZY - 8994163942779284 - September 13, 2021, 10:38 am
txn_h46BFzKoI8rNNyI4hmPa08IkqHSZY - 8994163942873289 - September 13, 2021, 10:38 am
txn_N605qglQej7wVPdG9dwGMPbmo0NZY - 8994163942527281 - September 13, 2021, 10:38 am
txn_Dfbee1vYRP2jxYfveMkzb6R3p0eZY - 8994163942526284 - September 13, 2021, 10:38 am
txn_5UUoeUExirZJJU1rF044GHtzSECZY - 8994163942522286 - September 13, 2021, 10:38 am
txn_1aar9D2BZT9Ivxy5sIXP2vjGjOcZY - 8994163942775286 - September 13, 2021, 10:38 am
txn_7PxokfXjBfXQYpQC1d3mzSCvKeXZY - 8994163942872282 - September 13, 2021, 10:38 am
txn_nLylvhHe1p0h5Agi2NsyvrItICOZY - 8994163942869282 - September 13, 2021, 10:38 am
txn_da8xFXbIzGk8j8qNZxFRDENR4G8YY - 8994163942868285 - September 13, 2021, 10:38 am
txn_DV0LJx4IhOavy7uHj3RYSeK1znNZY - 8994163942518289 - September 13, 2021, 10:38 am
txn_ZSXC2Fg9A0b63sFwcTK9KGd9vENZY - 8994163942865284 - September 13, 2021, 10:38 am
txn_BcwpQK8YWLNZtJkMIGOJmGLPNeZZY - 8994163942864287 - September 13, 2021, 10:38 am
txn_d09HnZ9ksx2fZayKaRqrHdgPY3YZY - 8994163942504282 - September 13, 2021, 10:38 am
txn_tamMZyUMdkdy43ES9FNyzC20YOCZY - 8994163942860289 - September 13, 2021, 10:38 am
txn_D5WdSJHA2JGVKMtJMUGJQAjoNDIZY - 8994163942861286 - September 13, 2021, 10:38 am
txn_9KmC5y070qs1bJT3nKMEa9bS7sNZY - 8994163942501281 - September 13, 2021, 10:38 am
txn_3pDWs6CBiNhOVIlUlNae49ogDoSZY - 8994163942856282 - September 13, 2021, 10:38 am
txn_rjRjVrt4fxFNtr5BvGjqqmb5D3OZY - 8994163942857289 - September 13, 2021, 10:38 am
txn_RCrP8AAzhDah1V88ZsfqD8uKoaTZY - 8994163942855285 - September 13, 2021, 10:38 am
txn_dI7vw2pqHEB9koZohLFKacJmkgVZY - 8994163942587285 - September 13, 2021, 10:38 am
txn_p4qUSRFKHN9tNZKySG4HCFGhRNDZY - 8994163942954285 - September 13, 2021, 10:38 am
txn_ROLQqctbtBWWBnYeActKKRVZkDLZY - 8994163943032289 - September 13, 2021, 10:38 am
txn_jdmChGo2c0NvoliCMU0g3kusHzTZY - 8994163943030285 - September 13, 2021, 10:38 am
txn_tuuBcCIRI4JTwp17IxUhd0yZWRaZY - 8994163942948284 - September 13, 2021, 10:38 am
txn_n7arcUnNlG6aQpNbZkjOT6btcy7YY - 8994163943031282 - September 13, 2021, 10:38 am
txn_bTTKjRlKqdAxQYwKZ3eylQfUEnCZY - 8994163943028282 - September 13, 2021, 10:38 am
txn_Rqdg12tDp0T3JnLrgUrkGxW0R3fZY - 8994163942947287 - September 13, 2021, 10:38 am
txn_l4xJfZ4GARPyYusBmGKJ71E0CfdZY - 8994163942945283 - September 13, 2021, 10:38 am
txn_1KUYjNleRlF2ktdW5niVaC2PnxEZY - 8994163942946280 - September 13, 2021, 10:38 am
txn_hOPuxH6KdxgkkOjlFguEuh6W8uWZY - 8994163943025281 - September 13, 2021, 10:38 am
txn_TvNPH5sf40T2Xf88QeQ0vYcLk6bZY - 8994163943023287 - September 13, 2021, 10:38 am
txn_90FVUQuWmWcB6Ywl1rDgmLneMGfZY - 8994163943024284 - September 13, 2021, 10:38 am
txn_VaWxt4keqVikGoQEEDOelzc2xQKZY - 8994163943022280 - September 13, 2021, 10:38 am
txn_9QJGlFNoInvTY3U646LxbDGkCEfZY - 8994163943020286 - September 13, 2021, 10:38 am
txn_BUGq8Zr4JI6Z3aINkon2duTdPzRZY - 8994163942941285 - September 13, 2021, 10:38 am
txn_rZaa9rP8u46qGyGqUtcVyd71EEZZY - 8994163943019280 - September 13, 2021, 10:38 am
txn_p6n8bByKNaweGQKsfwd3tEuVbGgZY - 8994163942940288 - September 13, 2021, 10:38 am
txn_j5QUTE1vipKtmpxt0EYddoODM0NZY - 8994163942937288 - September 13, 2021, 10:38 am
txn_5q7aEquObaNhH3EVxAUfP7xqJUcZY - 8994163943017286 - September 13, 2021, 10:38 am
txn_V8FyuE490UlVbkYewHW9A0CSpfaZY - 8994163943016289 - September 13, 2021, 10:38 am
txn_X3ApwJa1pnPhxbtucTQqHufJ9iTZY - 8994163942935284 - September 13, 2021, 10:38 am
txn_nv2ezBeS7gos5KjntxkmLO2bWbEZY - 8994163943013288 - September 13, 2021, 10:38 am
txn_NsLsyt4aJBTs6IwsC4Kqifz7bncZY - 8994163943014285 - September 13, 2021, 10:38 am
txn_rd846g6zDFGO3sFalIvdIYji8R6YY - 8994163943012281 - September 13, 2021, 10:38 am
txn_lOoHJYMFt2eneXIQliH9TtBD5s7YY - 8994163942933280 - September 13, 2021, 10:38 am
txn_VaKvfIoW6LVMFp8pDApsGemjIiNZY - 8994163942574285 - September 13, 2021, 10:38 am
txn_VYZTVsItpJja7vUdSG5extsCZw7YY - 8994163942808281 - September 13, 2021, 10:38 am
txn_5G9e9iDklzzY2dWzQIjL3Wap0gJZY - 8994163942928286 - September 13, 2021, 10:38 am
txn_Rcoz0bf9STwA75pyhDJr0y7bEHEZY - 8994163942573288 - September 13, 2021, 10:38 am
txn_ZG1scMnoO0jAjtxIWTHp1l1dZBfZY - 8994163942572281 - September 13, 2021, 10:38 am
txn_TnH4G4B1ixAI7mY9nk3trXCo5mMZY - 8994163942925285 - September 13, 2021, 10:38 am
txn_lqW9uBqGqztz8LRFZZkgV1zzhPdZY - 8994163942571284 - September 13, 2021, 10:38 am
txn_P5rN0pvYQ6o4cwmaDvHqskZm5IQZY - 8994163942807284 - September 13, 2021, 10:38 am
txn_XbOR7waDMxeyWXGipkGMU3kcw3HZY - 8994163943029289 - September 13, 2021, 10:38 am
txn_bRgFZjTLESV6PwdbQ295QjHB7JKZY - 8994163943026288 - September 13, 2021, 10:38 am
txn_xY6RWwZg1d1Rco0jBeijb3SB7zdZY - 8994163943021283 - September 13, 2021, 10:38 am
txn_bL7wbfqbsVcESxLWX0vShynFDwPZY - 8994163942938285 - September 13, 2021, 10:38 am
txn_NWgKRP16ZmVqOjjusajDR40BL3eZY - 8994163942934287 - September 13, 2021, 10:38 am
txn_fBZ65AAfAEG3st9s3fgRMQX1CceZY - 8994163942809288 - September 13, 2021, 10:38 am
txn_9ewqrFU6DT6NX5D7fkviRvQPYpJZY - 8994163942806287 - September 13, 2021, 10:38 am
txn_ntNk6aY7qauy1y8lj1kXMFKA8PHZY - 8994163943256289 - September 13, 2021, 10:38 am
txn_ByTp2K9BKveBBK1eCIn0fh7bejaZY - 8994163943255282 - September 13, 2021, 10:38 am
txn_xUy64kO5OMxpirKJJd3kzGysZRZZY - 8994163943433284 - September 13, 2021, 10:38 am
txn_3t35lAGGrJkFzYG1VO3hE1DBHCJZY - 8994163943432287 - September 13, 2021, 10:38 am
txn_loFJkT4VLtOwHHYCb5OLNDC4zgdZY - 8994163943431280 - September 13, 2021, 10:38 am
2021Influencer777 - 8994163943079284 - September 13, 2021, 10:38 am
txn_Re1DpvFCfKqHMaCRwMMsXHOtmSKZY - 8994163943077280 - September 13, 2021, 10:38 am
txn_5cyH70blIQNRXLSKuBTWcu1dtHZZY - 8994163943252281 - September 13, 2021, 10:38 am
txn_ha7LmFbTyRu6H0dgmju0rb8N0LBZY - 8994163943251284 - September 13, 2021, 10:38 am
txn_3NrdsToVDNftJuMfVpZjLIGLTUVZY - 8994163943073282 - September 13, 2021, 10:38 am
txn_TtgzULrTgqVBCUXdKAmA3GlzCeJZY - 8994163943427283 - September 13, 2021, 10:38 am
txn_jxQCBqCRzGfC0CnpsFnHrleOcn7YY - 8994163943250287 - September 13, 2021, 10:38 am
txn_9ya6BU0JVL32pptwdzZhVE8h5sLZY - 8994163943425289 - September 13, 2021, 10:38 am
txn_1qq9M5JwGam0pzLDxJjk1mAstMdZY - 8994163943249281 - September 13, 2021, 10:38 am
txn_HDwCbjrnIu3yhdiRnDygL68DUhGZY - 8994163943424282 - September 13, 2021, 10:38 am
txn_nviUzPRSM33VowB1GhrqTiHBmpCZY - 8994163943247287 - September 13, 2021, 10:38 am
txn_NSqGiWdz0fGVtfioqB1QYVoF6KeZY - 8994163943066284 - September 13, 2021, 10:38 am
txn_jp8eXqtPcCOuqQWkeRua9HhDQGdZY - 8994163943248284 - September 13, 2021, 10:38 am
txn_xQCjaThfyuPPJW4orEazd9MtNuPZY - 8994163943064280 - September 13, 2021, 10:38 am
txn_dUpbiR1MskX8ebfbjEDyto9TTkVZY - 8994163943420284 - September 13, 2021, 10:38 am
