txn_1HZLNEJm8ehcCWGI34wjLv7I - 8994163057883630 - October 7, 2020, 2:44 pm
txn_1HZNAvJm8ehcCWGIV9N7T8F6 - 8994163057876632 - October 7, 2020, 2:44 pm
txn_1HZOOGJm8ehcCWGIzkQGrdhJ - 8994163057657637 - October 7, 2020, 2:44 pm
txn_1HZPIcJm8ehcCWGIaV0Ewjed - 8994163057859635 - October 7, 2020, 2:44 pm
txn_1HZcCGJm8ehcCWGIFSsGnIWG - 8994163057856634 - October 7, 2020, 2:44 pm
txn_1HZeylJm8ehcCWGIElkiuWRA - 8994163057850632 - October 7, 2020, 2:44 pm
txn_1HZgbAJm8ehcCWGIu45x6gTT - 8994163057454632 - October 7, 2020, 2:44 pm
txn_1HZeq6Jm8ehcCWGIVKfpEnsd - 8994163057634638 - October 7, 2020, 2:44 pm
txn_1HZf2qJm8ehcCWGIIeuz8Pny - 8994163057633631 - October 7, 2020, 2:44 pm
txn_1HZeEvJm8ehcCWGI15zSotx8 - 8994163057849636 - October 7, 2020, 2:44 pm
txn_1HZLNEJm8ehcCWGI34wjLv7I - 8994163057883630 - October 7, 2020, 3:01 pm
txn_1HZNAvJm8ehcCWGIV9N7T8F6 - 8994163057876632 - October 7, 2020, 3:01 pm
txn_1HZOOGJm8ehcCWGIzkQGrdhJ - 8994163057657637 - October 7, 2020, 3:01 pm
txn_1HZPIcJm8ehcCWGIaV0Ewjed - 8994163057859635 - October 7, 2020, 3:01 pm
txn_1HZcCGJm8ehcCWGIFSsGnIWG - 8994163057856634 - October 7, 2020, 3:01 pm
txn_1HZeylJm8ehcCWGIElkiuWRA - 8994163057850632 - October 7, 2020, 3:01 pm
txn_1HZgbAJm8ehcCWGIu45x6gTT - 8994163057454632 - October 7, 2020, 3:01 pm
txn_1HZeq6Jm8ehcCWGIVKfpEnsd - 8994163057634638 - October 7, 2020, 3:01 pm
txn_1HZf2qJm8ehcCWGIIeuz8Pny - 8994163057633631 - October 7, 2020, 3:01 pm
txn_1HZeEvJm8ehcCWGI15zSotx8 - 8994163057849636 - October 7, 2020, 3:01 pm
txn_1HZdDNJm8ehcCWGI4NtoDvcO - 8994163066107635 - October 7, 2020, 3:01 pm
