txn_1IS8CxJm8ehcCWGI1w0vBGsm - 8994163210030215 - March 8, 2021, 4:01 pm
txn_1ISpQDJm8ehcCWGIbOOSvGiV - 8994163210497216 - March 8, 2021, 4:06 pm
txn_1ISowsJm8ehcCWGIOGvTvR1P - 8994163210340215 - March 8, 2021, 4:06 pm
txn_1ISmvZJm8ehcCWGInGuFAfPY - 8994163210493218 - March 8, 2021, 4:06 pm
txn_1ISmXBJm8ehcCWGIOnCIaoxg - 8994163210491214 - March 8, 2021, 4:06 pm
txn_1ISkhYJm8ehcCWGIaVJKQdmW - 8994163210122217 - March 8, 2021, 4:06 pm
txn_1ISleNJm8ehcCWGITTzUAz8a - 8994163210488214 - March 8, 2021, 4:06 pm
txn_1IScAqJm8ehcCWGI0o8GDe9A - 8994163210121210 - March 8, 2021, 4:06 pm
txn_1ISkApJm8ehcCWGIcYhGxfNQ - 8994163210487217 - March 8, 2021, 4:06 pm
aacac31f-3200-70b1-d18c-941995675c98 - 8994163222361215 - March 8, 2021, 10:02 pm
txn_1IQwgCJm8ehcCWGIYKKDkn5g - 8994163222506210 - March 8, 2021, 10:02 pm
txn_1IQfRmJm8ehcCWGIr7ClHlls - 8994163222359212 - March 8, 2021, 10:02 pm
txn_1IRAcrJm8ehcCWGITQMTheGF - 8994163222356211 - March 8, 2021, 10:02 pm
txn_1IRT3jJm8ehcCWGIxmg1Mapj - 8994163222357218 - March 8, 2021, 10:02 pm
aa50255f-bcb7-d20d-7d76-411859c6f87e - 8994163222355214 - March 8, 2021, 10:02 pm
txn_1IQhOKJm8ehcCWGIacjhQyDU - 8994163222684215 - March 8, 2021, 10:02 pm
txn_1IR0C0Jm8ehcCWGIhPsYxPAr - 8994163222505213 - March 8, 2021, 10:02 pm
txn_1IQiJqJm8ehcCWGIaBtNfKAj - 8994163222504216 - March 8, 2021, 10:02 pm
txn_1IRjmjJm8ehcCWGIDfK722OR - 8994163222353210 - March 8, 2021, 10:02 pm
txn_1IR2c4Jm8ehcCWGIJfPmYcs9 - 8994163222352213 - March 8, 2021, 10:02 pm
txn_1IRMpTJm8ehcCWGIBP9Yvr4K - 8994163222500218 - March 8, 2021, 10:02 pm
txn_1IQiT9Jm8ehcCWGIUfiG7EZo - 8994163222499215 - March 8, 2021, 10:02 pm
txn_1IRiLQJm8ehcCWGIW3snlmHd - 8994163222498218 - March 8, 2021, 10:02 pm
txn_1IRSnhJm8ehcCWGITXc2j2F8 - 8994163222496214 - March 8, 2021, 10:02 pm
txn_1IRA83Jm8ehcCWGIB3hD2TUh - 8994163222497211 - March 8, 2021, 10:02 pm
txn_1IR2u8Jm8ehcCWGI3TY2K3Qe - 8994163222351216 - March 8, 2021, 10:02 pm
txn_1IRMdLJm8ehcCWGICK2cG3YH - 8994163222350219 - March 8, 2021, 10:02 pm
txn_1IR5gIJm8ehcCWGI83xoF4lQ - 8994163222349213 - March 8, 2021, 10:02 pm
txn_1IQjslJm8ehcCWGIWAH69En3 - 8994163222495217 - March 8, 2021, 10:02 pm
txn_1IRgdyJm8ehcCWGILK1L5fgB - 8994163222681214 - March 8, 2021, 10:02 pm
txn_1IR9GbJm8ehcCWGIAt6UvVdj - 8994163222679211 - March 8, 2021, 10:02 pm
txn_1IRM6wJm8ehcCWGImy6aQOmh - 8994163222680217 - March 8, 2021, 10:02 pm
txn_1IRSGAJm8ehcCWGIWzkDWnfH - 8994163222348216 - March 8, 2021, 10:02 pm
txn_1IQ1BmJm8ehcCWGIzi1KzGGu - 8994163222678214 - March 8, 2021, 10:02 pm
txn_1IQjzUJm8ehcCWGIn1Gss6Lz - 8994163222346212 - March 8, 2021, 10:02 pm
txn_1IRg7fJm8ehcCWGIjttvOd7J - 8994163222494210 - March 8, 2021, 10:02 pm
txn_1IRLpDJm8ehcCWGIs5ZnGEtB - 8994163222677217 - March 8, 2021, 10:02 pm
txn_1IR8mCJm8ehcCWGIlrTA50Ml - 8994163222676210 - March 8, 2021, 10:02 pm
txn_1IRR4CJm8ehcCWGIW5O2exhr - 8994163222675213 - March 8, 2021, 10:02 pm
aacac31f-3200-70b1-d18c-941995675c98 - 8994163222361215 - March 8, 2021, 10:02 pm
txn_1IQwgCJm8ehcCWGIYKKDkn5g - 8994163222506210 - March 8, 2021, 10:02 pm
txn_1IQfRmJm8ehcCWGIr7ClHlls - 8994163222359212 - March 8, 2021, 10:02 pm
txn_1IRAcrJm8ehcCWGITQMTheGF - 8994163222356211 - March 8, 2021, 10:02 pm
txn_1IRT3jJm8ehcCWGIxmg1Mapj - 8994163222357218 - March 8, 2021, 10:02 pm
aa50255f-bcb7-d20d-7d76-411859c6f87e - 8994163222355214 - March 8, 2021, 10:02 pm
txn_1IQhOKJm8ehcCWGIacjhQyDU - 8994163222684215 - March 8, 2021, 10:02 pm
txn_1IR0C0Jm8ehcCWGIhPsYxPAr - 8994163222505213 - March 8, 2021, 10:02 pm
txn_1IQiJqJm8ehcCWGIaBtNfKAj - 8994163222504216 - March 8, 2021, 10:02 pm
txn_1IRjmjJm8ehcCWGIDfK722OR - 8994163222353210 - March 8, 2021, 10:02 pm
txn_1IR2c4Jm8ehcCWGIJfPmYcs9 - 8994163222352213 - March 8, 2021, 10:02 pm
txn_1IRMpTJm8ehcCWGIBP9Yvr4K - 8994163222500218 - March 8, 2021, 10:02 pm
txn_1IQiT9Jm8ehcCWGIUfiG7EZo - 8994163222499215 - March 8, 2021, 10:02 pm
txn_1IRiLQJm8ehcCWGIW3snlmHd - 8994163222498218 - March 8, 2021, 10:02 pm
txn_1IRSnhJm8ehcCWGITXc2j2F8 - 8994163222496214 - March 8, 2021, 10:02 pm
txn_1IRA83Jm8ehcCWGIB3hD2TUh - 8994163222497211 - March 8, 2021, 10:02 pm
txn_1IR2u8Jm8ehcCWGI3TY2K3Qe - 8994163222351216 - March 8, 2021, 10:02 pm
txn_1IRMdLJm8ehcCWGICK2cG3YH - 8994163222350219 - March 8, 2021, 10:02 pm
txn_1IR5gIJm8ehcCWGI83xoF4lQ - 8994163222349213 - March 8, 2021, 10:02 pm
txn_1IQjslJm8ehcCWGIWAH69En3 - 8994163222495217 - March 8, 2021, 10:02 pm
txn_1IRgdyJm8ehcCWGILK1L5fgB - 8994163222681214 - March 8, 2021, 10:02 pm
txn_1IR9GbJm8ehcCWGIAt6UvVdj - 8994163222679211 - March 8, 2021, 10:02 pm
txn_1IRM6wJm8ehcCWGImy6aQOmh - 8994163222680217 - March 8, 2021, 10:02 pm
txn_1IRSGAJm8ehcCWGIWzkDWnfH - 8994163222348216 - March 8, 2021, 10:02 pm
txn_1IQ1BmJm8ehcCWGIzi1KzGGu - 8994163222678214 - March 8, 2021, 10:02 pm
txn_1IQjzUJm8ehcCWGIn1Gss6Lz - 8994163222346212 - March 8, 2021, 10:02 pm
txn_1IRg7fJm8ehcCWGIjttvOd7J - 8994163222494210 - March 8, 2021, 10:02 pm
txn_1IRLpDJm8ehcCWGIs5ZnGEtB - 8994163222677217 - March 8, 2021, 10:02 pm
txn_1IR8mCJm8ehcCWGIlrTA50Ml - 8994163222676210 - March 8, 2021, 10:02 pm
txn_1IRR4CJm8ehcCWGIW5O2exhr - 8994163222675213 - March 8, 2021, 10:02 pm
txn_1IQldJJm8ehcCWGIMdCV49RM -  - March 8, 2021, 10:02 pm
txn_1IR7KXJm8ehcCWGIUN2CBf2c -  - March 8, 2021, 10:02 pm
txn_1IQm4UJm8ehcCWGIJoErhRkU -  - March 8, 2021, 10:02 pm
txn_1IR7ICJm8ehcCWGIu1RkvnZk -  - March 8, 2021, 10:02 pm
txn_1IQmCBJm8ehcCWGIiT4W44Aw -  - March 8, 2021, 10:02 pm
txn_1IR6v6Jm8ehcCWGIPDxVdvfE -  - March 8, 2021, 10:02 pm
txn_1IQwWVJm8ehcCWGIJgMyy8Xg -  - March 8, 2021, 10:02 pm
txn_1IQZFTJm8ehcCWGIjco0mXGx -  - March 8, 2021, 10:02 pm
txn_1IQzxjJm8ehcCWGIv7NLajFn -  - March 8, 2021, 10:02 pm
txn_1IQc7KJm8ehcCWGI7YrABges -  - March 8, 2021, 10:02 pm
txn_1IR0U2Jm8ehcCWGIoal4kwQf -  - March 8, 2021, 10:02 pm
txn_1IQdrGJm8ehcCWGIie2Gk6ok -  - March 8, 2021, 10:02 pm
txn_1IR1qKJm8ehcCWGIDb4OfUZR -  - March 8, 2021, 10:02 pm
txn_1IR8D1Jm8ehcCWGIkPQx6OTV -  - March 8, 2021, 10:02 pm
aacac31f-3200-70b1-d18c-941995675c98 - 8994163222361215 - March 8, 2021, 10:04 pm
txn_1IQwgCJm8ehcCWGIYKKDkn5g - 8994163222506210 - March 8, 2021, 10:04 pm
txn_1IQfRmJm8ehcCWGIr7ClHlls - 8994163222359212 - March 8, 2021, 10:04 pm
txn_1IRAcrJm8ehcCWGITQMTheGF - 8994163222356211 - March 8, 2021, 10:04 pm
txn_1IRT3jJm8ehcCWGIxmg1Mapj - 8994163222357218 - March 8, 2021, 10:04 pm
aa50255f-bcb7-d20d-7d76-411859c6f87e - 8994163222355214 - March 8, 2021, 10:04 pm
txn_1IQhOKJm8ehcCWGIacjhQyDU - 8994163222684215 - March 8, 2021, 10:04 pm
txn_1IR0C0Jm8ehcCWGIhPsYxPAr - 8994163222505213 - March 8, 2021, 10:04 pm
txn_1IQiJqJm8ehcCWGIaBtNfKAj - 8994163222504216 - March 8, 2021, 10:04 pm
txn_1IRjmjJm8ehcCWGIDfK722OR - 8994163222353210 - March 8, 2021, 10:04 pm
txn_1IR2c4Jm8ehcCWGIJfPmYcs9 - 8994163222352213 - March 8, 2021, 10:04 pm
txn_1IRMpTJm8ehcCWGIBP9Yvr4K - 8994163222500218 - March 8, 2021, 10:04 pm
txn_1IQiT9Jm8ehcCWGIUfiG7EZo - 8994163222499215 - March 8, 2021, 10:04 pm
txn_1IRiLQJm8ehcCWGIW3snlmHd - 8994163222498218 - March 8, 2021, 10:04 pm
txn_1IRSnhJm8ehcCWGITXc2j2F8 - 8994163222496214 - March 8, 2021, 10:04 pm
txn_1IRA83Jm8ehcCWGIB3hD2TUh - 8994163222497211 - March 8, 2021, 10:04 pm
txn_1IR2u8Jm8ehcCWGI3TY2K3Qe - 8994163222351216 - March 8, 2021, 10:04 pm
txn_1IRMdLJm8ehcCWGICK2cG3YH - 8994163222350219 - March 8, 2021, 10:04 pm
txn_1IR5gIJm8ehcCWGI83xoF4lQ - 8994163222349213 - March 8, 2021, 10:04 pm
txn_1IQjslJm8ehcCWGIWAH69En3 - 8994163222495217 - March 8, 2021, 10:04 pm
txn_1IRgdyJm8ehcCWGILK1L5fgB - 8994163222681214 - March 8, 2021, 10:04 pm
txn_1IR9GbJm8ehcCWGIAt6UvVdj - 8994163222679211 - March 8, 2021, 10:04 pm
txn_1IRM6wJm8ehcCWGImy6aQOmh - 8994163222680217 - March 8, 2021, 10:04 pm
txn_1IRSGAJm8ehcCWGIWzkDWnfH - 8994163222348216 - March 8, 2021, 10:04 pm
txn_1IQ1BmJm8ehcCWGIzi1KzGGu - 8994163222678214 - March 8, 2021, 10:04 pm
txn_1IQjzUJm8ehcCWGIn1Gss6Lz - 8994163222346212 - March 8, 2021, 10:04 pm
txn_1IRg7fJm8ehcCWGIjttvOd7J - 8994163222494210 - March 8, 2021, 10:04 pm
txn_1IRLpDJm8ehcCWGIs5ZnGEtB - 8994163222677217 - March 8, 2021, 10:04 pm
txn_1IR8mCJm8ehcCWGIlrTA50Ml - 8994163222676210 - March 8, 2021, 10:04 pm
txn_1IRR4CJm8ehcCWGIW5O2exhr - 8994163222675213 - March 8, 2021, 10:04 pm
txn_1IQe92Jm8ehcCWGIfEKVMcMj - 8994163222365213 - March 8, 2021, 10:04 pm
txn_1IRPV9Jm8ehcCWGIcm1D8BON - 8994163222694214 - March 8, 2021, 10:04 pm
txn_1IRPR7Jm8ehcCWGIuQF6Lzd5 - 8994163222693217 - March 8, 2021, 10:04 pm
txn_1IRPFOJm8ehcCWGIlR2QHfSV - 8994163222370217 - March 8, 2021, 10:04 pm
txn_1IRJVmJm8ehcCWGIZOuFAYDu - 8994163222692210 - March 8, 2021, 10:04 pm
txn_1IRPEtJm8ehcCWGISS0hWMUI - 8994163222525211 - March 8, 2021, 10:04 pm
txn_1IRJSwJm8ehcCWGIcKtO2fvq - 8994163222524214 - March 8, 2021, 10:04 pm
txn_1IRPADJm8ehcCWGI7gHmzCJR - 8994163222523217 - March 8, 2021, 10:04 pm
txn_1IRkPvJm8ehcCWGIEOCNCSRD - 8994163222522210 - March 8, 2021, 10:04 pm
txn_1IRJHhJm8ehcCWGIOreogckn - 8994163222691213 - March 8, 2021, 10:04 pm
txn_1IRNavJm8ehcCWGINH47nRQ0 - 8994163222369211 - March 8, 2021, 10:04 pm
txn_1IRU4qJm8ehcCWGIQwFYQtcC - 8994163222521213 - March 8, 2021, 10:04 pm
txn_1IRMvTJm8ehcCWGIDJsTxkiH - 8994163222690216 - March 8, 2021, 10:04 pm
txn_1IRnXTJm8ehcCWGIElMDPJJP - 8994163222689210 - March 8, 2021, 10:04 pm
txn_1IRJF5Jm8ehcCWGIPUU6xzYW - 8994163222688213 - March 8, 2021, 10:04 pm
txn_1IRTjFJm8ehcCWGIAS1LSxXb - 8994163222367217 - March 8, 2021, 10:04 pm
txn_1IRLmVJm8ehcCWGIcYujkJNb - 8994163222368214 - March 8, 2021, 10:04 pm
txn_1IRnNGJm8ehcCWGIzYPRVPoJ - 8994163222519210 - March 8, 2021, 10:04 pm
txn_1IRJB0Jm8ehcCWGItTLOh2WX - 8994163222516219 - March 8, 2021, 10:04 pm
txn_1IRKNzJm8ehcCWGIsfp32vA9 - 8994163222366210 - March 8, 2021, 10:04 pm
txn_1IRTihJm8ehcCWGIyyJnXc1u - 8994163222687216 - March 8, 2021, 10:04 pm
txn_1IRn8QJm8ehcCWGI9hIL7M3O - 8994163222685212 - March 8, 2021, 10:04 pm
txn_1IRJnPJm8ehcCWGIkUn8TTWG - 8994163222686219 - March 8, 2021, 10:04 pm
txn_1IRTYdJm8ehcCWGIWdKiYLBk - 8994163222515212 - March 8, 2021, 10:04 pm
txn_1IR1qKJm8ehcCWGIDb4OfUZR - 8994163222530215 - March 8, 2021, 10:04 pm
txn_1IRStNJm8ehcCWGICteSHJ5N - 8994163222534213 - March 8, 2021, 10:04 pm
txn_1IR6v6Jm8ehcCWGIPDxVdvfE - 8994163222535210 - March 8, 2021, 10:04 pm
txn_1IQzxjJm8ehcCWGIv7NLajFn - 8994163222377216 - March 8, 2021, 10:04 pm
txn_1IRotoJm8ehcCWGIXzHLAxG9 - 8994163222376219 - March 8, 2021, 10:04 pm
txn_1IR0U2Jm8ehcCWGIoal4kwQf - 8994163222532219 - March 8, 2021, 10:04 pm
txn_1IQZFTJm8ehcCWGIjco0mXGx - 8994163222533216 - March 8, 2021, 10:04 pm
txn_1IRQxKJm8ehcCWGIGhcFlcec - 8994163222696218 - March 8, 2021, 10:04 pm
txn_1IRopzJm8ehcCWGIS7syRE8l - 8994163222375212 - March 8, 2021, 10:04 pm
txn_1IQc7KJm8ehcCWGI7YrABges - 8994163222531212 - March 8, 2021, 10:04 pm
txn_1IRQwxJm8ehcCWGIu14l0k4M - 8994163222374215 - March 8, 2021, 10:04 pm
aacac31f-3200-70b1-d18c-941995675c98 - 8994163222361215 - March 8, 2021, 10:04 pm
txn_1IQwgCJm8ehcCWGIYKKDkn5g - 8994163222506210 - March 8, 2021, 10:04 pm
txn_1IQfRmJm8ehcCWGIr7ClHlls - 8994163222359212 - March 8, 2021, 10:04 pm
txn_1IRAcrJm8ehcCWGITQMTheGF - 8994163222356211 - March 8, 2021, 10:04 pm
txn_1IRT3jJm8ehcCWGIxmg1Mapj - 8994163222357218 - March 8, 2021, 10:04 pm
aa50255f-bcb7-d20d-7d76-411859c6f87e - 8994163222355214 - March 8, 2021, 10:04 pm
txn_1IQhOKJm8ehcCWGIacjhQyDU - 8994163222684215 - March 8, 2021, 10:04 pm
txn_1IR0C0Jm8ehcCWGIhPsYxPAr - 8994163222505213 - March 8, 2021, 10:04 pm
txn_1IQiJqJm8ehcCWGIaBtNfKAj - 8994163222504216 - March 8, 2021, 10:04 pm
txn_1IRjmjJm8ehcCWGIDfK722OR - 8994163222353210 - March 8, 2021, 10:04 pm
txn_1IR2c4Jm8ehcCWGIJfPmYcs9 - 8994163222352213 - March 8, 2021, 10:04 pm
txn_1IRMpTJm8ehcCWGIBP9Yvr4K - 8994163222500218 - March 8, 2021, 10:04 pm
txn_1IQiT9Jm8ehcCWGIUfiG7EZo - 8994163222499215 - March 8, 2021, 10:04 pm
txn_1IRiLQJm8ehcCWGIW3snlmHd - 8994163222498218 - March 8, 2021, 10:04 pm
txn_1IRSnhJm8ehcCWGITXc2j2F8 - 8994163222496214 - March 8, 2021, 10:04 pm
txn_1IRA83Jm8ehcCWGIB3hD2TUh - 8994163222497211 - March 8, 2021, 10:04 pm
txn_1IR2u8Jm8ehcCWGI3TY2K3Qe - 8994163222351216 - March 8, 2021, 10:04 pm
txn_1IRMdLJm8ehcCWGICK2cG3YH - 8994163222350219 - March 8, 2021, 10:04 pm
txn_1IR5gIJm8ehcCWGI83xoF4lQ - 8994163222349213 - March 8, 2021, 10:04 pm
txn_1IQjslJm8ehcCWGIWAH69En3 - 8994163222495217 - March 8, 2021, 10:04 pm
txn_1IRgdyJm8ehcCWGILK1L5fgB - 8994163222681214 - March 8, 2021, 10:04 pm
txn_1IR9GbJm8ehcCWGIAt6UvVdj - 8994163222679211 - March 8, 2021, 10:04 pm
txn_1IRM6wJm8ehcCWGImy6aQOmh - 8994163222680217 - March 8, 2021, 10:04 pm
txn_1IRSGAJm8ehcCWGIWzkDWnfH - 8994163222348216 - March 8, 2021, 10:04 pm
txn_1IQ1BmJm8ehcCWGIzi1KzGGu - 8994163222678214 - March 8, 2021, 10:04 pm
txn_1IQjzUJm8ehcCWGIn1Gss6Lz - 8994163222346212 - March 8, 2021, 10:04 pm
txn_1IRg7fJm8ehcCWGIjttvOd7J - 8994163222494210 - March 8, 2021, 10:04 pm
txn_1IRLpDJm8ehcCWGIs5ZnGEtB - 8994163222677217 - March 8, 2021, 10:04 pm
txn_1IR8mCJm8ehcCWGIlrTA50Ml - 8994163222676210 - March 8, 2021, 10:04 pm
txn_1IRR4CJm8ehcCWGIW5O2exhr - 8994163222675213 - March 8, 2021, 10:04 pm
txn_1IQe92Jm8ehcCWGIfEKVMcMj - 8994163222365213 - March 8, 2021, 10:04 pm
txn_1IRPV9Jm8ehcCWGIcm1D8BON - 8994163222694214 - March 8, 2021, 10:04 pm
txn_1IRPR7Jm8ehcCWGIuQF6Lzd5 - 8994163222693217 - March 8, 2021, 10:04 pm
txn_1IRPFOJm8ehcCWGIlR2QHfSV - 8994163222370217 - March 8, 2021, 10:04 pm
txn_1IRJVmJm8ehcCWGIZOuFAYDu - 8994163222692210 - March 8, 2021, 10:04 pm
txn_1IRPEtJm8ehcCWGISS0hWMUI - 8994163222525211 - March 8, 2021, 10:04 pm
txn_1IRJSwJm8ehcCWGIcKtO2fvq - 8994163222524214 - March 8, 2021, 10:04 pm
txn_1IRPADJm8ehcCWGI7gHmzCJR - 8994163222523217 - March 8, 2021, 10:04 pm
txn_1IRkPvJm8ehcCWGIEOCNCSRD - 8994163222522210 - March 8, 2021, 10:04 pm
txn_1IRJHhJm8ehcCWGIOreogckn - 8994163222691213 - March 8, 2021, 10:04 pm
txn_1IRNavJm8ehcCWGINH47nRQ0 - 8994163222369211 - March 8, 2021, 10:04 pm
txn_1IRU4qJm8ehcCWGIQwFYQtcC - 8994163222521213 - March 8, 2021, 10:04 pm
txn_1IRMvTJm8ehcCWGIDJsTxkiH - 8994163222690216 - March 8, 2021, 10:04 pm
txn_1IRnXTJm8ehcCWGIElMDPJJP - 8994163222689210 - March 8, 2021, 10:04 pm
txn_1IRJF5Jm8ehcCWGIPUU6xzYW - 8994163222688213 - March 8, 2021, 10:04 pm
txn_1IRTjFJm8ehcCWGIAS1LSxXb - 8994163222367217 - March 8, 2021, 10:04 pm
txn_1IRLmVJm8ehcCWGIcYujkJNb - 8994163222368214 - March 8, 2021, 10:04 pm
txn_1IRnNGJm8ehcCWGIzYPRVPoJ - 8994163222519210 - March 8, 2021, 10:04 pm
txn_1IRJB0Jm8ehcCWGItTLOh2WX - 8994163222516219 - March 8, 2021, 10:04 pm
txn_1IRKNzJm8ehcCWGIsfp32vA9 - 8994163222366210 - March 8, 2021, 10:04 pm
txn_1IRTihJm8ehcCWGIyyJnXc1u - 8994163222687216 - March 8, 2021, 10:04 pm
txn_1IRn8QJm8ehcCWGI9hIL7M3O - 8994163222685212 - March 8, 2021, 10:04 pm
txn_1IRJnPJm8ehcCWGIkUn8TTWG - 8994163222686219 - March 8, 2021, 10:04 pm
txn_1IRTYdJm8ehcCWGIWdKiYLBk - 8994163222515212 - March 8, 2021, 10:04 pm
txn_1IR1qKJm8ehcCWGIDb4OfUZR - 8994163222530215 - March 8, 2021, 10:04 pm
txn_1IRIgLJm8ehcCWGIlKTx9V2l - 8994163222386218 - March 8, 2021, 10:04 pm
txn_1IQlbQJm8ehcCWGIuBhusDtE - 8994163222543215 - March 8, 2021, 10:04 pm
txn_1IRIHKJm8ehcCWGIWMRhRZBL - 8994163222385211 - March 8, 2021, 10:04 pm
txn_1IQldJJm8ehcCWGIMdCV49RM - 8994163222384214 - March 8, 2021, 10:04 pm
txn_1IRGiRJm8ehcCWGIJQbCPtUH - 8994163222383217 - March 8, 2021, 10:04 pm
txn_1IRfo6Jm8ehcCWGIsUQJfAN2 - 8994163222542218 - March 8, 2021, 10:04 pm
txn_1IQm4UJm8ehcCWGIJoErhRkU - 8994163222382210 - March 8, 2021, 10:04 pm
txn_1IRYTNJm8ehcCWGIZQVyO6Kq - 8994163222541211 - March 8, 2021, 10:04 pm
txn_1IRAMdJm8ehcCWGIYv0UIl57 - 8994163222380216 - March 8, 2021, 10:04 pm
203d941b-267f-8c42-9ed0-540f1a545b08 - 8994163222540214 - March 8, 2021, 10:04 pm
txn_1IRUV8Jm8ehcCWGIzGEFblSb - 8994163222700212 - March 8, 2021, 10:04 pm
txn_1IR7KXJm8ehcCWGIUN2CBf2c - 8994163222379210 - March 8, 2021, 10:04 pm
7fba2aa9-9e80-0fd0-ce4d-05a5b89f444e - 8994163222699219 - March 8, 2021, 10:04 pm
txn_1IRUQaJm8ehcCWGIm7JVgHlx - 8994163222378213 - March 8, 2021, 10:04 pm
txn_1IR7ICJm8ehcCWGIu1RkvnZk - 8994163222537214 - March 8, 2021, 10:04 pm
txn_1IQwWVJm8ehcCWGIJgMyy8Xg - 8994163222698212 - March 8, 2021, 10:04 pm
1b244bf1-6edd-8e51-782c-06952ce91044 - 8994163222697215 - March 8, 2021, 10:04 pm
txn_1IRStNJm8ehcCWGICteSHJ5N - 8994163222534213 - March 8, 2021, 10:04 pm
txn_1IR6v6Jm8ehcCWGIPDxVdvfE - 8994163222535210 - March 8, 2021, 10:04 pm
txn_1IQzxjJm8ehcCWGIv7NLajFn - 8994163222377216 - March 8, 2021, 10:04 pm
txn_1IRotoJm8ehcCWGIXzHLAxG9 - 8994163222376219 - March 8, 2021, 10:04 pm
txn_1IR0U2Jm8ehcCWGIoal4kwQf - 8994163222532219 - March 8, 2021, 10:04 pm
txn_1IQZFTJm8ehcCWGIjco0mXGx - 8994163222533216 - March 8, 2021, 10:04 pm
txn_1IRQxKJm8ehcCWGIGhcFlcec - 8994163222696218 - March 8, 2021, 10:04 pm
txn_1IRopzJm8ehcCWGIS7syRE8l - 8994163222375212 - March 8, 2021, 10:04 pm
txn_1IQc7KJm8ehcCWGI7YrABges - 8994163222531212 - March 8, 2021, 10:04 pm
txn_1IRQwxJm8ehcCWGIu14l0k4M - 8994163222374215 - March 8, 2021, 10:04 pm
txn_1IRlZbJm8ehcCWGIDtjJMsLy -  - March 8, 2021, 10:04 pm
txn_1IQeB1Jm8ehcCWGI2JMC4Kbq -  - March 8, 2021, 10:04 pm
txn_1IRkfPJm8ehcCWGIrhpZL6vR -  - March 8, 2021, 10:04 pm
txn_1IQeD2Jm8ehcCWGIvVNRZqph -  - March 8, 2021, 10:04 pm
txn_1IRkG0Jm8ehcCWGIYg5sckhh -  - March 8, 2021, 10:04 pm
txn_1IQetrJm8ehcCWGIEjg9Ucyz -  - March 8, 2021, 10:04 pm
txn_1IRfdwJm8ehcCWGIB7cRw35z -  - March 8, 2021, 10:04 pm
txn_1IQfxZJm8ehcCWGI5mAuXBeW -  - March 8, 2021, 10:04 pm
txn_1IRciHJm8ehcCWGIygNXFKjb -  - March 8, 2021, 10:04 pm
txn_1IQhkJJm8ehcCWGIjArOnzuX -  - March 8, 2021, 10:04 pm
txn_1IRaTFJm8ehcCWGIpf7dSPQP -  - March 8, 2021, 10:04 pm
txn_1IQkHYJm8ehcCWGIRsHWvRe5 -  - March 8, 2021, 10:04 pm
txn_1IRXsTJm8ehcCWGIBHxfAgUZ -  - March 8, 2021, 10:04 pm
txn_1IQkUkJm8ehcCWGIvpX7RmgK -  - March 8, 2021, 10:04 pm
txn_1IRWFvJm8ehcCWGI56cnvQ70 -  - March 8, 2021, 10:04 pm
txn_1IQlKQJm8ehcCWGIthZ9cLLH -  - March 8, 2021, 10:04 pm
txn_1IRUXOJm8ehcCWGIIHyhUlDQ -  - March 8, 2021, 10:04 pm
txn_1IQlP2Jm8ehcCWGIC1CQolqQ -  - March 8, 2021, 10:04 pm
aacac31f-3200-70b1-d18c-941995675c98 - 8994163222361215 - March 8, 2021, 10:05 pm
txn_1IQwgCJm8ehcCWGIYKKDkn5g - 8994163222506210 - March 8, 2021, 10:05 pm
txn_1IQfRmJm8ehcCWGIr7ClHlls - 8994163222359212 - March 8, 2021, 10:05 pm
txn_1IRAcrJm8ehcCWGITQMTheGF - 8994163222356211 - March 8, 2021, 10:05 pm
txn_1IRT3jJm8ehcCWGIxmg1Mapj - 8994163222357218 - March 8, 2021, 10:05 pm
aa50255f-bcb7-d20d-7d76-411859c6f87e - 8994163222355214 - March 8, 2021, 10:05 pm
txn_1IQhOKJm8ehcCWGIacjhQyDU - 8994163222684215 - March 8, 2021, 10:05 pm
txn_1IR0C0Jm8ehcCWGIhPsYxPAr - 8994163222505213 - March 8, 2021, 10:05 pm
txn_1IQiJqJm8ehcCWGIaBtNfKAj - 8994163222504216 - March 8, 2021, 10:05 pm
txn_1IRjmjJm8ehcCWGIDfK722OR - 8994163222353210 - March 8, 2021, 10:05 pm
txn_1IR2c4Jm8ehcCWGIJfPmYcs9 - 8994163222352213 - March 8, 2021, 10:05 pm
txn_1IRMpTJm8ehcCWGIBP9Yvr4K - 8994163222500218 - March 8, 2021, 10:05 pm
txn_1IQiT9Jm8ehcCWGIUfiG7EZo - 8994163222499215 - March 8, 2021, 10:05 pm
txn_1IRiLQJm8ehcCWGIW3snlmHd - 8994163222498218 - March 8, 2021, 10:05 pm
txn_1IRSnhJm8ehcCWGITXc2j2F8 - 8994163222496214 - March 8, 2021, 10:05 pm
txn_1IRA83Jm8ehcCWGIB3hD2TUh - 8994163222497211 - March 8, 2021, 10:05 pm
txn_1IR2u8Jm8ehcCWGI3TY2K3Qe - 8994163222351216 - March 8, 2021, 10:05 pm
txn_1IRMdLJm8ehcCWGICK2cG3YH - 8994163222350219 - March 8, 2021, 10:05 pm
txn_1IR5gIJm8ehcCWGI83xoF4lQ - 8994163222349213 - March 8, 2021, 10:05 pm
txn_1IQjslJm8ehcCWGIWAH69En3 - 8994163222495217 - March 8, 2021, 10:05 pm
txn_1IRgdyJm8ehcCWGILK1L5fgB - 8994163222681214 - March 8, 2021, 10:05 pm
txn_1IR9GbJm8ehcCWGIAt6UvVdj - 8994163222679211 - March 8, 2021, 10:05 pm
txn_1IRM6wJm8ehcCWGImy6aQOmh - 8994163222680217 - March 8, 2021, 10:05 pm
txn_1IRSGAJm8ehcCWGIWzkDWnfH - 8994163222348216 - March 8, 2021, 10:05 pm
txn_1IQ1BmJm8ehcCWGIzi1KzGGu - 8994163222678214 - March 8, 2021, 10:05 pm
txn_1IQjzUJm8ehcCWGIn1Gss6Lz - 8994163222346212 - March 8, 2021, 10:05 pm
txn_1IRg7fJm8ehcCWGIjttvOd7J - 8994163222494210 - March 8, 2021, 10:05 pm
txn_1IRLpDJm8ehcCWGIs5ZnGEtB - 8994163222677217 - March 8, 2021, 10:05 pm
txn_1IR8mCJm8ehcCWGIlrTA50Ml - 8994163222676210 - March 8, 2021, 10:05 pm
txn_1IRR4CJm8ehcCWGIW5O2exhr - 8994163222675213 - March 8, 2021, 10:05 pm
txn_1IQe92Jm8ehcCWGIfEKVMcMj - 8994163222365213 - March 8, 2021, 10:05 pm
txn_1IRPV9Jm8ehcCWGIcm1D8BON - 8994163222694214 - March 8, 2021, 10:05 pm
txn_1IRPR7Jm8ehcCWGIuQF6Lzd5 - 8994163222693217 - March 8, 2021, 10:05 pm
txn_1IRPFOJm8ehcCWGIlR2QHfSV - 8994163222370217 - March 8, 2021, 10:05 pm
txn_1IRJVmJm8ehcCWGIZOuFAYDu - 8994163222692210 - March 8, 2021, 10:05 pm
txn_1IRPEtJm8ehcCWGISS0hWMUI - 8994163222525211 - March 8, 2021, 10:05 pm
txn_1IRJSwJm8ehcCWGIcKtO2fvq - 8994163222524214 - March 8, 2021, 10:05 pm
txn_1IRPADJm8ehcCWGI7gHmzCJR - 8994163222523217 - March 8, 2021, 10:05 pm
txn_1IRkPvJm8ehcCWGIEOCNCSRD - 8994163222522210 - March 8, 2021, 10:05 pm
txn_1IRJHhJm8ehcCWGIOreogckn - 8994163222691213 - March 8, 2021, 10:05 pm
txn_1IRNavJm8ehcCWGINH47nRQ0 - 8994163222369211 - March 8, 2021, 10:05 pm
txn_1IRU4qJm8ehcCWGIQwFYQtcC - 8994163222521213 - March 8, 2021, 10:05 pm
txn_1IRMvTJm8ehcCWGIDJsTxkiH - 8994163222690216 - March 8, 2021, 10:05 pm
txn_1IRnXTJm8ehcCWGIElMDPJJP - 8994163222689210 - March 8, 2021, 10:05 pm
txn_1IRJF5Jm8ehcCWGIPUU6xzYW - 8994163222688213 - March 8, 2021, 10:05 pm
txn_1IRTjFJm8ehcCWGIAS1LSxXb - 8994163222367217 - March 8, 2021, 10:05 pm
txn_1IRLmVJm8ehcCWGIcYujkJNb - 8994163222368214 - March 8, 2021, 10:05 pm
txn_1IRnNGJm8ehcCWGIzYPRVPoJ - 8994163222519210 - March 8, 2021, 10:05 pm
txn_1IRJB0Jm8ehcCWGItTLOh2WX - 8994163222516219 - March 8, 2021, 10:05 pm
txn_1IRKNzJm8ehcCWGIsfp32vA9 - 8994163222366210 - March 8, 2021, 10:05 pm
txn_1IRTihJm8ehcCWGIyyJnXc1u - 8994163222687216 - March 8, 2021, 10:05 pm
txn_1IRn8QJm8ehcCWGI9hIL7M3O - 8994163222685212 - March 8, 2021, 10:05 pm
txn_1IRJnPJm8ehcCWGIkUn8TTWG - 8994163222686219 - March 8, 2021, 10:05 pm
txn_1IRTYdJm8ehcCWGIWdKiYLBk - 8994163222515212 - March 8, 2021, 10:05 pm
txn_1IR1qKJm8ehcCWGIDb4OfUZR - 8994163222530215 - March 8, 2021, 10:05 pm
txn_1IRIgLJm8ehcCWGIlKTx9V2l - 8994163222386218 - March 8, 2021, 10:05 pm
txn_1IQlbQJm8ehcCWGIuBhusDtE - 8994163222543215 - March 8, 2021, 10:05 pm
txn_1IRIHKJm8ehcCWGIWMRhRZBL - 8994163222385211 - March 8, 2021, 10:05 pm
txn_1IQldJJm8ehcCWGIMdCV49RM - 8994163222384214 - March 8, 2021, 10:05 pm
txn_1IRGiRJm8ehcCWGIJQbCPtUH - 8994163222383217 - March 8, 2021, 10:05 pm
txn_1IRfo6Jm8ehcCWGIsUQJfAN2 - 8994163222542218 - March 8, 2021, 10:05 pm
txn_1IQm4UJm8ehcCWGIJoErhRkU - 8994163222382210 - March 8, 2021, 10:05 pm
txn_1IRYTNJm8ehcCWGIZQVyO6Kq - 8994163222541211 - March 8, 2021, 10:05 pm
txn_1IRAMdJm8ehcCWGIYv0UIl57 - 8994163222380216 - March 8, 2021, 10:05 pm
203d941b-267f-8c42-9ed0-540f1a545b08 - 8994163222540214 - March 8, 2021, 10:05 pm
txn_1IRUV8Jm8ehcCWGIzGEFblSb - 8994163222700212 - March 8, 2021, 10:05 pm
txn_1IR7KXJm8ehcCWGIUN2CBf2c - 8994163222379210 - March 8, 2021, 10:05 pm
7fba2aa9-9e80-0fd0-ce4d-05a5b89f444e - 8994163222699219 - March 8, 2021, 10:05 pm
txn_1IRUQaJm8ehcCWGIm7JVgHlx - 8994163222378213 - March 8, 2021, 10:05 pm
txn_1IR7ICJm8ehcCWGIu1RkvnZk - 8994163222537214 - March 8, 2021, 10:05 pm
txn_1IQwWVJm8ehcCWGIJgMyy8Xg - 8994163222698212 - March 8, 2021, 10:05 pm
1b244bf1-6edd-8e51-782c-06952ce91044 - 8994163222697215 - March 8, 2021, 10:05 pm
txn_1IRStNJm8ehcCWGICteSHJ5N - 8994163222534213 - March 8, 2021, 10:05 pm
txn_1IR6v6Jm8ehcCWGIPDxVdvfE - 8994163222535210 - March 8, 2021, 10:05 pm
txn_1IQzxjJm8ehcCWGIv7NLajFn - 8994163222377216 - March 8, 2021, 10:05 pm
txn_1IRotoJm8ehcCWGIXzHLAxG9 - 8994163222376219 - March 8, 2021, 10:05 pm
txn_1IR0U2Jm8ehcCWGIoal4kwQf - 8994163222532219 - March 8, 2021, 10:05 pm
txn_1IQZFTJm8ehcCWGIjco0mXGx - 8994163222533216 - March 8, 2021, 10:05 pm
txn_1IRQxKJm8ehcCWGIGhcFlcec - 8994163222696218 - March 8, 2021, 10:05 pm
txn_1IRopzJm8ehcCWGIS7syRE8l - 8994163222375212 - March 8, 2021, 10:05 pm
txn_1IQc7KJm8ehcCWGI7YrABges - 8994163222531212 - March 8, 2021, 10:05 pm
txn_1IRQwxJm8ehcCWGIu14l0k4M - 8994163222374215 - March 8, 2021, 10:05 pm
txn_1IROgUJm8ehcCWGIUs6NVWFX - 8994163222548210 - March 8, 2021, 10:05 pm
txn_1IROcPJm8ehcCWGIglEr0Qmq - 8994163222391212 - March 8, 2021, 10:05 pm
txn_1IROSmJm8ehcCWGIpWQYxlKB - 8994163222547213 - March 8, 2021, 10:05 pm
txn_1IRJFpJm8ehcCWGItNoaJskh - 8994163222390215 - March 8, 2021, 10:05 pm
txn_1IRIgyJm8ehcCWGIxgtW1lDx - 8994163222389219 - March 8, 2021, 10:05 pm
txn_1IRniDJm8ehcCWGIq9joVEQs - 8994163222705217 - March 8, 2021, 10:05 pm
txn_1IRHBGJm8ehcCWGIsDlog4dZ - 8994163222388212 - March 8, 2021, 10:05 pm
txn_1IRnZPJm8ehcCWGI7JOEb2d4 - 8994163222704210 - March 8, 2021, 10:05 pm
txn_1IR8D1Jm8ehcCWGIkPQx6OTV - 8994163222703213 - March 8, 2021, 10:05 pm
txn_1IQlKQJm8ehcCWGIthZ9cLLH - 8994163222559216 - March 8, 2021, 10:05 pm
txn_1IQlP2Jm8ehcCWGIC1CQolqQ - 8994163222395210 - March 8, 2021, 10:05 pm
txn_1IQlSsJm8ehcCWGI3qIcmS5V - 8994163222554211 - March 8, 2021, 10:05 pm
txn_1IQmCBJm8ehcCWGIiT4W44Aw - 8994163222392219 - March 8, 2021, 10:05 pm
txn_1IRkfPJm8ehcCWGIrhpZL6vR - 8994163222558219 - March 8, 2021, 10:05 pm
txn_1IRkG0Jm8ehcCWGIYg5sckhh - 8994163222556215 - March 8, 2021, 10:05 pm
txn_1IRfdwJm8ehcCWGIB7cRw35z - 8994163222394213 - March 8, 2021, 10:05 pm
txn_1IRciHJm8ehcCWGIygNXFKjb - 8994163222553214 - March 8, 2021, 10:05 pm
aacac31f-3200-70b1-d18c-941995675c98 - 8994163222361215 - March 8, 2021, 10:07 pm
txn_1IQwgCJm8ehcCWGIYKKDkn5g - 8994163222506210 - March 8, 2021, 10:07 pm
txn_1IQfRmJm8ehcCWGIr7ClHlls - 8994163222359212 - March 8, 2021, 10:07 pm
txn_1IRAcrJm8ehcCWGITQMTheGF - 8994163222356211 - March 8, 2021, 10:07 pm
txn_1IRT3jJm8ehcCWGIxmg1Mapj - 8994163222357218 - March 8, 2021, 10:07 pm
aa50255f-bcb7-d20d-7d76-411859c6f87e - 8994163222355214 - March 8, 2021, 10:07 pm
txn_1IQhOKJm8ehcCWGIacjhQyDU - 8994163222684215 - March 8, 2021, 10:07 pm
txn_1IR0C0Jm8ehcCWGIhPsYxPAr - 8994163222505213 - March 8, 2021, 10:07 pm
txn_1IQiJqJm8ehcCWGIaBtNfKAj - 8994163222504216 - March 8, 2021, 10:07 pm
txn_1IRjmjJm8ehcCWGIDfK722OR - 8994163222353210 - March 8, 2021, 10:07 pm
txn_1IR2c4Jm8ehcCWGIJfPmYcs9 - 8994163222352213 - March 8, 2021, 10:07 pm
txn_1IRMpTJm8ehcCWGIBP9Yvr4K - 8994163222500218 - March 8, 2021, 10:07 pm
txn_1IQiT9Jm8ehcCWGIUfiG7EZo - 8994163222499215 - March 8, 2021, 10:07 pm
txn_1IRiLQJm8ehcCWGIW3snlmHd - 8994163222498218 - March 8, 2021, 10:07 pm
txn_1IRSnhJm8ehcCWGITXc2j2F8 - 8994163222496214 - March 8, 2021, 10:07 pm
txn_1IRA83Jm8ehcCWGIB3hD2TUh - 8994163222497211 - March 8, 2021, 10:07 pm
txn_1IR2u8Jm8ehcCWGI3TY2K3Qe - 8994163222351216 - March 8, 2021, 10:07 pm
txn_1IRMdLJm8ehcCWGICK2cG3YH - 8994163222350219 - March 8, 2021, 10:07 pm
txn_1IR5gIJm8ehcCWGI83xoF4lQ - 8994163222349213 - March 8, 2021, 10:07 pm
txn_1IQjslJm8ehcCWGIWAH69En3 - 8994163222495217 - March 8, 2021, 10:07 pm
txn_1IRgdyJm8ehcCWGILK1L5fgB - 8994163222681214 - March 8, 2021, 10:07 pm
txn_1IR9GbJm8ehcCWGIAt6UvVdj - 8994163222679211 - March 8, 2021, 10:07 pm
txn_1IRM6wJm8ehcCWGImy6aQOmh - 8994163222680217 - March 8, 2021, 10:07 pm
txn_1IRSGAJm8ehcCWGIWzkDWnfH - 8994163222348216 - March 8, 2021, 10:07 pm
txn_1IQ1BmJm8ehcCWGIzi1KzGGu - 8994163222678214 - March 8, 2021, 10:07 pm
txn_1IQjzUJm8ehcCWGIn1Gss6Lz - 8994163222346212 - March 8, 2021, 10:07 pm
txn_1IRg7fJm8ehcCWGIjttvOd7J - 8994163222494210 - March 8, 2021, 10:07 pm
txn_1IRLpDJm8ehcCWGIs5ZnGEtB - 8994163222677217 - March 8, 2021, 10:07 pm
txn_1IR8mCJm8ehcCWGIlrTA50Ml - 8994163222676210 - March 8, 2021, 10:07 pm
txn_1IRR4CJm8ehcCWGIW5O2exhr - 8994163222675213 - March 8, 2021, 10:07 pm
txn_1IQe92Jm8ehcCWGIfEKVMcMj - 8994163222365213 - March 8, 2021, 10:07 pm
txn_1IRPV9Jm8ehcCWGIcm1D8BON - 8994163222694214 - March 8, 2021, 10:07 pm
txn_1IRPR7Jm8ehcCWGIuQF6Lzd5 - 8994163222693217 - March 8, 2021, 10:07 pm
txn_1IRPFOJm8ehcCWGIlR2QHfSV - 8994163222370217 - March 8, 2021, 10:07 pm
txn_1IRJVmJm8ehcCWGIZOuFAYDu - 8994163222692210 - March 8, 2021, 10:07 pm
txn_1IRPEtJm8ehcCWGISS0hWMUI - 8994163222525211 - March 8, 2021, 10:07 pm
txn_1IRJSwJm8ehcCWGIcKtO2fvq - 8994163222524214 - March 8, 2021, 10:07 pm
txn_1IRPADJm8ehcCWGI7gHmzCJR - 8994163222523217 - March 8, 2021, 10:07 pm
txn_1IRkPvJm8ehcCWGIEOCNCSRD - 8994163222522210 - March 8, 2021, 10:07 pm
txn_1IRJHhJm8ehcCWGIOreogckn - 8994163222691213 - March 8, 2021, 10:07 pm
txn_1IRNavJm8ehcCWGINH47nRQ0 - 8994163222369211 - March 8, 2021, 10:07 pm
txn_1IRU4qJm8ehcCWGIQwFYQtcC - 8994163222521213 - March 8, 2021, 10:07 pm
txn_1IRMvTJm8ehcCWGIDJsTxkiH - 8994163222690216 - March 8, 2021, 10:07 pm
txn_1IRnXTJm8ehcCWGIElMDPJJP - 8994163222689210 - March 8, 2021, 10:07 pm
txn_1IRJF5Jm8ehcCWGIPUU6xzYW - 8994163222688213 - March 8, 2021, 10:07 pm
txn_1IRTjFJm8ehcCWGIAS1LSxXb - 8994163222367217 - March 8, 2021, 10:07 pm
txn_1IRLmVJm8ehcCWGIcYujkJNb - 8994163222368214 - March 8, 2021, 10:07 pm
txn_1IRnNGJm8ehcCWGIzYPRVPoJ - 8994163222519210 - March 8, 2021, 10:07 pm
txn_1IRJB0Jm8ehcCWGItTLOh2WX - 8994163222516219 - March 8, 2021, 10:07 pm
txn_1IRKNzJm8ehcCWGIsfp32vA9 - 8994163222366210 - March 8, 2021, 10:07 pm
txn_1IRTihJm8ehcCWGIyyJnXc1u - 8994163222687216 - March 8, 2021, 10:07 pm
txn_1IRn8QJm8ehcCWGI9hIL7M3O - 8994163222685212 - March 8, 2021, 10:07 pm
txn_1IRJnPJm8ehcCWGIkUn8TTWG - 8994163222686219 - March 8, 2021, 10:07 pm
txn_1IRTYdJm8ehcCWGIWdKiYLBk - 8994163222515212 - March 8, 2021, 10:07 pm
txn_1IR1qKJm8ehcCWGIDb4OfUZR - 8994163222530215 - March 8, 2021, 10:07 pm
txn_1IRIgLJm8ehcCWGIlKTx9V2l - 8994163222386218 - March 8, 2021, 10:07 pm
txn_1IQlbQJm8ehcCWGIuBhusDtE - 8994163222543215 - March 8, 2021, 10:07 pm
txn_1IRIHKJm8ehcCWGIWMRhRZBL - 8994163222385211 - March 8, 2021, 10:07 pm
txn_1IQldJJm8ehcCWGIMdCV49RM - 8994163222384214 - March 8, 2021, 10:07 pm
txn_1IRGiRJm8ehcCWGIJQbCPtUH - 8994163222383217 - March 8, 2021, 10:07 pm
txn_1IRfo6Jm8ehcCWGIsUQJfAN2 - 8994163222542218 - March 8, 2021, 10:07 pm
txn_1IQm4UJm8ehcCWGIJoErhRkU - 8994163222382210 - March 8, 2021, 10:07 pm
txn_1IRYTNJm8ehcCWGIZQVyO6Kq - 8994163222541211 - March 8, 2021, 10:07 pm
txn_1IRAMdJm8ehcCWGIYv0UIl57 - 8994163222380216 - March 8, 2021, 10:07 pm
203d941b-267f-8c42-9ed0-540f1a545b08 - 8994163222540214 - March 8, 2021, 10:07 pm
txn_1IRUV8Jm8ehcCWGIzGEFblSb - 8994163222700212 - March 8, 2021, 10:07 pm
txn_1IR7KXJm8ehcCWGIUN2CBf2c - 8994163222379210 - March 8, 2021, 10:07 pm
7fba2aa9-9e80-0fd0-ce4d-05a5b89f444e - 8994163222699219 - March 8, 2021, 10:07 pm
txn_1IRUQaJm8ehcCWGIm7JVgHlx - 8994163222378213 - March 8, 2021, 10:07 pm
txn_1IR7ICJm8ehcCWGIu1RkvnZk - 8994163222537214 - March 8, 2021, 10:07 pm
txn_1IQwWVJm8ehcCWGIJgMyy8Xg - 8994163222698212 - March 8, 2021, 10:07 pm
1b244bf1-6edd-8e51-782c-06952ce91044 - 8994163222697215 - March 8, 2021, 10:07 pm
txn_1IRStNJm8ehcCWGICteSHJ5N - 8994163222534213 - March 8, 2021, 10:07 pm
txn_1IR6v6Jm8ehcCWGIPDxVdvfE - 8994163222535210 - March 8, 2021, 10:07 pm
txn_1IQzxjJm8ehcCWGIv7NLajFn - 8994163222377216 - March 8, 2021, 10:07 pm
txn_1IRotoJm8ehcCWGIXzHLAxG9 - 8994163222376219 - March 8, 2021, 10:07 pm
txn_1IR0U2Jm8ehcCWGIoal4kwQf - 8994163222532219 - March 8, 2021, 10:07 pm
txn_1IQZFTJm8ehcCWGIjco0mXGx - 8994163222533216 - March 8, 2021, 10:07 pm
txn_1IRQxKJm8ehcCWGIGhcFlcec - 8994163222696218 - March 8, 2021, 10:07 pm
txn_1IRopzJm8ehcCWGIS7syRE8l - 8994163222375212 - March 8, 2021, 10:07 pm
txn_1IQc7KJm8ehcCWGI7YrABges - 8994163222531212 - March 8, 2021, 10:07 pm
txn_1IRQwxJm8ehcCWGIu14l0k4M - 8994163222374215 - March 8, 2021, 10:07 pm
txn_1IROgUJm8ehcCWGIUs6NVWFX - 8994163222548210 - March 8, 2021, 10:07 pm
txn_1IROcPJm8ehcCWGIglEr0Qmq - 8994163222391212 - March 8, 2021, 10:07 pm
txn_1IROSmJm8ehcCWGIpWQYxlKB - 8994163222547213 - March 8, 2021, 10:07 pm
txn_1IRJFpJm8ehcCWGItNoaJskh - 8994163222390215 - March 8, 2021, 10:07 pm
txn_1IRIgyJm8ehcCWGIxgtW1lDx - 8994163222389219 - March 8, 2021, 10:07 pm
txn_1IRniDJm8ehcCWGIq9joVEQs - 8994163222705217 - March 8, 2021, 10:07 pm
txn_1IRHBGJm8ehcCWGIsDlog4dZ - 8994163222388212 - March 8, 2021, 10:07 pm
txn_1IRnZPJm8ehcCWGI7JOEb2d4 - 8994163222704210 - March 8, 2021, 10:07 pm
txn_1IR8D1Jm8ehcCWGIkPQx6OTV - 8994163222703213 - March 8, 2021, 10:07 pm
txn_1IQlKQJm8ehcCWGIthZ9cLLH - 8994163222559216 - March 8, 2021, 10:07 pm
txn_1IQlP2Jm8ehcCWGIC1CQolqQ - 8994163222395210 - March 8, 2021, 10:07 pm
txn_1IQlSsJm8ehcCWGI3qIcmS5V - 8994163222554211 - March 8, 2021, 10:07 pm
txn_1IQmCBJm8ehcCWGIiT4W44Aw - 8994163222392219 - March 8, 2021, 10:07 pm
txn_1IRaTFJm8ehcCWGIpf7dSPQP - 8994163222572215 - March 8, 2021, 10:07 pm
txn_1IRXsTJm8ehcCWGIBHxfAgUZ - 8994163222571218 - March 8, 2021, 10:07 pm
txn_1IRWFvJm8ehcCWGI56cnvQ70 - 8994163222569215 - March 8, 2021, 10:07 pm
txn_1IRPwLJm8ehcCWGIEFTfpLZc - 8994163222710211 - March 8, 2021, 10:07 pm
txn_1IRPplJm8ehcCWGIF3Kjctff - 8994163222709215 - March 8, 2021, 10:07 pm
aacac31f-3200-70b1-d18c-941995675c98 - 8994163222361215 - March 8, 2021, 10:07 pm
txn_1IQwgCJm8ehcCWGIYKKDkn5g - 8994163222506210 - March 8, 2021, 10:07 pm
txn_1IQfRmJm8ehcCWGIr7ClHlls - 8994163222359212 - March 8, 2021, 10:07 pm
txn_1IRAcrJm8ehcCWGITQMTheGF - 8994163222356211 - March 8, 2021, 10:07 pm
txn_1IRT3jJm8ehcCWGIxmg1Mapj - 8994163222357218 - March 8, 2021, 10:07 pm
aa50255f-bcb7-d20d-7d76-411859c6f87e - 8994163222355214 - March 8, 2021, 10:07 pm
txn_1IQhOKJm8ehcCWGIacjhQyDU - 8994163222684215 - March 8, 2021, 10:07 pm
txn_1IR0C0Jm8ehcCWGIhPsYxPAr - 8994163222505213 - March 8, 2021, 10:07 pm
txn_1IQiJqJm8ehcCWGIaBtNfKAj - 8994163222504216 - March 8, 2021, 10:07 pm
txn_1IRjmjJm8ehcCWGIDfK722OR - 8994163222353210 - March 8, 2021, 10:07 pm
txn_1IR2c4Jm8ehcCWGIJfPmYcs9 - 8994163222352213 - March 8, 2021, 10:07 pm
txn_1IRMpTJm8ehcCWGIBP9Yvr4K - 8994163222500218 - March 8, 2021, 10:07 pm
txn_1IQiT9Jm8ehcCWGIUfiG7EZo - 8994163222499215 - March 8, 2021, 10:07 pm
txn_1IRiLQJm8ehcCWGIW3snlmHd - 8994163222498218 - March 8, 2021, 10:07 pm
txn_1IRSnhJm8ehcCWGITXc2j2F8 - 8994163222496214 - March 8, 2021, 10:07 pm
txn_1IRA83Jm8ehcCWGIB3hD2TUh - 8994163222497211 - March 8, 2021, 10:07 pm
txn_1IR2u8Jm8ehcCWGI3TY2K3Qe - 8994163222351216 - March 8, 2021, 10:07 pm
txn_1IRMdLJm8ehcCWGICK2cG3YH - 8994163222350219 - March 8, 2021, 10:07 pm
txn_1IR5gIJm8ehcCWGI83xoF4lQ - 8994163222349213 - March 8, 2021, 10:07 pm
txn_1IQjslJm8ehcCWGIWAH69En3 - 8994163222495217 - March 8, 2021, 10:07 pm
txn_1IRgdyJm8ehcCWGILK1L5fgB - 8994163222681214 - March 8, 2021, 10:07 pm
txn_1IR9GbJm8ehcCWGIAt6UvVdj - 8994163222679211 - March 8, 2021, 10:07 pm
txn_1IRM6wJm8ehcCWGImy6aQOmh - 8994163222680217 - March 8, 2021, 10:07 pm
txn_1IRSGAJm8ehcCWGIWzkDWnfH - 8994163222348216 - March 8, 2021, 10:07 pm
txn_1IQ1BmJm8ehcCWGIzi1KzGGu - 8994163222678214 - March 8, 2021, 10:07 pm
txn_1IQjzUJm8ehcCWGIn1Gss6Lz - 8994163222346212 - March 8, 2021, 10:07 pm
txn_1IRg7fJm8ehcCWGIjttvOd7J - 8994163222494210 - March 8, 2021, 10:07 pm
txn_1IRLpDJm8ehcCWGIs5ZnGEtB - 8994163222677217 - March 8, 2021, 10:07 pm
txn_1IR8mCJm8ehcCWGIlrTA50Ml - 8994163222676210 - March 8, 2021, 10:07 pm
txn_1IRR4CJm8ehcCWGIW5O2exhr - 8994163222675213 - March 8, 2021, 10:07 pm
txn_1IQe92Jm8ehcCWGIfEKVMcMj - 8994163222365213 - March 8, 2021, 10:07 pm
txn_1IRPV9Jm8ehcCWGIcm1D8BON - 8994163222694214 - March 8, 2021, 10:07 pm
txn_1IRPR7Jm8ehcCWGIuQF6Lzd5 - 8994163222693217 - March 8, 2021, 10:07 pm
txn_1IRPFOJm8ehcCWGIlR2QHfSV - 8994163222370217 - March 8, 2021, 10:07 pm
txn_1IRJVmJm8ehcCWGIZOuFAYDu - 8994163222692210 - March 8, 2021, 10:07 pm
txn_1IRPEtJm8ehcCWGISS0hWMUI - 8994163222525211 - March 8, 2021, 10:07 pm
txn_1IRJSwJm8ehcCWGIcKtO2fvq - 8994163222524214 - March 8, 2021, 10:07 pm
txn_1IRPADJm8ehcCWGI7gHmzCJR - 8994163222523217 - March 8, 2021, 10:07 pm
txn_1IRkPvJm8ehcCWGIEOCNCSRD - 8994163222522210 - March 8, 2021, 10:07 pm
txn_1IRJHhJm8ehcCWGIOreogckn - 8994163222691213 - March 8, 2021, 10:07 pm
txn_1IRNavJm8ehcCWGINH47nRQ0 - 8994163222369211 - March 8, 2021, 10:07 pm
txn_1IRU4qJm8ehcCWGIQwFYQtcC - 8994163222521213 - March 8, 2021, 10:07 pm
txn_1IRMvTJm8ehcCWGIDJsTxkiH - 8994163222690216 - March 8, 2021, 10:07 pm
txn_1IRnXTJm8ehcCWGIElMDPJJP - 8994163222689210 - March 8, 2021, 10:07 pm
txn_1IRJF5Jm8ehcCWGIPUU6xzYW - 8994163222688213 - March 8, 2021, 10:07 pm
txn_1IRTjFJm8ehcCWGIAS1LSxXb - 8994163222367217 - March 8, 2021, 10:07 pm
txn_1IRLmVJm8ehcCWGIcYujkJNb - 8994163222368214 - March 8, 2021, 10:07 pm
txn_1IRnNGJm8ehcCWGIzYPRVPoJ - 8994163222519210 - March 8, 2021, 10:07 pm
txn_1IRJB0Jm8ehcCWGItTLOh2WX - 8994163222516219 - March 8, 2021, 10:07 pm
txn_1IRKNzJm8ehcCWGIsfp32vA9 - 8994163222366210 - March 8, 2021, 10:07 pm
txn_1IRTihJm8ehcCWGIyyJnXc1u - 8994163222687216 - March 8, 2021, 10:07 pm
txn_1IRn8QJm8ehcCWGI9hIL7M3O - 8994163222685212 - March 8, 2021, 10:07 pm
txn_1IRJnPJm8ehcCWGIkUn8TTWG - 8994163222686219 - March 8, 2021, 10:07 pm
txn_1IRTYdJm8ehcCWGIWdKiYLBk - 8994163222515212 - March 8, 2021, 10:07 pm
txn_1IR1qKJm8ehcCWGIDb4OfUZR - 8994163222530215 - March 8, 2021, 10:07 pm
txn_1IRIgLJm8ehcCWGIlKTx9V2l - 8994163222386218 - March 8, 2021, 10:07 pm
txn_1IQlbQJm8ehcCWGIuBhusDtE - 8994163222543215 - March 8, 2021, 10:07 pm
txn_1IRIHKJm8ehcCWGIWMRhRZBL - 8994163222385211 - March 8, 2021, 10:07 pm
txn_1IQldJJm8ehcCWGIMdCV49RM - 8994163222384214 - March 8, 2021, 10:07 pm
txn_1IRGiRJm8ehcCWGIJQbCPtUH - 8994163222383217 - March 8, 2021, 10:07 pm
txn_1IRfo6Jm8ehcCWGIsUQJfAN2 - 8994163222542218 - March 8, 2021, 10:07 pm
txn_1IQm4UJm8ehcCWGIJoErhRkU - 8994163222382210 - March 8, 2021, 10:07 pm
txn_1IRYTNJm8ehcCWGIZQVyO6Kq - 8994163222541211 - March 8, 2021, 10:07 pm
txn_1IRAMdJm8ehcCWGIYv0UIl57 - 8994163222380216 - March 8, 2021, 10:07 pm
203d941b-267f-8c42-9ed0-540f1a545b08 - 8994163222540214 - March 8, 2021, 10:07 pm
txn_1IRUV8Jm8ehcCWGIzGEFblSb - 8994163222700212 - March 8, 2021, 10:07 pm
txn_1IR7KXJm8ehcCWGIUN2CBf2c - 8994163222379210 - March 8, 2021, 10:07 pm
7fba2aa9-9e80-0fd0-ce4d-05a5b89f444e - 8994163222699219 - March 8, 2021, 10:07 pm
txn_1IRUQaJm8ehcCWGIm7JVgHlx - 8994163222378213 - March 8, 2021, 10:07 pm
txn_1IR7ICJm8ehcCWGIu1RkvnZk - 8994163222537214 - March 8, 2021, 10:07 pm
txn_1IQwWVJm8ehcCWGIJgMyy8Xg - 8994163222698212 - March 8, 2021, 10:07 pm
1b244bf1-6edd-8e51-782c-06952ce91044 - 8994163222697215 - March 8, 2021, 10:07 pm
txn_1IRStNJm8ehcCWGICteSHJ5N - 8994163222534213 - March 8, 2021, 10:07 pm
txn_1IR6v6Jm8ehcCWGIPDxVdvfE - 8994163222535210 - March 8, 2021, 10:07 pm
txn_1IQzxjJm8ehcCWGIv7NLajFn - 8994163222377216 - March 8, 2021, 10:07 pm
txn_1IRotoJm8ehcCWGIXzHLAxG9 - 8994163222376219 - March 8, 2021, 10:07 pm
txn_1IR0U2Jm8ehcCWGIoal4kwQf - 8994163222532219 - March 8, 2021, 10:07 pm
txn_1IQZFTJm8ehcCWGIjco0mXGx - 8994163222533216 - March 8, 2021, 10:07 pm
txn_1IRQxKJm8ehcCWGIGhcFlcec - 8994163222696218 - March 8, 2021, 10:07 pm
txn_1IRopzJm8ehcCWGIS7syRE8l - 8994163222375212 - March 8, 2021, 10:07 pm
txn_1IQc7KJm8ehcCWGI7YrABges - 8994163222531212 - March 8, 2021, 10:07 pm
txn_1IRQwxJm8ehcCWGIu14l0k4M - 8994163222374215 - March 8, 2021, 10:07 pm
txn_1IROgUJm8ehcCWGIUs6NVWFX - 8994163222548210 - March 8, 2021, 10:07 pm
txn_1IROcPJm8ehcCWGIglEr0Qmq - 8994163222391212 - March 8, 2021, 10:07 pm
txn_1IROSmJm8ehcCWGIpWQYxlKB - 8994163222547213 - March 8, 2021, 10:07 pm
txn_1IRJFpJm8ehcCWGItNoaJskh - 8994163222390215 - March 8, 2021, 10:07 pm
txn_1IRIgyJm8ehcCWGIxgtW1lDx - 8994163222389219 - March 8, 2021, 10:07 pm
txn_1IRniDJm8ehcCWGIq9joVEQs - 8994163222705217 - March 8, 2021, 10:07 pm
txn_1IRHBGJm8ehcCWGIsDlog4dZ - 8994163222388212 - March 8, 2021, 10:07 pm
txn_1IRnZPJm8ehcCWGI7JOEb2d4 - 8994163222704210 - March 8, 2021, 10:07 pm
txn_1IR8D1Jm8ehcCWGIkPQx6OTV - 8994163222703213 - March 8, 2021, 10:07 pm
txn_1IQlKQJm8ehcCWGIthZ9cLLH - 8994163222559216 - March 8, 2021, 10:07 pm
txn_1IQlP2Jm8ehcCWGIC1CQolqQ - 8994163222395210 - March 8, 2021, 10:07 pm
txn_1IQlSsJm8ehcCWGI3qIcmS5V - 8994163222554211 - March 8, 2021, 10:07 pm
txn_1IQmCBJm8ehcCWGIiT4W44Aw - 8994163222392219 - March 8, 2021, 10:07 pm
txn_1IRaTFJm8ehcCWGIpf7dSPQP - 8994163222572215 - March 8, 2021, 10:07 pm
txn_1IRXsTJm8ehcCWGIBHxfAgUZ - 8994163222571218 - March 8, 2021, 10:07 pm
txn_1IRWFvJm8ehcCWGI56cnvQ70 - 8994163222569215 - March 8, 2021, 10:07 pm
txn_1IRPwLJm8ehcCWGIEFTfpLZc - 8994163222710211 - March 8, 2021, 10:07 pm
txn_1IRPplJm8ehcCWGIF3Kjctff - 8994163222709215 - March 8, 2021, 10:07 pm
