2021Influencer778 - 8994163119368297 - September 16, 2021, 5:08 pm
txn_XzSbgPmXnknx652iQKIFJnbhFnKZY - 8994163119366293 - September 16, 2021, 5:08 pm
txn_5idBszVx0eb6WGZSHZZ2SJDSAlfZY - 8994163119649297 - September 16, 2021, 5:08 pm
txn_ByxOHR92yngCPEJOjW5RP3RBKaVZY - 8994163119523290 - September 16, 2021, 5:08 pm
txn_hkGI9Khr4ajHZoGMfD3DsefIjXbZY - 8994163119365296 - September 16, 2021, 5:08 pm
txn_F8BgJjrDSqrp6B2q4qGtxhDLISPZY - 8994163119647293 - September 16, 2021, 5:08 pm
txn_bjt92iWChDsc9HwDxByamv0u91BZY - 8994163119524297 - September 16, 2021, 5:08 pm
txn_ZoGoiMvacNbeRi68g6jK0DVBQcMZY - 8994163119646296 - September 16, 2021, 5:08 pm
txn_tcTCTnq2UJVfp9DWTkMYRpuQfSCZY - 8994163119522293 - September 16, 2021, 5:08 pm
txn_9EPS8f3D44KlgTwW6vfioUD7rNTZY - 8994163119521296 - September 16, 2021, 5:08 pm
txn_jHHCUxsG6bLudkfbiLxRXFuuZTTZY - 8994163119642298 - September 16, 2021, 5:08 pm
txn_V81WwMb6rJUVIer6GxroimuEYTFZY - 8994163119639298 - September 16, 2021, 5:08 pm
txn_DJEWToPLOCBdfcCtlqz3w88MX0dZY - 8994163119641291 - September 16, 2021, 5:08 pm
txn_Zm1Ktn1YyQg4z9NxwJDDkiPmxYQZY - 8994163119520299 - September 16, 2021, 5:08 pm
txn_3L23QAUCQ7Iz89COoEftKgOD5FbZY - 8994163119640294 - September 16, 2021, 5:08 pm
txn_lIhhTwH5O7HLwhFCTAI8wSZb73KZY - 8994163119637294 - September 16, 2021, 5:08 pm
txn_BSj3xmE39VNjruD01M3QJlvgF5BZY - 8994163119634293 - September 16, 2021, 5:08 pm
txn_ZSPAjPuHYHf4AXrejvpuDPhZkzDZY - 8994163119519293 - September 16, 2021, 5:08 pm
txn_9WWp0Bh6mvFksdz4WzjmjVpCMpeZY - 8994163119636297 - September 16, 2021, 5:08 pm
txn_FSy56G1n1DmUtJLuMdaPeDGNtrMZY - 8994163119635290 - September 16, 2021, 5:08 pm
txn_94hkD1DVa3M1WImj4TFiInpAt1PZY - 8994163119518296 - September 16, 2021, 5:08 pm
