txn_1HWqToJm8ehcCWGI1y5q4GQ4 - 8994163324987610 - September 30, 2020, 3:40 pm
txn_1HWplGJm8ehcCWGINTjmCqab - 8994163324980611 - September 30, 2020, 3:40 pm
txn_1HWt5QJm8ehcCWGI0liBZ7T3 - 8994163325159610 - September 30, 2020, 3:40 pm
txn_1HWuPFJm8ehcCWGIryKaluyv - 8994163324976614 - September 30, 2020, 3:40 pm
txn_1HWqg8Jm8ehcCWGISVrgKUnX - 8994163325293611 - September 30, 2020, 3:40 pm
txn_1HWpJmJm8ehcCWGIsC4SHyue - 8994163325292614 - September 30, 2020, 3:40 pm
txn_1HXAw2Jm8ehcCWGIKp6WY24Y - 8994163325291617 - September 30, 2020, 3:40 pm
txn_1HX6lJJm8ehcCWGIKJQAOhnO - 8994163325290610 - September 30, 2020, 3:40 pm
txn_1HX78SJm8ehcCWGIQkGVrZGu - 8994163324973613 - September 30, 2020, 3:40 pm
txn_1HWr4BJm8ehcCWGItvFa1tO3 - 8994163325282615 - September 30, 2020, 3:40 pm
txn_1HWuBuJm8ehcCWGIZZPw3MyF - 8994163325153618 - September 30, 2020, 3:40 pm
txn_1HWnBBJm8ehcCWGIUbKJTRmu - 8994163325152611 - September 30, 2020, 3:40 pm
txn_1HXB6NJm8ehcCWGI2SJ3wqob - 8994163325280611 - September 30, 2020, 3:40 pm
txn_1HX5yIJm8ehcCWGIFFEXOSM4 - 8994163325278618 - September 30, 2020, 3:40 pm
txn_1HX9NVJm8ehcCWGImYzgyFth - 8994163324965618 - September 30, 2020, 3:40 pm
txn_1HWquRJm8ehcCWGI3JjcCzDH - 8994163325137618 - September 30, 2020, 3:40 pm
txn_1HWu8QJm8ehcCWGI8RTI8dyb - 8994163324964611 - September 30, 2020, 3:40 pm
txn_1HXB8XJm8ehcCWGISfULLMw5 - 8994163324966615 - September 30, 2020, 3:40 pm
txn_1HWmhzJm8ehcCWGItd8sZO7J - 8994163325136611 - September 30, 2020, 3:40 pm
txn_1HWup5Jm8ehcCWGIKFBhliZv - 8994163325275617 - September 30, 2020, 3:40 pm
