txn_1HYjbPJm8ehcCWGIi7MsU19j - 8994163385712626 - October 5, 2020, 2:35 pm
txn_1HYFNrJm8ehcCWGI5g1RNbvs - 8994163385708629 - October 5, 2020, 2:35 pm
txn_1HYfLRJm8ehcCWGICIN8dlRe - 8994163385586623 - October 5, 2020, 2:35 pm
txn_1HYLUCJm8ehcCWGIreC2JksL - 8994163385704621 - October 5, 2020, 2:35 pm
txn_1HY0t8Jm8ehcCWGIOB5ShWWh - 8994163385706625 - October 5, 2020, 2:35 pm
txn_1HYacxJm8ehcCWGIBkiC3zA4 - 8994163385839620 - October 5, 2020, 2:35 pm
txn_1HYkmfJm8ehcCWGIiWwnYi8S - 8994163385579625 - October 5, 2020, 2:35 pm
txn_1HYgMHJm8ehcCWGIrr0vbji2 - 8994163385837626 - October 5, 2020, 2:35 pm
txn_1HYGnuJm8ehcCWGIlQSUfaWm - 8994163385692621 - October 5, 2020, 2:35 pm
txn_1HY1RUJm8ehcCWGICgQM3QQa - 8994163385693628 - October 5, 2020, 2:35 pm
txn_1HYM3TJm8ehcCWGIjmez7drQ - 8994163385691624 - October 5, 2020, 2:35 pm
txn_1HYwYDJm8ehcCWGIafjBHuVp - 8994163385571629 - October 5, 2020, 2:35 pm
txn_1HYbJQJm8ehcCWGIkPoqf59V - 8994163385568629 - October 5, 2020, 2:35 pm
txn_1HYgaDJm8ehcCWGISW757t1J - 8994163385563624 - October 5, 2020, 2:35 pm
txn_1HYCVCJm8ehcCWGIOdiuCRxW - 8994163385828624 - October 5, 2020, 2:35 pm
txn_1HYIZqJm8ehcCWGIQ6x0F9mb - 8994163385684626 - October 5, 2020, 2:35 pm
txn_1HYMQHJm8ehcCWGISKOu7LbZ - 8994163385827627 - October 5, 2020, 2:35 pm
txn_1HYwg2Jm8ehcCWGIcsC8VYKa - 8994163385548621 - October 5, 2020, 2:35 pm
txn_1HYbY7Jm8ehcCWGIHLpUhWNS - 8994163385822622 - October 5, 2020, 2:35 pm
txn_1HYDEeJm8ehcCWGITxPipulX - 8994163385668626 - October 5, 2020, 2:35 pm
txn_1HYgeGJm8ehcCWGI5sBfjQXI - 8994163385547624 - October 5, 2020, 2:35 pm
txn_1HYK6SJm8ehcCWGIZLk4wF94 - 8994163385546627 - October 5, 2020, 2:35 pm
txn_1HYQtvJm8ehcCWGIu7sq06FL - 8994163385823629 - October 5, 2020, 2:35 pm
txn_1HYjbPJm8ehcCWGIi7MsU19j - 8994163385712626 - October 5, 2020, 2:36 pm
txn_1HYFNrJm8ehcCWGI5g1RNbvs - 8994163385708629 - October 5, 2020, 2:36 pm
txn_1HYfLRJm8ehcCWGICIN8dlRe - 8994163385586623 - October 5, 2020, 2:36 pm
txn_1HYLUCJm8ehcCWGIreC2JksL - 8994163385704621 - October 5, 2020, 2:36 pm
txn_1HY0t8Jm8ehcCWGIOB5ShWWh - 8994163385706625 - October 5, 2020, 2:36 pm
txn_1HYacxJm8ehcCWGIBkiC3zA4 - 8994163385839620 - October 5, 2020, 2:36 pm
txn_1HYkmfJm8ehcCWGIiWwnYi8S - 8994163385579625 - October 5, 2020, 2:36 pm
txn_1HYgMHJm8ehcCWGIrr0vbji2 - 8994163385837626 - October 5, 2020, 2:36 pm
txn_1HYGnuJm8ehcCWGIlQSUfaWm - 8994163385692621 - October 5, 2020, 2:36 pm
txn_1HY1RUJm8ehcCWGICgQM3QQa - 8994163385693628 - October 5, 2020, 2:36 pm
txn_1HYM3TJm8ehcCWGIjmez7drQ - 8994163385691624 - October 5, 2020, 2:36 pm
txn_1HYwYDJm8ehcCWGIafjBHuVp - 8994163385571629 - October 5, 2020, 2:36 pm
txn_1HYbJQJm8ehcCWGIkPoqf59V - 8994163385568629 - October 5, 2020, 2:36 pm
txn_1HYgaDJm8ehcCWGISW757t1J - 8994163385563624 - October 5, 2020, 2:36 pm
txn_1HYCVCJm8ehcCWGIOdiuCRxW - 8994163385828624 - October 5, 2020, 2:36 pm
txn_1HYIZqJm8ehcCWGIQ6x0F9mb - 8994163385684626 - October 5, 2020, 2:36 pm
txn_1HYMQHJm8ehcCWGISKOu7LbZ - 8994163385827627 - October 5, 2020, 2:36 pm
txn_1HYwg2Jm8ehcCWGIcsC8VYKa - 8994163385548621 - October 5, 2020, 2:36 pm
txn_1HYbY7Jm8ehcCWGIHLpUhWNS - 8994163385822622 - October 5, 2020, 2:36 pm
txn_1HYDEeJm8ehcCWGITxPipulX - 8994163385668626 - October 5, 2020, 2:36 pm
txn_1HYgeGJm8ehcCWGI5sBfjQXI - 8994163385547624 - October 5, 2020, 2:36 pm
txn_1HYK6SJm8ehcCWGIZLk4wF94 - 8994163385546627 - October 5, 2020, 2:36 pm
txn_1HYQtvJm8ehcCWGIu7sq06FL - 8994163385823629 - October 5, 2020, 2:36 pm
txn_1HYjbPJm8ehcCWGIi7MsU19j - 8994163385712626 - October 5, 2020, 2:36 pm
txn_1HYFNrJm8ehcCWGI5g1RNbvs - 8994163385708629 - October 5, 2020, 2:36 pm
txn_1HYfLRJm8ehcCWGICIN8dlRe - 8994163385586623 - October 5, 2020, 2:36 pm
txn_1HYLUCJm8ehcCWGIreC2JksL - 8994163385704621 - October 5, 2020, 2:36 pm
txn_1HY0t8Jm8ehcCWGIOB5ShWWh - 8994163385706625 - October 5, 2020, 2:36 pm
txn_1HYacxJm8ehcCWGIBkiC3zA4 - 8994163385839620 - October 5, 2020, 2:36 pm
txn_1HYkmfJm8ehcCWGIiWwnYi8S - 8994163385579625 - October 5, 2020, 2:36 pm
txn_1HYgMHJm8ehcCWGIrr0vbji2 - 8994163385837626 - October 5, 2020, 2:36 pm
txn_1HYGnuJm8ehcCWGIlQSUfaWm - 8994163385692621 - October 5, 2020, 2:36 pm
txn_1HY1RUJm8ehcCWGICgQM3QQa - 8994163385693628 - October 5, 2020, 2:36 pm
txn_1HYM3TJm8ehcCWGIjmez7drQ - 8994163385691624 - October 5, 2020, 2:36 pm
txn_1HYwYDJm8ehcCWGIafjBHuVp - 8994163385571629 - October 5, 2020, 2:36 pm
txn_1HYbJQJm8ehcCWGIkPoqf59V - 8994163385568629 - October 5, 2020, 2:36 pm
txn_1HYgaDJm8ehcCWGISW757t1J - 8994163385563624 - October 5, 2020, 2:36 pm
txn_1HYCVCJm8ehcCWGIOdiuCRxW - 8994163385828624 - October 5, 2020, 2:36 pm
txn_1HYIZqJm8ehcCWGIQ6x0F9mb - 8994163385684626 - October 5, 2020, 2:36 pm
txn_1HYMQHJm8ehcCWGISKOu7LbZ - 8994163385827627 - October 5, 2020, 2:36 pm
txn_1HYwg2Jm8ehcCWGIcsC8VYKa - 8994163385548621 - October 5, 2020, 2:36 pm
txn_1HYbY7Jm8ehcCWGIHLpUhWNS - 8994163385822622 - October 5, 2020, 2:36 pm
txn_1HYDEeJm8ehcCWGITxPipulX - 8994163385668626 - October 5, 2020, 2:36 pm
txn_1HYgeGJm8ehcCWGI5sBfjQXI - 8994163385547624 - October 5, 2020, 2:36 pm
txn_1HYK6SJm8ehcCWGIZLk4wF94 - 8994163385546627 - October 5, 2020, 2:36 pm
txn_1HYQtvJm8ehcCWGIu7sq06FL - 8994163385823629 - October 5, 2020, 2:36 pm
txn_1HYjbPJm8ehcCWGIi7MsU19j - 8994163385712626 - October 5, 2020, 2:36 pm
txn_1HYFNrJm8ehcCWGI5g1RNbvs - 8994163385708629 - October 5, 2020, 2:36 pm
txn_1HYfLRJm8ehcCWGICIN8dlRe - 8994163385586623 - October 5, 2020, 2:36 pm
txn_1HYLUCJm8ehcCWGIreC2JksL - 8994163385704621 - October 5, 2020, 2:36 pm
txn_1HY0t8Jm8ehcCWGIOB5ShWWh - 8994163385706625 - October 5, 2020, 2:36 pm
txn_1HYacxJm8ehcCWGIBkiC3zA4 - 8994163385839620 - October 5, 2020, 2:36 pm
txn_1HYkmfJm8ehcCWGIiWwnYi8S - 8994163385579625 - October 5, 2020, 2:36 pm
txn_1HYgMHJm8ehcCWGIrr0vbji2 - 8994163385837626 - October 5, 2020, 2:36 pm
txn_1HYGnuJm8ehcCWGIlQSUfaWm - 8994163385692621 - October 5, 2020, 2:36 pm
txn_1HY1RUJm8ehcCWGICgQM3QQa - 8994163385693628 - October 5, 2020, 2:36 pm
txn_1HYM3TJm8ehcCWGIjmez7drQ - 8994163385691624 - October 5, 2020, 2:36 pm
txn_1HYwYDJm8ehcCWGIafjBHuVp - 8994163385571629 - October 5, 2020, 2:36 pm
txn_1HYbJQJm8ehcCWGIkPoqf59V - 8994163385568629 - October 5, 2020, 2:36 pm
txn_1HYgaDJm8ehcCWGISW757t1J - 8994163385563624 - October 5, 2020, 2:36 pm
txn_1HYCVCJm8ehcCWGIOdiuCRxW - 8994163385828624 - October 5, 2020, 2:36 pm
txn_1HYIZqJm8ehcCWGIQ6x0F9mb - 8994163385684626 - October 5, 2020, 2:36 pm
txn_1HYMQHJm8ehcCWGISKOu7LbZ - 8994163385827627 - October 5, 2020, 2:36 pm
txn_1HYwg2Jm8ehcCWGIcsC8VYKa - 8994163385548621 - October 5, 2020, 2:36 pm
txn_1HYbY7Jm8ehcCWGIHLpUhWNS - 8994163385822622 - October 5, 2020, 2:36 pm
txn_1HYDEeJm8ehcCWGITxPipulX - 8994163385668626 - October 5, 2020, 2:36 pm
txn_1HYgeGJm8ehcCWGI5sBfjQXI - 8994163385547624 - October 5, 2020, 2:36 pm
txn_1HYK6SJm8ehcCWGIZLk4wF94 - 8994163385546627 - October 5, 2020, 2:36 pm
txn_1HYQtvJm8ehcCWGIu7sq06FL - 8994163385823629 - October 5, 2020, 2:36 pm
txn_1HYjbPJm8ehcCWGIi7MsU19j - 8994163385712626 - October 5, 2020, 2:36 pm
txn_1HYFNrJm8ehcCWGI5g1RNbvs - 8994163385708629 - October 5, 2020, 2:36 pm
txn_1HYfLRJm8ehcCWGICIN8dlRe - 8994163385586623 - October 5, 2020, 2:36 pm
txn_1HYLUCJm8ehcCWGIreC2JksL - 8994163385704621 - October 5, 2020, 2:36 pm
txn_1HY0t8Jm8ehcCWGIOB5ShWWh - 8994163385706625 - October 5, 2020, 2:36 pm
txn_1HYacxJm8ehcCWGIBkiC3zA4 - 8994163385839620 - October 5, 2020, 2:36 pm
txn_1HYkmfJm8ehcCWGIiWwnYi8S - 8994163385579625 - October 5, 2020, 2:36 pm
txn_1HYgMHJm8ehcCWGIrr0vbji2 - 8994163385837626 - October 5, 2020, 2:36 pm
txn_1HYGnuJm8ehcCWGIlQSUfaWm - 8994163385692621 - October 5, 2020, 2:36 pm
txn_1HY1RUJm8ehcCWGICgQM3QQa - 8994163385693628 - October 5, 2020, 2:36 pm
txn_1HYM3TJm8ehcCWGIjmez7drQ - 8994163385691624 - October 5, 2020, 2:36 pm
txn_1HYwYDJm8ehcCWGIafjBHuVp - 8994163385571629 - October 5, 2020, 2:36 pm
txn_1HYbJQJm8ehcCWGIkPoqf59V - 8994163385568629 - October 5, 2020, 2:36 pm
txn_1HYgaDJm8ehcCWGISW757t1J - 8994163385563624 - October 5, 2020, 2:36 pm
txn_1HYCVCJm8ehcCWGIOdiuCRxW - 8994163385828624 - October 5, 2020, 2:36 pm
txn_1HYIZqJm8ehcCWGIQ6x0F9mb - 8994163385684626 - October 5, 2020, 2:36 pm
txn_1HYMQHJm8ehcCWGISKOu7LbZ - 8994163385827627 - October 5, 2020, 2:36 pm
txn_1HYwg2Jm8ehcCWGIcsC8VYKa - 8994163385548621 - October 5, 2020, 2:36 pm
txn_1HYbY7Jm8ehcCWGIHLpUhWNS - 8994163385822622 - October 5, 2020, 2:36 pm
txn_1HYDEeJm8ehcCWGITxPipulX - 8994163385668626 - October 5, 2020, 2:36 pm
txn_1HYgeGJm8ehcCWGI5sBfjQXI - 8994163385547624 - October 5, 2020, 2:36 pm
txn_1HYK6SJm8ehcCWGIZLk4wF94 - 8994163385546627 - October 5, 2020, 2:36 pm
txn_1HYQtvJm8ehcCWGIu7sq06FL - 8994163385823629 - October 5, 2020, 2:36 pm
txn_1HYKmeJm8ehcCWGIi7as1VMm - 8994163386612628 - October 5, 2020, 2:36 pm
txn_1HYWnaJm8ehcCWGI3rWCxvse - 8994163386365623 - October 5, 2020, 2:36 pm
txn_1HXwNFJm8ehcCWGIDfoWfZTd - 8994163386426621 - October 5, 2020, 2:36 pm
txn_1HXwV2Jm8ehcCWGIZs4AgtzZ - 8994163385995623 - October 5, 2020, 2:36 pm
txn_1HYYqZJm8ehcCWGILebMTsW2 - 8994163386418626 - October 5, 2020, 2:36 pm
txn_1HYdY3Jm8ehcCWGIxnawuqLq - 8994163386405626 - October 5, 2020, 2:36 pm
txn_1HXzLTJm8ehcCWGIS7j3cyuQ - 8994163386404629 - October 5, 2020, 2:36 pm
txn_1HYi7rJm8ehcCWGICXxvW93y - 8994163386345625 - October 5, 2020, 2:36 pm
txn_1HYEKjJm8ehcCWGIbIpuJzGL - 8994163386344628 - October 5, 2020, 2:36 pm
