txn_1ILevyJm8ehcCWGI5AvOlV8c - 8994163408982203 - February 16, 2021, 9:12 pm
txn_1ILXBQJm8ehcCWGIj06cemjO - 8994163408981206 - February 16, 2021, 9:12 pm
txn_1ILIIGJm8ehcCWGIgpgR2TU4 - 8994163408980209 - February 16, 2021, 9:12 pm
txn_1ILayqJm8ehcCWGIosX7T7cS - 8994163409084203 - February 16, 2021, 9:12 pm
txn_1ILKB1Jm8ehcCWGIxBAajzvt - 8994163409085200 - February 16, 2021, 9:12 pm
txn_1ILNNZJm8ehcCWGI7l9LPdI0 - 8994163409254200 - February 16, 2021, 9:12 pm
2021Influencer352 - 8994163408978206 - February 16, 2021, 9:12 pm
txn_1ILKGQJm8ehcCWGIYZAGBKEQ - 8994163409074204 - February 16, 2021, 9:12 pm
txn_1ILXRqJm8ehcCWGIDvSLKJF0 - 8994163409075201 - February 16, 2021, 9:12 pm
txn_1ILINNJm8ehcCWGIAV4HPRi2 - 8994163408979203 - February 16, 2021, 9:12 pm
txn_1ILb2FJm8ehcCWGIhn29scJS - 8994163408977209 - February 16, 2021, 9:12 pm
txn_1ILNNcJm8ehcCWGIfhB5Fv5t - 8994163408976202 - February 16, 2021, 9:12 pm
txn_1ILJ0yJm8ehcCWGILoq6C3ST - 8994163408974208 - February 16, 2021, 9:12 pm
2021Influencer351 - 8994163409253203 - February 16, 2021, 9:12 pm
txn_1ILXcAJm8ehcCWGItIOOMCyN - 8994163409073207 - February 16, 2021, 9:12 pm
txn_1ILKKqJm8ehcCWGI03eEDvD0 - 8994163408975205 - February 16, 2021, 9:12 pm
txn_1ILbgFJm8ehcCWGIBsj9r0QX - 8994163409072200 - February 16, 2021, 9:12 pm
txn_1ILOm0Jm8ehcCWGIEx1jUkT8 - 8994163408973201 - February 16, 2021, 9:12 pm
txn_1ILI5tJm8ehcCWGIfWVAbLOz -  - February 16, 2021, 9:12 pm
txn_1ILfNYJm8ehcCWGIaB9WsSdF -  - February 16, 2021, 9:12 pm
txn_1ILIEfJm8ehcCWGIAy5ZQeiv -  - February 16, 2021, 9:12 pm
2021Influencer354 -  - February 16, 2021, 9:12 pm
txn_1ILH1eJm8ehcCWGIlAT9DLCc -  - February 16, 2021, 9:12 pm
txn_1ILIEvJm8ehcCWGItoy3V32L -  - February 16, 2021, 9:12 pm
txn_1ILH6SJm8ehcCWGIsLSrGNwr -  - February 16, 2021, 9:12 pm
txn_1ILJ8cJm8ehcCWGIBr2HOBXR -  - February 16, 2021, 9:12 pm
txn_1ILHPFJm8ehcCWGIzviiLIO6 -  - February 16, 2021, 9:12 pm
txn_1ILJABJm8ehcCWGIdKnWSaij -  - February 16, 2021, 9:12 pm
txn_1ILHYhJm8ehcCWGIGrJk1xPP -  - February 16, 2021, 9:12 pm
txn_1ILJAIJm8ehcCWGIDOvcOLRE -  - February 16, 2021, 9:12 pm
txn_1ILJByJm8ehcCWGIQdsgtQSk -  - February 16, 2021, 9:12 pm
txn_1ILHabJm8ehcCWGI2VHdRLZD -  - February 16, 2021, 9:12 pm
txn_1ILHfmJm8ehcCWGID0QOMI1r -  - February 16, 2021, 9:12 pm
txn_1ILJKFJm8ehcCWGIpGAebsPA -  - February 16, 2021, 9:12 pm
txn_1ILJMsJm8ehcCWGIbiXT8QxV -  - February 16, 2021, 9:12 pm
txn_1ILHubJm8ehcCWGIrzgzfiui -  - February 16, 2021, 9:12 pm
txn_1ILJVuJm8ehcCWGI0cDomu6T -  - February 16, 2021, 9:12 pm
2021Influencer353 -  - February 16, 2021, 9:12 pm
txn_1ILJpKJm8ehcCWGI9wKi2z4y -  - February 16, 2021, 9:12 pm
txn_1ILHvYJm8ehcCWGIzB9oYWTc -  - February 16, 2021, 9:12 pm
txn_1ILJsCJm8ehcCWGIu2V6IO5R -  - February 16, 2021, 9:12 pm
txn_1ILKRAJm8ehcCWGIJ0u2brTb -  - February 16, 2021, 9:12 pm
txn_1ILKUAJm8ehcCWGILxNmdlt0 -  - February 16, 2021, 9:12 pm
txn_1ILKW3Jm8ehcCWGITFqgMl5v -  - February 16, 2021, 9:12 pm
txn_1ILKgmJm8ehcCWGIctqEyW9N -  - February 16, 2021, 9:12 pm
txn_1ILKwxJm8ehcCWGI8mv0vXIj -  - February 16, 2021, 9:12 pm
txn_1ILL0BJm8ehcCWGIJhCoOOOV -  - February 16, 2021, 9:12 pm
txn_1ILLRYJm8ehcCWGIiNDE2tOZ -  - February 16, 2021, 9:12 pm
txn_1ILVdzJm8ehcCWGI1Av3J0PO -  - February 16, 2021, 9:12 pm
txn_1ILLeQJm8ehcCWGIlyUlBLGn -  - February 16, 2021, 9:12 pm
txn_1ILVkpJm8ehcCWGIuZcYi35T -  - February 16, 2021, 9:12 pm
txn_1ILLelJm8ehcCWGIkw2mSfQo -  - February 16, 2021, 9:12 pm
txn_1ILWYZJm8ehcCWGIRsXoPAWT -  - February 16, 2021, 9:12 pm
txn_1ILTm7Jm8ehcCWGIDZcCdHTy -  - February 16, 2021, 9:12 pm
txn_1ILWZYJm8ehcCWGIyBTTWaY1 -  - February 16, 2021, 9:12 pm
txn_1ILTrqJm8ehcCWGIzMZX29HB -  - February 16, 2021, 9:12 pm
txn_1ILX1aJm8ehcCWGIeeFb3ujp -  - February 16, 2021, 9:12 pm
txn_1ILVamJm8ehcCWGIETRj8Yhr -  - February 16, 2021, 9:12 pm
txn_1ILaK5Jm8ehcCWGIgQvawrQC -  - February 16, 2021, 9:12 pm
txn_1ILX4NJm8ehcCWGIrDaan7fw -  - February 16, 2021, 9:12 pm
txn_1ILaarJm8ehcCWGIzZUSdvu9 -  - February 16, 2021, 9:12 pm
txn_1ILXgyJm8ehcCWGIoVCkgXG1 -  - February 16, 2021, 9:12 pm
txn_1ILadqJm8ehcCWGIZoeVX5Gz -  - February 16, 2021, 9:12 pm
txn_1ILXuKJm8ehcCWGIvIroMwRm -  - February 16, 2021, 9:12 pm
txn_1ILbwjJm8ehcCWGIBM347xkK -  - February 16, 2021, 9:12 pm
txn_1ILYofJm8ehcCWGIaDlaTh2g -  - February 16, 2021, 9:12 pm
txn_1ILceXJm8ehcCWGIm1uryb5w -  - February 16, 2021, 9:12 pm
txn_1ILZsoJm8ehcCWGIefQf6CJW -  - February 16, 2021, 9:12 pm
txn_1ILcnSJm8ehcCWGIuPBf0VEX -  - February 16, 2021, 9:12 pm
txn_1ILZwNJm8ehcCWGINrMyppWX -  - February 16, 2021, 9:12 pm
txn_1ILdN2Jm8ehcCWGI3AZpnBNA -  - February 16, 2021, 9:12 pm
txn_1ILdxAJm8ehcCWGIkidDhYD1 -  - February 16, 2021, 9:12 pm
txn_1ILaFjJm8ehcCWGIEfZb6nJT -  - February 16, 2021, 9:12 pm
txn_1ILe1KJm8ehcCWGI4dL8Glgc -  - February 16, 2021, 9:12 pm
txn_1ILeRuJm8ehcCWGItRiFoO0J -  - February 16, 2021, 9:12 pm
txn_1ILei3Jm8ehcCWGI7pnTED5l -  - February 16, 2021, 9:12 pm
txn_1ILemhJm8ehcCWGIEb61lUug -  - February 16, 2021, 9:12 pm
txn_1ILevyJm8ehcCWGI5AvOlV8c - 8994163408982203 - February 16, 2021, 9:12 pm
txn_1ILXBQJm8ehcCWGIj06cemjO - 8994163408981206 - February 16, 2021, 9:12 pm
txn_1ILIIGJm8ehcCWGIgpgR2TU4 - 8994163408980209 - February 16, 2021, 9:12 pm
txn_1ILayqJm8ehcCWGIosX7T7cS - 8994163409084203 - February 16, 2021, 9:12 pm
txn_1ILKB1Jm8ehcCWGIxBAajzvt - 8994163409085200 - February 16, 2021, 9:12 pm
txn_1ILNNZJm8ehcCWGI7l9LPdI0 - 8994163409254200 - February 16, 2021, 9:12 pm
2021Influencer352 - 8994163408978206 - February 16, 2021, 9:12 pm
txn_1ILKGQJm8ehcCWGIYZAGBKEQ - 8994163409074204 - February 16, 2021, 9:12 pm
txn_1ILXRqJm8ehcCWGIDvSLKJF0 - 8994163409075201 - February 16, 2021, 9:12 pm
txn_1ILINNJm8ehcCWGIAV4HPRi2 - 8994163408979203 - February 16, 2021, 9:12 pm
txn_1ILb2FJm8ehcCWGIhn29scJS - 8994163408977209 - February 16, 2021, 9:12 pm
txn_1ILNNcJm8ehcCWGIfhB5Fv5t - 8994163408976202 - February 16, 2021, 9:12 pm
txn_1ILJ0yJm8ehcCWGILoq6C3ST - 8994163408974208 - February 16, 2021, 9:12 pm
2021Influencer351 - 8994163409253203 - February 16, 2021, 9:12 pm
txn_1ILXcAJm8ehcCWGItIOOMCyN - 8994163409073207 - February 16, 2021, 9:12 pm
txn_1ILKKqJm8ehcCWGI03eEDvD0 - 8994163408975205 - February 16, 2021, 9:12 pm
txn_1ILbgFJm8ehcCWGIBsj9r0QX - 8994163409072200 - February 16, 2021, 9:12 pm
txn_1ILOm0Jm8ehcCWGIEx1jUkT8 - 8994163408973201 - February 16, 2021, 9:12 pm
txn_1ILevyJm8ehcCWGI5AvOlV8c - 8994163408982203 - February 16, 2021, 9:12 pm
txn_1ILXBQJm8ehcCWGIj06cemjO - 8994163408981206 - February 16, 2021, 9:12 pm
txn_1ILIIGJm8ehcCWGIgpgR2TU4 - 8994163408980209 - February 16, 2021, 9:12 pm
txn_1ILayqJm8ehcCWGIosX7T7cS - 8994163409084203 - February 16, 2021, 9:12 pm
txn_1ILKB1Jm8ehcCWGIxBAajzvt - 8994163409085200 - February 16, 2021, 9:12 pm
txn_1ILNNZJm8ehcCWGI7l9LPdI0 - 8994163409254200 - February 16, 2021, 9:12 pm
2021Influencer352 - 8994163408978206 - February 16, 2021, 9:12 pm
txn_1ILKGQJm8ehcCWGIYZAGBKEQ - 8994163409074204 - February 16, 2021, 9:12 pm
txn_1ILXRqJm8ehcCWGIDvSLKJF0 - 8994163409075201 - February 16, 2021, 9:12 pm
txn_1ILINNJm8ehcCWGIAV4HPRi2 - 8994163408979203 - February 16, 2021, 9:12 pm
txn_1ILb2FJm8ehcCWGIhn29scJS - 8994163408977209 - February 16, 2021, 9:12 pm
txn_1ILNNcJm8ehcCWGIfhB5Fv5t - 8994163408976202 - February 16, 2021, 9:12 pm
txn_1ILJ0yJm8ehcCWGILoq6C3ST - 8994163408974208 - February 16, 2021, 9:12 pm
2021Influencer351 - 8994163409253203 - February 16, 2021, 9:12 pm
txn_1ILXcAJm8ehcCWGItIOOMCyN - 8994163409073207 - February 16, 2021, 9:12 pm
txn_1ILKKqJm8ehcCWGI03eEDvD0 - 8994163408975205 - February 16, 2021, 9:12 pm
txn_1ILbgFJm8ehcCWGIBsj9r0QX - 8994163409072200 - February 16, 2021, 9:12 pm
txn_1ILOm0Jm8ehcCWGIEx1jUkT8 - 8994163408973201 - February 16, 2021, 9:12 pm
txn_1ILevyJm8ehcCWGI5AvOlV8c - 8994163408982203 - February 16, 2021, 9:12 pm
txn_1ILXBQJm8ehcCWGIj06cemjO - 8994163408981206 - February 16, 2021, 9:12 pm
txn_1ILIIGJm8ehcCWGIgpgR2TU4 - 8994163408980209 - February 16, 2021, 9:12 pm
txn_1ILayqJm8ehcCWGIosX7T7cS - 8994163409084203 - February 16, 2021, 9:12 pm
txn_1ILKB1Jm8ehcCWGIxBAajzvt - 8994163409085200 - February 16, 2021, 9:12 pm
txn_1ILNNZJm8ehcCWGI7l9LPdI0 - 8994163409254200 - February 16, 2021, 9:12 pm
2021Influencer352 - 8994163408978206 - February 16, 2021, 9:12 pm
txn_1ILKGQJm8ehcCWGIYZAGBKEQ - 8994163409074204 - February 16, 2021, 9:12 pm
txn_1ILXRqJm8ehcCWGIDvSLKJF0 - 8994163409075201 - February 16, 2021, 9:12 pm
txn_1ILINNJm8ehcCWGIAV4HPRi2 - 8994163408979203 - February 16, 2021, 9:12 pm
txn_1ILb2FJm8ehcCWGIhn29scJS - 8994163408977209 - February 16, 2021, 9:12 pm
txn_1ILNNcJm8ehcCWGIfhB5Fv5t - 8994163408976202 - February 16, 2021, 9:12 pm
txn_1ILJ0yJm8ehcCWGILoq6C3ST - 8994163408974208 - February 16, 2021, 9:12 pm
2021Influencer351 - 8994163409253203 - February 16, 2021, 9:12 pm
txn_1ILXcAJm8ehcCWGItIOOMCyN - 8994163409073207 - February 16, 2021, 9:12 pm
txn_1ILKKqJm8ehcCWGI03eEDvD0 - 8994163408975205 - February 16, 2021, 9:12 pm
txn_1ILbgFJm8ehcCWGIBsj9r0QX - 8994163409072200 - February 16, 2021, 9:12 pm
txn_1ILOm0Jm8ehcCWGIEx1jUkT8 - 8994163408973201 - February 16, 2021, 9:12 pm
txn_1ILemhJm8ehcCWGIEb61lUug -  - February 16, 2021, 9:12 pm
txn_1ILIEvJm8ehcCWGItoy3V32L -  - February 16, 2021, 9:12 pm
txn_1ILJ8cJm8ehcCWGIBr2HOBXR -  - February 16, 2021, 9:12 pm
txn_1ILJABJm8ehcCWGIdKnWSaij - 8994163409107209 - February 16, 2021, 9:12 pm
txn_1ILX1aJm8ehcCWGIeeFb3ujp - 8994163409273201 - February 16, 2021, 9:12 pm
txn_1ILH6SJm8ehcCWGIsLSrGNwr - 8994163409106202 - February 16, 2021, 9:12 pm
txn_1ILKgmJm8ehcCWGIctqEyW9N - 8994163409105205 - February 16, 2021, 9:12 pm
txn_1ILbwjJm8ehcCWGIBM347xkK - 8994163409104208 - February 16, 2021, 9:12 pm
txn_1ILX4NJm8ehcCWGIrDaan7fw - 8994163409271207 - February 16, 2021, 9:12 pm
txn_1ILHPFJm8ehcCWGIzviiLIO6 - 8994163409270200 - February 16, 2021, 9:12 pm
txn_1ILJAIJm8ehcCWGIDOvcOLRE - 8994163409400201 - February 16, 2021, 9:12 pm
txn_1ILKwxJm8ehcCWGI8mv0vXIj - 8994163409103201 - February 16, 2021, 9:12 pm
txn_1ILceXJm8ehcCWGIm1uryb5w - 8994163408999201 - February 16, 2021, 9:12 pm
txn_1ILXgyJm8ehcCWGIoVCkgXG1 - 8994163409269204 - February 16, 2021, 9:12 pm
txn_1ILHYhJm8ehcCWGIGrJk1xPP - 8994163408998204 - February 16, 2021, 9:12 pm
txn_1ILJByJm8ehcCWGIQdsgtQSk - 8994163408997207 - February 16, 2021, 9:12 pm
txn_1ILL0BJm8ehcCWGIJhCoOOOV - 8994163408996200 - February 16, 2021, 9:12 pm
txn_1ILcnSJm8ehcCWGIuPBf0VEX - 8994163409101207 - February 16, 2021, 9:12 pm
txn_1ILHabJm8ehcCWGI2VHdRLZD - 8994163409268207 - February 16, 2021, 9:12 pm
txn_1ILXuKJm8ehcCWGIvIroMwRm - 8994163409266203 - February 16, 2021, 9:12 pm
txn_1ILJKFJm8ehcCWGIpGAebsPA - 8994163409267200 - February 16, 2021, 9:12 pm
txn_1ILdN2Jm8ehcCWGI3AZpnBNA - 8994163408995203 - February 16, 2021, 9:12 pm
txn_1ILLRYJm8ehcCWGIiNDE2tOZ - 8994163409100200 - February 16, 2021, 9:12 pm
txn_1ILLeQJm8ehcCWGIlyUlBLGn -  - February 16, 2021, 9:12 pm
txn_1ILdxAJm8ehcCWGIkidDhYD1 -  - February 16, 2021, 9:12 pm
txn_1ILHfmJm8ehcCWGID0QOMI1r -  - February 16, 2021, 9:12 pm
txn_1ILJMsJm8ehcCWGIbiXT8QxV -  - February 16, 2021, 9:12 pm
txn_1ILYofJm8ehcCWGIaDlaTh2g -  - February 16, 2021, 9:12 pm
txn_1ILLelJm8ehcCWGIkw2mSfQo -  - February 16, 2021, 9:12 pm
txn_1ILHubJm8ehcCWGIrzgzfiui -  - February 16, 2021, 9:12 pm
txn_1ILe1KJm8ehcCWGI4dL8Glgc -  - February 16, 2021, 9:12 pm
txn_1ILZsoJm8ehcCWGIefQf6CJW -  - February 16, 2021, 9:12 pm
txn_1ILJVuJm8ehcCWGI0cDomu6T -  - February 16, 2021, 9:12 pm
2021Influencer353 -  - February 16, 2021, 9:12 pm
txn_1ILTm7Jm8ehcCWGIDZcCdHTy -  - February 16, 2021, 9:12 pm
txn_1ILeRuJm8ehcCWGItRiFoO0J -  - February 16, 2021, 9:12 pm
txn_1ILZwNJm8ehcCWGINrMyppWX -  - February 16, 2021, 9:12 pm
txn_1ILJpKJm8ehcCWGI9wKi2z4y -  - February 16, 2021, 9:12 pm
txn_1ILTrqJm8ehcCWGIzMZX29HB -  - February 16, 2021, 9:12 pm
txn_1ILei3Jm8ehcCWGI7pnTED5l -  - February 16, 2021, 9:12 pm
txn_1ILaFjJm8ehcCWGIEfZb6nJT -  - February 16, 2021, 9:12 pm
txn_1ILHvYJm8ehcCWGIzB9oYWTc -  - February 16, 2021, 9:12 pm
txn_1ILJsCJm8ehcCWGIu2V6IO5R -  - February 16, 2021, 9:12 pm
txn_1ILVamJm8ehcCWGIETRj8Yhr -  - February 16, 2021, 9:12 pm
txn_1ILevyJm8ehcCWGI5AvOlV8c - 8994163408982203 - February 16, 2021, 9:13 pm
txn_1ILXBQJm8ehcCWGIj06cemjO - 8994163408981206 - February 16, 2021, 9:13 pm
txn_1ILIIGJm8ehcCWGIgpgR2TU4 - 8994163408980209 - February 16, 2021, 9:13 pm
txn_1ILayqJm8ehcCWGIosX7T7cS - 8994163409084203 - February 16, 2021, 9:13 pm
txn_1ILKB1Jm8ehcCWGIxBAajzvt - 8994163409085200 - February 16, 2021, 9:13 pm
txn_1ILNNZJm8ehcCWGI7l9LPdI0 - 8994163409254200 - February 16, 2021, 9:13 pm
2021Influencer352 - 8994163408978206 - February 16, 2021, 9:13 pm
txn_1ILKGQJm8ehcCWGIYZAGBKEQ - 8994163409074204 - February 16, 2021, 9:13 pm
txn_1ILXRqJm8ehcCWGIDvSLKJF0 - 8994163409075201 - February 16, 2021, 9:13 pm
txn_1ILINNJm8ehcCWGIAV4HPRi2 - 8994163408979203 - February 16, 2021, 9:13 pm
txn_1ILb2FJm8ehcCWGIhn29scJS - 8994163408977209 - February 16, 2021, 9:13 pm
txn_1ILNNcJm8ehcCWGIfhB5Fv5t - 8994163408976202 - February 16, 2021, 9:13 pm
txn_1ILJ0yJm8ehcCWGILoq6C3ST - 8994163408974208 - February 16, 2021, 9:13 pm
2021Influencer351 - 8994163409253203 - February 16, 2021, 9:13 pm
txn_1ILXcAJm8ehcCWGItIOOMCyN - 8994163409073207 - February 16, 2021, 9:13 pm
txn_1ILKKqJm8ehcCWGI03eEDvD0 - 8994163408975205 - February 16, 2021, 9:13 pm
txn_1ILbgFJm8ehcCWGIBsj9r0QX - 8994163409072200 - February 16, 2021, 9:13 pm
txn_1ILOm0Jm8ehcCWGIEx1jUkT8 - 8994163408973201 - February 16, 2021, 9:13 pm
txn_1ILWZYJm8ehcCWGIyBTTWaY1 - 8994163409108206 - February 16, 2021, 9:13 pm
txn_1ILadqJm8ehcCWGIZoeVX5Gz - 8994163409274208 - February 16, 2021, 9:13 pm
txn_1ILJABJm8ehcCWGIdKnWSaij - 8994163409107209 - February 16, 2021, 9:13 pm
txn_1ILX1aJm8ehcCWGIeeFb3ujp - 8994163409273201 - February 16, 2021, 9:13 pm
txn_1ILH6SJm8ehcCWGIsLSrGNwr - 8994163409106202 - February 16, 2021, 9:13 pm
txn_1ILKgmJm8ehcCWGIctqEyW9N - 8994163409105205 - February 16, 2021, 9:13 pm
txn_1ILbwjJm8ehcCWGIBM347xkK - 8994163409104208 - February 16, 2021, 9:13 pm
txn_1ILX4NJm8ehcCWGIrDaan7fw - 8994163409271207 - February 16, 2021, 9:13 pm
txn_1ILHPFJm8ehcCWGIzviiLIO6 - 8994163409270200 - February 16, 2021, 9:13 pm
txn_1ILJAIJm8ehcCWGIDOvcOLRE - 8994163409400201 - February 16, 2021, 9:13 pm
txn_1ILKwxJm8ehcCWGI8mv0vXIj - 8994163409103201 - February 16, 2021, 9:13 pm
txn_1ILceXJm8ehcCWGIm1uryb5w - 8994163408999201 - February 16, 2021, 9:13 pm
txn_1ILXgyJm8ehcCWGIoVCkgXG1 - 8994163409269204 - February 16, 2021, 9:13 pm
txn_1ILHYhJm8ehcCWGIGrJk1xPP - 8994163408998204 - February 16, 2021, 9:13 pm
txn_1ILJByJm8ehcCWGIQdsgtQSk - 8994163408997207 - February 16, 2021, 9:13 pm
txn_1ILL0BJm8ehcCWGIJhCoOOOV - 8994163408996200 - February 16, 2021, 9:13 pm
txn_1ILcnSJm8ehcCWGIuPBf0VEX - 8994163409101207 - February 16, 2021, 9:13 pm
txn_1ILHabJm8ehcCWGI2VHdRLZD - 8994163409268207 - February 16, 2021, 9:13 pm
txn_1ILXuKJm8ehcCWGIvIroMwRm - 8994163409266203 - February 16, 2021, 9:13 pm
txn_1ILJKFJm8ehcCWGIpGAebsPA - 8994163409267200 - February 16, 2021, 9:13 pm
txn_1ILdN2Jm8ehcCWGI3AZpnBNA - 8994163408995203 - February 16, 2021, 9:13 pm
txn_1ILLRYJm8ehcCWGIiNDE2tOZ - 8994163409100200 - February 16, 2021, 9:13 pm
txn_1ILevyJm8ehcCWGI5AvOlV8c - 8994163408982203 - February 16, 2021, 9:13 pm
txn_1ILXBQJm8ehcCWGIj06cemjO - 8994163408981206 - February 16, 2021, 9:13 pm
txn_1ILIIGJm8ehcCWGIgpgR2TU4 - 8994163408980209 - February 16, 2021, 9:13 pm
txn_1ILayqJm8ehcCWGIosX7T7cS - 8994163409084203 - February 16, 2021, 9:13 pm
txn_1ILKB1Jm8ehcCWGIxBAajzvt - 8994163409085200 - February 16, 2021, 9:13 pm
txn_1ILNNZJm8ehcCWGI7l9LPdI0 - 8994163409254200 - February 16, 2021, 9:13 pm
2021Influencer352 - 8994163408978206 - February 16, 2021, 9:13 pm
txn_1ILKGQJm8ehcCWGIYZAGBKEQ - 8994163409074204 - February 16, 2021, 9:13 pm
txn_1ILXRqJm8ehcCWGIDvSLKJF0 - 8994163409075201 - February 16, 2021, 9:13 pm
txn_1ILINNJm8ehcCWGIAV4HPRi2 - 8994163408979203 - February 16, 2021, 9:13 pm
txn_1ILb2FJm8ehcCWGIhn29scJS - 8994163408977209 - February 16, 2021, 9:13 pm
txn_1ILNNcJm8ehcCWGIfhB5Fv5t - 8994163408976202 - February 16, 2021, 9:13 pm
txn_1ILJ0yJm8ehcCWGILoq6C3ST - 8994163408974208 - February 16, 2021, 9:13 pm
2021Influencer351 - 8994163409253203 - February 16, 2021, 9:13 pm
txn_1ILXcAJm8ehcCWGItIOOMCyN - 8994163409073207 - February 16, 2021, 9:13 pm
txn_1ILKKqJm8ehcCWGI03eEDvD0 - 8994163408975205 - February 16, 2021, 9:13 pm
txn_1ILbgFJm8ehcCWGIBsj9r0QX - 8994163409072200 - February 16, 2021, 9:13 pm
txn_1ILOm0Jm8ehcCWGIEx1jUkT8 - 8994163408973201 - February 16, 2021, 9:13 pm
txn_1ILWZYJm8ehcCWGIyBTTWaY1 - 8994163409108206 - February 16, 2021, 9:13 pm
txn_1ILadqJm8ehcCWGIZoeVX5Gz - 8994163409274208 - February 16, 2021, 9:13 pm
txn_1ILJABJm8ehcCWGIdKnWSaij - 8994163409107209 - February 16, 2021, 9:13 pm
txn_1ILX1aJm8ehcCWGIeeFb3ujp - 8994163409273201 - February 16, 2021, 9:13 pm
txn_1ILH6SJm8ehcCWGIsLSrGNwr - 8994163409106202 - February 16, 2021, 9:13 pm
txn_1ILKgmJm8ehcCWGIctqEyW9N - 8994163409105205 - February 16, 2021, 9:13 pm
txn_1ILbwjJm8ehcCWGIBM347xkK - 8994163409104208 - February 16, 2021, 9:13 pm
txn_1ILX4NJm8ehcCWGIrDaan7fw - 8994163409271207 - February 16, 2021, 9:13 pm
txn_1ILHPFJm8ehcCWGIzviiLIO6 - 8994163409270200 - February 16, 2021, 9:13 pm
txn_1ILJAIJm8ehcCWGIDOvcOLRE - 8994163409400201 - February 16, 2021, 9:13 pm
txn_1ILKwxJm8ehcCWGI8mv0vXIj - 8994163409103201 - February 16, 2021, 9:13 pm
txn_1ILceXJm8ehcCWGIm1uryb5w - 8994163408999201 - February 16, 2021, 9:13 pm
txn_1ILXgyJm8ehcCWGIoVCkgXG1 - 8994163409269204 - February 16, 2021, 9:13 pm
txn_1ILHYhJm8ehcCWGIGrJk1xPP - 8994163408998204 - February 16, 2021, 9:13 pm
txn_1ILJByJm8ehcCWGIQdsgtQSk - 8994163408997207 - February 16, 2021, 9:13 pm
txn_1ILL0BJm8ehcCWGIJhCoOOOV - 8994163408996200 - February 16, 2021, 9:13 pm
txn_1ILcnSJm8ehcCWGIuPBf0VEX - 8994163409101207 - February 16, 2021, 9:13 pm
txn_1ILHabJm8ehcCWGI2VHdRLZD - 8994163409268207 - February 16, 2021, 9:13 pm
txn_1ILXuKJm8ehcCWGIvIroMwRm - 8994163409266203 - February 16, 2021, 9:13 pm
txn_1ILJKFJm8ehcCWGIpGAebsPA - 8994163409267200 - February 16, 2021, 9:13 pm
txn_1ILdN2Jm8ehcCWGI3AZpnBNA - 8994163408995203 - February 16, 2021, 9:13 pm
txn_1ILLRYJm8ehcCWGIiNDE2tOZ - 8994163409100200 - February 16, 2021, 9:13 pm
txn_1ILevyJm8ehcCWGI5AvOlV8c - 8994163408982203 - February 16, 2021, 9:13 pm
txn_1ILXBQJm8ehcCWGIj06cemjO - 8994163408981206 - February 16, 2021, 9:13 pm
txn_1ILIIGJm8ehcCWGIgpgR2TU4 - 8994163408980209 - February 16, 2021, 9:13 pm
txn_1ILayqJm8ehcCWGIosX7T7cS - 8994163409084203 - February 16, 2021, 9:13 pm
txn_1ILKB1Jm8ehcCWGIxBAajzvt - 8994163409085200 - February 16, 2021, 9:13 pm
txn_1ILNNZJm8ehcCWGI7l9LPdI0 - 8994163409254200 - February 16, 2021, 9:13 pm
2021Influencer352 - 8994163408978206 - February 16, 2021, 9:13 pm
txn_1ILKGQJm8ehcCWGIYZAGBKEQ - 8994163409074204 - February 16, 2021, 9:13 pm
txn_1ILXRqJm8ehcCWGIDvSLKJF0 - 8994163409075201 - February 16, 2021, 9:13 pm
txn_1ILINNJm8ehcCWGIAV4HPRi2 - 8994163408979203 - February 16, 2021, 9:13 pm
txn_1ILb2FJm8ehcCWGIhn29scJS - 8994163408977209 - February 16, 2021, 9:13 pm
txn_1ILNNcJm8ehcCWGIfhB5Fv5t - 8994163408976202 - February 16, 2021, 9:13 pm
txn_1ILJ0yJm8ehcCWGILoq6C3ST - 8994163408974208 - February 16, 2021, 9:13 pm
2021Influencer351 - 8994163409253203 - February 16, 2021, 9:13 pm
txn_1ILXcAJm8ehcCWGItIOOMCyN - 8994163409073207 - February 16, 2021, 9:13 pm
txn_1ILKKqJm8ehcCWGI03eEDvD0 - 8994163408975205 - February 16, 2021, 9:13 pm
txn_1ILbgFJm8ehcCWGIBsj9r0QX - 8994163409072200 - February 16, 2021, 9:13 pm
txn_1ILOm0Jm8ehcCWGIEx1jUkT8 - 8994163408973201 - February 16, 2021, 9:13 pm
txn_1ILWZYJm8ehcCWGIyBTTWaY1 - 8994163409108206 - February 16, 2021, 9:13 pm
txn_1ILadqJm8ehcCWGIZoeVX5Gz - 8994163409274208 - February 16, 2021, 9:13 pm
txn_1ILJABJm8ehcCWGIdKnWSaij - 8994163409107209 - February 16, 2021, 9:13 pm
txn_1ILX1aJm8ehcCWGIeeFb3ujp - 8994163409273201 - February 16, 2021, 9:13 pm
txn_1ILH6SJm8ehcCWGIsLSrGNwr - 8994163409106202 - February 16, 2021, 9:13 pm
txn_1ILKgmJm8ehcCWGIctqEyW9N - 8994163409105205 - February 16, 2021, 9:13 pm
txn_1ILbwjJm8ehcCWGIBM347xkK - 8994163409104208 - February 16, 2021, 9:13 pm
txn_1ILX4NJm8ehcCWGIrDaan7fw - 8994163409271207 - February 16, 2021, 9:13 pm
txn_1ILHPFJm8ehcCWGIzviiLIO6 - 8994163409270200 - February 16, 2021, 9:13 pm
txn_1ILJAIJm8ehcCWGIDOvcOLRE - 8994163409400201 - February 16, 2021, 9:13 pm
txn_1ILKwxJm8ehcCWGI8mv0vXIj - 8994163409103201 - February 16, 2021, 9:13 pm
txn_1ILceXJm8ehcCWGIm1uryb5w - 8994163408999201 - February 16, 2021, 9:13 pm
txn_1ILXgyJm8ehcCWGIoVCkgXG1 - 8994163409269204 - February 16, 2021, 9:13 pm
txn_1ILHYhJm8ehcCWGIGrJk1xPP - 8994163408998204 - February 16, 2021, 9:13 pm
txn_1ILJByJm8ehcCWGIQdsgtQSk - 8994163408997207 - February 16, 2021, 9:13 pm
txn_1ILL0BJm8ehcCWGIJhCoOOOV - 8994163408996200 - February 16, 2021, 9:13 pm
txn_1ILcnSJm8ehcCWGIuPBf0VEX - 8994163409101207 - February 16, 2021, 9:13 pm
txn_1ILHabJm8ehcCWGI2VHdRLZD - 8994163409268207 - February 16, 2021, 9:13 pm
txn_1ILXuKJm8ehcCWGIvIroMwRm - 8994163409266203 - February 16, 2021, 9:13 pm
txn_1ILJKFJm8ehcCWGIpGAebsPA - 8994163409267200 - February 16, 2021, 9:13 pm
txn_1ILdN2Jm8ehcCWGI3AZpnBNA - 8994163408995203 - February 16, 2021, 9:13 pm
txn_1ILLRYJm8ehcCWGIiNDE2tOZ - 8994163409100200 - February 16, 2021, 9:13 pm
txn_1ILevyJm8ehcCWGI5AvOlV8c - 8994163408982203 - February 16, 2021, 9:14 pm
txn_1ILXBQJm8ehcCWGIj06cemjO - 8994163408981206 - February 16, 2021, 9:14 pm
txn_1ILIIGJm8ehcCWGIgpgR2TU4 - 8994163408980209 - February 16, 2021, 9:14 pm
txn_1ILayqJm8ehcCWGIosX7T7cS - 8994163409084203 - February 16, 2021, 9:14 pm
txn_1ILKB1Jm8ehcCWGIxBAajzvt - 8994163409085200 - February 16, 2021, 9:14 pm
txn_1ILNNZJm8ehcCWGI7l9LPdI0 - 8994163409254200 - February 16, 2021, 9:14 pm
2021Influencer352 - 8994163408978206 - February 16, 2021, 9:14 pm
txn_1ILKGQJm8ehcCWGIYZAGBKEQ - 8994163409074204 - February 16, 2021, 9:14 pm
txn_1ILXRqJm8ehcCWGIDvSLKJF0 - 8994163409075201 - February 16, 2021, 9:14 pm
txn_1ILINNJm8ehcCWGIAV4HPRi2 - 8994163408979203 - February 16, 2021, 9:14 pm
txn_1ILb2FJm8ehcCWGIhn29scJS - 8994163408977209 - February 16, 2021, 9:14 pm
txn_1ILNNcJm8ehcCWGIfhB5Fv5t - 8994163408976202 - February 16, 2021, 9:14 pm
txn_1ILJ0yJm8ehcCWGILoq6C3ST - 8994163408974208 - February 16, 2021, 9:14 pm
2021Influencer351 - 8994163409253203 - February 16, 2021, 9:14 pm
txn_1ILXcAJm8ehcCWGItIOOMCyN - 8994163409073207 - February 16, 2021, 9:14 pm
txn_1ILKKqJm8ehcCWGI03eEDvD0 - 8994163408975205 - February 16, 2021, 9:14 pm
txn_1ILbgFJm8ehcCWGIBsj9r0QX - 8994163409072200 - February 16, 2021, 9:14 pm
txn_1ILOm0Jm8ehcCWGIEx1jUkT8 - 8994163408973201 - February 16, 2021, 9:14 pm
txn_1ILWZYJm8ehcCWGIyBTTWaY1 - 8994163409108206 - February 16, 2021, 9:14 pm
txn_1ILadqJm8ehcCWGIZoeVX5Gz - 8994163409274208 - February 16, 2021, 9:14 pm
txn_1ILJABJm8ehcCWGIdKnWSaij - 8994163409107209 - February 16, 2021, 9:14 pm
txn_1ILX1aJm8ehcCWGIeeFb3ujp - 8994163409273201 - February 16, 2021, 9:14 pm
txn_1ILH6SJm8ehcCWGIsLSrGNwr - 8994163409106202 - February 16, 2021, 9:14 pm
txn_1ILKgmJm8ehcCWGIctqEyW9N - 8994163409105205 - February 16, 2021, 9:14 pm
txn_1ILbwjJm8ehcCWGIBM347xkK - 8994163409104208 - February 16, 2021, 9:14 pm
txn_1ILX4NJm8ehcCWGIrDaan7fw - 8994163409271207 - February 16, 2021, 9:14 pm
txn_1ILHPFJm8ehcCWGIzviiLIO6 - 8994163409270200 - February 16, 2021, 9:14 pm
txn_1ILJAIJm8ehcCWGIDOvcOLRE - 8994163409400201 - February 16, 2021, 9:14 pm
txn_1ILKwxJm8ehcCWGI8mv0vXIj - 8994163409103201 - February 16, 2021, 9:14 pm
txn_1ILceXJm8ehcCWGIm1uryb5w - 8994163408999201 - February 16, 2021, 9:14 pm
txn_1ILXgyJm8ehcCWGIoVCkgXG1 - 8994163409269204 - February 16, 2021, 9:14 pm
txn_1ILHYhJm8ehcCWGIGrJk1xPP - 8994163408998204 - February 16, 2021, 9:14 pm
txn_1ILJByJm8ehcCWGIQdsgtQSk - 8994163408997207 - February 16, 2021, 9:14 pm
txn_1ILL0BJm8ehcCWGIJhCoOOOV - 8994163408996200 - February 16, 2021, 9:14 pm
txn_1ILcnSJm8ehcCWGIuPBf0VEX - 8994163409101207 - February 16, 2021, 9:14 pm
txn_1ILHabJm8ehcCWGI2VHdRLZD - 8994163409268207 - February 16, 2021, 9:14 pm
txn_1ILXuKJm8ehcCWGIvIroMwRm - 8994163409266203 - February 16, 2021, 9:14 pm
txn_1ILJKFJm8ehcCWGIpGAebsPA - 8994163409267200 - February 16, 2021, 9:14 pm
txn_1ILdN2Jm8ehcCWGI3AZpnBNA - 8994163408995203 - February 16, 2021, 9:14 pm
txn_1ILLRYJm8ehcCWGIiNDE2tOZ - 8994163409100200 - February 16, 2021, 9:14 pm
txn_1ILemhJm8ehcCWGIEb61lUug - 8994163409121205 - February 16, 2021, 9:14 pm
txn_1ILLelJm8ehcCWGIkw2mSfQo - 8994163409410200 - February 16, 2021, 9:14 pm
txn_1ILaarJm8ehcCWGIzZUSdvu9 - 8994163409125203 - February 16, 2021, 9:14 pm
txn_1ILI5tJm8ehcCWGIfWVAbLOz - 8994163409289202 - February 16, 2021, 9:14 pm
txn_1ILdxAJm8ehcCWGIkidDhYD1 - 8994163409124206 - February 16, 2021, 9:14 pm
txn_1ILTm7Jm8ehcCWGIDZcCdHTy - 8994163409409204 - February 16, 2021, 9:14 pm
txn_1ILIEfJm8ehcCWGIAy5ZQeiv - 8994163409408207 - February 16, 2021, 9:14 pm
txn_1ILTrqJm8ehcCWGIzMZX29HB - 8994163409407200 - February 16, 2021, 9:14 pm
txn_1ILe1KJm8ehcCWGI4dL8Glgc - 8994163409406203 - February 16, 2021, 9:14 pm
txn_1ILIEvJm8ehcCWGItoy3V32L - 8994163409287208 - February 16, 2021, 9:14 pm
txn_1ILVamJm8ehcCWGIETRj8Yhr - 8994163409123209 - February 16, 2021, 9:14 pm
txn_1ILeRuJm8ehcCWGItRiFoO0J - 8994163409122202 - February 16, 2021, 9:14 pm
txn_1ILJ8cJm8ehcCWGIBr2HOBXR - 8994163409286201 - February 16, 2021, 9:14 pm
txn_1ILVdzJm8ehcCWGI1Av3J0PO - 8994163409283200 - February 16, 2021, 9:14 pm
txn_1ILei3Jm8ehcCWGI7pnTED5l - 8994163409284207 - February 16, 2021, 9:14 pm
txn_1ILJMsJm8ehcCWGIbiXT8QxV - 8994163409281206 - February 16, 2021, 9:14 pm
txn_1ILfNYJm8ehcCWGIaB9WsSdF - 8994163409404209 - February 16, 2021, 9:14 pm
txn_1ILVkpJm8ehcCWGIuZcYi35T - 8994163409280209 - February 16, 2021, 9:14 pm
txn_1ILJVuJm8ehcCWGI0cDomu6T - 8994163409279203 - February 16, 2021, 9:14 pm
txn_1ILaK5Jm8ehcCWGIgQvawrQC -  - February 16, 2021, 9:14 pm
txn_1ILWYZJm8ehcCWGIRsXoPAWT -  - February 16, 2021, 9:14 pm
txn_1ILH1eJm8ehcCWGIlAT9DLCc -  - February 16, 2021, 9:14 pm
txn_1ILYofJm8ehcCWGIaDlaTh2g -  - February 16, 2021, 9:14 pm
txn_1ILHfmJm8ehcCWGID0QOMI1r -  - February 16, 2021, 9:14 pm
txn_1ILZsoJm8ehcCWGIefQf6CJW -  - February 16, 2021, 9:14 pm
txn_1ILHubJm8ehcCWGIrzgzfiui -  - February 16, 2021, 9:14 pm
txn_1ILZwNJm8ehcCWGINrMyppWX -  - February 16, 2021, 9:14 pm
2021Influencer353 -  - February 16, 2021, 9:14 pm
txn_1ILaFjJm8ehcCWGIEfZb6nJT -  - February 16, 2021, 9:14 pm
txn_1ILHvYJm8ehcCWGIzB9oYWTc -  - February 16, 2021, 9:14 pm
txn_1ILevyJm8ehcCWGI5AvOlV8c - 8994163408982203 - February 16, 2021, 9:14 pm
txn_1ILXBQJm8ehcCWGIj06cemjO - 8994163408981206 - February 16, 2021, 9:14 pm
txn_1ILIIGJm8ehcCWGIgpgR2TU4 - 8994163408980209 - February 16, 2021, 9:14 pm
txn_1ILayqJm8ehcCWGIosX7T7cS - 8994163409084203 - February 16, 2021, 9:14 pm
txn_1ILKB1Jm8ehcCWGIxBAajzvt - 8994163409085200 - February 16, 2021, 9:14 pm
txn_1ILNNZJm8ehcCWGI7l9LPdI0 - 8994163409254200 - February 16, 2021, 9:14 pm
2021Influencer352 - 8994163408978206 - February 16, 2021, 9:14 pm
txn_1ILKGQJm8ehcCWGIYZAGBKEQ - 8994163409074204 - February 16, 2021, 9:14 pm
txn_1ILXRqJm8ehcCWGIDvSLKJF0 - 8994163409075201 - February 16, 2021, 9:14 pm
txn_1ILINNJm8ehcCWGIAV4HPRi2 - 8994163408979203 - February 16, 2021, 9:14 pm
txn_1ILb2FJm8ehcCWGIhn29scJS - 8994163408977209 - February 16, 2021, 9:14 pm
txn_1ILNNcJm8ehcCWGIfhB5Fv5t - 8994163408976202 - February 16, 2021, 9:14 pm
txn_1ILJ0yJm8ehcCWGILoq6C3ST - 8994163408974208 - February 16, 2021, 9:14 pm
2021Influencer351 - 8994163409253203 - February 16, 2021, 9:14 pm
txn_1ILXcAJm8ehcCWGItIOOMCyN - 8994163409073207 - February 16, 2021, 9:14 pm
txn_1ILKKqJm8ehcCWGI03eEDvD0 - 8994163408975205 - February 16, 2021, 9:14 pm
txn_1ILbgFJm8ehcCWGIBsj9r0QX - 8994163409072200 - February 16, 2021, 9:14 pm
txn_1ILOm0Jm8ehcCWGIEx1jUkT8 - 8994163408973201 - February 16, 2021, 9:14 pm
txn_1ILWZYJm8ehcCWGIyBTTWaY1 - 8994163409108206 - February 16, 2021, 9:14 pm
txn_1ILadqJm8ehcCWGIZoeVX5Gz - 8994163409274208 - February 16, 2021, 9:14 pm
txn_1ILJABJm8ehcCWGIdKnWSaij - 8994163409107209 - February 16, 2021, 9:14 pm
txn_1ILX1aJm8ehcCWGIeeFb3ujp - 8994163409273201 - February 16, 2021, 9:14 pm
txn_1ILH6SJm8ehcCWGIsLSrGNwr - 8994163409106202 - February 16, 2021, 9:14 pm
txn_1ILKgmJm8ehcCWGIctqEyW9N - 8994163409105205 - February 16, 2021, 9:14 pm
txn_1ILbwjJm8ehcCWGIBM347xkK - 8994163409104208 - February 16, 2021, 9:14 pm
txn_1ILX4NJm8ehcCWGIrDaan7fw - 8994163409271207 - February 16, 2021, 9:14 pm
txn_1ILHPFJm8ehcCWGIzviiLIO6 - 8994163409270200 - February 16, 2021, 9:14 pm
txn_1ILJAIJm8ehcCWGIDOvcOLRE - 8994163409400201 - February 16, 2021, 9:14 pm
txn_1ILKwxJm8ehcCWGI8mv0vXIj - 8994163409103201 - February 16, 2021, 9:14 pm
txn_1ILceXJm8ehcCWGIm1uryb5w - 8994163408999201 - February 16, 2021, 9:14 pm
txn_1ILXgyJm8ehcCWGIoVCkgXG1 - 8994163409269204 - February 16, 2021, 9:14 pm
txn_1ILHYhJm8ehcCWGIGrJk1xPP - 8994163408998204 - February 16, 2021, 9:14 pm
txn_1ILJByJm8ehcCWGIQdsgtQSk - 8994163408997207 - February 16, 2021, 9:14 pm
txn_1ILL0BJm8ehcCWGIJhCoOOOV - 8994163408996200 - February 16, 2021, 9:14 pm
txn_1ILcnSJm8ehcCWGIuPBf0VEX - 8994163409101207 - February 16, 2021, 9:14 pm
txn_1ILHabJm8ehcCWGI2VHdRLZD - 8994163409268207 - February 16, 2021, 9:14 pm
txn_1ILXuKJm8ehcCWGIvIroMwRm - 8994163409266203 - February 16, 2021, 9:14 pm
txn_1ILJKFJm8ehcCWGIpGAebsPA - 8994163409267200 - February 16, 2021, 9:14 pm
txn_1ILdN2Jm8ehcCWGI3AZpnBNA - 8994163408995203 - February 16, 2021, 9:14 pm
txn_1ILLRYJm8ehcCWGIiNDE2tOZ - 8994163409100200 - February 16, 2021, 9:14 pm
txn_1ILemhJm8ehcCWGIEb61lUug - 8994163409121205 - February 16, 2021, 9:14 pm
txn_1ILLelJm8ehcCWGIkw2mSfQo - 8994163409410200 - February 16, 2021, 9:14 pm
txn_1ILaarJm8ehcCWGIzZUSdvu9 - 8994163409125203 - February 16, 2021, 9:14 pm
txn_1ILI5tJm8ehcCWGIfWVAbLOz - 8994163409289202 - February 16, 2021, 9:14 pm
txn_1ILdxAJm8ehcCWGIkidDhYD1 - 8994163409124206 - February 16, 2021, 9:14 pm
txn_1ILTm7Jm8ehcCWGIDZcCdHTy - 8994163409409204 - February 16, 2021, 9:14 pm
txn_1ILIEfJm8ehcCWGIAy5ZQeiv - 8994163409408207 - February 16, 2021, 9:14 pm
txn_1ILTrqJm8ehcCWGIzMZX29HB - 8994163409407200 - February 16, 2021, 9:14 pm
txn_1ILe1KJm8ehcCWGI4dL8Glgc - 8994163409406203 - February 16, 2021, 9:14 pm
txn_1ILIEvJm8ehcCWGItoy3V32L - 8994163409287208 - February 16, 2021, 9:14 pm
txn_1ILVamJm8ehcCWGIETRj8Yhr - 8994163409123209 - February 16, 2021, 9:14 pm
txn_1ILeRuJm8ehcCWGItRiFoO0J - 8994163409122202 - February 16, 2021, 9:14 pm
txn_1ILJ8cJm8ehcCWGIBr2HOBXR - 8994163409286201 - February 16, 2021, 9:14 pm
txn_1ILVdzJm8ehcCWGI1Av3J0PO - 8994163409283200 - February 16, 2021, 9:14 pm
txn_1ILei3Jm8ehcCWGI7pnTED5l - 8994163409284207 - February 16, 2021, 9:14 pm
txn_1ILJMsJm8ehcCWGIbiXT8QxV - 8994163409281206 - February 16, 2021, 9:14 pm
txn_1ILfNYJm8ehcCWGIaB9WsSdF - 8994163409404209 - February 16, 2021, 9:14 pm
txn_1ILVkpJm8ehcCWGIuZcYi35T - 8994163409280209 - February 16, 2021, 9:14 pm
txn_1ILJVuJm8ehcCWGI0cDomu6T - 8994163409279203 - February 16, 2021, 9:14 pm
txn_1ILevyJm8ehcCWGI5AvOlV8c - 8994163408982203 - February 16, 2021, 9:14 pm
txn_1ILXBQJm8ehcCWGIj06cemjO - 8994163408981206 - February 16, 2021, 9:14 pm
txn_1ILIIGJm8ehcCWGIgpgR2TU4 - 8994163408980209 - February 16, 2021, 9:14 pm
txn_1ILayqJm8ehcCWGIosX7T7cS - 8994163409084203 - February 16, 2021, 9:14 pm
txn_1ILKB1Jm8ehcCWGIxBAajzvt - 8994163409085200 - February 16, 2021, 9:14 pm
txn_1ILNNZJm8ehcCWGI7l9LPdI0 - 8994163409254200 - February 16, 2021, 9:14 pm
2021Influencer352 - 8994163408978206 - February 16, 2021, 9:14 pm
txn_1ILKGQJm8ehcCWGIYZAGBKEQ - 8994163409074204 - February 16, 2021, 9:14 pm
txn_1ILXRqJm8ehcCWGIDvSLKJF0 - 8994163409075201 - February 16, 2021, 9:14 pm
txn_1ILINNJm8ehcCWGIAV4HPRi2 - 8994163408979203 - February 16, 2021, 9:14 pm
txn_1ILb2FJm8ehcCWGIhn29scJS - 8994163408977209 - February 16, 2021, 9:14 pm
txn_1ILNNcJm8ehcCWGIfhB5Fv5t - 8994163408976202 - February 16, 2021, 9:14 pm
txn_1ILJ0yJm8ehcCWGILoq6C3ST - 8994163408974208 - February 16, 2021, 9:14 pm
2021Influencer351 - 8994163409253203 - February 16, 2021, 9:14 pm
txn_1ILXcAJm8ehcCWGItIOOMCyN - 8994163409073207 - February 16, 2021, 9:14 pm
txn_1ILKKqJm8ehcCWGI03eEDvD0 - 8994163408975205 - February 16, 2021, 9:14 pm
txn_1ILbgFJm8ehcCWGIBsj9r0QX - 8994163409072200 - February 16, 2021, 9:14 pm
txn_1ILOm0Jm8ehcCWGIEx1jUkT8 - 8994163408973201 - February 16, 2021, 9:14 pm
txn_1ILWZYJm8ehcCWGIyBTTWaY1 - 8994163409108206 - February 16, 2021, 9:14 pm
txn_1ILadqJm8ehcCWGIZoeVX5Gz - 8994163409274208 - February 16, 2021, 9:14 pm
txn_1ILJABJm8ehcCWGIdKnWSaij - 8994163409107209 - February 16, 2021, 9:14 pm
txn_1ILX1aJm8ehcCWGIeeFb3ujp - 8994163409273201 - February 16, 2021, 9:14 pm
txn_1ILH6SJm8ehcCWGIsLSrGNwr - 8994163409106202 - February 16, 2021, 9:14 pm
txn_1ILKgmJm8ehcCWGIctqEyW9N - 8994163409105205 - February 16, 2021, 9:14 pm
txn_1ILbwjJm8ehcCWGIBM347xkK - 8994163409104208 - February 16, 2021, 9:14 pm
txn_1ILX4NJm8ehcCWGIrDaan7fw - 8994163409271207 - February 16, 2021, 9:14 pm
txn_1ILHPFJm8ehcCWGIzviiLIO6 - 8994163409270200 - February 16, 2021, 9:14 pm
txn_1ILJAIJm8ehcCWGIDOvcOLRE - 8994163409400201 - February 16, 2021, 9:14 pm
txn_1ILKwxJm8ehcCWGI8mv0vXIj - 8994163409103201 - February 16, 2021, 9:14 pm
txn_1ILceXJm8ehcCWGIm1uryb5w - 8994163408999201 - February 16, 2021, 9:14 pm
txn_1ILXgyJm8ehcCWGIoVCkgXG1 - 8994163409269204 - February 16, 2021, 9:14 pm
txn_1ILHYhJm8ehcCWGIGrJk1xPP - 8994163408998204 - February 16, 2021, 9:14 pm
txn_1ILJByJm8ehcCWGIQdsgtQSk - 8994163408997207 - February 16, 2021, 9:14 pm
txn_1ILL0BJm8ehcCWGIJhCoOOOV - 8994163408996200 - February 16, 2021, 9:14 pm
txn_1ILcnSJm8ehcCWGIuPBf0VEX - 8994163409101207 - February 16, 2021, 9:14 pm
txn_1ILHabJm8ehcCWGI2VHdRLZD - 8994163409268207 - February 16, 2021, 9:14 pm
txn_1ILXuKJm8ehcCWGIvIroMwRm - 8994163409266203 - February 16, 2021, 9:14 pm
txn_1ILJKFJm8ehcCWGIpGAebsPA - 8994163409267200 - February 16, 2021, 9:14 pm
txn_1ILdN2Jm8ehcCWGI3AZpnBNA - 8994163408995203 - February 16, 2021, 9:14 pm
txn_1ILLRYJm8ehcCWGIiNDE2tOZ - 8994163409100200 - February 16, 2021, 9:14 pm
txn_1ILemhJm8ehcCWGIEb61lUug - 8994163409121205 - February 16, 2021, 9:14 pm
txn_1ILLelJm8ehcCWGIkw2mSfQo - 8994163409410200 - February 16, 2021, 9:14 pm
txn_1ILaarJm8ehcCWGIzZUSdvu9 - 8994163409125203 - February 16, 2021, 9:14 pm
txn_1ILI5tJm8ehcCWGIfWVAbLOz - 8994163409289202 - February 16, 2021, 9:14 pm
txn_1ILdxAJm8ehcCWGIkidDhYD1 - 8994163409124206 - February 16, 2021, 9:14 pm
txn_1ILTm7Jm8ehcCWGIDZcCdHTy - 8994163409409204 - February 16, 2021, 9:14 pm
txn_1ILIEfJm8ehcCWGIAy5ZQeiv - 8994163409408207 - February 16, 2021, 9:14 pm
txn_1ILTrqJm8ehcCWGIzMZX29HB - 8994163409407200 - February 16, 2021, 9:14 pm
txn_1ILe1KJm8ehcCWGI4dL8Glgc - 8994163409406203 - February 16, 2021, 9:14 pm
txn_1ILIEvJm8ehcCWGItoy3V32L - 8994163409287208 - February 16, 2021, 9:14 pm
txn_1ILVamJm8ehcCWGIETRj8Yhr - 8994163409123209 - February 16, 2021, 9:14 pm
txn_1ILeRuJm8ehcCWGItRiFoO0J - 8994163409122202 - February 16, 2021, 9:14 pm
txn_1ILJ8cJm8ehcCWGIBr2HOBXR - 8994163409286201 - February 16, 2021, 9:14 pm
txn_1ILVdzJm8ehcCWGI1Av3J0PO - 8994163409283200 - February 16, 2021, 9:14 pm
txn_1ILei3Jm8ehcCWGI7pnTED5l - 8994163409284207 - February 16, 2021, 9:14 pm
txn_1ILJMsJm8ehcCWGIbiXT8QxV - 8994163409281206 - February 16, 2021, 9:14 pm
txn_1ILfNYJm8ehcCWGIaB9WsSdF - 8994163409404209 - February 16, 2021, 9:14 pm
txn_1ILVkpJm8ehcCWGIuZcYi35T - 8994163409280209 - February 16, 2021, 9:14 pm
txn_1ILJVuJm8ehcCWGI0cDomu6T - 8994163409279203 - February 16, 2021, 9:14 pm
txn_1ILevyJm8ehcCWGI5AvOlV8c - 8994163408982203 - February 16, 2021, 9:15 pm
txn_1ILXBQJm8ehcCWGIj06cemjO - 8994163408981206 - February 16, 2021, 9:15 pm
txn_1ILIIGJm8ehcCWGIgpgR2TU4 - 8994163408980209 - February 16, 2021, 9:15 pm
txn_1ILayqJm8ehcCWGIosX7T7cS - 8994163409084203 - February 16, 2021, 9:15 pm
txn_1ILKB1Jm8ehcCWGIxBAajzvt - 8994163409085200 - February 16, 2021, 9:15 pm
txn_1ILNNZJm8ehcCWGI7l9LPdI0 - 8994163409254200 - February 16, 2021, 9:15 pm
2021Influencer352 - 8994163408978206 - February 16, 2021, 9:15 pm
txn_1ILKGQJm8ehcCWGIYZAGBKEQ - 8994163409074204 - February 16, 2021, 9:15 pm
txn_1ILXRqJm8ehcCWGIDvSLKJF0 - 8994163409075201 - February 16, 2021, 9:15 pm
txn_1ILINNJm8ehcCWGIAV4HPRi2 - 8994163408979203 - February 16, 2021, 9:15 pm
txn_1ILb2FJm8ehcCWGIhn29scJS - 8994163408977209 - February 16, 2021, 9:15 pm
txn_1ILNNcJm8ehcCWGIfhB5Fv5t - 8994163408976202 - February 16, 2021, 9:15 pm
txn_1ILJ0yJm8ehcCWGILoq6C3ST - 8994163408974208 - February 16, 2021, 9:15 pm
2021Influencer351 - 8994163409253203 - February 16, 2021, 9:15 pm
txn_1ILXcAJm8ehcCWGItIOOMCyN - 8994163409073207 - February 16, 2021, 9:15 pm
txn_1ILKKqJm8ehcCWGI03eEDvD0 - 8994163408975205 - February 16, 2021, 9:15 pm
txn_1ILbgFJm8ehcCWGIBsj9r0QX - 8994163409072200 - February 16, 2021, 9:15 pm
txn_1ILOm0Jm8ehcCWGIEx1jUkT8 - 8994163408973201 - February 16, 2021, 9:15 pm
txn_1ILWZYJm8ehcCWGIyBTTWaY1 - 8994163409108206 - February 16, 2021, 9:15 pm
txn_1ILadqJm8ehcCWGIZoeVX5Gz - 8994163409274208 - February 16, 2021, 9:15 pm
txn_1ILJABJm8ehcCWGIdKnWSaij - 8994163409107209 - February 16, 2021, 9:15 pm
txn_1ILX1aJm8ehcCWGIeeFb3ujp - 8994163409273201 - February 16, 2021, 9:15 pm
txn_1ILH6SJm8ehcCWGIsLSrGNwr - 8994163409106202 - February 16, 2021, 9:15 pm
txn_1ILKgmJm8ehcCWGIctqEyW9N - 8994163409105205 - February 16, 2021, 9:15 pm
txn_1ILbwjJm8ehcCWGIBM347xkK - 8994163409104208 - February 16, 2021, 9:15 pm
txn_1ILX4NJm8ehcCWGIrDaan7fw - 8994163409271207 - February 16, 2021, 9:15 pm
txn_1ILHPFJm8ehcCWGIzviiLIO6 - 8994163409270200 - February 16, 2021, 9:15 pm
txn_1ILJAIJm8ehcCWGIDOvcOLRE - 8994163409400201 - February 16, 2021, 9:15 pm
txn_1ILKwxJm8ehcCWGI8mv0vXIj - 8994163409103201 - February 16, 2021, 9:15 pm
txn_1ILceXJm8ehcCWGIm1uryb5w - 8994163408999201 - February 16, 2021, 9:15 pm
txn_1ILXgyJm8ehcCWGIoVCkgXG1 - 8994163409269204 - February 16, 2021, 9:15 pm
txn_1ILHYhJm8ehcCWGIGrJk1xPP - 8994163408998204 - February 16, 2021, 9:15 pm
txn_1ILJByJm8ehcCWGIQdsgtQSk - 8994163408997207 - February 16, 2021, 9:15 pm
txn_1ILL0BJm8ehcCWGIJhCoOOOV - 8994163408996200 - February 16, 2021, 9:15 pm
txn_1ILcnSJm8ehcCWGIuPBf0VEX - 8994163409101207 - February 16, 2021, 9:15 pm
txn_1ILHabJm8ehcCWGI2VHdRLZD - 8994163409268207 - February 16, 2021, 9:15 pm
txn_1ILXuKJm8ehcCWGIvIroMwRm - 8994163409266203 - February 16, 2021, 9:15 pm
txn_1ILJKFJm8ehcCWGIpGAebsPA - 8994163409267200 - February 16, 2021, 9:15 pm
txn_1ILdN2Jm8ehcCWGI3AZpnBNA - 8994163408995203 - February 16, 2021, 9:15 pm
txn_1ILLRYJm8ehcCWGIiNDE2tOZ - 8994163409100200 - February 16, 2021, 9:15 pm
txn_1ILemhJm8ehcCWGIEb61lUug - 8994163409121205 - February 16, 2021, 9:15 pm
txn_1ILLelJm8ehcCWGIkw2mSfQo - 8994163409410200 - February 16, 2021, 9:15 pm
txn_1ILaarJm8ehcCWGIzZUSdvu9 - 8994163409125203 - February 16, 2021, 9:15 pm
txn_1ILI5tJm8ehcCWGIfWVAbLOz - 8994163409289202 - February 16, 2021, 9:15 pm
txn_1ILdxAJm8ehcCWGIkidDhYD1 - 8994163409124206 - February 16, 2021, 9:15 pm
txn_1ILTm7Jm8ehcCWGIDZcCdHTy - 8994163409409204 - February 16, 2021, 9:15 pm
txn_1ILIEfJm8ehcCWGIAy5ZQeiv - 8994163409408207 - February 16, 2021, 9:15 pm
txn_1ILTrqJm8ehcCWGIzMZX29HB - 8994163409407200 - February 16, 2021, 9:15 pm
txn_1ILe1KJm8ehcCWGI4dL8Glgc - 8994163409406203 - February 16, 2021, 9:15 pm
txn_1ILIEvJm8ehcCWGItoy3V32L - 8994163409287208 - February 16, 2021, 9:15 pm
txn_1ILVamJm8ehcCWGIETRj8Yhr - 8994163409123209 - February 16, 2021, 9:15 pm
txn_1ILeRuJm8ehcCWGItRiFoO0J - 8994163409122202 - February 16, 2021, 9:15 pm
txn_1ILJ8cJm8ehcCWGIBr2HOBXR - 8994163409286201 - February 16, 2021, 9:15 pm
txn_1ILVdzJm8ehcCWGI1Av3J0PO - 8994163409283200 - February 16, 2021, 9:15 pm
txn_1ILei3Jm8ehcCWGI7pnTED5l - 8994163409284207 - February 16, 2021, 9:15 pm
txn_1ILJMsJm8ehcCWGIbiXT8QxV - 8994163409281206 - February 16, 2021, 9:15 pm
txn_1ILfNYJm8ehcCWGIaB9WsSdF - 8994163409404209 - February 16, 2021, 9:15 pm
txn_1ILVkpJm8ehcCWGIuZcYi35T - 8994163409280209 - February 16, 2021, 9:15 pm
txn_1ILJVuJm8ehcCWGI0cDomu6T - 8994163409279203 - February 16, 2021, 9:15 pm
txn_1ILJpKJm8ehcCWGI9wKi2z4y - 8994163409138203 - February 16, 2021, 9:15 pm
txn_1ILJsCJm8ehcCWGIu2V6IO5R - 8994163409302208 - February 16, 2021, 9:15 pm
txn_1ILKRAJm8ehcCWGIJ0u2brTb - 8994163409301201 - February 16, 2021, 9:15 pm
txn_1ILKUAJm8ehcCWGILxNmdlt0 - 8994163409300204 - February 16, 2021, 9:15 pm
txn_1ILKW3Jm8ehcCWGITFqgMl5v - 8994163409299201 - February 16, 2021, 9:15 pm
txn_1ILLeQJm8ehcCWGIlyUlBLGn - 8994163409298204 - February 16, 2021, 9:15 pm
txn_1ILWYZJm8ehcCWGIRsXoPAWT - 8994163409135202 - February 16, 2021, 9:15 pm
2021Influencer354 - 8994163409134205 - February 16, 2021, 9:15 pm
txn_1ILYofJm8ehcCWGIaDlaTh2g - 8994163409133208 - February 16, 2021, 9:15 pm
txn_1ILH1eJm8ehcCWGIlAT9DLCc - 8994163409419203 - February 16, 2021, 9:15 pm
txn_1ILZsoJm8ehcCWGIefQf6CJW - 8994163409418206 - February 16, 2021, 9:15 pm
txn_1ILHfmJm8ehcCWGID0QOMI1r - 8994163409296200 - February 16, 2021, 9:15 pm
txn_1ILZwNJm8ehcCWGINrMyppWX - 8994163409417209 - February 16, 2021, 9:15 pm
txn_1ILHubJm8ehcCWGIrzgzfiui - 8994163409295203 - February 16, 2021, 9:15 pm
txn_1ILaFjJm8ehcCWGIEfZb6nJT - 8994163409131204 - February 16, 2021, 9:15 pm
2021Influencer353 - 8994163409416202 - February 16, 2021, 9:15 pm
txn_1ILaK5Jm8ehcCWGIgQvawrQC - 8994163409130207 - February 16, 2021, 9:15 pm
txn_1ILHvYJm8ehcCWGIzB9oYWTc - 8994163409294206 - February 16, 2021, 9:15 pm
