txn_1IC8sAJm8ehcCWGI3GPcWCM7 - 8994163706184132 - January 22, 2021, 1:50 pm
txn_1IC9RkJm8ehcCWGIjn5P5O7l - 8994163705771135 - January 22, 2021, 1:50 pm
txn_1ICADfJm8ehcCWGIm9BuxC0Y - 8994163705749134 - January 22, 2021, 1:50 pm
txn_1ICAELJm8ehcCWGIE3jN9c5x - 8994163705736134 - January 22, 2021, 1:50 pm
txn_1ICApFJm8ehcCWGItxZjsJQX - 8994163705956136 - January 22, 2021, 1:50 pm
txn_1ICFooJm8ehcCWGIE9MvWHep - 8994163705724131 - January 22, 2021, 1:50 pm
2021Influencer186 - 8994163706119134 - January 22, 2021, 1:50 pm
2021Influencer180 - 8994163705946137 - January 22, 2021, 1:50 pm
2021Influencer174 - 8994163706110131 - January 22, 2021, 1:50 pm
txn_1ICSmAJm8ehcCWGIXQw7spnm - 8994163706108138 - January 22, 2021, 1:50 pm
2021Influencer185 - 8994163705937135 - January 22, 2021, 1:50 pm
txn_1ICLTvJm8ehcCWGIBwuGPaP9 - 8994163705938132 - January 22, 2021, 1:50 pm
txn_1ICB0qJm8ehcCWGIryGd5kYV - 8994163705936138 - January 22, 2021, 1:50 pm
2021Influencer179 - 8994163705927136 - January 22, 2021, 1:50 pm
2021Influencer173 - 8994163706092130 - January 22, 2021, 1:50 pm
txn_1ICSnVJm8ehcCWGIvlXro8iP - 8994163705705130 - January 22, 2021, 1:50 pm
2021Influencer184 - 8994163705919131 - January 22, 2021, 1:50 pm
txn_1ICQInJm8ehcCWGI8aQ9RK2r - 8994163706089130 - January 22, 2021, 1:50 pm
txn_1ICBaRJm8ehcCWGIFfOxd6BR - 8994163705700135 - January 22, 2021, 1:50 pm
2021Influencer172 - 8994163705913139 - January 22, 2021, 1:50 pm
2021Influencer178 - 8994163706085132 - January 22, 2021, 1:50 pm
txn_1ICSvKJm8ehcCWGIV49VdJDZ - 8994163705694137 - January 22, 2021, 1:50 pm
txn_1ICRsgJm8ehcCWGI8Ep8H6qc - 8994163705689133 - January 22, 2021, 1:50 pm
2021Influencer183 - 8994163705686132 - January 22, 2021, 1:50 pm
txn_1ICBw2Jm8ehcCWGIbN7ZSwqt - 8994163705687139 - January 22, 2021, 1:50 pm
2021Influencer171 - 8994163706081134 - January 22, 2021, 1:50 pm
2021Influencer177 - 8994163706080137 - January 22, 2021, 1:50 pm
txn_1ICU87Jm8ehcCWGINDGVsNHG - 8994163705889137 - January 22, 2021, 1:50 pm
txn_1ICSFQJm8ehcCWGIQ3cWivlg - 8994163705885139 - January 22, 2021, 1:50 pm
txn_1ICClnJm8ehcCWGIkTtUlPaE - 8994163705884132 - January 22, 2021, 1:50 pm
2021Influencer182 - 8994163705882138 - January 22, 2021, 1:50 pm
2021Influencer170 - 8994163705883135 - January 22, 2021, 1:50 pm
2021Influencer176 - 8994163705879138 - January 22, 2021, 1:50 pm
2021Influencer188 - 8994163706064137 - January 22, 2021, 1:50 pm
txn_1ICSm2Jm8ehcCWGIBC26Cefd - 8994163705670131 - January 22, 2021, 1:50 pm
2021Influencer169 - 8994163705863137 - January 22, 2021, 1:50 pm
txn_1ICEOfJm8ehcCWGIZGuwRD6M - 8994163706051137 - January 22, 2021, 1:50 pm
2021Influencer181 - 8994163705862130 - January 22, 2021, 1:50 pm
2021Influencer187 - 8994163705864134 - January 22, 2021, 1:50 pm
2021Influencer175 - 8994163705861133 - January 22, 2021, 1:50 pm
txn_1IC8y2Jm8ehcCWGIkGsHPX6s - 8994163717184138 - January 22, 2021, 2:08 pm
