2021Influencer588 - 8994163458139220 - April 8, 2021, 11:34 am
txn_1Idl0MJm8ehcCWGIqJp06Ya5 - 8994163458138223 - April 8, 2021, 11:34 am
txn_1IdjgOJm8ehcCWGIe4vRZQ9s - 8994163458457225 - April 8, 2021, 11:34 am
txn_1Idj16Jm8ehcCWGIOjbr89qE - 8994163458136229 - April 8, 2021, 11:34 am
txn_1IdfgcJm8ehcCWGIwmPYZx7f - 8994163458134225 - April 8, 2021, 11:34 am
txn_1IdVJFJm8ehcCWGIqXWku4bs - 8994163458451223 - April 8, 2021, 11:34 am
txn_1IdhoUJm8ehcCWGIeZrBbyOZ - 8994163458452220 - April 8, 2021, 11:34 am
txn_1IdgZzJm8ehcCWGILClDtATa - 8994163458280229 - April 8, 2021, 11:34 am
txn_1IdRaGJm8ehcCWGIoe6THGZL - 8994163458450226 - April 8, 2021, 11:34 am
txn_1IEh73Jm8ehcCWGI5axF94yu_X - 8994163458132221 - April 8, 2021, 11:34 am
txn_1Idez6Jm8ehcCWGIiZus9Uva - 8994163458128224 - April 8, 2021, 11:34 am
txn_1IdhXpJm8ehcCWGIPA6Mjgvk - 8994163458129221 - April 8, 2021, 11:34 am
txn_1IdTQPJm8ehcCWGIyuVLu2Ae - 8994163458449220 - April 8, 2021, 11:34 am
txn_1IdR2vJm8ehcCWGI0F4Xsd4i - 8994163458127227 - April 8, 2021, 11:34 am
txn_1Idfs9Jm8ehcCWGI5Qhl93V5 - 8994163458276222 - April 8, 2021, 11:34 am
txn_1IdcwpJm8ehcCWGIvyYfIgPQ - 8994163458275225 - April 8, 2021, 11:34 am
txn_1IdgwjJm8ehcCWGIYjfocxt8 - 8994163458444225 - April 8, 2021, 11:34 am
txn_1IdelLJm8ehcCWGIWbAZUtK1 - 8994163458266223 - April 8, 2021, 11:34 am
txn_1Idfq0Jm8ehcCWGIjYYERyIx - 8994163458264229 - April 8, 2021, 11:34 am
txn_1IdS60Jm8ehcCWGIPQCIjUB8 - 8994163458123229 - April 8, 2021, 11:34 am
txn_1IdbdbJm8ehcCWGIupWu9OJ9 - 8994163458265226 - April 8, 2021, 11:34 am
txn_1IdQRGJm8ehcCWGIPzj9L2hX - 8994163458443228 - April 8, 2021, 11:34 am
