txn_1IbuqyJm8ehcCWGIfcgPKtvf - 8994163279676225 - April 5, 2021, 1:04 pm
txn_1Ibc9uJm8ehcCWGIKXtH1iuq - 8994163279508229 - April 5, 2021, 1:04 pm
BP3105030421113716 - 8994163279673224 - April 5, 2021, 1:04 pm
txn_1IbuSIJm8ehcCWGIeaHk2F4g - 8994163279507222 - April 5, 2021, 1:04 pm
txn_1Ibc50Jm8ehcCWGIfax3ylXh - 8994163279817222 - April 5, 2021, 1:04 pm
txn_1IcBVMJm8ehcCWGI5ohgw0sN - 8994163279504221 - April 5, 2021, 1:04 pm
txn_1IbpwxJm8ehcCWGIlAjyknTr - 8994163279668220 - April 5, 2021, 1:04 pm
txn_1IbbjwJm8ehcCWGIruSl9pvq - 8994163279814221 - April 5, 2021, 1:04 pm
txn_1IbzuLJm8ehcCWGIjPTZVEOl - 8994163279663225 - April 5, 2021, 1:04 pm
txn_1Ibp5MJm8ehcCWGIDpEzdppU - 8994163279499220 - April 5, 2021, 1:04 pm
txn_1IbbgAJm8ehcCWGILcz0auy6 - 8994163279661221 - April 5, 2021, 1:04 pm
txn_1IcCTUJm8ehcCWGIETKRNtuv - 8994163279662228 - April 5, 2021, 1:04 pm
txn_1IbzSoJm8ehcCWGIuwXmDuHU - 8994163279660224 - April 5, 2021, 1:04 pm
txn_1IboFtJm8ehcCWGI7MsMh9qP - 8994163279810223 - April 5, 2021, 1:04 pm
txn_1IceDtJm8ehcCWGI0DzHWsOp - 8994163279529224 - April 5, 2021, 1:04 pm
txn_1IccN3Jm8ehcCWGInURtWFU1 - 8994163279692225 - April 5, 2021, 1:04 pm
txn_1IcPEtJm8ehcCWGIXn1VtUtB - 8994163279526223 - April 5, 2021, 1:04 pm
txn_1IcHkPJm8ehcCWGITK0K7JnS - 8994163279828228 - April 5, 2021, 1:04 pm
txn_1IcbBDJm8ehcCWGISzZMKnYX - 8994163279680222 - April 5, 2021, 1:04 pm
txn_1IcLK4Jm8ehcCWGIw1HgXBlm - 8994163279821229 - April 5, 2021, 1:04 pm
txn_1IcaskJm8ehcCWGIZX43HNir - 8994163279511229 - April 5, 2021, 1:04 pm
txn_1IcKKyJm8ehcCWGIAuhoXVth - 8994163279819226 - April 5, 2021, 1:04 pm
txn_1IcEN9Jm8ehcCWGIaKEWOfs2 - 8994163279818229 - April 5, 2021, 1:04 pm
txn_1IcZyAJm8ehcCWGIfLEyNxoN - 8994163279506225 - April 5, 2021, 1:04 pm
txn_1IcJeMJm8ehcCWGIK6hHVvX9 - 8994163279816225 - April 5, 2021, 1:04 pm
txn_1IcDw8Jm8ehcCWGI0v72YhDJ - 8994163279505228 - April 5, 2021, 1:04 pm
txn_1IcYByJm8ehcCWGIm6Qu2aSC - 8994163279502227 - April 5, 2021, 1:04 pm
txn_1IcIvIJm8ehcCWGInizurDtK - 8994163279500223 - April 5, 2021, 1:04 pm
txn_1IcCwmJm8ehcCWGIKxzOSbJE - 8994163279813224 - April 5, 2021, 1:04 pm
txn_1IcXyVJm8ehcCWGICauTF3X3 - 8994163279809227 - April 5, 2021, 1:04 pm
txn_1IcI28Jm8ehcCWGILwNMAIxv - 8994163279496229 - April 5, 2021, 1:04 pm
txn_1IbuqyJm8ehcCWGIfcgPKtvf - 8994163279676225 - April 5, 2021, 1:04 pm
txn_1Ibc9uJm8ehcCWGIKXtH1iuq - 8994163279508229 - April 5, 2021, 1:04 pm
BP3105030421113716 - 8994163279673224 - April 5, 2021, 1:04 pm
txn_1IbuSIJm8ehcCWGIeaHk2F4g - 8994163279507222 - April 5, 2021, 1:04 pm
txn_1Ibc50Jm8ehcCWGIfax3ylXh - 8994163279817222 - April 5, 2021, 1:04 pm
txn_1IcBVMJm8ehcCWGI5ohgw0sN - 8994163279504221 - April 5, 2021, 1:04 pm
txn_1IbpwxJm8ehcCWGIlAjyknTr - 8994163279668220 - April 5, 2021, 1:04 pm
txn_1IbbjwJm8ehcCWGIruSl9pvq - 8994163279814221 - April 5, 2021, 1:04 pm
txn_1IbzuLJm8ehcCWGIjPTZVEOl - 8994163279663225 - April 5, 2021, 1:04 pm
txn_1Ibp5MJm8ehcCWGIDpEzdppU - 8994163279499220 - April 5, 2021, 1:04 pm
txn_1IbbgAJm8ehcCWGILcz0auy6 - 8994163279661221 - April 5, 2021, 1:04 pm
txn_1IcCTUJm8ehcCWGIETKRNtuv - 8994163279662228 - April 5, 2021, 1:04 pm
txn_1IbzSoJm8ehcCWGIuwXmDuHU - 8994163279660224 - April 5, 2021, 1:04 pm
txn_1IboFtJm8ehcCWGI7MsMh9qP - 8994163279810223 - April 5, 2021, 1:04 pm
txn_1IceDtJm8ehcCWGI0DzHWsOp - 8994163279529224 - April 5, 2021, 1:04 pm
txn_1IccN3Jm8ehcCWGInURtWFU1 - 8994163279692225 - April 5, 2021, 1:04 pm
txn_1IcPEtJm8ehcCWGIXn1VtUtB - 8994163279526223 - April 5, 2021, 1:04 pm
txn_1IcHkPJm8ehcCWGITK0K7JnS - 8994163279828228 - April 5, 2021, 1:04 pm
txn_1IcbBDJm8ehcCWGISzZMKnYX - 8994163279680222 - April 5, 2021, 1:04 pm
txn_1IcLK4Jm8ehcCWGIw1HgXBlm - 8994163279821229 - April 5, 2021, 1:04 pm
txn_1IcaskJm8ehcCWGIZX43HNir - 8994163279511229 - April 5, 2021, 1:04 pm
txn_1IcKKyJm8ehcCWGIAuhoXVth - 8994163279819226 - April 5, 2021, 1:04 pm
txn_1IcEN9Jm8ehcCWGIaKEWOfs2 - 8994163279818229 - April 5, 2021, 1:04 pm
txn_1IcZyAJm8ehcCWGIfLEyNxoN - 8994163279506225 - April 5, 2021, 1:04 pm
txn_1IcJeMJm8ehcCWGIK6hHVvX9 - 8994163279816225 - April 5, 2021, 1:04 pm
txn_1IcDw8Jm8ehcCWGI0v72YhDJ - 8994163279505228 - April 5, 2021, 1:04 pm
txn_1IcYByJm8ehcCWGIm6Qu2aSC - 8994163279502227 - April 5, 2021, 1:04 pm
txn_1IcIvIJm8ehcCWGInizurDtK - 8994163279500223 - April 5, 2021, 1:04 pm
txn_1IcCwmJm8ehcCWGIKxzOSbJE - 8994163279813224 - April 5, 2021, 1:04 pm
txn_1IcXyVJm8ehcCWGICauTF3X3 - 8994163279809227 - April 5, 2021, 1:04 pm
txn_1IcI28Jm8ehcCWGILwNMAIxv - 8994163279496229 - April 5, 2021, 1:04 pm
txn_1IbuqyJm8ehcCWGIfcgPKtvf - 8994163279676225 - April 5, 2021, 1:04 pm
txn_1Ibc9uJm8ehcCWGIKXtH1iuq - 8994163279508229 - April 5, 2021, 1:04 pm
BP3105030421113716 - 8994163279673224 - April 5, 2021, 1:04 pm
txn_1IbuSIJm8ehcCWGIeaHk2F4g - 8994163279507222 - April 5, 2021, 1:04 pm
txn_1Ibc50Jm8ehcCWGIfax3ylXh - 8994163279817222 - April 5, 2021, 1:04 pm
txn_1IcBVMJm8ehcCWGI5ohgw0sN - 8994163279504221 - April 5, 2021, 1:04 pm
txn_1IbpwxJm8ehcCWGIlAjyknTr - 8994163279668220 - April 5, 2021, 1:04 pm
txn_1IbbjwJm8ehcCWGIruSl9pvq - 8994163279814221 - April 5, 2021, 1:04 pm
txn_1IbzuLJm8ehcCWGIjPTZVEOl - 8994163279663225 - April 5, 2021, 1:04 pm
txn_1Ibp5MJm8ehcCWGIDpEzdppU - 8994163279499220 - April 5, 2021, 1:04 pm
txn_1IbbgAJm8ehcCWGILcz0auy6 - 8994163279661221 - April 5, 2021, 1:04 pm
txn_1IcCTUJm8ehcCWGIETKRNtuv - 8994163279662228 - April 5, 2021, 1:04 pm
txn_1IbzSoJm8ehcCWGIuwXmDuHU - 8994163279660224 - April 5, 2021, 1:04 pm
txn_1IboFtJm8ehcCWGI7MsMh9qP - 8994163279810223 - April 5, 2021, 1:04 pm
txn_1IceDtJm8ehcCWGI0DzHWsOp - 8994163279529224 - April 5, 2021, 1:04 pm
txn_1IccN3Jm8ehcCWGInURtWFU1 - 8994163279692225 - April 5, 2021, 1:04 pm
txn_1IcPEtJm8ehcCWGIXn1VtUtB - 8994163279526223 - April 5, 2021, 1:04 pm
txn_1IcHkPJm8ehcCWGITK0K7JnS - 8994163279828228 - April 5, 2021, 1:04 pm
txn_1IcbBDJm8ehcCWGISzZMKnYX - 8994163279680222 - April 5, 2021, 1:04 pm
txn_1IcLK4Jm8ehcCWGIw1HgXBlm - 8994163279821229 - April 5, 2021, 1:04 pm
txn_1IcaskJm8ehcCWGIZX43HNir - 8994163279511229 - April 5, 2021, 1:04 pm
txn_1IcKKyJm8ehcCWGIAuhoXVth - 8994163279819226 - April 5, 2021, 1:04 pm
txn_1IcEN9Jm8ehcCWGIaKEWOfs2 - 8994163279818229 - April 5, 2021, 1:04 pm
txn_1IcZyAJm8ehcCWGIfLEyNxoN - 8994163279506225 - April 5, 2021, 1:04 pm
txn_1IcJeMJm8ehcCWGIK6hHVvX9 - 8994163279816225 - April 5, 2021, 1:04 pm
txn_1IcDw8Jm8ehcCWGI0v72YhDJ - 8994163279505228 - April 5, 2021, 1:04 pm
txn_1IcYByJm8ehcCWGIm6Qu2aSC - 8994163279502227 - April 5, 2021, 1:04 pm
txn_1IcIvIJm8ehcCWGInizurDtK - 8994163279500223 - April 5, 2021, 1:04 pm
txn_1IcCwmJm8ehcCWGIKxzOSbJE - 8994163279813224 - April 5, 2021, 1:04 pm
txn_1IcXyVJm8ehcCWGICauTF3X3 - 8994163279809227 - April 5, 2021, 1:04 pm
txn_1IcI28Jm8ehcCWGILwNMAIxv - 8994163279496229 - April 5, 2021, 1:04 pm
2021Influencer582 -  - April 5, 2021, 1:04 pm
txn_1Icbw0Jm8ehcCWGIbKSj1ufs -  - April 5, 2021, 1:04 pm
txn_1IbcSVJm8ehcCWGIzXWz6r2x -  - April 5, 2021, 1:04 pm
txn_1IbuqyJm8ehcCWGIfcgPKtvf - 8994163279676225 - April 5, 2021, 1:05 pm
txn_1Ibc9uJm8ehcCWGIKXtH1iuq - 8994163279508229 - April 5, 2021, 1:05 pm
BP3105030421113716 - 8994163279673224 - April 5, 2021, 1:05 pm
txn_1IbuSIJm8ehcCWGIeaHk2F4g - 8994163279507222 - April 5, 2021, 1:05 pm
txn_1Ibc50Jm8ehcCWGIfax3ylXh - 8994163279817222 - April 5, 2021, 1:05 pm
txn_1IcBVMJm8ehcCWGI5ohgw0sN - 8994163279504221 - April 5, 2021, 1:05 pm
txn_1IbpwxJm8ehcCWGIlAjyknTr - 8994163279668220 - April 5, 2021, 1:05 pm
txn_1IbbjwJm8ehcCWGIruSl9pvq - 8994163279814221 - April 5, 2021, 1:05 pm
txn_1IbzuLJm8ehcCWGIjPTZVEOl - 8994163279663225 - April 5, 2021, 1:05 pm
txn_1Ibp5MJm8ehcCWGIDpEzdppU - 8994163279499220 - April 5, 2021, 1:05 pm
txn_1IbbgAJm8ehcCWGILcz0auy6 - 8994163279661221 - April 5, 2021, 1:05 pm
txn_1IcCTUJm8ehcCWGIETKRNtuv - 8994163279662228 - April 5, 2021, 1:05 pm
txn_1IbzSoJm8ehcCWGIuwXmDuHU - 8994163279660224 - April 5, 2021, 1:05 pm
txn_1IboFtJm8ehcCWGI7MsMh9qP - 8994163279810223 - April 5, 2021, 1:05 pm
txn_1IceDtJm8ehcCWGI0DzHWsOp - 8994163279529224 - April 5, 2021, 1:05 pm
txn_1IccN3Jm8ehcCWGInURtWFU1 - 8994163279692225 - April 5, 2021, 1:05 pm
txn_1IcPEtJm8ehcCWGIXn1VtUtB - 8994163279526223 - April 5, 2021, 1:05 pm
txn_1IcHkPJm8ehcCWGITK0K7JnS - 8994163279828228 - April 5, 2021, 1:05 pm
txn_1IcbBDJm8ehcCWGISzZMKnYX - 8994163279680222 - April 5, 2021, 1:05 pm
txn_1IcLK4Jm8ehcCWGIw1HgXBlm - 8994163279821229 - April 5, 2021, 1:05 pm
txn_1IcaskJm8ehcCWGIZX43HNir - 8994163279511229 - April 5, 2021, 1:05 pm
txn_1IcKKyJm8ehcCWGIAuhoXVth - 8994163279819226 - April 5, 2021, 1:05 pm
txn_1IcEN9Jm8ehcCWGIaKEWOfs2 - 8994163279818229 - April 5, 2021, 1:05 pm
txn_1IcZyAJm8ehcCWGIfLEyNxoN - 8994163279506225 - April 5, 2021, 1:05 pm
txn_1IcJeMJm8ehcCWGIK6hHVvX9 - 8994163279816225 - April 5, 2021, 1:05 pm
txn_1IcDw8Jm8ehcCWGI0v72YhDJ - 8994163279505228 - April 5, 2021, 1:05 pm
txn_1IcYByJm8ehcCWGIm6Qu2aSC - 8994163279502227 - April 5, 2021, 1:05 pm
txn_1IcIvIJm8ehcCWGInizurDtK - 8994163279500223 - April 5, 2021, 1:05 pm
txn_1IcCwmJm8ehcCWGIKxzOSbJE - 8994163279813224 - April 5, 2021, 1:05 pm
txn_1IcXyVJm8ehcCWGICauTF3X3 - 8994163279809227 - April 5, 2021, 1:05 pm
txn_1IcI28Jm8ehcCWGILwNMAIxv - 8994163279496229 - April 5, 2021, 1:05 pm
txn_1IcUUkJm8ehcCWGIheQYLUum - 8994163279724223 - April 5, 2021, 1:05 pm
txn_1IcM1pJm8ehcCWGIJqoE5ab9 - 8994163279556220 - April 5, 2021, 1:05 pm
2021Influencer581 - 8994163279855224 - April 5, 2021, 1:05 pm
txn_1IcF0mJm8ehcCWGIVn44zI6S - 8994163279720225 - April 5, 2021, 1:05 pm
txn_1IbzCRJm8ehcCWGIFf9nF9mS - 8994163279851226 - April 5, 2021, 1:05 pm
txn_1IcEiNJm8ehcCWGIK1JB8bdz - 8994163279848226 - April 5, 2021, 1:05 pm
txn_1IbxZuJm8ehcCWGIks7jtTsD - 8994163279716228 - April 5, 2021, 1:05 pm
txn_1IcEPHJm8ehcCWGI1vKjyBX9 - 8994163279715221 - April 5, 2021, 1:05 pm
txn_1IbvHtJm8ehcCWGI0qMJQnNe - 8994163279550228 - April 5, 2021, 1:05 pm
txn_1IcgaKJm8ehcCWGIbSuUTvmh - 8994163279713227 - April 5, 2021, 1:05 pm
txn_1IcBz0Jm8ehcCWGIMo1jpfLp - 8994163279711223 - April 5, 2021, 1:05 pm
txn_1IcbzBJm8ehcCWGI0HbzngvI - 8994163279548225 - April 5, 2021, 1:05 pm
txn_1Ibd7ZJm8ehcCWGIbV21ekhU - 8994163279547228 - April 5, 2021, 1:05 pm
txn_1IbcSVJm8ehcCWGIzXWz6r2x - 8994163279568223 - April 5, 2021, 1:05 pm
txn_1IbuqyJm8ehcCWGIfcgPKtvf - 8994163279676225 - April 5, 2021, 1:05 pm
txn_1Ibc9uJm8ehcCWGIKXtH1iuq - 8994163279508229 - April 5, 2021, 1:05 pm
BP3105030421113716 - 8994163279673224 - April 5, 2021, 1:05 pm
txn_1IbuSIJm8ehcCWGIeaHk2F4g - 8994163279507222 - April 5, 2021, 1:05 pm
txn_1Ibc50Jm8ehcCWGIfax3ylXh - 8994163279817222 - April 5, 2021, 1:05 pm
txn_1IcBVMJm8ehcCWGI5ohgw0sN - 8994163279504221 - April 5, 2021, 1:05 pm
txn_1IbpwxJm8ehcCWGIlAjyknTr - 8994163279668220 - April 5, 2021, 1:05 pm
txn_1IbbjwJm8ehcCWGIruSl9pvq - 8994163279814221 - April 5, 2021, 1:05 pm
txn_1IbzuLJm8ehcCWGIjPTZVEOl - 8994163279663225 - April 5, 2021, 1:05 pm
txn_1Ibp5MJm8ehcCWGIDpEzdppU - 8994163279499220 - April 5, 2021, 1:05 pm
txn_1IbbgAJm8ehcCWGILcz0auy6 - 8994163279661221 - April 5, 2021, 1:05 pm
txn_1IcCTUJm8ehcCWGIETKRNtuv - 8994163279662228 - April 5, 2021, 1:05 pm
txn_1IbzSoJm8ehcCWGIuwXmDuHU - 8994163279660224 - April 5, 2021, 1:05 pm
txn_1IboFtJm8ehcCWGI7MsMh9qP - 8994163279810223 - April 5, 2021, 1:05 pm
txn_1IceDtJm8ehcCWGI0DzHWsOp - 8994163279529224 - April 5, 2021, 1:05 pm
txn_1IccN3Jm8ehcCWGInURtWFU1 - 8994163279692225 - April 5, 2021, 1:05 pm
txn_1IcPEtJm8ehcCWGIXn1VtUtB - 8994163279526223 - April 5, 2021, 1:05 pm
txn_1IcHkPJm8ehcCWGITK0K7JnS - 8994163279828228 - April 5, 2021, 1:05 pm
txn_1IcbBDJm8ehcCWGISzZMKnYX - 8994163279680222 - April 5, 2021, 1:05 pm
txn_1IcLK4Jm8ehcCWGIw1HgXBlm - 8994163279821229 - April 5, 2021, 1:05 pm
txn_1IcaskJm8ehcCWGIZX43HNir - 8994163279511229 - April 5, 2021, 1:05 pm
txn_1IcKKyJm8ehcCWGIAuhoXVth - 8994163279819226 - April 5, 2021, 1:05 pm
txn_1IcEN9Jm8ehcCWGIaKEWOfs2 - 8994163279818229 - April 5, 2021, 1:05 pm
txn_1IcZyAJm8ehcCWGIfLEyNxoN - 8994163279506225 - April 5, 2021, 1:05 pm
txn_1IcJeMJm8ehcCWGIK6hHVvX9 - 8994163279816225 - April 5, 2021, 1:05 pm
txn_1IcDw8Jm8ehcCWGI0v72YhDJ - 8994163279505228 - April 5, 2021, 1:05 pm
txn_1IcYByJm8ehcCWGIm6Qu2aSC - 8994163279502227 - April 5, 2021, 1:05 pm
txn_1IcIvIJm8ehcCWGInizurDtK - 8994163279500223 - April 5, 2021, 1:05 pm
txn_1IcCwmJm8ehcCWGIKxzOSbJE - 8994163279813224 - April 5, 2021, 1:05 pm
txn_1IcXyVJm8ehcCWGICauTF3X3 - 8994163279809227 - April 5, 2021, 1:05 pm
txn_1IcI28Jm8ehcCWGILwNMAIxv - 8994163279496229 - April 5, 2021, 1:05 pm
txn_1IcUUkJm8ehcCWGIheQYLUum - 8994163279724223 - April 5, 2021, 1:05 pm
txn_1IcM1pJm8ehcCWGIJqoE5ab9 - 8994163279556220 - April 5, 2021, 1:05 pm
2021Influencer581 - 8994163279855224 - April 5, 2021, 1:05 pm
txn_1IcF0mJm8ehcCWGIVn44zI6S - 8994163279720225 - April 5, 2021, 1:05 pm
txn_1IbzCRJm8ehcCWGIFf9nF9mS - 8994163279851226 - April 5, 2021, 1:05 pm
txn_1IcEiNJm8ehcCWGIK1JB8bdz - 8994163279848226 - April 5, 2021, 1:05 pm
txn_1IbxZuJm8ehcCWGIks7jtTsD - 8994163279716228 - April 5, 2021, 1:05 pm
txn_1IcEPHJm8ehcCWGI1vKjyBX9 - 8994163279715221 - April 5, 2021, 1:05 pm
txn_1IbvHtJm8ehcCWGI0qMJQnNe - 8994163279550228 - April 5, 2021, 1:05 pm
txn_1IcgaKJm8ehcCWGIbSuUTvmh - 8994163279713227 - April 5, 2021, 1:05 pm
txn_1IcBz0Jm8ehcCWGIMo1jpfLp - 8994163279711223 - April 5, 2021, 1:05 pm
txn_1IcbzBJm8ehcCWGI0HbzngvI - 8994163279548225 - April 5, 2021, 1:05 pm
txn_1Ibd7ZJm8ehcCWGIbV21ekhU - 8994163279547228 - April 5, 2021, 1:05 pm
txn_1IcfPOJm8ehcCWGIJPjuKTz0 - 8994163279586227 - April 5, 2021, 1:05 pm
txn_1Icbw0Jm8ehcCWGIbKSj1ufs - 8994163279580225 - April 5, 2021, 1:05 pm
txn_1IcBvrJm8ehcCWGI6rNKJBY4 - 8994163279576228 - April 5, 2021, 1:05 pm
2021Influencer582 - 8994163279876229 - April 5, 2021, 1:05 pm
txn_1IbnZUJm8ehcCWGIeM7WBQR1 - 8994163279873228 - April 5, 2021, 1:05 pm
txn_1IbnPMJm8ehcCWGI7xfSChgP - 8994163279734222 - April 5, 2021, 1:05 pm
txn_1IbcSVJm8ehcCWGIzXWz6r2x - 8994163279568223 - April 5, 2021, 1:05 pm
