txn_1H7voKJm8ehcCWGIIOU3brkN - 8994163973801435 - July 23, 2020, 5:59 pm
txn_1H7BV9Jm8ehcCWGI9w0ZP4Xo - 8994163973846436 - July 23, 2020, 5:59 pm
txn_1H7L8OJm8ehcCWGIrMiLkkP4 - 8994163974041434 - July 23, 2020, 5:59 pm
txn_1H7uLKJm8ehcCWGIy5RKzEjd - 8994163973831432 - July 23, 2020, 5:59 pm
txn_1H7qEJJm8ehcCWGIuXAeyAm1 - 8994163973825431 - July 23, 2020, 5:59 pm
txn_1H7ofCJm8ehcCWGICIa3DmCg - 8994163974030438 - July 23, 2020, 5:59 pm
txn_1H7iOtJm8ehcCWGICIgzUOse - 8994163974029432 - July 23, 2020, 5:59 pm
txn_1H7tGdJm8ehcCWGIcBm1tvSq - 8994163974027438 - July 23, 2020, 5:59 pm
txn_1H7VsHJm8ehcCWGIQLBzN4hq - 8994163974022433 - July 23, 2020, 5:59 pm
txn_1H7uexJm8ehcCWGIyC5Vh3eX - 8994163973818433 - July 23, 2020, 5:59 pm
txn_1H7rAXJm8ehcCWGIn414NJCL - 8994163973686438 - July 23, 2020, 5:59 pm
txn_1H7ph7Jm8ehcCWGIxZg2eqK8 - 8994163974011437 - July 23, 2020, 5:59 pm
txn_1H7iT7Jm8ehcCWGInMdkyqE4 - 8994163974012434 - July 23, 2020, 5:59 pm
txn_1H7tMuJm8ehcCWGIdyDKmkLQ - 8994163973811434 - July 23, 2020, 5:59 pm
txn_1H7aJiJm8ehcCWGIcUGENTRX - 8994163973813438 - July 23, 2020, 5:59 pm
txn_1H7rweJm8ehcCWGI87kS4qQe - 8994163973677436 - July 23, 2020, 5:59 pm
txn_1H7kAWJm8ehcCWGIJJQe7fAp - 8994163973591435 - July 23, 2020, 5:59 pm
txn_1H7pnsJm8ehcCWGIUIV9mISa - 8994163973592432 - July 23, 2020, 5:59 pm
txn_1H7iLeJm8ehcCWGIiBRiDXea - 8994163973802432 - July 23, 2020, 5:59 pm
txn_1H7thHJm8ehcCWGIqXrmQtoQ - 8994163973800438 - July 23, 2020, 5:59 pm
