2021Influencer644 - 8994163202355241 - May 14, 2021, 3:00 pm
txn_1IqjzYJm8ehcCWGIhxtFUoQS - 8994163202353247 - May 14, 2021, 3:00 pm
txn_1IqevnJm8ehcCWGIyoEomZAe - 8994163202354244 - May 14, 2021, 3:00 pm
txn_1IqolzJm8ehcCWGIdar4ijj3 - 8994163202428242 - May 14, 2021, 3:00 pm
txn_1IqmrWJm8ehcCWGIzEHqgiMY - 8994163202351243 - May 14, 2021, 3:00 pm
txn_1IqldxJm8ehcCWGIwJBavdtX - 8994163202427245 - May 14, 2021, 3:00 pm
2021Influencer643 - 8994163202350246 - May 14, 2021, 3:00 pm
txn_1Iqiv2Jm8ehcCWGIpTt9YqQ7 - 8994163202349240 - May 14, 2021, 3:00 pm
txn_1IqcqKJm8ehcCWGINrGDbz3w - 8994163202426248 - May 14, 2021, 3:00 pm
txn_1IqokRJm8ehcCWGIsJsiv3Bc - 8994163202425241 - May 14, 2021, 3:00 pm
txn_1IqkoUJm8ehcCWGIS4bZHePn - 8994163202348243 - May 14, 2021, 3:00 pm
txn_1IqmKpJm8ehcCWGIZaiNkpfT - 8994163202424244 - May 14, 2021, 3:00 pm
2021Influencer642 - 8994163202422240 - May 14, 2021, 3:00 pm
txn_1IqiYQJm8ehcCWGIDOvaxsRy - 8994163202346249 - May 14, 2021, 3:00 pm
txn_1IqVxAJm8ehcCWGIg7TaLgTh - 8994163202420246 - May 14, 2021, 3:00 pm
txn_1IqkjyJm8ehcCWGIgZZfoNmU - 8994163202421243 - May 14, 2021, 3:00 pm
txn_1IqnjdJm8ehcCWGIJE11ZyBx - 8994163202177249 - May 14, 2021, 3:00 pm
txn_1IqmKZJm8ehcCWGI1Vh6YDtf - 8994163202345242 - May 14, 2021, 3:00 pm
2021Influencer641 - 8994163202342241 - May 14, 2021, 3:00 pm
txn_1IqhWnJm8ehcCWGIQNYSB0hj - 8994163202175245 - May 14, 2021, 3:00 pm
txn_1IqkWgJm8ehcCWGIvhUsFvmP - 8994163202418243 - May 14, 2021, 3:00 pm
txn_1IqljQJm8ehcCWGI7U1HvKTQ - 8994163202340247 - May 14, 2021, 3:00 pm
txn_1IqnfGJm8ehcCWGID4PHHKXU - 8994163202339241 - May 14, 2021, 3:00 pm
txn_1IqV8MJm8ehcCWGIeDkux9Jr - 8994163202419240 - May 14, 2021, 3:00 pm
2021Influencer640 - 8994163202334246 - May 14, 2021, 3:00 pm
txn_1IqgzzJm8ehcCWGI0HwHLswj - 8994163202416249 - May 14, 2021, 3:00 pm
txn_1IqkHMJm8ehcCWGI6Iuf5oNJ - 8994163202336240 - May 14, 2021, 3:00 pm
txn_1Iqne9Jm8ehcCWGIuAIzqLBA - 8994163202335243 - May 14, 2021, 3:00 pm
txn_1IqUn6Jm8ehcCWGIUX4WIC4n - 8994163202337247 - May 14, 2021, 3:00 pm
txn_1IqlgLJm8ehcCWGId4RN2LKn - 8994163202415242 - May 14, 2021, 3:00 pm
