txn_1IOcvjJm8ehcCWGI98DYLEKD - 8994163801682205 - February 25, 2021, 8:29 pm
txn_1IOnfqJm8ehcCWGIM84UWdyz - 8994163801681208 - February 25, 2021, 8:29 pm
txn_1IOrjRJm8ehcCWGIKZcK5YW9 - 8994163801680201 - February 25, 2021, 8:29 pm
txn_1IOZwZJm8ehcCWGInRgwJHWJ - 8994163801571202 - February 25, 2021, 8:29 pm
2021Influencer441 - 8994163801679205 - February 25, 2021, 8:29 pm
txn_1IOpm8Jm8ehcCWGIlUisaJge - 8994163801570205 - February 25, 2021, 8:29 pm
txn_1IOdD9Jm8ehcCWGImk8XQKLi - 8994163801569209 - February 25, 2021, 8:29 pm
txn_1IOnv3Jm8ehcCWGIf4zjuM6P - 8994163801320206 - February 25, 2021, 8:29 pm
txn_1IOs1CJm8ehcCWGIlueLq3qX - 8994163801319200 - February 25, 2021, 8:29 pm
txn_1IOaOwJm8ehcCWGI6hCS9XbJ - 8994163801568202 - February 25, 2021, 8:29 pm
2021Influencer440 - 8994163801677201 - February 25, 2021, 8:29 pm
txn_1IOppUJm8ehcCWGITgPHoqrG - 8994163801678208 - February 25, 2021, 8:29 pm
txn_1IOf2DJm8ehcCWGIhtEUmk5b - 8994163801566208 - February 25, 2021, 8:29 pm
txn_1IOnvvJm8ehcCWGIDR8kVGNR - 8994163801567205 - February 25, 2021, 8:29 pm
txn_1IOptEJm8ehcCWGIxFqCXsff - 8994163801565201 - February 25, 2021, 8:29 pm
txn_1IOt1mJm8ehcCWGIHB7l1R1G - 8994163801676204 - February 25, 2021, 8:29 pm
txn_1IOo4QJm8ehcCWGIuFybzvKN - 8994163801675207 - February 25, 2021, 8:29 pm
2021Influencer439 - 8994163801564204 - February 25, 2021, 8:29 pm
txn_1IOidLJm8ehcCWGIILvDbtI1 - 8994163801317206 - February 25, 2021, 8:29 pm
txn_1IOaYUJm8ehcCWGIk9hqjdzo - 8994163801318203 - February 25, 2021, 8:29 pm
txn_1IOcvjJm8ehcCWGI98DYLEKD - 8994163801682205 - February 25, 2021, 8:29 pm
txn_1IOnfqJm8ehcCWGIM84UWdyz - 8994163801681208 - February 25, 2021, 8:29 pm
txn_1IOrjRJm8ehcCWGIKZcK5YW9 - 8994163801680201 - February 25, 2021, 8:29 pm
txn_1IOZwZJm8ehcCWGInRgwJHWJ - 8994163801571202 - February 25, 2021, 8:29 pm
2021Influencer441 - 8994163801679205 - February 25, 2021, 8:29 pm
txn_1IOpm8Jm8ehcCWGIlUisaJge - 8994163801570205 - February 25, 2021, 8:29 pm
txn_1IOdD9Jm8ehcCWGImk8XQKLi - 8994163801569209 - February 25, 2021, 8:29 pm
txn_1IOnv3Jm8ehcCWGIf4zjuM6P - 8994163801320206 - February 25, 2021, 8:29 pm
txn_1IOs1CJm8ehcCWGIlueLq3qX - 8994163801319200 - February 25, 2021, 8:29 pm
txn_1IOaOwJm8ehcCWGI6hCS9XbJ - 8994163801568202 - February 25, 2021, 8:29 pm
2021Influencer440 - 8994163801677201 - February 25, 2021, 8:29 pm
txn_1IOppUJm8ehcCWGITgPHoqrG - 8994163801678208 - February 25, 2021, 8:29 pm
txn_1IOf2DJm8ehcCWGIhtEUmk5b - 8994163801566208 - February 25, 2021, 8:29 pm
txn_1IOnvvJm8ehcCWGIDR8kVGNR - 8994163801567205 - February 25, 2021, 8:29 pm
txn_1IOptEJm8ehcCWGIxFqCXsff - 8994163801565201 - February 25, 2021, 8:29 pm
txn_1IOt1mJm8ehcCWGIHB7l1R1G - 8994163801676204 - February 25, 2021, 8:29 pm
txn_1IOo4QJm8ehcCWGIuFybzvKN - 8994163801675207 - February 25, 2021, 8:29 pm
2021Influencer439 - 8994163801564204 - February 25, 2021, 8:29 pm
txn_1IOidLJm8ehcCWGIILvDbtI1 - 8994163801317206 - February 25, 2021, 8:29 pm
txn_1IOaYUJm8ehcCWGIk9hqjdzo - 8994163801318203 - February 25, 2021, 8:29 pm
txn_1IOcvjJm8ehcCWGI98DYLEKD - 8994163801682205 - February 25, 2021, 8:29 pm
txn_1IOnfqJm8ehcCWGIM84UWdyz - 8994163801681208 - February 25, 2021, 8:29 pm
txn_1IOrjRJm8ehcCWGIKZcK5YW9 - 8994163801680201 - February 25, 2021, 8:29 pm
txn_1IOZwZJm8ehcCWGInRgwJHWJ - 8994163801571202 - February 25, 2021, 8:29 pm
2021Influencer441 - 8994163801679205 - February 25, 2021, 8:29 pm
txn_1IOpm8Jm8ehcCWGIlUisaJge - 8994163801570205 - February 25, 2021, 8:29 pm
txn_1IOdD9Jm8ehcCWGImk8XQKLi - 8994163801569209 - February 25, 2021, 8:29 pm
txn_1IOnv3Jm8ehcCWGIf4zjuM6P - 8994163801320206 - February 25, 2021, 8:29 pm
txn_1IOs1CJm8ehcCWGIlueLq3qX - 8994163801319200 - February 25, 2021, 8:29 pm
txn_1IOaOwJm8ehcCWGI6hCS9XbJ - 8994163801568202 - February 25, 2021, 8:29 pm
2021Influencer440 - 8994163801677201 - February 25, 2021, 8:29 pm
txn_1IOppUJm8ehcCWGITgPHoqrG - 8994163801678208 - February 25, 2021, 8:29 pm
txn_1IOf2DJm8ehcCWGIhtEUmk5b - 8994163801566208 - February 25, 2021, 8:29 pm
txn_1IOnvvJm8ehcCWGIDR8kVGNR - 8994163801567205 - February 25, 2021, 8:29 pm
txn_1IOptEJm8ehcCWGIxFqCXsff - 8994163801565201 - February 25, 2021, 8:29 pm
txn_1IOt1mJm8ehcCWGIHB7l1R1G - 8994163801676204 - February 25, 2021, 8:29 pm
txn_1IOo4QJm8ehcCWGIuFybzvKN - 8994163801675207 - February 25, 2021, 8:29 pm
2021Influencer439 - 8994163801564204 - February 25, 2021, 8:29 pm
txn_1IOidLJm8ehcCWGIILvDbtI1 - 8994163801317206 - February 25, 2021, 8:29 pm
txn_1IOaYUJm8ehcCWGIk9hqjdzo - 8994163801318203 - February 25, 2021, 8:29 pm
txn_1IOcvjJm8ehcCWGI98DYLEKD - 8994163801682205 - February 25, 2021, 8:29 pm
txn_1IOnfqJm8ehcCWGIM84UWdyz - 8994163801681208 - February 25, 2021, 8:29 pm
txn_1IOrjRJm8ehcCWGIKZcK5YW9 - 8994163801680201 - February 25, 2021, 8:29 pm
txn_1IOZwZJm8ehcCWGInRgwJHWJ - 8994163801571202 - February 25, 2021, 8:29 pm
2021Influencer441 - 8994163801679205 - February 25, 2021, 8:29 pm
txn_1IOpm8Jm8ehcCWGIlUisaJge - 8994163801570205 - February 25, 2021, 8:29 pm
txn_1IOdD9Jm8ehcCWGImk8XQKLi - 8994163801569209 - February 25, 2021, 8:29 pm
txn_1IOnv3Jm8ehcCWGIf4zjuM6P - 8994163801320206 - February 25, 2021, 8:29 pm
txn_1IOs1CJm8ehcCWGIlueLq3qX - 8994163801319200 - February 25, 2021, 8:29 pm
txn_1IOaOwJm8ehcCWGI6hCS9XbJ - 8994163801568202 - February 25, 2021, 8:29 pm
2021Influencer440 - 8994163801677201 - February 25, 2021, 8:29 pm
txn_1IOppUJm8ehcCWGITgPHoqrG - 8994163801678208 - February 25, 2021, 8:29 pm
txn_1IOf2DJm8ehcCWGIhtEUmk5b - 8994163801566208 - February 25, 2021, 8:29 pm
txn_1IOnvvJm8ehcCWGIDR8kVGNR - 8994163801567205 - February 25, 2021, 8:29 pm
txn_1IOptEJm8ehcCWGIxFqCXsff - 8994163801565201 - February 25, 2021, 8:29 pm
txn_1IOt1mJm8ehcCWGIHB7l1R1G - 8994163801676204 - February 25, 2021, 8:29 pm
txn_1IOo4QJm8ehcCWGIuFybzvKN - 8994163801675207 - February 25, 2021, 8:29 pm
2021Influencer439 - 8994163801564204 - February 25, 2021, 8:29 pm
txn_1IOidLJm8ehcCWGIILvDbtI1 - 8994163801317206 - February 25, 2021, 8:29 pm
txn_1IOaYUJm8ehcCWGIk9hqjdzo - 8994163801318203 - February 25, 2021, 8:29 pm
txn_1IOp1bJm8ehcCWGIVEyifxda - 8994163801686203 - February 25, 2021, 8:29 pm
txn_1IOrDoJm8ehcCWGIuu0S3VlG - 8994163801575200 - February 25, 2021, 8:29 pm
txn_1IOkK3Jm8ehcCWGItH0zeoyj - 8994163801685206 - February 25, 2021, 8:29 pm
txn_1IOXslJm8ehcCWGIJos0e33i - 8994163801574203 - February 25, 2021, 8:29 pm
txn_1IOYDcJm8ehcCWGIiDvdNxkR -  - February 25, 2021, 8:29 pm
txn_1IOrGTJm8ehcCWGIppZ6Miag -  - February 25, 2021, 8:29 pm
txn_1IOmfrJm8ehcCWGIUShNcU2v -  - February 25, 2021, 8:29 pm
txn_1IOpObJm8ehcCWGIIqgwGMoG -  - February 25, 2021, 8:29 pm
txn_1IOtLbJm8ehcCWGIe1tLfGTi -  - February 25, 2021, 8:29 pm
txn_1IOYhnJm8ehcCWGIp8EgzsDz -  - February 25, 2021, 8:29 pm
txn_1IOpSpJm8ehcCWGI7o9CNgcB -  - February 25, 2021, 8:29 pm
txn_1IOmnSJm8ehcCWGIe3gqXMIl -  - February 25, 2021, 8:29 pm
txn_1IOYpDJm8ehcCWGItOp7wM69 -  - February 25, 2021, 8:29 pm
txn_1IOtgUJm8ehcCWGIv3DAvN2q -  - February 25, 2021, 8:29 pm
txn_1IOTM6Jm8ehcCWGI9aL8puin -  - February 25, 2021, 8:29 pm
txn_1IOmw9Jm8ehcCWGIFzN8RPOG -  - February 25, 2021, 8:29 pm
txn_1IOpyGJm8ehcCWGI1w7w8WqZ -  - February 25, 2021, 8:29 pm
txn_1IOYsbJm8ehcCWGIk9j4u6g6 -  - February 25, 2021, 8:29 pm
txn_1IOu0BJm8ehcCWGIep2FEUPa -  - February 25, 2021, 8:29 pm
txn_1IOndhJm8ehcCWGIOntabDNf -  - February 25, 2021, 8:29 pm
txn_1IOuRNJm8ehcCWGIzb8aa9eR -  - February 25, 2021, 8:29 pm
txn_1IOTMBJm8ehcCWGIeCPNHszU -  - February 25, 2021, 8:29 pm
txn_1IOaa0Jm8ehcCWGIySQTMt80 -  - February 25, 2021, 8:29 pm
txn_1IOq2IJm8ehcCWGIAzISJ5ou -  - February 25, 2021, 8:29 pm
txn_1IOuoNJm8ehcCWGIuyNQwMAk -  - February 25, 2021, 8:29 pm
txn_1IOU69Jm8ehcCWGIk6DDHnFI -  - February 25, 2021, 8:29 pm
txn_1IOb7NJm8ehcCWGI5hR4cX1r -  - February 25, 2021, 8:29 pm
txn_1IOq6lJm8ehcCWGIVrdaaPDe -  - February 25, 2021, 8:29 pm
txn_1IOnebJm8ehcCWGIQZXfgvbn -  - February 25, 2021, 8:29 pm
2021Influencer444 -  - February 25, 2021, 8:29 pm
txn_1IOUHKJm8ehcCWGI4o0B9ZtJ -  - February 25, 2021, 8:29 pm
txn_1IOb9GJm8ehcCWGIBbBzKcHg -  - February 25, 2021, 8:29 pm
txn_1IOqYrJm8ehcCWGIA3WoT4Ag -  - February 25, 2021, 8:29 pm
txn_1IOoHqJm8ehcCWGIzM6G5rEW -  - February 25, 2021, 8:29 pm
2021Influencer443 -  - February 25, 2021, 8:29 pm
txn_1IOUOgJm8ehcCWGIxcWmEWuw -  - February 25, 2021, 8:29 pm
txn_1IObRvJm8ehcCWGISi2riECz -  - February 25, 2021, 8:29 pm
txn_1IOqnTJm8ehcCWGIbpP6A7J5 -  - February 25, 2021, 8:29 pm
txn_1IOoSeJm8ehcCWGIyjcHQoam -  - February 25, 2021, 8:29 pm
2021Influencer442 -  - February 25, 2021, 8:29 pm
txn_1IOUSrJm8ehcCWGIWTVh4T3a -  - February 25, 2021, 8:29 pm
txn_1IObofJm8ehcCWGIVziuFxTi -  - February 25, 2021, 8:29 pm
txn_1IOcvjJm8ehcCWGI98DYLEKD - 8994163801682205 - February 25, 2021, 8:29 pm
txn_1IOnfqJm8ehcCWGIM84UWdyz - 8994163801681208 - February 25, 2021, 8:29 pm
txn_1IOrjRJm8ehcCWGIKZcK5YW9 - 8994163801680201 - February 25, 2021, 8:29 pm
txn_1IOZwZJm8ehcCWGInRgwJHWJ - 8994163801571202 - February 25, 2021, 8:29 pm
2021Influencer441 - 8994163801679205 - February 25, 2021, 8:29 pm
txn_1IOpm8Jm8ehcCWGIlUisaJge - 8994163801570205 - February 25, 2021, 8:29 pm
txn_1IOdD9Jm8ehcCWGImk8XQKLi - 8994163801569209 - February 25, 2021, 8:29 pm
txn_1IOnv3Jm8ehcCWGIf4zjuM6P - 8994163801320206 - February 25, 2021, 8:29 pm
txn_1IOs1CJm8ehcCWGIlueLq3qX - 8994163801319200 - February 25, 2021, 8:29 pm
txn_1IOaOwJm8ehcCWGI6hCS9XbJ - 8994163801568202 - February 25, 2021, 8:29 pm
2021Influencer440 - 8994163801677201 - February 25, 2021, 8:29 pm
txn_1IOppUJm8ehcCWGITgPHoqrG - 8994163801678208 - February 25, 2021, 8:29 pm
txn_1IOf2DJm8ehcCWGIhtEUmk5b - 8994163801566208 - February 25, 2021, 8:29 pm
txn_1IOnvvJm8ehcCWGIDR8kVGNR - 8994163801567205 - February 25, 2021, 8:29 pm
txn_1IOptEJm8ehcCWGIxFqCXsff - 8994163801565201 - February 25, 2021, 8:29 pm
txn_1IOt1mJm8ehcCWGIHB7l1R1G - 8994163801676204 - February 25, 2021, 8:29 pm
txn_1IOo4QJm8ehcCWGIuFybzvKN - 8994163801675207 - February 25, 2021, 8:29 pm
2021Influencer439 - 8994163801564204 - February 25, 2021, 8:29 pm
txn_1IOidLJm8ehcCWGIILvDbtI1 - 8994163801317206 - February 25, 2021, 8:29 pm
txn_1IOaYUJm8ehcCWGIk9hqjdzo - 8994163801318203 - February 25, 2021, 8:29 pm
txn_1IOp1PJm8ehcCWGIHWrCDkVf - 8994163801689204 - February 25, 2021, 8:29 pm
txn_1IOqzbJm8ehcCWGIj9QfRHim - 8994163801690200 - February 25, 2021, 8:29 pm
txn_1IOj3QJm8ehcCWGI8h6WyyVB - 8994163801688207 - February 25, 2021, 8:29 pm
txn_1IOUpJJm8ehcCWGIWptNDCFx - 8994163801576207 - February 25, 2021, 8:29 pm
txn_1IOp1bJm8ehcCWGIVEyifxda - 8994163801686203 - February 25, 2021, 8:29 pm
txn_1IOrDoJm8ehcCWGIuu0S3VlG - 8994163801575200 - February 25, 2021, 8:29 pm
txn_1IOkK3Jm8ehcCWGItH0zeoyj - 8994163801685206 - February 25, 2021, 8:29 pm
txn_1IOXslJm8ehcCWGIJos0e33i - 8994163801574203 - February 25, 2021, 8:29 pm
txn_1IOYDcJm8ehcCWGIiDvdNxkR -  - February 25, 2021, 8:29 pm
txn_1IOrGTJm8ehcCWGIppZ6Miag -  - February 25, 2021, 8:29 pm
txn_1IOmfrJm8ehcCWGIUShNcU2v -  - February 25, 2021, 8:29 pm
txn_1IOpObJm8ehcCWGIIqgwGMoG -  - February 25, 2021, 8:29 pm
txn_1IOtLbJm8ehcCWGIe1tLfGTi -  - February 25, 2021, 8:29 pm
txn_1IOYhnJm8ehcCWGIp8EgzsDz -  - February 25, 2021, 8:29 pm
txn_1IOpSpJm8ehcCWGI7o9CNgcB -  - February 25, 2021, 8:29 pm
txn_1IOmnSJm8ehcCWGIe3gqXMIl -  - February 25, 2021, 8:29 pm
txn_1IOYpDJm8ehcCWGItOp7wM69 -  - February 25, 2021, 8:29 pm
txn_1IOtgUJm8ehcCWGIv3DAvN2q -  - February 25, 2021, 8:29 pm
txn_1IOTM6Jm8ehcCWGI9aL8puin -  - February 25, 2021, 8:29 pm
txn_1IOmw9Jm8ehcCWGIFzN8RPOG -  - February 25, 2021, 8:29 pm
txn_1IOpyGJm8ehcCWGI1w7w8WqZ -  - February 25, 2021, 8:29 pm
txn_1IOYsbJm8ehcCWGIk9j4u6g6 -  - February 25, 2021, 8:29 pm
txn_1IOu0BJm8ehcCWGIep2FEUPa -  - February 25, 2021, 8:29 pm
txn_1IOndhJm8ehcCWGIOntabDNf -  - February 25, 2021, 8:29 pm
txn_1IOuRNJm8ehcCWGIzb8aa9eR -  - February 25, 2021, 8:29 pm
txn_1IOTMBJm8ehcCWGIeCPNHszU -  - February 25, 2021, 8:29 pm
txn_1IOaa0Jm8ehcCWGIySQTMt80 -  - February 25, 2021, 8:29 pm
txn_1IOq2IJm8ehcCWGIAzISJ5ou -  - February 25, 2021, 8:29 pm
txn_1IOuoNJm8ehcCWGIuyNQwMAk -  - February 25, 2021, 8:29 pm
txn_1IOU69Jm8ehcCWGIk6DDHnFI -  - February 25, 2021, 8:29 pm
txn_1IOb7NJm8ehcCWGI5hR4cX1r -  - February 25, 2021, 8:29 pm
txn_1IOq6lJm8ehcCWGIVrdaaPDe -  - February 25, 2021, 8:29 pm
txn_1IOnebJm8ehcCWGIQZXfgvbn -  - February 25, 2021, 8:29 pm
2021Influencer444 -  - February 25, 2021, 8:29 pm
txn_1IOUHKJm8ehcCWGI4o0B9ZtJ -  - February 25, 2021, 8:29 pm
txn_1IOb9GJm8ehcCWGIBbBzKcHg -  - February 25, 2021, 8:29 pm
txn_1IOqYrJm8ehcCWGIA3WoT4Ag -  - February 25, 2021, 8:29 pm
txn_1IOoHqJm8ehcCWGIzM6G5rEW -  - February 25, 2021, 8:29 pm
2021Influencer443 -  - February 25, 2021, 8:29 pm
txn_1IOUOgJm8ehcCWGIxcWmEWuw -  - February 25, 2021, 8:29 pm
txn_1IObRvJm8ehcCWGISi2riECz -  - February 25, 2021, 8:29 pm
txn_1IOqnTJm8ehcCWGIbpP6A7J5 -  - February 25, 2021, 8:29 pm
txn_1IOoSeJm8ehcCWGIyjcHQoam -  - February 25, 2021, 8:29 pm
2021Influencer442 -  - February 25, 2021, 8:29 pm
txn_1IOUSrJm8ehcCWGIWTVh4T3a -  - February 25, 2021, 8:29 pm
txn_1IObofJm8ehcCWGIVziuFxTi -  - February 25, 2021, 8:29 pm
txn_1IOcvjJm8ehcCWGI98DYLEKD - 8994163801682205 - February 25, 2021, 8:30 pm
txn_1IOnfqJm8ehcCWGIM84UWdyz - 8994163801681208 - February 25, 2021, 8:30 pm
txn_1IOrjRJm8ehcCWGIKZcK5YW9 - 8994163801680201 - February 25, 2021, 8:30 pm
txn_1IOZwZJm8ehcCWGInRgwJHWJ - 8994163801571202 - February 25, 2021, 8:30 pm
2021Influencer441 - 8994163801679205 - February 25, 2021, 8:30 pm
txn_1IOpm8Jm8ehcCWGIlUisaJge - 8994163801570205 - February 25, 2021, 8:30 pm
txn_1IOdD9Jm8ehcCWGImk8XQKLi - 8994163801569209 - February 25, 2021, 8:30 pm
txn_1IOnv3Jm8ehcCWGIf4zjuM6P - 8994163801320206 - February 25, 2021, 8:30 pm
txn_1IOs1CJm8ehcCWGIlueLq3qX - 8994163801319200 - February 25, 2021, 8:30 pm
txn_1IOaOwJm8ehcCWGI6hCS9XbJ - 8994163801568202 - February 25, 2021, 8:30 pm
2021Influencer440 - 8994163801677201 - February 25, 2021, 8:30 pm
txn_1IOppUJm8ehcCWGITgPHoqrG - 8994163801678208 - February 25, 2021, 8:30 pm
txn_1IOf2DJm8ehcCWGIhtEUmk5b - 8994163801566208 - February 25, 2021, 8:30 pm
txn_1IOnvvJm8ehcCWGIDR8kVGNR - 8994163801567205 - February 25, 2021, 8:30 pm
txn_1IOptEJm8ehcCWGIxFqCXsff - 8994163801565201 - February 25, 2021, 8:30 pm
txn_1IOt1mJm8ehcCWGIHB7l1R1G - 8994163801676204 - February 25, 2021, 8:30 pm
txn_1IOo4QJm8ehcCWGIuFybzvKN - 8994163801675207 - February 25, 2021, 8:30 pm
2021Influencer439 - 8994163801564204 - February 25, 2021, 8:30 pm
txn_1IOidLJm8ehcCWGIILvDbtI1 - 8994163801317206 - February 25, 2021, 8:30 pm
txn_1IOaYUJm8ehcCWGIk9hqjdzo - 8994163801318203 - February 25, 2021, 8:30 pm
txn_1IOoYPJm8ehcCWGIAQgnJJeY - 8994163801577204 - February 25, 2021, 8:30 pm
txn_1IOcTjJm8ehcCWGI16IciNOo - 8994163801694208 - February 25, 2021, 8:30 pm
txn_1IOolQJm8ehcCWGIUECJ5pVf - 8994163801693201 - February 25, 2021, 8:30 pm
txn_1IOcW3Jm8ehcCWGI8yD0Z0Eg - 8994163801692204 - February 25, 2021, 8:30 pm
txn_1IOp1PJm8ehcCWGIHWrCDkVf - 8994163801689204 - February 25, 2021, 8:30 pm
txn_1IOqzbJm8ehcCWGIj9QfRHim - 8994163801690200 - February 25, 2021, 8:30 pm
txn_1IOj3QJm8ehcCWGI8h6WyyVB - 8994163801688207 - February 25, 2021, 8:30 pm
txn_1IOUpJJm8ehcCWGIWptNDCFx - 8994163801576207 - February 25, 2021, 8:30 pm
txn_1IOp1bJm8ehcCWGIVEyifxda - 8994163801686203 - February 25, 2021, 8:30 pm
txn_1IOrDoJm8ehcCWGIuu0S3VlG - 8994163801575200 - February 25, 2021, 8:30 pm
txn_1IOkK3Jm8ehcCWGItH0zeoyj - 8994163801685206 - February 25, 2021, 8:30 pm
txn_1IOXslJm8ehcCWGIJos0e33i - 8994163801574203 - February 25, 2021, 8:30 pm
txn_1IOcvjJm8ehcCWGI98DYLEKD - 8994163801682205 - February 25, 2021, 8:30 pm
txn_1IOnfqJm8ehcCWGIM84UWdyz - 8994163801681208 - February 25, 2021, 8:30 pm
txn_1IOrjRJm8ehcCWGIKZcK5YW9 - 8994163801680201 - February 25, 2021, 8:30 pm
txn_1IOZwZJm8ehcCWGInRgwJHWJ - 8994163801571202 - February 25, 2021, 8:30 pm
2021Influencer441 - 8994163801679205 - February 25, 2021, 8:30 pm
txn_1IOpm8Jm8ehcCWGIlUisaJge - 8994163801570205 - February 25, 2021, 8:30 pm
txn_1IOdD9Jm8ehcCWGImk8XQKLi - 8994163801569209 - February 25, 2021, 8:30 pm
txn_1IOnv3Jm8ehcCWGIf4zjuM6P - 8994163801320206 - February 25, 2021, 8:30 pm
txn_1IOs1CJm8ehcCWGIlueLq3qX - 8994163801319200 - February 25, 2021, 8:30 pm
txn_1IOaOwJm8ehcCWGI6hCS9XbJ - 8994163801568202 - February 25, 2021, 8:30 pm
2021Influencer440 - 8994163801677201 - February 25, 2021, 8:30 pm
txn_1IOppUJm8ehcCWGITgPHoqrG - 8994163801678208 - February 25, 2021, 8:30 pm
txn_1IOf2DJm8ehcCWGIhtEUmk5b - 8994163801566208 - February 25, 2021, 8:30 pm
txn_1IOnvvJm8ehcCWGIDR8kVGNR - 8994163801567205 - February 25, 2021, 8:30 pm
txn_1IOptEJm8ehcCWGIxFqCXsff - 8994163801565201 - February 25, 2021, 8:30 pm
txn_1IOt1mJm8ehcCWGIHB7l1R1G - 8994163801676204 - February 25, 2021, 8:30 pm
txn_1IOo4QJm8ehcCWGIuFybzvKN - 8994163801675207 - February 25, 2021, 8:30 pm
2021Influencer439 - 8994163801564204 - February 25, 2021, 8:30 pm
txn_1IOidLJm8ehcCWGIILvDbtI1 - 8994163801317206 - February 25, 2021, 8:30 pm
txn_1IOaYUJm8ehcCWGIk9hqjdzo - 8994163801318203 - February 25, 2021, 8:30 pm
txn_1IOoYPJm8ehcCWGIAQgnJJeY - 8994163801577204 - February 25, 2021, 8:30 pm
txn_1IOcTjJm8ehcCWGI16IciNOo - 8994163801694208 - February 25, 2021, 8:30 pm
txn_1IOolQJm8ehcCWGIUECJ5pVf - 8994163801693201 - February 25, 2021, 8:30 pm
txn_1IOcW3Jm8ehcCWGI8yD0Z0Eg - 8994163801692204 - February 25, 2021, 8:30 pm
txn_1IOp1PJm8ehcCWGIHWrCDkVf - 8994163801689204 - February 25, 2021, 8:30 pm
txn_1IOqzbJm8ehcCWGIj9QfRHim - 8994163801690200 - February 25, 2021, 8:30 pm
txn_1IOj3QJm8ehcCWGI8h6WyyVB - 8994163801688207 - February 25, 2021, 8:30 pm
txn_1IOUpJJm8ehcCWGIWptNDCFx - 8994163801576207 - February 25, 2021, 8:30 pm
txn_1IOp1bJm8ehcCWGIVEyifxda - 8994163801686203 - February 25, 2021, 8:30 pm
txn_1IOrDoJm8ehcCWGIuu0S3VlG - 8994163801575200 - February 25, 2021, 8:30 pm
txn_1IOkK3Jm8ehcCWGItH0zeoyj - 8994163801685206 - February 25, 2021, 8:30 pm
txn_1IOXslJm8ehcCWGIJos0e33i - 8994163801574203 - February 25, 2021, 8:30 pm
2021Influencer442 - 8994163801696202 - February 25, 2021, 8:30 pm
txn_1IOU69Jm8ehcCWGIk6DDHnFI - 8994163801699203 - February 25, 2021, 8:30 pm
2021Influencer443 - 8994163801326208 - February 25, 2021, 8:30 pm
txn_1IOq2IJm8ehcCWGIAzISJ5ou - 8994163801327205 - February 25, 2021, 8:30 pm
txn_1IOUHKJm8ehcCWGI4o0B9ZtJ - 8994163801698206 - February 25, 2021, 8:30 pm
txn_1IObofJm8ehcCWGIVziuFxTi - 8994163801578201 - February 25, 2021, 8:30 pm
txn_1IOq6lJm8ehcCWGIVrdaaPDe - 8994163801324204 - February 25, 2021, 8:30 pm
txn_1IOmfrJm8ehcCWGIUShNcU2v - 8994163801697209 - February 25, 2021, 8:30 pm
txn_1IOUOgJm8ehcCWGIxcWmEWuw - 8994163801695205 - February 25, 2021, 8:30 pm
txn_1IOcvjJm8ehcCWGI98DYLEKD - 8994163801682205 - February 25, 2021, 8:30 pm
txn_1IOnfqJm8ehcCWGIM84UWdyz - 8994163801681208 - February 25, 2021, 8:30 pm
txn_1IOrjRJm8ehcCWGIKZcK5YW9 - 8994163801680201 - February 25, 2021, 8:30 pm
txn_1IOZwZJm8ehcCWGInRgwJHWJ - 8994163801571202 - February 25, 2021, 8:30 pm
2021Influencer441 - 8994163801679205 - February 25, 2021, 8:30 pm
txn_1IOpm8Jm8ehcCWGIlUisaJge - 8994163801570205 - February 25, 2021, 8:30 pm
txn_1IOdD9Jm8ehcCWGImk8XQKLi - 8994163801569209 - February 25, 2021, 8:30 pm
txn_1IOnv3Jm8ehcCWGIf4zjuM6P - 8994163801320206 - February 25, 2021, 8:30 pm
txn_1IOs1CJm8ehcCWGIlueLq3qX - 8994163801319200 - February 25, 2021, 8:30 pm
txn_1IOaOwJm8ehcCWGI6hCS9XbJ - 8994163801568202 - February 25, 2021, 8:30 pm
2021Influencer440 - 8994163801677201 - February 25, 2021, 8:30 pm
txn_1IOppUJm8ehcCWGITgPHoqrG - 8994163801678208 - February 25, 2021, 8:30 pm
txn_1IOf2DJm8ehcCWGIhtEUmk5b - 8994163801566208 - February 25, 2021, 8:30 pm
txn_1IOnvvJm8ehcCWGIDR8kVGNR - 8994163801567205 - February 25, 2021, 8:30 pm
txn_1IOptEJm8ehcCWGIxFqCXsff - 8994163801565201 - February 25, 2021, 8:30 pm
txn_1IOt1mJm8ehcCWGIHB7l1R1G - 8994163801676204 - February 25, 2021, 8:30 pm
txn_1IOo4QJm8ehcCWGIuFybzvKN - 8994163801675207 - February 25, 2021, 8:30 pm
2021Influencer439 - 8994163801564204 - February 25, 2021, 8:30 pm
txn_1IOidLJm8ehcCWGIILvDbtI1 - 8994163801317206 - February 25, 2021, 8:30 pm
txn_1IOaYUJm8ehcCWGIk9hqjdzo - 8994163801318203 - February 25, 2021, 8:30 pm
txn_1IOoYPJm8ehcCWGIAQgnJJeY - 8994163801577204 - February 25, 2021, 8:30 pm
txn_1IOcTjJm8ehcCWGI16IciNOo - 8994163801694208 - February 25, 2021, 8:30 pm
txn_1IOolQJm8ehcCWGIUECJ5pVf - 8994163801693201 - February 25, 2021, 8:30 pm
txn_1IOcW3Jm8ehcCWGI8yD0Z0Eg - 8994163801692204 - February 25, 2021, 8:30 pm
txn_1IOp1PJm8ehcCWGIHWrCDkVf - 8994163801689204 - February 25, 2021, 8:30 pm
txn_1IOqzbJm8ehcCWGIj9QfRHim - 8994163801690200 - February 25, 2021, 8:30 pm
txn_1IOj3QJm8ehcCWGI8h6WyyVB - 8994163801688207 - February 25, 2021, 8:30 pm
txn_1IOUpJJm8ehcCWGIWptNDCFx - 8994163801576207 - February 25, 2021, 8:30 pm
txn_1IOp1bJm8ehcCWGIVEyifxda - 8994163801686203 - February 25, 2021, 8:30 pm
txn_1IOrDoJm8ehcCWGIuu0S3VlG - 8994163801575200 - February 25, 2021, 8:30 pm
txn_1IOkK3Jm8ehcCWGItH0zeoyj - 8994163801685206 - February 25, 2021, 8:30 pm
txn_1IOXslJm8ehcCWGIJos0e33i - 8994163801574203 - February 25, 2021, 8:30 pm
2021Influencer442 - 8994163801696202 - February 25, 2021, 8:30 pm
txn_1IOU69Jm8ehcCWGIk6DDHnFI - 8994163801699203 - February 25, 2021, 8:30 pm
2021Influencer443 - 8994163801326208 - February 25, 2021, 8:30 pm
txn_1IOq2IJm8ehcCWGIAzISJ5ou - 8994163801327205 - February 25, 2021, 8:30 pm
txn_1IOUHKJm8ehcCWGI4o0B9ZtJ - 8994163801698206 - February 25, 2021, 8:30 pm
txn_1IObofJm8ehcCWGIVziuFxTi - 8994163801578201 - February 25, 2021, 8:30 pm
txn_1IOq6lJm8ehcCWGIVrdaaPDe - 8994163801324204 - February 25, 2021, 8:30 pm
txn_1IOmfrJm8ehcCWGIUShNcU2v - 8994163801697209 - February 25, 2021, 8:30 pm
txn_1IOUOgJm8ehcCWGIxcWmEWuw - 8994163801695205 - February 25, 2021, 8:30 pm
txn_1IOYsbJm8ehcCWGIk9j4u6g6 - 8994163801703207 - February 25, 2021, 8:30 pm
txn_1IOpObJm8ehcCWGIIqgwGMoG - 8994163801704204 - February 25, 2021, 8:30 pm
2021Influencer444 - 8994163801702200 - February 25, 2021, 8:30 pm
txn_1IOcvjJm8ehcCWGI98DYLEKD - 8994163801682205 - February 25, 2021, 8:30 pm
txn_1IOnfqJm8ehcCWGIM84UWdyz - 8994163801681208 - February 25, 2021, 8:30 pm
txn_1IOrjRJm8ehcCWGIKZcK5YW9 - 8994163801680201 - February 25, 2021, 8:30 pm
txn_1IOZwZJm8ehcCWGInRgwJHWJ - 8994163801571202 - February 25, 2021, 8:30 pm
2021Influencer441 - 8994163801679205 - February 25, 2021, 8:30 pm
txn_1IOpm8Jm8ehcCWGIlUisaJge - 8994163801570205 - February 25, 2021, 8:30 pm
txn_1IOdD9Jm8ehcCWGImk8XQKLi - 8994163801569209 - February 25, 2021, 8:30 pm
txn_1IOnv3Jm8ehcCWGIf4zjuM6P - 8994163801320206 - February 25, 2021, 8:30 pm
txn_1IOs1CJm8ehcCWGIlueLq3qX - 8994163801319200 - February 25, 2021, 8:30 pm
txn_1IOaOwJm8ehcCWGI6hCS9XbJ - 8994163801568202 - February 25, 2021, 8:30 pm
2021Influencer440 - 8994163801677201 - February 25, 2021, 8:30 pm
txn_1IOppUJm8ehcCWGITgPHoqrG - 8994163801678208 - February 25, 2021, 8:30 pm
txn_1IOf2DJm8ehcCWGIhtEUmk5b - 8994163801566208 - February 25, 2021, 8:30 pm
txn_1IOnvvJm8ehcCWGIDR8kVGNR - 8994163801567205 - February 25, 2021, 8:30 pm
txn_1IOptEJm8ehcCWGIxFqCXsff - 8994163801565201 - February 25, 2021, 8:30 pm
txn_1IOt1mJm8ehcCWGIHB7l1R1G - 8994163801676204 - February 25, 2021, 8:30 pm
txn_1IOo4QJm8ehcCWGIuFybzvKN - 8994163801675207 - February 25, 2021, 8:30 pm
2021Influencer439 - 8994163801564204 - February 25, 2021, 8:30 pm
txn_1IOidLJm8ehcCWGIILvDbtI1 - 8994163801317206 - February 25, 2021, 8:30 pm
txn_1IOaYUJm8ehcCWGIk9hqjdzo - 8994163801318203 - February 25, 2021, 8:30 pm
txn_1IOoYPJm8ehcCWGIAQgnJJeY - 8994163801577204 - February 25, 2021, 8:30 pm
txn_1IOcTjJm8ehcCWGI16IciNOo - 8994163801694208 - February 25, 2021, 8:30 pm
txn_1IOolQJm8ehcCWGIUECJ5pVf - 8994163801693201 - February 25, 2021, 8:30 pm
txn_1IOcW3Jm8ehcCWGI8yD0Z0Eg - 8994163801692204 - February 25, 2021, 8:30 pm
txn_1IOp1PJm8ehcCWGIHWrCDkVf - 8994163801689204 - February 25, 2021, 8:30 pm
txn_1IOqzbJm8ehcCWGIj9QfRHim - 8994163801690200 - February 25, 2021, 8:30 pm
txn_1IOj3QJm8ehcCWGI8h6WyyVB - 8994163801688207 - February 25, 2021, 8:30 pm
txn_1IOUpJJm8ehcCWGIWptNDCFx - 8994163801576207 - February 25, 2021, 8:30 pm
txn_1IOp1bJm8ehcCWGIVEyifxda - 8994163801686203 - February 25, 2021, 8:30 pm
txn_1IOrDoJm8ehcCWGIuu0S3VlG - 8994163801575200 - February 25, 2021, 8:30 pm
txn_1IOkK3Jm8ehcCWGItH0zeoyj - 8994163801685206 - February 25, 2021, 8:30 pm
txn_1IOXslJm8ehcCWGIJos0e33i - 8994163801574203 - February 25, 2021, 8:30 pm
2021Influencer442 - 8994163801696202 - February 25, 2021, 8:30 pm
txn_1IOU69Jm8ehcCWGIk6DDHnFI - 8994163801699203 - February 25, 2021, 8:30 pm
2021Influencer443 - 8994163801326208 - February 25, 2021, 8:30 pm
txn_1IOq2IJm8ehcCWGIAzISJ5ou - 8994163801327205 - February 25, 2021, 8:30 pm
txn_1IOUHKJm8ehcCWGI4o0B9ZtJ - 8994163801698206 - February 25, 2021, 8:30 pm
txn_1IObofJm8ehcCWGIVziuFxTi - 8994163801578201 - February 25, 2021, 8:30 pm
txn_1IOq6lJm8ehcCWGIVrdaaPDe - 8994163801324204 - February 25, 2021, 8:30 pm
txn_1IOmfrJm8ehcCWGIUShNcU2v - 8994163801697209 - February 25, 2021, 8:30 pm
txn_1IOUOgJm8ehcCWGIxcWmEWuw - 8994163801695205 - February 25, 2021, 8:30 pm
txn_1IOYDcJm8ehcCWGIiDvdNxkR - 8994163801711202 - February 25, 2021, 8:30 pm
txn_1IOnebJm8ehcCWGIQZXfgvbn - 8994163801332209 - February 25, 2021, 8:30 pm
txn_1IOu0BJm8ehcCWGIep2FEUPa - 8994163801710205 - February 25, 2021, 8:30 pm
txn_1IOYhnJm8ehcCWGIp8EgzsDz - 8994163801709209 - February 25, 2021, 8:30 pm
txn_1IOuRNJm8ehcCWGIzb8aa9eR - 8994163801331202 - February 25, 2021, 8:30 pm
txn_1IOoHqJm8ehcCWGIzM6G5rEW - 8994163801708202 - February 25, 2021, 8:30 pm
txn_1IOYpDJm8ehcCWGItOp7wM69 - 8994163801707205 - February 25, 2021, 8:30 pm
txn_1IOuoNJm8ehcCWGIuyNQwMAk - 8994163801705201 - February 25, 2021, 8:30 pm
txn_1IOoSeJm8ehcCWGIyjcHQoam - 8994163801706208 - February 25, 2021, 8:30 pm
txn_1IOYsbJm8ehcCWGIk9j4u6g6 - 8994163801703207 - February 25, 2021, 8:30 pm
txn_1IOpObJm8ehcCWGIIqgwGMoG - 8994163801704204 - February 25, 2021, 8:30 pm
2021Influencer444 - 8994163801702200 - February 25, 2021, 8:30 pm
txn_1IOcvjJm8ehcCWGI98DYLEKD - 8994163801682205 - February 25, 2021, 8:31 pm
txn_1IOnfqJm8ehcCWGIM84UWdyz - 8994163801681208 - February 25, 2021, 8:31 pm
txn_1IOrjRJm8ehcCWGIKZcK5YW9 - 8994163801680201 - February 25, 2021, 8:31 pm
txn_1IOZwZJm8ehcCWGInRgwJHWJ - 8994163801571202 - February 25, 2021, 8:31 pm
2021Influencer441 - 8994163801679205 - February 25, 2021, 8:31 pm
txn_1IOpm8Jm8ehcCWGIlUisaJge - 8994163801570205 - February 25, 2021, 8:31 pm
txn_1IOdD9Jm8ehcCWGImk8XQKLi - 8994163801569209 - February 25, 2021, 8:31 pm
txn_1IOnv3Jm8ehcCWGIf4zjuM6P - 8994163801320206 - February 25, 2021, 8:31 pm
txn_1IOs1CJm8ehcCWGIlueLq3qX - 8994163801319200 - February 25, 2021, 8:31 pm
txn_1IOaOwJm8ehcCWGI6hCS9XbJ - 8994163801568202 - February 25, 2021, 8:31 pm
2021Influencer440 - 8994163801677201 - February 25, 2021, 8:31 pm
txn_1IOppUJm8ehcCWGITgPHoqrG - 8994163801678208 - February 25, 2021, 8:31 pm
txn_1IOf2DJm8ehcCWGIhtEUmk5b - 8994163801566208 - February 25, 2021, 8:31 pm
txn_1IOnvvJm8ehcCWGIDR8kVGNR - 8994163801567205 - February 25, 2021, 8:31 pm
txn_1IOptEJm8ehcCWGIxFqCXsff - 8994163801565201 - February 25, 2021, 8:31 pm
txn_1IOt1mJm8ehcCWGIHB7l1R1G - 8994163801676204 - February 25, 2021, 8:31 pm
txn_1IOo4QJm8ehcCWGIuFybzvKN - 8994163801675207 - February 25, 2021, 8:31 pm
2021Influencer439 - 8994163801564204 - February 25, 2021, 8:31 pm
txn_1IOidLJm8ehcCWGIILvDbtI1 - 8994163801317206 - February 25, 2021, 8:31 pm
txn_1IOaYUJm8ehcCWGIk9hqjdzo - 8994163801318203 - February 25, 2021, 8:31 pm
txn_1IOoYPJm8ehcCWGIAQgnJJeY - 8994163801577204 - February 25, 2021, 8:31 pm
txn_1IOcTjJm8ehcCWGI16IciNOo - 8994163801694208 - February 25, 2021, 8:31 pm
txn_1IOolQJm8ehcCWGIUECJ5pVf - 8994163801693201 - February 25, 2021, 8:31 pm
txn_1IOcW3Jm8ehcCWGI8yD0Z0Eg - 8994163801692204 - February 25, 2021, 8:31 pm
txn_1IOp1PJm8ehcCWGIHWrCDkVf - 8994163801689204 - February 25, 2021, 8:31 pm
txn_1IOqzbJm8ehcCWGIj9QfRHim - 8994163801690200 - February 25, 2021, 8:31 pm
txn_1IOj3QJm8ehcCWGI8h6WyyVB - 8994163801688207 - February 25, 2021, 8:31 pm
txn_1IOUpJJm8ehcCWGIWptNDCFx - 8994163801576207 - February 25, 2021, 8:31 pm
txn_1IOp1bJm8ehcCWGIVEyifxda - 8994163801686203 - February 25, 2021, 8:31 pm
txn_1IOrDoJm8ehcCWGIuu0S3VlG - 8994163801575200 - February 25, 2021, 8:31 pm
txn_1IOkK3Jm8ehcCWGItH0zeoyj - 8994163801685206 - February 25, 2021, 8:31 pm
txn_1IOXslJm8ehcCWGIJos0e33i - 8994163801574203 - February 25, 2021, 8:31 pm
2021Influencer442 - 8994163801696202 - February 25, 2021, 8:31 pm
txn_1IOU69Jm8ehcCWGIk6DDHnFI - 8994163801699203 - February 25, 2021, 8:31 pm
2021Influencer443 - 8994163801326208 - February 25, 2021, 8:31 pm
txn_1IOq2IJm8ehcCWGIAzISJ5ou - 8994163801327205 - February 25, 2021, 8:31 pm
txn_1IOUHKJm8ehcCWGI4o0B9ZtJ - 8994163801698206 - February 25, 2021, 8:31 pm
txn_1IObofJm8ehcCWGIVziuFxTi - 8994163801578201 - February 25, 2021, 8:31 pm
txn_1IOq6lJm8ehcCWGIVrdaaPDe - 8994163801324204 - February 25, 2021, 8:31 pm
txn_1IOmfrJm8ehcCWGIUShNcU2v - 8994163801697209 - February 25, 2021, 8:31 pm
txn_1IOUOgJm8ehcCWGIxcWmEWuw - 8994163801695205 - February 25, 2021, 8:31 pm
txn_1IOYDcJm8ehcCWGIiDvdNxkR - 8994163801711202 - February 25, 2021, 8:31 pm
txn_1IOnebJm8ehcCWGIQZXfgvbn - 8994163801332209 - February 25, 2021, 8:31 pm
txn_1IOu0BJm8ehcCWGIep2FEUPa - 8994163801710205 - February 25, 2021, 8:31 pm
txn_1IOYhnJm8ehcCWGIp8EgzsDz - 8994163801709209 - February 25, 2021, 8:31 pm
txn_1IOuRNJm8ehcCWGIzb8aa9eR - 8994163801331202 - February 25, 2021, 8:31 pm
txn_1IOoHqJm8ehcCWGIzM6G5rEW - 8994163801708202 - February 25, 2021, 8:31 pm
txn_1IOYpDJm8ehcCWGItOp7wM69 - 8994163801707205 - February 25, 2021, 8:31 pm
txn_1IOuoNJm8ehcCWGIuyNQwMAk - 8994163801705201 - February 25, 2021, 8:31 pm
txn_1IOoSeJm8ehcCWGIyjcHQoam - 8994163801706208 - February 25, 2021, 8:31 pm
txn_1IOYsbJm8ehcCWGIk9j4u6g6 - 8994163801703207 - February 25, 2021, 8:31 pm
txn_1IOpObJm8ehcCWGIIqgwGMoG - 8994163801704204 - February 25, 2021, 8:31 pm
2021Influencer444 - 8994163801702200 - February 25, 2021, 8:31 pm
txn_1IOcvjJm8ehcCWGI98DYLEKD - 8994163801682205 - February 25, 2021, 8:31 pm
txn_1IOnfqJm8ehcCWGIM84UWdyz - 8994163801681208 - February 25, 2021, 8:31 pm
txn_1IOrjRJm8ehcCWGIKZcK5YW9 - 8994163801680201 - February 25, 2021, 8:31 pm
txn_1IOZwZJm8ehcCWGInRgwJHWJ - 8994163801571202 - February 25, 2021, 8:31 pm
2021Influencer441 - 8994163801679205 - February 25, 2021, 8:31 pm
txn_1IOpm8Jm8ehcCWGIlUisaJge - 8994163801570205 - February 25, 2021, 8:31 pm
txn_1IOdD9Jm8ehcCWGImk8XQKLi - 8994163801569209 - February 25, 2021, 8:31 pm
txn_1IOnv3Jm8ehcCWGIf4zjuM6P - 8994163801320206 - February 25, 2021, 8:31 pm
txn_1IOs1CJm8ehcCWGIlueLq3qX - 8994163801319200 - February 25, 2021, 8:31 pm
txn_1IOaOwJm8ehcCWGI6hCS9XbJ - 8994163801568202 - February 25, 2021, 8:31 pm
2021Influencer440 - 8994163801677201 - February 25, 2021, 8:31 pm
txn_1IOppUJm8ehcCWGITgPHoqrG - 8994163801678208 - February 25, 2021, 8:31 pm
txn_1IOf2DJm8ehcCWGIhtEUmk5b - 8994163801566208 - February 25, 2021, 8:31 pm
txn_1IOnvvJm8ehcCWGIDR8kVGNR - 8994163801567205 - February 25, 2021, 8:31 pm
txn_1IOptEJm8ehcCWGIxFqCXsff - 8994163801565201 - February 25, 2021, 8:31 pm
txn_1IOt1mJm8ehcCWGIHB7l1R1G - 8994163801676204 - February 25, 2021, 8:31 pm
txn_1IOo4QJm8ehcCWGIuFybzvKN - 8994163801675207 - February 25, 2021, 8:31 pm
2021Influencer439 - 8994163801564204 - February 25, 2021, 8:31 pm
txn_1IOidLJm8ehcCWGIILvDbtI1 - 8994163801317206 - February 25, 2021, 8:31 pm
txn_1IOaYUJm8ehcCWGIk9hqjdzo - 8994163801318203 - February 25, 2021, 8:31 pm
txn_1IOoYPJm8ehcCWGIAQgnJJeY - 8994163801577204 - February 25, 2021, 8:31 pm
txn_1IOcTjJm8ehcCWGI16IciNOo - 8994163801694208 - February 25, 2021, 8:31 pm
txn_1IOolQJm8ehcCWGIUECJ5pVf - 8994163801693201 - February 25, 2021, 8:31 pm
txn_1IOcW3Jm8ehcCWGI8yD0Z0Eg - 8994163801692204 - February 25, 2021, 8:31 pm
txn_1IOp1PJm8ehcCWGIHWrCDkVf - 8994163801689204 - February 25, 2021, 8:31 pm
txn_1IOqzbJm8ehcCWGIj9QfRHim - 8994163801690200 - February 25, 2021, 8:31 pm
txn_1IOj3QJm8ehcCWGI8h6WyyVB - 8994163801688207 - February 25, 2021, 8:31 pm
txn_1IOUpJJm8ehcCWGIWptNDCFx - 8994163801576207 - February 25, 2021, 8:31 pm
txn_1IOp1bJm8ehcCWGIVEyifxda - 8994163801686203 - February 25, 2021, 8:31 pm
txn_1IOrDoJm8ehcCWGIuu0S3VlG - 8994163801575200 - February 25, 2021, 8:31 pm
txn_1IOkK3Jm8ehcCWGItH0zeoyj - 8994163801685206 - February 25, 2021, 8:31 pm
txn_1IOXslJm8ehcCWGIJos0e33i - 8994163801574203 - February 25, 2021, 8:31 pm
2021Influencer442 - 8994163801696202 - February 25, 2021, 8:31 pm
txn_1IOU69Jm8ehcCWGIk6DDHnFI - 8994163801699203 - February 25, 2021, 8:31 pm
2021Influencer443 - 8994163801326208 - February 25, 2021, 8:31 pm
txn_1IOq2IJm8ehcCWGIAzISJ5ou - 8994163801327205 - February 25, 2021, 8:31 pm
txn_1IOUHKJm8ehcCWGI4o0B9ZtJ - 8994163801698206 - February 25, 2021, 8:31 pm
txn_1IObofJm8ehcCWGIVziuFxTi - 8994163801578201 - February 25, 2021, 8:31 pm
txn_1IOq6lJm8ehcCWGIVrdaaPDe - 8994163801324204 - February 25, 2021, 8:31 pm
txn_1IOmfrJm8ehcCWGIUShNcU2v - 8994163801697209 - February 25, 2021, 8:31 pm
txn_1IOUOgJm8ehcCWGIxcWmEWuw - 8994163801695205 - February 25, 2021, 8:31 pm
txn_1IOYDcJm8ehcCWGIiDvdNxkR - 8994163801711202 - February 25, 2021, 8:31 pm
txn_1IOnebJm8ehcCWGIQZXfgvbn - 8994163801332209 - February 25, 2021, 8:31 pm
txn_1IOu0BJm8ehcCWGIep2FEUPa - 8994163801710205 - February 25, 2021, 8:31 pm
txn_1IOYhnJm8ehcCWGIp8EgzsDz - 8994163801709209 - February 25, 2021, 8:31 pm
txn_1IOuRNJm8ehcCWGIzb8aa9eR - 8994163801331202 - February 25, 2021, 8:31 pm
txn_1IOoHqJm8ehcCWGIzM6G5rEW - 8994163801708202 - February 25, 2021, 8:31 pm
txn_1IOYpDJm8ehcCWGItOp7wM69 - 8994163801707205 - February 25, 2021, 8:31 pm
txn_1IOuoNJm8ehcCWGIuyNQwMAk - 8994163801705201 - February 25, 2021, 8:31 pm
txn_1IOoSeJm8ehcCWGIyjcHQoam - 8994163801706208 - February 25, 2021, 8:31 pm
txn_1IOYsbJm8ehcCWGIk9j4u6g6 - 8994163801703207 - February 25, 2021, 8:31 pm
txn_1IOpObJm8ehcCWGIIqgwGMoG - 8994163801704204 - February 25, 2021, 8:31 pm
2021Influencer444 - 8994163801702200 - February 25, 2021, 8:31 pm
txn_1IOqYrJm8ehcCWGIA3WoT4Ag - 8994163801721201 - February 25, 2021, 8:31 pm
txn_1IOqnTJm8ehcCWGIbpP6A7J5 - 8994163801337204 - February 25, 2021, 8:31 pm
txn_1IOUSrJm8ehcCWGIWTVh4T3a - 8994163801720204 - February 25, 2021, 8:31 pm
txn_1IOrGTJm8ehcCWGIppZ6Miag - 8994163801719208 - February 25, 2021, 8:31 pm
txn_1IOaa0Jm8ehcCWGIySQTMt80 - 8994163801718201 - February 25, 2021, 8:31 pm
txn_1IOtLbJm8ehcCWGIe1tLfGTi - 8994163801717204 - February 25, 2021, 8:31 pm
txn_1IOb7NJm8ehcCWGI5hR4cX1r - 8994163801580204 - February 25, 2021, 8:31 pm
txn_1IOb9GJm8ehcCWGIBbBzKcHg - 8994163801335200 - February 25, 2021, 8:31 pm
txn_1IOtgUJm8ehcCWGIv3DAvN2q - 8994163801713206 - February 25, 2021, 8:31 pm
txn_1IOcvjJm8ehcCWGI98DYLEKD - 8994163801682205 - February 25, 2021, 8:31 pm
txn_1IOnfqJm8ehcCWGIM84UWdyz - 8994163801681208 - February 25, 2021, 8:31 pm
txn_1IOrjRJm8ehcCWGIKZcK5YW9 - 8994163801680201 - February 25, 2021, 8:31 pm
txn_1IOZwZJm8ehcCWGInRgwJHWJ - 8994163801571202 - February 25, 2021, 8:31 pm
2021Influencer441 - 8994163801679205 - February 25, 2021, 8:31 pm
txn_1IOpm8Jm8ehcCWGIlUisaJge - 8994163801570205 - February 25, 2021, 8:31 pm
txn_1IOdD9Jm8ehcCWGImk8XQKLi - 8994163801569209 - February 25, 2021, 8:31 pm
txn_1IOnv3Jm8ehcCWGIf4zjuM6P - 8994163801320206 - February 25, 2021, 8:31 pm
txn_1IOs1CJm8ehcCWGIlueLq3qX - 8994163801319200 - February 25, 2021, 8:31 pm
txn_1IOaOwJm8ehcCWGI6hCS9XbJ - 8994163801568202 - February 25, 2021, 8:31 pm
2021Influencer440 - 8994163801677201 - February 25, 2021, 8:31 pm
txn_1IOppUJm8ehcCWGITgPHoqrG - 8994163801678208 - February 25, 2021, 8:31 pm
txn_1IOf2DJm8ehcCWGIhtEUmk5b - 8994163801566208 - February 25, 2021, 8:31 pm
txn_1IOnvvJm8ehcCWGIDR8kVGNR - 8994163801567205 - February 25, 2021, 8:31 pm
txn_1IOptEJm8ehcCWGIxFqCXsff - 8994163801565201 - February 25, 2021, 8:31 pm
txn_1IOt1mJm8ehcCWGIHB7l1R1G - 8994163801676204 - February 25, 2021, 8:31 pm
txn_1IOo4QJm8ehcCWGIuFybzvKN - 8994163801675207 - February 25, 2021, 8:31 pm
2021Influencer439 - 8994163801564204 - February 25, 2021, 8:31 pm
txn_1IOidLJm8ehcCWGIILvDbtI1 - 8994163801317206 - February 25, 2021, 8:31 pm
txn_1IOaYUJm8ehcCWGIk9hqjdzo - 8994163801318203 - February 25, 2021, 8:31 pm
txn_1IOoYPJm8ehcCWGIAQgnJJeY - 8994163801577204 - February 25, 2021, 8:31 pm
txn_1IOcTjJm8ehcCWGI16IciNOo - 8994163801694208 - February 25, 2021, 8:31 pm
txn_1IOolQJm8ehcCWGIUECJ5pVf - 8994163801693201 - February 25, 2021, 8:31 pm
txn_1IOcW3Jm8ehcCWGI8yD0Z0Eg - 8994163801692204 - February 25, 2021, 8:31 pm
txn_1IOp1PJm8ehcCWGIHWrCDkVf - 8994163801689204 - February 25, 2021, 8:31 pm
txn_1IOqzbJm8ehcCWGIj9QfRHim - 8994163801690200 - February 25, 2021, 8:31 pm
txn_1IOj3QJm8ehcCWGI8h6WyyVB - 8994163801688207 - February 25, 2021, 8:31 pm
txn_1IOUpJJm8ehcCWGIWptNDCFx - 8994163801576207 - February 25, 2021, 8:31 pm
txn_1IOp1bJm8ehcCWGIVEyifxda - 8994163801686203 - February 25, 2021, 8:31 pm
txn_1IOrDoJm8ehcCWGIuu0S3VlG - 8994163801575200 - February 25, 2021, 8:31 pm
txn_1IOkK3Jm8ehcCWGItH0zeoyj - 8994163801685206 - February 25, 2021, 8:31 pm
txn_1IOXslJm8ehcCWGIJos0e33i - 8994163801574203 - February 25, 2021, 8:31 pm
2021Influencer442 - 8994163801696202 - February 25, 2021, 8:31 pm
txn_1IOU69Jm8ehcCWGIk6DDHnFI - 8994163801699203 - February 25, 2021, 8:31 pm
2021Influencer443 - 8994163801326208 - February 25, 2021, 8:31 pm
txn_1IOq2IJm8ehcCWGIAzISJ5ou - 8994163801327205 - February 25, 2021, 8:31 pm
txn_1IOUHKJm8ehcCWGI4o0B9ZtJ - 8994163801698206 - February 25, 2021, 8:31 pm
txn_1IObofJm8ehcCWGIVziuFxTi - 8994163801578201 - February 25, 2021, 8:31 pm
txn_1IOq6lJm8ehcCWGIVrdaaPDe - 8994163801324204 - February 25, 2021, 8:31 pm
txn_1IOmfrJm8ehcCWGIUShNcU2v - 8994163801697209 - February 25, 2021, 8:31 pm
txn_1IOUOgJm8ehcCWGIxcWmEWuw - 8994163801695205 - February 25, 2021, 8:31 pm
txn_1IOYDcJm8ehcCWGIiDvdNxkR - 8994163801711202 - February 25, 2021, 8:31 pm
txn_1IOnebJm8ehcCWGIQZXfgvbn - 8994163801332209 - February 25, 2021, 8:31 pm
txn_1IOu0BJm8ehcCWGIep2FEUPa - 8994163801710205 - February 25, 2021, 8:31 pm
txn_1IOYhnJm8ehcCWGIp8EgzsDz - 8994163801709209 - February 25, 2021, 8:31 pm
txn_1IOuRNJm8ehcCWGIzb8aa9eR - 8994163801331202 - February 25, 2021, 8:31 pm
txn_1IOoHqJm8ehcCWGIzM6G5rEW - 8994163801708202 - February 25, 2021, 8:31 pm
txn_1IOYpDJm8ehcCWGItOp7wM69 - 8994163801707205 - February 25, 2021, 8:31 pm
txn_1IOuoNJm8ehcCWGIuyNQwMAk - 8994163801705201 - February 25, 2021, 8:31 pm
txn_1IOoSeJm8ehcCWGIyjcHQoam - 8994163801706208 - February 25, 2021, 8:31 pm
txn_1IOYsbJm8ehcCWGIk9j4u6g6 - 8994163801703207 - February 25, 2021, 8:31 pm
txn_1IOpObJm8ehcCWGIIqgwGMoG - 8994163801704204 - February 25, 2021, 8:31 pm
2021Influencer444 - 8994163801702200 - February 25, 2021, 8:31 pm
txn_1IOqYrJm8ehcCWGIA3WoT4Ag - 8994163801721201 - February 25, 2021, 8:31 pm
txn_1IOqnTJm8ehcCWGIbpP6A7J5 - 8994163801337204 - February 25, 2021, 8:31 pm
txn_1IOUSrJm8ehcCWGIWTVh4T3a - 8994163801720204 - February 25, 2021, 8:31 pm
txn_1IOrGTJm8ehcCWGIppZ6Miag - 8994163801719208 - February 25, 2021, 8:31 pm
txn_1IOaa0Jm8ehcCWGIySQTMt80 - 8994163801718201 - February 25, 2021, 8:31 pm
txn_1IOtLbJm8ehcCWGIe1tLfGTi - 8994163801717204 - February 25, 2021, 8:31 pm
txn_1IOb7NJm8ehcCWGI5hR4cX1r - 8994163801580204 - February 25, 2021, 8:31 pm
txn_1IOb9GJm8ehcCWGIBbBzKcHg - 8994163801335200 - February 25, 2021, 8:31 pm
txn_1IOtgUJm8ehcCWGIv3DAvN2q - 8994163801713206 - February 25, 2021, 8:31 pm
txn_1IOcvjJm8ehcCWGI98DYLEKD - 8994163801682205 - February 25, 2021, 8:31 pm
txn_1IOnfqJm8ehcCWGIM84UWdyz - 8994163801681208 - February 25, 2021, 8:31 pm
txn_1IOrjRJm8ehcCWGIKZcK5YW9 - 8994163801680201 - February 25, 2021, 8:31 pm
txn_1IOZwZJm8ehcCWGInRgwJHWJ - 8994163801571202 - February 25, 2021, 8:31 pm
2021Influencer441 - 8994163801679205 - February 25, 2021, 8:31 pm
txn_1IOpm8Jm8ehcCWGIlUisaJge - 8994163801570205 - February 25, 2021, 8:31 pm
txn_1IOdD9Jm8ehcCWGImk8XQKLi - 8994163801569209 - February 25, 2021, 8:31 pm
txn_1IOnv3Jm8ehcCWGIf4zjuM6P - 8994163801320206 - February 25, 2021, 8:31 pm
txn_1IOs1CJm8ehcCWGIlueLq3qX - 8994163801319200 - February 25, 2021, 8:31 pm
txn_1IOaOwJm8ehcCWGI6hCS9XbJ - 8994163801568202 - February 25, 2021, 8:31 pm
2021Influencer440 - 8994163801677201 - February 25, 2021, 8:31 pm
txn_1IOppUJm8ehcCWGITgPHoqrG - 8994163801678208 - February 25, 2021, 8:31 pm
txn_1IOf2DJm8ehcCWGIhtEUmk5b - 8994163801566208 - February 25, 2021, 8:31 pm
txn_1IOnvvJm8ehcCWGIDR8kVGNR - 8994163801567205 - February 25, 2021, 8:31 pm
txn_1IOptEJm8ehcCWGIxFqCXsff - 8994163801565201 - February 25, 2021, 8:31 pm
txn_1IOt1mJm8ehcCWGIHB7l1R1G - 8994163801676204 - February 25, 2021, 8:31 pm
txn_1IOo4QJm8ehcCWGIuFybzvKN - 8994163801675207 - February 25, 2021, 8:31 pm
2021Influencer439 - 8994163801564204 - February 25, 2021, 8:31 pm
txn_1IOidLJm8ehcCWGIILvDbtI1 - 8994163801317206 - February 25, 2021, 8:31 pm
txn_1IOaYUJm8ehcCWGIk9hqjdzo - 8994163801318203 - February 25, 2021, 8:31 pm
txn_1IOoYPJm8ehcCWGIAQgnJJeY - 8994163801577204 - February 25, 2021, 8:31 pm
txn_1IOcTjJm8ehcCWGI16IciNOo - 8994163801694208 - February 25, 2021, 8:31 pm
txn_1IOolQJm8ehcCWGIUECJ5pVf - 8994163801693201 - February 25, 2021, 8:31 pm
txn_1IOcW3Jm8ehcCWGI8yD0Z0Eg - 8994163801692204 - February 25, 2021, 8:31 pm
txn_1IOp1PJm8ehcCWGIHWrCDkVf - 8994163801689204 - February 25, 2021, 8:31 pm
txn_1IOqzbJm8ehcCWGIj9QfRHim - 8994163801690200 - February 25, 2021, 8:31 pm
txn_1IOj3QJm8ehcCWGI8h6WyyVB - 8994163801688207 - February 25, 2021, 8:31 pm
txn_1IOUpJJm8ehcCWGIWptNDCFx - 8994163801576207 - February 25, 2021, 8:31 pm
txn_1IOp1bJm8ehcCWGIVEyifxda - 8994163801686203 - February 25, 2021, 8:31 pm
txn_1IOrDoJm8ehcCWGIuu0S3VlG - 8994163801575200 - February 25, 2021, 8:31 pm
txn_1IOkK3Jm8ehcCWGItH0zeoyj - 8994163801685206 - February 25, 2021, 8:31 pm
txn_1IOXslJm8ehcCWGIJos0e33i - 8994163801574203 - February 25, 2021, 8:31 pm
2021Influencer442 - 8994163801696202 - February 25, 2021, 8:31 pm
txn_1IOU69Jm8ehcCWGIk6DDHnFI - 8994163801699203 - February 25, 2021, 8:31 pm
2021Influencer443 - 8994163801326208 - February 25, 2021, 8:31 pm
txn_1IOq2IJm8ehcCWGIAzISJ5ou - 8994163801327205 - February 25, 2021, 8:31 pm
txn_1IOUHKJm8ehcCWGI4o0B9ZtJ - 8994163801698206 - February 25, 2021, 8:31 pm
txn_1IObofJm8ehcCWGIVziuFxTi - 8994163801578201 - February 25, 2021, 8:31 pm
txn_1IOq6lJm8ehcCWGIVrdaaPDe - 8994163801324204 - February 25, 2021, 8:31 pm
txn_1IOmfrJm8ehcCWGIUShNcU2v - 8994163801697209 - February 25, 2021, 8:31 pm
txn_1IOUOgJm8ehcCWGIxcWmEWuw - 8994163801695205 - February 25, 2021, 8:31 pm
txn_1IOYDcJm8ehcCWGIiDvdNxkR - 8994163801711202 - February 25, 2021, 8:31 pm
txn_1IOnebJm8ehcCWGIQZXfgvbn - 8994163801332209 - February 25, 2021, 8:31 pm
txn_1IOu0BJm8ehcCWGIep2FEUPa - 8994163801710205 - February 25, 2021, 8:31 pm
txn_1IOYhnJm8ehcCWGIp8EgzsDz - 8994163801709209 - February 25, 2021, 8:31 pm
txn_1IOuRNJm8ehcCWGIzb8aa9eR - 8994163801331202 - February 25, 2021, 8:31 pm
txn_1IOoHqJm8ehcCWGIzM6G5rEW - 8994163801708202 - February 25, 2021, 8:31 pm
txn_1IOYpDJm8ehcCWGItOp7wM69 - 8994163801707205 - February 25, 2021, 8:31 pm
txn_1IOuoNJm8ehcCWGIuyNQwMAk - 8994163801705201 - February 25, 2021, 8:31 pm
txn_1IOoSeJm8ehcCWGIyjcHQoam - 8994163801706208 - February 25, 2021, 8:31 pm
txn_1IOYsbJm8ehcCWGIk9j4u6g6 - 8994163801703207 - February 25, 2021, 8:31 pm
txn_1IOpObJm8ehcCWGIIqgwGMoG - 8994163801704204 - February 25, 2021, 8:31 pm
2021Influencer444 - 8994163801702200 - February 25, 2021, 8:31 pm
txn_1IOqYrJm8ehcCWGIA3WoT4Ag - 8994163801721201 - February 25, 2021, 8:31 pm
txn_1IOqnTJm8ehcCWGIbpP6A7J5 - 8994163801337204 - February 25, 2021, 8:31 pm
txn_1IOUSrJm8ehcCWGIWTVh4T3a - 8994163801720204 - February 25, 2021, 8:31 pm
txn_1IOrGTJm8ehcCWGIppZ6Miag - 8994163801719208 - February 25, 2021, 8:31 pm
txn_1IOaa0Jm8ehcCWGIySQTMt80 - 8994163801718201 - February 25, 2021, 8:31 pm
txn_1IOtLbJm8ehcCWGIe1tLfGTi - 8994163801717204 - February 25, 2021, 8:31 pm
txn_1IOb7NJm8ehcCWGI5hR4cX1r - 8994163801580204 - February 25, 2021, 8:31 pm
txn_1IOb9GJm8ehcCWGIBbBzKcHg - 8994163801335200 - February 25, 2021, 8:31 pm
txn_1IOtgUJm8ehcCWGIv3DAvN2q - 8994163801713206 - February 25, 2021, 8:31 pm
txn_1IOpSpJm8ehcCWGI7o9CNgcB - 8994163801341201 - February 25, 2021, 8:31 pm
txn_1IOpyGJm8ehcCWGI1w7w8WqZ - 8994163801340204 - February 25, 2021, 8:31 pm
txn_1IOcvjJm8ehcCWGI98DYLEKD - 8994163801682205 - February 25, 2021, 8:32 pm
txn_1IOnfqJm8ehcCWGIM84UWdyz - 8994163801681208 - February 25, 2021, 8:32 pm
txn_1IOrjRJm8ehcCWGIKZcK5YW9 - 8994163801680201 - February 25, 2021, 8:32 pm
txn_1IOZwZJm8ehcCWGInRgwJHWJ - 8994163801571202 - February 25, 2021, 8:32 pm
2021Influencer441 - 8994163801679205 - February 25, 2021, 8:32 pm
txn_1IOpm8Jm8ehcCWGIlUisaJge - 8994163801570205 - February 25, 2021, 8:32 pm
txn_1IOdD9Jm8ehcCWGImk8XQKLi - 8994163801569209 - February 25, 2021, 8:32 pm
txn_1IOnv3Jm8ehcCWGIf4zjuM6P - 8994163801320206 - February 25, 2021, 8:32 pm
txn_1IOs1CJm8ehcCWGIlueLq3qX - 8994163801319200 - February 25, 2021, 8:32 pm
txn_1IOaOwJm8ehcCWGI6hCS9XbJ - 8994163801568202 - February 25, 2021, 8:32 pm
2021Influencer440 - 8994163801677201 - February 25, 2021, 8:32 pm
txn_1IOppUJm8ehcCWGITgPHoqrG - 8994163801678208 - February 25, 2021, 8:32 pm
txn_1IOf2DJm8ehcCWGIhtEUmk5b - 8994163801566208 - February 25, 2021, 8:32 pm
txn_1IOnvvJm8ehcCWGIDR8kVGNR - 8994163801567205 - February 25, 2021, 8:32 pm
txn_1IOptEJm8ehcCWGIxFqCXsff - 8994163801565201 - February 25, 2021, 8:32 pm
txn_1IOt1mJm8ehcCWGIHB7l1R1G - 8994163801676204 - February 25, 2021, 8:32 pm
txn_1IOo4QJm8ehcCWGIuFybzvKN - 8994163801675207 - February 25, 2021, 8:32 pm
2021Influencer439 - 8994163801564204 - February 25, 2021, 8:32 pm
txn_1IOidLJm8ehcCWGIILvDbtI1 - 8994163801317206 - February 25, 2021, 8:32 pm
txn_1IOaYUJm8ehcCWGIk9hqjdzo - 8994163801318203 - February 25, 2021, 8:32 pm
txn_1IOoYPJm8ehcCWGIAQgnJJeY - 8994163801577204 - February 25, 2021, 8:32 pm
txn_1IOcTjJm8ehcCWGI16IciNOo - 8994163801694208 - February 25, 2021, 8:32 pm
txn_1IOolQJm8ehcCWGIUECJ5pVf - 8994163801693201 - February 25, 2021, 8:32 pm
txn_1IOcW3Jm8ehcCWGI8yD0Z0Eg - 8994163801692204 - February 25, 2021, 8:32 pm
txn_1IOp1PJm8ehcCWGIHWrCDkVf - 8994163801689204 - February 25, 2021, 8:32 pm
txn_1IOqzbJm8ehcCWGIj9QfRHim - 8994163801690200 - February 25, 2021, 8:32 pm
txn_1IOj3QJm8ehcCWGI8h6WyyVB - 8994163801688207 - February 25, 2021, 8:32 pm
txn_1IOUpJJm8ehcCWGIWptNDCFx - 8994163801576207 - February 25, 2021, 8:32 pm
txn_1IOp1bJm8ehcCWGIVEyifxda - 8994163801686203 - February 25, 2021, 8:32 pm
txn_1IOrDoJm8ehcCWGIuu0S3VlG - 8994163801575200 - February 25, 2021, 8:32 pm
txn_1IOkK3Jm8ehcCWGItH0zeoyj - 8994163801685206 - February 25, 2021, 8:32 pm
txn_1IOXslJm8ehcCWGIJos0e33i - 8994163801574203 - February 25, 2021, 8:32 pm
2021Influencer442 - 8994163801696202 - February 25, 2021, 8:32 pm
txn_1IOU69Jm8ehcCWGIk6DDHnFI - 8994163801699203 - February 25, 2021, 8:32 pm
2021Influencer443 - 8994163801326208 - February 25, 2021, 8:32 pm
txn_1IOq2IJm8ehcCWGIAzISJ5ou - 8994163801327205 - February 25, 2021, 8:32 pm
txn_1IOUHKJm8ehcCWGI4o0B9ZtJ - 8994163801698206 - February 25, 2021, 8:32 pm
txn_1IObofJm8ehcCWGIVziuFxTi - 8994163801578201 - February 25, 2021, 8:32 pm
txn_1IOq6lJm8ehcCWGIVrdaaPDe - 8994163801324204 - February 25, 2021, 8:32 pm
txn_1IOmfrJm8ehcCWGIUShNcU2v - 8994163801697209 - February 25, 2021, 8:32 pm
txn_1IOUOgJm8ehcCWGIxcWmEWuw - 8994163801695205 - February 25, 2021, 8:32 pm
txn_1IOYDcJm8ehcCWGIiDvdNxkR - 8994163801711202 - February 25, 2021, 8:32 pm
txn_1IOnebJm8ehcCWGIQZXfgvbn - 8994163801332209 - February 25, 2021, 8:32 pm
txn_1IOu0BJm8ehcCWGIep2FEUPa - 8994163801710205 - February 25, 2021, 8:32 pm
txn_1IOYhnJm8ehcCWGIp8EgzsDz - 8994163801709209 - February 25, 2021, 8:32 pm
txn_1IOuRNJm8ehcCWGIzb8aa9eR - 8994163801331202 - February 25, 2021, 8:32 pm
txn_1IOoHqJm8ehcCWGIzM6G5rEW - 8994163801708202 - February 25, 2021, 8:32 pm
txn_1IOYpDJm8ehcCWGItOp7wM69 - 8994163801707205 - February 25, 2021, 8:32 pm
txn_1IOuoNJm8ehcCWGIuyNQwMAk - 8994163801705201 - February 25, 2021, 8:32 pm
txn_1IOoSeJm8ehcCWGIyjcHQoam - 8994163801706208 - February 25, 2021, 8:32 pm
txn_1IOYsbJm8ehcCWGIk9j4u6g6 - 8994163801703207 - February 25, 2021, 8:32 pm
txn_1IOpObJm8ehcCWGIIqgwGMoG - 8994163801704204 - February 25, 2021, 8:32 pm
2021Influencer444 - 8994163801702200 - February 25, 2021, 8:32 pm
txn_1IOqYrJm8ehcCWGIA3WoT4Ag - 8994163801721201 - February 25, 2021, 8:32 pm
txn_1IOqnTJm8ehcCWGIbpP6A7J5 - 8994163801337204 - February 25, 2021, 8:32 pm
txn_1IOUSrJm8ehcCWGIWTVh4T3a - 8994163801720204 - February 25, 2021, 8:32 pm
txn_1IOrGTJm8ehcCWGIppZ6Miag - 8994163801719208 - February 25, 2021, 8:32 pm
txn_1IOaa0Jm8ehcCWGIySQTMt80 - 8994163801718201 - February 25, 2021, 8:32 pm
txn_1IOtLbJm8ehcCWGIe1tLfGTi - 8994163801717204 - February 25, 2021, 8:32 pm
txn_1IOb7NJm8ehcCWGI5hR4cX1r - 8994163801580204 - February 25, 2021, 8:32 pm
txn_1IOb9GJm8ehcCWGIBbBzKcHg - 8994163801335200 - February 25, 2021, 8:32 pm
txn_1IOtgUJm8ehcCWGIv3DAvN2q - 8994163801713206 - February 25, 2021, 8:32 pm
txn_1IOTM6Jm8ehcCWGI9aL8puin - 8994163801732207 - February 25, 2021, 8:32 pm
txn_1IOTMBJm8ehcCWGIeCPNHszU - 8994163801730203 - February 25, 2021, 8:32 pm
txn_1IObRvJm8ehcCWGISi2riECz - 8994163801729207 - February 25, 2021, 8:32 pm
txn_1IOmnSJm8ehcCWGIe3gqXMIl - 8994163801343205 - February 25, 2021, 8:32 pm
txn_1IOmw9Jm8ehcCWGIFzN8RPOG - 8994163801727203 - February 25, 2021, 8:32 pm
txn_1IOndhJm8ehcCWGIOntabDNf - 8994163801726206 - February 25, 2021, 8:32 pm
txn_1IOpSpJm8ehcCWGI7o9CNgcB - 8994163801341201 - February 25, 2021, 8:32 pm
txn_1IOpyGJm8ehcCWGI1w7w8WqZ - 8994163801340204 - February 25, 2021, 8:32 pm
