txn_1HukWSJm8ehcCWGI9AXld6oq - 8994163499672830 - December 7, 2020, 2:59 pm
txn_1Huo1yJm8ehcCWGILEmz2Ryr - 8994163499809830 - December 7, 2020, 2:59 pm
txn_1HvGMfJm8ehcCWGIEEkNgQup - 8994163499507835 - December 7, 2020, 2:59 pm
txn_1HvapvJm8ehcCWGI9yroxrUG - 8994163499509839 - December 7, 2020, 2:59 pm
txn_1HvAvOJm8ehcCWGIRHDYd9RD - 8994163499508832 - December 7, 2020, 2:59 pm
txn_1HvnwRJm8ehcCWGIJVqp2t0G - 8994163499394831 - December 7, 2020, 2:59 pm
txn_1HusWhJm8ehcCWGIfxrbunmC - 8994163499506838 - December 7, 2020, 2:59 pm
Influencer297 - 8994163499392837 - December 7, 2020, 2:59 pm
txn_1HveD4Jm8ehcCWGIpyvB9VUW - 8994163499389837 - December 7, 2020, 2:59 pm
Influencer299 - 8994163499486833 - December 7, 2020, 2:59 pm
txn_1HvB4gJm8ehcCWGIc4iqMAeu - 8994163499621838 - December 7, 2020, 2:59 pm
txn_1HvGzzJm8ehcCWGIiL2d3xdy - 8994163499485836 - December 7, 2020, 2:59 pm
txn_1Hv36aJm8ehcCWGIgk0nR2uC - 8994163499387833 - December 7, 2020, 2:59 pm
Influencer296 - 8994163499388830 - December 7, 2020, 2:59 pm
txn_1HvG5qJm8ehcCWGIVNx1Yrmr - 8994163499601830 - December 7, 2020, 2:59 pm
Influencer298 - 8994163499469836 - December 7, 2020, 2:59 pm
txn_1HvSbdJm8ehcCWGIGmOKxA0r - 8994163499362830 - December 7, 2020, 2:59 pm
Influencer295 - 8994163499363837 - December 7, 2020, 2:59 pm
txn_1Hv5ooJm8ehcCWGIKH8NcDLW - 8994163499470832 - December 7, 2020, 2:59 pm
txn_1HvmEwJm8ehcCWGIupCN5nWY - 8994163499602837 - December 7, 2020, 2:59 pm
