txn_3JM0HgJm8ehcCWGI17AmNuwl_X - 8994163875707286 - September 10, 2021, 10:04 am
txn_lCIQ6zIfcG3XPbvBeW3T8UvBDZYZY - 8994163875830281 - September 10, 2021, 10:04 am
txn_V85698g6SUPeUCb9CLb9ibKZ47FZY - 8994163875714284 - September 10, 2021, 10:04 am
txn_JkaLxjCM9vnw868g49qWkQzzwkHZY - 8994163875507282 - September 10, 2021, 10:04 am
txn_taQJtSQ8Ya7CkQiCApEOdJSys9bZY - 8994163875828288 - September 10, 2021, 10:04 am
txn_pWZ2twA6fG27NEmAIrZK9vQIXJaZY - 8994163875827281 - September 10, 2021, 10:04 am
txn_TloPhqECd4On8dDcwTAdM3HTVYTZY - 8994163875715281 - September 10, 2021, 10:04 am
txn_JOxm40mZCWB2IGfojbxDcfIMe3IZY - 8994163875506285 - September 10, 2021, 10:04 am
txn_1Q9NItS2JWhyO5adZIB0ucYg1URZY - 8994163875712280 - September 10, 2021, 10:04 am
txn_jP7GYQgQlg0DLicPktnCMYn1G7PZY - 8994163875826284 - September 10, 2021, 10:04 am
txn_bHBqsAVnEnSFoIVZr2NDSHmtdxSZY - 8994163875825287 - September 10, 2021, 10:04 am
txn_f38exSxloXusy5LFQuGLTsK4ux8YY - 8994163875505288 - September 10, 2021, 10:04 am
txn_z5YQ6iDIsP0o7fjsh2xEVDSGrkJZY - 8994163875711283 - September 10, 2021, 10:04 am
txn_zHdNnD2T8b386YBIIXRY3uqGbOaZY - 8994163875710286 - September 10, 2021, 10:04 am
txn_B8IPbnGZB5QIIQS0b3XY3e4lxH8YY - 8994163875503284 - September 10, 2021, 10:04 am
txn_X9nRbxwH3Tv81lvfYUPjhAXKvWNZY - 8994163875501280 - September 10, 2021, 10:04 am
txn_d2ckgWNMp5ajbKq0FDsZrVOfOoVZY - 8994163875502287 - September 10, 2021, 10:04 am
txn_3JMhZDJm8ehcCWGI1GJ6UOxr_X - 8994163875708283 - September 10, 2021, 10:04 am
txn_9qs9D9Bc7TI308BjxQico4Fvr5RZY - 8994163875822286 - September 10, 2021, 10:04 am
txn_J0QuVY3LcIcZw3oArvkKTvNmIcEZY - 8994163875823283 - September 10, 2021, 10:04 am
txn_BuRBAHYVuVQiYazekxumcII830eZY - 8994163875497286 - September 10, 2021, 10:04 am
txn_V62ZRm4Fpk9TnpcEX93pJlz3Bt5YY - 8994163875819286 - September 10, 2021, 10:04 am
txn_7DzenmkxWgrWRIsPLirHMFMFjubZY - 8994163875498283 - September 10, 2021, 10:04 am
txn_R2N3GUARVfY5PnkNJSRY414XQi6YY - 8994163875820282 - September 10, 2021, 10:04 am
txn_hC3jyECFv9GBSxFIE8VByeksrqMZY - 8994163875821289 - September 10, 2021, 10:04 am
