txn_1HSnxvJm8ehcCWGIig97bZFT - 8994163675693581 - September 20, 2020, 11:52 pm
txn_1HTCGzJm8ehcCWGI5XmPg3l2 - 8994163675267584 - September 20, 2020, 11:52 pm
txn_1HSq3gJm8ehcCWGIDGIjLWY2 - 8994163675690580 - September 20, 2020, 11:52 pm
txn_1HTdsvJm8ehcCWGInqDnAdtD - 8994163675689584 - September 20, 2020, 11:52 pm
txn_1HTViIJm8ehcCWGIyOyt8sKH - 8994163675266587 - September 20, 2020, 11:52 pm
txn_1HTA2QJm8ehcCWGI5fMsVaSo - 8994163675542582 - September 20, 2020, 11:52 pm
txn_1HSxFmJm8ehcCWGI7N7nv8Rf - 8994163675265580 - September 20, 2020, 11:52 pm
txn_1HTEwAJm8ehcCWGIuyK8NAhb - 8994163675540588 - September 20, 2020, 11:52 pm
txn_1HSqvYJm8ehcCWGIhP7imsCc - 8994163675539582 - September 20, 2020, 11:52 pm
txn_1HTfeBJm8ehcCWGIZwfcnpQS - 8994163675263586 - September 20, 2020, 11:52 pm
txn_1HTcXjJm8ehcCWGIyuxnPOFh - 8994163675538585 - September 20, 2020, 11:52 pm
txn_1HTAEBJm8ehcCWGIPDzMw8zZ - 8994163675687580 - September 20, 2020, 11:52 pm
txn_1HSzDEJm8ehcCWGIFaGVEBPr - 8994163675686583 - September 20, 2020, 11:52 pm
txn_1HTGgPJm8ehcCWGItmNrCItQ - 8994163675536581 - September 20, 2020, 11:52 pm
Influencer120 - 8994163675685586 - September 20, 2020, 11:52 pm
txn_1HSrCqJm8ehcCWGIO4Vxs01A - 8994163675535584 - September 20, 2020, 11:52 pm
txn_1HTcbsJm8ehcCWGIg6DA3pUz - 8994163675683582 - September 20, 2020, 11:52 pm
txn_1HTARiJm8ehcCWGI4CdE4XxD - 8994163675684589 - September 20, 2020, 11:52 pm
txn_1HT9DMJm8ehcCWGIPuT0sXkd - 8994163675682585 - September 20, 2020, 11:52 pm
txn_1HTSliJm8ehcCWGIF3MY2p5b - 8994163675679585 - September 20, 2020, 11:52 pm
txn_1HSsDaJm8ehcCWGIbAAja09D - 8994163675680581 - September 20, 2020, 11:52 pm
Influencer119 - 8994163675262589 - September 20, 2020, 11:52 pm
txn_1HTAsvJm8ehcCWGIB3RwxHbe - 8994163675678588 - September 20, 2020, 11:52 pm
txn_1HTdEVJm8ehcCWGIq4cDwi20 - 8994163675260585 - September 20, 2020, 11:52 pm
txn_1HT9ZVJm8ehcCWGIeW6IFdMU - 8994163675261582 - September 20, 2020, 11:52 pm
txn_1HSnxvJm8ehcCWGIig97bZFT - 8994163675693581 - September 20, 2020, 11:53 pm
txn_1HTCGzJm8ehcCWGI5XmPg3l2 - 8994163675267584 - September 20, 2020, 11:53 pm
txn_1HSq3gJm8ehcCWGIDGIjLWY2 - 8994163675690580 - September 20, 2020, 11:53 pm
txn_1HTdsvJm8ehcCWGInqDnAdtD - 8994163675689584 - September 20, 2020, 11:53 pm
txn_1HTViIJm8ehcCWGIyOyt8sKH - 8994163675266587 - September 20, 2020, 11:53 pm
txn_1HTA2QJm8ehcCWGI5fMsVaSo - 8994163675542582 - September 20, 2020, 11:53 pm
txn_1HSxFmJm8ehcCWGI7N7nv8Rf - 8994163675265580 - September 20, 2020, 11:53 pm
txn_1HTEwAJm8ehcCWGIuyK8NAhb - 8994163675540588 - September 20, 2020, 11:53 pm
txn_1HSqvYJm8ehcCWGIhP7imsCc - 8994163675539582 - September 20, 2020, 11:53 pm
txn_1HTfeBJm8ehcCWGIZwfcnpQS - 8994163675263586 - September 20, 2020, 11:53 pm
txn_1HTcXjJm8ehcCWGIyuxnPOFh - 8994163675538585 - September 20, 2020, 11:53 pm
txn_1HTAEBJm8ehcCWGIPDzMw8zZ - 8994163675687580 - September 20, 2020, 11:53 pm
txn_1HSzDEJm8ehcCWGIFaGVEBPr - 8994163675686583 - September 20, 2020, 11:53 pm
txn_1HTGgPJm8ehcCWGItmNrCItQ - 8994163675536581 - September 20, 2020, 11:53 pm
Influencer120 - 8994163675685586 - September 20, 2020, 11:53 pm
txn_1HSrCqJm8ehcCWGIO4Vxs01A - 8994163675535584 - September 20, 2020, 11:53 pm
txn_1HTcbsJm8ehcCWGIg6DA3pUz - 8994163675683582 - September 20, 2020, 11:53 pm
txn_1HTARiJm8ehcCWGI4CdE4XxD - 8994163675684589 - September 20, 2020, 11:53 pm
txn_1HT9DMJm8ehcCWGIPuT0sXkd - 8994163675682585 - September 20, 2020, 11:53 pm
txn_1HTSliJm8ehcCWGIF3MY2p5b - 8994163675679585 - September 20, 2020, 11:53 pm
txn_1HSsDaJm8ehcCWGIbAAja09D - 8994163675680581 - September 20, 2020, 11:53 pm
Influencer119 - 8994163675262589 - September 20, 2020, 11:53 pm
txn_1HTAsvJm8ehcCWGIB3RwxHbe - 8994163675678588 - September 20, 2020, 11:53 pm
txn_1HTdEVJm8ehcCWGIq4cDwi20 - 8994163675260585 - September 20, 2020, 11:53 pm
txn_1HT9ZVJm8ehcCWGIeW6IFdMU - 8994163675261582 - September 20, 2020, 11:53 pm
txn_1HSnq9Jm8ehcCWGIlKwTCK3J - 8994163675272588 - September 20, 2020, 11:53 pm
txn_1HSnxvJm8ehcCWGIig97bZFT - 8994163675693581 - September 20, 2020, 11:53 pm
txn_1HTCGzJm8ehcCWGI5XmPg3l2 - 8994163675267584 - September 20, 2020, 11:53 pm
txn_1HSq3gJm8ehcCWGIDGIjLWY2 - 8994163675690580 - September 20, 2020, 11:53 pm
txn_1HTdsvJm8ehcCWGInqDnAdtD - 8994163675689584 - September 20, 2020, 11:53 pm
txn_1HTViIJm8ehcCWGIyOyt8sKH - 8994163675266587 - September 20, 2020, 11:53 pm
txn_1HTA2QJm8ehcCWGI5fMsVaSo - 8994163675542582 - September 20, 2020, 11:53 pm
txn_1HSxFmJm8ehcCWGI7N7nv8Rf - 8994163675265580 - September 20, 2020, 11:53 pm
txn_1HTEwAJm8ehcCWGIuyK8NAhb - 8994163675540588 - September 20, 2020, 11:53 pm
txn_1HSqvYJm8ehcCWGIhP7imsCc - 8994163675539582 - September 20, 2020, 11:53 pm
txn_1HTfeBJm8ehcCWGIZwfcnpQS - 8994163675263586 - September 20, 2020, 11:53 pm
txn_1HTcXjJm8ehcCWGIyuxnPOFh - 8994163675538585 - September 20, 2020, 11:53 pm
txn_1HTAEBJm8ehcCWGIPDzMw8zZ - 8994163675687580 - September 20, 2020, 11:53 pm
txn_1HSzDEJm8ehcCWGIFaGVEBPr - 8994163675686583 - September 20, 2020, 11:53 pm
txn_1HTGgPJm8ehcCWGItmNrCItQ - 8994163675536581 - September 20, 2020, 11:53 pm
Influencer120 - 8994163675685586 - September 20, 2020, 11:53 pm
txn_1HSrCqJm8ehcCWGIO4Vxs01A - 8994163675535584 - September 20, 2020, 11:53 pm
txn_1HTcbsJm8ehcCWGIg6DA3pUz - 8994163675683582 - September 20, 2020, 11:53 pm
txn_1HTARiJm8ehcCWGI4CdE4XxD - 8994163675684589 - September 20, 2020, 11:53 pm
txn_1HT9DMJm8ehcCWGIPuT0sXkd - 8994163675682585 - September 20, 2020, 11:53 pm
txn_1HTSliJm8ehcCWGIF3MY2p5b - 8994163675679585 - September 20, 2020, 11:53 pm
txn_1HSsDaJm8ehcCWGIbAAja09D - 8994163675680581 - September 20, 2020, 11:53 pm
Influencer119 - 8994163675262589 - September 20, 2020, 11:53 pm
txn_1HTAsvJm8ehcCWGIB3RwxHbe - 8994163675678588 - September 20, 2020, 11:53 pm
txn_1HTdEVJm8ehcCWGIq4cDwi20 - 8994163675260585 - September 20, 2020, 11:53 pm
txn_1HT9ZVJm8ehcCWGIeW6IFdMU - 8994163675261582 - September 20, 2020, 11:53 pm
txn_1HSnq9Jm8ehcCWGIlKwTCK3J - 8994163675272588 - September 20, 2020, 11:53 pm
txn_1HSnxvJm8ehcCWGIig97bZFT - 8994163675693581 - September 20, 2020, 11:53 pm
txn_1HTCGzJm8ehcCWGI5XmPg3l2 - 8994163675267584 - September 20, 2020, 11:53 pm
txn_1HSq3gJm8ehcCWGIDGIjLWY2 - 8994163675690580 - September 20, 2020, 11:53 pm
txn_1HTdsvJm8ehcCWGInqDnAdtD - 8994163675689584 - September 20, 2020, 11:53 pm
txn_1HTViIJm8ehcCWGIyOyt8sKH - 8994163675266587 - September 20, 2020, 11:53 pm
txn_1HTA2QJm8ehcCWGI5fMsVaSo - 8994163675542582 - September 20, 2020, 11:53 pm
txn_1HSxFmJm8ehcCWGI7N7nv8Rf - 8994163675265580 - September 20, 2020, 11:53 pm
txn_1HTEwAJm8ehcCWGIuyK8NAhb - 8994163675540588 - September 20, 2020, 11:53 pm
txn_1HSqvYJm8ehcCWGIhP7imsCc - 8994163675539582 - September 20, 2020, 11:53 pm
txn_1HTfeBJm8ehcCWGIZwfcnpQS - 8994163675263586 - September 20, 2020, 11:53 pm
txn_1HTcXjJm8ehcCWGIyuxnPOFh - 8994163675538585 - September 20, 2020, 11:53 pm
txn_1HTAEBJm8ehcCWGIPDzMw8zZ - 8994163675687580 - September 20, 2020, 11:53 pm
txn_1HSzDEJm8ehcCWGIFaGVEBPr - 8994163675686583 - September 20, 2020, 11:53 pm
txn_1HTGgPJm8ehcCWGItmNrCItQ - 8994163675536581 - September 20, 2020, 11:53 pm
Influencer120 - 8994163675685586 - September 20, 2020, 11:53 pm
txn_1HSrCqJm8ehcCWGIO4Vxs01A - 8994163675535584 - September 20, 2020, 11:53 pm
txn_1HTcbsJm8ehcCWGIg6DA3pUz - 8994163675683582 - September 20, 2020, 11:53 pm
txn_1HTARiJm8ehcCWGI4CdE4XxD - 8994163675684589 - September 20, 2020, 11:53 pm
txn_1HT9DMJm8ehcCWGIPuT0sXkd - 8994163675682585 - September 20, 2020, 11:53 pm
txn_1HTSliJm8ehcCWGIF3MY2p5b - 8994163675679585 - September 20, 2020, 11:53 pm
txn_1HSsDaJm8ehcCWGIbAAja09D - 8994163675680581 - September 20, 2020, 11:53 pm
Influencer119 - 8994163675262589 - September 20, 2020, 11:53 pm
txn_1HTAsvJm8ehcCWGIB3RwxHbe - 8994163675678588 - September 20, 2020, 11:53 pm
txn_1HTdEVJm8ehcCWGIq4cDwi20 - 8994163675260585 - September 20, 2020, 11:53 pm
txn_1HT9ZVJm8ehcCWGIeW6IFdMU - 8994163675261582 - September 20, 2020, 11:53 pm
txn_1HSnq9Jm8ehcCWGIlKwTCK3J - 8994163675272588 - September 20, 2020, 11:53 pm
txn_1HSnxvJm8ehcCWGIig97bZFT - 8994163675693581 - September 20, 2020, 11:53 pm
txn_1HTCGzJm8ehcCWGI5XmPg3l2 - 8994163675267584 - September 20, 2020, 11:53 pm
txn_1HSq3gJm8ehcCWGIDGIjLWY2 - 8994163675690580 - September 20, 2020, 11:53 pm
txn_1HTdsvJm8ehcCWGInqDnAdtD - 8994163675689584 - September 20, 2020, 11:53 pm
txn_1HTViIJm8ehcCWGIyOyt8sKH - 8994163675266587 - September 20, 2020, 11:53 pm
txn_1HTA2QJm8ehcCWGI5fMsVaSo - 8994163675542582 - September 20, 2020, 11:53 pm
txn_1HSxFmJm8ehcCWGI7N7nv8Rf - 8994163675265580 - September 20, 2020, 11:53 pm
txn_1HTEwAJm8ehcCWGIuyK8NAhb - 8994163675540588 - September 20, 2020, 11:53 pm
txn_1HSqvYJm8ehcCWGIhP7imsCc - 8994163675539582 - September 20, 2020, 11:53 pm
txn_1HTfeBJm8ehcCWGIZwfcnpQS - 8994163675263586 - September 20, 2020, 11:53 pm
txn_1HTcXjJm8ehcCWGIyuxnPOFh - 8994163675538585 - September 20, 2020, 11:53 pm
txn_1HTAEBJm8ehcCWGIPDzMw8zZ - 8994163675687580 - September 20, 2020, 11:53 pm
txn_1HSzDEJm8ehcCWGIFaGVEBPr - 8994163675686583 - September 20, 2020, 11:53 pm
txn_1HTGgPJm8ehcCWGItmNrCItQ - 8994163675536581 - September 20, 2020, 11:53 pm
Influencer120 - 8994163675685586 - September 20, 2020, 11:53 pm
txn_1HSrCqJm8ehcCWGIO4Vxs01A - 8994163675535584 - September 20, 2020, 11:53 pm
txn_1HTcbsJm8ehcCWGIg6DA3pUz - 8994163675683582 - September 20, 2020, 11:53 pm
txn_1HTARiJm8ehcCWGI4CdE4XxD - 8994163675684589 - September 20, 2020, 11:53 pm
txn_1HT9DMJm8ehcCWGIPuT0sXkd - 8994163675682585 - September 20, 2020, 11:53 pm
txn_1HTSliJm8ehcCWGIF3MY2p5b - 8994163675679585 - September 20, 2020, 11:53 pm
txn_1HSsDaJm8ehcCWGIbAAja09D - 8994163675680581 - September 20, 2020, 11:53 pm
Influencer119 - 8994163675262589 - September 20, 2020, 11:53 pm
txn_1HTAsvJm8ehcCWGIB3RwxHbe - 8994163675678588 - September 20, 2020, 11:53 pm
txn_1HTdEVJm8ehcCWGIq4cDwi20 - 8994163675260585 - September 20, 2020, 11:53 pm
txn_1HT9ZVJm8ehcCWGIeW6IFdMU - 8994163675261582 - September 20, 2020, 11:53 pm
txn_1HSnq9Jm8ehcCWGIlKwTCK3J - 8994163675272588 - September 20, 2020, 11:53 pm
txn_1HSnxvJm8ehcCWGIig97bZFT - 8994163675693581 - September 20, 2020, 11:53 pm
txn_1HTCGzJm8ehcCWGI5XmPg3l2 - 8994163675267584 - September 20, 2020, 11:53 pm
txn_1HSq3gJm8ehcCWGIDGIjLWY2 - 8994163675690580 - September 20, 2020, 11:53 pm
txn_1HTdsvJm8ehcCWGInqDnAdtD - 8994163675689584 - September 20, 2020, 11:53 pm
txn_1HTViIJm8ehcCWGIyOyt8sKH - 8994163675266587 - September 20, 2020, 11:53 pm
txn_1HTA2QJm8ehcCWGI5fMsVaSo - 8994163675542582 - September 20, 2020, 11:53 pm
txn_1HSxFmJm8ehcCWGI7N7nv8Rf - 8994163675265580 - September 20, 2020, 11:53 pm
txn_1HTEwAJm8ehcCWGIuyK8NAhb - 8994163675540588 - September 20, 2020, 11:53 pm
txn_1HSqvYJm8ehcCWGIhP7imsCc - 8994163675539582 - September 20, 2020, 11:53 pm
txn_1HTfeBJm8ehcCWGIZwfcnpQS - 8994163675263586 - September 20, 2020, 11:53 pm
txn_1HTcXjJm8ehcCWGIyuxnPOFh - 8994163675538585 - September 20, 2020, 11:53 pm
txn_1HTAEBJm8ehcCWGIPDzMw8zZ - 8994163675687580 - September 20, 2020, 11:53 pm
txn_1HSzDEJm8ehcCWGIFaGVEBPr - 8994163675686583 - September 20, 2020, 11:53 pm
txn_1HTGgPJm8ehcCWGItmNrCItQ - 8994163675536581 - September 20, 2020, 11:53 pm
Influencer120 - 8994163675685586 - September 20, 2020, 11:53 pm
txn_1HSrCqJm8ehcCWGIO4Vxs01A - 8994163675535584 - September 20, 2020, 11:53 pm
txn_1HTcbsJm8ehcCWGIg6DA3pUz - 8994163675683582 - September 20, 2020, 11:53 pm
txn_1HTARiJm8ehcCWGI4CdE4XxD - 8994163675684589 - September 20, 2020, 11:53 pm
txn_1HT9DMJm8ehcCWGIPuT0sXkd - 8994163675682585 - September 20, 2020, 11:53 pm
txn_1HTSliJm8ehcCWGIF3MY2p5b - 8994163675679585 - September 20, 2020, 11:53 pm
txn_1HSsDaJm8ehcCWGIbAAja09D - 8994163675680581 - September 20, 2020, 11:53 pm
Influencer119 - 8994163675262589 - September 20, 2020, 11:53 pm
txn_1HTAsvJm8ehcCWGIB3RwxHbe - 8994163675678588 - September 20, 2020, 11:53 pm
txn_1HTdEVJm8ehcCWGIq4cDwi20 - 8994163675260585 - September 20, 2020, 11:53 pm
txn_1HT9ZVJm8ehcCWGIeW6IFdMU - 8994163675261582 - September 20, 2020, 11:53 pm
txn_1HSnq9Jm8ehcCWGIlKwTCK3J - 8994163675272588 - September 20, 2020, 11:53 pm
txn_1HSnJfJm8ehcCWGI8pxFwI8c - 8994163675558583 - September 20, 2020, 11:53 pm
