txn_1IQNLmJm8ehcCWGICLCCcp7p - 8994163941295204 - March 1, 2021, 10:38 pm
txn_1IQDLnJm8ehcCWGIBIGRfGIQ - 8994163941097204 - March 1, 2021, 10:38 pm
txn_1IQJOYJm8ehcCWGIp0tVuzWJ - 8994163941294207 - March 1, 2021, 10:38 pm
txn_1IQIzQJm8ehcCWGIl1uta5w1 - 8994163941293200 - March 1, 2021, 10:38 pm
txn_1IQF93Jm8ehcCWGIVkPBgOKi - 8994163941291206 - March 1, 2021, 10:38 pm
txn_1IQHQLJm8ehcCWGICfLaoMQG - 8994163940993200 - March 1, 2021, 10:38 pm
txn_1IQDZrJm8ehcCWGIi45bVjWp - 8994163941096207 - March 1, 2021, 10:38 pm
txn_1IQJXWJm8ehcCWGI7J6zJzph - 8994163941290209 - March 1, 2021, 10:38 pm
txn_1IQNW6Jm8ehcCWGIxnsz4NUl - 8994163941289203 - March 1, 2021, 10:38 pm
txn_1IQJ9dJm8ehcCWGIkvzESWGS - 8994163941288206 - March 1, 2021, 10:38 pm
txn_1IQFdRJm8ehcCWGI8yhI3jLd - 8994163941095200 - March 1, 2021, 10:38 pm
txn_1IQJw4Jm8ehcCWGIzQX96vwH - 8994163940992203 - March 1, 2021, 10:38 pm
txn_1IQNifJm8ehcCWGIe2p6xofI - 8994163941287209 - March 1, 2021, 10:38 pm
txn_1IQHvhJm8ehcCWGIx55TIOFA - 8994163941286202 - March 1, 2021, 10:38 pm
txn_1IQDaRJm8ehcCWGIrsDGRYKG - 8994163940991206 - March 1, 2021, 10:38 pm
txn_1IQJByJm8ehcCWGI9CqVZoOS - 8994163941094203 - March 1, 2021, 10:38 pm
txn_1IQG8IJm8ehcCWGISNewjb5F - 8994163941284208 - March 1, 2021, 10:38 pm
txn_1IQKl8Jm8ehcCWGIDp7yZ8RQ - 8994163940990209 - March 1, 2021, 10:38 pm
txn_1IQOVgJm8ehcCWGIZhZSrTA8 - 8994163941285205 - March 1, 2021, 10:38 pm
txn_1IQI5pJm8ehcCWGIP1GwMMGN - 8994163941283201 - March 1, 2021, 10:38 pm
txn_1IQDlgJm8ehcCWGIdXcDBmdT - 8994163941282204 - March 1, 2021, 10:38 pm
txn_1IQNLmJm8ehcCWGICLCCcp7p - 8994163941295204 - March 1, 2021, 10:38 pm
txn_1IQDLnJm8ehcCWGIBIGRfGIQ - 8994163941097204 - March 1, 2021, 10:38 pm
txn_1IQJOYJm8ehcCWGIp0tVuzWJ - 8994163941294207 - March 1, 2021, 10:38 pm
txn_1IQIzQJm8ehcCWGIl1uta5w1 - 8994163941293200 - March 1, 2021, 10:38 pm
txn_1IQF93Jm8ehcCWGIVkPBgOKi - 8994163941291206 - March 1, 2021, 10:38 pm
txn_1IQHQLJm8ehcCWGICfLaoMQG - 8994163940993200 - March 1, 2021, 10:38 pm
txn_1IQDZrJm8ehcCWGIi45bVjWp - 8994163941096207 - March 1, 2021, 10:38 pm
txn_1IQJXWJm8ehcCWGI7J6zJzph - 8994163941290209 - March 1, 2021, 10:38 pm
txn_1IQNW6Jm8ehcCWGIxnsz4NUl - 8994163941289203 - March 1, 2021, 10:38 pm
txn_1IQJ9dJm8ehcCWGIkvzESWGS - 8994163941288206 - March 1, 2021, 10:38 pm
txn_1IQFdRJm8ehcCWGI8yhI3jLd - 8994163941095200 - March 1, 2021, 10:38 pm
txn_1IQJw4Jm8ehcCWGIzQX96vwH - 8994163940992203 - March 1, 2021, 10:38 pm
txn_1IQNifJm8ehcCWGIe2p6xofI - 8994163941287209 - March 1, 2021, 10:38 pm
txn_1IQHvhJm8ehcCWGIx55TIOFA - 8994163941286202 - March 1, 2021, 10:38 pm
txn_1IQDaRJm8ehcCWGIrsDGRYKG - 8994163940991206 - March 1, 2021, 10:38 pm
txn_1IQJByJm8ehcCWGI9CqVZoOS - 8994163941094203 - March 1, 2021, 10:38 pm
txn_1IQG8IJm8ehcCWGISNewjb5F - 8994163941284208 - March 1, 2021, 10:38 pm
txn_1IQKl8Jm8ehcCWGIDp7yZ8RQ - 8994163940990209 - March 1, 2021, 10:38 pm
txn_1IQOVgJm8ehcCWGIZhZSrTA8 - 8994163941285205 - March 1, 2021, 10:38 pm
txn_1IQI5pJm8ehcCWGIP1GwMMGN - 8994163941283201 - March 1, 2021, 10:38 pm
txn_1IQDlgJm8ehcCWGIdXcDBmdT - 8994163941282204 - March 1, 2021, 10:38 pm
txn_1IQNLmJm8ehcCWGICLCCcp7p - 8994163941295204 - March 1, 2021, 10:39 pm
txn_1IQDLnJm8ehcCWGIBIGRfGIQ - 8994163941097204 - March 1, 2021, 10:39 pm
txn_1IQJOYJm8ehcCWGIp0tVuzWJ - 8994163941294207 - March 1, 2021, 10:39 pm
txn_1IQIzQJm8ehcCWGIl1uta5w1 - 8994163941293200 - March 1, 2021, 10:39 pm
txn_1IQF93Jm8ehcCWGIVkPBgOKi - 8994163941291206 - March 1, 2021, 10:39 pm
txn_1IQHQLJm8ehcCWGICfLaoMQG - 8994163940993200 - March 1, 2021, 10:39 pm
txn_1IQDZrJm8ehcCWGIi45bVjWp - 8994163941096207 - March 1, 2021, 10:39 pm
txn_1IQJXWJm8ehcCWGI7J6zJzph - 8994163941290209 - March 1, 2021, 10:39 pm
txn_1IQNW6Jm8ehcCWGIxnsz4NUl - 8994163941289203 - March 1, 2021, 10:39 pm
txn_1IQJ9dJm8ehcCWGIkvzESWGS - 8994163941288206 - March 1, 2021, 10:39 pm
txn_1IQFdRJm8ehcCWGI8yhI3jLd - 8994163941095200 - March 1, 2021, 10:39 pm
txn_1IQJw4Jm8ehcCWGIzQX96vwH - 8994163940992203 - March 1, 2021, 10:39 pm
txn_1IQNifJm8ehcCWGIe2p6xofI - 8994163941287209 - March 1, 2021, 10:39 pm
txn_1IQHvhJm8ehcCWGIx55TIOFA - 8994163941286202 - March 1, 2021, 10:39 pm
txn_1IQDaRJm8ehcCWGIrsDGRYKG - 8994163940991206 - March 1, 2021, 10:39 pm
txn_1IQJByJm8ehcCWGI9CqVZoOS - 8994163941094203 - March 1, 2021, 10:39 pm
txn_1IQG8IJm8ehcCWGISNewjb5F - 8994163941284208 - March 1, 2021, 10:39 pm
txn_1IQKl8Jm8ehcCWGIDp7yZ8RQ - 8994163940990209 - March 1, 2021, 10:39 pm
txn_1IQOVgJm8ehcCWGIZhZSrTA8 - 8994163941285205 - March 1, 2021, 10:39 pm
txn_1IQI5pJm8ehcCWGIP1GwMMGN - 8994163941283201 - March 1, 2021, 10:39 pm
txn_1IQDlgJm8ehcCWGIdXcDBmdT - 8994163941282204 - March 1, 2021, 10:39 pm
txn_1IQNLmJm8ehcCWGICLCCcp7p - 8994163941295204 - March 1, 2021, 10:39 pm
txn_1IQDLnJm8ehcCWGIBIGRfGIQ - 8994163941097204 - March 1, 2021, 10:39 pm
txn_1IQJOYJm8ehcCWGIp0tVuzWJ - 8994163941294207 - March 1, 2021, 10:39 pm
txn_1IQIzQJm8ehcCWGIl1uta5w1 - 8994163941293200 - March 1, 2021, 10:39 pm
txn_1IQF93Jm8ehcCWGIVkPBgOKi - 8994163941291206 - March 1, 2021, 10:39 pm
txn_1IQHQLJm8ehcCWGICfLaoMQG - 8994163940993200 - March 1, 2021, 10:39 pm
txn_1IQDZrJm8ehcCWGIi45bVjWp - 8994163941096207 - March 1, 2021, 10:39 pm
txn_1IQJXWJm8ehcCWGI7J6zJzph - 8994163941290209 - March 1, 2021, 10:39 pm
txn_1IQNW6Jm8ehcCWGIxnsz4NUl - 8994163941289203 - March 1, 2021, 10:39 pm
txn_1IQJ9dJm8ehcCWGIkvzESWGS - 8994163941288206 - March 1, 2021, 10:39 pm
txn_1IQFdRJm8ehcCWGI8yhI3jLd - 8994163941095200 - March 1, 2021, 10:39 pm
txn_1IQJw4Jm8ehcCWGIzQX96vwH - 8994163940992203 - March 1, 2021, 10:39 pm
txn_1IQNifJm8ehcCWGIe2p6xofI - 8994163941287209 - March 1, 2021, 10:39 pm
txn_1IQHvhJm8ehcCWGIx55TIOFA - 8994163941286202 - March 1, 2021, 10:39 pm
txn_1IQDaRJm8ehcCWGIrsDGRYKG - 8994163940991206 - March 1, 2021, 10:39 pm
txn_1IQJByJm8ehcCWGI9CqVZoOS - 8994163941094203 - March 1, 2021, 10:39 pm
txn_1IQG8IJm8ehcCWGISNewjb5F - 8994163941284208 - March 1, 2021, 10:39 pm
txn_1IQKl8Jm8ehcCWGIDp7yZ8RQ - 8994163940990209 - March 1, 2021, 10:39 pm
txn_1IQOVgJm8ehcCWGIZhZSrTA8 - 8994163941285205 - March 1, 2021, 10:39 pm
txn_1IQI5pJm8ehcCWGIP1GwMMGN - 8994163941283201 - March 1, 2021, 10:39 pm
txn_1IQDlgJm8ehcCWGIdXcDBmdT - 8994163941282204 - March 1, 2021, 10:39 pm
txn_1IQJKcJm8ehcCWGI0kgDZGXW - 8994163941308201 - March 1, 2021, 10:39 pm
txn_1IQIAjJm8ehcCWGIbpH9ukkK - 8994163941409205 - March 1, 2021, 10:39 pm
txn_1IQEWbJm8ehcCWGIyP7WaRse - 8994163941138204 - March 1, 2021, 10:39 pm
txn_1IQLmpJm8ehcCWGILFISnUOn - 8994163941307204 - March 1, 2021, 10:39 pm
txn_1IQIIwJm8ehcCWGIRXepf1bo - 8994163941136200 - March 1, 2021, 10:39 pm
txn_1IQEiCJm8ehcCWGIuGlilnQW - 8994163941408208 - March 1, 2021, 10:39 pm
txn_1IQLsxJm8ehcCWGIfaVRz53q - 8994163941135203 - March 1, 2021, 10:39 pm
txn_1IQIXDJm8ehcCWGI7etOOGsv - 8994163941134206 - March 1, 2021, 10:39 pm
txn_1IQEzKJm8ehcCWGI1m3ILY61 - 8994163941406204 - March 1, 2021, 10:39 pm
txn_1IQLxZJm8ehcCWGIemBOqN6W - 8994163941133209 - March 1, 2021, 10:39 pm
txn_1IQImpJm8ehcCWGIQSrjzZmE - 8994163941305200 - March 1, 2021, 10:39 pm
txn_1IQGJrJm8ehcCWGItD1emAGz - 8994163941306207 - March 1, 2021, 10:39 pm
txn_1IQGjCJm8ehcCWGIq9G2hTj0 - 8994163941403203 - March 1, 2021, 10:39 pm
txn_1IQMnlJm8ehcCWGIJsB5Rsj6 - 8994163941132202 - March 1, 2021, 10:39 pm
txn_1IQIp3Jm8ehcCWGIjvSpI0bs - 8994163941303206 - March 1, 2021, 10:39 pm
txn_1IQ394Jm8ehcCWGIIyj9JjVH - 8994163941139201 - March 1, 2021, 10:39 pm
txn_1IQ43pJm8ehcCWGIbI63eo5l - 8994163941137207 - March 1, 2021, 10:39 pm
txn_1IQ48SJm8ehcCWGI1u6LPliS - 8994163941407201 - March 1, 2021, 10:39 pm
txn_1IQ4H5Jm8ehcCWGI2UXFFYdu - 8994163941404200 - March 1, 2021, 10:39 pm
txn_1IQ8ruJm8ehcCWGIZ1SdyEio - 8994163941304203 - March 1, 2021, 10:39 pm
txn_1IQNLmJm8ehcCWGICLCCcp7p - 8994163941295204 - March 1, 2021, 10:40 pm
txn_1IQDLnJm8ehcCWGIBIGRfGIQ - 8994163941097204 - March 1, 2021, 10:40 pm
txn_1IQJOYJm8ehcCWGIp0tVuzWJ - 8994163941294207 - March 1, 2021, 10:40 pm
txn_1IQIzQJm8ehcCWGIl1uta5w1 - 8994163941293200 - March 1, 2021, 10:40 pm
txn_1IQF93Jm8ehcCWGIVkPBgOKi - 8994163941291206 - March 1, 2021, 10:40 pm
txn_1IQHQLJm8ehcCWGICfLaoMQG - 8994163940993200 - March 1, 2021, 10:40 pm
txn_1IQDZrJm8ehcCWGIi45bVjWp - 8994163941096207 - March 1, 2021, 10:40 pm
txn_1IQJXWJm8ehcCWGI7J6zJzph - 8994163941290209 - March 1, 2021, 10:40 pm
txn_1IQNW6Jm8ehcCWGIxnsz4NUl - 8994163941289203 - March 1, 2021, 10:40 pm
txn_1IQJ9dJm8ehcCWGIkvzESWGS - 8994163941288206 - March 1, 2021, 10:40 pm
txn_1IQFdRJm8ehcCWGI8yhI3jLd - 8994163941095200 - March 1, 2021, 10:40 pm
txn_1IQJw4Jm8ehcCWGIzQX96vwH - 8994163940992203 - March 1, 2021, 10:40 pm
txn_1IQNifJm8ehcCWGIe2p6xofI - 8994163941287209 - March 1, 2021, 10:40 pm
txn_1IQHvhJm8ehcCWGIx55TIOFA - 8994163941286202 - March 1, 2021, 10:40 pm
txn_1IQDaRJm8ehcCWGIrsDGRYKG - 8994163940991206 - March 1, 2021, 10:40 pm
txn_1IQJByJm8ehcCWGI9CqVZoOS - 8994163941094203 - March 1, 2021, 10:40 pm
txn_1IQG8IJm8ehcCWGISNewjb5F - 8994163941284208 - March 1, 2021, 10:40 pm
txn_1IQKl8Jm8ehcCWGIDp7yZ8RQ - 8994163940990209 - March 1, 2021, 10:40 pm
txn_1IQOVgJm8ehcCWGIZhZSrTA8 - 8994163941285205 - March 1, 2021, 10:40 pm
txn_1IQI5pJm8ehcCWGIP1GwMMGN - 8994163941283201 - March 1, 2021, 10:40 pm
txn_1IQDlgJm8ehcCWGIdXcDBmdT - 8994163941282204 - March 1, 2021, 10:40 pm
txn_1IQJKcJm8ehcCWGI0kgDZGXW - 8994163941308201 - March 1, 2021, 10:40 pm
txn_1IQIAjJm8ehcCWGIbpH9ukkK - 8994163941409205 - March 1, 2021, 10:40 pm
txn_1IQEWbJm8ehcCWGIyP7WaRse - 8994163941138204 - March 1, 2021, 10:40 pm
txn_1IQLmpJm8ehcCWGILFISnUOn - 8994163941307204 - March 1, 2021, 10:40 pm
txn_1IQIIwJm8ehcCWGIRXepf1bo - 8994163941136200 - March 1, 2021, 10:40 pm
txn_1IQEiCJm8ehcCWGIuGlilnQW - 8994163941408208 - March 1, 2021, 10:40 pm
txn_1IQLsxJm8ehcCWGIfaVRz53q - 8994163941135203 - March 1, 2021, 10:40 pm
txn_1IQIXDJm8ehcCWGI7etOOGsv - 8994163941134206 - March 1, 2021, 10:40 pm
txn_1IQEzKJm8ehcCWGI1m3ILY61 - 8994163941406204 - March 1, 2021, 10:40 pm
txn_1IQLxZJm8ehcCWGIemBOqN6W - 8994163941133209 - March 1, 2021, 10:40 pm
txn_1IQImpJm8ehcCWGIQSrjzZmE - 8994163941305200 - March 1, 2021, 10:40 pm
txn_1IQGJrJm8ehcCWGItD1emAGz - 8994163941306207 - March 1, 2021, 10:40 pm
txn_1IQGjCJm8ehcCWGIq9G2hTj0 - 8994163941403203 - March 1, 2021, 10:40 pm
txn_1IQMnlJm8ehcCWGIJsB5Rsj6 - 8994163941132202 - March 1, 2021, 10:40 pm
txn_1IQIp3Jm8ehcCWGIjvSpI0bs - 8994163941303206 - March 1, 2021, 10:40 pm
txn_1IQ394Jm8ehcCWGIIyj9JjVH - 8994163941139201 - March 1, 2021, 10:40 pm
txn_1IQ43pJm8ehcCWGIbI63eo5l - 8994163941137207 - March 1, 2021, 10:40 pm
txn_1IQ48SJm8ehcCWGI1u6LPliS - 8994163941407201 - March 1, 2021, 10:40 pm
txn_1IQ4H5Jm8ehcCWGI2UXFFYdu - 8994163941404200 - March 1, 2021, 10:40 pm
txn_1IQ8ruJm8ehcCWGIZ1SdyEio - 8994163941304203 - March 1, 2021, 10:40 pm
txn_1IQECrJm8ehcCWGIlG90Fexd -  - March 1, 2021, 10:40 pm
txn_1IQENfJm8ehcCWGIxJrs6PXK -  - March 1, 2021, 10:40 pm
txn_1IQH2HJm8ehcCWGIN9Xm2UC6 -  - March 1, 2021, 10:40 pm
txn_1IQH86Jm8ehcCWGIWZdId3lm -  - March 1, 2021, 10:40 pm
txn_1IQHM6Jm8ehcCWGIs3e9HmyO -  - March 1, 2021, 10:40 pm
txn_1IQ2fDJm8ehcCWGIOQ4XvnUc -  - March 1, 2021, 10:40 pm
txn_1IQJDeJm8ehcCWGIA1QsQJ1T -  - March 1, 2021, 10:40 pm
txn_1IQ2svJm8ehcCWGI76lupVzh -  - March 1, 2021, 10:40 pm
txn_1IQJEIJm8ehcCWGIDZzyvzBw -  - March 1, 2021, 10:40 pm
txn_1IQAGtJm8ehcCWGIWshO613H -  - March 1, 2021, 10:40 pm
txn_1IQJJOJm8ehcCWGIjCfnKec6 -  - March 1, 2021, 10:40 pm
txn_1IQNLmJm8ehcCWGICLCCcp7p - 8994163941295204 - March 1, 2021, 10:40 pm
txn_1IQDLnJm8ehcCWGIBIGRfGIQ - 8994163941097204 - March 1, 2021, 10:40 pm
txn_1IQJOYJm8ehcCWGIp0tVuzWJ - 8994163941294207 - March 1, 2021, 10:40 pm
txn_1IQIzQJm8ehcCWGIl1uta5w1 - 8994163941293200 - March 1, 2021, 10:40 pm
txn_1IQF93Jm8ehcCWGIVkPBgOKi - 8994163941291206 - March 1, 2021, 10:40 pm
txn_1IQHQLJm8ehcCWGICfLaoMQG - 8994163940993200 - March 1, 2021, 10:40 pm
txn_1IQDZrJm8ehcCWGIi45bVjWp - 8994163941096207 - March 1, 2021, 10:40 pm
txn_1IQJXWJm8ehcCWGI7J6zJzph - 8994163941290209 - March 1, 2021, 10:40 pm
txn_1IQNW6Jm8ehcCWGIxnsz4NUl - 8994163941289203 - March 1, 2021, 10:40 pm
txn_1IQJ9dJm8ehcCWGIkvzESWGS - 8994163941288206 - March 1, 2021, 10:40 pm
txn_1IQFdRJm8ehcCWGI8yhI3jLd - 8994163941095200 - March 1, 2021, 10:40 pm
txn_1IQJw4Jm8ehcCWGIzQX96vwH - 8994163940992203 - March 1, 2021, 10:40 pm
txn_1IQNifJm8ehcCWGIe2p6xofI - 8994163941287209 - March 1, 2021, 10:40 pm
txn_1IQHvhJm8ehcCWGIx55TIOFA - 8994163941286202 - March 1, 2021, 10:40 pm
txn_1IQDaRJm8ehcCWGIrsDGRYKG - 8994163940991206 - March 1, 2021, 10:40 pm
txn_1IQJByJm8ehcCWGI9CqVZoOS - 8994163941094203 - March 1, 2021, 10:40 pm
txn_1IQG8IJm8ehcCWGISNewjb5F - 8994163941284208 - March 1, 2021, 10:40 pm
txn_1IQKl8Jm8ehcCWGIDp7yZ8RQ - 8994163940990209 - March 1, 2021, 10:40 pm
txn_1IQOVgJm8ehcCWGIZhZSrTA8 - 8994163941285205 - March 1, 2021, 10:40 pm
txn_1IQI5pJm8ehcCWGIP1GwMMGN - 8994163941283201 - March 1, 2021, 10:40 pm
txn_1IQDlgJm8ehcCWGIdXcDBmdT - 8994163941282204 - March 1, 2021, 10:40 pm
txn_1IQJKcJm8ehcCWGI0kgDZGXW - 8994163941308201 - March 1, 2021, 10:40 pm
txn_1IQIAjJm8ehcCWGIbpH9ukkK - 8994163941409205 - March 1, 2021, 10:40 pm
txn_1IQEWbJm8ehcCWGIyP7WaRse - 8994163941138204 - March 1, 2021, 10:40 pm
txn_1IQLmpJm8ehcCWGILFISnUOn - 8994163941307204 - March 1, 2021, 10:40 pm
txn_1IQIIwJm8ehcCWGIRXepf1bo - 8994163941136200 - March 1, 2021, 10:40 pm
txn_1IQEiCJm8ehcCWGIuGlilnQW - 8994163941408208 - March 1, 2021, 10:40 pm
txn_1IQLsxJm8ehcCWGIfaVRz53q - 8994163941135203 - March 1, 2021, 10:40 pm
txn_1IQIXDJm8ehcCWGI7etOOGsv - 8994163941134206 - March 1, 2021, 10:40 pm
txn_1IQEzKJm8ehcCWGI1m3ILY61 - 8994163941406204 - March 1, 2021, 10:40 pm
txn_1IQLxZJm8ehcCWGIemBOqN6W - 8994163941133209 - March 1, 2021, 10:40 pm
txn_1IQImpJm8ehcCWGIQSrjzZmE - 8994163941305200 - March 1, 2021, 10:40 pm
txn_1IQGJrJm8ehcCWGItD1emAGz - 8994163941306207 - March 1, 2021, 10:40 pm
txn_1IQGjCJm8ehcCWGIq9G2hTj0 - 8994163941403203 - March 1, 2021, 10:40 pm
txn_1IQMnlJm8ehcCWGIJsB5Rsj6 - 8994163941132202 - March 1, 2021, 10:40 pm
txn_1IQIp3Jm8ehcCWGIjvSpI0bs - 8994163941303206 - March 1, 2021, 10:40 pm
txn_1IQ394Jm8ehcCWGIIyj9JjVH - 8994163941139201 - March 1, 2021, 10:40 pm
txn_1IQ43pJm8ehcCWGIbI63eo5l - 8994163941137207 - March 1, 2021, 10:40 pm
txn_1IQ48SJm8ehcCWGI1u6LPliS - 8994163941407201 - March 1, 2021, 10:40 pm
txn_1IQ4H5Jm8ehcCWGI2UXFFYdu - 8994163941404200 - March 1, 2021, 10:40 pm
txn_1IQ8ruJm8ehcCWGIZ1SdyEio - 8994163941304203 - March 1, 2021, 10:40 pm
txn_1IQNLmJm8ehcCWGICLCCcp7p - 8994163941295204 - March 1, 2021, 10:40 pm
txn_1IQDLnJm8ehcCWGIBIGRfGIQ - 8994163941097204 - March 1, 2021, 10:40 pm
txn_1IQJOYJm8ehcCWGIp0tVuzWJ - 8994163941294207 - March 1, 2021, 10:40 pm
txn_1IQIzQJm8ehcCWGIl1uta5w1 - 8994163941293200 - March 1, 2021, 10:40 pm
txn_1IQF93Jm8ehcCWGIVkPBgOKi - 8994163941291206 - March 1, 2021, 10:40 pm
txn_1IQHQLJm8ehcCWGICfLaoMQG - 8994163940993200 - March 1, 2021, 10:40 pm
txn_1IQDZrJm8ehcCWGIi45bVjWp - 8994163941096207 - March 1, 2021, 10:40 pm
txn_1IQJXWJm8ehcCWGI7J6zJzph - 8994163941290209 - March 1, 2021, 10:40 pm
txn_1IQNW6Jm8ehcCWGIxnsz4NUl - 8994163941289203 - March 1, 2021, 10:40 pm
txn_1IQJ9dJm8ehcCWGIkvzESWGS - 8994163941288206 - March 1, 2021, 10:40 pm
txn_1IQFdRJm8ehcCWGI8yhI3jLd - 8994163941095200 - March 1, 2021, 10:40 pm
txn_1IQJw4Jm8ehcCWGIzQX96vwH - 8994163940992203 - March 1, 2021, 10:40 pm
txn_1IQNifJm8ehcCWGIe2p6xofI - 8994163941287209 - March 1, 2021, 10:40 pm
txn_1IQHvhJm8ehcCWGIx55TIOFA - 8994163941286202 - March 1, 2021, 10:40 pm
txn_1IQDaRJm8ehcCWGIrsDGRYKG - 8994163940991206 - March 1, 2021, 10:40 pm
txn_1IQJByJm8ehcCWGI9CqVZoOS - 8994163941094203 - March 1, 2021, 10:40 pm
txn_1IQG8IJm8ehcCWGISNewjb5F - 8994163941284208 - March 1, 2021, 10:40 pm
txn_1IQKl8Jm8ehcCWGIDp7yZ8RQ - 8994163940990209 - March 1, 2021, 10:40 pm
txn_1IQOVgJm8ehcCWGIZhZSrTA8 - 8994163941285205 - March 1, 2021, 10:40 pm
txn_1IQI5pJm8ehcCWGIP1GwMMGN - 8994163941283201 - March 1, 2021, 10:40 pm
txn_1IQDlgJm8ehcCWGIdXcDBmdT - 8994163941282204 - March 1, 2021, 10:40 pm
txn_1IQJKcJm8ehcCWGI0kgDZGXW - 8994163941308201 - March 1, 2021, 10:40 pm
txn_1IQIAjJm8ehcCWGIbpH9ukkK - 8994163941409205 - March 1, 2021, 10:40 pm
txn_1IQEWbJm8ehcCWGIyP7WaRse - 8994163941138204 - March 1, 2021, 10:40 pm
txn_1IQLmpJm8ehcCWGILFISnUOn - 8994163941307204 - March 1, 2021, 10:40 pm
txn_1IQIIwJm8ehcCWGIRXepf1bo - 8994163941136200 - March 1, 2021, 10:40 pm
txn_1IQEiCJm8ehcCWGIuGlilnQW - 8994163941408208 - March 1, 2021, 10:40 pm
txn_1IQLsxJm8ehcCWGIfaVRz53q - 8994163941135203 - March 1, 2021, 10:40 pm
txn_1IQIXDJm8ehcCWGI7etOOGsv - 8994163941134206 - March 1, 2021, 10:40 pm
txn_1IQEzKJm8ehcCWGI1m3ILY61 - 8994163941406204 - March 1, 2021, 10:40 pm
txn_1IQLxZJm8ehcCWGIemBOqN6W - 8994163941133209 - March 1, 2021, 10:40 pm
txn_1IQImpJm8ehcCWGIQSrjzZmE - 8994163941305200 - March 1, 2021, 10:40 pm
txn_1IQGJrJm8ehcCWGItD1emAGz - 8994163941306207 - March 1, 2021, 10:40 pm
txn_1IQGjCJm8ehcCWGIq9G2hTj0 - 8994163941403203 - March 1, 2021, 10:40 pm
txn_1IQMnlJm8ehcCWGIJsB5Rsj6 - 8994163941132202 - March 1, 2021, 10:40 pm
txn_1IQIp3Jm8ehcCWGIjvSpI0bs - 8994163941303206 - March 1, 2021, 10:40 pm
txn_1IQ394Jm8ehcCWGIIyj9JjVH - 8994163941139201 - March 1, 2021, 10:40 pm
txn_1IQ43pJm8ehcCWGIbI63eo5l - 8994163941137207 - March 1, 2021, 10:40 pm
txn_1IQ48SJm8ehcCWGI1u6LPliS - 8994163941407201 - March 1, 2021, 10:40 pm
txn_1IQ4H5Jm8ehcCWGI2UXFFYdu - 8994163941404200 - March 1, 2021, 10:40 pm
txn_1IQ8ruJm8ehcCWGIZ1SdyEio - 8994163941304203 - March 1, 2021, 10:40 pm
txn_1IQNLmJm8ehcCWGICLCCcp7p - 8994163941295204 - March 1, 2021, 10:40 pm
txn_1IQDLnJm8ehcCWGIBIGRfGIQ - 8994163941097204 - March 1, 2021, 10:40 pm
txn_1IQJOYJm8ehcCWGIp0tVuzWJ - 8994163941294207 - March 1, 2021, 10:40 pm
txn_1IQIzQJm8ehcCWGIl1uta5w1 - 8994163941293200 - March 1, 2021, 10:40 pm
txn_1IQF93Jm8ehcCWGIVkPBgOKi - 8994163941291206 - March 1, 2021, 10:40 pm
txn_1IQHQLJm8ehcCWGICfLaoMQG - 8994163940993200 - March 1, 2021, 10:40 pm
txn_1IQDZrJm8ehcCWGIi45bVjWp - 8994163941096207 - March 1, 2021, 10:40 pm
txn_1IQJXWJm8ehcCWGI7J6zJzph - 8994163941290209 - March 1, 2021, 10:40 pm
txn_1IQNW6Jm8ehcCWGIxnsz4NUl - 8994163941289203 - March 1, 2021, 10:40 pm
txn_1IQJ9dJm8ehcCWGIkvzESWGS - 8994163941288206 - March 1, 2021, 10:40 pm
txn_1IQFdRJm8ehcCWGI8yhI3jLd - 8994163941095200 - March 1, 2021, 10:40 pm
txn_1IQJw4Jm8ehcCWGIzQX96vwH - 8994163940992203 - March 1, 2021, 10:40 pm
txn_1IQNifJm8ehcCWGIe2p6xofI - 8994163941287209 - March 1, 2021, 10:40 pm
txn_1IQHvhJm8ehcCWGIx55TIOFA - 8994163941286202 - March 1, 2021, 10:40 pm
txn_1IQDaRJm8ehcCWGIrsDGRYKG - 8994163940991206 - March 1, 2021, 10:40 pm
txn_1IQJByJm8ehcCWGI9CqVZoOS - 8994163941094203 - March 1, 2021, 10:40 pm
txn_1IQG8IJm8ehcCWGISNewjb5F - 8994163941284208 - March 1, 2021, 10:40 pm
txn_1IQKl8Jm8ehcCWGIDp7yZ8RQ - 8994163940990209 - March 1, 2021, 10:40 pm
txn_1IQOVgJm8ehcCWGIZhZSrTA8 - 8994163941285205 - March 1, 2021, 10:40 pm
txn_1IQI5pJm8ehcCWGIP1GwMMGN - 8994163941283201 - March 1, 2021, 10:40 pm
txn_1IQDlgJm8ehcCWGIdXcDBmdT - 8994163941282204 - March 1, 2021, 10:40 pm
txn_1IQJKcJm8ehcCWGI0kgDZGXW - 8994163941308201 - March 1, 2021, 10:40 pm
txn_1IQIAjJm8ehcCWGIbpH9ukkK - 8994163941409205 - March 1, 2021, 10:40 pm
txn_1IQEWbJm8ehcCWGIyP7WaRse - 8994163941138204 - March 1, 2021, 10:40 pm
txn_1IQLmpJm8ehcCWGILFISnUOn - 8994163941307204 - March 1, 2021, 10:40 pm
txn_1IQIIwJm8ehcCWGIRXepf1bo - 8994163941136200 - March 1, 2021, 10:40 pm
txn_1IQEiCJm8ehcCWGIuGlilnQW - 8994163941408208 - March 1, 2021, 10:40 pm
txn_1IQLsxJm8ehcCWGIfaVRz53q - 8994163941135203 - March 1, 2021, 10:40 pm
txn_1IQIXDJm8ehcCWGI7etOOGsv - 8994163941134206 - March 1, 2021, 10:40 pm
txn_1IQEzKJm8ehcCWGI1m3ILY61 - 8994163941406204 - March 1, 2021, 10:40 pm
txn_1IQLxZJm8ehcCWGIemBOqN6W - 8994163941133209 - March 1, 2021, 10:40 pm
txn_1IQImpJm8ehcCWGIQSrjzZmE - 8994163941305200 - March 1, 2021, 10:40 pm
txn_1IQGJrJm8ehcCWGItD1emAGz - 8994163941306207 - March 1, 2021, 10:40 pm
txn_1IQGjCJm8ehcCWGIq9G2hTj0 - 8994163941403203 - March 1, 2021, 10:40 pm
txn_1IQMnlJm8ehcCWGIJsB5Rsj6 - 8994163941132202 - March 1, 2021, 10:40 pm
txn_1IQIp3Jm8ehcCWGIjvSpI0bs - 8994163941303206 - March 1, 2021, 10:40 pm
txn_1IQ394Jm8ehcCWGIIyj9JjVH - 8994163941139201 - March 1, 2021, 10:40 pm
txn_1IQ43pJm8ehcCWGIbI63eo5l - 8994163941137207 - March 1, 2021, 10:40 pm
txn_1IQ48SJm8ehcCWGI1u6LPliS - 8994163941407201 - March 1, 2021, 10:40 pm
txn_1IQ4H5Jm8ehcCWGI2UXFFYdu - 8994163941404200 - March 1, 2021, 10:40 pm
txn_1IQ8ruJm8ehcCWGIZ1SdyEio - 8994163941304203 - March 1, 2021, 10:40 pm
txn_1IQECrJm8ehcCWGIlG90Fexd - 8994163941425205 - March 1, 2021, 10:40 pm
txn_1IQENfJm8ehcCWGIxJrs6PXK - 8994163941423201 - March 1, 2021, 10:40 pm
txn_1IQH2HJm8ehcCWGIN9Xm2UC6 - 8994163941422204 - March 1, 2021, 10:40 pm
txn_1IQH86Jm8ehcCWGIWZdId3lm - 8994163941421207 - March 1, 2021, 10:40 pm
txn_1IQHM6Jm8ehcCWGIs3e9HmyO - 8994163941419204 - March 1, 2021, 10:40 pm
txn_1IQ2fDJm8ehcCWGIOQ4XvnUc - 8994163941418207 - March 1, 2021, 10:40 pm
txn_1IQJDeJm8ehcCWGIA1QsQJ1T - 8994163941417200 - March 1, 2021, 10:40 pm
txn_1IQ2svJm8ehcCWGI76lupVzh - 8994163941416203 - March 1, 2021, 10:40 pm
txn_1IQJEIJm8ehcCWGIDZzyvzBw - 8994163941147206 - March 1, 2021, 10:40 pm
txn_1IQJJOJm8ehcCWGIjCfnKec6 - 8994163941143208 - March 1, 2021, 10:40 pm
txn_1IQAGtJm8ehcCWGIWshO613H - 8994163941414209 - March 1, 2021, 10:40 pm
