Influencer16 - 8994163132957553 - September 7, 2020, 4:48 pm
Influencer15 - 8994163132751557 - September 7, 2020, 4:48 pm
Influencer9 - 8994163133048557 - September 7, 2020, 4:48 pm
txn_1HNlAXJm8ehcCWGIT9fqzGrY - 8994163132750550 - September 7, 2020, 4:48 pm
Influencer13 - 8994163133047550 - September 7, 2020, 4:48 pm
txn_1HOF2lJm8ehcCWGIiOO8hJNM - 8994163132953555 - September 7, 2020, 4:48 pm
txn_1HO8hoJm8ehcCWGILd5sxDvj - 8994163133049554 - September 7, 2020, 4:48 pm
txn_1HOWciJm8ehcCWGIQRqfQhM3 - 8994163132952558 - September 7, 2020, 4:48 pm
txn_1HNpn8Jm8ehcCWGIgiDmzvjg - 8994163132747550 - September 7, 2020, 4:48 pm
txn_1HO95kJm8ehcCWGIPfj52YEr - 8994163132948551 - September 7, 2020, 4:48 pm
txn_1HOTytJm8ehcCWGIcxMkUWPx - 8994163133046553 - September 7, 2020, 4:48 pm
Influencer8 - 8994163132947554 - September 7, 2020, 4:48 pm
txn_1HOoi1Jm8ehcCWGImbqgfahw - 8994163132946557 - September 7, 2020, 4:48 pm
Influencer12 - 8994163133044559 - September 7, 2020, 4:48 pm
txn_1HNrsJJm8ehcCWGI9S5Gg4RJ - 8994163133043552 - September 7, 2020, 4:48 pm
txn_1HOAlOJm8ehcCWGIYwOK2NM6 - 8994163132943556 - September 7, 2020, 4:48 pm
txn_1HOWAlJm8ehcCWGInkhNLFyn - 8994163133042555 - September 7, 2020, 4:48 pm
Influencer7 - 8994163133041558 - September 7, 2020, 4:48 pm
Influencer11 - 8994163132942559 - September 7, 2020, 4:48 pm
txn_1HOpHPJm8ehcCWGI0G1XYpip - 8994163132744559 - September 7, 2020, 4:48 pm
txn_1HO4e0Jm8ehcCWGIXfNgPQPz - 8994163132941552 - September 7, 2020, 4:48 pm
txn_1HOC8kJm8ehcCWGIUuDhhZ1Z - 8994163132938552 - September 7, 2020, 4:48 pm
txn_1HOWO7Jm8ehcCWGIwUR2X4nT - 8994163133040551 - September 7, 2020, 4:48 pm
Influencer10 - 8994163133039555 - September 7, 2020, 4:48 pm
txn_1HNjnrJm8ehcCWGIHN9E4Rnl - 8994163132940555 - September 7, 2020, 4:48 pm
txn_1HOpp6Jm8ehcCWGImErUGgFI - 8994163132939559 - September 7, 2020, 4:48 pm
Influencer23 - 8994163133260553 - September 7, 2020, 4:52 pm
Influencer21 - 8994163133483556 - September 7, 2020, 4:52 pm
Influencer20 - 8994163133722556 - September 7, 2020, 4:52 pm
Influencer18 - 8994163133259557 - September 7, 2020, 4:52 pm
Influencer22 - 8994163133720552 - September 7, 2020, 4:52 pm
Influencer19 - 8994163133484553 - September 7, 2020, 4:52 pm
Influencer17 - 8994163133721559 - September 7, 2020, 4:52 pm
