txn_1J2jcQJm8ehcCWGIxjcHldwA - 8994163612829257 - June 16, 2021, 5:10 pm
txn_1J2RtdJm8ehcCWGIVP6OmcTe - 8994163612810255 - June 16, 2021, 5:10 pm
2021Influencer712 - 8994163613049258 - June 16, 2021, 5:10 pm
txn_1J2cedJm8ehcCWGIz0ndzqUs - 8994163613211259 - June 16, 2021, 5:10 pm
txn_1J2kwuJm8ehcCWGI6HQMr9ZK - 8994163613048251 - June 16, 2021, 5:10 pm
txn_1J2f3hJm8ehcCWGIzNYrpi9E - 8994163613045250 - June 16, 2021, 5:10 pm
txn_1J2cDWJm8ehcCWGIo3Ht3WJy - 8994163612827253 - June 16, 2021, 5:10 pm
txn_1J2meAJm8ehcCWGIHKpXbPsG - 8994163612828250 - June 16, 2021, 5:10 pm
txn_1J2jHrJm8ehcCWGIrDtoklRW - 8994163612826256 - June 16, 2021, 5:10 pm
txn_1J2kUiJm8ehcCWGIxZCPyhXt - 8994163612809259 - June 16, 2021, 5:10 pm
txn_1J2RUEJm8ehcCWGIBakJU6TB - 8994163613046257 - June 16, 2021, 5:10 pm
txn_1J2k1hJm8ehcCWGIPmAJJK0J - 8994163613041252 - June 16, 2021, 5:10 pm
txn_1J2lxnJm8ehcCWGI186eSK1V - 8994163613043256 - June 16, 2021, 5:10 pm
txn_1J2RCYJm8ehcCWGIiPRezfKR - 8994163613040255 - June 16, 2021, 5:10 pm
txn_1J2isDJm8ehcCWGIGHeTmwhV - 8994163612806258 - June 16, 2021, 5:10 pm
txn_1J2Tk9Jm8ehcCWGIXA3G7T14 - 8994163612825259 - June 16, 2021, 5:10 pm
txn_1J2esAJm8ehcCWGIouCmEncH - 8994163613042259 - June 16, 2021, 5:10 pm
txn_1J2lxGJm8ehcCWGILIw48a0h - 8994163613038252 - June 16, 2021, 5:10 pm
txn_1J2S91Jm8ehcCWGISajH9wOO - 8994163612805251 - June 16, 2021, 5:10 pm
txn_1J2jmlJm8ehcCWGIS1crV7yC - 8994163612804254 - June 16, 2021, 5:10 pm
txn_1J2eiKJm8ehcCWGIGIvI4YWq - 8994163613035251 - June 16, 2021, 5:10 pm
txn_1J2R79Jm8ehcCWGIzd6OQxsi - 8994163613036258 - June 16, 2021, 5:10 pm
txn_1J2fiBJm8ehcCWGI6b0SFsGc - 8994163613037255 - June 16, 2021, 5:10 pm
txn_1J2jcQJm8ehcCWGIxjcHldwA - 8994163612829257 - June 16, 2021, 5:10 pm
txn_1J2RtdJm8ehcCWGIVP6OmcTe - 8994163612810255 - June 16, 2021, 5:10 pm
2021Influencer712 - 8994163613049258 - June 16, 2021, 5:10 pm
txn_1J2cedJm8ehcCWGIz0ndzqUs - 8994163613211259 - June 16, 2021, 5:10 pm
txn_1J2kwuJm8ehcCWGI6HQMr9ZK - 8994163613048251 - June 16, 2021, 5:10 pm
txn_1J2f3hJm8ehcCWGIzNYrpi9E - 8994163613045250 - June 16, 2021, 5:10 pm
txn_1J2cDWJm8ehcCWGIo3Ht3WJy - 8994163612827253 - June 16, 2021, 5:10 pm
txn_1J2meAJm8ehcCWGIHKpXbPsG - 8994163612828250 - June 16, 2021, 5:10 pm
txn_1J2jHrJm8ehcCWGIrDtoklRW - 8994163612826256 - June 16, 2021, 5:10 pm
txn_1J2kUiJm8ehcCWGIxZCPyhXt - 8994163612809259 - June 16, 2021, 5:10 pm
txn_1J2RUEJm8ehcCWGIBakJU6TB - 8994163613046257 - June 16, 2021, 5:10 pm
txn_1J2k1hJm8ehcCWGIPmAJJK0J - 8994163613041252 - June 16, 2021, 5:10 pm
txn_1J2lxnJm8ehcCWGI186eSK1V - 8994163613043256 - June 16, 2021, 5:10 pm
txn_1J2RCYJm8ehcCWGIiPRezfKR - 8994163613040255 - June 16, 2021, 5:10 pm
txn_1J2isDJm8ehcCWGIGHeTmwhV - 8994163612806258 - June 16, 2021, 5:10 pm
txn_1J2Tk9Jm8ehcCWGIXA3G7T14 - 8994163612825259 - June 16, 2021, 5:10 pm
txn_1J2esAJm8ehcCWGIouCmEncH - 8994163613042259 - June 16, 2021, 5:10 pm
txn_1J2lxGJm8ehcCWGILIw48a0h - 8994163613038252 - June 16, 2021, 5:10 pm
txn_1J2S91Jm8ehcCWGISajH9wOO - 8994163612805251 - June 16, 2021, 5:10 pm
txn_1J2jmlJm8ehcCWGIS1crV7yC - 8994163612804254 - June 16, 2021, 5:10 pm
txn_1J2eiKJm8ehcCWGIGIvI4YWq - 8994163613035251 - June 16, 2021, 5:10 pm
txn_1J2R79Jm8ehcCWGIzd6OQxsi - 8994163613036258 - June 16, 2021, 5:10 pm
txn_1J2fiBJm8ehcCWGI6b0SFsGc - 8994163613037255 - June 16, 2021, 5:10 pm
txn_1J2jcQJm8ehcCWGIxjcHldwA - 8994163612829257 - June 16, 2021, 5:10 pm
txn_1J2RtdJm8ehcCWGIVP6OmcTe - 8994163612810255 - June 16, 2021, 5:10 pm
2021Influencer712 - 8994163613049258 - June 16, 2021, 5:10 pm
txn_1J2cedJm8ehcCWGIz0ndzqUs - 8994163613211259 - June 16, 2021, 5:10 pm
txn_1J2kwuJm8ehcCWGI6HQMr9ZK - 8994163613048251 - June 16, 2021, 5:10 pm
txn_1J2f3hJm8ehcCWGIzNYrpi9E - 8994163613045250 - June 16, 2021, 5:10 pm
txn_1J2cDWJm8ehcCWGIo3Ht3WJy - 8994163612827253 - June 16, 2021, 5:10 pm
txn_1J2meAJm8ehcCWGIHKpXbPsG - 8994163612828250 - June 16, 2021, 5:10 pm
txn_1J2jHrJm8ehcCWGIrDtoklRW - 8994163612826256 - June 16, 2021, 5:10 pm
txn_1J2kUiJm8ehcCWGIxZCPyhXt - 8994163612809259 - June 16, 2021, 5:10 pm
txn_1J2RUEJm8ehcCWGIBakJU6TB - 8994163613046257 - June 16, 2021, 5:10 pm
txn_1J2k1hJm8ehcCWGIPmAJJK0J - 8994163613041252 - June 16, 2021, 5:10 pm
txn_1J2lxnJm8ehcCWGI186eSK1V - 8994163613043256 - June 16, 2021, 5:10 pm
txn_1J2RCYJm8ehcCWGIiPRezfKR - 8994163613040255 - June 16, 2021, 5:10 pm
txn_1J2isDJm8ehcCWGIGHeTmwhV - 8994163612806258 - June 16, 2021, 5:10 pm
txn_1J2Tk9Jm8ehcCWGIXA3G7T14 - 8994163612825259 - June 16, 2021, 5:10 pm
txn_1J2esAJm8ehcCWGIouCmEncH - 8994163613042259 - June 16, 2021, 5:10 pm
txn_1J2lxGJm8ehcCWGILIw48a0h - 8994163613038252 - June 16, 2021, 5:10 pm
txn_1J2S91Jm8ehcCWGISajH9wOO - 8994163612805251 - June 16, 2021, 5:10 pm
txn_1J2jmlJm8ehcCWGIS1crV7yC - 8994163612804254 - June 16, 2021, 5:10 pm
txn_1J2eiKJm8ehcCWGIGIvI4YWq - 8994163613035251 - June 16, 2021, 5:10 pm
txn_1J2R79Jm8ehcCWGIzd6OQxsi - 8994163613036258 - June 16, 2021, 5:10 pm
txn_1J2fiBJm8ehcCWGI6b0SFsGc - 8994163613037255 - June 16, 2021, 5:10 pm
txn_1J2jcQJm8ehcCWGIxjcHldwA - 8994163612829257 - June 16, 2021, 5:10 pm
txn_1J2RtdJm8ehcCWGIVP6OmcTe - 8994163612810255 - June 16, 2021, 5:10 pm
2021Influencer712 - 8994163613049258 - June 16, 2021, 5:10 pm
txn_1J2cedJm8ehcCWGIz0ndzqUs - 8994163613211259 - June 16, 2021, 5:10 pm
txn_1J2kwuJm8ehcCWGI6HQMr9ZK - 8994163613048251 - June 16, 2021, 5:10 pm
txn_1J2f3hJm8ehcCWGIzNYrpi9E - 8994163613045250 - June 16, 2021, 5:10 pm
txn_1J2cDWJm8ehcCWGIo3Ht3WJy - 8994163612827253 - June 16, 2021, 5:10 pm
txn_1J2meAJm8ehcCWGIHKpXbPsG - 8994163612828250 - June 16, 2021, 5:10 pm
txn_1J2jHrJm8ehcCWGIrDtoklRW - 8994163612826256 - June 16, 2021, 5:10 pm
txn_1J2kUiJm8ehcCWGIxZCPyhXt - 8994163612809259 - June 16, 2021, 5:10 pm
txn_1J2RUEJm8ehcCWGIBakJU6TB - 8994163613046257 - June 16, 2021, 5:10 pm
txn_1J2k1hJm8ehcCWGIPmAJJK0J - 8994163613041252 - June 16, 2021, 5:10 pm
txn_1J2jcQJm8ehcCWGIxjcHldwA - 8994163612829257 - June 16, 2021, 5:10 pm
txn_1J2lxnJm8ehcCWGI186eSK1V - 8994163613043256 - June 16, 2021, 5:10 pm
txn_1J2RtdJm8ehcCWGIVP6OmcTe - 8994163612810255 - June 16, 2021, 5:10 pm
txn_1J2RCYJm8ehcCWGIiPRezfKR - 8994163613040255 - June 16, 2021, 5:10 pm
2021Influencer712 - 8994163613049258 - June 16, 2021, 5:10 pm
txn_1J2isDJm8ehcCWGIGHeTmwhV - 8994163612806258 - June 16, 2021, 5:10 pm
txn_1J2cedJm8ehcCWGIz0ndzqUs - 8994163613211259 - June 16, 2021, 5:10 pm
txn_1J2Tk9Jm8ehcCWGIXA3G7T14 - 8994163612825259 - June 16, 2021, 5:10 pm
txn_1J2kwuJm8ehcCWGI6HQMr9ZK - 8994163613048251 - June 16, 2021, 5:10 pm
txn_1J2esAJm8ehcCWGIouCmEncH - 8994163613042259 - June 16, 2021, 5:10 pm
txn_1J2f3hJm8ehcCWGIzNYrpi9E - 8994163613045250 - June 16, 2021, 5:10 pm
txn_1J2lxGJm8ehcCWGILIw48a0h - 8994163613038252 - June 16, 2021, 5:10 pm
txn_1J2cDWJm8ehcCWGIo3Ht3WJy - 8994163612827253 - June 16, 2021, 5:10 pm
txn_1J2S91Jm8ehcCWGISajH9wOO - 8994163612805251 - June 16, 2021, 5:10 pm
txn_1J2meAJm8ehcCWGIHKpXbPsG - 8994163612828250 - June 16, 2021, 5:10 pm
txn_1J2jmlJm8ehcCWGIS1crV7yC - 8994163612804254 - June 16, 2021, 5:10 pm
txn_1J2jHrJm8ehcCWGIrDtoklRW - 8994163612826256 - June 16, 2021, 5:10 pm
txn_1J2eiKJm8ehcCWGIGIvI4YWq - 8994163613035251 - June 16, 2021, 5:10 pm
txn_1J2kUiJm8ehcCWGIxZCPyhXt - 8994163612809259 - June 16, 2021, 5:10 pm
txn_1J2R79Jm8ehcCWGIzd6OQxsi - 8994163613036258 - June 16, 2021, 5:10 pm
txn_1J2RUEJm8ehcCWGIBakJU6TB - 8994163613046257 - June 16, 2021, 5:10 pm
txn_1J2fiBJm8ehcCWGI6b0SFsGc - 8994163613037255 - June 16, 2021, 5:10 pm
txn_1J2k1hJm8ehcCWGIPmAJJK0J - 8994163613041252 - June 16, 2021, 5:10 pm
txn_1J2lxnJm8ehcCWGI186eSK1V - 8994163613043256 - June 16, 2021, 5:10 pm
txn_1J2RCYJm8ehcCWGIiPRezfKR - 8994163613040255 - June 16, 2021, 5:10 pm
txn_1J2isDJm8ehcCWGIGHeTmwhV - 8994163612806258 - June 16, 2021, 5:10 pm
txn_1J2Tk9Jm8ehcCWGIXA3G7T14 - 8994163612825259 - June 16, 2021, 5:10 pm
txn_1J2esAJm8ehcCWGIouCmEncH - 8994163613042259 - June 16, 2021, 5:10 pm
txn_1J2lxGJm8ehcCWGILIw48a0h - 8994163613038252 - June 16, 2021, 5:10 pm
txn_1J2S91Jm8ehcCWGISajH9wOO - 8994163612805251 - June 16, 2021, 5:10 pm
txn_1J2jmlJm8ehcCWGIS1crV7yC - 8994163612804254 - June 16, 2021, 5:10 pm
txn_1J2eiKJm8ehcCWGIGIvI4YWq - 8994163613035251 - June 16, 2021, 5:10 pm
txn_1J2R79Jm8ehcCWGIzd6OQxsi - 8994163613036258 - June 16, 2021, 5:10 pm
txn_1J2fiBJm8ehcCWGI6b0SFsGc - 8994163613037255 - June 16, 2021, 5:10 pm
txn_1J2jcQJm8ehcCWGIxjcHldwA - 8994163612829257 - June 16, 2021, 5:10 pm
txn_1J2RtdJm8ehcCWGIVP6OmcTe - 8994163612810255 - June 16, 2021, 5:10 pm
2021Influencer712 - 8994163613049258 - June 16, 2021, 5:10 pm
txn_1J2cedJm8ehcCWGIz0ndzqUs - 8994163613211259 - June 16, 2021, 5:10 pm
txn_1J2kwuJm8ehcCWGI6HQMr9ZK - 8994163613048251 - June 16, 2021, 5:10 pm
txn_1J2f3hJm8ehcCWGIzNYrpi9E - 8994163613045250 - June 16, 2021, 5:10 pm
txn_1J2cDWJm8ehcCWGIo3Ht3WJy - 8994163612827253 - June 16, 2021, 5:10 pm
txn_1J2meAJm8ehcCWGIHKpXbPsG - 8994163612828250 - June 16, 2021, 5:10 pm
txn_1J2jHrJm8ehcCWGIrDtoklRW - 8994163612826256 - June 16, 2021, 5:10 pm
txn_1J2kUiJm8ehcCWGIxZCPyhXt - 8994163612809259 - June 16, 2021, 5:10 pm
txn_1J2RUEJm8ehcCWGIBakJU6TB - 8994163613046257 - June 16, 2021, 5:10 pm
txn_1J2k1hJm8ehcCWGIPmAJJK0J - 8994163613041252 - June 16, 2021, 5:10 pm
txn_1J2lxnJm8ehcCWGI186eSK1V - 8994163613043256 - June 16, 2021, 5:10 pm
txn_1J2RCYJm8ehcCWGIiPRezfKR - 8994163613040255 - June 16, 2021, 5:10 pm
txn_1J2isDJm8ehcCWGIGHeTmwhV - 8994163612806258 - June 16, 2021, 5:10 pm
txn_1J2Tk9Jm8ehcCWGIXA3G7T14 - 8994163612825259 - June 16, 2021, 5:10 pm
txn_1J2esAJm8ehcCWGIouCmEncH - 8994163613042259 - June 16, 2021, 5:10 pm
txn_1J2lxGJm8ehcCWGILIw48a0h - 8994163613038252 - June 16, 2021, 5:10 pm
txn_1J2S91Jm8ehcCWGISajH9wOO - 8994163612805251 - June 16, 2021, 5:10 pm
txn_1J2jmlJm8ehcCWGIS1crV7yC - 8994163612804254 - June 16, 2021, 5:10 pm
txn_1J2eiKJm8ehcCWGIGIvI4YWq - 8994163613035251 - June 16, 2021, 5:10 pm
txn_1J2R79Jm8ehcCWGIzd6OQxsi - 8994163613036258 - June 16, 2021, 5:10 pm
txn_1J2fiBJm8ehcCWGI6b0SFsGc - 8994163613037255 - June 16, 2021, 5:10 pm
txn_1J2jcQJm8ehcCWGIxjcHldwA - 8994163612829257 - June 16, 2021, 5:11 pm
txn_1J2RtdJm8ehcCWGIVP6OmcTe - 8994163612810255 - June 16, 2021, 5:11 pm
2021Influencer712 - 8994163613049258 - June 16, 2021, 5:11 pm
txn_1J2cedJm8ehcCWGIz0ndzqUs - 8994163613211259 - June 16, 2021, 5:11 pm
txn_1J2kwuJm8ehcCWGI6HQMr9ZK - 8994163613048251 - June 16, 2021, 5:11 pm
txn_1J2f3hJm8ehcCWGIzNYrpi9E - 8994163613045250 - June 16, 2021, 5:11 pm
txn_1J2cDWJm8ehcCWGIo3Ht3WJy - 8994163612827253 - June 16, 2021, 5:11 pm
txn_1J2meAJm8ehcCWGIHKpXbPsG - 8994163612828250 - June 16, 2021, 5:11 pm
txn_1J2jHrJm8ehcCWGIrDtoklRW - 8994163612826256 - June 16, 2021, 5:11 pm
txn_1J2kUiJm8ehcCWGIxZCPyhXt - 8994163612809259 - June 16, 2021, 5:11 pm
txn_1J2RUEJm8ehcCWGIBakJU6TB - 8994163613046257 - June 16, 2021, 5:11 pm
txn_1J2k1hJm8ehcCWGIPmAJJK0J - 8994163613041252 - June 16, 2021, 5:11 pm
txn_1J2lxnJm8ehcCWGI186eSK1V - 8994163613043256 - June 16, 2021, 5:11 pm
txn_1J2RCYJm8ehcCWGIiPRezfKR - 8994163613040255 - June 16, 2021, 5:11 pm
txn_1J2isDJm8ehcCWGIGHeTmwhV - 8994163612806258 - June 16, 2021, 5:11 pm
txn_1J2Tk9Jm8ehcCWGIXA3G7T14 - 8994163612825259 - June 16, 2021, 5:11 pm
txn_1J2esAJm8ehcCWGIouCmEncH - 8994163613042259 - June 16, 2021, 5:11 pm
txn_1J2lxGJm8ehcCWGILIw48a0h - 8994163613038252 - June 16, 2021, 5:11 pm
txn_1J2S91Jm8ehcCWGISajH9wOO - 8994163612805251 - June 16, 2021, 5:11 pm
txn_1J2jmlJm8ehcCWGIS1crV7yC - 8994163612804254 - June 16, 2021, 5:11 pm
txn_1J2eiKJm8ehcCWGIGIvI4YWq - 8994163613035251 - June 16, 2021, 5:11 pm
txn_1J2R79Jm8ehcCWGIzd6OQxsi - 8994163613036258 - June 16, 2021, 5:11 pm
txn_1J2fiBJm8ehcCWGI6b0SFsGc - 8994163613037255 - June 16, 2021, 5:11 pm
txn_1J2fcTJm8ehcCWGIGPWhf3gK - 8994163613088257 - June 16, 2021, 5:12 pm
