txn_1II20kJm8ehcCWGI11XhvaSa - 8994163015289207 - February 7, 2021, 11:37 pm
txn_1IIIOBJm8ehcCWGIaNahCXWv - 8994163015288200 - February 7, 2021, 11:37 pm
txn_1IHfO2Jm8ehcCWGI2J2oqveC - 8994163015098205 - February 7, 2021, 11:37 pm
txn_1IIR83Jm8ehcCWGI3OUINdJG - 8994163015097208 - February 7, 2021, 11:37 pm
txn_1IHxt7Jm8ehcCWGIvgyZA2ov - 8994163015287203 - February 7, 2021, 11:37 pm
txn_1IHvHJJm8ehcCWGIqtd13TuD - 8994163015286206 - February 7, 2021, 11:37 pm
txn_1II2HeJm8ehcCWGIVMXLp6RF - 8994163015285209 - February 7, 2021, 11:37 pm
txn_1IIIYWJm8ehcCWGIuwlDYORK - 8994163015096201 - February 7, 2021, 11:37 pm
txn_1IHfcxJm8ehcCWGIg15MjojE - 8994163014924208 - February 7, 2021, 11:37 pm
txn_1IHy2OJm8ehcCWGIDbLHbZ0j - 8994163015284202 - February 7, 2021, 11:37 pm
txn_1IIROFJm8ehcCWGICdyyGFV5 - 8994163015095204 - February 7, 2021, 11:37 pm
txn_1IHvIjJm8ehcCWGIwFlKnQjS - 8994163014923201 - February 7, 2021, 11:37 pm
txn_1IIJ2hJm8ehcCWGIBzRKreoT - 8994163015092203 - February 7, 2021, 11:37 pm
txn_1II2ZhJm8ehcCWGIfp01kA3j - 8994163014922204 - February 7, 2021, 11:37 pm
txn_1IHyKwJm8ehcCWGIOveJJQuA - 8994163015283205 - February 7, 2021, 11:37 pm
txn_1IHVpFJm8ehcCWGI7xuESm0I - 8994163015094207 - February 7, 2021, 11:37 pm
txn_1IHvMYJm8ehcCWGIWQH5cO7O - 8994163015093200 - February 7, 2021, 11:37 pm
txn_1IHhjbJm8ehcCWGIYfwiSckZ - 8994163015282208 - February 7, 2021, 11:37 pm
txn_1II20kJm8ehcCWGI11XhvaSa - 8994163015289207 - February 7, 2021, 11:38 pm
txn_1IIIOBJm8ehcCWGIaNahCXWv - 8994163015288200 - February 7, 2021, 11:38 pm
txn_1IHfO2Jm8ehcCWGI2J2oqveC - 8994163015098205 - February 7, 2021, 11:38 pm
txn_1IIR83Jm8ehcCWGI3OUINdJG - 8994163015097208 - February 7, 2021, 11:38 pm
txn_1IHxt7Jm8ehcCWGIvgyZA2ov - 8994163015287203 - February 7, 2021, 11:38 pm
txn_1IHvHJJm8ehcCWGIqtd13TuD - 8994163015286206 - February 7, 2021, 11:38 pm
txn_1II2HeJm8ehcCWGIVMXLp6RF - 8994163015285209 - February 7, 2021, 11:38 pm
txn_1IIIYWJm8ehcCWGIuwlDYORK - 8994163015096201 - February 7, 2021, 11:38 pm
txn_1IHfcxJm8ehcCWGIg15MjojE - 8994163014924208 - February 7, 2021, 11:38 pm
txn_1IHy2OJm8ehcCWGIDbLHbZ0j - 8994163015284202 - February 7, 2021, 11:38 pm
txn_1IIROFJm8ehcCWGICdyyGFV5 - 8994163015095204 - February 7, 2021, 11:38 pm
txn_1IHvIjJm8ehcCWGIwFlKnQjS - 8994163014923201 - February 7, 2021, 11:38 pm
txn_1IIJ2hJm8ehcCWGIBzRKreoT - 8994163015092203 - February 7, 2021, 11:38 pm
txn_1II2ZhJm8ehcCWGIfp01kA3j - 8994163014922204 - February 7, 2021, 11:38 pm
txn_1IHyKwJm8ehcCWGIOveJJQuA - 8994163015283205 - February 7, 2021, 11:38 pm
txn_1IHVpFJm8ehcCWGI7xuESm0I - 8994163015094207 - February 7, 2021, 11:38 pm
txn_1IHvMYJm8ehcCWGIWQH5cO7O - 8994163015093200 - February 7, 2021, 11:38 pm
txn_1IHhjbJm8ehcCWGIYfwiSckZ - 8994163015282208 - February 7, 2021, 11:38 pm
txn_1II20kJm8ehcCWGI11XhvaSa - 8994163015289207 - February 7, 2021, 11:38 pm
txn_1IIIOBJm8ehcCWGIaNahCXWv - 8994163015288200 - February 7, 2021, 11:38 pm
txn_1IHfO2Jm8ehcCWGI2J2oqveC - 8994163015098205 - February 7, 2021, 11:38 pm
txn_1IIR83Jm8ehcCWGI3OUINdJG - 8994163015097208 - February 7, 2021, 11:38 pm
txn_1IHxt7Jm8ehcCWGIvgyZA2ov - 8994163015287203 - February 7, 2021, 11:38 pm
txn_1IHvHJJm8ehcCWGIqtd13TuD - 8994163015286206 - February 7, 2021, 11:38 pm
txn_1II2HeJm8ehcCWGIVMXLp6RF - 8994163015285209 - February 7, 2021, 11:38 pm
txn_1IIIYWJm8ehcCWGIuwlDYORK - 8994163015096201 - February 7, 2021, 11:38 pm
txn_1IHfcxJm8ehcCWGIg15MjojE - 8994163014924208 - February 7, 2021, 11:38 pm
txn_1IHy2OJm8ehcCWGIDbLHbZ0j - 8994163015284202 - February 7, 2021, 11:38 pm
txn_1IIROFJm8ehcCWGICdyyGFV5 - 8994163015095204 - February 7, 2021, 11:38 pm
txn_1IHvIjJm8ehcCWGIwFlKnQjS - 8994163014923201 - February 7, 2021, 11:38 pm
txn_1IIJ2hJm8ehcCWGIBzRKreoT - 8994163015092203 - February 7, 2021, 11:38 pm
txn_1II2ZhJm8ehcCWGIfp01kA3j - 8994163014922204 - February 7, 2021, 11:38 pm
txn_1IHyKwJm8ehcCWGIOveJJQuA - 8994163015283205 - February 7, 2021, 11:38 pm
txn_1IHVpFJm8ehcCWGI7xuESm0I - 8994163015094207 - February 7, 2021, 11:38 pm
txn_1IHvMYJm8ehcCWGIWQH5cO7O - 8994163015093200 - February 7, 2021, 11:38 pm
txn_1IHhjbJm8ehcCWGIYfwiSckZ - 8994163015282208 - February 7, 2021, 11:38 pm
txn_1II20kJm8ehcCWGI11XhvaSa - 8994163015289207 - February 7, 2021, 11:38 pm
txn_1IIIOBJm8ehcCWGIaNahCXWv - 8994163015288200 - February 7, 2021, 11:38 pm
txn_1IHfO2Jm8ehcCWGI2J2oqveC - 8994163015098205 - February 7, 2021, 11:38 pm
txn_1IIR83Jm8ehcCWGI3OUINdJG - 8994163015097208 - February 7, 2021, 11:38 pm
txn_1IHxt7Jm8ehcCWGIvgyZA2ov - 8994163015287203 - February 7, 2021, 11:38 pm
txn_1IHvHJJm8ehcCWGIqtd13TuD - 8994163015286206 - February 7, 2021, 11:38 pm
txn_1II2HeJm8ehcCWGIVMXLp6RF - 8994163015285209 - February 7, 2021, 11:38 pm
txn_1IIIYWJm8ehcCWGIuwlDYORK - 8994163015096201 - February 7, 2021, 11:38 pm
txn_1IHfcxJm8ehcCWGIg15MjojE - 8994163014924208 - February 7, 2021, 11:38 pm
txn_1IHy2OJm8ehcCWGIDbLHbZ0j - 8994163015284202 - February 7, 2021, 11:38 pm
txn_1IIROFJm8ehcCWGICdyyGFV5 - 8994163015095204 - February 7, 2021, 11:38 pm
txn_1IHvIjJm8ehcCWGIwFlKnQjS - 8994163014923201 - February 7, 2021, 11:38 pm
txn_1IIJ2hJm8ehcCWGIBzRKreoT - 8994163015092203 - February 7, 2021, 11:38 pm
txn_1II2ZhJm8ehcCWGIfp01kA3j - 8994163014922204 - February 7, 2021, 11:38 pm
txn_1IHyKwJm8ehcCWGIOveJJQuA - 8994163015283205 - February 7, 2021, 11:38 pm
txn_1IHVpFJm8ehcCWGI7xuESm0I - 8994163015094207 - February 7, 2021, 11:38 pm
txn_1IHvMYJm8ehcCWGIWQH5cO7O - 8994163015093200 - February 7, 2021, 11:38 pm
txn_1IHhjbJm8ehcCWGIYfwiSckZ - 8994163015282208 - February 7, 2021, 11:38 pm
txn_1II20kJm8ehcCWGI11XhvaSa - 8994163015289207 - February 7, 2021, 11:38 pm
txn_1IIIOBJm8ehcCWGIaNahCXWv - 8994163015288200 - February 7, 2021, 11:38 pm
txn_1IHfO2Jm8ehcCWGI2J2oqveC - 8994163015098205 - February 7, 2021, 11:38 pm
txn_1IIR83Jm8ehcCWGI3OUINdJG - 8994163015097208 - February 7, 2021, 11:38 pm
txn_1IHxt7Jm8ehcCWGIvgyZA2ov - 8994163015287203 - February 7, 2021, 11:38 pm
txn_1IHvHJJm8ehcCWGIqtd13TuD - 8994163015286206 - February 7, 2021, 11:38 pm
txn_1II2HeJm8ehcCWGIVMXLp6RF - 8994163015285209 - February 7, 2021, 11:38 pm
txn_1IIIYWJm8ehcCWGIuwlDYORK - 8994163015096201 - February 7, 2021, 11:38 pm
txn_1IHfcxJm8ehcCWGIg15MjojE - 8994163014924208 - February 7, 2021, 11:38 pm
txn_1IHy2OJm8ehcCWGIDbLHbZ0j - 8994163015284202 - February 7, 2021, 11:38 pm
txn_1IIROFJm8ehcCWGICdyyGFV5 - 8994163015095204 - February 7, 2021, 11:38 pm
txn_1IHvIjJm8ehcCWGIwFlKnQjS - 8994163014923201 - February 7, 2021, 11:38 pm
txn_1IIJ2hJm8ehcCWGIBzRKreoT - 8994163015092203 - February 7, 2021, 11:38 pm
txn_1II2ZhJm8ehcCWGIfp01kA3j - 8994163014922204 - February 7, 2021, 11:38 pm
txn_1IHyKwJm8ehcCWGIOveJJQuA - 8994163015283205 - February 7, 2021, 11:38 pm
txn_1IHVpFJm8ehcCWGI7xuESm0I - 8994163015094207 - February 7, 2021, 11:38 pm
txn_1IHvMYJm8ehcCWGIWQH5cO7O - 8994163015093200 - February 7, 2021, 11:38 pm
txn_1IHhjbJm8ehcCWGIYfwiSckZ - 8994163015282208 - February 7, 2021, 11:38 pm
txn_1II20kJm8ehcCWGI11XhvaSa - 8994163015289207 - February 7, 2021, 11:39 pm
txn_1IIIOBJm8ehcCWGIaNahCXWv - 8994163015288200 - February 7, 2021, 11:39 pm
txn_1IHfO2Jm8ehcCWGI2J2oqveC - 8994163015098205 - February 7, 2021, 11:39 pm
txn_1IIR83Jm8ehcCWGI3OUINdJG - 8994163015097208 - February 7, 2021, 11:39 pm
txn_1IHxt7Jm8ehcCWGIvgyZA2ov - 8994163015287203 - February 7, 2021, 11:39 pm
txn_1IHvHJJm8ehcCWGIqtd13TuD - 8994163015286206 - February 7, 2021, 11:39 pm
txn_1II2HeJm8ehcCWGIVMXLp6RF - 8994163015285209 - February 7, 2021, 11:39 pm
txn_1IIIYWJm8ehcCWGIuwlDYORK - 8994163015096201 - February 7, 2021, 11:39 pm
txn_1IHfcxJm8ehcCWGIg15MjojE - 8994163014924208 - February 7, 2021, 11:39 pm
txn_1IHy2OJm8ehcCWGIDbLHbZ0j - 8994163015284202 - February 7, 2021, 11:39 pm
txn_1IIROFJm8ehcCWGICdyyGFV5 - 8994163015095204 - February 7, 2021, 11:39 pm
txn_1IHvIjJm8ehcCWGIwFlKnQjS - 8994163014923201 - February 7, 2021, 11:39 pm
txn_1IIJ2hJm8ehcCWGIBzRKreoT - 8994163015092203 - February 7, 2021, 11:39 pm
txn_1II2ZhJm8ehcCWGIfp01kA3j - 8994163014922204 - February 7, 2021, 11:39 pm
txn_1IHyKwJm8ehcCWGIOveJJQuA - 8994163015283205 - February 7, 2021, 11:39 pm
txn_1IHVpFJm8ehcCWGI7xuESm0I - 8994163015094207 - February 7, 2021, 11:39 pm
txn_1IHvMYJm8ehcCWGIWQH5cO7O - 8994163015093200 - February 7, 2021, 11:39 pm
txn_1IHhjbJm8ehcCWGIYfwiSckZ - 8994163015282208 - February 7, 2021, 11:39 pm
txn_1IHtVOJm8ehcCWGIvJeDON0k - 8994163015304207 - February 7, 2021, 11:39 pm
txn_1IHaViJm8ehcCWGI2jQhT2fK - 8994163015303200 - February 7, 2021, 11:39 pm
txn_1IHxbfJm8ehcCWGIdfHsaXzc - 8994163014933200 - February 7, 2021, 11:39 pm
txn_1II4QnJm8ehcCWGIXGf1eWGl - 8994163014932203 - February 7, 2021, 11:39 pm
txn_1IIOrcJm8ehcCWGIWMFOOnIC - 8994163015302203 - February 7, 2021, 11:39 pm
txn_1IHtZRJm8ehcCWGIr1nmuo93 - 8994163014931206 - February 7, 2021, 11:39 pm
txn_1IHb7oJm8ehcCWGIBOUN40gN - 8994163015301206 - February 7, 2021, 11:39 pm
txn_1IHxmcJm8ehcCWGIHarNCThN - 8994163015300209 - February 7, 2021, 11:39 pm
txn_1II4SQJm8ehcCWGIa1lmBmYb - 8994163014930209 - February 7, 2021, 11:39 pm
txn_1IIP7yJm8ehcCWGIcBKiuxkV - 8994163015299206 - February 7, 2021, 11:39 pm
txn_1IHuIhJm8ehcCWGIDp1Oqrtu - 8994163014929203 - February 7, 2021, 11:39 pm
txn_1IHcInJm8ehcCWGIHXRGuPRg - 8994163015103206 - February 7, 2021, 11:39 pm
txn_1IICzkJm8ehcCWGIvxFQbtwC - 8994163015298209 - February 7, 2021, 11:39 pm
txn_1IHzdUJm8ehcCWGIrks2WHbt - 8994163015297202 - February 7, 2021, 11:39 pm
txn_1IIPYxJm8ehcCWGIKTAnRBkA - 8994163014928206 - February 7, 2021, 11:39 pm
txn_1IHuXZJm8ehcCWGIIrdYMbIm - 8994163014927209 - February 7, 2021, 11:39 pm
txn_1IHcljJm8ehcCWGIFuF6y83b - 8994163015296205 - February 7, 2021, 11:39 pm
txn_1IIGaDJm8ehcCWGIDGk5XT8U - 8994163015294201 - February 7, 2021, 11:39 pm
txn_1IHzhHJm8ehcCWGIgCrNsAtK - 8994163015295208 - February 7, 2021, 11:39 pm
txn_1IIPsSJm8ehcCWGI8WlckF4L - 8994163015293204 - February 7, 2021, 11:39 pm
txn_1IIGv7Jm8ehcCWGIG97KQbss -  - February 7, 2021, 11:39 pm
txn_1IHvMiJm8ehcCWGIhbuNGbjY -  - February 7, 2021, 11:39 pm
txn_1IHaGKJm8ehcCWGIzHzdBeJe -  - February 7, 2021, 11:39 pm
txn_1IIHgkJm8ehcCWGI0ya5e6lJ -  - February 7, 2021, 11:39 pm
txn_1IHvZRJm8ehcCWGI7qXMvrti -  - February 7, 2021, 11:39 pm
txn_1IHaQkJm8ehcCWGIPRRUAiRT -  - February 7, 2021, 11:39 pm
txn_1IHwd0Jm8ehcCWGIsQCaHW8H -  - February 7, 2021, 11:39 pm
txn_1IHddoJm8ehcCWGIjdbpWOAF -  - February 7, 2021, 11:39 pm
txn_1IHxCXJm8ehcCWGIAGEkilZZ -  - February 7, 2021, 11:39 pm
txn_1III9kJm8ehcCWGIn4NbSmV8 -  - February 7, 2021, 11:39 pm
txn_1IHxGcJm8ehcCWGIZhPGZazR -  - February 7, 2021, 11:39 pm
txn_1IIJEyJm8ehcCWGIHfuQVA1s -  - February 7, 2021, 11:39 pm
txn_1IHdiSJm8ehcCWGIhDjjdsIc -  - February 7, 2021, 11:39 pm
txn_1IILP2Jm8ehcCWGIYUNOe2lt -  - February 7, 2021, 11:39 pm
txn_1IHe6WJm8ehcCWGI439hyMWE -  - February 7, 2021, 11:39 pm
txn_1IHxLuJm8ehcCWGIUEBOtkoS -  - February 7, 2021, 11:39 pm
txn_1IHeQDJm8ehcCWGItGkogpYM -  - February 7, 2021, 11:39 pm
txn_1IILXQJm8ehcCWGIR7wPX80h -  - February 7, 2021, 11:39 pm
txn_1II0BQJm8ehcCWGI0P3nrSPg -  - February 7, 2021, 11:39 pm
txn_1IHmAOJm8ehcCWGI8qOZrhKn -  - February 7, 2021, 11:39 pm
txn_1II0BiJm8ehcCWGIGB0A0CoZ -  - February 7, 2021, 11:39 pm
txn_1IILy0Jm8ehcCWGIDNhtI89a -  - February 7, 2021, 11:39 pm
txn_1II0IRJm8ehcCWGITttiPgfK -  - February 7, 2021, 11:39 pm
txn_1IHq94Jm8ehcCWGIAuonX1kD -  - February 7, 2021, 11:39 pm
txn_1II20kJm8ehcCWGI11XhvaSa - 8994163015289207 - February 7, 2021, 11:39 pm
txn_1IIIOBJm8ehcCWGIaNahCXWv - 8994163015288200 - February 7, 2021, 11:39 pm
txn_1IHfO2Jm8ehcCWGI2J2oqveC - 8994163015098205 - February 7, 2021, 11:39 pm
txn_1IIR83Jm8ehcCWGI3OUINdJG - 8994163015097208 - February 7, 2021, 11:39 pm
txn_1IHxt7Jm8ehcCWGIvgyZA2ov - 8994163015287203 - February 7, 2021, 11:39 pm
txn_1IHvHJJm8ehcCWGIqtd13TuD - 8994163015286206 - February 7, 2021, 11:39 pm
txn_1II2HeJm8ehcCWGIVMXLp6RF - 8994163015285209 - February 7, 2021, 11:39 pm
txn_1IIIYWJm8ehcCWGIuwlDYORK - 8994163015096201 - February 7, 2021, 11:39 pm
txn_1IHfcxJm8ehcCWGIg15MjojE - 8994163014924208 - February 7, 2021, 11:39 pm
txn_1IHy2OJm8ehcCWGIDbLHbZ0j - 8994163015284202 - February 7, 2021, 11:39 pm
txn_1IIROFJm8ehcCWGICdyyGFV5 - 8994163015095204 - February 7, 2021, 11:39 pm
txn_1IHvIjJm8ehcCWGIwFlKnQjS - 8994163014923201 - February 7, 2021, 11:39 pm
txn_1IIJ2hJm8ehcCWGIBzRKreoT - 8994163015092203 - February 7, 2021, 11:39 pm
txn_1II2ZhJm8ehcCWGIfp01kA3j - 8994163014922204 - February 7, 2021, 11:39 pm
txn_1IHyKwJm8ehcCWGIOveJJQuA - 8994163015283205 - February 7, 2021, 11:39 pm
txn_1IHVpFJm8ehcCWGI7xuESm0I - 8994163015094207 - February 7, 2021, 11:39 pm
txn_1IHvMYJm8ehcCWGIWQH5cO7O - 8994163015093200 - February 7, 2021, 11:39 pm
txn_1IHhjbJm8ehcCWGIYfwiSckZ - 8994163015282208 - February 7, 2021, 11:39 pm
txn_1IHtVOJm8ehcCWGIvJeDON0k - 8994163015304207 - February 7, 2021, 11:39 pm
txn_1IHaViJm8ehcCWGI2jQhT2fK - 8994163015303200 - February 7, 2021, 11:39 pm
txn_1IHxbfJm8ehcCWGIdfHsaXzc - 8994163014933200 - February 7, 2021, 11:39 pm
txn_1II4QnJm8ehcCWGIXGf1eWGl - 8994163014932203 - February 7, 2021, 11:39 pm
txn_1IIOrcJm8ehcCWGIWMFOOnIC - 8994163015302203 - February 7, 2021, 11:39 pm
txn_1IHtZRJm8ehcCWGIr1nmuo93 - 8994163014931206 - February 7, 2021, 11:39 pm
txn_1IHb7oJm8ehcCWGIBOUN40gN - 8994163015301206 - February 7, 2021, 11:39 pm
txn_1IHxmcJm8ehcCWGIHarNCThN - 8994163015300209 - February 7, 2021, 11:39 pm
txn_1II4SQJm8ehcCWGIa1lmBmYb - 8994163014930209 - February 7, 2021, 11:39 pm
txn_1IIP7yJm8ehcCWGIcBKiuxkV - 8994163015299206 - February 7, 2021, 11:39 pm
txn_1IHuIhJm8ehcCWGIDp1Oqrtu - 8994163014929203 - February 7, 2021, 11:39 pm
txn_1IHcInJm8ehcCWGIHXRGuPRg - 8994163015103206 - February 7, 2021, 11:39 pm
txn_1IICzkJm8ehcCWGIvxFQbtwC - 8994163015298209 - February 7, 2021, 11:39 pm
txn_1IHzdUJm8ehcCWGIrks2WHbt - 8994163015297202 - February 7, 2021, 11:39 pm
txn_1IIPYxJm8ehcCWGIKTAnRBkA - 8994163014928206 - February 7, 2021, 11:39 pm
txn_1IHuXZJm8ehcCWGIIrdYMbIm - 8994163014927209 - February 7, 2021, 11:39 pm
txn_1IHcljJm8ehcCWGIFuF6y83b - 8994163015296205 - February 7, 2021, 11:39 pm
txn_1IIGaDJm8ehcCWGIDGk5XT8U - 8994163015294201 - February 7, 2021, 11:39 pm
txn_1IHzhHJm8ehcCWGIgCrNsAtK - 8994163015295208 - February 7, 2021, 11:39 pm
txn_1IIPsSJm8ehcCWGI8WlckF4L - 8994163015293204 - February 7, 2021, 11:39 pm
txn_1II20kJm8ehcCWGI11XhvaSa - 8994163015289207 - February 7, 2021, 11:39 pm
txn_1IIIOBJm8ehcCWGIaNahCXWv - 8994163015288200 - February 7, 2021, 11:39 pm
txn_1IHfO2Jm8ehcCWGI2J2oqveC - 8994163015098205 - February 7, 2021, 11:39 pm
txn_1IIR83Jm8ehcCWGI3OUINdJG - 8994163015097208 - February 7, 2021, 11:39 pm
txn_1IHxt7Jm8ehcCWGIvgyZA2ov - 8994163015287203 - February 7, 2021, 11:39 pm
txn_1IHvHJJm8ehcCWGIqtd13TuD - 8994163015286206 - February 7, 2021, 11:39 pm
txn_1II2HeJm8ehcCWGIVMXLp6RF - 8994163015285209 - February 7, 2021, 11:39 pm
txn_1IIIYWJm8ehcCWGIuwlDYORK - 8994163015096201 - February 7, 2021, 11:39 pm
txn_1IHfcxJm8ehcCWGIg15MjojE - 8994163014924208 - February 7, 2021, 11:39 pm
txn_1IHy2OJm8ehcCWGIDbLHbZ0j - 8994163015284202 - February 7, 2021, 11:39 pm
txn_1IIROFJm8ehcCWGICdyyGFV5 - 8994163015095204 - February 7, 2021, 11:39 pm
txn_1IHvIjJm8ehcCWGIwFlKnQjS - 8994163014923201 - February 7, 2021, 11:39 pm
txn_1IIJ2hJm8ehcCWGIBzRKreoT - 8994163015092203 - February 7, 2021, 11:39 pm
txn_1II2ZhJm8ehcCWGIfp01kA3j - 8994163014922204 - February 7, 2021, 11:39 pm
txn_1IHyKwJm8ehcCWGIOveJJQuA - 8994163015283205 - February 7, 2021, 11:39 pm
txn_1IHVpFJm8ehcCWGI7xuESm0I - 8994163015094207 - February 7, 2021, 11:39 pm
txn_1IHvMYJm8ehcCWGIWQH5cO7O - 8994163015093200 - February 7, 2021, 11:39 pm
txn_1IHhjbJm8ehcCWGIYfwiSckZ - 8994163015282208 - February 7, 2021, 11:39 pm
txn_1IHtVOJm8ehcCWGIvJeDON0k - 8994163015304207 - February 7, 2021, 11:39 pm
txn_1IHaViJm8ehcCWGI2jQhT2fK - 8994163015303200 - February 7, 2021, 11:39 pm
txn_1IHxbfJm8ehcCWGIdfHsaXzc - 8994163014933200 - February 7, 2021, 11:39 pm
txn_1II4QnJm8ehcCWGIXGf1eWGl - 8994163014932203 - February 7, 2021, 11:39 pm
txn_1IIOrcJm8ehcCWGIWMFOOnIC - 8994163015302203 - February 7, 2021, 11:39 pm
txn_1IHtZRJm8ehcCWGIr1nmuo93 - 8994163014931206 - February 7, 2021, 11:39 pm
txn_1IHb7oJm8ehcCWGIBOUN40gN - 8994163015301206 - February 7, 2021, 11:39 pm
txn_1IHxmcJm8ehcCWGIHarNCThN - 8994163015300209 - February 7, 2021, 11:39 pm
txn_1II4SQJm8ehcCWGIa1lmBmYb - 8994163014930209 - February 7, 2021, 11:39 pm
txn_1IIP7yJm8ehcCWGIcBKiuxkV - 8994163015299206 - February 7, 2021, 11:39 pm
txn_1IHuIhJm8ehcCWGIDp1Oqrtu - 8994163014929203 - February 7, 2021, 11:39 pm
txn_1IHcInJm8ehcCWGIHXRGuPRg - 8994163015103206 - February 7, 2021, 11:39 pm
txn_1IICzkJm8ehcCWGIvxFQbtwC - 8994163015298209 - February 7, 2021, 11:39 pm
txn_1IHzdUJm8ehcCWGIrks2WHbt - 8994163015297202 - February 7, 2021, 11:39 pm
txn_1IIPYxJm8ehcCWGIKTAnRBkA - 8994163014928206 - February 7, 2021, 11:39 pm
txn_1IHuXZJm8ehcCWGIIrdYMbIm - 8994163014927209 - February 7, 2021, 11:39 pm
txn_1IHcljJm8ehcCWGIFuF6y83b - 8994163015296205 - February 7, 2021, 11:39 pm
txn_1IIGaDJm8ehcCWGIDGk5XT8U - 8994163015294201 - February 7, 2021, 11:39 pm
txn_1IHzhHJm8ehcCWGIgCrNsAtK - 8994163015295208 - February 7, 2021, 11:39 pm
txn_1IIPsSJm8ehcCWGI8WlckF4L - 8994163015293204 - February 7, 2021, 11:39 pm
txn_1II20kJm8ehcCWGI11XhvaSa - 8994163015289207 - February 7, 2021, 11:39 pm
txn_1IIIOBJm8ehcCWGIaNahCXWv - 8994163015288200 - February 7, 2021, 11:39 pm
txn_1IHfO2Jm8ehcCWGI2J2oqveC - 8994163015098205 - February 7, 2021, 11:39 pm
txn_1IIR83Jm8ehcCWGI3OUINdJG - 8994163015097208 - February 7, 2021, 11:39 pm
txn_1IHxt7Jm8ehcCWGIvgyZA2ov - 8994163015287203 - February 7, 2021, 11:39 pm
txn_1IHvHJJm8ehcCWGIqtd13TuD - 8994163015286206 - February 7, 2021, 11:39 pm
txn_1II2HeJm8ehcCWGIVMXLp6RF - 8994163015285209 - February 7, 2021, 11:39 pm
txn_1IIIYWJm8ehcCWGIuwlDYORK - 8994163015096201 - February 7, 2021, 11:39 pm
txn_1IHfcxJm8ehcCWGIg15MjojE - 8994163014924208 - February 7, 2021, 11:39 pm
txn_1IHy2OJm8ehcCWGIDbLHbZ0j - 8994163015284202 - February 7, 2021, 11:39 pm
txn_1IIROFJm8ehcCWGICdyyGFV5 - 8994163015095204 - February 7, 2021, 11:39 pm
txn_1IHvIjJm8ehcCWGIwFlKnQjS - 8994163014923201 - February 7, 2021, 11:39 pm
txn_1IIJ2hJm8ehcCWGIBzRKreoT - 8994163015092203 - February 7, 2021, 11:39 pm
txn_1II2ZhJm8ehcCWGIfp01kA3j - 8994163014922204 - February 7, 2021, 11:39 pm
txn_1IHyKwJm8ehcCWGIOveJJQuA - 8994163015283205 - February 7, 2021, 11:39 pm
txn_1IHVpFJm8ehcCWGI7xuESm0I - 8994163015094207 - February 7, 2021, 11:39 pm
txn_1IHvMYJm8ehcCWGIWQH5cO7O - 8994163015093200 - February 7, 2021, 11:39 pm
txn_1IHhjbJm8ehcCWGIYfwiSckZ - 8994163015282208 - February 7, 2021, 11:39 pm
txn_1IHtVOJm8ehcCWGIvJeDON0k - 8994163015304207 - February 7, 2021, 11:39 pm
txn_1IHaViJm8ehcCWGI2jQhT2fK - 8994163015303200 - February 7, 2021, 11:39 pm
txn_1IHxbfJm8ehcCWGIdfHsaXzc - 8994163014933200 - February 7, 2021, 11:39 pm
txn_1II4QnJm8ehcCWGIXGf1eWGl - 8994163014932203 - February 7, 2021, 11:39 pm
txn_1IIOrcJm8ehcCWGIWMFOOnIC - 8994163015302203 - February 7, 2021, 11:39 pm
txn_1IHtZRJm8ehcCWGIr1nmuo93 - 8994163014931206 - February 7, 2021, 11:39 pm
txn_1IHb7oJm8ehcCWGIBOUN40gN - 8994163015301206 - February 7, 2021, 11:39 pm
txn_1IHxmcJm8ehcCWGIHarNCThN - 8994163015300209 - February 7, 2021, 11:39 pm
txn_1II4SQJm8ehcCWGIa1lmBmYb - 8994163014930209 - February 7, 2021, 11:39 pm
txn_1IIP7yJm8ehcCWGIcBKiuxkV - 8994163015299206 - February 7, 2021, 11:39 pm
txn_1IHuIhJm8ehcCWGIDp1Oqrtu - 8994163014929203 - February 7, 2021, 11:39 pm
txn_1IHcInJm8ehcCWGIHXRGuPRg - 8994163015103206 - February 7, 2021, 11:39 pm
txn_1IICzkJm8ehcCWGIvxFQbtwC - 8994163015298209 - February 7, 2021, 11:39 pm
txn_1IHzdUJm8ehcCWGIrks2WHbt - 8994163015297202 - February 7, 2021, 11:39 pm
txn_1IIPYxJm8ehcCWGIKTAnRBkA - 8994163014928206 - February 7, 2021, 11:39 pm
txn_1IHuXZJm8ehcCWGIIrdYMbIm - 8994163014927209 - February 7, 2021, 11:39 pm
txn_1IHcljJm8ehcCWGIFuF6y83b - 8994163015296205 - February 7, 2021, 11:39 pm
txn_1IIGaDJm8ehcCWGIDGk5XT8U - 8994163015294201 - February 7, 2021, 11:39 pm
txn_1IHzhHJm8ehcCWGIgCrNsAtK - 8994163015295208 - February 7, 2021, 11:39 pm
txn_1IIPsSJm8ehcCWGI8WlckF4L - 8994163015293204 - February 7, 2021, 11:39 pm
txn_1II20kJm8ehcCWGI11XhvaSa - 8994163015289207 - February 7, 2021, 11:39 pm
txn_1IIIOBJm8ehcCWGIaNahCXWv - 8994163015288200 - February 7, 2021, 11:39 pm
txn_1IHfO2Jm8ehcCWGI2J2oqveC - 8994163015098205 - February 7, 2021, 11:39 pm
txn_1IIR83Jm8ehcCWGI3OUINdJG - 8994163015097208 - February 7, 2021, 11:39 pm
txn_1IHxt7Jm8ehcCWGIvgyZA2ov - 8994163015287203 - February 7, 2021, 11:39 pm
txn_1IHvHJJm8ehcCWGIqtd13TuD - 8994163015286206 - February 7, 2021, 11:39 pm
txn_1II2HeJm8ehcCWGIVMXLp6RF - 8994163015285209 - February 7, 2021, 11:39 pm
txn_1IIIYWJm8ehcCWGIuwlDYORK - 8994163015096201 - February 7, 2021, 11:39 pm
txn_1IHfcxJm8ehcCWGIg15MjojE - 8994163014924208 - February 7, 2021, 11:39 pm
txn_1IHy2OJm8ehcCWGIDbLHbZ0j - 8994163015284202 - February 7, 2021, 11:39 pm
txn_1IIROFJm8ehcCWGICdyyGFV5 - 8994163015095204 - February 7, 2021, 11:39 pm
txn_1IHvIjJm8ehcCWGIwFlKnQjS - 8994163014923201 - February 7, 2021, 11:39 pm
txn_1IIJ2hJm8ehcCWGIBzRKreoT - 8994163015092203 - February 7, 2021, 11:39 pm
txn_1II2ZhJm8ehcCWGIfp01kA3j - 8994163014922204 - February 7, 2021, 11:39 pm
txn_1IHyKwJm8ehcCWGIOveJJQuA - 8994163015283205 - February 7, 2021, 11:39 pm
txn_1IHVpFJm8ehcCWGI7xuESm0I - 8994163015094207 - February 7, 2021, 11:39 pm
txn_1IHvMYJm8ehcCWGIWQH5cO7O - 8994163015093200 - February 7, 2021, 11:39 pm
txn_1IHhjbJm8ehcCWGIYfwiSckZ - 8994163015282208 - February 7, 2021, 11:39 pm
txn_1IHtVOJm8ehcCWGIvJeDON0k - 8994163015304207 - February 7, 2021, 11:39 pm
txn_1IHaViJm8ehcCWGI2jQhT2fK - 8994163015303200 - February 7, 2021, 11:39 pm
txn_1IHxbfJm8ehcCWGIdfHsaXzc - 8994163014933200 - February 7, 2021, 11:39 pm
txn_1II4QnJm8ehcCWGIXGf1eWGl - 8994163014932203 - February 7, 2021, 11:39 pm
txn_1IIOrcJm8ehcCWGIWMFOOnIC - 8994163015302203 - February 7, 2021, 11:39 pm
txn_1IHtZRJm8ehcCWGIr1nmuo93 - 8994163014931206 - February 7, 2021, 11:39 pm
txn_1IHb7oJm8ehcCWGIBOUN40gN - 8994163015301206 - February 7, 2021, 11:39 pm
txn_1IHxmcJm8ehcCWGIHarNCThN - 8994163015300209 - February 7, 2021, 11:39 pm
txn_1II4SQJm8ehcCWGIa1lmBmYb - 8994163014930209 - February 7, 2021, 11:39 pm
txn_1IIP7yJm8ehcCWGIcBKiuxkV - 8994163015299206 - February 7, 2021, 11:39 pm
txn_1IHuIhJm8ehcCWGIDp1Oqrtu - 8994163014929203 - February 7, 2021, 11:39 pm
txn_1IHcInJm8ehcCWGIHXRGuPRg - 8994163015103206 - February 7, 2021, 11:39 pm
txn_1IICzkJm8ehcCWGIvxFQbtwC - 8994163015298209 - February 7, 2021, 11:39 pm
txn_1IHzdUJm8ehcCWGIrks2WHbt - 8994163015297202 - February 7, 2021, 11:39 pm
txn_1IIPYxJm8ehcCWGIKTAnRBkA - 8994163014928206 - February 7, 2021, 11:39 pm
txn_1IHuXZJm8ehcCWGIIrdYMbIm - 8994163014927209 - February 7, 2021, 11:39 pm
txn_1IHcljJm8ehcCWGIFuF6y83b - 8994163015296205 - February 7, 2021, 11:39 pm
txn_1IIGaDJm8ehcCWGIDGk5XT8U - 8994163015294201 - February 7, 2021, 11:39 pm
txn_1IHzhHJm8ehcCWGIgCrNsAtK - 8994163015295208 - February 7, 2021, 11:39 pm
txn_1IIPsSJm8ehcCWGI8WlckF4L - 8994163015293204 - February 7, 2021, 11:39 pm
txn_1II20kJm8ehcCWGI11XhvaSa - 8994163015289207 - February 7, 2021, 11:40 pm
txn_1IIIOBJm8ehcCWGIaNahCXWv - 8994163015288200 - February 7, 2021, 11:40 pm
txn_1IHfO2Jm8ehcCWGI2J2oqveC - 8994163015098205 - February 7, 2021, 11:40 pm
txn_1IIR83Jm8ehcCWGI3OUINdJG - 8994163015097208 - February 7, 2021, 11:40 pm
txn_1IHxt7Jm8ehcCWGIvgyZA2ov - 8994163015287203 - February 7, 2021, 11:40 pm
txn_1IHvHJJm8ehcCWGIqtd13TuD - 8994163015286206 - February 7, 2021, 11:40 pm
txn_1II2HeJm8ehcCWGIVMXLp6RF - 8994163015285209 - February 7, 2021, 11:40 pm
txn_1IIIYWJm8ehcCWGIuwlDYORK - 8994163015096201 - February 7, 2021, 11:40 pm
txn_1IHfcxJm8ehcCWGIg15MjojE - 8994163014924208 - February 7, 2021, 11:40 pm
txn_1IHy2OJm8ehcCWGIDbLHbZ0j - 8994163015284202 - February 7, 2021, 11:40 pm
txn_1IIROFJm8ehcCWGICdyyGFV5 - 8994163015095204 - February 7, 2021, 11:40 pm
txn_1IHvIjJm8ehcCWGIwFlKnQjS - 8994163014923201 - February 7, 2021, 11:40 pm
txn_1IIJ2hJm8ehcCWGIBzRKreoT - 8994163015092203 - February 7, 2021, 11:40 pm
txn_1II2ZhJm8ehcCWGIfp01kA3j - 8994163014922204 - February 7, 2021, 11:40 pm
txn_1IHyKwJm8ehcCWGIOveJJQuA - 8994163015283205 - February 7, 2021, 11:40 pm
txn_1IHVpFJm8ehcCWGI7xuESm0I - 8994163015094207 - February 7, 2021, 11:40 pm
txn_1IHvMYJm8ehcCWGIWQH5cO7O - 8994163015093200 - February 7, 2021, 11:40 pm
txn_1IHhjbJm8ehcCWGIYfwiSckZ - 8994163015282208 - February 7, 2021, 11:40 pm
txn_1IHtVOJm8ehcCWGIvJeDON0k - 8994163015304207 - February 7, 2021, 11:40 pm
txn_1IHaViJm8ehcCWGI2jQhT2fK - 8994163015303200 - February 7, 2021, 11:40 pm
txn_1IHxbfJm8ehcCWGIdfHsaXzc - 8994163014933200 - February 7, 2021, 11:40 pm
txn_1II4QnJm8ehcCWGIXGf1eWGl - 8994163014932203 - February 7, 2021, 11:40 pm
txn_1IIOrcJm8ehcCWGIWMFOOnIC - 8994163015302203 - February 7, 2021, 11:40 pm
txn_1IHtZRJm8ehcCWGIr1nmuo93 - 8994163014931206 - February 7, 2021, 11:40 pm
txn_1IHb7oJm8ehcCWGIBOUN40gN - 8994163015301206 - February 7, 2021, 11:40 pm
txn_1IHxmcJm8ehcCWGIHarNCThN - 8994163015300209 - February 7, 2021, 11:40 pm
txn_1II4SQJm8ehcCWGIa1lmBmYb - 8994163014930209 - February 7, 2021, 11:40 pm
txn_1IIP7yJm8ehcCWGIcBKiuxkV - 8994163015299206 - February 7, 2021, 11:40 pm
txn_1IHuIhJm8ehcCWGIDp1Oqrtu - 8994163014929203 - February 7, 2021, 11:40 pm
txn_1IHcInJm8ehcCWGIHXRGuPRg - 8994163015103206 - February 7, 2021, 11:40 pm
txn_1IICzkJm8ehcCWGIvxFQbtwC - 8994163015298209 - February 7, 2021, 11:40 pm
txn_1IHzdUJm8ehcCWGIrks2WHbt - 8994163015297202 - February 7, 2021, 11:40 pm
txn_1IIPYxJm8ehcCWGIKTAnRBkA - 8994163014928206 - February 7, 2021, 11:40 pm
txn_1IHuXZJm8ehcCWGIIrdYMbIm - 8994163014927209 - February 7, 2021, 11:40 pm
txn_1IHcljJm8ehcCWGIFuF6y83b - 8994163015296205 - February 7, 2021, 11:40 pm
txn_1IIGaDJm8ehcCWGIDGk5XT8U - 8994163015294201 - February 7, 2021, 11:40 pm
txn_1IHzhHJm8ehcCWGIgCrNsAtK - 8994163015295208 - February 7, 2021, 11:40 pm
txn_1IIPsSJm8ehcCWGI8WlckF4L - 8994163015293204 - February 7, 2021, 11:40 pm
txn_1III9kJm8ehcCWGIn4NbSmV8 - 8994163015320207 - February 7, 2021, 11:40 pm
txn_1IHdiSJm8ehcCWGIhDjjdsIc - 8994163015321204 - February 7, 2021, 11:40 pm
txn_1IHxGcJm8ehcCWGIZhPGZazR - 8994163015319201 - February 7, 2021, 11:40 pm
txn_1IHe6WJm8ehcCWGI439hyMWE - 8994163015318204 - February 7, 2021, 11:40 pm
txn_1IIJEyJm8ehcCWGIHfuQVA1s - 8994163015107204 - February 7, 2021, 11:40 pm
txn_1IHxLuJm8ehcCWGIUEBOtkoS - 8994163015317207 - February 7, 2021, 11:40 pm
txn_1IHeQDJm8ehcCWGItGkogpYM - 8994163015316200 - February 7, 2021, 11:40 pm
txn_1IILP2Jm8ehcCWGIYUNOe2lt - 8994163014943209 - February 7, 2021, 11:40 pm
txn_1II0BQJm8ehcCWGI0P3nrSPg - 8994163014942202 - February 7, 2021, 11:40 pm
txn_1IHmAOJm8ehcCWGI8qOZrhKn - 8994163015315203 - February 7, 2021, 11:40 pm
txn_1IILXQJm8ehcCWGIR7wPX80h - 8994163015314206 - February 7, 2021, 11:40 pm
txn_1II0BiJm8ehcCWGIGB0A0CoZ - 8994163015313209 - February 7, 2021, 11:40 pm
txn_1IILy0Jm8ehcCWGIDNhtI89a - 8994163015106207 - February 7, 2021, 11:40 pm
txn_1IHq94Jm8ehcCWGIAuonX1kD - 8994163015312202 - February 7, 2021, 11:40 pm
txn_1II0IRJm8ehcCWGITttiPgfK - 8994163015311205 - February 7, 2021, 11:40 pm
txn_1II20kJm8ehcCWGI11XhvaSa - 8994163015289207 - February 7, 2021, 11:40 pm
txn_1IIIOBJm8ehcCWGIaNahCXWv - 8994163015288200 - February 7, 2021, 11:40 pm
txn_1IHfO2Jm8ehcCWGI2J2oqveC - 8994163015098205 - February 7, 2021, 11:40 pm
txn_1IIR83Jm8ehcCWGI3OUINdJG - 8994163015097208 - February 7, 2021, 11:40 pm
txn_1IHxt7Jm8ehcCWGIvgyZA2ov - 8994163015287203 - February 7, 2021, 11:40 pm
txn_1IHvHJJm8ehcCWGIqtd13TuD - 8994163015286206 - February 7, 2021, 11:40 pm
txn_1II2HeJm8ehcCWGIVMXLp6RF - 8994163015285209 - February 7, 2021, 11:40 pm
txn_1IIIYWJm8ehcCWGIuwlDYORK - 8994163015096201 - February 7, 2021, 11:40 pm
txn_1IHfcxJm8ehcCWGIg15MjojE - 8994163014924208 - February 7, 2021, 11:40 pm
txn_1IHy2OJm8ehcCWGIDbLHbZ0j - 8994163015284202 - February 7, 2021, 11:40 pm
txn_1IIROFJm8ehcCWGICdyyGFV5 - 8994163015095204 - February 7, 2021, 11:40 pm
txn_1IHvIjJm8ehcCWGIwFlKnQjS - 8994163014923201 - February 7, 2021, 11:40 pm
txn_1IIJ2hJm8ehcCWGIBzRKreoT - 8994163015092203 - February 7, 2021, 11:40 pm
txn_1II2ZhJm8ehcCWGIfp01kA3j - 8994163014922204 - February 7, 2021, 11:40 pm
txn_1IHyKwJm8ehcCWGIOveJJQuA - 8994163015283205 - February 7, 2021, 11:40 pm
txn_1IHVpFJm8ehcCWGI7xuESm0I - 8994163015094207 - February 7, 2021, 11:40 pm
txn_1IHvMYJm8ehcCWGIWQH5cO7O - 8994163015093200 - February 7, 2021, 11:40 pm
txn_1IHhjbJm8ehcCWGIYfwiSckZ - 8994163015282208 - February 7, 2021, 11:40 pm
txn_1IHtVOJm8ehcCWGIvJeDON0k - 8994163015304207 - February 7, 2021, 11:40 pm
txn_1IHaViJm8ehcCWGI2jQhT2fK - 8994163015303200 - February 7, 2021, 11:40 pm
txn_1IHxbfJm8ehcCWGIdfHsaXzc - 8994163014933200 - February 7, 2021, 11:40 pm
txn_1II4QnJm8ehcCWGIXGf1eWGl - 8994163014932203 - February 7, 2021, 11:40 pm
txn_1IIOrcJm8ehcCWGIWMFOOnIC - 8994163015302203 - February 7, 2021, 11:40 pm
txn_1IHtZRJm8ehcCWGIr1nmuo93 - 8994163014931206 - February 7, 2021, 11:40 pm
txn_1IHb7oJm8ehcCWGIBOUN40gN - 8994163015301206 - February 7, 2021, 11:40 pm
txn_1IHxmcJm8ehcCWGIHarNCThN - 8994163015300209 - February 7, 2021, 11:40 pm
txn_1II4SQJm8ehcCWGIa1lmBmYb - 8994163014930209 - February 7, 2021, 11:40 pm
txn_1IIP7yJm8ehcCWGIcBKiuxkV - 8994163015299206 - February 7, 2021, 11:40 pm
txn_1IHuIhJm8ehcCWGIDp1Oqrtu - 8994163014929203 - February 7, 2021, 11:40 pm
txn_1IHcInJm8ehcCWGIHXRGuPRg - 8994163015103206 - February 7, 2021, 11:40 pm
txn_1IICzkJm8ehcCWGIvxFQbtwC - 8994163015298209 - February 7, 2021, 11:40 pm
txn_1IHzdUJm8ehcCWGIrks2WHbt - 8994163015297202 - February 7, 2021, 11:40 pm
txn_1IIPYxJm8ehcCWGIKTAnRBkA - 8994163014928206 - February 7, 2021, 11:40 pm
txn_1IHuXZJm8ehcCWGIIrdYMbIm - 8994163014927209 - February 7, 2021, 11:40 pm
txn_1IHcljJm8ehcCWGIFuF6y83b - 8994163015296205 - February 7, 2021, 11:40 pm
txn_1IIGaDJm8ehcCWGIDGk5XT8U - 8994163015294201 - February 7, 2021, 11:40 pm
txn_1IHzhHJm8ehcCWGIgCrNsAtK - 8994163015295208 - February 7, 2021, 11:40 pm
txn_1IIPsSJm8ehcCWGI8WlckF4L - 8994163015293204 - February 7, 2021, 11:40 pm
txn_1IIGv7Jm8ehcCWGIG97KQbss - 8994163014946200 - February 7, 2021, 11:40 pm
txn_1IHaQkJm8ehcCWGIPRRUAiRT - 8994163015324205 - February 7, 2021, 11:40 pm
txn_1IHwd0Jm8ehcCWGIsQCaHW8H - 8994163014945203 - February 7, 2021, 11:40 pm
txn_1IIHgkJm8ehcCWGI0ya5e6lJ - 8994163014944206 - February 7, 2021, 11:40 pm
txn_1IHddoJm8ehcCWGIjdbpWOAF - 8994163015323208 - February 7, 2021, 11:40 pm
txn_1IHxCXJm8ehcCWGIAGEkilZZ - 8994163015322201 - February 7, 2021, 11:40 pm
txn_1III9kJm8ehcCWGIn4NbSmV8 - 8994163015320207 - February 7, 2021, 11:40 pm
txn_1IHdiSJm8ehcCWGIhDjjdsIc - 8994163015321204 - February 7, 2021, 11:40 pm
txn_1IHxGcJm8ehcCWGIZhPGZazR - 8994163015319201 - February 7, 2021, 11:40 pm
txn_1IHe6WJm8ehcCWGI439hyMWE - 8994163015318204 - February 7, 2021, 11:40 pm
txn_1IIJEyJm8ehcCWGIHfuQVA1s - 8994163015107204 - February 7, 2021, 11:40 pm
txn_1IHxLuJm8ehcCWGIUEBOtkoS - 8994163015317207 - February 7, 2021, 11:40 pm
txn_1IHeQDJm8ehcCWGItGkogpYM - 8994163015316200 - February 7, 2021, 11:40 pm
txn_1IILP2Jm8ehcCWGIYUNOe2lt - 8994163014943209 - February 7, 2021, 11:40 pm
txn_1II0BQJm8ehcCWGI0P3nrSPg - 8994163014942202 - February 7, 2021, 11:40 pm
txn_1IHmAOJm8ehcCWGI8qOZrhKn - 8994163015315203 - February 7, 2021, 11:40 pm
txn_1IILXQJm8ehcCWGIR7wPX80h - 8994163015314206 - February 7, 2021, 11:40 pm
txn_1II0BiJm8ehcCWGIGB0A0CoZ - 8994163015313209 - February 7, 2021, 11:40 pm
txn_1IILy0Jm8ehcCWGIDNhtI89a - 8994163015106207 - February 7, 2021, 11:40 pm
txn_1IHq94Jm8ehcCWGIAuonX1kD - 8994163015312202 - February 7, 2021, 11:40 pm
txn_1II0IRJm8ehcCWGITttiPgfK - 8994163015311205 - February 7, 2021, 11:40 pm
txn_1II20kJm8ehcCWGI11XhvaSa - 8994163015289207 - February 7, 2021, 11:40 pm
txn_1IIIOBJm8ehcCWGIaNahCXWv - 8994163015288200 - February 7, 2021, 11:40 pm
txn_1IHfO2Jm8ehcCWGI2J2oqveC - 8994163015098205 - February 7, 2021, 11:40 pm
txn_1IIR83Jm8ehcCWGI3OUINdJG - 8994163015097208 - February 7, 2021, 11:40 pm
txn_1IHxt7Jm8ehcCWGIvgyZA2ov - 8994163015287203 - February 7, 2021, 11:40 pm
txn_1IHvHJJm8ehcCWGIqtd13TuD - 8994163015286206 - February 7, 2021, 11:40 pm
txn_1II2HeJm8ehcCWGIVMXLp6RF - 8994163015285209 - February 7, 2021, 11:40 pm
txn_1IIIYWJm8ehcCWGIuwlDYORK - 8994163015096201 - February 7, 2021, 11:40 pm
txn_1IHfcxJm8ehcCWGIg15MjojE - 8994163014924208 - February 7, 2021, 11:40 pm
txn_1IHy2OJm8ehcCWGIDbLHbZ0j - 8994163015284202 - February 7, 2021, 11:40 pm
txn_1IIROFJm8ehcCWGICdyyGFV5 - 8994163015095204 - February 7, 2021, 11:40 pm
txn_1IHvIjJm8ehcCWGIwFlKnQjS - 8994163014923201 - February 7, 2021, 11:40 pm
txn_1IIJ2hJm8ehcCWGIBzRKreoT - 8994163015092203 - February 7, 2021, 11:40 pm
txn_1II2ZhJm8ehcCWGIfp01kA3j - 8994163014922204 - February 7, 2021, 11:40 pm
txn_1IHyKwJm8ehcCWGIOveJJQuA - 8994163015283205 - February 7, 2021, 11:40 pm
txn_1IHVpFJm8ehcCWGI7xuESm0I - 8994163015094207 - February 7, 2021, 11:40 pm
txn_1IHvMYJm8ehcCWGIWQH5cO7O - 8994163015093200 - February 7, 2021, 11:40 pm
txn_1IHhjbJm8ehcCWGIYfwiSckZ - 8994163015282208 - February 7, 2021, 11:40 pm
txn_1IHtVOJm8ehcCWGIvJeDON0k - 8994163015304207 - February 7, 2021, 11:40 pm
txn_1IHaViJm8ehcCWGI2jQhT2fK - 8994163015303200 - February 7, 2021, 11:40 pm
txn_1IHxbfJm8ehcCWGIdfHsaXzc - 8994163014933200 - February 7, 2021, 11:40 pm
txn_1II4QnJm8ehcCWGIXGf1eWGl - 8994163014932203 - February 7, 2021, 11:40 pm
txn_1IIOrcJm8ehcCWGIWMFOOnIC - 8994163015302203 - February 7, 2021, 11:40 pm
txn_1IHtZRJm8ehcCWGIr1nmuo93 - 8994163014931206 - February 7, 2021, 11:40 pm
txn_1IHb7oJm8ehcCWGIBOUN40gN - 8994163015301206 - February 7, 2021, 11:40 pm
txn_1IHxmcJm8ehcCWGIHarNCThN - 8994163015300209 - February 7, 2021, 11:40 pm
txn_1II4SQJm8ehcCWGIa1lmBmYb - 8994163014930209 - February 7, 2021, 11:40 pm
txn_1IIP7yJm8ehcCWGIcBKiuxkV - 8994163015299206 - February 7, 2021, 11:40 pm
txn_1IHuIhJm8ehcCWGIDp1Oqrtu - 8994163014929203 - February 7, 2021, 11:40 pm
txn_1IHcInJm8ehcCWGIHXRGuPRg - 8994163015103206 - February 7, 2021, 11:40 pm
txn_1IICzkJm8ehcCWGIvxFQbtwC - 8994163015298209 - February 7, 2021, 11:40 pm
txn_1IHzdUJm8ehcCWGIrks2WHbt - 8994163015297202 - February 7, 2021, 11:40 pm
txn_1IIPYxJm8ehcCWGIKTAnRBkA - 8994163014928206 - February 7, 2021, 11:40 pm
txn_1IHuXZJm8ehcCWGIIrdYMbIm - 8994163014927209 - February 7, 2021, 11:40 pm
txn_1IHcljJm8ehcCWGIFuF6y83b - 8994163015296205 - February 7, 2021, 11:40 pm
txn_1IIGaDJm8ehcCWGIDGk5XT8U - 8994163015294201 - February 7, 2021, 11:40 pm
txn_1IHzhHJm8ehcCWGIgCrNsAtK - 8994163015295208 - February 7, 2021, 11:40 pm
txn_1IIPsSJm8ehcCWGI8WlckF4L - 8994163015293204 - February 7, 2021, 11:40 pm
txn_1IIGv7Jm8ehcCWGIG97KQbss - 8994163014946200 - February 7, 2021, 11:40 pm
txn_1IHaQkJm8ehcCWGIPRRUAiRT - 8994163015324205 - February 7, 2021, 11:40 pm
txn_1IHwd0Jm8ehcCWGIsQCaHW8H - 8994163014945203 - February 7, 2021, 11:40 pm
txn_1IIHgkJm8ehcCWGI0ya5e6lJ - 8994163014944206 - February 7, 2021, 11:40 pm
txn_1IHddoJm8ehcCWGIjdbpWOAF - 8994163015323208 - February 7, 2021, 11:40 pm
txn_1IHxCXJm8ehcCWGIAGEkilZZ - 8994163015322201 - February 7, 2021, 11:40 pm
txn_1III9kJm8ehcCWGIn4NbSmV8 - 8994163015320207 - February 7, 2021, 11:40 pm
txn_1IHdiSJm8ehcCWGIhDjjdsIc - 8994163015321204 - February 7, 2021, 11:40 pm
txn_1IHxGcJm8ehcCWGIZhPGZazR - 8994163015319201 - February 7, 2021, 11:40 pm
txn_1IHe6WJm8ehcCWGI439hyMWE - 8994163015318204 - February 7, 2021, 11:40 pm
txn_1IIJEyJm8ehcCWGIHfuQVA1s - 8994163015107204 - February 7, 2021, 11:40 pm
txn_1IHxLuJm8ehcCWGIUEBOtkoS - 8994163015317207 - February 7, 2021, 11:40 pm
txn_1IHeQDJm8ehcCWGItGkogpYM - 8994163015316200 - February 7, 2021, 11:40 pm
txn_1IILP2Jm8ehcCWGIYUNOe2lt - 8994163014943209 - February 7, 2021, 11:40 pm
txn_1II0BQJm8ehcCWGI0P3nrSPg - 8994163014942202 - February 7, 2021, 11:40 pm
txn_1IHmAOJm8ehcCWGI8qOZrhKn - 8994163015315203 - February 7, 2021, 11:40 pm
txn_1IILXQJm8ehcCWGIR7wPX80h - 8994163015314206 - February 7, 2021, 11:40 pm
txn_1II0BiJm8ehcCWGIGB0A0CoZ - 8994163015313209 - February 7, 2021, 11:40 pm
txn_1IILy0Jm8ehcCWGIDNhtI89a - 8994163015106207 - February 7, 2021, 11:40 pm
txn_1IHq94Jm8ehcCWGIAuonX1kD - 8994163015312202 - February 7, 2021, 11:40 pm
txn_1II0IRJm8ehcCWGITttiPgfK - 8994163015311205 - February 7, 2021, 11:40 pm
txn_1II20kJm8ehcCWGI11XhvaSa - 8994163015289207 - February 7, 2021, 11:40 pm
txn_1IIIOBJm8ehcCWGIaNahCXWv - 8994163015288200 - February 7, 2021, 11:40 pm
txn_1IHfO2Jm8ehcCWGI2J2oqveC - 8994163015098205 - February 7, 2021, 11:40 pm
txn_1IIR83Jm8ehcCWGI3OUINdJG - 8994163015097208 - February 7, 2021, 11:40 pm
txn_1IHxt7Jm8ehcCWGIvgyZA2ov - 8994163015287203 - February 7, 2021, 11:40 pm
txn_1IHvHJJm8ehcCWGIqtd13TuD - 8994163015286206 - February 7, 2021, 11:40 pm
txn_1II2HeJm8ehcCWGIVMXLp6RF - 8994163015285209 - February 7, 2021, 11:40 pm
txn_1IIIYWJm8ehcCWGIuwlDYORK - 8994163015096201 - February 7, 2021, 11:40 pm
txn_1IHfcxJm8ehcCWGIg15MjojE - 8994163014924208 - February 7, 2021, 11:40 pm
txn_1IHy2OJm8ehcCWGIDbLHbZ0j - 8994163015284202 - February 7, 2021, 11:40 pm
txn_1IIROFJm8ehcCWGICdyyGFV5 - 8994163015095204 - February 7, 2021, 11:40 pm
txn_1IHvIjJm8ehcCWGIwFlKnQjS - 8994163014923201 - February 7, 2021, 11:40 pm
txn_1IIJ2hJm8ehcCWGIBzRKreoT - 8994163015092203 - February 7, 2021, 11:40 pm
txn_1II2ZhJm8ehcCWGIfp01kA3j - 8994163014922204 - February 7, 2021, 11:40 pm
txn_1IHyKwJm8ehcCWGIOveJJQuA - 8994163015283205 - February 7, 2021, 11:40 pm
txn_1IHVpFJm8ehcCWGI7xuESm0I - 8994163015094207 - February 7, 2021, 11:40 pm
txn_1IHvMYJm8ehcCWGIWQH5cO7O - 8994163015093200 - February 7, 2021, 11:40 pm
txn_1IHhjbJm8ehcCWGIYfwiSckZ - 8994163015282208 - February 7, 2021, 11:40 pm
txn_1IHtVOJm8ehcCWGIvJeDON0k - 8994163015304207 - February 7, 2021, 11:40 pm
txn_1IHaViJm8ehcCWGI2jQhT2fK - 8994163015303200 - February 7, 2021, 11:40 pm
txn_1IHxbfJm8ehcCWGIdfHsaXzc - 8994163014933200 - February 7, 2021, 11:40 pm
txn_1II4QnJm8ehcCWGIXGf1eWGl - 8994163014932203 - February 7, 2021, 11:40 pm
txn_1IIOrcJm8ehcCWGIWMFOOnIC - 8994163015302203 - February 7, 2021, 11:40 pm
txn_1IHtZRJm8ehcCWGIr1nmuo93 - 8994163014931206 - February 7, 2021, 11:40 pm
txn_1IHb7oJm8ehcCWGIBOUN40gN - 8994163015301206 - February 7, 2021, 11:40 pm
txn_1IHxmcJm8ehcCWGIHarNCThN - 8994163015300209 - February 7, 2021, 11:40 pm
txn_1II4SQJm8ehcCWGIa1lmBmYb - 8994163014930209 - February 7, 2021, 11:40 pm
txn_1IIP7yJm8ehcCWGIcBKiuxkV - 8994163015299206 - February 7, 2021, 11:40 pm
txn_1IHuIhJm8ehcCWGIDp1Oqrtu - 8994163014929203 - February 7, 2021, 11:40 pm
txn_1IHcInJm8ehcCWGIHXRGuPRg - 8994163015103206 - February 7, 2021, 11:40 pm
txn_1IICzkJm8ehcCWGIvxFQbtwC - 8994163015298209 - February 7, 2021, 11:40 pm
txn_1IHzdUJm8ehcCWGIrks2WHbt - 8994163015297202 - February 7, 2021, 11:40 pm
txn_1IIPYxJm8ehcCWGIKTAnRBkA - 8994163014928206 - February 7, 2021, 11:40 pm
txn_1IHuXZJm8ehcCWGIIrdYMbIm - 8994163014927209 - February 7, 2021, 11:40 pm
txn_1IHcljJm8ehcCWGIFuF6y83b - 8994163015296205 - February 7, 2021, 11:40 pm
txn_1IIGaDJm8ehcCWGIDGk5XT8U - 8994163015294201 - February 7, 2021, 11:40 pm
txn_1IHzhHJm8ehcCWGIgCrNsAtK - 8994163015295208 - February 7, 2021, 11:40 pm
txn_1IIPsSJm8ehcCWGI8WlckF4L - 8994163015293204 - February 7, 2021, 11:40 pm
txn_1IIGv7Jm8ehcCWGIG97KQbss - 8994163014946200 - February 7, 2021, 11:40 pm
txn_1IHaQkJm8ehcCWGIPRRUAiRT - 8994163015324205 - February 7, 2021, 11:40 pm
txn_1IHwd0Jm8ehcCWGIsQCaHW8H - 8994163014945203 - February 7, 2021, 11:40 pm
txn_1IIHgkJm8ehcCWGI0ya5e6lJ - 8994163014944206 - February 7, 2021, 11:40 pm
txn_1IHddoJm8ehcCWGIjdbpWOAF - 8994163015323208 - February 7, 2021, 11:40 pm
txn_1IHxCXJm8ehcCWGIAGEkilZZ - 8994163015322201 - February 7, 2021, 11:40 pm
txn_1III9kJm8ehcCWGIn4NbSmV8 - 8994163015320207 - February 7, 2021, 11:40 pm
txn_1IHdiSJm8ehcCWGIhDjjdsIc - 8994163015321204 - February 7, 2021, 11:40 pm
txn_1IHxGcJm8ehcCWGIZhPGZazR - 8994163015319201 - February 7, 2021, 11:40 pm
txn_1IHe6WJm8ehcCWGI439hyMWE - 8994163015318204 - February 7, 2021, 11:40 pm
txn_1IIJEyJm8ehcCWGIHfuQVA1s - 8994163015107204 - February 7, 2021, 11:40 pm
txn_1IHxLuJm8ehcCWGIUEBOtkoS - 8994163015317207 - February 7, 2021, 11:40 pm
txn_1IHeQDJm8ehcCWGItGkogpYM - 8994163015316200 - February 7, 2021, 11:40 pm
txn_1IILP2Jm8ehcCWGIYUNOe2lt - 8994163014943209 - February 7, 2021, 11:40 pm
txn_1II0BQJm8ehcCWGI0P3nrSPg - 8994163014942202 - February 7, 2021, 11:40 pm
txn_1IHmAOJm8ehcCWGI8qOZrhKn - 8994163015315203 - February 7, 2021, 11:40 pm
txn_1IILXQJm8ehcCWGIR7wPX80h - 8994163015314206 - February 7, 2021, 11:40 pm
txn_1II0BiJm8ehcCWGIGB0A0CoZ - 8994163015313209 - February 7, 2021, 11:40 pm
txn_1IILy0Jm8ehcCWGIDNhtI89a - 8994163015106207 - February 7, 2021, 11:40 pm
txn_1IHq94Jm8ehcCWGIAuonX1kD - 8994163015312202 - February 7, 2021, 11:40 pm
txn_1II0IRJm8ehcCWGITttiPgfK - 8994163015311205 - February 7, 2021, 11:40 pm
txn_1II20kJm8ehcCWGI11XhvaSa - 8994163015289207 - February 7, 2021, 11:41 pm
txn_1IIIOBJm8ehcCWGIaNahCXWv - 8994163015288200 - February 7, 2021, 11:41 pm
txn_1IHfO2Jm8ehcCWGI2J2oqveC - 8994163015098205 - February 7, 2021, 11:41 pm
txn_1IIR83Jm8ehcCWGI3OUINdJG - 8994163015097208 - February 7, 2021, 11:41 pm
txn_1IHxt7Jm8ehcCWGIvgyZA2ov - 8994163015287203 - February 7, 2021, 11:41 pm
txn_1IHvHJJm8ehcCWGIqtd13TuD - 8994163015286206 - February 7, 2021, 11:41 pm
txn_1II2HeJm8ehcCWGIVMXLp6RF - 8994163015285209 - February 7, 2021, 11:41 pm
txn_1IIIYWJm8ehcCWGIuwlDYORK - 8994163015096201 - February 7, 2021, 11:41 pm
txn_1IHfcxJm8ehcCWGIg15MjojE - 8994163014924208 - February 7, 2021, 11:41 pm
txn_1IHy2OJm8ehcCWGIDbLHbZ0j - 8994163015284202 - February 7, 2021, 11:41 pm
txn_1IIROFJm8ehcCWGICdyyGFV5 - 8994163015095204 - February 7, 2021, 11:41 pm
txn_1IHvIjJm8ehcCWGIwFlKnQjS - 8994163014923201 - February 7, 2021, 11:41 pm
txn_1IIJ2hJm8ehcCWGIBzRKreoT - 8994163015092203 - February 7, 2021, 11:41 pm
txn_1II2ZhJm8ehcCWGIfp01kA3j - 8994163014922204 - February 7, 2021, 11:41 pm
txn_1IHyKwJm8ehcCWGIOveJJQuA - 8994163015283205 - February 7, 2021, 11:41 pm
txn_1IHVpFJm8ehcCWGI7xuESm0I - 8994163015094207 - February 7, 2021, 11:41 pm
txn_1IHvMYJm8ehcCWGIWQH5cO7O - 8994163015093200 - February 7, 2021, 11:41 pm
txn_1IHhjbJm8ehcCWGIYfwiSckZ - 8994163015282208 - February 7, 2021, 11:41 pm
txn_1IHtVOJm8ehcCWGIvJeDON0k - 8994163015304207 - February 7, 2021, 11:41 pm
txn_1IHaViJm8ehcCWGI2jQhT2fK - 8994163015303200 - February 7, 2021, 11:41 pm
txn_1IHxbfJm8ehcCWGIdfHsaXzc - 8994163014933200 - February 7, 2021, 11:41 pm
txn_1II4QnJm8ehcCWGIXGf1eWGl - 8994163014932203 - February 7, 2021, 11:41 pm
txn_1IIOrcJm8ehcCWGIWMFOOnIC - 8994163015302203 - February 7, 2021, 11:41 pm
txn_1IHtZRJm8ehcCWGIr1nmuo93 - 8994163014931206 - February 7, 2021, 11:41 pm
txn_1IHb7oJm8ehcCWGIBOUN40gN - 8994163015301206 - February 7, 2021, 11:41 pm
txn_1IHxmcJm8ehcCWGIHarNCThN - 8994163015300209 - February 7, 2021, 11:41 pm
txn_1II4SQJm8ehcCWGIa1lmBmYb - 8994163014930209 - February 7, 2021, 11:41 pm
txn_1IIP7yJm8ehcCWGIcBKiuxkV - 8994163015299206 - February 7, 2021, 11:41 pm
txn_1IHuIhJm8ehcCWGIDp1Oqrtu - 8994163014929203 - February 7, 2021, 11:41 pm
txn_1IHcInJm8ehcCWGIHXRGuPRg - 8994163015103206 - February 7, 2021, 11:41 pm
txn_1IICzkJm8ehcCWGIvxFQbtwC - 8994163015298209 - February 7, 2021, 11:41 pm
txn_1IHzdUJm8ehcCWGIrks2WHbt - 8994163015297202 - February 7, 2021, 11:41 pm
txn_1IIPYxJm8ehcCWGIKTAnRBkA - 8994163014928206 - February 7, 2021, 11:41 pm
txn_1IHuXZJm8ehcCWGIIrdYMbIm - 8994163014927209 - February 7, 2021, 11:41 pm
txn_1IHcljJm8ehcCWGIFuF6y83b - 8994163015296205 - February 7, 2021, 11:41 pm
txn_1IIGaDJm8ehcCWGIDGk5XT8U - 8994163015294201 - February 7, 2021, 11:41 pm
txn_1IHzhHJm8ehcCWGIgCrNsAtK - 8994163015295208 - February 7, 2021, 11:41 pm
txn_1IIPsSJm8ehcCWGI8WlckF4L - 8994163015293204 - February 7, 2021, 11:41 pm
txn_1IIGv7Jm8ehcCWGIG97KQbss - 8994163014946200 - February 7, 2021, 11:41 pm
txn_1IHaQkJm8ehcCWGIPRRUAiRT - 8994163015324205 - February 7, 2021, 11:41 pm
txn_1IHwd0Jm8ehcCWGIsQCaHW8H - 8994163014945203 - February 7, 2021, 11:41 pm
txn_1IIHgkJm8ehcCWGI0ya5e6lJ - 8994163014944206 - February 7, 2021, 11:41 pm
txn_1IHddoJm8ehcCWGIjdbpWOAF - 8994163015323208 - February 7, 2021, 11:41 pm
txn_1IHxCXJm8ehcCWGIAGEkilZZ - 8994163015322201 - February 7, 2021, 11:41 pm
txn_1III9kJm8ehcCWGIn4NbSmV8 - 8994163015320207 - February 7, 2021, 11:41 pm
txn_1IHdiSJm8ehcCWGIhDjjdsIc - 8994163015321204 - February 7, 2021, 11:41 pm
txn_1IHxGcJm8ehcCWGIZhPGZazR - 8994163015319201 - February 7, 2021, 11:41 pm
txn_1IHe6WJm8ehcCWGI439hyMWE - 8994163015318204 - February 7, 2021, 11:41 pm
txn_1IIJEyJm8ehcCWGIHfuQVA1s - 8994163015107204 - February 7, 2021, 11:41 pm
txn_1IHxLuJm8ehcCWGIUEBOtkoS - 8994163015317207 - February 7, 2021, 11:41 pm
txn_1IHeQDJm8ehcCWGItGkogpYM - 8994163015316200 - February 7, 2021, 11:41 pm
txn_1IILP2Jm8ehcCWGIYUNOe2lt - 8994163014943209 - February 7, 2021, 11:41 pm
txn_1II0BQJm8ehcCWGI0P3nrSPg - 8994163014942202 - February 7, 2021, 11:41 pm
txn_1IHmAOJm8ehcCWGI8qOZrhKn - 8994163015315203 - February 7, 2021, 11:41 pm
txn_1IILXQJm8ehcCWGIR7wPX80h - 8994163015314206 - February 7, 2021, 11:41 pm
txn_1II0BiJm8ehcCWGIGB0A0CoZ - 8994163015313209 - February 7, 2021, 11:41 pm
txn_1IILy0Jm8ehcCWGIDNhtI89a - 8994163015106207 - February 7, 2021, 11:41 pm
txn_1IHq94Jm8ehcCWGIAuonX1kD - 8994163015312202 - February 7, 2021, 11:41 pm
txn_1II0IRJm8ehcCWGITttiPgfK - 8994163015311205 - February 7, 2021, 11:41 pm
txn_1IHvZRJm8ehcCWGI7qXMvrti - 8994163014951204 - February 7, 2021, 11:41 pm
txn_1II1HaJm8ehcCWGILMchJ5Tx - 8994163015330206 - February 7, 2021, 11:41 pm
txn_1II1ZIJm8ehcCWGIapy0M6SV - 8994163014950207 - February 7, 2021, 11:41 pm
txn_1II1zsJm8ehcCWGI6rCWnNS8 - 8994163015327206 - February 7, 2021, 11:41 pm
txn_1II38gJm8ehcCWGIFex2tFYY - 8994163014949201 - February 7, 2021, 11:41 pm
txn_1II20kJm8ehcCWGI11XhvaSa - 8994163015289207 - February 7, 2021, 11:41 pm
txn_1IIIOBJm8ehcCWGIaNahCXWv - 8994163015288200 - February 7, 2021, 11:41 pm
txn_1IHfO2Jm8ehcCWGI2J2oqveC - 8994163015098205 - February 7, 2021, 11:41 pm
txn_1IIR83Jm8ehcCWGI3OUINdJG - 8994163015097208 - February 7, 2021, 11:41 pm
txn_1IHxt7Jm8ehcCWGIvgyZA2ov - 8994163015287203 - February 7, 2021, 11:41 pm
txn_1IHvHJJm8ehcCWGIqtd13TuD - 8994163015286206 - February 7, 2021, 11:41 pm
txn_1II2HeJm8ehcCWGIVMXLp6RF - 8994163015285209 - February 7, 2021, 11:41 pm
txn_1IIIYWJm8ehcCWGIuwlDYORK - 8994163015096201 - February 7, 2021, 11:41 pm
txn_1IHfcxJm8ehcCWGIg15MjojE - 8994163014924208 - February 7, 2021, 11:41 pm
txn_1IHy2OJm8ehcCWGIDbLHbZ0j - 8994163015284202 - February 7, 2021, 11:41 pm
txn_1IIROFJm8ehcCWGICdyyGFV5 - 8994163015095204 - February 7, 2021, 11:41 pm
txn_1IHvIjJm8ehcCWGIwFlKnQjS - 8994163014923201 - February 7, 2021, 11:41 pm
txn_1IIJ2hJm8ehcCWGIBzRKreoT - 8994163015092203 - February 7, 2021, 11:41 pm
txn_1II2ZhJm8ehcCWGIfp01kA3j - 8994163014922204 - February 7, 2021, 11:41 pm
txn_1IHyKwJm8ehcCWGIOveJJQuA - 8994163015283205 - February 7, 2021, 11:41 pm
txn_1IHVpFJm8ehcCWGI7xuESm0I - 8994163015094207 - February 7, 2021, 11:41 pm
txn_1IHvMYJm8ehcCWGIWQH5cO7O - 8994163015093200 - February 7, 2021, 11:41 pm
txn_1IHhjbJm8ehcCWGIYfwiSckZ - 8994163015282208 - February 7, 2021, 11:41 pm
txn_1IHtVOJm8ehcCWGIvJeDON0k - 8994163015304207 - February 7, 2021, 11:41 pm
txn_1IHaViJm8ehcCWGI2jQhT2fK - 8994163015303200 - February 7, 2021, 11:41 pm
txn_1IHxbfJm8ehcCWGIdfHsaXzc - 8994163014933200 - February 7, 2021, 11:41 pm
txn_1II4QnJm8ehcCWGIXGf1eWGl - 8994163014932203 - February 7, 2021, 11:41 pm
txn_1IIOrcJm8ehcCWGIWMFOOnIC - 8994163015302203 - February 7, 2021, 11:41 pm
txn_1IHtZRJm8ehcCWGIr1nmuo93 - 8994163014931206 - February 7, 2021, 11:41 pm
txn_1IHb7oJm8ehcCWGIBOUN40gN - 8994163015301206 - February 7, 2021, 11:41 pm
txn_1IHxmcJm8ehcCWGIHarNCThN - 8994163015300209 - February 7, 2021, 11:41 pm
txn_1II4SQJm8ehcCWGIa1lmBmYb - 8994163014930209 - February 7, 2021, 11:41 pm
txn_1IIP7yJm8ehcCWGIcBKiuxkV - 8994163015299206 - February 7, 2021, 11:41 pm
txn_1IHuIhJm8ehcCWGIDp1Oqrtu - 8994163014929203 - February 7, 2021, 11:41 pm
txn_1IHcInJm8ehcCWGIHXRGuPRg - 8994163015103206 - February 7, 2021, 11:41 pm
txn_1IICzkJm8ehcCWGIvxFQbtwC - 8994163015298209 - February 7, 2021, 11:41 pm
txn_1IHzdUJm8ehcCWGIrks2WHbt - 8994163015297202 - February 7, 2021, 11:41 pm
txn_1IIPYxJm8ehcCWGIKTAnRBkA - 8994163014928206 - February 7, 2021, 11:41 pm
txn_1IHuXZJm8ehcCWGIIrdYMbIm - 8994163014927209 - February 7, 2021, 11:41 pm
txn_1IHcljJm8ehcCWGIFuF6y83b - 8994163015296205 - February 7, 2021, 11:41 pm
txn_1IIGaDJm8ehcCWGIDGk5XT8U - 8994163015294201 - February 7, 2021, 11:41 pm
txn_1IHzhHJm8ehcCWGIgCrNsAtK - 8994163015295208 - February 7, 2021, 11:41 pm
txn_1IIPsSJm8ehcCWGI8WlckF4L - 8994163015293204 - February 7, 2021, 11:41 pm
txn_1IIGv7Jm8ehcCWGIG97KQbss - 8994163014946200 - February 7, 2021, 11:41 pm
txn_1IHaQkJm8ehcCWGIPRRUAiRT - 8994163015324205 - February 7, 2021, 11:41 pm
txn_1IHwd0Jm8ehcCWGIsQCaHW8H - 8994163014945203 - February 7, 2021, 11:41 pm
txn_1IIHgkJm8ehcCWGI0ya5e6lJ - 8994163014944206 - February 7, 2021, 11:41 pm
txn_1IHddoJm8ehcCWGIjdbpWOAF - 8994163015323208 - February 7, 2021, 11:41 pm
txn_1IHxCXJm8ehcCWGIAGEkilZZ - 8994163015322201 - February 7, 2021, 11:41 pm
txn_1III9kJm8ehcCWGIn4NbSmV8 - 8994163015320207 - February 7, 2021, 11:41 pm
txn_1IHdiSJm8ehcCWGIhDjjdsIc - 8994163015321204 - February 7, 2021, 11:41 pm
txn_1IHxGcJm8ehcCWGIZhPGZazR - 8994163015319201 - February 7, 2021, 11:41 pm
txn_1IHe6WJm8ehcCWGI439hyMWE - 8994163015318204 - February 7, 2021, 11:41 pm
txn_1IIJEyJm8ehcCWGIHfuQVA1s - 8994163015107204 - February 7, 2021, 11:41 pm
txn_1IHxLuJm8ehcCWGIUEBOtkoS - 8994163015317207 - February 7, 2021, 11:41 pm
txn_1IHeQDJm8ehcCWGItGkogpYM - 8994163015316200 - February 7, 2021, 11:41 pm
txn_1IILP2Jm8ehcCWGIYUNOe2lt - 8994163014943209 - February 7, 2021, 11:41 pm
txn_1II0BQJm8ehcCWGI0P3nrSPg - 8994163014942202 - February 7, 2021, 11:41 pm
txn_1IHmAOJm8ehcCWGI8qOZrhKn - 8994163015315203 - February 7, 2021, 11:41 pm
txn_1IILXQJm8ehcCWGIR7wPX80h - 8994163015314206 - February 7, 2021, 11:41 pm
txn_1II0BiJm8ehcCWGIGB0A0CoZ - 8994163015313209 - February 7, 2021, 11:41 pm
txn_1IILy0Jm8ehcCWGIDNhtI89a - 8994163015106207 - February 7, 2021, 11:41 pm
txn_1IHq94Jm8ehcCWGIAuonX1kD - 8994163015312202 - February 7, 2021, 11:41 pm
txn_1II0IRJm8ehcCWGITttiPgfK - 8994163015311205 - February 7, 2021, 11:41 pm
txn_1IHa6QJm8ehcCWGIfwiYEqXp - 8994163015339209 - February 7, 2021, 11:41 pm
txn_1IHaGKJm8ehcCWGIzHzdBeJe - 8994163014952201 - February 7, 2021, 11:41 pm
txn_1IHsdFJm8ehcCWGI9rj4bsI2 - 8994163015338202 - February 7, 2021, 11:41 pm
txn_1IHuvSJm8ehcCWGIorO21CKV - 8994163015110204 - February 7, 2021, 11:41 pm
txn_1IHvMiJm8ehcCWGIhbuNGbjY - 8994163015109208 - February 7, 2021, 11:41 pm
txn_1IHvZRJm8ehcCWGI7qXMvrti - 8994163014951204 - February 7, 2021, 11:41 pm
txn_1II1HaJm8ehcCWGILMchJ5Tx - 8994163015330206 - February 7, 2021, 11:41 pm
txn_1II1ZIJm8ehcCWGIapy0M6SV - 8994163014950207 - February 7, 2021, 11:41 pm
txn_1II1zsJm8ehcCWGI6rCWnNS8 - 8994163015327206 - February 7, 2021, 11:41 pm
txn_1II38gJm8ehcCWGIFex2tFYY - 8994163014949201 - February 7, 2021, 11:41 pm
9e393195-9012-58a2-6ce0-3ea7a8dc7de3 - 8994163014961203 - February 7, 2021, 11:48 pm
