txn_1IweLkJm8ehcCWGIjQLoOqwd - 8994163945164247 - June 1, 2021, 2:06 pm
txn_1IxDx8Jm8ehcCWGI7YwcmTKU - 8994163945288240 - June 1, 2021, 2:06 pm
txn_1Ix2gAJm8ehcCWGIm4yGj3kD - 8994163945287243 - June 1, 2021, 2:06 pm
txn_1Ix0VTJm8ehcCWGIZV3LXLsn - 8994163945286246 - June 1, 2021, 2:06 pm
txn_1Iwv66Jm8ehcCWGILaDVOKMB - 8994163945284242 - June 1, 2021, 2:06 pm
txn_1IwqQLJm8ehcCWGICgZ008zz - 8994163945285249 - June 1, 2021, 2:06 pm
txn_1IxGnCJm8ehcCWGI2vmScfLk - 8994163945174246 - June 1, 2021, 2:06 pm
txn_1IxDqaJm8ehcCWGIAGNSBBGM - 8994163945502247 - June 1, 2021, 2:06 pm
txn_1Ix2VwJm8ehcCWGIFPLaiTb6 - 8994163945496249 - June 1, 2021, 2:06 pm
txn_1IwzGZJm8ehcCWGIVIEJyfsm - 8994163945497246 - June 1, 2021, 2:06 pm
txn_1IwfUQJm8ehcCWGIeAynwWZs - 8994163945499240 - June 1, 2021, 2:06 pm
txn_1IxG2nJm8ehcCWGIxol241w1 - 8994163945494245 - June 1, 2021, 2:06 pm
txn_1Iwuz1Jm8ehcCWGIR5XEqaRn - 8994163945170248 - June 1, 2021, 2:06 pm
txn_1IxBMKJm8ehcCWGIwOY7oDgv - 8994163945495242 - June 1, 2021, 2:06 pm
txn_1Ix3QmJm8ehcCWGIqUNINrjx - 8994163945492241 - June 1, 2021, 2:06 pm
txn_1IxF9JJm8ehcCWGIuk4b8Sqv - 8994163945277244 - June 1, 2021, 2:06 pm
txn_1Iwu38Jm8ehcCWGIalsCygLu - 8994163945490247 - June 1, 2021, 2:06 pm
txn_1Ix0tUJm8ehcCWGII0tlLVS9 - 8994163945165244 - June 1, 2021, 2:06 pm
txn_1Iwy6rJm8ehcCWGISttir39I - 8994163945491244 - June 1, 2021, 2:06 pm
txn_1IweLkJm8ehcCWGIjQLoOqwd - 8994163945164247 - June 1, 2021, 2:06 pm
txn_1IxDx8Jm8ehcCWGI7YwcmTKU - 8994163945288240 - June 1, 2021, 2:06 pm
txn_1Ix2gAJm8ehcCWGIm4yGj3kD - 8994163945287243 - June 1, 2021, 2:06 pm
txn_1Ix0VTJm8ehcCWGIZV3LXLsn - 8994163945286246 - June 1, 2021, 2:06 pm
txn_1Iwv66Jm8ehcCWGILaDVOKMB - 8994163945284242 - June 1, 2021, 2:06 pm
txn_1IwqQLJm8ehcCWGICgZ008zz - 8994163945285249 - June 1, 2021, 2:06 pm
txn_1IweLkJm8ehcCWGIjQLoOqwd - 8994163945164247 - June 1, 2021, 2:06 pm
txn_1IxGnCJm8ehcCWGI2vmScfLk - 8994163945174246 - June 1, 2021, 2:06 pm
txn_1IxDx8Jm8ehcCWGI7YwcmTKU - 8994163945288240 - June 1, 2021, 2:06 pm
txn_1IxDqaJm8ehcCWGIAGNSBBGM - 8994163945502247 - June 1, 2021, 2:06 pm
txn_1Ix2gAJm8ehcCWGIm4yGj3kD - 8994163945287243 - June 1, 2021, 2:06 pm
txn_1Ix2VwJm8ehcCWGIFPLaiTb6 - 8994163945496249 - June 1, 2021, 2:06 pm
txn_1Ix0VTJm8ehcCWGIZV3LXLsn - 8994163945286246 - June 1, 2021, 2:06 pm
txn_1IwzGZJm8ehcCWGIVIEJyfsm - 8994163945497246 - June 1, 2021, 2:06 pm
txn_1Iwv66Jm8ehcCWGILaDVOKMB - 8994163945284242 - June 1, 2021, 2:06 pm
txn_1IwfUQJm8ehcCWGIeAynwWZs - 8994163945499240 - June 1, 2021, 2:06 pm
txn_1IwqQLJm8ehcCWGICgZ008zz - 8994163945285249 - June 1, 2021, 2:06 pm
txn_1IxG2nJm8ehcCWGIxol241w1 - 8994163945494245 - June 1, 2021, 2:06 pm
txn_1IxGnCJm8ehcCWGI2vmScfLk - 8994163945174246 - June 1, 2021, 2:06 pm
txn_1Iwuz1Jm8ehcCWGIR5XEqaRn - 8994163945170248 - June 1, 2021, 2:06 pm
txn_1IxDqaJm8ehcCWGIAGNSBBGM - 8994163945502247 - June 1, 2021, 2:06 pm
txn_1IxBMKJm8ehcCWGIwOY7oDgv - 8994163945495242 - June 1, 2021, 2:06 pm
txn_1Ix2VwJm8ehcCWGIFPLaiTb6 - 8994163945496249 - June 1, 2021, 2:06 pm
txn_1Ix3QmJm8ehcCWGIqUNINrjx - 8994163945492241 - June 1, 2021, 2:06 pm
txn_1IwzGZJm8ehcCWGIVIEJyfsm - 8994163945497246 - June 1, 2021, 2:06 pm
txn_1IxF9JJm8ehcCWGIuk4b8Sqv - 8994163945277244 - June 1, 2021, 2:06 pm
txn_1IwfUQJm8ehcCWGIeAynwWZs - 8994163945499240 - June 1, 2021, 2:06 pm
txn_1Iwu38Jm8ehcCWGIalsCygLu - 8994163945490247 - June 1, 2021, 2:06 pm
txn_1IxG2nJm8ehcCWGIxol241w1 - 8994163945494245 - June 1, 2021, 2:06 pm
txn_1Ix0tUJm8ehcCWGII0tlLVS9 - 8994163945165244 - June 1, 2021, 2:06 pm
txn_1Iwuz1Jm8ehcCWGIR5XEqaRn - 8994163945170248 - June 1, 2021, 2:06 pm
txn_1Iwy6rJm8ehcCWGISttir39I - 8994163945491244 - June 1, 2021, 2:06 pm
txn_1IxBMKJm8ehcCWGIwOY7oDgv - 8994163945495242 - June 1, 2021, 2:06 pm
txn_1Ix3QmJm8ehcCWGIqUNINrjx - 8994163945492241 - June 1, 2021, 2:06 pm
txn_1IxF9JJm8ehcCWGIuk4b8Sqv - 8994163945277244 - June 1, 2021, 2:06 pm
txn_1Iwu38Jm8ehcCWGIalsCygLu - 8994163945490247 - June 1, 2021, 2:06 pm
txn_1Ix0tUJm8ehcCWGII0tlLVS9 - 8994163945165244 - June 1, 2021, 2:06 pm
txn_1Iwy6rJm8ehcCWGISttir39I - 8994163945491244 - June 1, 2021, 2:06 pm
txn_1IweLkJm8ehcCWGIjQLoOqwd - 8994163945164247 - June 1, 2021, 2:07 pm
txn_1IxDx8Jm8ehcCWGI7YwcmTKU - 8994163945288240 - June 1, 2021, 2:07 pm
txn_1Ix2gAJm8ehcCWGIm4yGj3kD - 8994163945287243 - June 1, 2021, 2:07 pm
txn_1Ix0VTJm8ehcCWGIZV3LXLsn - 8994163945286246 - June 1, 2021, 2:07 pm
txn_1Iwv66Jm8ehcCWGILaDVOKMB - 8994163945284242 - June 1, 2021, 2:07 pm
txn_1IwqQLJm8ehcCWGICgZ008zz - 8994163945285249 - June 1, 2021, 2:07 pm
txn_1IxGnCJm8ehcCWGI2vmScfLk - 8994163945174246 - June 1, 2021, 2:07 pm
txn_1IxDqaJm8ehcCWGIAGNSBBGM - 8994163945502247 - June 1, 2021, 2:07 pm
txn_1Ix2VwJm8ehcCWGIFPLaiTb6 - 8994163945496249 - June 1, 2021, 2:07 pm
txn_1IwzGZJm8ehcCWGIVIEJyfsm - 8994163945497246 - June 1, 2021, 2:07 pm
txn_1IwfUQJm8ehcCWGIeAynwWZs - 8994163945499240 - June 1, 2021, 2:07 pm
txn_1IxG2nJm8ehcCWGIxol241w1 - 8994163945494245 - June 1, 2021, 2:07 pm
txn_1Iwuz1Jm8ehcCWGIR5XEqaRn - 8994163945170248 - June 1, 2021, 2:07 pm
txn_1IxBMKJm8ehcCWGIwOY7oDgv - 8994163945495242 - June 1, 2021, 2:07 pm
txn_1Ix3QmJm8ehcCWGIqUNINrjx - 8994163945492241 - June 1, 2021, 2:07 pm
txn_1IxF9JJm8ehcCWGIuk4b8Sqv - 8994163945277244 - June 1, 2021, 2:07 pm
txn_1Iwu38Jm8ehcCWGIalsCygLu - 8994163945490247 - June 1, 2021, 2:07 pm
txn_1Ix0tUJm8ehcCWGII0tlLVS9 - 8994163945165244 - June 1, 2021, 2:07 pm
txn_1Iwy6rJm8ehcCWGISttir39I - 8994163945491244 - June 1, 2021, 2:07 pm
txn_1Ix0cqJm8ehcCWGIQrkMJMvB - 8994163945337245 - June 1, 2021, 2:07 pm
txn_1IwvW6Jm8ehcCWGIvjL4UWJA - 8994163945331243 - June 1, 2021, 2:07 pm
txn_1IxLaHJm8ehcCWGIBGUzHowo - 8994163945528247 - June 1, 2021, 2:07 pm
txn_1IwtX8Jm8ehcCWGIhwaG7gwt - 8994163945524249 - June 1, 2021, 2:07 pm
txn_1IxKlMJm8ehcCWGIxQVUzSXG - 8994163945525246 - June 1, 2021, 2:07 pm
txn_1IweLkJm8ehcCWGIjQLoOqwd - 8994163945164247 - June 1, 2021, 2:07 pm
txn_1IxDx8Jm8ehcCWGI7YwcmTKU - 8994163945288240 - June 1, 2021, 2:07 pm
txn_1Ix2gAJm8ehcCWGIm4yGj3kD - 8994163945287243 - June 1, 2021, 2:07 pm
txn_1Ix0VTJm8ehcCWGIZV3LXLsn - 8994163945286246 - June 1, 2021, 2:07 pm
txn_1Iwv66Jm8ehcCWGILaDVOKMB - 8994163945284242 - June 1, 2021, 2:07 pm
txn_1IwqQLJm8ehcCWGICgZ008zz - 8994163945285249 - June 1, 2021, 2:07 pm
txn_1IxGnCJm8ehcCWGI2vmScfLk - 8994163945174246 - June 1, 2021, 2:07 pm
txn_1IxDqaJm8ehcCWGIAGNSBBGM - 8994163945502247 - June 1, 2021, 2:07 pm
txn_1Ix2VwJm8ehcCWGIFPLaiTb6 - 8994163945496249 - June 1, 2021, 2:07 pm
txn_1IwzGZJm8ehcCWGIVIEJyfsm - 8994163945497246 - June 1, 2021, 2:07 pm
txn_1IwfUQJm8ehcCWGIeAynwWZs - 8994163945499240 - June 1, 2021, 2:07 pm
txn_1IxG2nJm8ehcCWGIxol241w1 - 8994163945494245 - June 1, 2021, 2:07 pm
txn_1Iwuz1Jm8ehcCWGIR5XEqaRn - 8994163945170248 - June 1, 2021, 2:07 pm
txn_1IxBMKJm8ehcCWGIwOY7oDgv - 8994163945495242 - June 1, 2021, 2:07 pm
txn_1Ix3QmJm8ehcCWGIqUNINrjx - 8994163945492241 - June 1, 2021, 2:07 pm
txn_1IxF9JJm8ehcCWGIuk4b8Sqv - 8994163945277244 - June 1, 2021, 2:07 pm
txn_1Iwu38Jm8ehcCWGIalsCygLu - 8994163945490247 - June 1, 2021, 2:07 pm
txn_1Ix0tUJm8ehcCWGII0tlLVS9 - 8994163945165244 - June 1, 2021, 2:07 pm
txn_1Iwy6rJm8ehcCWGISttir39I - 8994163945491244 - June 1, 2021, 2:07 pm
txn_1Ix0cqJm8ehcCWGIQrkMJMvB - 8994163945337245 - June 1, 2021, 2:07 pm
txn_1IwvW6Jm8ehcCWGIvjL4UWJA - 8994163945331243 - June 1, 2021, 2:07 pm
txn_1IxLaHJm8ehcCWGIBGUzHowo - 8994163945528247 - June 1, 2021, 2:07 pm
txn_1IwtX8Jm8ehcCWGIhwaG7gwt - 8994163945524249 - June 1, 2021, 2:07 pm
txn_1IxKlMJm8ehcCWGIxQVUzSXG - 8994163945525246 - June 1, 2021, 2:07 pm
txn_1IweLkJm8ehcCWGIjQLoOqwd - 8994163945164247 - June 1, 2021, 2:07 pm
txn_1IxDx8Jm8ehcCWGI7YwcmTKU - 8994163945288240 - June 1, 2021, 2:07 pm
txn_1Ix2gAJm8ehcCWGIm4yGj3kD - 8994163945287243 - June 1, 2021, 2:07 pm
txn_1Ix0VTJm8ehcCWGIZV3LXLsn - 8994163945286246 - June 1, 2021, 2:07 pm
txn_1Iwv66Jm8ehcCWGILaDVOKMB - 8994163945284242 - June 1, 2021, 2:07 pm
txn_1IwqQLJm8ehcCWGICgZ008zz - 8994163945285249 - June 1, 2021, 2:07 pm
txn_1IxGnCJm8ehcCWGI2vmScfLk - 8994163945174246 - June 1, 2021, 2:07 pm
txn_1IxDqaJm8ehcCWGIAGNSBBGM - 8994163945502247 - June 1, 2021, 2:07 pm
txn_1Ix2VwJm8ehcCWGIFPLaiTb6 - 8994163945496249 - June 1, 2021, 2:07 pm
txn_1IwzGZJm8ehcCWGIVIEJyfsm - 8994163945497246 - June 1, 2021, 2:07 pm
txn_1IwfUQJm8ehcCWGIeAynwWZs - 8994163945499240 - June 1, 2021, 2:07 pm
txn_1IxG2nJm8ehcCWGIxol241w1 - 8994163945494245 - June 1, 2021, 2:07 pm
txn_1Iwuz1Jm8ehcCWGIR5XEqaRn - 8994163945170248 - June 1, 2021, 2:07 pm
txn_1IxBMKJm8ehcCWGIwOY7oDgv - 8994163945495242 - June 1, 2021, 2:07 pm
txn_1Ix3QmJm8ehcCWGIqUNINrjx - 8994163945492241 - June 1, 2021, 2:07 pm
txn_1IxF9JJm8ehcCWGIuk4b8Sqv - 8994163945277244 - June 1, 2021, 2:07 pm
txn_1Iwu38Jm8ehcCWGIalsCygLu - 8994163945490247 - June 1, 2021, 2:07 pm
txn_1Ix0tUJm8ehcCWGII0tlLVS9 - 8994163945165244 - June 1, 2021, 2:07 pm
txn_1Iwy6rJm8ehcCWGISttir39I - 8994163945491244 - June 1, 2021, 2:07 pm
txn_1Ix3ACJm8ehcCWGI0FnQxzZX - 8994163945621245 - June 1, 2021, 2:07 pm
txn_1Ix0cqJm8ehcCWGIQrkMJMvB - 8994163945337245 - June 1, 2021, 2:07 pm
txn_1IwvW6Jm8ehcCWGIvjL4UWJA - 8994163945331243 - June 1, 2021, 2:07 pm
txn_1IxLaHJm8ehcCWGIBGUzHowo - 8994163945528247 - June 1, 2021, 2:07 pm
txn_1IwtX8Jm8ehcCWGIhwaG7gwt - 8994163945524249 - June 1, 2021, 2:07 pm
txn_1IxKlMJm8ehcCWGIxQVUzSXG - 8994163945525246 - June 1, 2021, 2:07 pm
txn_1IweLkJm8ehcCWGIjQLoOqwd - 8994163945164247 - June 1, 2021, 2:07 pm
txn_1IxDx8Jm8ehcCWGI7YwcmTKU - 8994163945288240 - June 1, 2021, 2:07 pm
txn_1Ix2gAJm8ehcCWGIm4yGj3kD - 8994163945287243 - June 1, 2021, 2:07 pm
txn_1Ix0VTJm8ehcCWGIZV3LXLsn - 8994163945286246 - June 1, 2021, 2:07 pm
txn_1Iwv66Jm8ehcCWGILaDVOKMB - 8994163945284242 - June 1, 2021, 2:07 pm
txn_1IwqQLJm8ehcCWGICgZ008zz - 8994163945285249 - June 1, 2021, 2:07 pm
txn_1IxGnCJm8ehcCWGI2vmScfLk - 8994163945174246 - June 1, 2021, 2:07 pm
txn_1IxDqaJm8ehcCWGIAGNSBBGM - 8994163945502247 - June 1, 2021, 2:07 pm
txn_1Ix2VwJm8ehcCWGIFPLaiTb6 - 8994163945496249 - June 1, 2021, 2:07 pm
txn_1IwzGZJm8ehcCWGIVIEJyfsm - 8994163945497246 - June 1, 2021, 2:07 pm
txn_1IwfUQJm8ehcCWGIeAynwWZs - 8994163945499240 - June 1, 2021, 2:07 pm
txn_1IxG2nJm8ehcCWGIxol241w1 - 8994163945494245 - June 1, 2021, 2:07 pm
txn_1Iwuz1Jm8ehcCWGIR5XEqaRn - 8994163945170248 - June 1, 2021, 2:07 pm
txn_1IxBMKJm8ehcCWGIwOY7oDgv - 8994163945495242 - June 1, 2021, 2:07 pm
txn_1Ix3QmJm8ehcCWGIqUNINrjx - 8994163945492241 - June 1, 2021, 2:07 pm
txn_1IxF9JJm8ehcCWGIuk4b8Sqv - 8994163945277244 - June 1, 2021, 2:07 pm
txn_1Iwu38Jm8ehcCWGIalsCygLu - 8994163945490247 - June 1, 2021, 2:07 pm
txn_1Ix0tUJm8ehcCWGII0tlLVS9 - 8994163945165244 - June 1, 2021, 2:07 pm
txn_1Iwy6rJm8ehcCWGISttir39I - 8994163945491244 - June 1, 2021, 2:07 pm
txn_1Ix3ACJm8ehcCWGI0FnQxzZX - 8994163945621245 - June 1, 2021, 2:07 pm
txn_1Ix0cqJm8ehcCWGIQrkMJMvB - 8994163945337245 - June 1, 2021, 2:07 pm
txn_1IwvW6Jm8ehcCWGIvjL4UWJA - 8994163945331243 - June 1, 2021, 2:07 pm
txn_1IxLaHJm8ehcCWGIBGUzHowo - 8994163945528247 - June 1, 2021, 2:07 pm
txn_1IwtX8Jm8ehcCWGIhwaG7gwt - 8994163945524249 - June 1, 2021, 2:07 pm
txn_1IxKlMJm8ehcCWGIxQVUzSXG - 8994163945525246 - June 1, 2021, 2:07 pm
txn_1IweLkJm8ehcCWGIjQLoOqwd - 8994163945164247 - June 1, 2021, 2:07 pm
txn_1IxDx8Jm8ehcCWGI7YwcmTKU - 8994163945288240 - June 1, 2021, 2:07 pm
txn_1Ix2gAJm8ehcCWGIm4yGj3kD - 8994163945287243 - June 1, 2021, 2:07 pm
txn_1Ix0VTJm8ehcCWGIZV3LXLsn - 8994163945286246 - June 1, 2021, 2:07 pm
txn_1Iwv66Jm8ehcCWGILaDVOKMB - 8994163945284242 - June 1, 2021, 2:07 pm
txn_1IwqQLJm8ehcCWGICgZ008zz - 8994163945285249 - June 1, 2021, 2:07 pm
txn_1IxGnCJm8ehcCWGI2vmScfLk - 8994163945174246 - June 1, 2021, 2:07 pm
txn_1IxDqaJm8ehcCWGIAGNSBBGM - 8994163945502247 - June 1, 2021, 2:07 pm
txn_1Ix2VwJm8ehcCWGIFPLaiTb6 - 8994163945496249 - June 1, 2021, 2:07 pm
txn_1IwzGZJm8ehcCWGIVIEJyfsm - 8994163945497246 - June 1, 2021, 2:07 pm
txn_1IwfUQJm8ehcCWGIeAynwWZs - 8994163945499240 - June 1, 2021, 2:07 pm
txn_1IxG2nJm8ehcCWGIxol241w1 - 8994163945494245 - June 1, 2021, 2:07 pm
txn_1Iwuz1Jm8ehcCWGIR5XEqaRn - 8994163945170248 - June 1, 2021, 2:07 pm
txn_1IxBMKJm8ehcCWGIwOY7oDgv - 8994163945495242 - June 1, 2021, 2:07 pm
txn_1Ix3QmJm8ehcCWGIqUNINrjx - 8994163945492241 - June 1, 2021, 2:07 pm
txn_1IxF9JJm8ehcCWGIuk4b8Sqv - 8994163945277244 - June 1, 2021, 2:07 pm
txn_1Iwu38Jm8ehcCWGIalsCygLu - 8994163945490247 - June 1, 2021, 2:07 pm
txn_1Ix0tUJm8ehcCWGII0tlLVS9 - 8994163945165244 - June 1, 2021, 2:07 pm
txn_1Iwy6rJm8ehcCWGISttir39I - 8994163945491244 - June 1, 2021, 2:07 pm
txn_1Ix3ACJm8ehcCWGI0FnQxzZX - 8994163945621245 - June 1, 2021, 2:07 pm
txn_1Ix0cqJm8ehcCWGIQrkMJMvB - 8994163945337245 - June 1, 2021, 2:07 pm
txn_1IwvW6Jm8ehcCWGIvjL4UWJA - 8994163945331243 - June 1, 2021, 2:07 pm
txn_1IxLaHJm8ehcCWGIBGUzHowo - 8994163945528247 - June 1, 2021, 2:07 pm
txn_1IwtX8Jm8ehcCWGIhwaG7gwt - 8994163945524249 - June 1, 2021, 2:07 pm
txn_1IxKlMJm8ehcCWGIxQVUzSXG - 8994163945525246 - June 1, 2021, 2:07 pm
