2021Influencer602 - 8994163176525237 - April 23, 2021, 5:12 pm
2021Influencer601 - 8994163176390231 - April 23, 2021, 5:12 pm
txn_1Ij3wVJm8ehcCWGIz2pMPfAZ - 8994163176662239 - April 23, 2021, 5:12 pm
txn_1Ij6wcJm8ehcCWGIg0TDpokx - 8994163176389235 - April 23, 2021, 5:12 pm
txn_1IjDNDJm8ehcCWGIiioxZjCC - 8994163176388238 - April 23, 2021, 5:12 pm
txn_1IjBh8Jm8ehcCWGID2q8J673 - 8994163176660235 - April 23, 2021, 5:12 pm
txn_1IjACfJm8ehcCWGIzNIA7NCW - 8994163176524230 - April 23, 2021, 5:12 pm
txn_1IitYrJm8ehcCWGIYRRryBDw - 8994163176387231 - April 23, 2021, 5:12 pm
txn_1Ij2smJm8ehcCWGIkdK6zeHt - 8994163176523233 - April 23, 2021, 5:12 pm
txn_1Ij6hVJm8ehcCWGIlLRh1g3M - 8994163176386234 - April 23, 2021, 5:12 pm
txn_1IjBWjJm8ehcCWGIT7EXqyqP - 8994163176521239 - April 23, 2021, 5:12 pm
txn_1IjD6CJm8ehcCWGIwzPSX2pF - 8994163176522236 - April 23, 2021, 5:12 pm
txn_1Ij9ryJm8ehcCWGIx7lPaI1R - 8994163176652230 - April 23, 2021, 5:12 pm
txn_1IirfdJm8ehcCWGIYeFgz2ov - 8994163176520232 - April 23, 2021, 5:12 pm
txn_1Ij1UTJm8ehcCWGIlJlQ0gvV - 8994163176648233 - April 23, 2021, 5:12 pm
txn_1IjBq9Jm8ehcCWGIebCfAjER - 8994163176518239 - April 23, 2021, 5:12 pm
txn_1IjAHiJm8ehcCWGIR7tNI1Nd - 8994163176649230 - April 23, 2021, 5:12 pm
txn_1Ij5GcJm8ehcCWGIeMLtHkvW - 8994163176519236 - April 23, 2021, 5:12 pm
txn_1Ij8B6Jm8ehcCWGIBg66jDRI - 8994163176650236 - April 23, 2021, 5:12 pm
txn_1Iir50Jm8ehcCWGIXB6n039F - 8994163176517232 - April 23, 2021, 5:12 pm
