txn_3JKYbsJm8ehcCWGI08sSwnzE - 8994163557987272 - August 5, 2021, 4:07 pm
txn_3JKulMJm8ehcCWGI1vGJXAzW - 8994163558175272 - August 5, 2021, 4:07 pm
txn_3JKuOsJm8ehcCWGI1nQan5dY - 8994163558009270 - August 5, 2021, 4:07 pm
txn_3JKuJqJm8ehcCWGI0R6RLXUA - 8994163558172271 - August 5, 2021, 4:07 pm
txn_3JKsDVJm8ehcCWGI1qjjvKm0 - 8994163558006279 - August 5, 2021, 4:07 pm
txn_3JKruGJm8ehcCWGI1WhRbI89 - 8994163558168274 - August 5, 2021, 4:07 pm
txn_3JKc57Jm8ehcCWGI0aNAPOnK - 8994163558167277 - August 5, 2021, 4:07 pm
txn_3JKoDsJm8ehcCWGI0x0e8A0U - 8994163558271271 - August 5, 2021, 4:07 pm
txn_3JKidNJm8ehcCWGI0uU9gBNh - 8994163558004275 - August 5, 2021, 4:07 pm
txn_3JKakwJm8ehcCWGI0fnSfH9e - 8994163558005272 - August 5, 2021, 4:07 pm
txn_3JKZH8Jm8ehcCWGI0IVK2Acq - 8994163558166270 - August 5, 2021, 4:07 pm
txn_3JKpxzJm8ehcCWGI0n8DQ1xu - 8994163558003278 - August 5, 2021, 4:07 pm
txn_3JKlW2Jm8ehcCWGI1wnvZNwV - 8994163558163279 - August 5, 2021, 4:07 pm
txn_3JKbUUJm8ehcCWGI04w3FadE - 8994163558002271 - August 5, 2021, 4:07 pm
txn_3JKaYoJm8ehcCWGI1lZAMeQ8 - 8994163558164276 - August 5, 2021, 4:07 pm
txn_3JKZ6GJm8ehcCWGI07eegL7M - 8994163558162272 - August 5, 2021, 4:07 pm
txn_3JKh8vJm8ehcCWGI0w0toWaa - 8994163558001274 - August 5, 2021, 4:07 pm
txn_3JKaxcJm8ehcCWGI1jdcbhVF - 8994163557985278 - August 5, 2021, 4:07 pm
txn_3JKpN1Jm8ehcCWGI0a0SF7sf - 8994163558145275 - August 5, 2021, 4:07 pm
txn_3JKZjCJm8ehcCWGI0xAhaYmv - 8994163557986275 - August 5, 2021, 4:07 pm
txn_3JKjNVJm8ehcCWGI1a3uGN2w - 8994163558144278 - August 5, 2021, 4:07 pm
txn_3JKc72Jm8ehcCWGI0rVV9mQR - 8994163558143271 - August 5, 2021, 4:07 pm
