txn_1IIdrJJm8ehcCWGIloIfgbtU - 8994163086851204 - February 8, 2021, 10:22 pm
txn_1IIh8VJm8ehcCWGIhZsxji2Z - 8994163086691206 - February 8, 2021, 10:22 pm
txn_1IIbhyJm8ehcCWGIZHtWVqCx - 8994163087013205 - February 8, 2021, 10:22 pm
txn_1IIgBPJm8ehcCWGIzRecD1rw - 8994163086690209 - February 8, 2021, 10:22 pm
txn_1IIjF4Jm8ehcCWGIXcxfkM4N - 8994163087012208 - February 8, 2021, 10:22 pm
txn_1IIlcsJm8ehcCWGIopimFM3T - 8994163087011201 - February 8, 2021, 10:22 pm
txn_1IIePxJm8ehcCWGI13ewoQlg - 8994163086689203 - February 8, 2021, 10:22 pm
txn_1IIhEaJm8ehcCWGI58648iSH - 8994163087009208 - February 8, 2021, 10:22 pm
txn_1IIcQZJm8ehcCWGIUdZ4t1Yx - 8994163086850207 - February 8, 2021, 10:22 pm
txn_1IIk36Jm8ehcCWGIKISqhWJU - 8994163086687209 - February 8, 2021, 10:22 pm
txn_1IIgBvJm8ehcCWGItIhSShNg - 8994163087008201 - February 8, 2021, 10:22 pm
2021Influencer302 - 8994163086688206 - February 8, 2021, 10:22 pm
txn_1IIf7hJm8ehcCWGIPRectWEF - 8994163087006207 - February 8, 2021, 10:22 pm
txn_1IIckRJm8ehcCWGIruyaXaDv - 8994163087007204 - February 8, 2021, 10:22 pm
txn_1IIhnAJm8ehcCWGI756jNnQ1 - 8994163086849201 - February 8, 2021, 10:22 pm
2021Influencer301 - 8994163087005200 - February 8, 2021, 10:22 pm
txn_1IIk3OJm8ehcCWGI3nxyYkQP - 8994163086848204 - February 8, 2021, 10:22 pm
txn_1IIgd4Jm8ehcCWGI69gI4urC - 8994163086686202 - February 8, 2021, 10:22 pm
txn_1IIcmoJm8ehcCWGIZdAQK2qj - 8994163087004203 - February 8, 2021, 10:22 pm
txn_1IIhsdJm8ehcCWGIm1Xiz4B7 - 8994163087003206 - February 8, 2021, 10:22 pm
txn_1IIfezJm8ehcCWGIjBMkifjT - 8994163086847207 - February 8, 2021, 10:22 pm
txn_1IIdrJJm8ehcCWGIloIfgbtU - 8994163086851204 - February 8, 2021, 10:23 pm
txn_1IIh8VJm8ehcCWGIhZsxji2Z - 8994163086691206 - February 8, 2021, 10:23 pm
txn_1IIbhyJm8ehcCWGIZHtWVqCx - 8994163087013205 - February 8, 2021, 10:23 pm
txn_1IIgBPJm8ehcCWGIzRecD1rw - 8994163086690209 - February 8, 2021, 10:23 pm
txn_1IIjF4Jm8ehcCWGIXcxfkM4N - 8994163087012208 - February 8, 2021, 10:23 pm
txn_1IIlcsJm8ehcCWGIopimFM3T - 8994163087011201 - February 8, 2021, 10:23 pm
txn_1IIePxJm8ehcCWGI13ewoQlg - 8994163086689203 - February 8, 2021, 10:23 pm
txn_1IIhEaJm8ehcCWGI58648iSH - 8994163087009208 - February 8, 2021, 10:23 pm
txn_1IIcQZJm8ehcCWGIUdZ4t1Yx - 8994163086850207 - February 8, 2021, 10:23 pm
txn_1IIk36Jm8ehcCWGIKISqhWJU - 8994163086687209 - February 8, 2021, 10:23 pm
txn_1IIgBvJm8ehcCWGItIhSShNg - 8994163087008201 - February 8, 2021, 10:23 pm
2021Influencer302 - 8994163086688206 - February 8, 2021, 10:23 pm
txn_1IIf7hJm8ehcCWGIPRectWEF - 8994163087006207 - February 8, 2021, 10:23 pm
txn_1IIckRJm8ehcCWGIruyaXaDv - 8994163087007204 - February 8, 2021, 10:23 pm
txn_1IIhnAJm8ehcCWGI756jNnQ1 - 8994163086849201 - February 8, 2021, 10:23 pm
2021Influencer301 - 8994163087005200 - February 8, 2021, 10:23 pm
txn_1IIk3OJm8ehcCWGI3nxyYkQP - 8994163086848204 - February 8, 2021, 10:23 pm
txn_1IIgd4Jm8ehcCWGI69gI4urC - 8994163086686202 - February 8, 2021, 10:23 pm
txn_1IIcmoJm8ehcCWGIZdAQK2qj - 8994163087004203 - February 8, 2021, 10:23 pm
txn_1IIhsdJm8ehcCWGIm1Xiz4B7 - 8994163087003206 - February 8, 2021, 10:23 pm
txn_1IIfezJm8ehcCWGIjBMkifjT - 8994163086847207 - February 8, 2021, 10:23 pm
txn_1IIdrJJm8ehcCWGIloIfgbtU - 8994163086851204 - February 8, 2021, 10:23 pm
txn_1IIh8VJm8ehcCWGIhZsxji2Z - 8994163086691206 - February 8, 2021, 10:23 pm
txn_1IIbhyJm8ehcCWGIZHtWVqCx - 8994163087013205 - February 8, 2021, 10:23 pm
txn_1IIgBPJm8ehcCWGIzRecD1rw - 8994163086690209 - February 8, 2021, 10:23 pm
txn_1IIjF4Jm8ehcCWGIXcxfkM4N - 8994163087012208 - February 8, 2021, 10:23 pm
txn_1IIlcsJm8ehcCWGIopimFM3T - 8994163087011201 - February 8, 2021, 10:23 pm
txn_1IIePxJm8ehcCWGI13ewoQlg - 8994163086689203 - February 8, 2021, 10:23 pm
txn_1IIhEaJm8ehcCWGI58648iSH - 8994163087009208 - February 8, 2021, 10:23 pm
txn_1IIcQZJm8ehcCWGIUdZ4t1Yx - 8994163086850207 - February 8, 2021, 10:23 pm
txn_1IIk36Jm8ehcCWGIKISqhWJU - 8994163086687209 - February 8, 2021, 10:23 pm
txn_1IIgBvJm8ehcCWGItIhSShNg - 8994163087008201 - February 8, 2021, 10:23 pm
2021Influencer302 - 8994163086688206 - February 8, 2021, 10:23 pm
txn_1IIf7hJm8ehcCWGIPRectWEF - 8994163087006207 - February 8, 2021, 10:23 pm
txn_1IIckRJm8ehcCWGIruyaXaDv - 8994163087007204 - February 8, 2021, 10:23 pm
txn_1IIhnAJm8ehcCWGI756jNnQ1 - 8994163086849201 - February 8, 2021, 10:23 pm
2021Influencer301 - 8994163087005200 - February 8, 2021, 10:23 pm
txn_1IIk3OJm8ehcCWGI3nxyYkQP - 8994163086848204 - February 8, 2021, 10:23 pm
txn_1IIgd4Jm8ehcCWGI69gI4urC - 8994163086686202 - February 8, 2021, 10:23 pm
txn_1IIcmoJm8ehcCWGIZdAQK2qj - 8994163087004203 - February 8, 2021, 10:23 pm
txn_1IIhsdJm8ehcCWGIm1Xiz4B7 - 8994163087003206 - February 8, 2021, 10:23 pm
txn_1IIfezJm8ehcCWGIjBMkifjT - 8994163086847207 - February 8, 2021, 10:23 pm
txn_1IIdrJJm8ehcCWGIloIfgbtU - 8994163086851204 - February 8, 2021, 10:23 pm
txn_1IIh8VJm8ehcCWGIhZsxji2Z - 8994163086691206 - February 8, 2021, 10:23 pm
txn_1IIbhyJm8ehcCWGIZHtWVqCx - 8994163087013205 - February 8, 2021, 10:23 pm
txn_1IIgBPJm8ehcCWGIzRecD1rw - 8994163086690209 - February 8, 2021, 10:23 pm
txn_1IIjF4Jm8ehcCWGIXcxfkM4N - 8994163087012208 - February 8, 2021, 10:23 pm
txn_1IIlcsJm8ehcCWGIopimFM3T - 8994163087011201 - February 8, 2021, 10:23 pm
txn_1IIePxJm8ehcCWGI13ewoQlg - 8994163086689203 - February 8, 2021, 10:23 pm
txn_1IIhEaJm8ehcCWGI58648iSH - 8994163087009208 - February 8, 2021, 10:23 pm
txn_1IIcQZJm8ehcCWGIUdZ4t1Yx - 8994163086850207 - February 8, 2021, 10:23 pm
txn_1IIk36Jm8ehcCWGIKISqhWJU - 8994163086687209 - February 8, 2021, 10:23 pm
txn_1IIgBvJm8ehcCWGItIhSShNg - 8994163087008201 - February 8, 2021, 10:23 pm
2021Influencer302 - 8994163086688206 - February 8, 2021, 10:23 pm
txn_1IIf7hJm8ehcCWGIPRectWEF - 8994163087006207 - February 8, 2021, 10:23 pm
txn_1IIckRJm8ehcCWGIruyaXaDv - 8994163087007204 - February 8, 2021, 10:23 pm
txn_1IIhnAJm8ehcCWGI756jNnQ1 - 8994163086849201 - February 8, 2021, 10:23 pm
2021Influencer301 - 8994163087005200 - February 8, 2021, 10:23 pm
txn_1IIk3OJm8ehcCWGI3nxyYkQP - 8994163086848204 - February 8, 2021, 10:23 pm
txn_1IIgd4Jm8ehcCWGI69gI4urC - 8994163086686202 - February 8, 2021, 10:23 pm
txn_1IIcmoJm8ehcCWGIZdAQK2qj - 8994163087004203 - February 8, 2021, 10:23 pm
txn_1IIhsdJm8ehcCWGIm1Xiz4B7 - 8994163087003206 - February 8, 2021, 10:23 pm
txn_1IIfezJm8ehcCWGIjBMkifjT - 8994163086847207 - February 8, 2021, 10:23 pm
txn_1IIkXmJm8ehcCWGIq3VyCMHF - 8994163086697208 - February 8, 2021, 10:23 pm
txn_1IIic9Jm8ehcCWGIsHIuLekA - 8994163086700205 - February 8, 2021, 10:23 pm
txn_1IIdf4Jm8ehcCWGIwoWFGp9f - 8994163087031209 - February 8, 2021, 10:23 pm
txn_1IIkUxJm8ehcCWGIqaWY5ofO - 8994163086698205 - February 8, 2021, 10:23 pm
txn_1IIThNJm8ehcCWGIzrVhmL5k - 8994163087028209 - February 8, 2021, 10:23 pm
txn_1IIfp3Jm8ehcCWGIF3GcnLiA - 8994163087027202 - February 8, 2021, 10:23 pm
txn_1IIWCzJm8ehcCWGILtQc3cww - 8994163086857206 - February 8, 2021, 10:23 pm
txn_1IIfvQJm8ehcCWGIy7o48QkM - 8994163087026205 - February 8, 2021, 10:23 pm
txn_1IIdrJJm8ehcCWGIloIfgbtU - 8994163086851204 - February 8, 2021, 10:24 pm
txn_1IIh8VJm8ehcCWGIhZsxji2Z - 8994163086691206 - February 8, 2021, 10:24 pm
txn_1IIbhyJm8ehcCWGIZHtWVqCx - 8994163087013205 - February 8, 2021, 10:24 pm
txn_1IIgBPJm8ehcCWGIzRecD1rw - 8994163086690209 - February 8, 2021, 10:24 pm
txn_1IIjF4Jm8ehcCWGIXcxfkM4N - 8994163087012208 - February 8, 2021, 10:24 pm
txn_1IIlcsJm8ehcCWGIopimFM3T - 8994163087011201 - February 8, 2021, 10:24 pm
txn_1IIePxJm8ehcCWGI13ewoQlg - 8994163086689203 - February 8, 2021, 10:24 pm
txn_1IIhEaJm8ehcCWGI58648iSH - 8994163087009208 - February 8, 2021, 10:24 pm
txn_1IIcQZJm8ehcCWGIUdZ4t1Yx - 8994163086850207 - February 8, 2021, 10:24 pm
txn_1IIk36Jm8ehcCWGIKISqhWJU - 8994163086687209 - February 8, 2021, 10:24 pm
txn_1IIgBvJm8ehcCWGItIhSShNg - 8994163087008201 - February 8, 2021, 10:24 pm
2021Influencer302 - 8994163086688206 - February 8, 2021, 10:24 pm
txn_1IIf7hJm8ehcCWGIPRectWEF - 8994163087006207 - February 8, 2021, 10:24 pm
txn_1IIckRJm8ehcCWGIruyaXaDv - 8994163087007204 - February 8, 2021, 10:24 pm
txn_1IIhnAJm8ehcCWGI756jNnQ1 - 8994163086849201 - February 8, 2021, 10:24 pm
2021Influencer301 - 8994163087005200 - February 8, 2021, 10:24 pm
txn_1IIk3OJm8ehcCWGI3nxyYkQP - 8994163086848204 - February 8, 2021, 10:24 pm
txn_1IIgd4Jm8ehcCWGI69gI4urC - 8994163086686202 - February 8, 2021, 10:24 pm
txn_1IIcmoJm8ehcCWGIZdAQK2qj - 8994163087004203 - February 8, 2021, 10:24 pm
txn_1IIhsdJm8ehcCWGIm1Xiz4B7 - 8994163087003206 - February 8, 2021, 10:24 pm
txn_1IIfezJm8ehcCWGIjBMkifjT - 8994163086847207 - February 8, 2021, 10:24 pm
txn_1IIkXmJm8ehcCWGIq3VyCMHF - 8994163086697208 - February 8, 2021, 10:24 pm
txn_1IIYD8Jm8ehcCWGIxFGWOt65 - 8994163086702209 - February 8, 2021, 10:24 pm
txn_1IIgp1Jm8ehcCWGIWtrevJZL - 8994163087037201 - February 8, 2021, 10:24 pm
txn_1IIbDqJm8ehcCWGITRcldDL9 - 8994163086701202 - February 8, 2021, 10:24 pm
txn_1IIiFkJm8ehcCWGIqUyp4Rjb - 8994163087035207 - February 8, 2021, 10:24 pm
txn_1IIic9Jm8ehcCWGIsHIuLekA - 8994163086700205 - February 8, 2021, 10:24 pm
txn_1IIdf4Jm8ehcCWGIwoWFGp9f - 8994163087031209 - February 8, 2021, 10:24 pm
txn_1IIkUxJm8ehcCWGIqaWY5ofO - 8994163086698205 - February 8, 2021, 10:24 pm
txn_1IIThNJm8ehcCWGIzrVhmL5k - 8994163087028209 - February 8, 2021, 10:24 pm
txn_1IIfp3Jm8ehcCWGIF3GcnLiA - 8994163087027202 - February 8, 2021, 10:24 pm
txn_1IIWCzJm8ehcCWGILtQc3cww - 8994163086857206 - February 8, 2021, 10:24 pm
txn_1IIfvQJm8ehcCWGIy7o48QkM - 8994163087026205 - February 8, 2021, 10:24 pm
