2021Influencer681 - 8994163065399253 - June 3, 2021, 5:04 pm
txn_1Iy3XEJm8ehcCWGID2axthB5 - 8994163065617258 - June 3, 2021, 5:04 pm
txn_1Iy1TQJm8ehcCWGIXNzE1AFw - 8994163065396252 - June 3, 2021, 5:04 pm
txn_1IxwL5Jm8ehcCWGIsndoYAzI - 8994163065613250 - June 3, 2021, 5:04 pm
txn_1IxtYRJm8ehcCWGIxfHNDhi7 - 8994163065612253 - June 3, 2021, 5:04 pm
2021Influencer678 - 8994163065394258 - June 3, 2021, 5:04 pm
2021Influencer675 - 8994163065393251 - June 3, 2021, 5:04 pm
txn_1Iy3DtJm8ehcCWGIYH4T2SvA - 8994163065611256 - June 3, 2021, 5:04 pm
2021Influencer679 - 8994163065504251 - June 3, 2021, 5:04 pm
txn_1IxwKhJm8ehcCWGIJmsa9oI0 - 8994163065388257 - June 3, 2021, 5:04 pm
txn_1Ixk66Jm8ehcCWGIx99sChoB - 8994163065008254 - June 3, 2021, 5:04 pm
2021Influencer676 - 8994163065387250 - June 3, 2021, 5:04 pm
txn_1Iy0fYJm8ehcCWGIAOyXfmWp - 8994163065009251 - June 3, 2021, 5:04 pm
2021Influencer680 - 8994163065007257 - June 3, 2021, 5:04 pm
txn_1Iy0zcJm8ehcCWGIBcp0XKZE - 8994163065002252 - June 3, 2021, 5:04 pm
txn_1IxukBJm8ehcCWGIxiCT3U5z - 8994163065502257 - June 3, 2021, 5:04 pm
txn_1Iy03sJm8ehcCWGIFmYD4MuT - 8994163065383252 - June 3, 2021, 5:04 pm
2021Influencer677 - 8994163065000258 - June 3, 2021, 5:04 pm
txn_1IxidBJm8ehcCWGI5S4UnzFg - 8994163065001255 - June 3, 2021, 5:04 pm
txn_1Iy28GJm8ehcCWGI3mj7R7YN - 8994163065382255 - June 3, 2021, 5:04 pm
