txn_1IySkjJm8ehcCWGItBNN5JGr - 8994163186374252 - June 7, 2021, 1:35 pm
txn_1IzA6HJm8ehcCWGImWbN3yxX - 8994163186389256 - June 7, 2021, 1:35 pm
txn_1Iz3xsJm8ehcCWGId0LqB63z - 8994163186387252 - June 7, 2021, 1:35 pm
txn_1IyUTJJm8ehcCWGIKrbMoUKL - 8994163186487259 - June 7, 2021, 1:35 pm
txn_1Iyg3DJm8ehcCWGIfXQigwID - 8994163186388259 - June 7, 2021, 1:35 pm
txn_1IzU8FJm8ehcCWGIab8CNLN4 - 8994163186386255 - June 7, 2021, 1:35 pm
txn_1Iz9YjJm8ehcCWGImwoMIv7J - 8994163186646250 - June 7, 2021, 1:35 pm
txn_1IyfxbJm8ehcCWGIYP1v1Jor - 8994163186385258 - June 7, 2021, 1:35 pm
txn_1IyzjyJm8ehcCWGIufsoOu7C - 8994163186645253 - June 7, 2021, 1:35 pm
txn_1IyTE3Jm8ehcCWGIHsUwJQ7s - 8994163186384251 - June 7, 2021, 1:35 pm
txn_1IypNcJm8ehcCWGIGtr9y05E - 8994163186383254 - June 7, 2021, 1:35 pm
txn_1IzTU7Jm8ehcCWGIO6Cg16xV - 8994163186483251 - June 7, 2021, 1:35 pm
txn_1IyyjMJm8ehcCWGI55riw8SZ - 8994163186642252 - June 7, 2021, 1:35 pm
txn_1Iye56Jm8ehcCWGIWKl6zxqe - 8994163186379257 - June 7, 2021, 1:35 pm
txn_1Iz9XDJm8ehcCWGIVI0WQ40L - 8994163186380253 - June 7, 2021, 1:35 pm
txn_1IySz7Jm8ehcCWGItpib6LRr - 8994163186381250 - June 7, 2021, 1:35 pm
txn_1Iyo0NJm8ehcCWGIMS7zdJHf - 8994163186479254 - June 7, 2021, 1:35 pm
txn_1IzRu5Jm8ehcCWGI16hDp6ED - 8994163186378250 - June 7, 2021, 1:35 pm
txn_1IydtPJm8ehcCWGI0tLCJFCJ - 8994163186373255 - June 7, 2021, 1:35 pm
txn_1Iz6exJm8ehcCWGINCt4y50k - 8994163186477250 - June 7, 2021, 1:35 pm
txn_1IyyOIJm8ehcCWGIoN96BA5x - 8994163186375259 - June 7, 2021, 1:35 pm
txn_1IynngJm8ehcCWGIA5OvN6rQ - 8994163186640258 - June 7, 2021, 1:35 pm
txn_1IzRX2Jm8ehcCWGImKfwHQBg - 8994163186478257 - June 7, 2021, 1:35 pm
txn_1IySkjJm8ehcCWGItBNN5JGr - 8994163186374252 - June 7, 2021, 1:35 pm
txn_1IzA6HJm8ehcCWGImWbN3yxX - 8994163186389256 - June 7, 2021, 1:35 pm
txn_1Iz3xsJm8ehcCWGId0LqB63z - 8994163186387252 - June 7, 2021, 1:35 pm
txn_1IyUTJJm8ehcCWGIKrbMoUKL - 8994163186487259 - June 7, 2021, 1:35 pm
txn_1Iyg3DJm8ehcCWGIfXQigwID - 8994163186388259 - June 7, 2021, 1:35 pm
txn_1IzU8FJm8ehcCWGIab8CNLN4 - 8994163186386255 - June 7, 2021, 1:35 pm
txn_1Iz9YjJm8ehcCWGImwoMIv7J - 8994163186646250 - June 7, 2021, 1:35 pm
txn_1IyfxbJm8ehcCWGIYP1v1Jor - 8994163186385258 - June 7, 2021, 1:35 pm
txn_1IyzjyJm8ehcCWGIufsoOu7C - 8994163186645253 - June 7, 2021, 1:35 pm
txn_1IyTE3Jm8ehcCWGIHsUwJQ7s - 8994163186384251 - June 7, 2021, 1:35 pm
txn_1IypNcJm8ehcCWGIGtr9y05E - 8994163186383254 - June 7, 2021, 1:35 pm
txn_1IzTU7Jm8ehcCWGIO6Cg16xV - 8994163186483251 - June 7, 2021, 1:35 pm
txn_1IyyjMJm8ehcCWGI55riw8SZ - 8994163186642252 - June 7, 2021, 1:35 pm
txn_1Iye56Jm8ehcCWGIWKl6zxqe - 8994163186379257 - June 7, 2021, 1:35 pm
txn_1Iz9XDJm8ehcCWGIVI0WQ40L - 8994163186380253 - June 7, 2021, 1:35 pm
txn_1IySz7Jm8ehcCWGItpib6LRr - 8994163186381250 - June 7, 2021, 1:35 pm
txn_1Iyo0NJm8ehcCWGIMS7zdJHf - 8994163186479254 - June 7, 2021, 1:35 pm
txn_1IzRu5Jm8ehcCWGI16hDp6ED - 8994163186378250 - June 7, 2021, 1:35 pm
txn_1IydtPJm8ehcCWGI0tLCJFCJ - 8994163186373255 - June 7, 2021, 1:35 pm
txn_1Iz6exJm8ehcCWGINCt4y50k - 8994163186477250 - June 7, 2021, 1:35 pm
txn_1IyyOIJm8ehcCWGIoN96BA5x - 8994163186375259 - June 7, 2021, 1:35 pm
txn_1IynngJm8ehcCWGIA5OvN6rQ - 8994163186640258 - June 7, 2021, 1:35 pm
txn_1IzRX2Jm8ehcCWGImKfwHQBg - 8994163186478257 - June 7, 2021, 1:35 pm
txn_1IyVAGJm8ehcCWGIacYjdknz -  - June 7, 2021, 1:35 pm
txn_1IzC16Jm8ehcCWGIgHDDj4gi -  - June 7, 2021, 1:35 pm
txn_1IyqbXJm8ehcCWGI2sJbq0WI -  - June 7, 2021, 1:35 pm
txn_1IySkjJm8ehcCWGItBNN5JGr - 8994163186374252 - June 7, 2021, 1:35 pm
txn_1IzA6HJm8ehcCWGImWbN3yxX - 8994163186389256 - June 7, 2021, 1:35 pm
txn_1Iz3xsJm8ehcCWGId0LqB63z - 8994163186387252 - June 7, 2021, 1:35 pm
txn_1IyUTJJm8ehcCWGIKrbMoUKL - 8994163186487259 - June 7, 2021, 1:35 pm
txn_1Iyg3DJm8ehcCWGIfXQigwID - 8994163186388259 - June 7, 2021, 1:35 pm
txn_1IzU8FJm8ehcCWGIab8CNLN4 - 8994163186386255 - June 7, 2021, 1:35 pm
txn_1Iz9YjJm8ehcCWGImwoMIv7J - 8994163186646250 - June 7, 2021, 1:35 pm
txn_1IyfxbJm8ehcCWGIYP1v1Jor - 8994163186385258 - June 7, 2021, 1:35 pm
txn_1IyzjyJm8ehcCWGIufsoOu7C - 8994163186645253 - June 7, 2021, 1:35 pm
txn_1IyTE3Jm8ehcCWGIHsUwJQ7s - 8994163186384251 - June 7, 2021, 1:35 pm
txn_1IypNcJm8ehcCWGIGtr9y05E - 8994163186383254 - June 7, 2021, 1:35 pm
txn_1IzTU7Jm8ehcCWGIO6Cg16xV - 8994163186483251 - June 7, 2021, 1:35 pm
txn_1IyyjMJm8ehcCWGI55riw8SZ - 8994163186642252 - June 7, 2021, 1:35 pm
txn_1Iye56Jm8ehcCWGIWKl6zxqe - 8994163186379257 - June 7, 2021, 1:35 pm
txn_1Iz9XDJm8ehcCWGIVI0WQ40L - 8994163186380253 - June 7, 2021, 1:35 pm
txn_1IySz7Jm8ehcCWGItpib6LRr - 8994163186381250 - June 7, 2021, 1:35 pm
txn_1Iyo0NJm8ehcCWGIMS7zdJHf - 8994163186479254 - June 7, 2021, 1:35 pm
txn_1IzRu5Jm8ehcCWGI16hDp6ED - 8994163186378250 - June 7, 2021, 1:35 pm
txn_1IydtPJm8ehcCWGI0tLCJFCJ - 8994163186373255 - June 7, 2021, 1:35 pm
txn_1Iz6exJm8ehcCWGINCt4y50k - 8994163186477250 - June 7, 2021, 1:35 pm
txn_1IyyOIJm8ehcCWGIoN96BA5x - 8994163186375259 - June 7, 2021, 1:35 pm
txn_1IynngJm8ehcCWGIA5OvN6rQ - 8994163186640258 - June 7, 2021, 1:35 pm
txn_1IzRX2Jm8ehcCWGImKfwHQBg - 8994163186478257 - June 7, 2021, 1:35 pm
txn_1IySkjJm8ehcCWGItBNN5JGr - 8994163186374252 - June 7, 2021, 1:35 pm
txn_1IzA6HJm8ehcCWGImWbN3yxX - 8994163186389256 - June 7, 2021, 1:35 pm
txn_1Iz3xsJm8ehcCWGId0LqB63z - 8994163186387252 - June 7, 2021, 1:35 pm
txn_1IyUTJJm8ehcCWGIKrbMoUKL - 8994163186487259 - June 7, 2021, 1:35 pm
txn_1Iyg3DJm8ehcCWGIfXQigwID - 8994163186388259 - June 7, 2021, 1:35 pm
txn_1IzU8FJm8ehcCWGIab8CNLN4 - 8994163186386255 - June 7, 2021, 1:35 pm
txn_1Iz9YjJm8ehcCWGImwoMIv7J - 8994163186646250 - June 7, 2021, 1:35 pm
txn_1IyfxbJm8ehcCWGIYP1v1Jor - 8994163186385258 - June 7, 2021, 1:35 pm
txn_1IyzjyJm8ehcCWGIufsoOu7C - 8994163186645253 - June 7, 2021, 1:35 pm
txn_1IyTE3Jm8ehcCWGIHsUwJQ7s - 8994163186384251 - June 7, 2021, 1:35 pm
txn_1IypNcJm8ehcCWGIGtr9y05E - 8994163186383254 - June 7, 2021, 1:35 pm
txn_1IzTU7Jm8ehcCWGIO6Cg16xV - 8994163186483251 - June 7, 2021, 1:35 pm
txn_1IyyjMJm8ehcCWGI55riw8SZ - 8994163186642252 - June 7, 2021, 1:35 pm
txn_1Iye56Jm8ehcCWGIWKl6zxqe - 8994163186379257 - June 7, 2021, 1:35 pm
txn_1Iz9XDJm8ehcCWGIVI0WQ40L - 8994163186380253 - June 7, 2021, 1:35 pm
txn_1IySz7Jm8ehcCWGItpib6LRr - 8994163186381250 - June 7, 2021, 1:35 pm
txn_1Iyo0NJm8ehcCWGIMS7zdJHf - 8994163186479254 - June 7, 2021, 1:35 pm
txn_1IzRu5Jm8ehcCWGI16hDp6ED - 8994163186378250 - June 7, 2021, 1:35 pm
txn_1IydtPJm8ehcCWGI0tLCJFCJ - 8994163186373255 - June 7, 2021, 1:35 pm
txn_1Iz6exJm8ehcCWGINCt4y50k - 8994163186477250 - June 7, 2021, 1:35 pm
txn_1IyyOIJm8ehcCWGIoN96BA5x - 8994163186375259 - June 7, 2021, 1:35 pm
txn_1IynngJm8ehcCWGIA5OvN6rQ - 8994163186640258 - June 7, 2021, 1:35 pm
txn_1IzRX2Jm8ehcCWGImKfwHQBg - 8994163186478257 - June 7, 2021, 1:35 pm
txn_1IzBLaJm8ehcCWGIqUVj2Xe4 -  - June 7, 2021, 1:35 pm
txn_1Iz6PBJm8ehcCWGI5i7inKqC -  - June 7, 2021, 1:35 pm
txn_1Iz5J1Jm8ehcCWGI4PzgSKgh -  - June 7, 2021, 1:35 pm
2021Influencer685 -  - June 7, 2021, 1:35 pm
txn_1IypgkJm8ehcCWGIeoMbPjii -  - June 7, 2021, 1:35 pm
2021Influencer684 -  - June 7, 2021, 1:35 pm
txn_1Iz4twJm8ehcCWGIuhCqc7U8 -  - June 7, 2021, 1:35 pm
txn_1IykY7Jm8ehcCWGICulBCoLC -  - June 7, 2021, 1:35 pm
2021Influencer683 -  - June 7, 2021, 1:35 pm
txn_1IyhtmJm8ehcCWGIsrQKG7q8 -  - June 7, 2021, 1:35 pm
txn_1IytAmJm8ehcCWGI4sUFcvRb -  - June 7, 2021, 1:35 pm
txn_1IyhTPJm8ehcCWGIcJg3tvkQ -  - June 7, 2021, 1:35 pm
txn_1IzVuWJm8ehcCWGI48Y9KgJk -  - June 7, 2021, 1:35 pm
txn_1IyqoSJm8ehcCWGIfyyaNsvW -  - June 7, 2021, 1:35 pm
txn_1IzVmiJm8ehcCWGIOXPWFAaV -  - June 7, 2021, 1:35 pm
txn_1IydQQJm8ehcCWGIKxrUQusE -  - June 7, 2021, 1:35 pm
txn_1IyqbXJm8ehcCWGI2sJbq0WI -  - June 7, 2021, 1:35 pm
txn_1IyWA0Jm8ehcCWGIsmL8LOoQ -  - June 7, 2021, 1:35 pm
txn_1IzEr7Jm8ehcCWGIRQEDOZsH -  - June 7, 2021, 1:35 pm
txn_1IyVAGJm8ehcCWGIacYjdknz -  - June 7, 2021, 1:35 pm
txn_1IzC16Jm8ehcCWGIgHDDj4gi -  - June 7, 2021, 1:35 pm
txn_1IySkjJm8ehcCWGItBNN5JGr - 8994163186374252 - June 7, 2021, 1:35 pm
txn_1IzA6HJm8ehcCWGImWbN3yxX - 8994163186389256 - June 7, 2021, 1:35 pm
txn_1Iz3xsJm8ehcCWGId0LqB63z - 8994163186387252 - June 7, 2021, 1:35 pm
txn_1IyUTJJm8ehcCWGIKrbMoUKL - 8994163186487259 - June 7, 2021, 1:35 pm
txn_1Iyg3DJm8ehcCWGIfXQigwID - 8994163186388259 - June 7, 2021, 1:35 pm
txn_1IzU8FJm8ehcCWGIab8CNLN4 - 8994163186386255 - June 7, 2021, 1:35 pm
txn_1Iz9YjJm8ehcCWGImwoMIv7J - 8994163186646250 - June 7, 2021, 1:35 pm
txn_1IyfxbJm8ehcCWGIYP1v1Jor - 8994163186385258 - June 7, 2021, 1:35 pm
txn_1IyzjyJm8ehcCWGIufsoOu7C - 8994163186645253 - June 7, 2021, 1:35 pm
txn_1IyTE3Jm8ehcCWGIHsUwJQ7s - 8994163186384251 - June 7, 2021, 1:35 pm
txn_1IypNcJm8ehcCWGIGtr9y05E - 8994163186383254 - June 7, 2021, 1:35 pm
txn_1IzTU7Jm8ehcCWGIO6Cg16xV - 8994163186483251 - June 7, 2021, 1:35 pm
txn_1IyyjMJm8ehcCWGI55riw8SZ - 8994163186642252 - June 7, 2021, 1:35 pm
txn_1Iye56Jm8ehcCWGIWKl6zxqe - 8994163186379257 - June 7, 2021, 1:35 pm
txn_1Iz9XDJm8ehcCWGIVI0WQ40L - 8994163186380253 - June 7, 2021, 1:35 pm
txn_1IySz7Jm8ehcCWGItpib6LRr - 8994163186381250 - June 7, 2021, 1:35 pm
txn_1Iyo0NJm8ehcCWGIMS7zdJHf - 8994163186479254 - June 7, 2021, 1:35 pm
txn_1IzRu5Jm8ehcCWGI16hDp6ED - 8994163186378250 - June 7, 2021, 1:35 pm
txn_1IydtPJm8ehcCWGI0tLCJFCJ - 8994163186373255 - June 7, 2021, 1:35 pm
txn_1Iz6exJm8ehcCWGINCt4y50k - 8994163186477250 - June 7, 2021, 1:35 pm
txn_1IyyOIJm8ehcCWGIoN96BA5x - 8994163186375259 - June 7, 2021, 1:35 pm
txn_1IynngJm8ehcCWGIA5OvN6rQ - 8994163186640258 - June 7, 2021, 1:35 pm
txn_1IzRX2Jm8ehcCWGImKfwHQBg - 8994163186478257 - June 7, 2021, 1:35 pm
txn_1IzEr7Jm8ehcCWGIRQEDOZsH -  - June 7, 2021, 1:35 pm
txn_1IyqbXJm8ehcCWGI2sJbq0WI -  - June 7, 2021, 1:35 pm
txn_1IzC16Jm8ehcCWGIgHDDj4gi -  - June 7, 2021, 1:35 pm
txn_1IyVAGJm8ehcCWGIacYjdknz -  - June 7, 2021, 1:35 pm
txn_1IySkjJm8ehcCWGItBNN5JGr - 8994163186374252 - June 7, 2021, 1:35 pm
txn_1IzA6HJm8ehcCWGImWbN3yxX - 8994163186389256 - June 7, 2021, 1:35 pm
txn_1Iz3xsJm8ehcCWGId0LqB63z - 8994163186387252 - June 7, 2021, 1:35 pm
txn_1IyUTJJm8ehcCWGIKrbMoUKL - 8994163186487259 - June 7, 2021, 1:35 pm
txn_1Iyg3DJm8ehcCWGIfXQigwID - 8994163186388259 - June 7, 2021, 1:35 pm
txn_1IzU8FJm8ehcCWGIab8CNLN4 - 8994163186386255 - June 7, 2021, 1:35 pm
txn_1Iz9YjJm8ehcCWGImwoMIv7J - 8994163186646250 - June 7, 2021, 1:35 pm
txn_1IyfxbJm8ehcCWGIYP1v1Jor - 8994163186385258 - June 7, 2021, 1:35 pm
txn_1IyzjyJm8ehcCWGIufsoOu7C - 8994163186645253 - June 7, 2021, 1:35 pm
txn_1IyTE3Jm8ehcCWGIHsUwJQ7s - 8994163186384251 - June 7, 2021, 1:35 pm
txn_1IypNcJm8ehcCWGIGtr9y05E - 8994163186383254 - June 7, 2021, 1:35 pm
txn_1IzTU7Jm8ehcCWGIO6Cg16xV - 8994163186483251 - June 7, 2021, 1:35 pm
txn_1IyyjMJm8ehcCWGI55riw8SZ - 8994163186642252 - June 7, 2021, 1:35 pm
txn_1Iye56Jm8ehcCWGIWKl6zxqe - 8994163186379257 - June 7, 2021, 1:35 pm
txn_1Iz9XDJm8ehcCWGIVI0WQ40L - 8994163186380253 - June 7, 2021, 1:35 pm
txn_1IySz7Jm8ehcCWGItpib6LRr - 8994163186381250 - June 7, 2021, 1:35 pm
txn_1Iyo0NJm8ehcCWGIMS7zdJHf - 8994163186479254 - June 7, 2021, 1:35 pm
txn_1IzRu5Jm8ehcCWGI16hDp6ED - 8994163186378250 - June 7, 2021, 1:35 pm
txn_1IydtPJm8ehcCWGI0tLCJFCJ - 8994163186373255 - June 7, 2021, 1:35 pm
txn_1Iz6exJm8ehcCWGINCt4y50k - 8994163186477250 - June 7, 2021, 1:35 pm
txn_1IyyOIJm8ehcCWGIoN96BA5x - 8994163186375259 - June 7, 2021, 1:35 pm
txn_1IynngJm8ehcCWGIA5OvN6rQ - 8994163186640258 - June 7, 2021, 1:35 pm
txn_1IzRX2Jm8ehcCWGImKfwHQBg - 8994163186478257 - June 7, 2021, 1:35 pm
txn_1IySkjJm8ehcCWGItBNN5JGr - 8994163186374252 - June 7, 2021, 1:36 pm
txn_1IzA6HJm8ehcCWGImWbN3yxX - 8994163186389256 - June 7, 2021, 1:36 pm
txn_1Iz3xsJm8ehcCWGId0LqB63z - 8994163186387252 - June 7, 2021, 1:36 pm
txn_1IyUTJJm8ehcCWGIKrbMoUKL - 8994163186487259 - June 7, 2021, 1:36 pm
txn_1Iyg3DJm8ehcCWGIfXQigwID - 8994163186388259 - June 7, 2021, 1:36 pm
txn_1IzU8FJm8ehcCWGIab8CNLN4 - 8994163186386255 - June 7, 2021, 1:36 pm
txn_1Iz9YjJm8ehcCWGImwoMIv7J - 8994163186646250 - June 7, 2021, 1:36 pm
txn_1IyfxbJm8ehcCWGIYP1v1Jor - 8994163186385258 - June 7, 2021, 1:36 pm
txn_1IyzjyJm8ehcCWGIufsoOu7C - 8994163186645253 - June 7, 2021, 1:36 pm
txn_1IyTE3Jm8ehcCWGIHsUwJQ7s - 8994163186384251 - June 7, 2021, 1:36 pm
txn_1IypNcJm8ehcCWGIGtr9y05E - 8994163186383254 - June 7, 2021, 1:36 pm
txn_1IzTU7Jm8ehcCWGIO6Cg16xV - 8994163186483251 - June 7, 2021, 1:36 pm
txn_1IyyjMJm8ehcCWGI55riw8SZ - 8994163186642252 - June 7, 2021, 1:36 pm
txn_1Iye56Jm8ehcCWGIWKl6zxqe - 8994163186379257 - June 7, 2021, 1:36 pm
txn_1Iz9XDJm8ehcCWGIVI0WQ40L - 8994163186380253 - June 7, 2021, 1:36 pm
txn_1IySz7Jm8ehcCWGItpib6LRr - 8994163186381250 - June 7, 2021, 1:36 pm
txn_1Iyo0NJm8ehcCWGIMS7zdJHf - 8994163186479254 - June 7, 2021, 1:36 pm
txn_1IzRu5Jm8ehcCWGI16hDp6ED - 8994163186378250 - June 7, 2021, 1:36 pm
txn_1IydtPJm8ehcCWGI0tLCJFCJ - 8994163186373255 - June 7, 2021, 1:36 pm
txn_1Iz6exJm8ehcCWGINCt4y50k - 8994163186477250 - June 7, 2021, 1:36 pm
txn_1IyyOIJm8ehcCWGIoN96BA5x - 8994163186375259 - June 7, 2021, 1:36 pm
txn_1IynngJm8ehcCWGIA5OvN6rQ - 8994163186640258 - June 7, 2021, 1:36 pm
txn_1IzRX2Jm8ehcCWGImKfwHQBg - 8994163186478257 - June 7, 2021, 1:36 pm
2021Influencer685 - 8994163186526255 - June 7, 2021, 1:36 pm
txn_1IzBLaJm8ehcCWGIqUVj2Xe4 - 8994163186701256 - June 7, 2021, 1:36 pm
txn_1IykY7Jm8ehcCWGICulBCoLC - 8994163186700259 - June 7, 2021, 1:36 pm
2021Influencer684 - 8994163186880258 - June 7, 2021, 1:36 pm
txn_1Iz6PBJm8ehcCWGI5i7inKqC - 8994163186523254 - June 7, 2021, 1:36 pm
txn_1IyhtmJm8ehcCWGIsrQKG7q8 - 8994163186521250 - June 7, 2021, 1:36 pm
2021Influencer683 - 8994163186694251 - June 7, 2021, 1:36 pm
txn_1Iz5J1Jm8ehcCWGI4PzgSKgh - 8994163186878255 - June 7, 2021, 1:36 pm
txn_1IyhTPJm8ehcCWGIcJg3tvkQ - 8994163186691250 - June 7, 2021, 1:36 pm
txn_1Iz4twJm8ehcCWGIuhCqc7U8 - 8994163186876251 - June 7, 2021, 1:36 pm
txn_1IzVuWJm8ehcCWGI48Y9KgJk - 8994163186689257 - June 7, 2021, 1:36 pm
txn_1IydQQJm8ehcCWGIKxrUQusE - 8994163186686256 - June 7, 2021, 1:36 pm
txn_1IytAmJm8ehcCWGI4sUFcvRb - 8994163186515259 - June 7, 2021, 1:36 pm
txn_1IzVmiJm8ehcCWGIOXPWFAaV - 8994163186684252 - June 7, 2021, 1:36 pm
txn_1IyWA0Jm8ehcCWGIsmL8LOoQ - 8994163186872253 - June 7, 2021, 1:36 pm
txn_1IyqoSJm8ehcCWGIfyyaNsvW - 8994163186871256 - June 7, 2021, 1:36 pm
txn_1IzEr7Jm8ehcCWGIRQEDOZsH - 8994163186870259 - June 7, 2021, 1:36 pm
txn_1IyVAGJm8ehcCWGIacYjdknz - 8994163186868256 - June 7, 2021, 1:36 pm
txn_1IyqbXJm8ehcCWGI2sJbq0WI - 8994163186509258 - June 7, 2021, 1:36 pm
txn_1IzC16Jm8ehcCWGIgHDDj4gi - 8994163186867259 - June 7, 2021, 1:36 pm
txn_1IySkjJm8ehcCWGItBNN5JGr - 8994163186374252 - June 7, 2021, 1:36 pm
txn_1IzA6HJm8ehcCWGImWbN3yxX - 8994163186389256 - June 7, 2021, 1:36 pm
txn_1Iz3xsJm8ehcCWGId0LqB63z - 8994163186387252 - June 7, 2021, 1:36 pm
txn_1IyUTJJm8ehcCWGIKrbMoUKL - 8994163186487259 - June 7, 2021, 1:36 pm
txn_1Iyg3DJm8ehcCWGIfXQigwID - 8994163186388259 - June 7, 2021, 1:36 pm
txn_1IzU8FJm8ehcCWGIab8CNLN4 - 8994163186386255 - June 7, 2021, 1:36 pm
txn_1Iz9YjJm8ehcCWGImwoMIv7J - 8994163186646250 - June 7, 2021, 1:36 pm
txn_1IyfxbJm8ehcCWGIYP1v1Jor - 8994163186385258 - June 7, 2021, 1:36 pm
txn_1IyzjyJm8ehcCWGIufsoOu7C - 8994163186645253 - June 7, 2021, 1:36 pm
txn_1IyTE3Jm8ehcCWGIHsUwJQ7s - 8994163186384251 - June 7, 2021, 1:36 pm
txn_1IypNcJm8ehcCWGIGtr9y05E - 8994163186383254 - June 7, 2021, 1:36 pm
txn_1IzTU7Jm8ehcCWGIO6Cg16xV - 8994163186483251 - June 7, 2021, 1:36 pm
txn_1IyyjMJm8ehcCWGI55riw8SZ - 8994163186642252 - June 7, 2021, 1:36 pm
txn_1Iye56Jm8ehcCWGIWKl6zxqe - 8994163186379257 - June 7, 2021, 1:36 pm
txn_1Iz9XDJm8ehcCWGIVI0WQ40L - 8994163186380253 - June 7, 2021, 1:36 pm
txn_1IySz7Jm8ehcCWGItpib6LRr - 8994163186381250 - June 7, 2021, 1:36 pm
txn_1Iyo0NJm8ehcCWGIMS7zdJHf - 8994163186479254 - June 7, 2021, 1:36 pm
txn_1IzRu5Jm8ehcCWGI16hDp6ED - 8994163186378250 - June 7, 2021, 1:36 pm
txn_1IydtPJm8ehcCWGI0tLCJFCJ - 8994163186373255 - June 7, 2021, 1:36 pm
txn_1Iz6exJm8ehcCWGINCt4y50k - 8994163186477250 - June 7, 2021, 1:36 pm
txn_1IyyOIJm8ehcCWGIoN96BA5x - 8994163186375259 - June 7, 2021, 1:36 pm
txn_1IynngJm8ehcCWGIA5OvN6rQ - 8994163186640258 - June 7, 2021, 1:36 pm
txn_1IzRX2Jm8ehcCWGImKfwHQBg - 8994163186478257 - June 7, 2021, 1:36 pm
2021Influencer685 - 8994163186526255 - June 7, 2021, 1:36 pm
txn_1IzBLaJm8ehcCWGIqUVj2Xe4 - 8994163186701256 - June 7, 2021, 1:36 pm
txn_1IykY7Jm8ehcCWGICulBCoLC - 8994163186700259 - June 7, 2021, 1:36 pm
2021Influencer684 - 8994163186880258 - June 7, 2021, 1:36 pm
txn_1Iz6PBJm8ehcCWGI5i7inKqC - 8994163186523254 - June 7, 2021, 1:36 pm
txn_1IyhtmJm8ehcCWGIsrQKG7q8 - 8994163186521250 - June 7, 2021, 1:36 pm
2021Influencer683 - 8994163186694251 - June 7, 2021, 1:36 pm
txn_1Iz5J1Jm8ehcCWGI4PzgSKgh - 8994163186878255 - June 7, 2021, 1:36 pm
txn_1IyhTPJm8ehcCWGIcJg3tvkQ - 8994163186691250 - June 7, 2021, 1:36 pm
txn_1Iz4twJm8ehcCWGIuhCqc7U8 - 8994163186876251 - June 7, 2021, 1:36 pm
txn_1IzVuWJm8ehcCWGI48Y9KgJk - 8994163186689257 - June 7, 2021, 1:36 pm
txn_1IydQQJm8ehcCWGIKxrUQusE - 8994163186686256 - June 7, 2021, 1:36 pm
txn_1IytAmJm8ehcCWGI4sUFcvRb - 8994163186515259 - June 7, 2021, 1:36 pm
txn_1IzVmiJm8ehcCWGIOXPWFAaV - 8994163186684252 - June 7, 2021, 1:36 pm
txn_1IyWA0Jm8ehcCWGIsmL8LOoQ - 8994163186872253 - June 7, 2021, 1:36 pm
txn_1IyqoSJm8ehcCWGIfyyaNsvW - 8994163186871256 - June 7, 2021, 1:36 pm
txn_1IzEr7Jm8ehcCWGIRQEDOZsH - 8994163186870259 - June 7, 2021, 1:36 pm
txn_1IyVAGJm8ehcCWGIacYjdknz - 8994163186868256 - June 7, 2021, 1:36 pm
txn_1IyqbXJm8ehcCWGI2sJbq0WI - 8994163186509258 - June 7, 2021, 1:36 pm
txn_1IzC16Jm8ehcCWGIgHDDj4gi - 8994163186867259 - June 7, 2021, 1:36 pm
txn_1IySkjJm8ehcCWGItBNN5JGr - 8994163186374252 - June 7, 2021, 1:36 pm
txn_1IzA6HJm8ehcCWGImWbN3yxX - 8994163186389256 - June 7, 2021, 1:36 pm
txn_1Iz3xsJm8ehcCWGId0LqB63z - 8994163186387252 - June 7, 2021, 1:36 pm
txn_1IyUTJJm8ehcCWGIKrbMoUKL - 8994163186487259 - June 7, 2021, 1:36 pm
txn_1Iyg3DJm8ehcCWGIfXQigwID - 8994163186388259 - June 7, 2021, 1:36 pm
txn_1IzU8FJm8ehcCWGIab8CNLN4 - 8994163186386255 - June 7, 2021, 1:36 pm
txn_1Iz9YjJm8ehcCWGImwoMIv7J - 8994163186646250 - June 7, 2021, 1:36 pm
txn_1IyfxbJm8ehcCWGIYP1v1Jor - 8994163186385258 - June 7, 2021, 1:36 pm
txn_1IyzjyJm8ehcCWGIufsoOu7C - 8994163186645253 - June 7, 2021, 1:36 pm
txn_1IyTE3Jm8ehcCWGIHsUwJQ7s - 8994163186384251 - June 7, 2021, 1:36 pm
txn_1IypNcJm8ehcCWGIGtr9y05E - 8994163186383254 - June 7, 2021, 1:36 pm
txn_1IzTU7Jm8ehcCWGIO6Cg16xV - 8994163186483251 - June 7, 2021, 1:36 pm
txn_1IyyjMJm8ehcCWGI55riw8SZ - 8994163186642252 - June 7, 2021, 1:36 pm
txn_1Iye56Jm8ehcCWGIWKl6zxqe - 8994163186379257 - June 7, 2021, 1:36 pm
txn_1Iz9XDJm8ehcCWGIVI0WQ40L - 8994163186380253 - June 7, 2021, 1:36 pm
txn_1IySz7Jm8ehcCWGItpib6LRr - 8994163186381250 - June 7, 2021, 1:36 pm
txn_1Iyo0NJm8ehcCWGIMS7zdJHf - 8994163186479254 - June 7, 2021, 1:36 pm
txn_1IzRu5Jm8ehcCWGI16hDp6ED - 8994163186378250 - June 7, 2021, 1:36 pm
txn_1IydtPJm8ehcCWGI0tLCJFCJ - 8994163186373255 - June 7, 2021, 1:36 pm
txn_1Iz6exJm8ehcCWGINCt4y50k - 8994163186477250 - June 7, 2021, 1:36 pm
txn_1IyyOIJm8ehcCWGIoN96BA5x - 8994163186375259 - June 7, 2021, 1:36 pm
txn_1IynngJm8ehcCWGIA5OvN6rQ - 8994163186640258 - June 7, 2021, 1:36 pm
txn_1IzRX2Jm8ehcCWGImKfwHQBg - 8994163186478257 - June 7, 2021, 1:36 pm
2021Influencer685 - 8994163186526255 - June 7, 2021, 1:36 pm
txn_1IzBLaJm8ehcCWGIqUVj2Xe4 - 8994163186701256 - June 7, 2021, 1:36 pm
txn_1IykY7Jm8ehcCWGICulBCoLC - 8994163186700259 - June 7, 2021, 1:36 pm
2021Influencer684 - 8994163186880258 - June 7, 2021, 1:36 pm
txn_1Iz6PBJm8ehcCWGI5i7inKqC - 8994163186523254 - June 7, 2021, 1:36 pm
txn_1IyhtmJm8ehcCWGIsrQKG7q8 - 8994163186521250 - June 7, 2021, 1:36 pm
2021Influencer683 - 8994163186694251 - June 7, 2021, 1:36 pm
txn_1Iz5J1Jm8ehcCWGI4PzgSKgh - 8994163186878255 - June 7, 2021, 1:36 pm
txn_1IyhTPJm8ehcCWGIcJg3tvkQ - 8994163186691250 - June 7, 2021, 1:36 pm
txn_1Iz4twJm8ehcCWGIuhCqc7U8 - 8994163186876251 - June 7, 2021, 1:36 pm
txn_1IzVuWJm8ehcCWGI48Y9KgJk - 8994163186689257 - June 7, 2021, 1:36 pm
txn_1IydQQJm8ehcCWGIKxrUQusE - 8994163186686256 - June 7, 2021, 1:36 pm
txn_1IytAmJm8ehcCWGI4sUFcvRb - 8994163186515259 - June 7, 2021, 1:36 pm
txn_1IzVmiJm8ehcCWGIOXPWFAaV - 8994163186684252 - June 7, 2021, 1:36 pm
txn_1IyWA0Jm8ehcCWGIsmL8LOoQ - 8994163186872253 - June 7, 2021, 1:36 pm
txn_1IyqoSJm8ehcCWGIfyyaNsvW - 8994163186871256 - June 7, 2021, 1:36 pm
txn_1IzEr7Jm8ehcCWGIRQEDOZsH - 8994163186870259 - June 7, 2021, 1:36 pm
txn_1IyVAGJm8ehcCWGIacYjdknz - 8994163186868256 - June 7, 2021, 1:36 pm
txn_1IyqbXJm8ehcCWGI2sJbq0WI - 8994163186509258 - June 7, 2021, 1:36 pm
txn_1IzC16Jm8ehcCWGIgHDDj4gi - 8994163186867259 - June 7, 2021, 1:36 pm
txn_1IySkjJm8ehcCWGItBNN5JGr - 8994163186374252 - June 7, 2021, 1:36 pm
txn_1IzA6HJm8ehcCWGImWbN3yxX - 8994163186389256 - June 7, 2021, 1:36 pm
txn_1Iz3xsJm8ehcCWGId0LqB63z - 8994163186387252 - June 7, 2021, 1:36 pm
txn_1IyUTJJm8ehcCWGIKrbMoUKL - 8994163186487259 - June 7, 2021, 1:36 pm
txn_1Iyg3DJm8ehcCWGIfXQigwID - 8994163186388259 - June 7, 2021, 1:36 pm
txn_1IzU8FJm8ehcCWGIab8CNLN4 - 8994163186386255 - June 7, 2021, 1:36 pm
txn_1Iz9YjJm8ehcCWGImwoMIv7J - 8994163186646250 - June 7, 2021, 1:36 pm
txn_1IyfxbJm8ehcCWGIYP1v1Jor - 8994163186385258 - June 7, 2021, 1:36 pm
txn_1IyzjyJm8ehcCWGIufsoOu7C - 8994163186645253 - June 7, 2021, 1:36 pm
txn_1IyTE3Jm8ehcCWGIHsUwJQ7s - 8994163186384251 - June 7, 2021, 1:36 pm
txn_1IypNcJm8ehcCWGIGtr9y05E - 8994163186383254 - June 7, 2021, 1:36 pm
txn_1IzTU7Jm8ehcCWGIO6Cg16xV - 8994163186483251 - June 7, 2021, 1:36 pm
txn_1IyyjMJm8ehcCWGI55riw8SZ - 8994163186642252 - June 7, 2021, 1:36 pm
txn_1Iye56Jm8ehcCWGIWKl6zxqe - 8994163186379257 - June 7, 2021, 1:36 pm
txn_1Iz9XDJm8ehcCWGIVI0WQ40L - 8994163186380253 - June 7, 2021, 1:36 pm
txn_1IySz7Jm8ehcCWGItpib6LRr - 8994163186381250 - June 7, 2021, 1:36 pm
txn_1Iyo0NJm8ehcCWGIMS7zdJHf - 8994163186479254 - June 7, 2021, 1:36 pm
txn_1IzRu5Jm8ehcCWGI16hDp6ED - 8994163186378250 - June 7, 2021, 1:36 pm
txn_1IydtPJm8ehcCWGI0tLCJFCJ - 8994163186373255 - June 7, 2021, 1:36 pm
txn_1Iz6exJm8ehcCWGINCt4y50k - 8994163186477250 - June 7, 2021, 1:36 pm
txn_1IyyOIJm8ehcCWGIoN96BA5x - 8994163186375259 - June 7, 2021, 1:36 pm
txn_1IynngJm8ehcCWGIA5OvN6rQ - 8994163186640258 - June 7, 2021, 1:36 pm
txn_1IzRX2Jm8ehcCWGImKfwHQBg - 8994163186478257 - June 7, 2021, 1:36 pm
2021Influencer685 - 8994163186526255 - June 7, 2021, 1:36 pm
txn_1IzBLaJm8ehcCWGIqUVj2Xe4 - 8994163186701256 - June 7, 2021, 1:36 pm
txn_1IykY7Jm8ehcCWGICulBCoLC - 8994163186700259 - June 7, 2021, 1:36 pm
2021Influencer684 - 8994163186880258 - June 7, 2021, 1:36 pm
txn_1Iz6PBJm8ehcCWGI5i7inKqC - 8994163186523254 - June 7, 2021, 1:36 pm
txn_1IyhtmJm8ehcCWGIsrQKG7q8 - 8994163186521250 - June 7, 2021, 1:36 pm
2021Influencer683 - 8994163186694251 - June 7, 2021, 1:36 pm
txn_1Iz5J1Jm8ehcCWGI4PzgSKgh - 8994163186878255 - June 7, 2021, 1:36 pm
txn_1IyhTPJm8ehcCWGIcJg3tvkQ - 8994163186691250 - June 7, 2021, 1:36 pm
txn_1Iz4twJm8ehcCWGIuhCqc7U8 - 8994163186876251 - June 7, 2021, 1:36 pm
txn_1IzVuWJm8ehcCWGI48Y9KgJk - 8994163186689257 - June 7, 2021, 1:36 pm
txn_1IydQQJm8ehcCWGIKxrUQusE - 8994163186686256 - June 7, 2021, 1:36 pm
txn_1IytAmJm8ehcCWGI4sUFcvRb - 8994163186515259 - June 7, 2021, 1:36 pm
txn_1IzVmiJm8ehcCWGIOXPWFAaV - 8994163186684252 - June 7, 2021, 1:36 pm
txn_1IyWA0Jm8ehcCWGIsmL8LOoQ - 8994163186872253 - June 7, 2021, 1:36 pm
txn_1IyqoSJm8ehcCWGIfyyaNsvW - 8994163186871256 - June 7, 2021, 1:36 pm
txn_1IzEr7Jm8ehcCWGIRQEDOZsH - 8994163186870259 - June 7, 2021, 1:36 pm
txn_1IyVAGJm8ehcCWGIacYjdknz - 8994163186868256 - June 7, 2021, 1:36 pm
txn_1IyqbXJm8ehcCWGI2sJbq0WI - 8994163186509258 - June 7, 2021, 1:36 pm
txn_1IzC16Jm8ehcCWGIgHDDj4gi - 8994163186867259 - June 7, 2021, 1:36 pm
txn_1IypgkJm8ehcCWGIeoMbPjii - 8994163186563250 - June 7, 2021, 1:36 pm
txn_1IySkjJm8ehcCWGItBNN5JGr - 8994163186374252 - June 7, 2021, 1:36 pm
txn_1IzA6HJm8ehcCWGImWbN3yxX - 8994163186389256 - June 7, 2021, 1:36 pm
txn_1Iz3xsJm8ehcCWGId0LqB63z - 8994163186387252 - June 7, 2021, 1:36 pm
txn_1IyUTJJm8ehcCWGIKrbMoUKL - 8994163186487259 - June 7, 2021, 1:36 pm
txn_1Iyg3DJm8ehcCWGIfXQigwID - 8994163186388259 - June 7, 2021, 1:36 pm
txn_1IzU8FJm8ehcCWGIab8CNLN4 - 8994163186386255 - June 7, 2021, 1:36 pm
txn_1Iz9YjJm8ehcCWGImwoMIv7J - 8994163186646250 - June 7, 2021, 1:36 pm
txn_1IyfxbJm8ehcCWGIYP1v1Jor - 8994163186385258 - June 7, 2021, 1:36 pm
txn_1IyzjyJm8ehcCWGIufsoOu7C - 8994163186645253 - June 7, 2021, 1:36 pm
txn_1IyTE3Jm8ehcCWGIHsUwJQ7s - 8994163186384251 - June 7, 2021, 1:36 pm
txn_1IypNcJm8ehcCWGIGtr9y05E - 8994163186383254 - June 7, 2021, 1:36 pm
txn_1IzTU7Jm8ehcCWGIO6Cg16xV - 8994163186483251 - June 7, 2021, 1:36 pm
txn_1IyyjMJm8ehcCWGI55riw8SZ - 8994163186642252 - June 7, 2021, 1:36 pm
txn_1Iye56Jm8ehcCWGIWKl6zxqe - 8994163186379257 - June 7, 2021, 1:36 pm
txn_1Iz9XDJm8ehcCWGIVI0WQ40L - 8994163186380253 - June 7, 2021, 1:36 pm
txn_1IySz7Jm8ehcCWGItpib6LRr - 8994163186381250 - June 7, 2021, 1:36 pm
txn_1Iyo0NJm8ehcCWGIMS7zdJHf - 8994163186479254 - June 7, 2021, 1:36 pm
txn_1IzRu5Jm8ehcCWGI16hDp6ED - 8994163186378250 - June 7, 2021, 1:36 pm
txn_1IydtPJm8ehcCWGI0tLCJFCJ - 8994163186373255 - June 7, 2021, 1:36 pm
txn_1Iz6exJm8ehcCWGINCt4y50k - 8994163186477250 - June 7, 2021, 1:36 pm
txn_1IyyOIJm8ehcCWGIoN96BA5x - 8994163186375259 - June 7, 2021, 1:36 pm
txn_1IynngJm8ehcCWGIA5OvN6rQ - 8994163186640258 - June 7, 2021, 1:36 pm
txn_1IzRX2Jm8ehcCWGImKfwHQBg - 8994163186478257 - June 7, 2021, 1:36 pm
2021Influencer685 - 8994163186526255 - June 7, 2021, 1:36 pm
txn_1IzBLaJm8ehcCWGIqUVj2Xe4 - 8994163186701256 - June 7, 2021, 1:36 pm
txn_1IykY7Jm8ehcCWGICulBCoLC - 8994163186700259 - June 7, 2021, 1:36 pm
2021Influencer684 - 8994163186880258 - June 7, 2021, 1:36 pm
txn_1Iz6PBJm8ehcCWGI5i7inKqC - 8994163186523254 - June 7, 2021, 1:36 pm
txn_1IyhtmJm8ehcCWGIsrQKG7q8 - 8994163186521250 - June 7, 2021, 1:36 pm
2021Influencer683 - 8994163186694251 - June 7, 2021, 1:36 pm
txn_1Iz5J1Jm8ehcCWGI4PzgSKgh - 8994163186878255 - June 7, 2021, 1:36 pm
txn_1IyhTPJm8ehcCWGIcJg3tvkQ - 8994163186691250 - June 7, 2021, 1:36 pm
txn_1Iz4twJm8ehcCWGIuhCqc7U8 - 8994163186876251 - June 7, 2021, 1:36 pm
txn_1IzVuWJm8ehcCWGI48Y9KgJk - 8994163186689257 - June 7, 2021, 1:36 pm
txn_1IydQQJm8ehcCWGIKxrUQusE - 8994163186686256 - June 7, 2021, 1:36 pm
txn_1IytAmJm8ehcCWGI4sUFcvRb - 8994163186515259 - June 7, 2021, 1:36 pm
txn_1IzVmiJm8ehcCWGIOXPWFAaV - 8994163186684252 - June 7, 2021, 1:36 pm
txn_1IyWA0Jm8ehcCWGIsmL8LOoQ - 8994163186872253 - June 7, 2021, 1:36 pm
txn_1IyqoSJm8ehcCWGIfyyaNsvW - 8994163186871256 - June 7, 2021, 1:36 pm
txn_1IzEr7Jm8ehcCWGIRQEDOZsH - 8994163186870259 - June 7, 2021, 1:36 pm
txn_1IyVAGJm8ehcCWGIacYjdknz - 8994163186868256 - June 7, 2021, 1:36 pm
txn_1IyqbXJm8ehcCWGI2sJbq0WI - 8994163186509258 - June 7, 2021, 1:36 pm
txn_1IzC16Jm8ehcCWGIgHDDj4gi - 8994163186867259 - June 7, 2021, 1:36 pm
txn_1IypgkJm8ehcCWGIeoMbPjii - 8994163186563250 - June 7, 2021, 1:36 pm
txn_1IySkjJm8ehcCWGItBNN5JGr - 8994163186374252 - June 7, 2021, 1:37 pm
txn_1IzA6HJm8ehcCWGImWbN3yxX - 8994163186389256 - June 7, 2021, 1:37 pm
txn_1Iz3xsJm8ehcCWGId0LqB63z - 8994163186387252 - June 7, 2021, 1:37 pm
txn_1IyUTJJm8ehcCWGIKrbMoUKL - 8994163186487259 - June 7, 2021, 1:37 pm
txn_1Iyg3DJm8ehcCWGIfXQigwID - 8994163186388259 - June 7, 2021, 1:37 pm
txn_1IzU8FJm8ehcCWGIab8CNLN4 - 8994163186386255 - June 7, 2021, 1:37 pm
txn_1Iz9YjJm8ehcCWGImwoMIv7J - 8994163186646250 - June 7, 2021, 1:37 pm
txn_1IyfxbJm8ehcCWGIYP1v1Jor - 8994163186385258 - June 7, 2021, 1:37 pm
txn_1IyzjyJm8ehcCWGIufsoOu7C - 8994163186645253 - June 7, 2021, 1:37 pm
txn_1IyTE3Jm8ehcCWGIHsUwJQ7s - 8994163186384251 - June 7, 2021, 1:37 pm
txn_1IypNcJm8ehcCWGIGtr9y05E - 8994163186383254 - June 7, 2021, 1:37 pm
txn_1IzTU7Jm8ehcCWGIO6Cg16xV - 8994163186483251 - June 7, 2021, 1:37 pm
txn_1IyyjMJm8ehcCWGI55riw8SZ - 8994163186642252 - June 7, 2021, 1:37 pm
txn_1Iye56Jm8ehcCWGIWKl6zxqe - 8994163186379257 - June 7, 2021, 1:37 pm
txn_1Iz9XDJm8ehcCWGIVI0WQ40L - 8994163186380253 - June 7, 2021, 1:37 pm
txn_1IySz7Jm8ehcCWGItpib6LRr - 8994163186381250 - June 7, 2021, 1:37 pm
txn_1Iyo0NJm8ehcCWGIMS7zdJHf - 8994163186479254 - June 7, 2021, 1:37 pm
txn_1IzRu5Jm8ehcCWGI16hDp6ED - 8994163186378250 - June 7, 2021, 1:37 pm
txn_1IydtPJm8ehcCWGI0tLCJFCJ - 8994163186373255 - June 7, 2021, 1:37 pm
txn_1Iz6exJm8ehcCWGINCt4y50k - 8994163186477250 - June 7, 2021, 1:37 pm
txn_1IyyOIJm8ehcCWGIoN96BA5x - 8994163186375259 - June 7, 2021, 1:37 pm
txn_1IynngJm8ehcCWGIA5OvN6rQ - 8994163186640258 - June 7, 2021, 1:37 pm
txn_1IzRX2Jm8ehcCWGImKfwHQBg - 8994163186478257 - June 7, 2021, 1:37 pm
2021Influencer685 - 8994163186526255 - June 7, 2021, 1:37 pm
txn_1IzBLaJm8ehcCWGIqUVj2Xe4 - 8994163186701256 - June 7, 2021, 1:37 pm
txn_1IykY7Jm8ehcCWGICulBCoLC - 8994163186700259 - June 7, 2021, 1:37 pm
2021Influencer684 - 8994163186880258 - June 7, 2021, 1:37 pm
txn_1Iz6PBJm8ehcCWGI5i7inKqC - 8994163186523254 - June 7, 2021, 1:37 pm
txn_1IyhtmJm8ehcCWGIsrQKG7q8 - 8994163186521250 - June 7, 2021, 1:37 pm
2021Influencer683 - 8994163186694251 - June 7, 2021, 1:37 pm
txn_1Iz5J1Jm8ehcCWGI4PzgSKgh - 8994163186878255 - June 7, 2021, 1:37 pm
txn_1IyhTPJm8ehcCWGIcJg3tvkQ - 8994163186691250 - June 7, 2021, 1:37 pm
txn_1Iz4twJm8ehcCWGIuhCqc7U8 - 8994163186876251 - June 7, 2021, 1:37 pm
txn_1IzVuWJm8ehcCWGI48Y9KgJk - 8994163186689257 - June 7, 2021, 1:37 pm
txn_1IydQQJm8ehcCWGIKxrUQusE - 8994163186686256 - June 7, 2021, 1:37 pm
txn_1IytAmJm8ehcCWGI4sUFcvRb - 8994163186515259 - June 7, 2021, 1:37 pm
txn_1IzVmiJm8ehcCWGIOXPWFAaV - 8994163186684252 - June 7, 2021, 1:37 pm
txn_1IyWA0Jm8ehcCWGIsmL8LOoQ - 8994163186872253 - June 7, 2021, 1:37 pm
txn_1IyqoSJm8ehcCWGIfyyaNsvW - 8994163186871256 - June 7, 2021, 1:37 pm
txn_1IzEr7Jm8ehcCWGIRQEDOZsH - 8994163186870259 - June 7, 2021, 1:37 pm
txn_1IyVAGJm8ehcCWGIacYjdknz - 8994163186868256 - June 7, 2021, 1:37 pm
txn_1IyqbXJm8ehcCWGI2sJbq0WI - 8994163186509258 - June 7, 2021, 1:37 pm
txn_1IzC16Jm8ehcCWGIgHDDj4gi - 8994163186867259 - June 7, 2021, 1:37 pm
txn_1IypgkJm8ehcCWGIeoMbPjii - 8994163186563250 - June 7, 2021, 1:37 pm
