txn_1GgDgeJWFwEFN23CcZA0SMkQ - 8994163232919215 - May 9, 2020, 12:11 am
txn_1GgEB5JWFwEFN23CW1RI3LQy - 8994163232917211 - May 9, 2020, 12:11 am
txn_1GgEYwJWFwEFN23COKvaiHaF - 8994163232915217 - May 9, 2020, 12:11 am
txn_1GgF2UJWFwEFN23CNuplfDo4 - 8994163232366217 - May 9, 2020, 12:11 am
txn_1GgaEZJWFwEFN23CdeFWfVIJ - 8994163232909216 - May 9, 2020, 12:11 am
txn_1GgMmiJWFwEFN23CFEyxASoB - 8994163232365210 - May 9, 2020, 12:11 am
txn_1GgIrgJWFwEFN23CnV8UQhy6 - 8994163233068219 - May 9, 2020, 12:11 am
txn_1GgG41JWFwEFN23C0XxQva5T - 8994163232907212 - May 9, 2020, 12:11 am
txn_1GgWfpJWFwEFN23C2MjwVn0b - 8994163233067212 - May 9, 2020, 12:11 am
txn_1GgLGPJWFwEFN23CdgXHb2Aj - 8994163232908219 - May 9, 2020, 12:11 am
txn_1GgasRJWFwEFN23CEuYA0MLx - 8994163232362219 - May 9, 2020, 12:11 am
txn_1GgJZ2JWFwEFN23CcVZwWpZc - 8994163232363216 - May 9, 2020, 12:11 am
txn_1GgXQeJWFwEFN23CJ4ejrYOl - 8994163232901210 - May 9, 2020, 12:11 am
txn_1GgLThJWFwEFN23CC0RqeRdE - 8994163232903214 - May 9, 2020, 12:11 am
txn_1GgHZRJWFwEFN23ClYMtINhU - 8994163233064211 - May 9, 2020, 12:11 am
txn_1GgQ0GJWFwEFN23C0ElS08CT - 8994163232902217 - May 9, 2020, 12:11 am
txn_1GgJntJWFwEFN23CjgZNl2SE - 8994163233061210 - May 9, 2020, 12:11 am
txn_1GgdZuJWFwEFN23C3MTsardC - 8994163232895212 - May 9, 2020, 12:11 am
txn_1GgIbYJWFwEFN23C4ZNZAlt5 - 8994163232892211 - May 9, 2020, 12:11 am
txn_1GgUb9JWFwEFN23CgQlYXtHA - 8994163232893218 - May 9, 2020, 12:11 am
txn_1GgYtLJWFwEFN23CTRZxy8QH - 8994163233062217 - May 9, 2020, 12:11 am
txn_1GgLcnJWFwEFN23CjyclNUJf - 8994163232894215 - May 9, 2020, 12:11 am
txn_1GgvxjJWFwEFN23CFW4d4y8D - 8994163318054212 - May 9, 2020, 5:37 pm
txn_1GgvpUJWFwEFN23CGoucEdLw - 8994163318253219 - May 9, 2020, 5:37 pm
txn_1Ggi9wJWFwEFN23C1pzlGE2d - 8994163318053215 - May 9, 2020, 5:37 pm
txn_1GgvOYJWFwEFN23CSUrRkrJ4 - 8994163317877218 - May 9, 2020, 5:37 pm
txn_1GgmmXJWFwEFN23CRSyr1voK - 8994163318254216 - May 9, 2020, 5:37 pm
