txn_1JC9w2Jm8ehcCWGIBAbXBa7p - 8994163615715267 - July 12, 2021, 4:36 pm
2021Influencer733 - 8994163615816261 - July 12, 2021, 4:36 pm
txn_1JC8exJm8ehcCWGIimOZjUJU - 8994163615287269 - July 12, 2021, 4:36 pm
txn_1JBhE5Jm8ehcCWGIrbaCQ6Hn - 8994163615714260 - July 12, 2021, 4:36 pm
txn_1JBR2EJm8ehcCWGIhqGMqHCf - 8994163615813260 - July 12, 2021, 4:36 pm
2021Influencer732 - 8994163615286262 - July 12, 2021, 4:36 pm
txn_1JBA4yJm8ehcCWGIegijuHQX - 8994163615812263 - July 12, 2021, 4:36 pm
txn_1JC5yxJm8ehcCWGIwZP928EP - 8994163615284268 - July 12, 2021, 4:36 pm
txn_1JC89yJm8ehcCWGIJkRmIvfO - 8994163615811266 - July 12, 2021, 4:36 pm
txn_1JBYV1Jm8ehcCWGI6mw9hWvg - 8994163615283261 - July 12, 2021, 4:36 pm
txn_1JBQbcJm8ehcCWGIDZXnwAw2 - 8994163615711269 - July 12, 2021, 4:36 pm
txn_1JBNWnJm8ehcCWGIcgJoausK - 8994163615712266 - July 12, 2021, 4:36 pm
txn_1JB8aMJm8ehcCWGIOG4ogabR - 8994163615282264 - July 12, 2021, 4:36 pm
txn_1JC5wWJm8ehcCWGI6WJ1vgxg - 8994163615610265 - July 12, 2021, 4:36 pm
txn_1JC7ONJm8ehcCWGIaXEZDtf6 - 8994163615608262 - July 12, 2021, 4:36 pm
txn_1JBN6nJm8ehcCWGI3BE8ZfvW - 8994163615609269 - July 12, 2021, 4:36 pm
txn_1JBYMOJm8ehcCWGIzGKBaMT7 - 8994163615279264 - July 12, 2021, 4:36 pm
txn_1JB8XcJm8ehcCWGI5kZAzSws - 8994163615703264 - July 12, 2021, 4:36 pm
txn_1JC3yQJm8ehcCWGISUaO9yIf - 8994163615278267 - July 12, 2021, 4:36 pm
txn_1JBQ9kJm8ehcCWGIzJ0YZbNF - 8994163615607265 - July 12, 2021, 4:36 pm
txn_1JBwIMJm8ehcCWGIbW5ypF2E -  - July 12, 2021, 4:36 pm
txn_1JBqrJJm8ehcCWGI7tuUl4ro -  - July 12, 2021, 4:36 pm
txn_1JCC20Jm8ehcCWGI094CXG0J -  - July 12, 2021, 4:36 pm
txn_1JBT7aJm8ehcCWGIJJND3flD -  - July 12, 2021, 4:36 pm
txn_1JBpB3Jm8ehcCWGIF8Gz0Z99 -  - July 12, 2021, 4:36 pm
txn_1JCBB0Jm8ehcCWGIDo6uBdXP -  - July 12, 2021, 4:36 pm
txn_1JBYHbJm8ehcCWGIFuvdFiO0 -  - July 12, 2021, 4:36 pm
txn_1JBQ9AJm8ehcCWGIWKOGmsRJ -  - July 12, 2021, 4:36 pm
txn_1JBXF9Jm8ehcCWGIu2UojhUI -  - July 12, 2021, 4:36 pm
txn_1JBPaXJm8ehcCWGI2D8KuzJP -  - July 12, 2021, 4:36 pm
txn_1JCAOIJm8ehcCWGIMdElPYj6 -  - July 12, 2021, 4:36 pm
txn_1JBMpBJm8ehcCWGIubW0dLmW -  - July 12, 2021, 4:36 pm
txn_1JBLtHJm8ehcCWGInehRSUVT -  - July 12, 2021, 4:36 pm
txn_1JC7K8Jm8ehcCWGIbLnEWtsG -  - July 12, 2021, 4:36 pm
txn_1JC7CvJm8ehcCWGIH1pGJ43b -  - July 12, 2021, 4:36 pm
txn_1JBLjvJm8ehcCWGICSpiq9Hr -  - July 12, 2021, 4:36 pm
txn_1JC9w2Jm8ehcCWGIBAbXBa7p - 8994163615715267 - July 12, 2021, 4:36 pm
2021Influencer733 - 8994163615816261 - July 12, 2021, 4:36 pm
txn_1JC8exJm8ehcCWGIimOZjUJU - 8994163615287269 - July 12, 2021, 4:36 pm
txn_1JBhE5Jm8ehcCWGIrbaCQ6Hn - 8994163615714260 - July 12, 2021, 4:36 pm
txn_1JBR2EJm8ehcCWGIhqGMqHCf - 8994163615813260 - July 12, 2021, 4:36 pm
2021Influencer732 - 8994163615286262 - July 12, 2021, 4:36 pm
txn_1JBA4yJm8ehcCWGIegijuHQX - 8994163615812263 - July 12, 2021, 4:36 pm
txn_1JC5yxJm8ehcCWGIwZP928EP - 8994163615284268 - July 12, 2021, 4:36 pm
txn_1JC89yJm8ehcCWGIJkRmIvfO - 8994163615811266 - July 12, 2021, 4:36 pm
txn_1JBYV1Jm8ehcCWGI6mw9hWvg - 8994163615283261 - July 12, 2021, 4:36 pm
txn_1JBQbcJm8ehcCWGIDZXnwAw2 - 8994163615711269 - July 12, 2021, 4:36 pm
txn_1JBNWnJm8ehcCWGIcgJoausK - 8994163615712266 - July 12, 2021, 4:36 pm
txn_1JB8aMJm8ehcCWGIOG4ogabR - 8994163615282264 - July 12, 2021, 4:36 pm
txn_1JC5wWJm8ehcCWGI6WJ1vgxg - 8994163615610265 - July 12, 2021, 4:36 pm
txn_1JC7ONJm8ehcCWGIaXEZDtf6 - 8994163615608262 - July 12, 2021, 4:36 pm
txn_1JBN6nJm8ehcCWGI3BE8ZfvW - 8994163615609269 - July 12, 2021, 4:36 pm
txn_1JBYMOJm8ehcCWGIzGKBaMT7 - 8994163615279264 - July 12, 2021, 4:36 pm
txn_1JB8XcJm8ehcCWGI5kZAzSws - 8994163615703264 - July 12, 2021, 4:36 pm
txn_1JC3yQJm8ehcCWGISUaO9yIf - 8994163615278267 - July 12, 2021, 4:36 pm
txn_1JBQ9kJm8ehcCWGIzJ0YZbNF - 8994163615607265 - July 12, 2021, 4:36 pm
txn_1JCC20Jm8ehcCWGI094CXG0J - 8994163617722263 - July 12, 2021, 5:03 pm
txn_1JCBB0Jm8ehcCWGIDo6uBdXP - 8994163617818263 - July 12, 2021, 5:03 pm
txn_1JCAOIJm8ehcCWGIMdElPYj6 - 8994163617599261 - July 12, 2021, 5:03 pm
txn_1JC7K8Jm8ehcCWGIbLnEWtsG - 8994163617814265 - July 12, 2021, 5:03 pm
txn_1JC7CvJm8ehcCWGIH1pGJ43b - 8994163617592262 - July 12, 2021, 5:03 pm
txn_1JC64hJm8ehcCWGIJdKDDFAa - 8994163617587268 - July 12, 2021, 5:03 pm
txn_1JBLtHJm8ehcCWGInehRSUVT - 8994163617585264 - July 12, 2021, 5:03 pm
txn_1JBPaXJm8ehcCWGI2D8KuzJP - 8994163617710260 - July 12, 2021, 5:03 pm
txn_1JBT7aJm8ehcCWGIJJND3flD - 8994163617584267 - July 12, 2021, 5:03 pm
txn_1JBqrJJm8ehcCWGI7tuUl4ro - 8994163617812261 - July 12, 2021, 5:03 pm
txn_1JBYHbJm8ehcCWGIFuvdFiO0 - 8994163617711267 - July 12, 2021, 5:03 pm
txn_1JBwIMJm8ehcCWGIbW5ypF2E - 8994163617579263 - July 12, 2021, 5:03 pm
txn_1JBpB3Jm8ehcCWGIF8Gz0Z99 - 8994163617709264 - July 12, 2021, 5:03 pm
txn_1JBXF9Jm8ehcCWGIu2UojhUI - 8994163617581266 - July 12, 2021, 5:03 pm
txn_1JBLjvJm8ehcCWGICSpiq9Hr - 8994163617578266 - July 12, 2021, 5:03 pm
txn_1JBQ9AJm8ehcCWGIWKOGmsRJ - 8994163617580269 - July 12, 2021, 5:03 pm
txn_1JBMpBJm8ehcCWGIubW0dLmW - 8994163617708267 - July 12, 2021, 5:03 pm
