txn_1I7voJJm8ehcCWGIrg39kbGp - 8994163652039944 - January 10, 2021, 11:45 pm
txn_1I7UKMJm8ehcCWGIzVkLxD6C - 8994163652040940 - January 10, 2021, 11:45 pm
2021Influencer60 - 8994163651857945 - January 10, 2021, 11:45 pm
txn_1I7ZPvJm8ehcCWGIMpYQLCf3 - 8994163651691945 - January 10, 2021, 11:45 pm
2021Influencer53 - 8994163651690948 - January 10, 2021, 11:45 pm
txn_1I7xnCJm8ehcCWGILjzecXJ6 - 8994163651855941 - January 10, 2021, 11:45 pm
txn_1I7cisJm8ehcCWGI66zM2FL7 - 8994163652032945 - January 10, 2021, 11:45 pm
2021Influencer59 - 8994163651689942 - January 10, 2021, 11:45 pm
2021Influencer51 - 8994163652031948 - January 10, 2021, 11:45 pm
txn_1I8EQQJm8ehcCWGITwvUnJUH - 8994163651688945 - January 10, 2021, 11:45 pm
txn_1I8891Jm8ehcCWGI2mUuoNNm - 8994163652030941 - January 10, 2021, 11:45 pm
txn_1I83ZcJm8ehcCWGIcpZNHb0G - 8994163651687948 - January 10, 2021, 11:45 pm
txn_1I7npqJm8ehcCWGISi0sKXB8 - 8994163652028948 - January 10, 2021, 11:45 pm
2021Influencer58 - 8994163651849940 - January 10, 2021, 11:45 pm
2021Influencer50 - 8994163651686941 - January 10, 2021, 11:45 pm
txn_1I88szJm8ehcCWGI7kuQs4J6 - 8994163652027941 - January 10, 2021, 11:45 pm
txn_1I8Gn0Jm8ehcCWGICenVPyj4 - 8994163651848943 - January 10, 2021, 11:45 pm
txn_1I85d9Jm8ehcCWGI9W3XA2nL - 8994163652022946 - January 10, 2021, 11:45 pm
txn_1I7oJeJm8ehcCWGIS7nAAstI - 8994163651845942 - January 10, 2021, 11:45 pm
2021Influencer49 - 8994163652021949 - January 10, 2021, 11:45 pm
2021Influencer57 - 8994163651844945 - January 10, 2021, 11:45 pm
txn_1I8GuGJm8ehcCWGIhkp0kTIx - 8994163651685944 - January 10, 2021, 11:45 pm
txn_1I89RTJm8ehcCWGI82aT4eaT - 8994163652020942 - January 10, 2021, 11:45 pm
txn_1I86GdJm8ehcCWGIOtfUeZoc - 8994163652017942 - January 10, 2021, 11:45 pm
txn_1I89lAJm8ehcCWGIyG4axxXL - 8994163651839941 - January 10, 2021, 11:45 pm
txn_1I7phMJm8ehcCWGIXETbOOop - 8994163652016945 - January 10, 2021, 11:45 pm
2021Influencer56 - 8994163651840947 - January 10, 2021, 11:45 pm
txn_1I8GxxJm8ehcCWGIaJjLXcbD - 8994163651683940 - January 10, 2021, 11:45 pm
2021Influencer48 - 8994163651682943 - January 10, 2021, 11:45 pm
txn_1I86tbJm8ehcCWGIRYRck1dQ - 8994163651838944 - January 10, 2021, 11:45 pm
2021Influencer54 - 8994163651837947 - January 10, 2021, 11:45 pm
txn_1I8HduJm8ehcCWGIMTayHADn - 8994163652009947 - January 10, 2021, 11:45 pm
txn_1I7tbdJm8ehcCWGICr8TJe4V - 8994163652008940 - January 10, 2021, 11:45 pm
2021Influencer47 - 8994163651681946 - January 10, 2021, 11:45 pm
txn_1I89lVJm8ehcCWGIXdXvqZaf - 8994163651836940 - January 10, 2021, 11:45 pm
txn_1I87NqJm8ehcCWGIlOAaZbfV - 8994163651678946 - January 10, 2021, 11:45 pm
2021Influencer32 - 8994163651834946 - January 10, 2021, 11:45 pm
2021Influencer55 - 8994163652002948 - January 10, 2021, 11:45 pm
txn_1I7ttAJm8ehcCWGIYwyeyjST - 8994163651679943 - January 10, 2021, 11:45 pm
txn_1I89zPJm8ehcCWGIBmwFCHme - 8994163652001941 - January 10, 2021, 11:45 pm
2021Influencer62 - 8994163651680949 - January 10, 2021, 11:45 pm
txn_1I7voJJm8ehcCWGIrg39kbGp - 8994163652039944 - January 10, 2021, 11:45 pm
txn_1I7UKMJm8ehcCWGIzVkLxD6C - 8994163652040940 - January 10, 2021, 11:45 pm
2021Influencer60 - 8994163651857945 - January 10, 2021, 11:45 pm
txn_1I7ZPvJm8ehcCWGIMpYQLCf3 - 8994163651691945 - January 10, 2021, 11:45 pm
2021Influencer53 - 8994163651690948 - January 10, 2021, 11:45 pm
txn_1I7xnCJm8ehcCWGILjzecXJ6 - 8994163651855941 - January 10, 2021, 11:45 pm
txn_1I7cisJm8ehcCWGI66zM2FL7 - 8994163652032945 - January 10, 2021, 11:45 pm
2021Influencer59 - 8994163651689942 - January 10, 2021, 11:45 pm
2021Influencer51 - 8994163652031948 - January 10, 2021, 11:45 pm
txn_1I8EQQJm8ehcCWGITwvUnJUH - 8994163651688945 - January 10, 2021, 11:45 pm
txn_1I8891Jm8ehcCWGI2mUuoNNm - 8994163652030941 - January 10, 2021, 11:45 pm
txn_1I83ZcJm8ehcCWGIcpZNHb0G - 8994163651687948 - January 10, 2021, 11:45 pm
txn_1I7npqJm8ehcCWGISi0sKXB8 - 8994163652028948 - January 10, 2021, 11:45 pm
2021Influencer58 - 8994163651849940 - January 10, 2021, 11:45 pm
2021Influencer50 - 8994163651686941 - January 10, 2021, 11:45 pm
txn_1I88szJm8ehcCWGI7kuQs4J6 - 8994163652027941 - January 10, 2021, 11:45 pm
txn_1I8Gn0Jm8ehcCWGICenVPyj4 - 8994163651848943 - January 10, 2021, 11:45 pm
txn_1I85d9Jm8ehcCWGI9W3XA2nL - 8994163652022946 - January 10, 2021, 11:45 pm
txn_1I7oJeJm8ehcCWGIS7nAAstI - 8994163651845942 - January 10, 2021, 11:45 pm
2021Influencer49 - 8994163652021949 - January 10, 2021, 11:45 pm
2021Influencer57 - 8994163651844945 - January 10, 2021, 11:45 pm
txn_1I8GuGJm8ehcCWGIhkp0kTIx - 8994163651685944 - January 10, 2021, 11:45 pm
txn_1I89RTJm8ehcCWGI82aT4eaT - 8994163652020942 - January 10, 2021, 11:45 pm
txn_1I86GdJm8ehcCWGIOtfUeZoc - 8994163652017942 - January 10, 2021, 11:45 pm
txn_1I89lAJm8ehcCWGIyG4axxXL - 8994163651839941 - January 10, 2021, 11:45 pm
txn_1I7phMJm8ehcCWGIXETbOOop - 8994163652016945 - January 10, 2021, 11:45 pm
2021Influencer56 - 8994163651840947 - January 10, 2021, 11:45 pm
txn_1I8GxxJm8ehcCWGIaJjLXcbD - 8994163651683940 - January 10, 2021, 11:45 pm
2021Influencer48 - 8994163651682943 - January 10, 2021, 11:45 pm
txn_1I86tbJm8ehcCWGIRYRck1dQ - 8994163651838944 - January 10, 2021, 11:45 pm
2021Influencer54 - 8994163651837947 - January 10, 2021, 11:45 pm
txn_1I8HduJm8ehcCWGIMTayHADn - 8994163652009947 - January 10, 2021, 11:45 pm
txn_1I7tbdJm8ehcCWGICr8TJe4V - 8994163652008940 - January 10, 2021, 11:45 pm
2021Influencer47 - 8994163651681946 - January 10, 2021, 11:45 pm
txn_1I89lVJm8ehcCWGIXdXvqZaf - 8994163651836940 - January 10, 2021, 11:45 pm
txn_1I87NqJm8ehcCWGIlOAaZbfV - 8994163651678946 - January 10, 2021, 11:45 pm
2021Influencer32 - 8994163651834946 - January 10, 2021, 11:45 pm
2021Influencer55 - 8994163652002948 - January 10, 2021, 11:45 pm
txn_1I7ttAJm8ehcCWGIYwyeyjST - 8994163651679943 - January 10, 2021, 11:45 pm
txn_1I89zPJm8ehcCWGIBmwFCHme - 8994163652001941 - January 10, 2021, 11:45 pm
2021Influencer62 - 8994163651680949 - January 10, 2021, 11:45 pm
2021Influencer52 - 8994163652059942 - January 10, 2021, 11:45 pm
txn_1I87VlJm8ehcCWGIW5ve9qnI - 8994163652073948 - January 10, 2021, 11:45 pm
txn_1I87m2Jm8ehcCWGIJVkIk5r5 -  - January 10, 2021, 11:45 pm
txn_1I8COEJm8ehcCWGIIn7rck2Z -  - January 10, 2021, 11:45 pm
txn_1I8DAsJm8ehcCWGIkSmvHPL5 -  - January 10, 2021, 11:45 pm
2021Influencer61 -  - January 10, 2021, 11:45 pm
txn_1I7voJJm8ehcCWGIrg39kbGp - 8994163652039944 - January 10, 2021, 11:46 pm
txn_1I7UKMJm8ehcCWGIzVkLxD6C - 8994163652040940 - January 10, 2021, 11:46 pm
2021Influencer60 - 8994163651857945 - January 10, 2021, 11:46 pm
txn_1I7ZPvJm8ehcCWGIMpYQLCf3 - 8994163651691945 - January 10, 2021, 11:46 pm
2021Influencer53 - 8994163651690948 - January 10, 2021, 11:46 pm
txn_1I7xnCJm8ehcCWGILjzecXJ6 - 8994163651855941 - January 10, 2021, 11:46 pm
txn_1I7cisJm8ehcCWGI66zM2FL7 - 8994163652032945 - January 10, 2021, 11:46 pm
2021Influencer59 - 8994163651689942 - January 10, 2021, 11:46 pm
2021Influencer51 - 8994163652031948 - January 10, 2021, 11:46 pm
txn_1I8EQQJm8ehcCWGITwvUnJUH - 8994163651688945 - January 10, 2021, 11:46 pm
txn_1I8891Jm8ehcCWGI2mUuoNNm - 8994163652030941 - January 10, 2021, 11:46 pm
txn_1I83ZcJm8ehcCWGIcpZNHb0G - 8994163651687948 - January 10, 2021, 11:46 pm
txn_1I7npqJm8ehcCWGISi0sKXB8 - 8994163652028948 - January 10, 2021, 11:46 pm
2021Influencer58 - 8994163651849940 - January 10, 2021, 11:46 pm
2021Influencer50 - 8994163651686941 - January 10, 2021, 11:46 pm
txn_1I88szJm8ehcCWGI7kuQs4J6 - 8994163652027941 - January 10, 2021, 11:46 pm
txn_1I8Gn0Jm8ehcCWGICenVPyj4 - 8994163651848943 - January 10, 2021, 11:46 pm
txn_1I85d9Jm8ehcCWGI9W3XA2nL - 8994163652022946 - January 10, 2021, 11:46 pm
txn_1I7oJeJm8ehcCWGIS7nAAstI - 8994163651845942 - January 10, 2021, 11:46 pm
2021Influencer49 - 8994163652021949 - January 10, 2021, 11:46 pm
2021Influencer57 - 8994163651844945 - January 10, 2021, 11:46 pm
txn_1I8GuGJm8ehcCWGIhkp0kTIx - 8994163651685944 - January 10, 2021, 11:46 pm
txn_1I89RTJm8ehcCWGI82aT4eaT - 8994163652020942 - January 10, 2021, 11:46 pm
txn_1I86GdJm8ehcCWGIOtfUeZoc - 8994163652017942 - January 10, 2021, 11:46 pm
txn_1I89lAJm8ehcCWGIyG4axxXL - 8994163651839941 - January 10, 2021, 11:46 pm
txn_1I7phMJm8ehcCWGIXETbOOop - 8994163652016945 - January 10, 2021, 11:46 pm
2021Influencer56 - 8994163651840947 - January 10, 2021, 11:46 pm
txn_1I8GxxJm8ehcCWGIaJjLXcbD - 8994163651683940 - January 10, 2021, 11:46 pm
2021Influencer48 - 8994163651682943 - January 10, 2021, 11:46 pm
txn_1I86tbJm8ehcCWGIRYRck1dQ - 8994163651838944 - January 10, 2021, 11:46 pm
2021Influencer54 - 8994163651837947 - January 10, 2021, 11:46 pm
txn_1I8HduJm8ehcCWGIMTayHADn - 8994163652009947 - January 10, 2021, 11:46 pm
txn_1I7tbdJm8ehcCWGICr8TJe4V - 8994163652008940 - January 10, 2021, 11:46 pm
2021Influencer47 - 8994163651681946 - January 10, 2021, 11:46 pm
txn_1I89lVJm8ehcCWGIXdXvqZaf - 8994163651836940 - January 10, 2021, 11:46 pm
txn_1I87NqJm8ehcCWGIlOAaZbfV - 8994163651678946 - January 10, 2021, 11:46 pm
2021Influencer32 - 8994163651834946 - January 10, 2021, 11:46 pm
2021Influencer55 - 8994163652002948 - January 10, 2021, 11:46 pm
txn_1I7ttAJm8ehcCWGIYwyeyjST - 8994163651679943 - January 10, 2021, 11:46 pm
txn_1I89zPJm8ehcCWGIBmwFCHme - 8994163652001941 - January 10, 2021, 11:46 pm
2021Influencer62 - 8994163651680949 - January 10, 2021, 11:46 pm
2021Influencer52 - 8994163652059942 - January 10, 2021, 11:46 pm
txn_1I7vLAJm8ehcCWGIQgLKwgfX - 8994163652080946 - January 10, 2021, 11:46 pm
txn_1I87VlJm8ehcCWGIW5ve9qnI - 8994163652073948 - January 10, 2021, 11:46 pm
2021Influencer61 - 8994163652089949 - January 10, 2021, 11:46 pm
txn_1I7voJJm8ehcCWGIrg39kbGp - 8994163652039944 - January 10, 2021, 11:46 pm
txn_1I7UKMJm8ehcCWGIzVkLxD6C - 8994163652040940 - January 10, 2021, 11:46 pm
2021Influencer60 - 8994163651857945 - January 10, 2021, 11:46 pm
txn_1I7ZPvJm8ehcCWGIMpYQLCf3 - 8994163651691945 - January 10, 2021, 11:46 pm
2021Influencer53 - 8994163651690948 - January 10, 2021, 11:46 pm
txn_1I7xnCJm8ehcCWGILjzecXJ6 - 8994163651855941 - January 10, 2021, 11:46 pm
txn_1I7cisJm8ehcCWGI66zM2FL7 - 8994163652032945 - January 10, 2021, 11:46 pm
2021Influencer59 - 8994163651689942 - January 10, 2021, 11:46 pm
2021Influencer51 - 8994163652031948 - January 10, 2021, 11:46 pm
txn_1I8EQQJm8ehcCWGITwvUnJUH - 8994163651688945 - January 10, 2021, 11:46 pm
txn_1I8891Jm8ehcCWGI2mUuoNNm - 8994163652030941 - January 10, 2021, 11:46 pm
txn_1I83ZcJm8ehcCWGIcpZNHb0G - 8994163651687948 - January 10, 2021, 11:46 pm
txn_1I7npqJm8ehcCWGISi0sKXB8 - 8994163652028948 - January 10, 2021, 11:46 pm
2021Influencer58 - 8994163651849940 - January 10, 2021, 11:46 pm
2021Influencer50 - 8994163651686941 - January 10, 2021, 11:46 pm
txn_1I88szJm8ehcCWGI7kuQs4J6 - 8994163652027941 - January 10, 2021, 11:46 pm
txn_1I8Gn0Jm8ehcCWGICenVPyj4 - 8994163651848943 - January 10, 2021, 11:46 pm
txn_1I85d9Jm8ehcCWGI9W3XA2nL - 8994163652022946 - January 10, 2021, 11:46 pm
txn_1I7oJeJm8ehcCWGIS7nAAstI - 8994163651845942 - January 10, 2021, 11:46 pm
2021Influencer49 - 8994163652021949 - January 10, 2021, 11:46 pm
2021Influencer57 - 8994163651844945 - January 10, 2021, 11:46 pm
txn_1I8GuGJm8ehcCWGIhkp0kTIx - 8994163651685944 - January 10, 2021, 11:46 pm
txn_1I89RTJm8ehcCWGI82aT4eaT - 8994163652020942 - January 10, 2021, 11:46 pm
txn_1I86GdJm8ehcCWGIOtfUeZoc - 8994163652017942 - January 10, 2021, 11:46 pm
txn_1I89lAJm8ehcCWGIyG4axxXL - 8994163651839941 - January 10, 2021, 11:46 pm
txn_1I7phMJm8ehcCWGIXETbOOop - 8994163652016945 - January 10, 2021, 11:46 pm
2021Influencer56 - 8994163651840947 - January 10, 2021, 11:46 pm
txn_1I8GxxJm8ehcCWGIaJjLXcbD - 8994163651683940 - January 10, 2021, 11:46 pm
2021Influencer48 - 8994163651682943 - January 10, 2021, 11:46 pm
txn_1I86tbJm8ehcCWGIRYRck1dQ - 8994163651838944 - January 10, 2021, 11:46 pm
2021Influencer54 - 8994163651837947 - January 10, 2021, 11:46 pm
txn_1I8HduJm8ehcCWGIMTayHADn - 8994163652009947 - January 10, 2021, 11:46 pm
txn_1I7tbdJm8ehcCWGICr8TJe4V - 8994163652008940 - January 10, 2021, 11:46 pm
2021Influencer47 - 8994163651681946 - January 10, 2021, 11:46 pm
txn_1I89lVJm8ehcCWGIXdXvqZaf - 8994163651836940 - January 10, 2021, 11:46 pm
txn_1I87NqJm8ehcCWGIlOAaZbfV - 8994163651678946 - January 10, 2021, 11:46 pm
2021Influencer32 - 8994163651834946 - January 10, 2021, 11:46 pm
2021Influencer55 - 8994163652002948 - January 10, 2021, 11:46 pm
txn_1I7ttAJm8ehcCWGIYwyeyjST - 8994163651679943 - January 10, 2021, 11:46 pm
txn_1I89zPJm8ehcCWGIBmwFCHme - 8994163652001941 - January 10, 2021, 11:46 pm
2021Influencer62 - 8994163651680949 - January 10, 2021, 11:46 pm
2021Influencer52 - 8994163652059942 - January 10, 2021, 11:46 pm
txn_1I7vLAJm8ehcCWGIQgLKwgfX - 8994163652080946 - January 10, 2021, 11:46 pm
txn_1I87VlJm8ehcCWGIW5ve9qnI - 8994163652073948 - January 10, 2021, 11:46 pm
txn_1I87m2Jm8ehcCWGIJVkIk5r5 - 8994163651910947 - January 10, 2021, 11:46 pm
txn_1I8COEJm8ehcCWGIIn7rck2Z - 8994163651729945 - January 10, 2021, 11:46 pm
txn_1I8DAsJm8ehcCWGIkSmvHPL5 - 8994163651723943 - January 10, 2021, 11:46 pm
2021Influencer61 - 8994163652089949 - January 10, 2021, 11:46 pm
