txn_1J5CIyJm8ehcCWGIwjiuwdUh - 8994163884755254 - June 23, 2021, 4:12 pm
txn_1J4yz6Jm8ehcCWGIxCtNk1OM - 8994163884752253 - June 23, 2021, 4:12 pm
txn_1J5E76Jm8ehcCWGIacIkmEiQ - 8994163884565259 - June 23, 2021, 4:12 pm
txn_1J5BcRJm8ehcCWGIrVY0uRqA - 8994163884749253 - June 23, 2021, 4:12 pm
txn_1J4yniJm8ehcCWGIfBpNKZcS - 8994163884844255 - June 23, 2021, 4:12 pm
txn_1J5E04Jm8ehcCWGI1BQnA5mH - 8994163884747259 - June 23, 2021, 4:12 pm
txn_1J5BTWJm8ehcCWGI1QQ46w2s - 8994163884741257 - June 23, 2021, 4:12 pm
txn_1J4yjOJm8ehcCWGItTs69rjY - 8994163884843258 - June 23, 2021, 4:12 pm
txn_1J5EmQJm8ehcCWGIzyc6EVBT - 8994163884558251 - June 23, 2021, 4:12 pm
txn_1J5DCTJm8ehcCWGIrVDNZnhs - 8994163884742254 - June 23, 2021, 4:12 pm
txn_1J5HcEJm8ehcCWGInaWKsj9j - 8994163884567253 - June 23, 2021, 4:12 pm
txn_1J5K53Jm8ehcCWGIHoxicECq - 8994163884753250 - June 23, 2021, 4:12 pm
txn_1J5G4cJm8ehcCWGI6n6iGvVo - 8994163884566256 - June 23, 2021, 4:12 pm
2021Influencer719 - 8994163884750259 - June 23, 2021, 4:12 pm
txn_1J5JiyJm8ehcCWGIv6vypbit - 8994163884748256 - June 23, 2021, 4:12 pm
txn_1J5FASJm8ehcCWGIz7rhhYU4 - 8994163884562258 - June 23, 2021, 4:12 pm
2021Influencer718 - 8994163884557254 - June 23, 2021, 4:12 pm
txn_1J5JNRJm8ehcCWGINm2zhCf6 - 8994163884740250 - June 23, 2021, 4:12 pm
txn_1J5CIyJm8ehcCWGIwjiuwdUh - 8994163884755254 - June 23, 2021, 4:12 pm
txn_1J4yz6Jm8ehcCWGIxCtNk1OM - 8994163884752253 - June 23, 2021, 4:12 pm
txn_1J5E76Jm8ehcCWGIacIkmEiQ - 8994163884565259 - June 23, 2021, 4:12 pm
txn_1J5BcRJm8ehcCWGIrVY0uRqA - 8994163884749253 - June 23, 2021, 4:12 pm
txn_1J4yniJm8ehcCWGIfBpNKZcS - 8994163884844255 - June 23, 2021, 4:12 pm
txn_1J5E04Jm8ehcCWGI1BQnA5mH - 8994163884747259 - June 23, 2021, 4:12 pm
txn_1J5BTWJm8ehcCWGI1QQ46w2s - 8994163884741257 - June 23, 2021, 4:12 pm
txn_1J4yjOJm8ehcCWGItTs69rjY - 8994163884843258 - June 23, 2021, 4:12 pm
txn_1J5EmQJm8ehcCWGIzyc6EVBT - 8994163884558251 - June 23, 2021, 4:12 pm
txn_1J5DCTJm8ehcCWGIrVDNZnhs - 8994163884742254 - June 23, 2021, 4:12 pm
txn_1J5HcEJm8ehcCWGInaWKsj9j - 8994163884567253 - June 23, 2021, 4:12 pm
txn_1J5K53Jm8ehcCWGIHoxicECq - 8994163884753250 - June 23, 2021, 4:12 pm
txn_1J5G4cJm8ehcCWGI6n6iGvVo - 8994163884566256 - June 23, 2021, 4:12 pm
2021Influencer719 - 8994163884750259 - June 23, 2021, 4:12 pm
txn_1J5JiyJm8ehcCWGIv6vypbit - 8994163884748256 - June 23, 2021, 4:12 pm
txn_1J5FASJm8ehcCWGIz7rhhYU4 - 8994163884562258 - June 23, 2021, 4:12 pm
2021Influencer718 - 8994163884557254 - June 23, 2021, 4:12 pm
txn_1J5JNRJm8ehcCWGINm2zhCf6 - 8994163884740250 - June 23, 2021, 4:12 pm
txn_1J58akJm8ehcCWGIIC93lXCa -  - June 23, 2021, 4:12 pm
txn_1J5J67Jm8ehcCWGIst2aw3KO -  - June 23, 2021, 4:12 pm
txn_1J5CIyJm8ehcCWGIwjiuwdUh - 8994163884755254 - June 23, 2021, 4:12 pm
txn_1J4yz6Jm8ehcCWGIxCtNk1OM - 8994163884752253 - June 23, 2021, 4:12 pm
txn_1J5E76Jm8ehcCWGIacIkmEiQ - 8994163884565259 - June 23, 2021, 4:12 pm
txn_1J5BcRJm8ehcCWGIrVY0uRqA - 8994163884749253 - June 23, 2021, 4:12 pm
txn_1J4yniJm8ehcCWGIfBpNKZcS - 8994163884844255 - June 23, 2021, 4:12 pm
txn_1J5E04Jm8ehcCWGI1BQnA5mH - 8994163884747259 - June 23, 2021, 4:12 pm
txn_1J5BTWJm8ehcCWGI1QQ46w2s - 8994163884741257 - June 23, 2021, 4:12 pm
txn_1J4yjOJm8ehcCWGItTs69rjY - 8994163884843258 - June 23, 2021, 4:12 pm
txn_1J5EmQJm8ehcCWGIzyc6EVBT - 8994163884558251 - June 23, 2021, 4:12 pm
txn_1J5DCTJm8ehcCWGIrVDNZnhs - 8994163884742254 - June 23, 2021, 4:12 pm
txn_1J5HcEJm8ehcCWGInaWKsj9j - 8994163884567253 - June 23, 2021, 4:12 pm
txn_1J5K53Jm8ehcCWGIHoxicECq - 8994163884753250 - June 23, 2021, 4:12 pm
txn_1J5G4cJm8ehcCWGI6n6iGvVo - 8994163884566256 - June 23, 2021, 4:12 pm
2021Influencer719 - 8994163884750259 - June 23, 2021, 4:12 pm
txn_1J5JiyJm8ehcCWGIv6vypbit - 8994163884748256 - June 23, 2021, 4:12 pm
txn_1J5FASJm8ehcCWGIz7rhhYU4 - 8994163884562258 - June 23, 2021, 4:12 pm
2021Influencer718 - 8994163884557254 - June 23, 2021, 4:12 pm
txn_1J5JNRJm8ehcCWGINm2zhCf6 - 8994163884740250 - June 23, 2021, 4:12 pm
txn_1J5CIyJm8ehcCWGIwjiuwdUh - 8994163884755254 - June 23, 2021, 4:12 pm
txn_1J4yz6Jm8ehcCWGIxCtNk1OM - 8994163884752253 - June 23, 2021, 4:12 pm
txn_1J5E76Jm8ehcCWGIacIkmEiQ - 8994163884565259 - June 23, 2021, 4:12 pm
txn_1J5BcRJm8ehcCWGIrVY0uRqA - 8994163884749253 - June 23, 2021, 4:12 pm
txn_1J4yniJm8ehcCWGIfBpNKZcS - 8994163884844255 - June 23, 2021, 4:12 pm
txn_1J5E04Jm8ehcCWGI1BQnA5mH - 8994163884747259 - June 23, 2021, 4:12 pm
txn_1J5BTWJm8ehcCWGI1QQ46w2s - 8994163884741257 - June 23, 2021, 4:12 pm
txn_1J4yjOJm8ehcCWGItTs69rjY - 8994163884843258 - June 23, 2021, 4:12 pm
txn_1J5EmQJm8ehcCWGIzyc6EVBT - 8994163884558251 - June 23, 2021, 4:12 pm
txn_1J5DCTJm8ehcCWGIrVDNZnhs - 8994163884742254 - June 23, 2021, 4:12 pm
txn_1J5HcEJm8ehcCWGInaWKsj9j - 8994163884567253 - June 23, 2021, 4:12 pm
txn_1J5K53Jm8ehcCWGIHoxicECq - 8994163884753250 - June 23, 2021, 4:12 pm
txn_1J5G4cJm8ehcCWGI6n6iGvVo - 8994163884566256 - June 23, 2021, 4:12 pm
2021Influencer719 - 8994163884750259 - June 23, 2021, 4:12 pm
txn_1J5JiyJm8ehcCWGIv6vypbit - 8994163884748256 - June 23, 2021, 4:12 pm
txn_1J5FASJm8ehcCWGIz7rhhYU4 - 8994163884562258 - June 23, 2021, 4:12 pm
2021Influencer718 - 8994163884557254 - June 23, 2021, 4:12 pm
txn_1J5JNRJm8ehcCWGINm2zhCf6 - 8994163884740250 - June 23, 2021, 4:12 pm
txn_1J5CIyJm8ehcCWGIwjiuwdUh - 8994163884755254 - June 23, 2021, 4:12 pm
txn_1J4yz6Jm8ehcCWGIxCtNk1OM - 8994163884752253 - June 23, 2021, 4:12 pm
txn_1J5E76Jm8ehcCWGIacIkmEiQ - 8994163884565259 - June 23, 2021, 4:12 pm
txn_1J5BcRJm8ehcCWGIrVY0uRqA - 8994163884749253 - June 23, 2021, 4:12 pm
txn_1J4yniJm8ehcCWGIfBpNKZcS - 8994163884844255 - June 23, 2021, 4:12 pm
txn_1J5E04Jm8ehcCWGI1BQnA5mH - 8994163884747259 - June 23, 2021, 4:12 pm
txn_1J5BTWJm8ehcCWGI1QQ46w2s - 8994163884741257 - June 23, 2021, 4:12 pm
txn_1J4yjOJm8ehcCWGItTs69rjY - 8994163884843258 - June 23, 2021, 4:12 pm
txn_1J5EmQJm8ehcCWGIzyc6EVBT - 8994163884558251 - June 23, 2021, 4:12 pm
txn_1J5DCTJm8ehcCWGIrVDNZnhs - 8994163884742254 - June 23, 2021, 4:12 pm
txn_1J5HcEJm8ehcCWGInaWKsj9j - 8994163884567253 - June 23, 2021, 4:12 pm
txn_1J5K53Jm8ehcCWGIHoxicECq - 8994163884753250 - June 23, 2021, 4:12 pm
txn_1J5G4cJm8ehcCWGI6n6iGvVo - 8994163884566256 - June 23, 2021, 4:12 pm
2021Influencer719 - 8994163884750259 - June 23, 2021, 4:12 pm
txn_1J5JiyJm8ehcCWGIv6vypbit - 8994163884748256 - June 23, 2021, 4:12 pm
txn_1J5FASJm8ehcCWGIz7rhhYU4 - 8994163884562258 - June 23, 2021, 4:12 pm
2021Influencer718 - 8994163884557254 - June 23, 2021, 4:12 pm
txn_1J5JNRJm8ehcCWGINm2zhCf6 - 8994163884740250 - June 23, 2021, 4:12 pm
txn_1J5CIyJm8ehcCWGIwjiuwdUh - 8994163884755254 - June 23, 2021, 4:12 pm
txn_1J4yz6Jm8ehcCWGIxCtNk1OM - 8994163884752253 - June 23, 2021, 4:12 pm
txn_1J5E76Jm8ehcCWGIacIkmEiQ - 8994163884565259 - June 23, 2021, 4:12 pm
txn_1J5BcRJm8ehcCWGIrVY0uRqA - 8994163884749253 - June 23, 2021, 4:12 pm
txn_1J4yniJm8ehcCWGIfBpNKZcS - 8994163884844255 - June 23, 2021, 4:12 pm
txn_1J5E04Jm8ehcCWGI1BQnA5mH - 8994163884747259 - June 23, 2021, 4:12 pm
txn_1J5BTWJm8ehcCWGI1QQ46w2s - 8994163884741257 - June 23, 2021, 4:12 pm
txn_1J4yjOJm8ehcCWGItTs69rjY - 8994163884843258 - June 23, 2021, 4:12 pm
txn_1J5EmQJm8ehcCWGIzyc6EVBT - 8994163884558251 - June 23, 2021, 4:12 pm
txn_1J5DCTJm8ehcCWGIrVDNZnhs - 8994163884742254 - June 23, 2021, 4:12 pm
txn_1J5HcEJm8ehcCWGInaWKsj9j - 8994163884567253 - June 23, 2021, 4:12 pm
txn_1J5K53Jm8ehcCWGIHoxicECq - 8994163884753250 - June 23, 2021, 4:12 pm
txn_1J5G4cJm8ehcCWGI6n6iGvVo - 8994163884566256 - June 23, 2021, 4:12 pm
2021Influencer719 - 8994163884750259 - June 23, 2021, 4:12 pm
txn_1J5JiyJm8ehcCWGIv6vypbit - 8994163884748256 - June 23, 2021, 4:12 pm
txn_1J5FASJm8ehcCWGIz7rhhYU4 - 8994163884562258 - June 23, 2021, 4:12 pm
2021Influencer718 - 8994163884557254 - June 23, 2021, 4:12 pm
txn_1J5JNRJm8ehcCWGINm2zhCf6 - 8994163884740250 - June 23, 2021, 4:12 pm
txn_1J5CIyJm8ehcCWGIwjiuwdUh - 8994163884755254 - June 23, 2021, 4:12 pm
txn_1J4yz6Jm8ehcCWGIxCtNk1OM - 8994163884752253 - June 23, 2021, 4:12 pm
txn_1J5E76Jm8ehcCWGIacIkmEiQ - 8994163884565259 - June 23, 2021, 4:12 pm
txn_1J5BcRJm8ehcCWGIrVY0uRqA - 8994163884749253 - June 23, 2021, 4:12 pm
txn_1J4yniJm8ehcCWGIfBpNKZcS - 8994163884844255 - June 23, 2021, 4:12 pm
txn_1J5E04Jm8ehcCWGI1BQnA5mH - 8994163884747259 - June 23, 2021, 4:12 pm
txn_1J5BTWJm8ehcCWGI1QQ46w2s - 8994163884741257 - June 23, 2021, 4:12 pm
txn_1J4yjOJm8ehcCWGItTs69rjY - 8994163884843258 - June 23, 2021, 4:12 pm
txn_1J5EmQJm8ehcCWGIzyc6EVBT - 8994163884558251 - June 23, 2021, 4:12 pm
txn_1J5DCTJm8ehcCWGIrVDNZnhs - 8994163884742254 - June 23, 2021, 4:12 pm
txn_1J5HcEJm8ehcCWGInaWKsj9j - 8994163884567253 - June 23, 2021, 4:12 pm
txn_1J5K53Jm8ehcCWGIHoxicECq - 8994163884753250 - June 23, 2021, 4:12 pm
txn_1J5G4cJm8ehcCWGI6n6iGvVo - 8994163884566256 - June 23, 2021, 4:12 pm
2021Influencer719 - 8994163884750259 - June 23, 2021, 4:12 pm
txn_1J5JiyJm8ehcCWGIv6vypbit - 8994163884748256 - June 23, 2021, 4:12 pm
txn_1J5FASJm8ehcCWGIz7rhhYU4 - 8994163884562258 - June 23, 2021, 4:12 pm
2021Influencer718 - 8994163884557254 - June 23, 2021, 4:12 pm
txn_1J5JNRJm8ehcCWGINm2zhCf6 - 8994163884740250 - June 23, 2021, 4:12 pm
txn_1J5CIyJm8ehcCWGIwjiuwdUh - 8994163884755254 - June 23, 2021, 4:12 pm
txn_1J4yz6Jm8ehcCWGIxCtNk1OM - 8994163884752253 - June 23, 2021, 4:12 pm
txn_1J5E76Jm8ehcCWGIacIkmEiQ - 8994163884565259 - June 23, 2021, 4:12 pm
txn_1J5BcRJm8ehcCWGIrVY0uRqA - 8994163884749253 - June 23, 2021, 4:12 pm
txn_1J4yniJm8ehcCWGIfBpNKZcS - 8994163884844255 - June 23, 2021, 4:12 pm
txn_1J5E04Jm8ehcCWGI1BQnA5mH - 8994163884747259 - June 23, 2021, 4:12 pm
txn_1J5BTWJm8ehcCWGI1QQ46w2s - 8994163884741257 - June 23, 2021, 4:12 pm
txn_1J4yjOJm8ehcCWGItTs69rjY - 8994163884843258 - June 23, 2021, 4:12 pm
txn_1J5EmQJm8ehcCWGIzyc6EVBT - 8994163884558251 - June 23, 2021, 4:12 pm
txn_1J5DCTJm8ehcCWGIrVDNZnhs - 8994163884742254 - June 23, 2021, 4:12 pm
txn_1J5HcEJm8ehcCWGInaWKsj9j - 8994163884567253 - June 23, 2021, 4:12 pm
txn_1J5K53Jm8ehcCWGIHoxicECq - 8994163884753250 - June 23, 2021, 4:12 pm
txn_1J5G4cJm8ehcCWGI6n6iGvVo - 8994163884566256 - June 23, 2021, 4:12 pm
2021Influencer719 - 8994163884750259 - June 23, 2021, 4:12 pm
txn_1J5JiyJm8ehcCWGIv6vypbit - 8994163884748256 - June 23, 2021, 4:12 pm
txn_1J5FASJm8ehcCWGIz7rhhYU4 - 8994163884562258 - June 23, 2021, 4:12 pm
2021Influencer718 - 8994163884557254 - June 23, 2021, 4:12 pm
txn_1J5JNRJm8ehcCWGINm2zhCf6 - 8994163884740250 - June 23, 2021, 4:12 pm
txn_1J58akJm8ehcCWGIIC93lXCa - 8994163884590251 - June 23, 2021, 4:12 pm
txn_1J5J67Jm8ehcCWGIst2aw3KO - 8994163884771254 - June 23, 2021, 4:12 pm
txn_1J5CIyJm8ehcCWGIwjiuwdUh - 8994163884755254 - June 23, 2021, 4:13 pm
txn_1J4yz6Jm8ehcCWGIxCtNk1OM - 8994163884752253 - June 23, 2021, 4:13 pm
txn_1J5E76Jm8ehcCWGIacIkmEiQ - 8994163884565259 - June 23, 2021, 4:13 pm
txn_1J5BcRJm8ehcCWGIrVY0uRqA - 8994163884749253 - June 23, 2021, 4:13 pm
txn_1J4yniJm8ehcCWGIfBpNKZcS - 8994163884844255 - June 23, 2021, 4:13 pm
txn_1J5E04Jm8ehcCWGI1BQnA5mH - 8994163884747259 - June 23, 2021, 4:13 pm
txn_1J5BTWJm8ehcCWGI1QQ46w2s - 8994163884741257 - June 23, 2021, 4:13 pm
txn_1J4yjOJm8ehcCWGItTs69rjY - 8994163884843258 - June 23, 2021, 4:13 pm
txn_1J5EmQJm8ehcCWGIzyc6EVBT - 8994163884558251 - June 23, 2021, 4:13 pm
txn_1J5DCTJm8ehcCWGIrVDNZnhs - 8994163884742254 - June 23, 2021, 4:13 pm
txn_1J5HcEJm8ehcCWGInaWKsj9j - 8994163884567253 - June 23, 2021, 4:13 pm
txn_1J5K53Jm8ehcCWGIHoxicECq - 8994163884753250 - June 23, 2021, 4:13 pm
txn_1J5G4cJm8ehcCWGI6n6iGvVo - 8994163884566256 - June 23, 2021, 4:13 pm
2021Influencer719 - 8994163884750259 - June 23, 2021, 4:13 pm
txn_1J5JiyJm8ehcCWGIv6vypbit - 8994163884748256 - June 23, 2021, 4:13 pm
txn_1J5FASJm8ehcCWGIz7rhhYU4 - 8994163884562258 - June 23, 2021, 4:13 pm
2021Influencer718 - 8994163884557254 - June 23, 2021, 4:13 pm
txn_1J5JNRJm8ehcCWGINm2zhCf6 - 8994163884740250 - June 23, 2021, 4:13 pm
2021Influencer717 - 8994163884594259 - June 23, 2021, 4:13 pm
txn_1J5EBeJm8ehcCWGIgimWfFNa - 8994163884874252 - June 23, 2021, 4:13 pm
txn_1J5KIuJm8ehcCWGIRDF0BPR3 - 8994163884591258 - June 23, 2021, 4:13 pm
txn_1J5CKkJm8ehcCWGI8JFa4sGe - 8994163884773258 - June 23, 2021, 4:13 pm
txn_1J58akJm8ehcCWGIIC93lXCa - 8994163884590251 - June 23, 2021, 4:13 pm
txn_1J5J67Jm8ehcCWGIst2aw3KO - 8994163884771254 - June 23, 2021, 4:13 pm
