2021Influencer234 - 8994163224436157 - January 27, 2021, 3:15 pm
txn_1IEHOiJm8ehcCWGInqlyAzBS - 8994163224431152 - January 27, 2021, 3:15 pm
2021Influencer241 - 8994163224434153 - January 27, 2021, 3:15 pm
txn_1IE8wPJm8ehcCWGIUEFtVJo4 - 8994163224369158 - January 27, 2021, 3:15 pm
txn_1IDyrhJm8ehcCWGIaudncAGT - 8994163224433156 - January 27, 2021, 3:15 pm
txn_1IE2dlJm8ehcCWGItAQa4K7W - 8994163223755150 - January 27, 2021, 3:15 pm
2021Influencer233 - 8994163224362159 - January 27, 2021, 3:15 pm
2021Influencer240 - 8994163224418153 - January 27, 2021, 3:15 pm
txn_1IDz2hJm8ehcCWGIM60UpQeP - 8994163224360155 - January 27, 2021, 3:15 pm
txn_1IEDJNJm8ehcCWGINOep3OMi - 8994163224417156 - January 27, 2021, 3:15 pm
txn_1IEHWRJm8ehcCWGI19MSvNvm - 8994163223753156 - January 27, 2021, 3:15 pm
txn_1IE3jDJm8ehcCWGIoxj0uZpR - 8994163224408154 - January 27, 2021, 3:15 pm
2021Influencer239 - 8994163224402152 - January 27, 2021, 3:15 pm
2021Influencer232 - 8994163224353157 - January 27, 2021, 3:15 pm
txn_1IEE33Jm8ehcCWGIIZYVxJ12 - 8994163224406150 - January 27, 2021, 3:15 pm
txn_1IDz89Jm8ehcCWGI0nxwY4pS - 8994163224404156 - January 27, 2021, 3:15 pm
txn_1IEJLWJm8ehcCWGIjtSUXizH - 8994163224401155 - January 27, 2021, 3:15 pm
txn_1IE3vxJm8ehcCWGIbYK4FdYU - 8994163224187158 - January 27, 2021, 3:15 pm
2021Influencer231 - 8994163224338154 - January 27, 2021, 3:15 pm
txn_1IEGNhJm8ehcCWGIcWe1IZl6 - 8994163224188155 - January 27, 2021, 3:15 pm
txn_1IDzRmJm8ehcCWGIIw4VdXb5 - 8994163223736159 - January 27, 2021, 3:15 pm
2021Influencer238 - 8994163223735152 - January 27, 2021, 3:15 pm
txn_1IEJQUJm8ehcCWGIr0upckQ5 - 8994163224186151 - January 27, 2021, 3:15 pm
2021Influencer234 - 8994163224436157 - January 27, 2021, 3:15 pm
txn_1IEHOiJm8ehcCWGInqlyAzBS - 8994163224431152 - January 27, 2021, 3:15 pm
2021Influencer241 - 8994163224434153 - January 27, 2021, 3:15 pm
txn_1IE8wPJm8ehcCWGIUEFtVJo4 - 8994163224369158 - January 27, 2021, 3:15 pm
txn_1IDyrhJm8ehcCWGIaudncAGT - 8994163224433156 - January 27, 2021, 3:15 pm
txn_1IE2dlJm8ehcCWGItAQa4K7W - 8994163223755150 - January 27, 2021, 3:15 pm
2021Influencer233 - 8994163224362159 - January 27, 2021, 3:15 pm
2021Influencer240 - 8994163224418153 - January 27, 2021, 3:15 pm
txn_1IDz2hJm8ehcCWGIM60UpQeP - 8994163224360155 - January 27, 2021, 3:15 pm
txn_1IEDJNJm8ehcCWGINOep3OMi - 8994163224417156 - January 27, 2021, 3:15 pm
txn_1IEHWRJm8ehcCWGI19MSvNvm - 8994163223753156 - January 27, 2021, 3:15 pm
txn_1IE3jDJm8ehcCWGIoxj0uZpR - 8994163224408154 - January 27, 2021, 3:15 pm
2021Influencer239 - 8994163224402152 - January 27, 2021, 3:15 pm
2021Influencer232 - 8994163224353157 - January 27, 2021, 3:15 pm
txn_1IEE33Jm8ehcCWGIIZYVxJ12 - 8994163224406150 - January 27, 2021, 3:15 pm
txn_1IDz89Jm8ehcCWGI0nxwY4pS - 8994163224404156 - January 27, 2021, 3:15 pm
txn_1IEJLWJm8ehcCWGIjtSUXizH - 8994163224401155 - January 27, 2021, 3:15 pm
txn_1IE3vxJm8ehcCWGIbYK4FdYU - 8994163224187158 - January 27, 2021, 3:15 pm
2021Influencer231 - 8994163224338154 - January 27, 2021, 3:15 pm
txn_1IEGNhJm8ehcCWGIcWe1IZl6 - 8994163224188155 - January 27, 2021, 3:15 pm
txn_1IDzRmJm8ehcCWGIIw4VdXb5 - 8994163223736159 - January 27, 2021, 3:15 pm
2021Influencer238 - 8994163223735152 - January 27, 2021, 3:15 pm
txn_1IEJQUJm8ehcCWGIr0upckQ5 - 8994163224186151 - January 27, 2021, 3:15 pm
2021Influencer234 - 8994163224436157 - January 27, 2021, 3:15 pm
txn_1IEHOiJm8ehcCWGInqlyAzBS - 8994163224431152 - January 27, 2021, 3:15 pm
2021Influencer241 - 8994163224434153 - January 27, 2021, 3:15 pm
txn_1IE8wPJm8ehcCWGIUEFtVJo4 - 8994163224369158 - January 27, 2021, 3:15 pm
txn_1IDyrhJm8ehcCWGIaudncAGT - 8994163224433156 - January 27, 2021, 3:15 pm
txn_1IE2dlJm8ehcCWGItAQa4K7W - 8994163223755150 - January 27, 2021, 3:15 pm
2021Influencer233 - 8994163224362159 - January 27, 2021, 3:15 pm
2021Influencer240 - 8994163224418153 - January 27, 2021, 3:15 pm
txn_1IDz2hJm8ehcCWGIM60UpQeP - 8994163224360155 - January 27, 2021, 3:15 pm
txn_1IEDJNJm8ehcCWGINOep3OMi - 8994163224417156 - January 27, 2021, 3:15 pm
txn_1IEHWRJm8ehcCWGI19MSvNvm - 8994163223753156 - January 27, 2021, 3:15 pm
txn_1IE3jDJm8ehcCWGIoxj0uZpR - 8994163224408154 - January 27, 2021, 3:15 pm
2021Influencer239 - 8994163224402152 - January 27, 2021, 3:15 pm
2021Influencer232 - 8994163224353157 - January 27, 2021, 3:15 pm
txn_1IEE33Jm8ehcCWGIIZYVxJ12 - 8994163224406150 - January 27, 2021, 3:15 pm
txn_1IDz89Jm8ehcCWGI0nxwY4pS - 8994163224404156 - January 27, 2021, 3:15 pm
txn_1IEJLWJm8ehcCWGIjtSUXizH - 8994163224401155 - January 27, 2021, 3:15 pm
txn_1IE3vxJm8ehcCWGIbYK4FdYU - 8994163224187158 - January 27, 2021, 3:15 pm
2021Influencer231 - 8994163224338154 - January 27, 2021, 3:15 pm
txn_1IEGNhJm8ehcCWGIcWe1IZl6 - 8994163224188155 - January 27, 2021, 3:15 pm
txn_1IDzRmJm8ehcCWGIIw4VdXb5 - 8994163223736159 - January 27, 2021, 3:15 pm
2021Influencer238 - 8994163223735152 - January 27, 2021, 3:15 pm
txn_1IEJQUJm8ehcCWGIr0upckQ5 - 8994163224186151 - January 27, 2021, 3:15 pm
2021Influencer234 - 8994163224436157 - January 27, 2021, 3:16 pm
txn_1IEHOiJm8ehcCWGInqlyAzBS - 8994163224431152 - January 27, 2021, 3:16 pm
2021Influencer241 - 8994163224434153 - January 27, 2021, 3:16 pm
txn_1IE8wPJm8ehcCWGIUEFtVJo4 - 8994163224369158 - January 27, 2021, 3:16 pm
txn_1IDyrhJm8ehcCWGIaudncAGT - 8994163224433156 - January 27, 2021, 3:16 pm
txn_1IE2dlJm8ehcCWGItAQa4K7W - 8994163223755150 - January 27, 2021, 3:16 pm
2021Influencer233 - 8994163224362159 - January 27, 2021, 3:16 pm
2021Influencer240 - 8994163224418153 - January 27, 2021, 3:16 pm
txn_1IDz2hJm8ehcCWGIM60UpQeP - 8994163224360155 - January 27, 2021, 3:16 pm
txn_1IEDJNJm8ehcCWGINOep3OMi - 8994163224417156 - January 27, 2021, 3:16 pm
txn_1IEHWRJm8ehcCWGI19MSvNvm - 8994163223753156 - January 27, 2021, 3:16 pm
txn_1IE3jDJm8ehcCWGIoxj0uZpR - 8994163224408154 - January 27, 2021, 3:16 pm
2021Influencer239 - 8994163224402152 - January 27, 2021, 3:16 pm
2021Influencer232 - 8994163224353157 - January 27, 2021, 3:16 pm
txn_1IEE33Jm8ehcCWGIIZYVxJ12 - 8994163224406150 - January 27, 2021, 3:16 pm
txn_1IDz89Jm8ehcCWGI0nxwY4pS - 8994163224404156 - January 27, 2021, 3:16 pm
txn_1IEJLWJm8ehcCWGIjtSUXizH - 8994163224401155 - January 27, 2021, 3:16 pm
txn_1IE3vxJm8ehcCWGIbYK4FdYU - 8994163224187158 - January 27, 2021, 3:16 pm
2021Influencer231 - 8994163224338154 - January 27, 2021, 3:16 pm
txn_1IEGNhJm8ehcCWGIcWe1IZl6 - 8994163224188155 - January 27, 2021, 3:16 pm
txn_1IDzRmJm8ehcCWGIIw4VdXb5 - 8994163223736159 - January 27, 2021, 3:16 pm
2021Influencer238 - 8994163223735152 - January 27, 2021, 3:16 pm
txn_1IEJQUJm8ehcCWGIr0upckQ5 - 8994163224186151 - January 27, 2021, 3:16 pm
2021Influencer234 - 8994163224436157 - January 27, 2021, 3:16 pm
txn_1IEHOiJm8ehcCWGInqlyAzBS - 8994163224431152 - January 27, 2021, 3:16 pm
2021Influencer241 - 8994163224434153 - January 27, 2021, 3:16 pm
txn_1IE8wPJm8ehcCWGIUEFtVJo4 - 8994163224369158 - January 27, 2021, 3:16 pm
txn_1IDyrhJm8ehcCWGIaudncAGT - 8994163224433156 - January 27, 2021, 3:16 pm
txn_1IE2dlJm8ehcCWGItAQa4K7W - 8994163223755150 - January 27, 2021, 3:16 pm
2021Influencer233 - 8994163224362159 - January 27, 2021, 3:16 pm
2021Influencer240 - 8994163224418153 - January 27, 2021, 3:16 pm
txn_1IDz2hJm8ehcCWGIM60UpQeP - 8994163224360155 - January 27, 2021, 3:16 pm
txn_1IEDJNJm8ehcCWGINOep3OMi - 8994163224417156 - January 27, 2021, 3:16 pm
txn_1IEHWRJm8ehcCWGI19MSvNvm - 8994163223753156 - January 27, 2021, 3:16 pm
txn_1IE3jDJm8ehcCWGIoxj0uZpR - 8994163224408154 - January 27, 2021, 3:16 pm
2021Influencer239 - 8994163224402152 - January 27, 2021, 3:16 pm
2021Influencer232 - 8994163224353157 - January 27, 2021, 3:16 pm
txn_1IEE33Jm8ehcCWGIIZYVxJ12 - 8994163224406150 - January 27, 2021, 3:16 pm
txn_1IDz89Jm8ehcCWGI0nxwY4pS - 8994163224404156 - January 27, 2021, 3:16 pm
txn_1IEJLWJm8ehcCWGIjtSUXizH - 8994163224401155 - January 27, 2021, 3:16 pm
txn_1IE3vxJm8ehcCWGIbYK4FdYU - 8994163224187158 - January 27, 2021, 3:16 pm
2021Influencer231 - 8994163224338154 - January 27, 2021, 3:16 pm
txn_1IEGNhJm8ehcCWGIcWe1IZl6 - 8994163224188155 - January 27, 2021, 3:16 pm
txn_1IDzRmJm8ehcCWGIIw4VdXb5 - 8994163223736159 - January 27, 2021, 3:16 pm
2021Influencer238 - 8994163223735152 - January 27, 2021, 3:16 pm
txn_1IEJQUJm8ehcCWGIr0upckQ5 - 8994163224186151 - January 27, 2021, 3:16 pm
2021Influencer234 - 8994163224436157 - January 27, 2021, 3:16 pm
txn_1IEHOiJm8ehcCWGInqlyAzBS - 8994163224431152 - January 27, 2021, 3:16 pm
2021Influencer241 - 8994163224434153 - January 27, 2021, 3:16 pm
txn_1IE8wPJm8ehcCWGIUEFtVJo4 - 8994163224369158 - January 27, 2021, 3:16 pm
txn_1IDyrhJm8ehcCWGIaudncAGT - 8994163224433156 - January 27, 2021, 3:16 pm
txn_1IE2dlJm8ehcCWGItAQa4K7W - 8994163223755150 - January 27, 2021, 3:16 pm
2021Influencer233 - 8994163224362159 - January 27, 2021, 3:16 pm
2021Influencer240 - 8994163224418153 - January 27, 2021, 3:16 pm
txn_1IDz2hJm8ehcCWGIM60UpQeP - 8994163224360155 - January 27, 2021, 3:16 pm
txn_1IEDJNJm8ehcCWGINOep3OMi - 8994163224417156 - January 27, 2021, 3:16 pm
txn_1IEHWRJm8ehcCWGI19MSvNvm - 8994163223753156 - January 27, 2021, 3:16 pm
txn_1IE3jDJm8ehcCWGIoxj0uZpR - 8994163224408154 - January 27, 2021, 3:16 pm
2021Influencer239 - 8994163224402152 - January 27, 2021, 3:16 pm
2021Influencer232 - 8994163224353157 - January 27, 2021, 3:16 pm
txn_1IEE33Jm8ehcCWGIIZYVxJ12 - 8994163224406150 - January 27, 2021, 3:16 pm
txn_1IDz89Jm8ehcCWGI0nxwY4pS - 8994163224404156 - January 27, 2021, 3:16 pm
txn_1IEJLWJm8ehcCWGIjtSUXizH - 8994163224401155 - January 27, 2021, 3:16 pm
txn_1IE3vxJm8ehcCWGIbYK4FdYU - 8994163224187158 - January 27, 2021, 3:16 pm
2021Influencer231 - 8994163224338154 - January 27, 2021, 3:16 pm
txn_1IEGNhJm8ehcCWGIcWe1IZl6 - 8994163224188155 - January 27, 2021, 3:16 pm
txn_1IDzRmJm8ehcCWGIIw4VdXb5 - 8994163223736159 - January 27, 2021, 3:16 pm
2021Influencer238 - 8994163223735152 - January 27, 2021, 3:16 pm
txn_1IEJQUJm8ehcCWGIr0upckQ5 - 8994163224186151 - January 27, 2021, 3:16 pm
txn_1IE45iJm8ehcCWGIqnqRBW54 - 8994163225066155 - January 27, 2021, 3:16 pm
txn_1IDyRbJm8ehcCWGIJtpjwO5u - 8994163225065158 - January 27, 2021, 3:16 pm
2021Influencer242 - 8994163224874157 - January 27, 2021, 3:16 pm
2021Influencer237 - 8994163225211159 - January 27, 2021, 3:16 pm
txn_1IE4MJJm8ehcCWGIbZLY2wfL - 8994163225054152 - January 27, 2021, 3:16 pm
txn_1IDyXbJm8ehcCWGIffF8TtQt - 8994163225210152 - January 27, 2021, 3:16 pm
txn_1IE0teJm8ehcCWGIJ02IDlFh - 8994163225038152 - January 27, 2021, 3:16 pm
2021Influencer236 - 8994163225037155 - January 27, 2021, 3:16 pm
txn_1IEGmeJm8ehcCWGIVjLHema6 - 8994163225039159 - January 27, 2021, 3:16 pm
2021Influencer235 - 8994163225023158 - January 27, 2021, 3:16 pm
txn_1IE1WmJm8ehcCWGIQPOcZpBa - 8994163225022151 - January 27, 2021, 3:16 pm
txn_1IEGpkJm8ehcCWGIR6WfwMB0 - 8994163225021154 - January 27, 2021, 3:16 pm
2021Influencer234 - 8994163224436157 - January 27, 2021, 3:16 pm
txn_1IEHOiJm8ehcCWGInqlyAzBS - 8994163224431152 - January 27, 2021, 3:16 pm
2021Influencer241 - 8994163224434153 - January 27, 2021, 3:16 pm
txn_1IE8wPJm8ehcCWGIUEFtVJo4 - 8994163224369158 - January 27, 2021, 3:16 pm
txn_1IDyrhJm8ehcCWGIaudncAGT - 8994163224433156 - January 27, 2021, 3:16 pm
txn_1IE2dlJm8ehcCWGItAQa4K7W - 8994163223755150 - January 27, 2021, 3:16 pm
2021Influencer233 - 8994163224362159 - January 27, 2021, 3:16 pm
2021Influencer240 - 8994163224418153 - January 27, 2021, 3:16 pm
txn_1IDz2hJm8ehcCWGIM60UpQeP - 8994163224360155 - January 27, 2021, 3:16 pm
txn_1IEDJNJm8ehcCWGINOep3OMi - 8994163224417156 - January 27, 2021, 3:16 pm
txn_1IEHWRJm8ehcCWGI19MSvNvm - 8994163223753156 - January 27, 2021, 3:16 pm
txn_1IE3jDJm8ehcCWGIoxj0uZpR - 8994163224408154 - January 27, 2021, 3:16 pm
2021Influencer239 - 8994163224402152 - January 27, 2021, 3:16 pm
2021Influencer232 - 8994163224353157 - January 27, 2021, 3:16 pm
txn_1IEE33Jm8ehcCWGIIZYVxJ12 - 8994163224406150 - January 27, 2021, 3:16 pm
txn_1IDz89Jm8ehcCWGI0nxwY4pS - 8994163224404156 - January 27, 2021, 3:16 pm
txn_1IEJLWJm8ehcCWGIjtSUXizH - 8994163224401155 - January 27, 2021, 3:16 pm
txn_1IE3vxJm8ehcCWGIbYK4FdYU - 8994163224187158 - January 27, 2021, 3:16 pm
2021Influencer231 - 8994163224338154 - January 27, 2021, 3:16 pm
txn_1IEGNhJm8ehcCWGIcWe1IZl6 - 8994163224188155 - January 27, 2021, 3:16 pm
txn_1IDzRmJm8ehcCWGIIw4VdXb5 - 8994163223736159 - January 27, 2021, 3:16 pm
2021Influencer238 - 8994163223735152 - January 27, 2021, 3:16 pm
txn_1IEJQUJm8ehcCWGIr0upckQ5 - 8994163224186151 - January 27, 2021, 3:16 pm
txn_1IE1qvJm8ehcCWGIDpZRpjgJ - 8994163225254156 - January 27, 2021, 3:16 pm
2021Influencer244 - 8994163225255153 - January 27, 2021, 3:16 pm
txn_1IEGrBJm8ehcCWGIYPSaqESy - 8994163225115150 - January 27, 2021, 3:16 pm
txn_1IDxtUJm8ehcCWGI81Q2QtkW - 8994163225102150 - January 27, 2021, 3:16 pm
txn_1IE2bwJm8ehcCWGIcjUm7qKl - 8994163224883159 - January 27, 2021, 3:16 pm
txn_1IEJoUJm8ehcCWGIHqy4l2HJ - 8994163225097159 - January 27, 2021, 3:16 pm
txn_1IDyISJm8ehcCWGIv1eRfWX6 - 8994163225081158 - January 27, 2021, 3:16 pm
txn_1IE3zIJm8ehcCWGIuWvuYWQ4 - 8994163225082155 - January 27, 2021, 3:16 pm
2021Influencer243 - 8994163225080151 - January 27, 2021, 3:16 pm
txn_1IE45iJm8ehcCWGIqnqRBW54 - 8994163225066155 - January 27, 2021, 3:16 pm
txn_1IDyRbJm8ehcCWGIJtpjwO5u - 8994163225065158 - January 27, 2021, 3:16 pm
2021Influencer242 - 8994163224874157 - January 27, 2021, 3:16 pm
2021Influencer237 - 8994163225211159 - January 27, 2021, 3:16 pm
txn_1IE4MJJm8ehcCWGIbZLY2wfL - 8994163225054152 - January 27, 2021, 3:16 pm
txn_1IDyXbJm8ehcCWGIffF8TtQt - 8994163225210152 - January 27, 2021, 3:16 pm
txn_1IE0teJm8ehcCWGIJ02IDlFh - 8994163225038152 - January 27, 2021, 3:16 pm
2021Influencer236 - 8994163225037155 - January 27, 2021, 3:16 pm
txn_1IEGmeJm8ehcCWGIVjLHema6 - 8994163225039159 - January 27, 2021, 3:16 pm
2021Influencer235 - 8994163225023158 - January 27, 2021, 3:16 pm
txn_1IE1WmJm8ehcCWGIQPOcZpBa - 8994163225022151 - January 27, 2021, 3:16 pm
txn_1IEGpkJm8ehcCWGIR6WfwMB0 - 8994163225021154 - January 27, 2021, 3:16 pm
