Influencer89 - 8994163729545576 - September 16, 2020, 2:27 pm
txn_1HRiOzJm8ehcCWGIugHU4uvv - 8994163730126573 - September 16, 2020, 2:27 pm
txn_1HRjGWJm8ehcCWGI1JwjOJpL - 8994163730278579 - September 16, 2020, 2:27 pm
txn_1HRkY3Jm8ehcCWGImLaEwXiw - 8994163730094575 - September 16, 2020, 2:27 pm
txn_1HRlv2Jm8ehcCWGI5xFpcpPp - 8994163730080578 - September 16, 2020, 2:27 pm
txn_1HRmcDJm8ehcCWGIiK0hj3O0 - 8994163730200570 - September 16, 2020, 2:27 pm
Influencer94 - 8994163729979579 - September 16, 2020, 2:27 pm
txn_1HS2yTJm8ehcCWGI0IvNLAiE - 8994163729972570 - September 16, 2020, 2:27 pm
Influencer91 - 8994163730043573 - September 16, 2020, 2:27 pm
txn_1HRpShJm8ehcCWGIxba6LZSj - 8994163730044570 - September 16, 2020, 2:27 pm
txn_1HS0lHJm8ehcCWGI0LGgASWn - 8994163729971573 - September 16, 2020, 2:27 pm
txn_1HRoHtJm8ehcCWGItwEhm2lK - 8994163729564577 - September 16, 2020, 2:27 pm
Influencer93 - 8994163729555575 - September 16, 2020, 2:27 pm
txn_1HRqkHJm8ehcCWGI70POms0P - 8994163729556572 - September 16, 2020, 2:27 pm
Influencer90 - 8994163730029577 - September 16, 2020, 2:27 pm
txn_1HRoRuJm8ehcCWGIm3uxpCbf - 8994163729959571 - September 16, 2020, 2:27 pm
txn_1HS2msJm8ehcCWGIItEkzUKt - 8994163729960577 - September 16, 2020, 2:27 pm
txn_1HS4AqJm8ehcCWGIZdk1ptxz - 8994163729961574 - September 16, 2020, 2:27 pm
txn_1HRvZlJm8ehcCWGIEGLvNneS - 8994163730015570 - September 16, 2020, 2:27 pm
txn_1HS2ovJm8ehcCWGI8R6jqbGz - 8994163730014573 - September 16, 2020, 2:27 pm
Influencer95 - 8994163729945574 - September 16, 2020, 2:27 pm
Influencer92 - 8994163730016577 - September 16, 2020, 2:27 pm
txn_1HRpG0Jm8ehcCWGI2rcwairJ - 8994163729944577 - September 16, 2020, 2:27 pm
