txn_1Ii0JrJm8ehcCWGIUZr41sPT - 8994163005070235 - April 20, 2021, 3:46 pm
txn_1IhzjvJm8ehcCWGIkswBIlOx - 8994163004888237 - April 20, 2021, 3:46 pm
txn_1Ihhj7Jm8ehcCWGIsRVZfoG5 - 8994163005060236 - April 20, 2021, 3:46 pm
txn_1Ii2ZJJm8ehcCWGItAmtHC16 - 8994163004730239 - April 20, 2021, 3:46 pm
txn_1Ihc3OJm8ehcCWGIswdLTJJk - 8994163004886233 - April 20, 2021, 3:46 pm
2021Influencer598 - 8994163005054235 - April 20, 2021, 3:46 pm
txn_1IhzI6Jm8ehcCWGIJRNGp3bX - 8994163004885236 - April 20, 2021, 3:46 pm
txn_1Ii1ZkJm8ehcCWGI5drSboZs - 8994163004729233 - April 20, 2021, 3:46 pm
txn_1IhhTrJm8ehcCWGIr2XEOWzY - 8994163005055232 - April 20, 2021, 3:46 pm
txn_1IhbE0Jm8ehcCWGIOIpwIiHz - 8994163004725235 - April 20, 2021, 3:46 pm
txn_1Ii1KVJm8ehcCWGIc2JijkNh - 8994163004724238 - April 20, 2021, 3:46 pm
txn_1Ihh75Jm8ehcCWGIh3jiyYhW - 8994163005052231 - April 20, 2021, 3:46 pm
txn_1IhzChJm8ehcCWGILNcZO2D9 - 8994163004726232 - April 20, 2021, 3:46 pm
2021Influencer597 - 8994163004883232 - April 20, 2021, 3:46 pm
txn_1IhxnKJm8ehcCWGI3v1HKMZC - 8994163004880231 - April 20, 2021, 3:46 pm
txn_1IhXQnJm8ehcCWGINuIVH3zq - 8994163005048234 - April 20, 2021, 3:46 pm
txn_1IhjkfJm8ehcCWGIJgUP3dZC - 8994163004878238 - April 20, 2021, 3:46 pm
txn_1IhgSWJm8ehcCWGI2W9ksvx7 - 8994163005047237 - April 20, 2021, 3:46 pm
txn_1Ii1IeJm8ehcCWGIJrYHyIVr - 8994163004722234 - April 20, 2021, 3:46 pm
txn_1IhvQ8Jm8ehcCWGInYC1xDcm - 8994163004720230 - April 20, 2021, 3:46 pm
txn_1IhSlAJm8ehcCWGIj2KAHjfi - 8994163005044236 - April 20, 2021, 3:46 pm
txn_1IhfvdJm8ehcCWGIT0iLxVWm - 8994163004873233 - April 20, 2021, 3:46 pm
txn_1IhjS5Jm8ehcCWGIMhV2GfsJ - 8994163004872236 - April 20, 2021, 3:46 pm
txn_1Ii1BlJm8ehcCWGI6sT9mhDI - 8994163005043239 - April 20, 2021, 3:46 pm
txn_1Ihp9iJm8ehcCWGInQNH2CjH - 8994163004868239 - April 20, 2021, 3:46 pm
txn_1Ii4KKJm8ehcCWGI5lR3CkSP - 8994163004867232 - April 20, 2021, 3:46 pm
txn_1IhQ9pJm8ehcCWGIQlGKT910 - 8994163004869236 - April 20, 2021, 3:46 pm
txn_1Ihfn2Jm8ehcCWGIx5Y1m7gq - 8994163005042232 - April 20, 2021, 3:46 pm
txn_1IhjDJJm8ehcCWGI1HrhinpP - 8994163004716233 - April 20, 2021, 3:46 pm
txn_1Ii181Jm8ehcCWGIjwNXPQkZ - 8994163004866235 - April 20, 2021, 3:46 pm
txn_1IhP5pJm8ehcCWGISx0quXFH - 8994163004711238 - April 20, 2021, 3:46 pm
txn_1IhmXYJm8ehcCWGI38G7E8Hk - 8994163004710231 - April 20, 2021, 3:46 pm
txn_1Ii38RJm8ehcCWGIkM1W5vDY - 8994163004712235 - April 20, 2021, 3:46 pm
txn_1Ii0NCJm8ehcCWGIwKYTP0VE - 8994163005040238 - April 20, 2021, 3:46 pm
txn_1Ihi9IJm8ehcCWGIzR0R02cj - 8994163004861230 - April 20, 2021, 3:46 pm
txn_1Ihf1rJm8ehcCWGIyoPHjXAj - 8994163004862237 - April 20, 2021, 3:46 pm
2021Influencer600 - 8994163004890230 - April 20, 2021, 3:46 pm
txn_1Ii7X1Jm8ehcCWGIXMeeA2Ti - 8994163004731236 - April 20, 2021, 3:46 pm
txn_1Ii663Jm8ehcCWGIebUDWx0J - 8994163005056239 - April 20, 2021, 3:46 pm
txn_1Ii61yJm8ehcCWGIU9BlLbBy - 8994163004884239 - April 20, 2021, 3:46 pm
txn_1Ii5d6Jm8ehcCWGIRhhN3lTM - 8994163004879235 - April 20, 2021, 3:46 pm
txn_1Ii4lNJm8ehcCWGIxcmbdn4X - 8994163004874230 - April 20, 2021, 3:46 pm
txn_1Ii0JrJm8ehcCWGIUZr41sPT - 8994163005070235 - April 20, 2021, 3:48 pm
txn_1IhzjvJm8ehcCWGIkswBIlOx - 8994163004888237 - April 20, 2021, 3:48 pm
txn_1Ihhj7Jm8ehcCWGIsRVZfoG5 - 8994163005060236 - April 20, 2021, 3:48 pm
txn_1Ii2ZJJm8ehcCWGItAmtHC16 - 8994163004730239 - April 20, 2021, 3:48 pm
txn_1Ihc3OJm8ehcCWGIswdLTJJk - 8994163004886233 - April 20, 2021, 3:48 pm
2021Influencer598 - 8994163005054235 - April 20, 2021, 3:48 pm
txn_1IhzI6Jm8ehcCWGIJRNGp3bX - 8994163004885236 - April 20, 2021, 3:48 pm
txn_1Ii1ZkJm8ehcCWGI5drSboZs - 8994163004729233 - April 20, 2021, 3:48 pm
txn_1IhhTrJm8ehcCWGIr2XEOWzY - 8994163005055232 - April 20, 2021, 3:48 pm
txn_1IhbE0Jm8ehcCWGIOIpwIiHz - 8994163004725235 - April 20, 2021, 3:48 pm
txn_1Ii1KVJm8ehcCWGIc2JijkNh - 8994163004724238 - April 20, 2021, 3:48 pm
txn_1Ihh75Jm8ehcCWGIh3jiyYhW - 8994163005052231 - April 20, 2021, 3:48 pm
txn_1IhzChJm8ehcCWGILNcZO2D9 - 8994163004726232 - April 20, 2021, 3:48 pm
2021Influencer597 - 8994163004883232 - April 20, 2021, 3:48 pm
txn_1IhxnKJm8ehcCWGI3v1HKMZC - 8994163004880231 - April 20, 2021, 3:48 pm
txn_1IhXQnJm8ehcCWGINuIVH3zq - 8994163005048234 - April 20, 2021, 3:48 pm
txn_1IhjkfJm8ehcCWGIJgUP3dZC - 8994163004878238 - April 20, 2021, 3:48 pm
txn_1IhgSWJm8ehcCWGI2W9ksvx7 - 8994163005047237 - April 20, 2021, 3:48 pm
txn_1Ii1IeJm8ehcCWGIJrYHyIVr - 8994163004722234 - April 20, 2021, 3:48 pm
txn_1IhvQ8Jm8ehcCWGInYC1xDcm - 8994163004720230 - April 20, 2021, 3:48 pm
txn_1IhSlAJm8ehcCWGIj2KAHjfi - 8994163005044236 - April 20, 2021, 3:48 pm
txn_1IhfvdJm8ehcCWGIT0iLxVWm - 8994163004873233 - April 20, 2021, 3:48 pm
txn_1IhjS5Jm8ehcCWGIMhV2GfsJ - 8994163004872236 - April 20, 2021, 3:48 pm
txn_1Ii1BlJm8ehcCWGI6sT9mhDI - 8994163005043239 - April 20, 2021, 3:48 pm
txn_1Ihp9iJm8ehcCWGInQNH2CjH - 8994163004868239 - April 20, 2021, 3:48 pm
txn_1Ii4KKJm8ehcCWGI5lR3CkSP - 8994163004867232 - April 20, 2021, 3:48 pm
txn_1IhQ9pJm8ehcCWGIQlGKT910 - 8994163004869236 - April 20, 2021, 3:48 pm
txn_1Ihfn2Jm8ehcCWGIx5Y1m7gq - 8994163005042232 - April 20, 2021, 3:48 pm
txn_1IhjDJJm8ehcCWGI1HrhinpP - 8994163004716233 - April 20, 2021, 3:48 pm
txn_1Ii181Jm8ehcCWGIjwNXPQkZ - 8994163004866235 - April 20, 2021, 3:48 pm
txn_1IhP5pJm8ehcCWGISx0quXFH - 8994163004711238 - April 20, 2021, 3:48 pm
txn_1IhmXYJm8ehcCWGI38G7E8Hk - 8994163004710231 - April 20, 2021, 3:48 pm
txn_1Ii38RJm8ehcCWGIkM1W5vDY - 8994163004712235 - April 20, 2021, 3:48 pm
txn_1Ii0NCJm8ehcCWGIwKYTP0VE - 8994163005040238 - April 20, 2021, 3:48 pm
txn_1Ihi9IJm8ehcCWGIzR0R02cj - 8994163004861230 - April 20, 2021, 3:48 pm
txn_1Ihf1rJm8ehcCWGIyoPHjXAj - 8994163004862237 - April 20, 2021, 3:48 pm
2021Influencer600 - 8994163004890230 - April 20, 2021, 3:48 pm
txn_1Ii7X1Jm8ehcCWGIXMeeA2Ti - 8994163004731236 - April 20, 2021, 3:48 pm
txn_1Ii663Jm8ehcCWGIebUDWx0J - 8994163005056239 - April 20, 2021, 3:48 pm
txn_1Ii61yJm8ehcCWGIU9BlLbBy - 8994163004884239 - April 20, 2021, 3:48 pm
txn_1Ii5d6Jm8ehcCWGIRhhN3lTM - 8994163004879235 - April 20, 2021, 3:48 pm
txn_1Ii4lNJm8ehcCWGIxcmbdn4X - 8994163004874230 - April 20, 2021, 3:48 pm
txn_1IherUJm8ehcCWGI3gQUDpTQ - 8994163004911232 - April 20, 2021, 3:48 pm
txn_1Ii7h8Jm8ehcCWGIsyoR5wzt - 8994163005129230 - April 20, 2021, 3:48 pm
txn_1Ii6rbJm8ehcCWGIXPS85C2D - 8994163005126239 - April 20, 2021, 3:48 pm
txn_1Ii1foJm8ehcCWGIcbW4ACGE - 8994163005125232 - April 20, 2021, 3:48 pm
txn_1Ihm2CJm8ehcCWGInPLnTUDx - 8994163004772239 - April 20, 2021, 3:48 pm
txn_1IhkxQJm8ehcCWGIgNpdCvGr - 8994163004770235 - April 20, 2021, 3:48 pm
txn_1IhhUAJm8ehcCWGIdxfjLu1B - 8994163005119231 - April 20, 2021, 3:48 pm
txn_1IhevHJm8ehcCWGIdW9bVxYD - 8994163005117237 - April 20, 2021, 3:48 pm
2021Influencer599 - 8994163004762230 - April 20, 2021, 3:48 pm
