2021Influencer553 - 8994163820426217 - March 23, 2021, 3:07 pm
2021Influencer538 - 8994163820423216 - March 23, 2021, 3:07 pm
txn_1IXfoqJm8ehcCWGIb9XJR68E - 8994163820424213 - March 23, 2021, 3:07 pm
txn_1IXdC6Jm8ehcCWGIfiiU4Hy0 - 8994163820113216 - March 23, 2021, 3:07 pm
txn_1IXsDXJm8ehcCWGIkzNRTGJn - 8994163820283216 - March 23, 2021, 3:07 pm
2021Influencer552 - 8994163820421212 - March 23, 2021, 3:07 pm
txn_1IXziGJm8ehcCWGIWwmRmNFg - 8994163820111212 - March 23, 2021, 3:07 pm
txn_1IXfb1Jm8ehcCWGIt0HRwHfk - 8994163820419219 - March 23, 2021, 3:07 pm
2021Influencer537 - 8994163820282219 - March 23, 2021, 3:07 pm
txn_1IXd6wJm8ehcCWGI5xdn5K3k - 8994163820418212 - March 23, 2021, 3:07 pm
txn_1IXrtCJm8ehcCWGIFp2ZoYa0 - 8994163820110215 - March 23, 2021, 3:07 pm
2021Influencer551 - 8994163820105211 - March 23, 2021, 3:07 pm
txn_1IXyygJm8ehcCWGIrcLvZhTj - 8994163820106218 - March 23, 2021, 3:07 pm
txn_1IXfG6Jm8ehcCWGIOwQ3d1CL - 8994163820104214 - March 23, 2021, 3:07 pm
txn_1IXr5YJm8ehcCWGIypPPDlJe - 8994163820415211 - March 23, 2021, 3:07 pm
txn_1IXd6lJm8ehcCWGIDtJ6bB9v - 8994163820280215 - March 23, 2021, 3:07 pm
2021Influencer536 - 8994163820279219 - March 23, 2021, 3:07 pm
txn_1IXyvnJm8ehcCWGIA3hhGkxm - 8994163820273217 - March 23, 2021, 3:07 pm
2021Influencer550 - 8994163820095215 - March 23, 2021, 3:07 pm
txn_1IXqUiJm8ehcCWGI1RlFqPES - 8994163820097219 - March 23, 2021, 3:07 pm
txn_1IWWF2Jm8ehcCWGIKa6heFds - 8994163820413217 - March 23, 2021, 3:07 pm
txn_1IXd4tJm8ehcCWGIsWQ6SdP0 - 8994163820274214 - March 23, 2021, 3:07 pm
txn_1IXeX0Jm8ehcCWGIMZTMbkEc - 8994163820412210 - March 23, 2021, 3:07 pm
2021Influencer553 - 8994163820426217 - March 23, 2021, 3:07 pm
2021Influencer538 - 8994163820423216 - March 23, 2021, 3:07 pm
txn_1IXfoqJm8ehcCWGIb9XJR68E - 8994163820424213 - March 23, 2021, 3:07 pm
txn_1IXdC6Jm8ehcCWGIfiiU4Hy0 - 8994163820113216 - March 23, 2021, 3:07 pm
txn_1IXsDXJm8ehcCWGIkzNRTGJn - 8994163820283216 - March 23, 2021, 3:07 pm
2021Influencer552 - 8994163820421212 - March 23, 2021, 3:07 pm
txn_1IXziGJm8ehcCWGIWwmRmNFg - 8994163820111212 - March 23, 2021, 3:07 pm
txn_1IXfb1Jm8ehcCWGIt0HRwHfk - 8994163820419219 - March 23, 2021, 3:07 pm
2021Influencer537 - 8994163820282219 - March 23, 2021, 3:07 pm
txn_1IXd6wJm8ehcCWGI5xdn5K3k - 8994163820418212 - March 23, 2021, 3:07 pm
txn_1IXrtCJm8ehcCWGIFp2ZoYa0 - 8994163820110215 - March 23, 2021, 3:07 pm
2021Influencer551 - 8994163820105211 - March 23, 2021, 3:07 pm
txn_1IXyygJm8ehcCWGIrcLvZhTj - 8994163820106218 - March 23, 2021, 3:07 pm
txn_1IXfG6Jm8ehcCWGIOwQ3d1CL - 8994163820104214 - March 23, 2021, 3:07 pm
txn_1IXr5YJm8ehcCWGIypPPDlJe - 8994163820415211 - March 23, 2021, 3:07 pm
txn_1IXd6lJm8ehcCWGIDtJ6bB9v - 8994163820280215 - March 23, 2021, 3:07 pm
2021Influencer536 - 8994163820279219 - March 23, 2021, 3:07 pm
txn_1IXyvnJm8ehcCWGIA3hhGkxm - 8994163820273217 - March 23, 2021, 3:07 pm
2021Influencer550 - 8994163820095215 - March 23, 2021, 3:07 pm
txn_1IXqUiJm8ehcCWGI1RlFqPES - 8994163820097219 - March 23, 2021, 3:07 pm
txn_1IWWF2Jm8ehcCWGIKa6heFds - 8994163820413217 - March 23, 2021, 3:07 pm
txn_1IXd4tJm8ehcCWGIsWQ6SdP0 - 8994163820274214 - March 23, 2021, 3:07 pm
txn_1IXeX0Jm8ehcCWGIMZTMbkEc - 8994163820412210 - March 23, 2021, 3:07 pm
2021Influencer553 - 8994163820426217 - March 23, 2021, 3:07 pm
2021Influencer538 - 8994163820423216 - March 23, 2021, 3:07 pm
txn_1IXfoqJm8ehcCWGIb9XJR68E - 8994163820424213 - March 23, 2021, 3:07 pm
txn_1IXdC6Jm8ehcCWGIfiiU4Hy0 - 8994163820113216 - March 23, 2021, 3:07 pm
txn_1IXsDXJm8ehcCWGIkzNRTGJn - 8994163820283216 - March 23, 2021, 3:07 pm
2021Influencer552 - 8994163820421212 - March 23, 2021, 3:07 pm
txn_1IXziGJm8ehcCWGIWwmRmNFg - 8994163820111212 - March 23, 2021, 3:07 pm
txn_1IXfb1Jm8ehcCWGIt0HRwHfk - 8994163820419219 - March 23, 2021, 3:07 pm
2021Influencer537 - 8994163820282219 - March 23, 2021, 3:07 pm
txn_1IXd6wJm8ehcCWGI5xdn5K3k - 8994163820418212 - March 23, 2021, 3:07 pm
txn_1IXrtCJm8ehcCWGIFp2ZoYa0 - 8994163820110215 - March 23, 2021, 3:07 pm
2021Influencer551 - 8994163820105211 - March 23, 2021, 3:07 pm
txn_1IXyygJm8ehcCWGIrcLvZhTj - 8994163820106218 - March 23, 2021, 3:07 pm
txn_1IXfG6Jm8ehcCWGIOwQ3d1CL - 8994163820104214 - March 23, 2021, 3:07 pm
txn_1IXr5YJm8ehcCWGIypPPDlJe - 8994163820415211 - March 23, 2021, 3:07 pm
txn_1IXd6lJm8ehcCWGIDtJ6bB9v - 8994163820280215 - March 23, 2021, 3:07 pm
2021Influencer536 - 8994163820279219 - March 23, 2021, 3:07 pm
txn_1IXyvnJm8ehcCWGIA3hhGkxm - 8994163820273217 - March 23, 2021, 3:07 pm
2021Influencer550 - 8994163820095215 - March 23, 2021, 3:07 pm
txn_1IXqUiJm8ehcCWGI1RlFqPES - 8994163820097219 - March 23, 2021, 3:07 pm
txn_1IWWF2Jm8ehcCWGIKa6heFds - 8994163820413217 - March 23, 2021, 3:07 pm
txn_1IXd4tJm8ehcCWGIsWQ6SdP0 - 8994163820274214 - March 23, 2021, 3:07 pm
txn_1IXeX0Jm8ehcCWGIMZTMbkEc - 8994163820412210 - March 23, 2021, 3:07 pm
2021Influencer553 - 8994163820426217 - March 23, 2021, 3:08 pm
2021Influencer538 - 8994163820423216 - March 23, 2021, 3:08 pm
txn_1IXfoqJm8ehcCWGIb9XJR68E - 8994163820424213 - March 23, 2021, 3:08 pm
txn_1IXdC6Jm8ehcCWGIfiiU4Hy0 - 8994163820113216 - March 23, 2021, 3:08 pm
txn_1IXsDXJm8ehcCWGIkzNRTGJn - 8994163820283216 - March 23, 2021, 3:08 pm
2021Influencer552 - 8994163820421212 - March 23, 2021, 3:08 pm
txn_1IXziGJm8ehcCWGIWwmRmNFg - 8994163820111212 - March 23, 2021, 3:08 pm
txn_1IXfb1Jm8ehcCWGIt0HRwHfk - 8994163820419219 - March 23, 2021, 3:08 pm
2021Influencer537 - 8994163820282219 - March 23, 2021, 3:08 pm
txn_1IXd6wJm8ehcCWGI5xdn5K3k - 8994163820418212 - March 23, 2021, 3:08 pm
txn_1IXrtCJm8ehcCWGIFp2ZoYa0 - 8994163820110215 - March 23, 2021, 3:08 pm
2021Influencer551 - 8994163820105211 - March 23, 2021, 3:08 pm
txn_1IXyygJm8ehcCWGIrcLvZhTj - 8994163820106218 - March 23, 2021, 3:08 pm
txn_1IXfG6Jm8ehcCWGIOwQ3d1CL - 8994163820104214 - March 23, 2021, 3:08 pm
txn_1IXr5YJm8ehcCWGIypPPDlJe - 8994163820415211 - March 23, 2021, 3:08 pm
txn_1IXd6lJm8ehcCWGIDtJ6bB9v - 8994163820280215 - March 23, 2021, 3:08 pm
2021Influencer536 - 8994163820279219 - March 23, 2021, 3:08 pm
txn_1IXyvnJm8ehcCWGIA3hhGkxm - 8994163820273217 - March 23, 2021, 3:08 pm
2021Influencer550 - 8994163820095215 - March 23, 2021, 3:08 pm
txn_1IXqUiJm8ehcCWGI1RlFqPES - 8994163820097219 - March 23, 2021, 3:08 pm
txn_1IWWF2Jm8ehcCWGIKa6heFds - 8994163820413217 - March 23, 2021, 3:08 pm
txn_1IXd4tJm8ehcCWGIsWQ6SdP0 - 8994163820274214 - March 23, 2021, 3:08 pm
txn_1IXeX0Jm8ehcCWGIMZTMbkEc - 8994163820412210 - March 23, 2021, 3:08 pm
2021Influencer553 - 8994163820426217 - March 23, 2021, 3:08 pm
2021Influencer538 - 8994163820423216 - March 23, 2021, 3:08 pm
txn_1IXfoqJm8ehcCWGIb9XJR68E - 8994163820424213 - March 23, 2021, 3:08 pm
txn_1IXdC6Jm8ehcCWGIfiiU4Hy0 - 8994163820113216 - March 23, 2021, 3:08 pm
txn_1IXsDXJm8ehcCWGIkzNRTGJn - 8994163820283216 - March 23, 2021, 3:08 pm
2021Influencer552 - 8994163820421212 - March 23, 2021, 3:08 pm
txn_1IXziGJm8ehcCWGIWwmRmNFg - 8994163820111212 - March 23, 2021, 3:08 pm
txn_1IXfb1Jm8ehcCWGIt0HRwHfk - 8994163820419219 - March 23, 2021, 3:08 pm
2021Influencer537 - 8994163820282219 - March 23, 2021, 3:08 pm
txn_1IXd6wJm8ehcCWGI5xdn5K3k - 8994163820418212 - March 23, 2021, 3:08 pm
txn_1IXrtCJm8ehcCWGIFp2ZoYa0 - 8994163820110215 - March 23, 2021, 3:08 pm
2021Influencer551 - 8994163820105211 - March 23, 2021, 3:08 pm
txn_1IXyygJm8ehcCWGIrcLvZhTj - 8994163820106218 - March 23, 2021, 3:08 pm
txn_1IXfG6Jm8ehcCWGIOwQ3d1CL - 8994163820104214 - March 23, 2021, 3:08 pm
txn_1IXr5YJm8ehcCWGIypPPDlJe - 8994163820415211 - March 23, 2021, 3:08 pm
txn_1IXd6lJm8ehcCWGIDtJ6bB9v - 8994163820280215 - March 23, 2021, 3:08 pm
2021Influencer536 - 8994163820279219 - March 23, 2021, 3:08 pm
txn_1IXyvnJm8ehcCWGIA3hhGkxm - 8994163820273217 - March 23, 2021, 3:08 pm
2021Influencer550 - 8994163820095215 - March 23, 2021, 3:08 pm
txn_1IXqUiJm8ehcCWGI1RlFqPES - 8994163820097219 - March 23, 2021, 3:08 pm
txn_1IWWF2Jm8ehcCWGIKa6heFds - 8994163820413217 - March 23, 2021, 3:08 pm
txn_1IXd4tJm8ehcCWGIsWQ6SdP0 - 8994163820274214 - March 23, 2021, 3:08 pm
txn_1IXeX0Jm8ehcCWGIMZTMbkEc - 8994163820412210 - March 23, 2021, 3:08 pm
txn_1IXuAZJm8ehcCWGIZMoLXPGa - 8994163820310219 - March 23, 2021, 3:08 pm
2021Influencer542 - 8994163820149215 - March 23, 2021, 3:08 pm
txn_1IXhDNJm8ehcCWGIh5KFfQlm - 8994163820309213 - March 23, 2021, 3:08 pm
txn_1ISlxAJm8ehcCWGI34UyZaFD_X - 8994163820453213 - March 23, 2021, 3:08 pm
txn_1IXtoSJm8ehcCWGI5D8kXoJ3 - 8994163820308216 - March 23, 2021, 3:08 pm
txn_1IXeJAJm8ehcCWGIp0h3iTJG - 8994163820144210 - March 23, 2021, 3:08 pm
2021Influencer560 - 8994163820307219 - March 23, 2021, 3:08 pm
2021Influencer541 - 8994163820143213 - March 23, 2021, 3:08 pm
txn_1IXtm4Jm8ehcCWGIMmR6mDSD - 8994163820142216 - March 23, 2021, 3:08 pm
txn_1IXeCyJm8ehcCWGIurv1xxP5 - 8994163820448219 - March 23, 2021, 3:08 pm
2021Influencer559 - 8994163820139216 - March 23, 2021, 3:08 pm
2021Influencer540 - 8994163820137212 - March 23, 2021, 3:08 pm
txn_1IXtFiJm8ehcCWGI3QQc97ge - 8994163820442217 - March 23, 2021, 3:08 pm
txn_1IXdzTJm8ehcCWGIVfkjU6N8 - 8994163820134211 - March 23, 2021, 3:08 pm
2021Influencer558 - 8994163820443214 - March 23, 2021, 3:08 pm
2021Influencer539 - 8994163820135218 - March 23, 2021, 3:08 pm
txn_1IY27VJm8ehcCWGIpY8ZjReB - 8994163820454210 - March 23, 2021, 3:08 pm
txn_1IY13fJm8ehcCWGIefaAwWOu - 8994163820451219 - March 23, 2021, 3:08 pm
txn_1IY12zJm8ehcCWGIRKQV6jbF - 8994163820141219 - March 23, 2021, 3:08 pm
txn_1IY0xDJm8ehcCWGIVc7szO91 - 8994163820441210 - March 23, 2021, 3:08 pm
2021Influencer553 - 8994163820426217 - March 23, 2021, 3:12 pm
2021Influencer538 - 8994163820423216 - March 23, 2021, 3:12 pm
txn_1IXfoqJm8ehcCWGIb9XJR68E - 8994163820424213 - March 23, 2021, 3:12 pm
txn_1IXdC6Jm8ehcCWGIfiiU4Hy0 - 8994163820113216 - March 23, 2021, 3:12 pm
txn_1IXsDXJm8ehcCWGIkzNRTGJn - 8994163820283216 - March 23, 2021, 3:12 pm
2021Influencer552 - 8994163820421212 - March 23, 2021, 3:12 pm
txn_1IXziGJm8ehcCWGIWwmRmNFg - 8994163820111212 - March 23, 2021, 3:12 pm
txn_1IXfb1Jm8ehcCWGIt0HRwHfk - 8994163820419219 - March 23, 2021, 3:12 pm
2021Influencer537 - 8994163820282219 - March 23, 2021, 3:12 pm
txn_1IXd6wJm8ehcCWGI5xdn5K3k - 8994163820418212 - March 23, 2021, 3:12 pm
txn_1IXrtCJm8ehcCWGIFp2ZoYa0 - 8994163820110215 - March 23, 2021, 3:12 pm
2021Influencer551 - 8994163820105211 - March 23, 2021, 3:12 pm
txn_1IXyygJm8ehcCWGIrcLvZhTj - 8994163820106218 - March 23, 2021, 3:12 pm
txn_1IXfG6Jm8ehcCWGIOwQ3d1CL - 8994163820104214 - March 23, 2021, 3:12 pm
txn_1IXr5YJm8ehcCWGIypPPDlJe - 8994163820415211 - March 23, 2021, 3:12 pm
txn_1IXd6lJm8ehcCWGIDtJ6bB9v - 8994163820280215 - March 23, 2021, 3:12 pm
2021Influencer536 - 8994163820279219 - March 23, 2021, 3:12 pm
txn_1IXyvnJm8ehcCWGIA3hhGkxm - 8994163820273217 - March 23, 2021, 3:12 pm
2021Influencer550 - 8994163820095215 - March 23, 2021, 3:12 pm
txn_1IXqUiJm8ehcCWGI1RlFqPES - 8994163820097219 - March 23, 2021, 3:12 pm
txn_1IWWF2Jm8ehcCWGIKa6heFds - 8994163820413217 - March 23, 2021, 3:12 pm
txn_1IXd4tJm8ehcCWGIsWQ6SdP0 - 8994163820274214 - March 23, 2021, 3:12 pm
txn_1IXeX0Jm8ehcCWGIMZTMbkEc - 8994163820412210 - March 23, 2021, 3:12 pm
txn_1IXuAZJm8ehcCWGIZMoLXPGa - 8994163820310219 - March 23, 2021, 3:12 pm
2021Influencer542 - 8994163820149215 - March 23, 2021, 3:12 pm
txn_1IXhDNJm8ehcCWGIh5KFfQlm - 8994163820309213 - March 23, 2021, 3:12 pm
txn_1ISlxAJm8ehcCWGI34UyZaFD_X - 8994163820453213 - March 23, 2021, 3:12 pm
txn_1IXtoSJm8ehcCWGI5D8kXoJ3 - 8994163820308216 - March 23, 2021, 3:12 pm
txn_1IXeJAJm8ehcCWGIp0h3iTJG - 8994163820144210 - March 23, 2021, 3:12 pm
2021Influencer560 - 8994163820307219 - March 23, 2021, 3:12 pm
2021Influencer541 - 8994163820143213 - March 23, 2021, 3:12 pm
txn_1IXtm4Jm8ehcCWGIMmR6mDSD - 8994163820142216 - March 23, 2021, 3:12 pm
txn_1IXeCyJm8ehcCWGIurv1xxP5 - 8994163820448219 - March 23, 2021, 3:12 pm
2021Influencer559 - 8994163820139216 - March 23, 2021, 3:12 pm
2021Influencer540 - 8994163820137212 - March 23, 2021, 3:12 pm
txn_1IXtFiJm8ehcCWGI3QQc97ge - 8994163820442217 - March 23, 2021, 3:12 pm
txn_1IXdzTJm8ehcCWGIVfkjU6N8 - 8994163820134211 - March 23, 2021, 3:12 pm
2021Influencer558 - 8994163820443214 - March 23, 2021, 3:12 pm
2021Influencer539 - 8994163820135218 - March 23, 2021, 3:12 pm
txn_1IY27VJm8ehcCWGIpY8ZjReB - 8994163820454210 - March 23, 2021, 3:12 pm
txn_1IY13fJm8ehcCWGIefaAwWOu - 8994163820451219 - March 23, 2021, 3:12 pm
txn_1IY12zJm8ehcCWGIRKQV6jbF - 8994163820141219 - March 23, 2021, 3:12 pm
txn_1IY0xDJm8ehcCWGIVc7szO91 - 8994163820441210 - March 23, 2021, 3:12 pm
2021Influencer543 - 8994163820530211 - March 23, 2021, 3:12 pm
txn_1IXwvaJm8ehcCWGInqhGZM9i - 8994163820831219 - March 23, 2021, 3:12 pm
txn_1IXdv3Jm8ehcCWGIfy7lERWw - 8994163820540210 - March 23, 2021, 3:12 pm
2021Influencer548 - 8994163820830212 - March 23, 2021, 3:12 pm
txn_1IXddhJm8ehcCWGIER2VS4QQ - 8994163820827212 - March 23, 2021, 3:12 pm
txn_1IXuhfJm8ehcCWGICjio9sve - 8994163820702212 - March 23, 2021, 3:12 pm
2021Influencer547 - 8994163820703219 - March 23, 2021, 3:12 pm
txn_1IXdURJm8ehcCWGIfyBj1b6n - 8994163820537210 - March 23, 2021, 3:12 pm
2021Influencer546 - 8994163820536213 - March 23, 2021, 3:12 pm
txn_1IXuDwJm8ehcCWGIlmbis0vV - 8994163820701215 - March 23, 2021, 3:12 pm
txn_1IXdRLJm8ehcCWGIXMfInREY - 8994163820699215 - March 23, 2021, 3:12 pm
2021Influencer545 - 8994163820823214 - March 23, 2021, 3:12 pm
txn_1IXsqJJm8ehcCWGIkaukyKdG - 8994163820535216 - March 23, 2021, 3:12 pm
txn_1IYEHyJm8ehcCWGIV5tNZYtd - 8994163820822217 - March 23, 2021, 3:12 pm
txn_1IXdIhJm8ehcCWGIw7JL5NoU - 8994163820819217 - March 23, 2021, 3:12 pm
txn_1IXqMaJm8ehcCWGIiZ1I4XVr - 8994163820818210 - March 23, 2021, 3:12 pm
2021Influencer544 - 8994163820817213 - March 23, 2021, 3:12 pm
txn_1IYEDfJm8ehcCWGIHOIV8usJ - 8994163820695217 - March 23, 2021, 3:12 pm
txn_1IXdGYJm8ehcCWGIhvP3TbZe - 8994163820690212 - March 23, 2021, 3:12 pm
txn_1IXqItJm8ehcCWGIwnSsbfSR - 8994163820812218 - March 23, 2021, 3:12 pm
txn_1IYChfJm8ehcCWGIAGaXu7wh - 8994163820811211 - March 23, 2021, 3:12 pm
txn_1IXpZGJm8ehcCWGIAxLdlcqW -  - March 23, 2021, 3:12 pm
2021Influencer549 -  - March 23, 2021, 3:12 pm
2021Influencer553 - 8994163820426217 - March 23, 2021, 3:13 pm
2021Influencer538 - 8994163820423216 - March 23, 2021, 3:13 pm
txn_1IXfoqJm8ehcCWGIb9XJR68E - 8994163820424213 - March 23, 2021, 3:13 pm
txn_1IXdC6Jm8ehcCWGIfiiU4Hy0 - 8994163820113216 - March 23, 2021, 3:13 pm
txn_1IXsDXJm8ehcCWGIkzNRTGJn - 8994163820283216 - March 23, 2021, 3:13 pm
2021Influencer552 - 8994163820421212 - March 23, 2021, 3:13 pm
txn_1IXziGJm8ehcCWGIWwmRmNFg - 8994163820111212 - March 23, 2021, 3:13 pm
txn_1IXfb1Jm8ehcCWGIt0HRwHfk - 8994163820419219 - March 23, 2021, 3:13 pm
2021Influencer537 - 8994163820282219 - March 23, 2021, 3:13 pm
txn_1IXd6wJm8ehcCWGI5xdn5K3k - 8994163820418212 - March 23, 2021, 3:13 pm
txn_1IXrtCJm8ehcCWGIFp2ZoYa0 - 8994163820110215 - March 23, 2021, 3:13 pm
2021Influencer551 - 8994163820105211 - March 23, 2021, 3:13 pm
txn_1IXyygJm8ehcCWGIrcLvZhTj - 8994163820106218 - March 23, 2021, 3:13 pm
txn_1IXfG6Jm8ehcCWGIOwQ3d1CL - 8994163820104214 - March 23, 2021, 3:13 pm
txn_1IXr5YJm8ehcCWGIypPPDlJe - 8994163820415211 - March 23, 2021, 3:13 pm
txn_1IXd6lJm8ehcCWGIDtJ6bB9v - 8994163820280215 - March 23, 2021, 3:13 pm
2021Influencer536 - 8994163820279219 - March 23, 2021, 3:13 pm
txn_1IXyvnJm8ehcCWGIA3hhGkxm - 8994163820273217 - March 23, 2021, 3:13 pm
2021Influencer550 - 8994163820095215 - March 23, 2021, 3:13 pm
txn_1IXqUiJm8ehcCWGI1RlFqPES - 8994163820097219 - March 23, 2021, 3:13 pm
txn_1IWWF2Jm8ehcCWGIKa6heFds - 8994163820413217 - March 23, 2021, 3:13 pm
txn_1IXd4tJm8ehcCWGIsWQ6SdP0 - 8994163820274214 - March 23, 2021, 3:13 pm
txn_1IXeX0Jm8ehcCWGIMZTMbkEc - 8994163820412210 - March 23, 2021, 3:13 pm
txn_1IXuAZJm8ehcCWGIZMoLXPGa - 8994163820310219 - March 23, 2021, 3:13 pm
2021Influencer542 - 8994163820149215 - March 23, 2021, 3:13 pm
txn_1IXhDNJm8ehcCWGIh5KFfQlm - 8994163820309213 - March 23, 2021, 3:13 pm
txn_1ISlxAJm8ehcCWGI34UyZaFD_X - 8994163820453213 - March 23, 2021, 3:13 pm
txn_1IXtoSJm8ehcCWGI5D8kXoJ3 - 8994163820308216 - March 23, 2021, 3:13 pm
txn_1IXeJAJm8ehcCWGIp0h3iTJG - 8994163820144210 - March 23, 2021, 3:13 pm
2021Influencer560 - 8994163820307219 - March 23, 2021, 3:13 pm
2021Influencer541 - 8994163820143213 - March 23, 2021, 3:13 pm
txn_1IXtm4Jm8ehcCWGIMmR6mDSD - 8994163820142216 - March 23, 2021, 3:13 pm
txn_1IXeCyJm8ehcCWGIurv1xxP5 - 8994163820448219 - March 23, 2021, 3:13 pm
2021Influencer559 - 8994163820139216 - March 23, 2021, 3:13 pm
2021Influencer540 - 8994163820137212 - March 23, 2021, 3:13 pm
txn_1IXtFiJm8ehcCWGI3QQc97ge - 8994163820442217 - March 23, 2021, 3:13 pm
txn_1IXdzTJm8ehcCWGIVfkjU6N8 - 8994163820134211 - March 23, 2021, 3:13 pm
2021Influencer558 - 8994163820443214 - March 23, 2021, 3:13 pm
2021Influencer539 - 8994163820135218 - March 23, 2021, 3:13 pm
txn_1IY27VJm8ehcCWGIpY8ZjReB - 8994163820454210 - March 23, 2021, 3:13 pm
txn_1IY13fJm8ehcCWGIefaAwWOu - 8994163820451219 - March 23, 2021, 3:13 pm
txn_1IY12zJm8ehcCWGIRKQV6jbF - 8994163820141219 - March 23, 2021, 3:13 pm
txn_1IY0xDJm8ehcCWGIVc7szO91 - 8994163820441210 - March 23, 2021, 3:13 pm
2021Influencer543 - 8994163820530211 - March 23, 2021, 3:13 pm
txn_1IXwvaJm8ehcCWGInqhGZM9i - 8994163820831219 - March 23, 2021, 3:13 pm
txn_1IXdv3Jm8ehcCWGIfy7lERWw - 8994163820540210 - March 23, 2021, 3:13 pm
2021Influencer548 - 8994163820830212 - March 23, 2021, 3:13 pm
txn_1IXddhJm8ehcCWGIER2VS4QQ - 8994163820827212 - March 23, 2021, 3:13 pm
txn_1IXuhfJm8ehcCWGICjio9sve - 8994163820702212 - March 23, 2021, 3:13 pm
2021Influencer547 - 8994163820703219 - March 23, 2021, 3:13 pm
txn_1IXdURJm8ehcCWGIfyBj1b6n - 8994163820537210 - March 23, 2021, 3:13 pm
2021Influencer546 - 8994163820536213 - March 23, 2021, 3:13 pm
txn_1IXuDwJm8ehcCWGIlmbis0vV - 8994163820701215 - March 23, 2021, 3:13 pm
txn_1IXdRLJm8ehcCWGIXMfInREY - 8994163820699215 - March 23, 2021, 3:13 pm
2021Influencer545 - 8994163820823214 - March 23, 2021, 3:13 pm
txn_1IXsqJJm8ehcCWGIkaukyKdG - 8994163820535216 - March 23, 2021, 3:13 pm
txn_1IYEHyJm8ehcCWGIV5tNZYtd - 8994163820822217 - March 23, 2021, 3:13 pm
txn_1IXdIhJm8ehcCWGIw7JL5NoU - 8994163820819217 - March 23, 2021, 3:13 pm
txn_1IXqMaJm8ehcCWGIiZ1I4XVr - 8994163820818210 - March 23, 2021, 3:13 pm
2021Influencer544 - 8994163820817213 - March 23, 2021, 3:13 pm
txn_1IYEDfJm8ehcCWGIHOIV8usJ - 8994163820695217 - March 23, 2021, 3:13 pm
txn_1IXdGYJm8ehcCWGIhvP3TbZe - 8994163820690212 - March 23, 2021, 3:13 pm
txn_1IXqItJm8ehcCWGIwnSsbfSR - 8994163820812218 - March 23, 2021, 3:13 pm
txn_1IYChfJm8ehcCWGIAGaXu7wh - 8994163820811211 - March 23, 2021, 3:13 pm
2021Influencer553 - 8994163820426217 - March 23, 2021, 3:13 pm
2021Influencer538 - 8994163820423216 - March 23, 2021, 3:13 pm
txn_1IXfoqJm8ehcCWGIb9XJR68E - 8994163820424213 - March 23, 2021, 3:13 pm
txn_1IXdC6Jm8ehcCWGIfiiU4Hy0 - 8994163820113216 - March 23, 2021, 3:13 pm
txn_1IXsDXJm8ehcCWGIkzNRTGJn - 8994163820283216 - March 23, 2021, 3:13 pm
2021Influencer552 - 8994163820421212 - March 23, 2021, 3:13 pm
txn_1IXziGJm8ehcCWGIWwmRmNFg - 8994163820111212 - March 23, 2021, 3:13 pm
txn_1IXfb1Jm8ehcCWGIt0HRwHfk - 8994163820419219 - March 23, 2021, 3:13 pm
2021Influencer537 - 8994163820282219 - March 23, 2021, 3:13 pm
txn_1IXd6wJm8ehcCWGI5xdn5K3k - 8994163820418212 - March 23, 2021, 3:13 pm
txn_1IXrtCJm8ehcCWGIFp2ZoYa0 - 8994163820110215 - March 23, 2021, 3:13 pm
2021Influencer551 - 8994163820105211 - March 23, 2021, 3:13 pm
txn_1IXyygJm8ehcCWGIrcLvZhTj - 8994163820106218 - March 23, 2021, 3:13 pm
txn_1IXfG6Jm8ehcCWGIOwQ3d1CL - 8994163820104214 - March 23, 2021, 3:13 pm
txn_1IXr5YJm8ehcCWGIypPPDlJe - 8994163820415211 - March 23, 2021, 3:13 pm
txn_1IXd6lJm8ehcCWGIDtJ6bB9v - 8994163820280215 - March 23, 2021, 3:13 pm
2021Influencer536 - 8994163820279219 - March 23, 2021, 3:13 pm
txn_1IXyvnJm8ehcCWGIA3hhGkxm - 8994163820273217 - March 23, 2021, 3:13 pm
2021Influencer550 - 8994163820095215 - March 23, 2021, 3:13 pm
txn_1IXqUiJm8ehcCWGI1RlFqPES - 8994163820097219 - March 23, 2021, 3:13 pm
txn_1IWWF2Jm8ehcCWGIKa6heFds - 8994163820413217 - March 23, 2021, 3:13 pm
txn_1IXd4tJm8ehcCWGIsWQ6SdP0 - 8994163820274214 - March 23, 2021, 3:13 pm
txn_1IXeX0Jm8ehcCWGIMZTMbkEc - 8994163820412210 - March 23, 2021, 3:13 pm
txn_1IXuAZJm8ehcCWGIZMoLXPGa - 8994163820310219 - March 23, 2021, 3:13 pm
2021Influencer542 - 8994163820149215 - March 23, 2021, 3:13 pm
txn_1IXhDNJm8ehcCWGIh5KFfQlm - 8994163820309213 - March 23, 2021, 3:13 pm
txn_1ISlxAJm8ehcCWGI34UyZaFD_X - 8994163820453213 - March 23, 2021, 3:13 pm
txn_1IXtoSJm8ehcCWGI5D8kXoJ3 - 8994163820308216 - March 23, 2021, 3:13 pm
txn_1IXeJAJm8ehcCWGIp0h3iTJG - 8994163820144210 - March 23, 2021, 3:13 pm
2021Influencer560 - 8994163820307219 - March 23, 2021, 3:13 pm
2021Influencer541 - 8994163820143213 - March 23, 2021, 3:13 pm
txn_1IXtm4Jm8ehcCWGIMmR6mDSD - 8994163820142216 - March 23, 2021, 3:13 pm
txn_1IXeCyJm8ehcCWGIurv1xxP5 - 8994163820448219 - March 23, 2021, 3:13 pm
2021Influencer559 - 8994163820139216 - March 23, 2021, 3:13 pm
2021Influencer540 - 8994163820137212 - March 23, 2021, 3:13 pm
txn_1IXtFiJm8ehcCWGI3QQc97ge - 8994163820442217 - March 23, 2021, 3:13 pm
txn_1IXdzTJm8ehcCWGIVfkjU6N8 - 8994163820134211 - March 23, 2021, 3:13 pm
2021Influencer558 - 8994163820443214 - March 23, 2021, 3:13 pm
2021Influencer539 - 8994163820135218 - March 23, 2021, 3:13 pm
txn_1IY27VJm8ehcCWGIpY8ZjReB - 8994163820454210 - March 23, 2021, 3:13 pm
txn_1IY13fJm8ehcCWGIefaAwWOu - 8994163820451219 - March 23, 2021, 3:13 pm
txn_1IY12zJm8ehcCWGIRKQV6jbF - 8994163820141219 - March 23, 2021, 3:13 pm
txn_1IY0xDJm8ehcCWGIVc7szO91 - 8994163820441210 - March 23, 2021, 3:13 pm
2021Influencer543 - 8994163820530211 - March 23, 2021, 3:13 pm
txn_1IXwvaJm8ehcCWGInqhGZM9i - 8994163820831219 - March 23, 2021, 3:13 pm
txn_1IXdv3Jm8ehcCWGIfy7lERWw - 8994163820540210 - March 23, 2021, 3:13 pm
2021Influencer548 - 8994163820830212 - March 23, 2021, 3:13 pm
txn_1IXddhJm8ehcCWGIER2VS4QQ - 8994163820827212 - March 23, 2021, 3:13 pm
txn_1IXuhfJm8ehcCWGICjio9sve - 8994163820702212 - March 23, 2021, 3:13 pm
2021Influencer547 - 8994163820703219 - March 23, 2021, 3:13 pm
txn_1IXdURJm8ehcCWGIfyBj1b6n - 8994163820537210 - March 23, 2021, 3:13 pm
2021Influencer546 - 8994163820536213 - March 23, 2021, 3:13 pm
txn_1IXuDwJm8ehcCWGIlmbis0vV - 8994163820701215 - March 23, 2021, 3:13 pm
txn_1IXdRLJm8ehcCWGIXMfInREY - 8994163820699215 - March 23, 2021, 3:13 pm
2021Influencer545 - 8994163820823214 - March 23, 2021, 3:13 pm
txn_1IXsqJJm8ehcCWGIkaukyKdG - 8994163820535216 - March 23, 2021, 3:13 pm
txn_1IYEHyJm8ehcCWGIV5tNZYtd - 8994163820822217 - March 23, 2021, 3:13 pm
txn_1IXdIhJm8ehcCWGIw7JL5NoU - 8994163820819217 - March 23, 2021, 3:13 pm
txn_1IXqMaJm8ehcCWGIiZ1I4XVr - 8994163820818210 - March 23, 2021, 3:13 pm
2021Influencer544 - 8994163820817213 - March 23, 2021, 3:13 pm
txn_1IYEDfJm8ehcCWGIHOIV8usJ - 8994163820695217 - March 23, 2021, 3:13 pm
txn_1IXdGYJm8ehcCWGIhvP3TbZe - 8994163820690212 - March 23, 2021, 3:13 pm
txn_1IXqItJm8ehcCWGIwnSsbfSR - 8994163820812218 - March 23, 2021, 3:13 pm
txn_1IYChfJm8ehcCWGIAGaXu7wh - 8994163820811211 - March 23, 2021, 3:13 pm
2021Influencer553 - 8994163820426217 - March 23, 2021, 3:13 pm
2021Influencer538 - 8994163820423216 - March 23, 2021, 3:13 pm
txn_1IXfoqJm8ehcCWGIb9XJR68E - 8994163820424213 - March 23, 2021, 3:13 pm
txn_1IXdC6Jm8ehcCWGIfiiU4Hy0 - 8994163820113216 - March 23, 2021, 3:13 pm
txn_1IXsDXJm8ehcCWGIkzNRTGJn - 8994163820283216 - March 23, 2021, 3:13 pm
2021Influencer552 - 8994163820421212 - March 23, 2021, 3:13 pm
txn_1IXziGJm8ehcCWGIWwmRmNFg - 8994163820111212 - March 23, 2021, 3:13 pm
txn_1IXfb1Jm8ehcCWGIt0HRwHfk - 8994163820419219 - March 23, 2021, 3:13 pm
2021Influencer537 - 8994163820282219 - March 23, 2021, 3:13 pm
txn_1IXd6wJm8ehcCWGI5xdn5K3k - 8994163820418212 - March 23, 2021, 3:13 pm
txn_1IXrtCJm8ehcCWGIFp2ZoYa0 - 8994163820110215 - March 23, 2021, 3:13 pm
2021Influencer551 - 8994163820105211 - March 23, 2021, 3:13 pm
txn_1IXyygJm8ehcCWGIrcLvZhTj - 8994163820106218 - March 23, 2021, 3:13 pm
txn_1IXfG6Jm8ehcCWGIOwQ3d1CL - 8994163820104214 - March 23, 2021, 3:13 pm
txn_1IXr5YJm8ehcCWGIypPPDlJe - 8994163820415211 - March 23, 2021, 3:13 pm
txn_1IXd6lJm8ehcCWGIDtJ6bB9v - 8994163820280215 - March 23, 2021, 3:13 pm
2021Influencer536 - 8994163820279219 - March 23, 2021, 3:13 pm
txn_1IXyvnJm8ehcCWGIA3hhGkxm - 8994163820273217 - March 23, 2021, 3:13 pm
2021Influencer550 - 8994163820095215 - March 23, 2021, 3:13 pm
txn_1IXqUiJm8ehcCWGI1RlFqPES - 8994163820097219 - March 23, 2021, 3:13 pm
txn_1IWWF2Jm8ehcCWGIKa6heFds - 8994163820413217 - March 23, 2021, 3:13 pm
txn_1IXd4tJm8ehcCWGIsWQ6SdP0 - 8994163820274214 - March 23, 2021, 3:13 pm
txn_1IXeX0Jm8ehcCWGIMZTMbkEc - 8994163820412210 - March 23, 2021, 3:13 pm
txn_1IXuAZJm8ehcCWGIZMoLXPGa - 8994163820310219 - March 23, 2021, 3:13 pm
2021Influencer542 - 8994163820149215 - March 23, 2021, 3:13 pm
txn_1IXhDNJm8ehcCWGIh5KFfQlm - 8994163820309213 - March 23, 2021, 3:13 pm
txn_1ISlxAJm8ehcCWGI34UyZaFD_X - 8994163820453213 - March 23, 2021, 3:13 pm
txn_1IXtoSJm8ehcCWGI5D8kXoJ3 - 8994163820308216 - March 23, 2021, 3:13 pm
txn_1IXeJAJm8ehcCWGIp0h3iTJG - 8994163820144210 - March 23, 2021, 3:13 pm
2021Influencer560 - 8994163820307219 - March 23, 2021, 3:13 pm
2021Influencer541 - 8994163820143213 - March 23, 2021, 3:13 pm
txn_1IXtm4Jm8ehcCWGIMmR6mDSD - 8994163820142216 - March 23, 2021, 3:13 pm
txn_1IXeCyJm8ehcCWGIurv1xxP5 - 8994163820448219 - March 23, 2021, 3:13 pm
2021Influencer559 - 8994163820139216 - March 23, 2021, 3:13 pm
2021Influencer540 - 8994163820137212 - March 23, 2021, 3:13 pm
txn_1IXtFiJm8ehcCWGI3QQc97ge - 8994163820442217 - March 23, 2021, 3:13 pm
txn_1IXdzTJm8ehcCWGIVfkjU6N8 - 8994163820134211 - March 23, 2021, 3:13 pm
2021Influencer558 - 8994163820443214 - March 23, 2021, 3:13 pm
2021Influencer539 - 8994163820135218 - March 23, 2021, 3:13 pm
txn_1IY27VJm8ehcCWGIpY8ZjReB - 8994163820454210 - March 23, 2021, 3:13 pm
txn_1IY13fJm8ehcCWGIefaAwWOu - 8994163820451219 - March 23, 2021, 3:13 pm
txn_1IY12zJm8ehcCWGIRKQV6jbF - 8994163820141219 - March 23, 2021, 3:13 pm
txn_1IY0xDJm8ehcCWGIVc7szO91 - 8994163820441210 - March 23, 2021, 3:13 pm
2021Influencer543 - 8994163820530211 - March 23, 2021, 3:13 pm
txn_1IXwvaJm8ehcCWGInqhGZM9i - 8994163820831219 - March 23, 2021, 3:13 pm
txn_1IXdv3Jm8ehcCWGIfy7lERWw - 8994163820540210 - March 23, 2021, 3:13 pm
2021Influencer548 - 8994163820830212 - March 23, 2021, 3:13 pm
txn_1IXddhJm8ehcCWGIER2VS4QQ - 8994163820827212 - March 23, 2021, 3:13 pm
txn_1IXuhfJm8ehcCWGICjio9sve - 8994163820702212 - March 23, 2021, 3:13 pm
2021Influencer547 - 8994163820703219 - March 23, 2021, 3:13 pm
txn_1IXdURJm8ehcCWGIfyBj1b6n - 8994163820537210 - March 23, 2021, 3:13 pm
2021Influencer546 - 8994163820536213 - March 23, 2021, 3:13 pm
txn_1IXuDwJm8ehcCWGIlmbis0vV - 8994163820701215 - March 23, 2021, 3:13 pm
txn_1IXdRLJm8ehcCWGIXMfInREY - 8994163820699215 - March 23, 2021, 3:13 pm
2021Influencer545 - 8994163820823214 - March 23, 2021, 3:13 pm
txn_1IXsqJJm8ehcCWGIkaukyKdG - 8994163820535216 - March 23, 2021, 3:13 pm
txn_1IYEHyJm8ehcCWGIV5tNZYtd - 8994163820822217 - March 23, 2021, 3:13 pm
txn_1IXdIhJm8ehcCWGIw7JL5NoU - 8994163820819217 - March 23, 2021, 3:13 pm
txn_1IXqMaJm8ehcCWGIiZ1I4XVr - 8994163820818210 - March 23, 2021, 3:13 pm
2021Influencer544 - 8994163820817213 - March 23, 2021, 3:13 pm
txn_1IYEDfJm8ehcCWGIHOIV8usJ - 8994163820695217 - March 23, 2021, 3:13 pm
txn_1IXdGYJm8ehcCWGIhvP3TbZe - 8994163820690212 - March 23, 2021, 3:13 pm
txn_1IXqItJm8ehcCWGIwnSsbfSR - 8994163820812218 - March 23, 2021, 3:13 pm
txn_1IYChfJm8ehcCWGIAGaXu7wh - 8994163820811211 - March 23, 2021, 3:13 pm
2021Influencer553 - 8994163820426217 - March 23, 2021, 3:14 pm
2021Influencer538 - 8994163820423216 - March 23, 2021, 3:14 pm
txn_1IXfoqJm8ehcCWGIb9XJR68E - 8994163820424213 - March 23, 2021, 3:14 pm
txn_1IXdC6Jm8ehcCWGIfiiU4Hy0 - 8994163820113216 - March 23, 2021, 3:14 pm
txn_1IXsDXJm8ehcCWGIkzNRTGJn - 8994163820283216 - March 23, 2021, 3:14 pm
2021Influencer552 - 8994163820421212 - March 23, 2021, 3:14 pm
txn_1IXziGJm8ehcCWGIWwmRmNFg - 8994163820111212 - March 23, 2021, 3:14 pm
txn_1IXfb1Jm8ehcCWGIt0HRwHfk - 8994163820419219 - March 23, 2021, 3:14 pm
2021Influencer537 - 8994163820282219 - March 23, 2021, 3:14 pm
txn_1IXd6wJm8ehcCWGI5xdn5K3k - 8994163820418212 - March 23, 2021, 3:14 pm
txn_1IXrtCJm8ehcCWGIFp2ZoYa0 - 8994163820110215 - March 23, 2021, 3:14 pm
2021Influencer551 - 8994163820105211 - March 23, 2021, 3:14 pm
txn_1IXyygJm8ehcCWGIrcLvZhTj - 8994163820106218 - March 23, 2021, 3:14 pm
txn_1IXfG6Jm8ehcCWGIOwQ3d1CL - 8994163820104214 - March 23, 2021, 3:14 pm
txn_1IXr5YJm8ehcCWGIypPPDlJe - 8994163820415211 - March 23, 2021, 3:14 pm
txn_1IXd6lJm8ehcCWGIDtJ6bB9v - 8994163820280215 - March 23, 2021, 3:14 pm
2021Influencer536 - 8994163820279219 - March 23, 2021, 3:14 pm
txn_1IXyvnJm8ehcCWGIA3hhGkxm - 8994163820273217 - March 23, 2021, 3:14 pm
2021Influencer550 - 8994163820095215 - March 23, 2021, 3:14 pm
txn_1IXqUiJm8ehcCWGI1RlFqPES - 8994163820097219 - March 23, 2021, 3:14 pm
txn_1IWWF2Jm8ehcCWGIKa6heFds - 8994163820413217 - March 23, 2021, 3:14 pm
txn_1IXd4tJm8ehcCWGIsWQ6SdP0 - 8994163820274214 - March 23, 2021, 3:14 pm
txn_1IXeX0Jm8ehcCWGIMZTMbkEc - 8994163820412210 - March 23, 2021, 3:14 pm
txn_1IXuAZJm8ehcCWGIZMoLXPGa - 8994163820310219 - March 23, 2021, 3:14 pm
2021Influencer542 - 8994163820149215 - March 23, 2021, 3:14 pm
txn_1IXhDNJm8ehcCWGIh5KFfQlm - 8994163820309213 - March 23, 2021, 3:14 pm
txn_1ISlxAJm8ehcCWGI34UyZaFD_X - 8994163820453213 - March 23, 2021, 3:14 pm
txn_1IXtoSJm8ehcCWGI5D8kXoJ3 - 8994163820308216 - March 23, 2021, 3:14 pm
txn_1IXeJAJm8ehcCWGIp0h3iTJG - 8994163820144210 - March 23, 2021, 3:14 pm
2021Influencer560 - 8994163820307219 - March 23, 2021, 3:14 pm
2021Influencer541 - 8994163820143213 - March 23, 2021, 3:14 pm
txn_1IXtm4Jm8ehcCWGIMmR6mDSD - 8994163820142216 - March 23, 2021, 3:14 pm
txn_1IXeCyJm8ehcCWGIurv1xxP5 - 8994163820448219 - March 23, 2021, 3:14 pm
2021Influencer559 - 8994163820139216 - March 23, 2021, 3:14 pm
2021Influencer540 - 8994163820137212 - March 23, 2021, 3:14 pm
txn_1IXtFiJm8ehcCWGI3QQc97ge - 8994163820442217 - March 23, 2021, 3:14 pm
txn_1IXdzTJm8ehcCWGIVfkjU6N8 - 8994163820134211 - March 23, 2021, 3:14 pm
2021Influencer558 - 8994163820443214 - March 23, 2021, 3:14 pm
2021Influencer539 - 8994163820135218 - March 23, 2021, 3:14 pm
txn_1IY27VJm8ehcCWGIpY8ZjReB - 8994163820454210 - March 23, 2021, 3:14 pm
txn_1IY13fJm8ehcCWGIefaAwWOu - 8994163820451219 - March 23, 2021, 3:14 pm
txn_1IY12zJm8ehcCWGIRKQV6jbF - 8994163820141219 - March 23, 2021, 3:14 pm
txn_1IY0xDJm8ehcCWGIVc7szO91 - 8994163820441210 - March 23, 2021, 3:14 pm
2021Influencer543 - 8994163820530211 - March 23, 2021, 3:14 pm
txn_1IXwvaJm8ehcCWGInqhGZM9i - 8994163820831219 - March 23, 2021, 3:14 pm
txn_1IXdv3Jm8ehcCWGIfy7lERWw - 8994163820540210 - March 23, 2021, 3:14 pm
2021Influencer548 - 8994163820830212 - March 23, 2021, 3:14 pm
txn_1IXddhJm8ehcCWGIER2VS4QQ - 8994163820827212 - March 23, 2021, 3:14 pm
txn_1IXuhfJm8ehcCWGICjio9sve - 8994163820702212 - March 23, 2021, 3:14 pm
2021Influencer547 - 8994163820703219 - March 23, 2021, 3:14 pm
txn_1IXdURJm8ehcCWGIfyBj1b6n - 8994163820537210 - March 23, 2021, 3:14 pm
2021Influencer546 - 8994163820536213 - March 23, 2021, 3:14 pm
txn_1IXuDwJm8ehcCWGIlmbis0vV - 8994163820701215 - March 23, 2021, 3:14 pm
txn_1IXdRLJm8ehcCWGIXMfInREY - 8994163820699215 - March 23, 2021, 3:14 pm
2021Influencer545 - 8994163820823214 - March 23, 2021, 3:14 pm
txn_1IXsqJJm8ehcCWGIkaukyKdG - 8994163820535216 - March 23, 2021, 3:14 pm
txn_1IYEHyJm8ehcCWGIV5tNZYtd - 8994163820822217 - March 23, 2021, 3:14 pm
txn_1IXdIhJm8ehcCWGIw7JL5NoU - 8994163820819217 - March 23, 2021, 3:14 pm
txn_1IXqMaJm8ehcCWGIiZ1I4XVr - 8994163820818210 - March 23, 2021, 3:14 pm
2021Influencer544 - 8994163820817213 - March 23, 2021, 3:14 pm
txn_1IYEDfJm8ehcCWGIHOIV8usJ - 8994163820695217 - March 23, 2021, 3:14 pm
txn_1IXdGYJm8ehcCWGIhvP3TbZe - 8994163820690212 - March 23, 2021, 3:14 pm
txn_1IXqItJm8ehcCWGIwnSsbfSR - 8994163820812218 - March 23, 2021, 3:14 pm
txn_1IYChfJm8ehcCWGIAGaXu7wh - 8994163820811211 - March 23, 2021, 3:14 pm
txn_1IXdxzJm8ehcCWGIJAzOINWi - 8994163820573218 - March 23, 2021, 3:14 pm
txn_1IY0efJm8ehcCWGIjgCWaDCC - 8994163820571214 - March 23, 2021, 3:14 pm
txn_1IXdEMJm8ehcCWGIAvaFK3al - 8994163820890216 - March 23, 2021, 3:14 pm
txn_1IY0b3Jm8ehcCWGI7HWbCbwe - 8994163820570217 - March 23, 2021, 3:14 pm
txn_1IXd37Jm8ehcCWGI1PFmaQxh - 8994163820887216 - March 23, 2021, 3:14 pm
txn_1IY0TyJm8ehcCWGIkKJkmONK - 8994163820569211 - March 23, 2021, 3:14 pm
txn_1IXcrQJm8ehcCWGIFUFHVxT8 - 8994163820885212 - March 23, 2021, 3:14 pm
txn_1IY04UJm8ehcCWGIIiOAACq4 - 8994163820759216 - March 23, 2021, 3:14 pm
txn_1IXcggJm8ehcCWGInltfYJvr - 8994163820758219 - March 23, 2021, 3:14 pm
txn_1IXyc8Jm8ehcCWGIYeVKsQeF - 8994163820568214 - March 23, 2021, 3:14 pm
2021Influencer557 - 8994163820754211 - March 23, 2021, 3:14 pm
txn_1IXxpEJm8ehcCWGIPN0dOjxZ - 8994163820565213 - March 23, 2021, 3:14 pm
2021Influencer556 - 8994163820753214 - March 23, 2021, 3:14 pm
txn_1IXxTuJm8ehcCWGIguXhwg5c - 8994163820752217 - March 23, 2021, 3:14 pm
2021Influencer555 - 8994163820747213 - March 23, 2021, 3:14 pm
txn_1IXqEVJm8ehcCWGIvrXVvIcX - 8994163820877217 - March 23, 2021, 3:14 pm
2021Influencer554 - 8994163820558215 - March 23, 2021, 3:14 pm
txn_1IXq8RJm8ehcCWGImnhXicrF - 8994163820872212 - March 23, 2021, 3:14 pm
2021Influencer549 - 8994163820556211 - March 23, 2021, 3:14 pm
txn_1IXpZGJm8ehcCWGIAxLdlcqW - 8994163820871215 - March 23, 2021, 3:14 pm
txn_1IY3YKJm8ehcCWGI0g7olYXC -  - March 23, 2021, 3:14 pm
txn_1IY0g8Jm8ehcCWGIEkyFyXQ8 -  - March 23, 2021, 3:14 pm
txn_1IXp2BJm8ehcCWGIqKfbJ23M -  - March 23, 2021, 3:14 pm
txn_1IXoc3Jm8ehcCWGI0BGij180 -  - March 23, 2021, 3:14 pm
txn_1IXoUlJm8ehcCWGIBmnOldas -  - March 23, 2021, 3:14 pm
txn_1IXnecJm8ehcCWGISWJKwuuz -  - March 23, 2021, 3:14 pm
txn_1IXjsQJm8ehcCWGI7yz6zRiA -  - March 23, 2021, 3:14 pm
2021Influencer553 - 8994163820426217 - March 23, 2021, 3:14 pm
2021Influencer538 - 8994163820423216 - March 23, 2021, 3:14 pm
txn_1IXfoqJm8ehcCWGIb9XJR68E - 8994163820424213 - March 23, 2021, 3:14 pm
txn_1IXdC6Jm8ehcCWGIfiiU4Hy0 - 8994163820113216 - March 23, 2021, 3:14 pm
txn_1IXsDXJm8ehcCWGIkzNRTGJn - 8994163820283216 - March 23, 2021, 3:14 pm
2021Influencer552 - 8994163820421212 - March 23, 2021, 3:14 pm
txn_1IXziGJm8ehcCWGIWwmRmNFg - 8994163820111212 - March 23, 2021, 3:14 pm
txn_1IXfb1Jm8ehcCWGIt0HRwHfk - 8994163820419219 - March 23, 2021, 3:14 pm
2021Influencer537 - 8994163820282219 - March 23, 2021, 3:14 pm
txn_1IXd6wJm8ehcCWGI5xdn5K3k - 8994163820418212 - March 23, 2021, 3:14 pm
txn_1IXrtCJm8ehcCWGIFp2ZoYa0 - 8994163820110215 - March 23, 2021, 3:14 pm
2021Influencer551 - 8994163820105211 - March 23, 2021, 3:14 pm
txn_1IXyygJm8ehcCWGIrcLvZhTj - 8994163820106218 - March 23, 2021, 3:14 pm
txn_1IXfG6Jm8ehcCWGIOwQ3d1CL - 8994163820104214 - March 23, 2021, 3:14 pm
txn_1IXr5YJm8ehcCWGIypPPDlJe - 8994163820415211 - March 23, 2021, 3:14 pm
txn_1IXd6lJm8ehcCWGIDtJ6bB9v - 8994163820280215 - March 23, 2021, 3:14 pm
2021Influencer536 - 8994163820279219 - March 23, 2021, 3:14 pm
txn_1IXyvnJm8ehcCWGIA3hhGkxm - 8994163820273217 - March 23, 2021, 3:14 pm
2021Influencer550 - 8994163820095215 - March 23, 2021, 3:14 pm
txn_1IXqUiJm8ehcCWGI1RlFqPES - 8994163820097219 - March 23, 2021, 3:14 pm
txn_1IWWF2Jm8ehcCWGIKa6heFds - 8994163820413217 - March 23, 2021, 3:14 pm
txn_1IXd4tJm8ehcCWGIsWQ6SdP0 - 8994163820274214 - March 23, 2021, 3:14 pm
txn_1IXeX0Jm8ehcCWGIMZTMbkEc - 8994163820412210 - March 23, 2021, 3:14 pm
txn_1IXuAZJm8ehcCWGIZMoLXPGa - 8994163820310219 - March 23, 2021, 3:14 pm
2021Influencer542 - 8994163820149215 - March 23, 2021, 3:14 pm
txn_1IXhDNJm8ehcCWGIh5KFfQlm - 8994163820309213 - March 23, 2021, 3:14 pm
txn_1ISlxAJm8ehcCWGI34UyZaFD_X - 8994163820453213 - March 23, 2021, 3:14 pm
txn_1IXtoSJm8ehcCWGI5D8kXoJ3 - 8994163820308216 - March 23, 2021, 3:14 pm
txn_1IXeJAJm8ehcCWGIp0h3iTJG - 8994163820144210 - March 23, 2021, 3:14 pm
2021Influencer560 - 8994163820307219 - March 23, 2021, 3:14 pm
2021Influencer541 - 8994163820143213 - March 23, 2021, 3:14 pm
txn_1IXtm4Jm8ehcCWGIMmR6mDSD - 8994163820142216 - March 23, 2021, 3:14 pm
txn_1IXeCyJm8ehcCWGIurv1xxP5 - 8994163820448219 - March 23, 2021, 3:14 pm
2021Influencer559 - 8994163820139216 - March 23, 2021, 3:14 pm
2021Influencer540 - 8994163820137212 - March 23, 2021, 3:14 pm
txn_1IXtFiJm8ehcCWGI3QQc97ge - 8994163820442217 - March 23, 2021, 3:14 pm
txn_1IXdzTJm8ehcCWGIVfkjU6N8 - 8994163820134211 - March 23, 2021, 3:14 pm
2021Influencer558 - 8994163820443214 - March 23, 2021, 3:14 pm
2021Influencer539 - 8994163820135218 - March 23, 2021, 3:14 pm
txn_1IY27VJm8ehcCWGIpY8ZjReB - 8994163820454210 - March 23, 2021, 3:14 pm
txn_1IY13fJm8ehcCWGIefaAwWOu - 8994163820451219 - March 23, 2021, 3:14 pm
txn_1IY12zJm8ehcCWGIRKQV6jbF - 8994163820141219 - March 23, 2021, 3:14 pm
txn_1IY0xDJm8ehcCWGIVc7szO91 - 8994163820441210 - March 23, 2021, 3:14 pm
2021Influencer543 - 8994163820530211 - March 23, 2021, 3:14 pm
txn_1IXwvaJm8ehcCWGInqhGZM9i - 8994163820831219 - March 23, 2021, 3:14 pm
txn_1IXdv3Jm8ehcCWGIfy7lERWw - 8994163820540210 - March 23, 2021, 3:14 pm
2021Influencer548 - 8994163820830212 - March 23, 2021, 3:14 pm
txn_1IXddhJm8ehcCWGIER2VS4QQ - 8994163820827212 - March 23, 2021, 3:14 pm
txn_1IXuhfJm8ehcCWGICjio9sve - 8994163820702212 - March 23, 2021, 3:14 pm
2021Influencer547 - 8994163820703219 - March 23, 2021, 3:14 pm
txn_1IXdURJm8ehcCWGIfyBj1b6n - 8994163820537210 - March 23, 2021, 3:14 pm
2021Influencer546 - 8994163820536213 - March 23, 2021, 3:14 pm
txn_1IXuDwJm8ehcCWGIlmbis0vV - 8994163820701215 - March 23, 2021, 3:14 pm
txn_1IXdRLJm8ehcCWGIXMfInREY - 8994163820699215 - March 23, 2021, 3:14 pm
2021Influencer545 - 8994163820823214 - March 23, 2021, 3:14 pm
txn_1IXsqJJm8ehcCWGIkaukyKdG - 8994163820535216 - March 23, 2021, 3:14 pm
txn_1IYEHyJm8ehcCWGIV5tNZYtd - 8994163820822217 - March 23, 2021, 3:14 pm
txn_1IXdIhJm8ehcCWGIw7JL5NoU - 8994163820819217 - March 23, 2021, 3:14 pm
txn_1IXqMaJm8ehcCWGIiZ1I4XVr - 8994163820818210 - March 23, 2021, 3:14 pm
2021Influencer544 - 8994163820817213 - March 23, 2021, 3:14 pm
txn_1IYEDfJm8ehcCWGIHOIV8usJ - 8994163820695217 - March 23, 2021, 3:14 pm
txn_1IXdGYJm8ehcCWGIhvP3TbZe - 8994163820690212 - March 23, 2021, 3:14 pm
txn_1IXqItJm8ehcCWGIwnSsbfSR - 8994163820812218 - March 23, 2021, 3:14 pm
txn_1IYChfJm8ehcCWGIAGaXu7wh - 8994163820811211 - March 23, 2021, 3:14 pm
txn_1IXdxzJm8ehcCWGIJAzOINWi - 8994163820573218 - March 23, 2021, 3:14 pm
txn_1IY0efJm8ehcCWGIjgCWaDCC - 8994163820571214 - March 23, 2021, 3:14 pm
txn_1IXdEMJm8ehcCWGIAvaFK3al - 8994163820890216 - March 23, 2021, 3:14 pm
txn_1IY0b3Jm8ehcCWGI7HWbCbwe - 8994163820570217 - March 23, 2021, 3:14 pm
txn_1IXd37Jm8ehcCWGI1PFmaQxh - 8994163820887216 - March 23, 2021, 3:14 pm
txn_1IY0TyJm8ehcCWGIkKJkmONK - 8994163820569211 - March 23, 2021, 3:14 pm
txn_1IXcrQJm8ehcCWGIFUFHVxT8 - 8994163820885212 - March 23, 2021, 3:14 pm
txn_1IY04UJm8ehcCWGIIiOAACq4 - 8994163820759216 - March 23, 2021, 3:14 pm
txn_1IXcggJm8ehcCWGInltfYJvr - 8994163820758219 - March 23, 2021, 3:14 pm
txn_1IXyc8Jm8ehcCWGIYeVKsQeF - 8994163820568214 - March 23, 2021, 3:14 pm
2021Influencer557 - 8994163820754211 - March 23, 2021, 3:14 pm
txn_1IXxpEJm8ehcCWGIPN0dOjxZ - 8994163820565213 - March 23, 2021, 3:14 pm
2021Influencer556 - 8994163820753214 - March 23, 2021, 3:14 pm
txn_1IXxTuJm8ehcCWGIguXhwg5c - 8994163820752217 - March 23, 2021, 3:14 pm
2021Influencer555 - 8994163820747213 - March 23, 2021, 3:14 pm
txn_1IXqEVJm8ehcCWGIvrXVvIcX - 8994163820877217 - March 23, 2021, 3:14 pm
2021Influencer554 - 8994163820558215 - March 23, 2021, 3:14 pm
txn_1IXq8RJm8ehcCWGImnhXicrF - 8994163820872212 - March 23, 2021, 3:14 pm
2021Influencer549 - 8994163820556211 - March 23, 2021, 3:14 pm
txn_1IXpZGJm8ehcCWGIAxLdlcqW - 8994163820871215 - March 23, 2021, 3:14 pm
2021Influencer553 - 8994163820426217 - March 23, 2021, 3:14 pm
2021Influencer538 - 8994163820423216 - March 23, 2021, 3:14 pm
txn_1IXfoqJm8ehcCWGIb9XJR68E - 8994163820424213 - March 23, 2021, 3:14 pm
txn_1IXdC6Jm8ehcCWGIfiiU4Hy0 - 8994163820113216 - March 23, 2021, 3:14 pm
txn_1IXsDXJm8ehcCWGIkzNRTGJn - 8994163820283216 - March 23, 2021, 3:14 pm
2021Influencer552 - 8994163820421212 - March 23, 2021, 3:14 pm
txn_1IXziGJm8ehcCWGIWwmRmNFg - 8994163820111212 - March 23, 2021, 3:14 pm
txn_1IXfb1Jm8ehcCWGIt0HRwHfk - 8994163820419219 - March 23, 2021, 3:14 pm
2021Influencer537 - 8994163820282219 - March 23, 2021, 3:14 pm
txn_1IXd6wJm8ehcCWGI5xdn5K3k - 8994163820418212 - March 23, 2021, 3:14 pm
txn_1IXrtCJm8ehcCWGIFp2ZoYa0 - 8994163820110215 - March 23, 2021, 3:14 pm
2021Influencer551 - 8994163820105211 - March 23, 2021, 3:14 pm
txn_1IXyygJm8ehcCWGIrcLvZhTj - 8994163820106218 - March 23, 2021, 3:14 pm
txn_1IXfG6Jm8ehcCWGIOwQ3d1CL - 8994163820104214 - March 23, 2021, 3:14 pm
txn_1IXr5YJm8ehcCWGIypPPDlJe - 8994163820415211 - March 23, 2021, 3:14 pm
txn_1IXd6lJm8ehcCWGIDtJ6bB9v - 8994163820280215 - March 23, 2021, 3:14 pm
2021Influencer536 - 8994163820279219 - March 23, 2021, 3:14 pm
txn_1IXyvnJm8ehcCWGIA3hhGkxm - 8994163820273217 - March 23, 2021, 3:14 pm
2021Influencer550 - 8994163820095215 - March 23, 2021, 3:14 pm
txn_1IXqUiJm8ehcCWGI1RlFqPES - 8994163820097219 - March 23, 2021, 3:14 pm
txn_1IWWF2Jm8ehcCWGIKa6heFds - 8994163820413217 - March 23, 2021, 3:14 pm
txn_1IXd4tJm8ehcCWGIsWQ6SdP0 - 8994163820274214 - March 23, 2021, 3:14 pm
txn_1IXeX0Jm8ehcCWGIMZTMbkEc - 8994163820412210 - March 23, 2021, 3:14 pm
txn_1IXuAZJm8ehcCWGIZMoLXPGa - 8994163820310219 - March 23, 2021, 3:14 pm
2021Influencer542 - 8994163820149215 - March 23, 2021, 3:14 pm
txn_1IXhDNJm8ehcCWGIh5KFfQlm - 8994163820309213 - March 23, 2021, 3:14 pm
txn_1ISlxAJm8ehcCWGI34UyZaFD_X - 8994163820453213 - March 23, 2021, 3:14 pm
txn_1IXtoSJm8ehcCWGI5D8kXoJ3 - 8994163820308216 - March 23, 2021, 3:14 pm
txn_1IXeJAJm8ehcCWGIp0h3iTJG - 8994163820144210 - March 23, 2021, 3:14 pm
2021Influencer560 - 8994163820307219 - March 23, 2021, 3:14 pm
2021Influencer541 - 8994163820143213 - March 23, 2021, 3:14 pm
txn_1IXtm4Jm8ehcCWGIMmR6mDSD - 8994163820142216 - March 23, 2021, 3:14 pm
txn_1IXeCyJm8ehcCWGIurv1xxP5 - 8994163820448219 - March 23, 2021, 3:14 pm
2021Influencer559 - 8994163820139216 - March 23, 2021, 3:14 pm
2021Influencer540 - 8994163820137212 - March 23, 2021, 3:14 pm
txn_1IXtFiJm8ehcCWGI3QQc97ge - 8994163820442217 - March 23, 2021, 3:14 pm
txn_1IXdzTJm8ehcCWGIVfkjU6N8 - 8994163820134211 - March 23, 2021, 3:14 pm
2021Influencer558 - 8994163820443214 - March 23, 2021, 3:14 pm
2021Influencer539 - 8994163820135218 - March 23, 2021, 3:14 pm
txn_1IY27VJm8ehcCWGIpY8ZjReB - 8994163820454210 - March 23, 2021, 3:14 pm
txn_1IY13fJm8ehcCWGIefaAwWOu - 8994163820451219 - March 23, 2021, 3:14 pm
txn_1IY12zJm8ehcCWGIRKQV6jbF - 8994163820141219 - March 23, 2021, 3:14 pm
txn_1IY0xDJm8ehcCWGIVc7szO91 - 8994163820441210 - March 23, 2021, 3:14 pm
2021Influencer543 - 8994163820530211 - March 23, 2021, 3:14 pm
txn_1IXwvaJm8ehcCWGInqhGZM9i - 8994163820831219 - March 23, 2021, 3:14 pm
txn_1IXdv3Jm8ehcCWGIfy7lERWw - 8994163820540210 - March 23, 2021, 3:14 pm
2021Influencer548 - 8994163820830212 - March 23, 2021, 3:14 pm
txn_1IXddhJm8ehcCWGIER2VS4QQ - 8994163820827212 - March 23, 2021, 3:14 pm
txn_1IXuhfJm8ehcCWGICjio9sve - 8994163820702212 - March 23, 2021, 3:14 pm
2021Influencer547 - 8994163820703219 - March 23, 2021, 3:14 pm
txn_1IXdURJm8ehcCWGIfyBj1b6n - 8994163820537210 - March 23, 2021, 3:14 pm
2021Influencer546 - 8994163820536213 - March 23, 2021, 3:14 pm
txn_1IXuDwJm8ehcCWGIlmbis0vV - 8994163820701215 - March 23, 2021, 3:14 pm
txn_1IXdRLJm8ehcCWGIXMfInREY - 8994163820699215 - March 23, 2021, 3:14 pm
2021Influencer545 - 8994163820823214 - March 23, 2021, 3:14 pm
txn_1IXsqJJm8ehcCWGIkaukyKdG - 8994163820535216 - March 23, 2021, 3:14 pm
txn_1IYEHyJm8ehcCWGIV5tNZYtd - 8994163820822217 - March 23, 2021, 3:14 pm
txn_1IXdIhJm8ehcCWGIw7JL5NoU - 8994163820819217 - March 23, 2021, 3:14 pm
txn_1IXqMaJm8ehcCWGIiZ1I4XVr - 8994163820818210 - March 23, 2021, 3:14 pm
2021Influencer544 - 8994163820817213 - March 23, 2021, 3:14 pm
txn_1IYEDfJm8ehcCWGIHOIV8usJ - 8994163820695217 - March 23, 2021, 3:14 pm
txn_1IXdGYJm8ehcCWGIhvP3TbZe - 8994163820690212 - March 23, 2021, 3:14 pm
txn_1IXqItJm8ehcCWGIwnSsbfSR - 8994163820812218 - March 23, 2021, 3:14 pm
txn_1IYChfJm8ehcCWGIAGaXu7wh - 8994163820811211 - March 23, 2021, 3:14 pm
txn_1IXdxzJm8ehcCWGIJAzOINWi - 8994163820573218 - March 23, 2021, 3:14 pm
txn_1IY0efJm8ehcCWGIjgCWaDCC - 8994163820571214 - March 23, 2021, 3:14 pm
txn_1IXdEMJm8ehcCWGIAvaFK3al - 8994163820890216 - March 23, 2021, 3:14 pm
txn_1IY0b3Jm8ehcCWGI7HWbCbwe - 8994163820570217 - March 23, 2021, 3:14 pm
txn_1IXd37Jm8ehcCWGI1PFmaQxh - 8994163820887216 - March 23, 2021, 3:14 pm
txn_1IY0TyJm8ehcCWGIkKJkmONK - 8994163820569211 - March 23, 2021, 3:14 pm
txn_1IXcrQJm8ehcCWGIFUFHVxT8 - 8994163820885212 - March 23, 2021, 3:14 pm
txn_1IY04UJm8ehcCWGIIiOAACq4 - 8994163820759216 - March 23, 2021, 3:14 pm
txn_1IXcggJm8ehcCWGInltfYJvr - 8994163820758219 - March 23, 2021, 3:14 pm
txn_1IXyc8Jm8ehcCWGIYeVKsQeF - 8994163820568214 - March 23, 2021, 3:14 pm
2021Influencer557 - 8994163820754211 - March 23, 2021, 3:14 pm
txn_1IXxpEJm8ehcCWGIPN0dOjxZ - 8994163820565213 - March 23, 2021, 3:14 pm
2021Influencer556 - 8994163820753214 - March 23, 2021, 3:14 pm
txn_1IXxTuJm8ehcCWGIguXhwg5c - 8994163820752217 - March 23, 2021, 3:14 pm
2021Influencer555 - 8994163820747213 - March 23, 2021, 3:14 pm
txn_1IXqEVJm8ehcCWGIvrXVvIcX - 8994163820877217 - March 23, 2021, 3:14 pm
2021Influencer554 - 8994163820558215 - March 23, 2021, 3:14 pm
txn_1IXq8RJm8ehcCWGImnhXicrF - 8994163820872212 - March 23, 2021, 3:14 pm
2021Influencer549 - 8994163820556211 - March 23, 2021, 3:14 pm
txn_1IXpZGJm8ehcCWGIAxLdlcqW - 8994163820871215 - March 23, 2021, 3:14 pm
2021Influencer553 - 8994163820426217 - March 23, 2021, 3:15 pm
2021Influencer538 - 8994163820423216 - March 23, 2021, 3:15 pm
txn_1IXfoqJm8ehcCWGIb9XJR68E - 8994163820424213 - March 23, 2021, 3:15 pm
txn_1IXdC6Jm8ehcCWGIfiiU4Hy0 - 8994163820113216 - March 23, 2021, 3:15 pm
txn_1IXsDXJm8ehcCWGIkzNRTGJn - 8994163820283216 - March 23, 2021, 3:15 pm
2021Influencer552 - 8994163820421212 - March 23, 2021, 3:15 pm
txn_1IXziGJm8ehcCWGIWwmRmNFg - 8994163820111212 - March 23, 2021, 3:15 pm
txn_1IXfb1Jm8ehcCWGIt0HRwHfk - 8994163820419219 - March 23, 2021, 3:15 pm
2021Influencer537 - 8994163820282219 - March 23, 2021, 3:15 pm
txn_1IXd6wJm8ehcCWGI5xdn5K3k - 8994163820418212 - March 23, 2021, 3:15 pm
txn_1IXrtCJm8ehcCWGIFp2ZoYa0 - 8994163820110215 - March 23, 2021, 3:15 pm
2021Influencer551 - 8994163820105211 - March 23, 2021, 3:15 pm
txn_1IXyygJm8ehcCWGIrcLvZhTj - 8994163820106218 - March 23, 2021, 3:15 pm
txn_1IXfG6Jm8ehcCWGIOwQ3d1CL - 8994163820104214 - March 23, 2021, 3:15 pm
txn_1IXr5YJm8ehcCWGIypPPDlJe - 8994163820415211 - March 23, 2021, 3:15 pm
txn_1IXd6lJm8ehcCWGIDtJ6bB9v - 8994163820280215 - March 23, 2021, 3:15 pm
2021Influencer536 - 8994163820279219 - March 23, 2021, 3:15 pm
txn_1IXyvnJm8ehcCWGIA3hhGkxm - 8994163820273217 - March 23, 2021, 3:15 pm
2021Influencer550 - 8994163820095215 - March 23, 2021, 3:15 pm
txn_1IXqUiJm8ehcCWGI1RlFqPES - 8994163820097219 - March 23, 2021, 3:15 pm
txn_1IWWF2Jm8ehcCWGIKa6heFds - 8994163820413217 - March 23, 2021, 3:15 pm
txn_1IXd4tJm8ehcCWGIsWQ6SdP0 - 8994163820274214 - March 23, 2021, 3:15 pm
txn_1IXeX0Jm8ehcCWGIMZTMbkEc - 8994163820412210 - March 23, 2021, 3:15 pm
txn_1IXuAZJm8ehcCWGIZMoLXPGa - 8994163820310219 - March 23, 2021, 3:15 pm
2021Influencer542 - 8994163820149215 - March 23, 2021, 3:15 pm
txn_1IXhDNJm8ehcCWGIh5KFfQlm - 8994163820309213 - March 23, 2021, 3:15 pm
txn_1ISlxAJm8ehcCWGI34UyZaFD_X - 8994163820453213 - March 23, 2021, 3:15 pm
txn_1IXtoSJm8ehcCWGI5D8kXoJ3 - 8994163820308216 - March 23, 2021, 3:15 pm
txn_1IXeJAJm8ehcCWGIp0h3iTJG - 8994163820144210 - March 23, 2021, 3:15 pm
2021Influencer560 - 8994163820307219 - March 23, 2021, 3:15 pm
2021Influencer541 - 8994163820143213 - March 23, 2021, 3:15 pm
txn_1IXtm4Jm8ehcCWGIMmR6mDSD - 8994163820142216 - March 23, 2021, 3:15 pm
txn_1IXeCyJm8ehcCWGIurv1xxP5 - 8994163820448219 - March 23, 2021, 3:15 pm
2021Influencer559 - 8994163820139216 - March 23, 2021, 3:15 pm
2021Influencer540 - 8994163820137212 - March 23, 2021, 3:15 pm
txn_1IXtFiJm8ehcCWGI3QQc97ge - 8994163820442217 - March 23, 2021, 3:15 pm
txn_1IXdzTJm8ehcCWGIVfkjU6N8 - 8994163820134211 - March 23, 2021, 3:15 pm
2021Influencer558 - 8994163820443214 - March 23, 2021, 3:15 pm
2021Influencer539 - 8994163820135218 - March 23, 2021, 3:15 pm
txn_1IY27VJm8ehcCWGIpY8ZjReB - 8994163820454210 - March 23, 2021, 3:15 pm
txn_1IY13fJm8ehcCWGIefaAwWOu - 8994163820451219 - March 23, 2021, 3:15 pm
txn_1IY12zJm8ehcCWGIRKQV6jbF - 8994163820141219 - March 23, 2021, 3:15 pm
txn_1IY0xDJm8ehcCWGIVc7szO91 - 8994163820441210 - March 23, 2021, 3:15 pm
2021Influencer543 - 8994163820530211 - March 23, 2021, 3:15 pm
txn_1IXwvaJm8ehcCWGInqhGZM9i - 8994163820831219 - March 23, 2021, 3:15 pm
txn_1IXdv3Jm8ehcCWGIfy7lERWw - 8994163820540210 - March 23, 2021, 3:15 pm
2021Influencer548 - 8994163820830212 - March 23, 2021, 3:15 pm
txn_1IXddhJm8ehcCWGIER2VS4QQ - 8994163820827212 - March 23, 2021, 3:15 pm
txn_1IXuhfJm8ehcCWGICjio9sve - 8994163820702212 - March 23, 2021, 3:15 pm
2021Influencer547 - 8994163820703219 - March 23, 2021, 3:15 pm
txn_1IXdURJm8ehcCWGIfyBj1b6n - 8994163820537210 - March 23, 2021, 3:15 pm
2021Influencer546 - 8994163820536213 - March 23, 2021, 3:15 pm
txn_1IXuDwJm8ehcCWGIlmbis0vV - 8994163820701215 - March 23, 2021, 3:15 pm
txn_1IXdRLJm8ehcCWGIXMfInREY - 8994163820699215 - March 23, 2021, 3:15 pm
2021Influencer545 - 8994163820823214 - March 23, 2021, 3:15 pm
txn_1IXsqJJm8ehcCWGIkaukyKdG - 8994163820535216 - March 23, 2021, 3:15 pm
txn_1IYEHyJm8ehcCWGIV5tNZYtd - 8994163820822217 - March 23, 2021, 3:15 pm
txn_1IXdIhJm8ehcCWGIw7JL5NoU - 8994163820819217 - March 23, 2021, 3:15 pm
txn_1IXqMaJm8ehcCWGIiZ1I4XVr - 8994163820818210 - March 23, 2021, 3:15 pm
2021Influencer544 - 8994163820817213 - March 23, 2021, 3:15 pm
txn_1IYEDfJm8ehcCWGIHOIV8usJ - 8994163820695217 - March 23, 2021, 3:15 pm
txn_1IXdGYJm8ehcCWGIhvP3TbZe - 8994163820690212 - March 23, 2021, 3:15 pm
txn_1IXqItJm8ehcCWGIwnSsbfSR - 8994163820812218 - March 23, 2021, 3:15 pm
txn_1IYChfJm8ehcCWGIAGaXu7wh - 8994163820811211 - March 23, 2021, 3:15 pm
txn_1IXdxzJm8ehcCWGIJAzOINWi - 8994163820573218 - March 23, 2021, 3:15 pm
txn_1IY0efJm8ehcCWGIjgCWaDCC - 8994163820571214 - March 23, 2021, 3:15 pm
txn_1IXdEMJm8ehcCWGIAvaFK3al - 8994163820890216 - March 23, 2021, 3:15 pm
txn_1IY0b3Jm8ehcCWGI7HWbCbwe - 8994163820570217 - March 23, 2021, 3:15 pm
txn_1IXd37Jm8ehcCWGI1PFmaQxh - 8994163820887216 - March 23, 2021, 3:15 pm
txn_1IY0TyJm8ehcCWGIkKJkmONK - 8994163820569211 - March 23, 2021, 3:15 pm
txn_1IXcrQJm8ehcCWGIFUFHVxT8 - 8994163820885212 - March 23, 2021, 3:15 pm
txn_1IY04UJm8ehcCWGIIiOAACq4 - 8994163820759216 - March 23, 2021, 3:15 pm
txn_1IXcggJm8ehcCWGInltfYJvr - 8994163820758219 - March 23, 2021, 3:15 pm
txn_1IXyc8Jm8ehcCWGIYeVKsQeF - 8994163820568214 - March 23, 2021, 3:15 pm
2021Influencer557 - 8994163820754211 - March 23, 2021, 3:15 pm
txn_1IXxpEJm8ehcCWGIPN0dOjxZ - 8994163820565213 - March 23, 2021, 3:15 pm
2021Influencer556 - 8994163820753214 - March 23, 2021, 3:15 pm
txn_1IXxTuJm8ehcCWGIguXhwg5c - 8994163820752217 - March 23, 2021, 3:15 pm
2021Influencer555 - 8994163820747213 - March 23, 2021, 3:15 pm
txn_1IXqEVJm8ehcCWGIvrXVvIcX - 8994163820877217 - March 23, 2021, 3:15 pm
2021Influencer554 - 8994163820558215 - March 23, 2021, 3:15 pm
txn_1IXq8RJm8ehcCWGImnhXicrF - 8994163820872212 - March 23, 2021, 3:15 pm
2021Influencer549 - 8994163820556211 - March 23, 2021, 3:15 pm
txn_1IXpZGJm8ehcCWGIAxLdlcqW - 8994163820871215 - March 23, 2021, 3:15 pm
txn_1IY3YKJm8ehcCWGI0g7olYXC - 8994163820928216 - March 23, 2021, 3:15 pm
txn_1IY0g8Jm8ehcCWGIEkyFyXQ8 - 8994163820926212 - March 23, 2021, 3:15 pm
txn_1IXp2BJm8ehcCWGIqKfbJ23M - 8994163821006210 - March 23, 2021, 3:15 pm
txn_1IXoc3Jm8ehcCWGI0BGij180 - 8994163820779214 - March 23, 2021, 3:15 pm
txn_1IXoUlJm8ehcCWGIBmnOldas - 8994163820778217 - March 23, 2021, 3:15 pm
txn_1IXnecJm8ehcCWGISWJKwuuz - 8994163820914219 - March 23, 2021, 3:15 pm
txn_1IXjsQJm8ehcCWGI7yz6zRiA - 8994163820910211 - March 23, 2021, 3:15 pm
