txn_1IiVJzJm8ehcCWGINaedJEh3 - 8994163128404238 - April 22, 2021, 6:38 pm
txn_1IiqrCJm8ehcCWGIaoNK4iNR - 8994163128411236 - April 22, 2021, 6:38 pm
txn_1IiqVoJm8ehcCWGIUyQ0iFUe - 8994163128634239 - April 22, 2021, 6:38 pm
txn_1IiqAbJm8ehcCWGIKWfZQTON - 8994163128632235 - April 22, 2021, 6:38 pm
txn_1IikrTJm8ehcCWGItJJGYrN1 - 8994163128172236 - April 22, 2021, 6:38 pm
txn_1Iif6iJm8ehcCWGI0tpAH8Y5 - 8994163128629235 - April 22, 2021, 6:38 pm
txn_1IihteJm8ehcCWGIE72KPoX4 - 8994163128171239 - April 22, 2021, 6:38 pm
txn_1Iipw7Jm8ehcCWGIxiyOf61d - 8994163128627231 - April 22, 2021, 6:38 pm
txn_1IijpJJm8ehcCWGIExBKXMxj - 8994163128628238 - April 22, 2021, 6:38 pm
txn_1Iin7OJm8ehcCWGINkkRMoml - 8994163128626234 - April 22, 2021, 6:38 pm
txn_1IikQMJm8ehcCWGIzIXnm1jJ - 8994163128170232 - April 22, 2021, 6:38 pm
txn_1IiZ8pJm8ehcCWGIhfudkrkI - 8994163128625237 - April 22, 2021, 6:38 pm
txn_1IihsIJm8ehcCWGIHzSm9iR4 - 8994163128624230 - April 22, 2021, 6:38 pm
txn_1IijbqJm8ehcCWGIu3IcUmWF - 8994163128409233 - April 22, 2021, 6:38 pm
txn_1IipShJm8ehcCWGIhJBrfBzm - 8994163128623233 - April 22, 2021, 6:38 pm
txn_1IaPdpJm8ehcCWGI8Drock2l_X - 8994163128169236 - April 22, 2021, 6:38 pm
txn_1IikIpJm8ehcCWGIbjyfVK2h - 8994163128407239 - April 22, 2021, 6:38 pm
txn_1IiVc5Jm8ehcCWGIZKB4jxXD - 8994163128164231 - April 22, 2021, 6:38 pm
txn_1IiflQJm8ehcCWGIhQ2ChqkG - 8994163128621239 - April 22, 2021, 6:38 pm
txn_1Iiik8Jm8ehcCWGItNK5jFdT - 8994163128620232 - April 22, 2021, 6:38 pm
txn_1IipA9Jm8ehcCWGIbkg75w7Z - 8994163128406232 - April 22, 2021, 6:38 pm
txn_1IGZknJm8ehcCWGIjRutEDW1_X - 8994163128619236 - April 22, 2021, 6:38 pm
txn_1Iif8ZJm8ehcCWGILTMxOwxn - 8994163128618239 - April 22, 2021, 6:38 pm
txn_1Iik4RJm8ehcCWGIBDFa8tOJ - 8994163128617232 - April 22, 2021, 6:38 pm
txn_1Iiif6Jm8ehcCWGIH2SdzOG9 - 8994163128616235 - April 22, 2021, 6:38 pm
txn_1IikyCJm8ehcCWGIGavhzPU8 - 8994163128614231 - April 22, 2021, 6:38 pm
txn_1IinuZJm8ehcCWGINeXi7L6L - 8994163128615238 - April 22, 2021, 6:38 pm
