txn_5ilZCBLIP2LLtYsozFXKRaSfxeEZY - 8994163350890298 - September 23, 2021, 1:26 pm
txn_XDehAy8uLzT9fF78lOeLjaUGzXDZY - 8994163351072297 - September 23, 2021, 1:26 pm
txn_dKGI83TwULE45e18M5vYYxWMq7IZY - 8994163351071290 - September 23, 2021, 1:26 pm
txn_9IZMxMlIsuHGo6t4Fh6vxIwXAwEZY - 8994163350808293 - September 23, 2021, 1:26 pm
txn_5ujfdeev54lDNpNJpA0etgdoM8SZY - 8994163350806299 - September 23, 2021, 1:26 pm
txn_DH1zBsQVrmCIpCDPfnZch9qxgLDZY - 8994163351061291 - September 23, 2021, 1:26 pm
txn_XBdzti12IERlH6akBVAVz88E4QVZY - 8994163350802291 - September 23, 2021, 1:26 pm
txn_3J7KEWcH3Xy9joXJJiW08MNAUNfZY - 8994163351060294 - September 23, 2021, 1:26 pm
txn_ZOBgOLOvXoYjZAAqAx7rYqdHfvXZY - 8994163351059298 - September 23, 2021, 1:26 pm
txn_bJg1UJFNHlTy1PRlnSRmNxCatcKZY - 8994163350803298 - September 23, 2021, 1:26 pm
txn_X15kTH42BiThAqvjwJuMWv0jagFZY - 8994163350800297 - September 23, 2021, 1:26 pm
txn_79yBo2u00J6BhHvFjx2o5IyvExHZY - 8994163350797290 - September 23, 2021, 1:26 pm
txn_P5rN0pvYQ6o4cwmaDvHqskZm5IQZY_X - 8994163350796293 - September 23, 2021, 1:26 pm
txn_F45Zfn7voYcFmzpzw8Nm4I9LyKSZY - 8994163350794299 - September 23, 2021, 1:26 pm
txn_JmZcivgm9TQUauIbTAFVVgFkqjfZY - 8994163351057294 - September 23, 2021, 1:26 pm
txn_XP6K3ghcWo2geEb1fetYR1mYB2PZY - 8994163350795296 - September 23, 2021, 1:26 pm
txn_7RUpANBARFhs5K4fDUgNnCf4FwfZY - 8994163351056297 - September 23, 2021, 1:26 pm
txn_hqHjZfsogyqwgNqsYnQVEROIWiPZY - 8994163351055290 - September 23, 2021, 1:26 pm
txn_Ruzm7sIWNYn9eePZFOcPPytcEvLZY - 8994163350789295 - September 23, 2021, 1:26 pm
txn_deG1H8dsXEwFyCoYfc97ViSE39MZY - 8994163350882293 - September 23, 2021, 1:26 pm
txn_fpfZOTDQ9zcNy35qEgXMjY4uyeYZY - 8994163350883290 - September 23, 2021, 1:26 pm
txn_nhVZZagoOtxk2234VwHoZvPJrBcZY - 8994163350790291 - September 23, 2021, 1:26 pm
txn_R2RlihrkTIIIZZXdm0sxbsqjSBBZY - 8994163350791298 - September 23, 2021, 1:26 pm
txn_5ilZCBLIP2LLtYsozFXKRaSfxeEZY - 8994163350890298 - September 23, 2021, 1:56 pm
txn_XDehAy8uLzT9fF78lOeLjaUGzXDZY - 8994163351072297 - September 23, 2021, 1:56 pm
txn_dKGI83TwULE45e18M5vYYxWMq7IZY - 8994163351071290 - September 23, 2021, 1:56 pm
txn_9IZMxMlIsuHGo6t4Fh6vxIwXAwEZY - 8994163350808293 - September 23, 2021, 1:56 pm
txn_5ujfdeev54lDNpNJpA0etgdoM8SZY - 8994163350806299 - September 23, 2021, 1:56 pm
txn_DH1zBsQVrmCIpCDPfnZch9qxgLDZY - 8994163351061291 - September 23, 2021, 1:56 pm
txn_XBdzti12IERlH6akBVAVz88E4QVZY - 8994163350802291 - September 23, 2021, 1:56 pm
txn_3J7KEWcH3Xy9joXJJiW08MNAUNfZY - 8994163351060294 - September 23, 2021, 1:56 pm
txn_ZOBgOLOvXoYjZAAqAx7rYqdHfvXZY - 8994163351059298 - September 23, 2021, 1:56 pm
txn_bJg1UJFNHlTy1PRlnSRmNxCatcKZY - 8994163350803298 - September 23, 2021, 1:56 pm
txn_X15kTH42BiThAqvjwJuMWv0jagFZY - 8994163350800297 - September 23, 2021, 1:56 pm
txn_79yBo2u00J6BhHvFjx2o5IyvExHZY - 8994163350797290 - September 23, 2021, 1:56 pm
txn_P5rN0pvYQ6o4cwmaDvHqskZm5IQZY_X - 8994163350796293 - September 23, 2021, 1:56 pm
txn_F45Zfn7voYcFmzpzw8Nm4I9LyKSZY - 8994163350794299 - September 23, 2021, 1:56 pm
txn_JmZcivgm9TQUauIbTAFVVgFkqjfZY - 8994163351057294 - September 23, 2021, 1:56 pm
txn_XP6K3ghcWo2geEb1fetYR1mYB2PZY - 8994163350795296 - September 23, 2021, 1:56 pm
txn_7RUpANBARFhs5K4fDUgNnCf4FwfZY - 8994163351056297 - September 23, 2021, 1:56 pm
txn_hqHjZfsogyqwgNqsYnQVEROIWiPZY - 8994163351055290 - September 23, 2021, 1:56 pm
txn_Ruzm7sIWNYn9eePZFOcPPytcEvLZY - 8994163350789295 - September 23, 2021, 1:56 pm
txn_deG1H8dsXEwFyCoYfc97ViSE39MZY - 8994163350882293 - September 23, 2021, 1:56 pm
txn_fpfZOTDQ9zcNy35qEgXMjY4uyeYZY - 8994163350883290 - September 23, 2021, 1:56 pm
txn_nhVZZagoOtxk2234VwHoZvPJrBcZY - 8994163350790291 - September 23, 2021, 1:56 pm
txn_R2RlihrkTIIIZZXdm0sxbsqjSBBZY - 8994163350791298 - September 23, 2021, 1:56 pm
