txn_1HUH16Jm8ehcCWGIOJNoKYxV - 8994163573997590 - September 23, 2020, 2:21 pm
txn_1HUI6oJm8ehcCWGIbKxIuB5D - 8994163574430591 - September 23, 2020, 2:21 pm
txn_1HUZFCJm8ehcCWGIkXzbtLLX - 8994163574414591 - September 23, 2020, 2:21 pm
txn_1HUI6rJm8ehcCWGItv0qaTqR - 8994163574385594 - September 23, 2020, 2:21 pm
txn_1HULqqJm8ehcCWGI9zaPEM8j - 8994163574416595 - September 23, 2020, 2:21 pm
txn_1HUJvcJm8ehcCWGIZPwwekRA - 8994163574382593 - September 23, 2020, 2:21 pm
txn_1HUPueJm8ehcCWGIMD067uDa - 8994163574411590 - September 23, 2020, 2:21 pm
Influencer140 - 8994163574408590 - September 23, 2020, 2:21 pm
txn_1HUILeJm8ehcCWGIpHkpqpo2 - 8994163574401591 - September 23, 2020, 2:21 pm
txn_1HUMFaJm8ehcCWGIacp6vQwh - 8994163574402598 - September 23, 2020, 2:21 pm
txn_1HUaAeJm8ehcCWGINy4JIfsI - 8994163574366593 - September 23, 2020, 2:21 pm
txn_1HUKHPJm8ehcCWGIjvkrsXxt - 8994163574368597 - September 23, 2020, 2:21 pm
txn_1HURWDJm8ehcCWGIrqWXFjYZ - 8994163574199597 - September 23, 2020, 2:21 pm
Influencer139 - 8994163574198590 - September 23, 2020, 2:21 pm
txn_1HUO1YJm8ehcCWGIw2yHRzbE - 8994163574189598 - September 23, 2020, 2:21 pm
txn_1HUJ1nJm8ehcCWGIAREf3l38 - 8994163574344591 - September 23, 2020, 2:21 pm
txn_1HULXDJm8ehcCWGIoVrhbJh3 - 8994163574345598 - September 23, 2020, 2:21 pm
txn_1HUbTyJm8ehcCWGIh8nBFdsS - 8994163574188591 - September 23, 2020, 2:21 pm
txn_1HUYHsJm8ehcCWGIsZlZuN0Y - 8994163573949599 - September 23, 2020, 2:21 pm
Influencer138 - 8994163573950595 - September 23, 2020, 2:21 pm
