txn_3JKSOSJm8ehcCWGI0FNbKTrN - 8994163509760274 - August 4, 2021, 5:01 pm
txn_3JKJijJm8ehcCWGI1CWbPor7 - 8994163510215275 - August 4, 2021, 5:01 pm
txn_3JKRdEJm8ehcCWGI0KCIply1 - 8994163510009270 - August 4, 2021, 5:01 pm
txn_3JKRuOJm8ehcCWGI1CiL7ZBW - 8994163510007276 - August 4, 2021, 5:01 pm
txn_3JKSlkJm8ehcCWGI0MbzjkER - 8994163509754273 - August 4, 2021, 5:01 pm
txn_3JKRTmJm8ehcCWGI1dB9GJN7 - 8994163510006279 - August 4, 2021, 5:01 pm
txn_3JKFfZJm8ehcCWGI0qdsIfwb - 8994163510005272 - August 4, 2021, 5:01 pm
txn_3JKRlkJm8ehcCWGI1mqcqoSw - 8994163509749279 - August 4, 2021, 5:01 pm
txn_3JKSc5Jm8ehcCWGI0eprD0DH - 8994163510003278 - August 4, 2021, 5:01 pm
txn_3JKFRnJm8ehcCWGI1qql7PQS - 8994163510002271 - August 4, 2021, 5:01 pm
txn_3JKOiUJm8ehcCWGI1e8O4iMR - 8994163509750275 - August 4, 2021, 5:01 pm
txn_3JKSU0Jm8ehcCWGI1gQ0aFFq - 8994163509747275 - August 4, 2021, 5:01 pm
txn_1JKOfDJm8ehcCWGIlAxyjcQp - 8994163510085274 - August 4, 2021, 5:01 pm
txn_3JKRhuJm8ehcCWGI15DM57Tn - 8994163510086271 - August 4, 2021, 5:01 pm
txn_3JKC9AJm8ehcCWGI1Y3fFnL4 - 8994163509745271 - August 4, 2021, 5:01 pm
txn_3JKUC7Jm8ehcCWGI1QoAacvG - 8994163509759278 - August 4, 2021, 5:01 pm
txn_3JKVSoJm8ehcCWGI12kpoDHS - 8994163510008273 - August 4, 2021, 5:01 pm
txn_3JKT1JJm8ehcCWGI0Pp0qp3h - 8994163510010276 - August 4, 2021, 5:01 pm
txn_3JKTpnJm8ehcCWGI04tKKfUb - 8994163510004275 - August 4, 2021, 5:01 pm
txn_3JKV05Jm8ehcCWGI0QLYTkp0 - 8994163509753276 - August 4, 2021, 5:01 pm
txn_3JKUo9Jm8ehcCWGI16dDdcHy - 8994163510088275 - August 4, 2021, 5:01 pm
txn_3JKTXxJm8ehcCWGI16CuJJhN - 8994163509751272 - August 4, 2021, 5:01 pm
txn_3JKUV5Jm8ehcCWGI0JE5fxAd - 8994163509746278 - August 4, 2021, 5:01 pm
txn_3JKT8EJm8ehcCWGI1JUCMTaa - 8994163510087278 - August 4, 2021, 5:01 pm
txn_3JKSOSJm8ehcCWGI0FNbKTrN - 8994163509760274 - August 4, 2021, 5:02 pm
txn_3JKJijJm8ehcCWGI1CWbPor7 - 8994163510215275 - August 4, 2021, 5:02 pm
txn_3JKRdEJm8ehcCWGI0KCIply1 - 8994163510009270 - August 4, 2021, 5:02 pm
txn_3JKRuOJm8ehcCWGI1CiL7ZBW - 8994163510007276 - August 4, 2021, 5:02 pm
txn_3JKSlkJm8ehcCWGI0MbzjkER - 8994163509754273 - August 4, 2021, 5:02 pm
txn_3JKRTmJm8ehcCWGI1dB9GJN7 - 8994163510006279 - August 4, 2021, 5:02 pm
txn_3JKFfZJm8ehcCWGI0qdsIfwb - 8994163510005272 - August 4, 2021, 5:02 pm
txn_3JKRlkJm8ehcCWGI1mqcqoSw - 8994163509749279 - August 4, 2021, 5:02 pm
txn_3JKSc5Jm8ehcCWGI0eprD0DH - 8994163510003278 - August 4, 2021, 5:02 pm
txn_3JKFRnJm8ehcCWGI1qql7PQS - 8994163510002271 - August 4, 2021, 5:02 pm
txn_3JKOiUJm8ehcCWGI1e8O4iMR - 8994163509750275 - August 4, 2021, 5:02 pm
txn_3JKSU0Jm8ehcCWGI1gQ0aFFq - 8994163509747275 - August 4, 2021, 5:02 pm
txn_1JKOfDJm8ehcCWGIlAxyjcQp - 8994163510085274 - August 4, 2021, 5:02 pm
txn_3JKRhuJm8ehcCWGI15DM57Tn - 8994163510086271 - August 4, 2021, 5:02 pm
txn_3JKC9AJm8ehcCWGI1Y3fFnL4 - 8994163509745271 - August 4, 2021, 5:02 pm
txn_3JKUC7Jm8ehcCWGI1QoAacvG - 8994163509759278 - August 4, 2021, 5:02 pm
txn_3JKVSoJm8ehcCWGI12kpoDHS - 8994163510008273 - August 4, 2021, 5:02 pm
txn_3JKT1JJm8ehcCWGI0Pp0qp3h - 8994163510010276 - August 4, 2021, 5:02 pm
txn_3JKTpnJm8ehcCWGI04tKKfUb - 8994163510004275 - August 4, 2021, 5:02 pm
txn_3JKV05Jm8ehcCWGI0QLYTkp0 - 8994163509753276 - August 4, 2021, 5:02 pm
txn_3JKUo9Jm8ehcCWGI16dDdcHy - 8994163510088275 - August 4, 2021, 5:02 pm
txn_3JKTXxJm8ehcCWGI16CuJJhN - 8994163509751272 - August 4, 2021, 5:02 pm
txn_3JKUV5Jm8ehcCWGI0JE5fxAd - 8994163509746278 - August 4, 2021, 5:02 pm
txn_3JKT8EJm8ehcCWGI1JUCMTaa - 8994163510087278 - August 4, 2021, 5:02 pm
txn_1JKRelJm8ehcCWGIsjDtrmUp - 8994163510223270 - August 4, 2021, 5:02 pm
txn_1JKSIGJm8ehcCWGI4cGa4OFA -  - August 4, 2021, 5:02 pm
txn_3JKGkHJm8ehcCWGI1lLXegmZ -  - August 4, 2021, 5:02 pm
txn_3JKSOSJm8ehcCWGI0FNbKTrN - 8994163509760274 - August 4, 2021, 5:02 pm
txn_3JKJijJm8ehcCWGI1CWbPor7 - 8994163510215275 - August 4, 2021, 5:02 pm
txn_3JKRdEJm8ehcCWGI0KCIply1 - 8994163510009270 - August 4, 2021, 5:02 pm
txn_3JKRuOJm8ehcCWGI1CiL7ZBW - 8994163510007276 - August 4, 2021, 5:02 pm
txn_3JKSlkJm8ehcCWGI0MbzjkER - 8994163509754273 - August 4, 2021, 5:02 pm
txn_3JKRTmJm8ehcCWGI1dB9GJN7 - 8994163510006279 - August 4, 2021, 5:02 pm
txn_3JKFfZJm8ehcCWGI0qdsIfwb - 8994163510005272 - August 4, 2021, 5:02 pm
txn_3JKRlkJm8ehcCWGI1mqcqoSw - 8994163509749279 - August 4, 2021, 5:02 pm
txn_3JKSc5Jm8ehcCWGI0eprD0DH - 8994163510003278 - August 4, 2021, 5:02 pm
txn_3JKFRnJm8ehcCWGI1qql7PQS - 8994163510002271 - August 4, 2021, 5:02 pm
txn_3JKOiUJm8ehcCWGI1e8O4iMR - 8994163509750275 - August 4, 2021, 5:02 pm
txn_3JKSU0Jm8ehcCWGI1gQ0aFFq - 8994163509747275 - August 4, 2021, 5:02 pm
txn_1JKOfDJm8ehcCWGIlAxyjcQp - 8994163510085274 - August 4, 2021, 5:02 pm
txn_3JKRhuJm8ehcCWGI15DM57Tn - 8994163510086271 - August 4, 2021, 5:02 pm
txn_3JKC9AJm8ehcCWGI1Y3fFnL4 - 8994163509745271 - August 4, 2021, 5:02 pm
txn_3JKUC7Jm8ehcCWGI1QoAacvG - 8994163509759278 - August 4, 2021, 5:02 pm
txn_3JKVSoJm8ehcCWGI12kpoDHS - 8994163510008273 - August 4, 2021, 5:02 pm
txn_3JKT1JJm8ehcCWGI0Pp0qp3h - 8994163510010276 - August 4, 2021, 5:02 pm
txn_3JKTpnJm8ehcCWGI04tKKfUb - 8994163510004275 - August 4, 2021, 5:02 pm
txn_3JKV05Jm8ehcCWGI0QLYTkp0 - 8994163509753276 - August 4, 2021, 5:02 pm
txn_3JKUo9Jm8ehcCWGI16dDdcHy - 8994163510088275 - August 4, 2021, 5:02 pm
txn_3JKTXxJm8ehcCWGI16CuJJhN - 8994163509751272 - August 4, 2021, 5:02 pm
txn_3JKUV5Jm8ehcCWGI0JE5fxAd - 8994163509746278 - August 4, 2021, 5:02 pm
txn_3JKT8EJm8ehcCWGI1JUCMTaa - 8994163510087278 - August 4, 2021, 5:02 pm
txn_1JKRelJm8ehcCWGIsjDtrmUp - 8994163510223270 - August 4, 2021, 5:02 pm
txn_3JKVcfJm8ehcCWGI03Yyn2Ff - 8994163509781279 - August 4, 2021, 5:02 pm
txn_3JKTycJm8ehcCWGI1YARbuiF - 8994163510252270 - August 4, 2021, 5:02 pm
txn_3JKWqVJm8ehcCWGI1Ih86CqS - 8994163510242271 - August 4, 2021, 5:02 pm
txn_3JKT4zJm8ehcCWGI047UWuiy - 8994163510270274 - August 4, 2021, 5:02 pm
txn_1JKSIGJm8ehcCWGI4cGa4OFA - 8994163510108270 - August 4, 2021, 5:02 pm
txn_3JKGkHJm8ehcCWGI1lLXegmZ - 8994163510107273 - August 4, 2021, 5:02 pm
txn_3JKSOSJm8ehcCWGI0FNbKTrN - 8994163509760274 - August 4, 2021, 5:02 pm
txn_3JKJijJm8ehcCWGI1CWbPor7 - 8994163510215275 - August 4, 2021, 5:02 pm
txn_3JKRdEJm8ehcCWGI0KCIply1 - 8994163510009270 - August 4, 2021, 5:02 pm
txn_3JKRuOJm8ehcCWGI1CiL7ZBW - 8994163510007276 - August 4, 2021, 5:02 pm
txn_3JKSlkJm8ehcCWGI0MbzjkER - 8994163509754273 - August 4, 2021, 5:02 pm
txn_3JKRTmJm8ehcCWGI1dB9GJN7 - 8994163510006279 - August 4, 2021, 5:02 pm
txn_3JKFfZJm8ehcCWGI0qdsIfwb - 8994163510005272 - August 4, 2021, 5:02 pm
txn_3JKRlkJm8ehcCWGI1mqcqoSw - 8994163509749279 - August 4, 2021, 5:02 pm
txn_3JKSc5Jm8ehcCWGI0eprD0DH - 8994163510003278 - August 4, 2021, 5:02 pm
txn_3JKFRnJm8ehcCWGI1qql7PQS - 8994163510002271 - August 4, 2021, 5:02 pm
txn_3JKOiUJm8ehcCWGI1e8O4iMR - 8994163509750275 - August 4, 2021, 5:02 pm
txn_3JKSU0Jm8ehcCWGI1gQ0aFFq - 8994163509747275 - August 4, 2021, 5:02 pm
txn_1JKOfDJm8ehcCWGIlAxyjcQp - 8994163510085274 - August 4, 2021, 5:02 pm
txn_3JKRhuJm8ehcCWGI15DM57Tn - 8994163510086271 - August 4, 2021, 5:02 pm
txn_3JKC9AJm8ehcCWGI1Y3fFnL4 - 8994163509745271 - August 4, 2021, 5:02 pm
txn_3JKUC7Jm8ehcCWGI1QoAacvG - 8994163509759278 - August 4, 2021, 5:02 pm
txn_3JKVSoJm8ehcCWGI12kpoDHS - 8994163510008273 - August 4, 2021, 5:02 pm
txn_3JKT1JJm8ehcCWGI0Pp0qp3h - 8994163510010276 - August 4, 2021, 5:02 pm
txn_3JKTpnJm8ehcCWGI04tKKfUb - 8994163510004275 - August 4, 2021, 5:02 pm
txn_3JKV05Jm8ehcCWGI0QLYTkp0 - 8994163509753276 - August 4, 2021, 5:02 pm
txn_3JKUo9Jm8ehcCWGI16dDdcHy - 8994163510088275 - August 4, 2021, 5:02 pm
txn_3JKTXxJm8ehcCWGI16CuJJhN - 8994163509751272 - August 4, 2021, 5:02 pm
txn_3JKUV5Jm8ehcCWGI0JE5fxAd - 8994163509746278 - August 4, 2021, 5:02 pm
txn_3JKT8EJm8ehcCWGI1JUCMTaa - 8994163510087278 - August 4, 2021, 5:02 pm
txn_1JKRelJm8ehcCWGIsjDtrmUp - 8994163510223270 - August 4, 2021, 5:02 pm
txn_3JKVcfJm8ehcCWGI03Yyn2Ff - 8994163509781279 - August 4, 2021, 5:02 pm
txn_3JKTycJm8ehcCWGI1YARbuiF - 8994163510252270 - August 4, 2021, 5:02 pm
txn_3JKWqVJm8ehcCWGI1Ih86CqS - 8994163510242271 - August 4, 2021, 5:02 pm
txn_3JKX0yJm8ehcCWGI1pY4tuio - 8994163509791278 - August 4, 2021, 5:02 pm
txn_3JKT4zJm8ehcCWGI047UWuiy - 8994163510270274 - August 4, 2021, 5:02 pm
txn_1JKSIGJm8ehcCWGI4cGa4OFA - 8994163510108270 - August 4, 2021, 5:02 pm
txn_3JKGkHJm8ehcCWGI1lLXegmZ - 8994163510107273 - August 4, 2021, 5:02 pm
