txn_1IiKlYJm8ehcCWGIWBqMAaRj - 8994163067028236 - April 21, 2021, 3:42 pm
txn_1IiRILJm8ehcCWGIpFE8AIaL - 8994163066719234 - April 21, 2021, 3:42 pm
txn_1IiUGSJm8ehcCWGIulrKDLNs - 8994163066859237 - April 21, 2021, 3:42 pm
txn_1IiAXvJm8ehcCWGIsxOXh4di - 8994163066718237 - April 21, 2021, 3:42 pm
txn_1IiSGjJm8ehcCWGIDqGgxOr5 - 8994163067027239 - April 21, 2021, 3:42 pm
txn_1IiPfFJm8ehcCWGIImeUQV6I - 8994163066717230 - April 21, 2021, 3:42 pm
txn_1IiKh6Jm8ehcCWGI0a8prbq9 - 8994163066714239 - April 21, 2021, 3:42 pm
txn_1IiQa7Jm8ehcCWGIcEqd0Mx9 - 8994163066855239 - April 21, 2021, 3:42 pm
txn_1IiAUwJm8ehcCWGIjTEaCZcn - 8994163066713232 - April 21, 2021, 3:42 pm
txn_1IiSsmJm8ehcCWGI0wjrf7aA - 8994163066854232 - April 21, 2021, 3:42 pm
txn_1IiOoPJm8ehcCWGIwtA4XzZf - 8994163066853235 - April 21, 2021, 3:42 pm
txn_1IiSF2Jm8ehcCWGIGBdbBIKy - 8994163067023231 - April 21, 2021, 3:42 pm
txn_1IiJvTJm8ehcCWGInlwSQw3n - 8994163067020230 - April 21, 2021, 3:42 pm
txn_1IiA13Jm8ehcCWGIuhUzXNtO - 8994163067022234 - April 21, 2021, 3:42 pm
txn_1IiPtGJm8ehcCWGIQ2cCgroB - 8994163066710231 - April 21, 2021, 3:42 pm
txn_1IiSJlJm8ehcCWGIy4vg4DGH - 8994163067021237 - April 21, 2021, 3:42 pm
txn_1IiSATJm8ehcCWGIno1NWegW - 8994163066850234 - April 21, 2021, 3:42 pm
txn_1IiN7TJm8ehcCWGIfjdC9paa - 8994163066849238 - April 21, 2021, 3:42 pm
txn_1Ii9JyJm8ehcCWGIMpsnGkrN - 8994163066847234 - April 21, 2021, 3:42 pm
txn_1IiPgdJm8ehcCWGIqrXPK449 - 8994163066846237 - April 21, 2021, 3:42 pm
txn_1IiGYLJm8ehcCWGI1lf1VZBX - 8994163066706234 - April 21, 2021, 3:42 pm
txn_1IiSHJJm8ehcCWGId3CMG7za - 8994163066708238 - April 21, 2021, 3:42 pm
txn_1IiLLhJm8ehcCWGIfG7BxKqM - 8994163066707231 - April 21, 2021, 3:42 pm
txn_1IiRmUJm8ehcCWGIyuluj5mT - 8994163066705237 - April 21, 2021, 3:42 pm
