txn_1JIpyKJm8ehcCWGIl1Bk3llc - 8994163459529273 - August 3, 2021, 4:10 pm
txn_3JJ6gVJm8ehcCWGI0cJQkF2b - 8994163459543279 - August 3, 2021, 4:10 pm
txn_3JK9l1Jm8ehcCWGI0M2Z0Wvl - 8994163459544276 - August 3, 2021, 4:10 pm
txn_1JJRuiJm8ehcCWGINQotoJEx - 8994163459542272 - August 3, 2021, 4:10 pm
txn_3JK8IGJm8ehcCWGI07W0IdGQ - 8994163459540278 - August 3, 2021, 4:10 pm
txn_1JJ4v7Jm8ehcCWGI1gDKTbwQ - 8994163459541275 - August 3, 2021, 4:10 pm
txn_1JIxgMJm8ehcCWGI1Sel5oZ7 - 8994163459887274 - August 3, 2021, 4:10 pm
txn_3JJPagJm8ehcCWGI0u7I7Xah - 8994163459886277 - August 3, 2021, 4:10 pm
txn_3JJ3eiJm8ehcCWGI1PcdPFHk - 8994163459536271 - August 3, 2021, 4:10 pm
txn_3JK6TdJm8ehcCWGI03mbV9Fl - 8994163459720274 - August 3, 2021, 4:10 pm
txn_1JIxHnJm8ehcCWGI7bfaUxvl - 8994163459721271 - August 3, 2021, 4:10 pm
txn_1JJ1mkJm8ehcCWGISlQcnp4U - 8994163459885270 - August 3, 2021, 4:10 pm
txn_1JJlHBJm8ehcCWGI0pSFKapH - 8994163459535274 - August 3, 2021, 4:10 pm
txn_1JJASgJm8ehcCWGIw5mLyzDi - 8994163459718271 - August 3, 2021, 4:10 pm
2021Influencer753 - 8994163459883276 - August 3, 2021, 4:10 pm
txn_1JJ1fsJm8ehcCWGILrLqsNqw - 8994163459534277 - August 3, 2021, 4:10 pm
txn_3JK6DnJm8ehcCWGI1Phs8Vnb - 8994163459882279 - August 3, 2021, 4:10 pm
txn_1JIvWTJm8ehcCWGIDkYbhW2T - 8994163459717274 - August 3, 2021, 4:10 pm
txn_3JJiahJm8ehcCWGI0l00ePJp - 8994163459533270 - August 3, 2021, 4:10 pm
txn_3JJ9ecJm8ehcCWGI0zmFKCpu - 8994163459531276 - August 3, 2021, 4:10 pm
2021Influencer752 - 8994163459878272 - August 3, 2021, 4:10 pm
txn_1JIvJbJm8ehcCWGIOFZTdv9O - 8994163459876278 - August 3, 2021, 4:10 pm
txn_3JIzc0Jm8ehcCWGI1dy8T6YC - 8994163459530279 - August 3, 2021, 4:10 pm
txn_3JJcc0Jm8ehcCWGI1j1qOW0D - 8994163459877275 - August 3, 2021, 4:10 pm
txn_3JK5CIJm8ehcCWGI0fTQrQsj - 8994163459716277 - August 3, 2021, 4:10 pm
txn_1JJ93BJm8ehcCWGItDqFbZPg - 8994163459713276 - August 3, 2021, 4:10 pm
txn_3JJ2uTJm8ehcCWGI00Q4g4sK - 8994163459872270 - August 3, 2021, 4:10 pm
txn_3JJUfeJm8ehcCWGI0oEcWaIo - 8994163459714273 - August 3, 2021, 4:10 pm
txn_3JK4BlJm8ehcCWGI1FjknqIU - 8994163459712279 - August 3, 2021, 4:10 pm
txn_1JIzXVJm8ehcCWGIAuWhvr29 - 8994163459873277 - August 3, 2021, 4:10 pm
txn_1JIpyKJm8ehcCWGIl1Bk3llc - 8994163459529273 - August 3, 2021, 4:11 pm
txn_3JJ6gVJm8ehcCWGI0cJQkF2b - 8994163459543279 - August 3, 2021, 4:11 pm
txn_3JK9l1Jm8ehcCWGI0M2Z0Wvl - 8994163459544276 - August 3, 2021, 4:11 pm
txn_1JJRuiJm8ehcCWGINQotoJEx - 8994163459542272 - August 3, 2021, 4:11 pm
txn_3JK8IGJm8ehcCWGI07W0IdGQ - 8994163459540278 - August 3, 2021, 4:11 pm
txn_1JJ4v7Jm8ehcCWGI1gDKTbwQ - 8994163459541275 - August 3, 2021, 4:11 pm
txn_1JIxgMJm8ehcCWGI1Sel5oZ7 - 8994163459887274 - August 3, 2021, 4:11 pm
txn_3JJPagJm8ehcCWGI0u7I7Xah - 8994163459886277 - August 3, 2021, 4:11 pm
txn_3JJ3eiJm8ehcCWGI1PcdPFHk - 8994163459536271 - August 3, 2021, 4:11 pm
txn_3JK6TdJm8ehcCWGI03mbV9Fl - 8994163459720274 - August 3, 2021, 4:11 pm
txn_1JIxHnJm8ehcCWGI7bfaUxvl - 8994163459721271 - August 3, 2021, 4:11 pm
txn_1JJ1mkJm8ehcCWGISlQcnp4U - 8994163459885270 - August 3, 2021, 4:11 pm
txn_1JJlHBJm8ehcCWGI0pSFKapH - 8994163459535274 - August 3, 2021, 4:11 pm
txn_1JJASgJm8ehcCWGIw5mLyzDi - 8994163459718271 - August 3, 2021, 4:11 pm
2021Influencer753 - 8994163459883276 - August 3, 2021, 4:11 pm
txn_1JJ1fsJm8ehcCWGILrLqsNqw - 8994163459534277 - August 3, 2021, 4:11 pm
txn_3JK6DnJm8ehcCWGI1Phs8Vnb - 8994163459882279 - August 3, 2021, 4:11 pm
txn_1JIvWTJm8ehcCWGIDkYbhW2T - 8994163459717274 - August 3, 2021, 4:11 pm
txn_3JJiahJm8ehcCWGI0l00ePJp - 8994163459533270 - August 3, 2021, 4:11 pm
txn_3JJ9ecJm8ehcCWGI0zmFKCpu - 8994163459531276 - August 3, 2021, 4:11 pm
2021Influencer752 - 8994163459878272 - August 3, 2021, 4:11 pm
txn_1JIvJbJm8ehcCWGIOFZTdv9O - 8994163459876278 - August 3, 2021, 4:11 pm
txn_3JIzc0Jm8ehcCWGI1dy8T6YC - 8994163459530279 - August 3, 2021, 4:11 pm
txn_3JJcc0Jm8ehcCWGI1j1qOW0D - 8994163459877275 - August 3, 2021, 4:11 pm
txn_3JK5CIJm8ehcCWGI0fTQrQsj - 8994163459716277 - August 3, 2021, 4:11 pm
txn_1JJ93BJm8ehcCWGItDqFbZPg - 8994163459713276 - August 3, 2021, 4:11 pm
txn_3JJ2uTJm8ehcCWGI00Q4g4sK - 8994163459872270 - August 3, 2021, 4:11 pm
txn_3JJUfeJm8ehcCWGI0oEcWaIo - 8994163459714273 - August 3, 2021, 4:11 pm
txn_3JK4BlJm8ehcCWGI1FjknqIU - 8994163459712279 - August 3, 2021, 4:11 pm
txn_1JIzXVJm8ehcCWGIAuWhvr29 - 8994163459873277 - August 3, 2021, 4:11 pm
txn_1JJ2CJJm8ehcCWGIfc4QrtQ6 - 8994163459553278 - August 3, 2021, 4:11 pm
txn_3JJ1zeJm8ehcCWGI02v4W7dr - 8994163459893275 - August 3, 2021, 4:11 pm
txn_1JIpyKJm8ehcCWGIl1Bk3llc - 8994163459529273 - August 3, 2021, 4:11 pm
txn_3JJ6gVJm8ehcCWGI0cJQkF2b - 8994163459543279 - August 3, 2021, 4:11 pm
txn_3JK9l1Jm8ehcCWGI0M2Z0Wvl - 8994163459544276 - August 3, 2021, 4:11 pm
txn_1JJRuiJm8ehcCWGINQotoJEx - 8994163459542272 - August 3, 2021, 4:11 pm
txn_3JK8IGJm8ehcCWGI07W0IdGQ - 8994163459540278 - August 3, 2021, 4:11 pm
txn_1JJ4v7Jm8ehcCWGI1gDKTbwQ - 8994163459541275 - August 3, 2021, 4:11 pm
txn_1JIxgMJm8ehcCWGI1Sel5oZ7 - 8994163459887274 - August 3, 2021, 4:11 pm
txn_3JJPagJm8ehcCWGI0u7I7Xah - 8994163459886277 - August 3, 2021, 4:11 pm
txn_3JJ3eiJm8ehcCWGI1PcdPFHk - 8994163459536271 - August 3, 2021, 4:11 pm
txn_3JK6TdJm8ehcCWGI03mbV9Fl - 8994163459720274 - August 3, 2021, 4:11 pm
txn_1JIxHnJm8ehcCWGI7bfaUxvl - 8994163459721271 - August 3, 2021, 4:11 pm
txn_1JJ1mkJm8ehcCWGISlQcnp4U - 8994163459885270 - August 3, 2021, 4:11 pm
txn_1JJlHBJm8ehcCWGI0pSFKapH - 8994163459535274 - August 3, 2021, 4:11 pm
txn_1JJASgJm8ehcCWGIw5mLyzDi - 8994163459718271 - August 3, 2021, 4:11 pm
2021Influencer753 - 8994163459883276 - August 3, 2021, 4:11 pm
txn_1JJ1fsJm8ehcCWGILrLqsNqw - 8994163459534277 - August 3, 2021, 4:11 pm
txn_3JK6DnJm8ehcCWGI1Phs8Vnb - 8994163459882279 - August 3, 2021, 4:11 pm
txn_1JIvWTJm8ehcCWGIDkYbhW2T - 8994163459717274 - August 3, 2021, 4:11 pm
txn_3JJiahJm8ehcCWGI0l00ePJp - 8994163459533270 - August 3, 2021, 4:11 pm
txn_3JJ9ecJm8ehcCWGI0zmFKCpu - 8994163459531276 - August 3, 2021, 4:11 pm
2021Influencer752 - 8994163459878272 - August 3, 2021, 4:11 pm
txn_1JIvJbJm8ehcCWGIOFZTdv9O - 8994163459876278 - August 3, 2021, 4:11 pm
txn_3JIzc0Jm8ehcCWGI1dy8T6YC - 8994163459530279 - August 3, 2021, 4:11 pm
txn_3JJcc0Jm8ehcCWGI1j1qOW0D - 8994163459877275 - August 3, 2021, 4:11 pm
txn_3JK5CIJm8ehcCWGI0fTQrQsj - 8994163459716277 - August 3, 2021, 4:11 pm
txn_1JJ93BJm8ehcCWGItDqFbZPg - 8994163459713276 - August 3, 2021, 4:11 pm
txn_3JJ2uTJm8ehcCWGI00Q4g4sK - 8994163459872270 - August 3, 2021, 4:11 pm
txn_3JJUfeJm8ehcCWGI0oEcWaIo - 8994163459714273 - August 3, 2021, 4:11 pm
txn_3JK4BlJm8ehcCWGI1FjknqIU - 8994163459712279 - August 3, 2021, 4:11 pm
txn_1JIzXVJm8ehcCWGIAuWhvr29 - 8994163459873277 - August 3, 2021, 4:11 pm
txn_1JJ2CJJm8ehcCWGIfc4QrtQ6 - 8994163459553278 - August 3, 2021, 4:11 pm
txn_3JJ1zeJm8ehcCWGI02v4W7dr - 8994163459893275 - August 3, 2021, 4:11 pm
txn_1JIpyKJm8ehcCWGIl1Bk3llc - 8994163459529273 - August 3, 2021, 4:11 pm
txn_3JJ6gVJm8ehcCWGI0cJQkF2b - 8994163459543279 - August 3, 2021, 4:11 pm
txn_3JK9l1Jm8ehcCWGI0M2Z0Wvl - 8994163459544276 - August 3, 2021, 4:11 pm
txn_1JJRuiJm8ehcCWGINQotoJEx - 8994163459542272 - August 3, 2021, 4:11 pm
txn_3JK8IGJm8ehcCWGI07W0IdGQ - 8994163459540278 - August 3, 2021, 4:11 pm
txn_1JJ4v7Jm8ehcCWGI1gDKTbwQ - 8994163459541275 - August 3, 2021, 4:11 pm
txn_1JIxgMJm8ehcCWGI1Sel5oZ7 - 8994163459887274 - August 3, 2021, 4:11 pm
txn_3JJPagJm8ehcCWGI0u7I7Xah - 8994163459886277 - August 3, 2021, 4:11 pm
txn_3JJ3eiJm8ehcCWGI1PcdPFHk - 8994163459536271 - August 3, 2021, 4:11 pm
txn_3JK6TdJm8ehcCWGI03mbV9Fl - 8994163459720274 - August 3, 2021, 4:11 pm
txn_1JIxHnJm8ehcCWGI7bfaUxvl - 8994163459721271 - August 3, 2021, 4:11 pm
txn_1JJ1mkJm8ehcCWGISlQcnp4U - 8994163459885270 - August 3, 2021, 4:11 pm
txn_1JJlHBJm8ehcCWGI0pSFKapH - 8994163459535274 - August 3, 2021, 4:11 pm
txn_1JJASgJm8ehcCWGIw5mLyzDi - 8994163459718271 - August 3, 2021, 4:11 pm
2021Influencer753 - 8994163459883276 - August 3, 2021, 4:11 pm
txn_1JJ1fsJm8ehcCWGILrLqsNqw - 8994163459534277 - August 3, 2021, 4:11 pm
txn_3JK6DnJm8ehcCWGI1Phs8Vnb - 8994163459882279 - August 3, 2021, 4:11 pm
txn_1JIvWTJm8ehcCWGIDkYbhW2T - 8994163459717274 - August 3, 2021, 4:11 pm
txn_3JJiahJm8ehcCWGI0l00ePJp - 8994163459533270 - August 3, 2021, 4:11 pm
txn_3JJ9ecJm8ehcCWGI0zmFKCpu - 8994163459531276 - August 3, 2021, 4:11 pm
2021Influencer752 - 8994163459878272 - August 3, 2021, 4:11 pm
txn_1JIvJbJm8ehcCWGIOFZTdv9O - 8994163459876278 - August 3, 2021, 4:11 pm
txn_3JIzc0Jm8ehcCWGI1dy8T6YC - 8994163459530279 - August 3, 2021, 4:11 pm
txn_3JJcc0Jm8ehcCWGI1j1qOW0D - 8994163459877275 - August 3, 2021, 4:11 pm
txn_3JK5CIJm8ehcCWGI0fTQrQsj - 8994163459716277 - August 3, 2021, 4:11 pm
txn_1JJ93BJm8ehcCWGItDqFbZPg - 8994163459713276 - August 3, 2021, 4:11 pm
txn_3JJ2uTJm8ehcCWGI00Q4g4sK - 8994163459872270 - August 3, 2021, 4:11 pm
txn_3JJUfeJm8ehcCWGI0oEcWaIo - 8994163459714273 - August 3, 2021, 4:11 pm
txn_3JK4BlJm8ehcCWGI1FjknqIU - 8994163459712279 - August 3, 2021, 4:11 pm
txn_1JIzXVJm8ehcCWGIAuWhvr29 - 8994163459873277 - August 3, 2021, 4:11 pm
txn_1JJ2CJJm8ehcCWGIfc4QrtQ6 - 8994163459553278 - August 3, 2021, 4:11 pm
txn_3JJ1zeJm8ehcCWGI02v4W7dr - 8994163459893275 - August 3, 2021, 4:11 pm
txn_1JIpyKJm8ehcCWGIl1Bk3llc - 8994163459529273 - August 3, 2021, 4:12 pm
txn_3JJ6gVJm8ehcCWGI0cJQkF2b - 8994163459543279 - August 3, 2021, 4:12 pm
txn_3JK9l1Jm8ehcCWGI0M2Z0Wvl - 8994163459544276 - August 3, 2021, 4:12 pm
txn_1JJRuiJm8ehcCWGINQotoJEx - 8994163459542272 - August 3, 2021, 4:12 pm
txn_3JK8IGJm8ehcCWGI07W0IdGQ - 8994163459540278 - August 3, 2021, 4:12 pm
txn_1JJ4v7Jm8ehcCWGI1gDKTbwQ - 8994163459541275 - August 3, 2021, 4:12 pm
txn_1JIxgMJm8ehcCWGI1Sel5oZ7 - 8994163459887274 - August 3, 2021, 4:12 pm
txn_3JJPagJm8ehcCWGI0u7I7Xah - 8994163459886277 - August 3, 2021, 4:12 pm
txn_3JJ3eiJm8ehcCWGI1PcdPFHk - 8994163459536271 - August 3, 2021, 4:12 pm
txn_3JK6TdJm8ehcCWGI03mbV9Fl - 8994163459720274 - August 3, 2021, 4:12 pm
txn_1JIxHnJm8ehcCWGI7bfaUxvl - 8994163459721271 - August 3, 2021, 4:12 pm
txn_1JJ1mkJm8ehcCWGISlQcnp4U - 8994163459885270 - August 3, 2021, 4:12 pm
txn_1JJlHBJm8ehcCWGI0pSFKapH - 8994163459535274 - August 3, 2021, 4:12 pm
txn_1JJASgJm8ehcCWGIw5mLyzDi - 8994163459718271 - August 3, 2021, 4:12 pm
2021Influencer753 - 8994163459883276 - August 3, 2021, 4:12 pm
txn_1JJ1fsJm8ehcCWGILrLqsNqw - 8994163459534277 - August 3, 2021, 4:12 pm
txn_3JK6DnJm8ehcCWGI1Phs8Vnb - 8994163459882279 - August 3, 2021, 4:12 pm
txn_1JIvWTJm8ehcCWGIDkYbhW2T - 8994163459717274 - August 3, 2021, 4:12 pm
txn_3JJiahJm8ehcCWGI0l00ePJp - 8994163459533270 - August 3, 2021, 4:12 pm
txn_3JJ9ecJm8ehcCWGI0zmFKCpu - 8994163459531276 - August 3, 2021, 4:12 pm
2021Influencer752 - 8994163459878272 - August 3, 2021, 4:12 pm
txn_1JIvJbJm8ehcCWGIOFZTdv9O - 8994163459876278 - August 3, 2021, 4:12 pm
txn_3JIzc0Jm8ehcCWGI1dy8T6YC - 8994163459530279 - August 3, 2021, 4:12 pm
txn_3JJcc0Jm8ehcCWGI1j1qOW0D - 8994163459877275 - August 3, 2021, 4:12 pm
txn_3JK5CIJm8ehcCWGI0fTQrQsj - 8994163459716277 - August 3, 2021, 4:12 pm
txn_1JJ93BJm8ehcCWGItDqFbZPg - 8994163459713276 - August 3, 2021, 4:12 pm
txn_3JJ2uTJm8ehcCWGI00Q4g4sK - 8994163459872270 - August 3, 2021, 4:12 pm
txn_3JJUfeJm8ehcCWGI0oEcWaIo - 8994163459714273 - August 3, 2021, 4:12 pm
txn_3JK4BlJm8ehcCWGI1FjknqIU - 8994163459712279 - August 3, 2021, 4:12 pm
txn_1JIzXVJm8ehcCWGIAuWhvr29 - 8994163459873277 - August 3, 2021, 4:12 pm
txn_1JJ2CJJm8ehcCWGIfc4QrtQ6 - 8994163459553278 - August 3, 2021, 4:12 pm
txn_3JJ1zeJm8ehcCWGI02v4W7dr - 8994163459893275 - August 3, 2021, 4:12 pm
txn_3JJzuRJm8ehcCWGI1uuTYl4M - 8994163459757270 - August 3, 2021, 4:12 pm
txn_3JJlQQJm8ehcCWGI1we0YeKH - 8994163459588270 - August 3, 2021, 4:12 pm
txn_3JJSl0Jm8ehcCWGI13vlkvPW - 8994163459585279 - August 3, 2021, 4:12 pm
txn_3JIzLLJm8ehcCWGI1KqQ7iP9 - 8994163459581271 - August 3, 2021, 4:12 pm
