2021Influencer620 - 8994163769522230 - May 5, 2021, 6:08 pm
txn_1InYtZJm8ehcCWGIKaBqpHuX - 8994163769862237 - May 5, 2021, 6:08 pm
txn_1InYWHJm8ehcCWGI1H770Bs9 - 8994163769520236 - May 5, 2021, 6:08 pm
txn_1InP6mJm8ehcCWGIAIovjyiT - 8994163769765231 - May 5, 2021, 6:08 pm
txn_1InSt1Jm8ehcCWGIXS00lKsS - 8994163769519230 - May 5, 2021, 6:08 pm
txn_1InGD2Jm8ehcCWGId8onQKH7 - 8994163769766238 - May 5, 2021, 6:08 pm
txn_1InU7sJm8ehcCWGI9kcuviBz - 8994163769518233 - May 5, 2021, 6:08 pm
txn_1InDZ3Jm8ehcCWGIUseY8NtI - 8994163769764234 - May 5, 2021, 6:08 pm
txn_1InYG0Jm8ehcCWGI1h0SPPwK - 8994163769859237 - May 5, 2021, 6:08 pm
txn_1InRGGJm8ehcCWGI5PHIxDxW - 8994163769517236 - May 5, 2021, 6:08 pm
txn_1InFMnJm8ehcCWGI9VrDPZsT - 8994163769858230 - May 5, 2021, 6:08 pm
txn_1InTrjJm8ehcCWGIb5cLXIQX - 8994163769516239 - May 5, 2021, 6:08 pm
txn_1InOQZJm8ehcCWGIO2lNOK5e - 8994163769763237 - May 5, 2021, 6:08 pm
txn_1InWUuJm8ehcCWGI9lYc256D - 8994163769762230 - May 5, 2021, 6:08 pm
txn_1InDWNJm8ehcCWGIHtxt9kA3 - 8994163769515232 - May 5, 2021, 6:08 pm
txn_1InR6nJm8ehcCWGIofBd7k2E - 8994163769856236 - May 5, 2021, 6:08 pm
txn_1InDhXJm8ehcCWGIuzx15J6C - 8994163769513238 - May 5, 2021, 6:08 pm
txn_1InNLdJm8ehcCWGIOR710C3r - 8994163769761233 - May 5, 2021, 6:08 pm
txn_1InSz4Jm8ehcCWGI5jBMh4pM - 8994163769857233 - May 5, 2021, 6:08 pm
txn_1InULwJm8ehcCWGIt4Qs3vTp - 8994163769512231 - May 5, 2021, 6:08 pm
txn_1InCkfJm8ehcCWGIzEFx1J0y - 8994163769760236 - May 5, 2021, 6:08 pm
2021Influencer620 - 8994163769522230 - May 5, 2021, 6:08 pm
txn_1InYtZJm8ehcCWGIKaBqpHuX - 8994163769862237 - May 5, 2021, 6:08 pm
txn_1InYWHJm8ehcCWGI1H770Bs9 - 8994163769520236 - May 5, 2021, 6:08 pm
txn_1InP6mJm8ehcCWGIAIovjyiT - 8994163769765231 - May 5, 2021, 6:08 pm
txn_1InSt1Jm8ehcCWGIXS00lKsS - 8994163769519230 - May 5, 2021, 6:08 pm
txn_1InGD2Jm8ehcCWGId8onQKH7 - 8994163769766238 - May 5, 2021, 6:08 pm
txn_1InU7sJm8ehcCWGI9kcuviBz - 8994163769518233 - May 5, 2021, 6:08 pm
txn_1InDZ3Jm8ehcCWGIUseY8NtI - 8994163769764234 - May 5, 2021, 6:08 pm
txn_1InYG0Jm8ehcCWGI1h0SPPwK - 8994163769859237 - May 5, 2021, 6:08 pm
txn_1InRGGJm8ehcCWGI5PHIxDxW - 8994163769517236 - May 5, 2021, 6:08 pm
txn_1InFMnJm8ehcCWGI9VrDPZsT - 8994163769858230 - May 5, 2021, 6:08 pm
txn_1InTrjJm8ehcCWGIb5cLXIQX - 8994163769516239 - May 5, 2021, 6:08 pm
txn_1InOQZJm8ehcCWGIO2lNOK5e - 8994163769763237 - May 5, 2021, 6:08 pm
txn_1InWUuJm8ehcCWGI9lYc256D - 8994163769762230 - May 5, 2021, 6:08 pm
txn_1InDWNJm8ehcCWGIHtxt9kA3 - 8994163769515232 - May 5, 2021, 6:08 pm
txn_1InR6nJm8ehcCWGIofBd7k2E - 8994163769856236 - May 5, 2021, 6:08 pm
txn_1InDhXJm8ehcCWGIuzx15J6C - 8994163769513238 - May 5, 2021, 6:08 pm
txn_1InNLdJm8ehcCWGIOR710C3r - 8994163769761233 - May 5, 2021, 6:08 pm
txn_1InSz4Jm8ehcCWGI5jBMh4pM - 8994163769857233 - May 5, 2021, 6:08 pm
txn_1InULwJm8ehcCWGIt4Qs3vTp - 8994163769512231 - May 5, 2021, 6:08 pm
txn_1InCkfJm8ehcCWGIzEFx1J0y - 8994163769760236 - May 5, 2021, 6:08 pm
2021Influencer620 - 8994163769522230 - May 5, 2021, 6:08 pm
txn_1InYtZJm8ehcCWGIKaBqpHuX - 8994163769862237 - May 5, 2021, 6:08 pm
txn_1InYWHJm8ehcCWGI1H770Bs9 - 8994163769520236 - May 5, 2021, 6:08 pm
txn_1InP6mJm8ehcCWGIAIovjyiT - 8994163769765231 - May 5, 2021, 6:08 pm
txn_1InSt1Jm8ehcCWGIXS00lKsS - 8994163769519230 - May 5, 2021, 6:08 pm
txn_1InGD2Jm8ehcCWGId8onQKH7 - 8994163769766238 - May 5, 2021, 6:08 pm
txn_1InU7sJm8ehcCWGI9kcuviBz - 8994163769518233 - May 5, 2021, 6:08 pm
txn_1InDZ3Jm8ehcCWGIUseY8NtI - 8994163769764234 - May 5, 2021, 6:08 pm
txn_1InYG0Jm8ehcCWGI1h0SPPwK - 8994163769859237 - May 5, 2021, 6:08 pm
txn_1InRGGJm8ehcCWGI5PHIxDxW - 8994163769517236 - May 5, 2021, 6:08 pm
txn_1InFMnJm8ehcCWGI9VrDPZsT - 8994163769858230 - May 5, 2021, 6:08 pm
txn_1InTrjJm8ehcCWGIb5cLXIQX - 8994163769516239 - May 5, 2021, 6:08 pm
txn_1InOQZJm8ehcCWGIO2lNOK5e - 8994163769763237 - May 5, 2021, 6:08 pm
txn_1InWUuJm8ehcCWGI9lYc256D - 8994163769762230 - May 5, 2021, 6:08 pm
txn_1InDWNJm8ehcCWGIHtxt9kA3 - 8994163769515232 - May 5, 2021, 6:08 pm
txn_1InR6nJm8ehcCWGIofBd7k2E - 8994163769856236 - May 5, 2021, 6:08 pm
txn_1InDhXJm8ehcCWGIuzx15J6C - 8994163769513238 - May 5, 2021, 6:08 pm
txn_1InNLdJm8ehcCWGIOR710C3r - 8994163769761233 - May 5, 2021, 6:08 pm
txn_1InSz4Jm8ehcCWGI5jBMh4pM - 8994163769857233 - May 5, 2021, 6:08 pm
txn_1InULwJm8ehcCWGIt4Qs3vTp - 8994163769512231 - May 5, 2021, 6:08 pm
txn_1InCkfJm8ehcCWGIzEFx1J0y - 8994163769760236 - May 5, 2021, 6:08 pm
2021Influencer619 - 8994163769867232 - May 5, 2021, 6:08 pm
2021Influencer620 - 8994163769522230 - May 5, 2021, 6:08 pm
txn_1InYtZJm8ehcCWGIKaBqpHuX - 8994163769862237 - May 5, 2021, 6:08 pm
txn_1InYWHJm8ehcCWGI1H770Bs9 - 8994163769520236 - May 5, 2021, 6:08 pm
txn_1InP6mJm8ehcCWGIAIovjyiT - 8994163769765231 - May 5, 2021, 6:08 pm
txn_1InSt1Jm8ehcCWGIXS00lKsS - 8994163769519230 - May 5, 2021, 6:08 pm
txn_1InGD2Jm8ehcCWGId8onQKH7 - 8994163769766238 - May 5, 2021, 6:08 pm
txn_1InU7sJm8ehcCWGI9kcuviBz - 8994163769518233 - May 5, 2021, 6:08 pm
txn_1InDZ3Jm8ehcCWGIUseY8NtI - 8994163769764234 - May 5, 2021, 6:08 pm
txn_1InYG0Jm8ehcCWGI1h0SPPwK - 8994163769859237 - May 5, 2021, 6:08 pm
txn_1InRGGJm8ehcCWGI5PHIxDxW - 8994163769517236 - May 5, 2021, 6:08 pm
txn_1InFMnJm8ehcCWGI9VrDPZsT - 8994163769858230 - May 5, 2021, 6:08 pm
txn_1InTrjJm8ehcCWGIb5cLXIQX - 8994163769516239 - May 5, 2021, 6:08 pm
txn_1InOQZJm8ehcCWGIO2lNOK5e - 8994163769763237 - May 5, 2021, 6:08 pm
txn_1InWUuJm8ehcCWGI9lYc256D - 8994163769762230 - May 5, 2021, 6:08 pm
txn_1InDWNJm8ehcCWGIHtxt9kA3 - 8994163769515232 - May 5, 2021, 6:08 pm
txn_1InR6nJm8ehcCWGIofBd7k2E - 8994163769856236 - May 5, 2021, 6:08 pm
txn_1InDhXJm8ehcCWGIuzx15J6C - 8994163769513238 - May 5, 2021, 6:08 pm
txn_1InNLdJm8ehcCWGIOR710C3r - 8994163769761233 - May 5, 2021, 6:08 pm
txn_1InSz4Jm8ehcCWGI5jBMh4pM - 8994163769857233 - May 5, 2021, 6:08 pm
txn_1InULwJm8ehcCWGIt4Qs3vTp - 8994163769512231 - May 5, 2021, 6:08 pm
txn_1InCkfJm8ehcCWGIzEFx1J0y - 8994163769760236 - May 5, 2021, 6:08 pm
2021Influencer619 - 8994163769867232 - May 5, 2021, 6:08 pm
