txn_1I6ReAJm8ehcCWGIhhhU3R7f - 8994163527516938 - January 6, 2021, 2:14 pm
txn_1I6TFYJm8ehcCWGIiPAjxwlS - 8994163527487931 - January 6, 2021, 2:14 pm
2021Influencer11 - 8994163527651936 - January 6, 2021, 2:14 pm
2021Influencer8 - 8994163527488938 - January 6, 2021, 2:14 pm
2021Influencer14 - 8994163527489935 - January 6, 2021, 2:14 pm
2021Influencer5 - 8994163527650939 - January 6, 2021, 2:14 pm
txn_1I6gV0Jm8ehcCWGI8jJIVey1 - 8994163527485937 - January 6, 2021, 2:14 pm
2021Influencer7 - 8994163527640930 - January 6, 2021, 2:14 pm
2021Influencer13 - 8994163527477932 - January 6, 2021, 2:14 pm
txn_1I6fj2Jm8ehcCWGIfMWhRZgj - 8994163527476935 - January 6, 2021, 2:14 pm
2021Influencer10 - 8994163527638937 - January 6, 2021, 2:14 pm
2021Influencer4 - 8994163527367936 - January 6, 2021, 2:14 pm
2021Influencer16 - 8994163527639934 - January 6, 2021, 2:14 pm
2021Influencer6 - 8994163527459938 - January 6, 2021, 2:14 pm
2021Influencer12 - 8994163527615938 - January 6, 2021, 2:14 pm
2021Influencer3 - 8994163527616935 - January 6, 2021, 2:14 pm
2021Influencer9 - 8994163527460934 - January 6, 2021, 2:14 pm
txn_1I6gCkJm8ehcCWGI3M6d0NBb - 8994163527614931 - January 6, 2021, 2:14 pm
2021Influencer15 - 8994163527613934 - January 6, 2021, 2:14 pm
c8d4fc44-7b3f-abeb-49fd-91009a3a2df6 - 8994163530061937 - January 6, 2021, 2:17 pm
txn_1I6hmDJm8ehcCWGI8kf6E8ga - 8994163558884938 - January 6, 2021, 2:58 pm
txn_1I6h3cJm8ehcCWGIOr4HAoWY - 8994163559060935 - January 6, 2021, 2:58 pm
txn_1I6hyfJm8ehcCWGIxU7VBJYi - 8994163558886932 - January 6, 2021, 2:58 pm
