txn_1Im07UJm8ehcCWGIxIQFVWv9 - 8994163548495236 - May 2, 2021, 8:23 pm
txn_1Im5kQJm8ehcCWGIzdEvculs - 8994163548327230 - May 2, 2021, 8:23 pm
txn_1ImRzHJm8ehcCWGI048t6PWs - 8994163548330230 - May 2, 2021, 8:23 pm
txn_1Im9LyJm8ehcCWGIe3gQnKO8 - 8994163548329234 - May 2, 2021, 8:23 pm
txn_1Im1TyJm8ehcCWGIGKBFNMIl - 8994163547986230 - May 2, 2021, 8:23 pm
txn_1ImQwjJm8ehcCWGIAgiXIzJS - 8994163547985233 - May 2, 2021, 8:23 pm
txn_1IltC9Jm8ehcCWGInVSPmgBR - 8994163547984236 - May 2, 2021, 8:23 pm
txn_1Im8xVJm8ehcCWGInvR18d3W - 8994163548328237 - May 2, 2021, 8:23 pm
txn_1Im1SwJm8ehcCWGIsIcaIsHG - 8994163548326233 - May 2, 2021, 8:23 pm
txn_1Im8eaJm8ehcCWGICDQmyxbv - 8994163547982232 - May 2, 2021, 8:23 pm
txn_1IlorUJm8ehcCWGIfgyv6TmH - 8994163548325236 - May 2, 2021, 8:23 pm
txn_1ImKfYJm8ehcCWGIQMl9wJ3o - 8994163548494239 - May 2, 2021, 8:23 pm
txn_1Im4a6Jm8ehcCWGI0b5tcDk9 - 8994163548493232 - May 2, 2021, 8:23 pm
txn_1IlzQlJm8ehcCWGIC4wlZM3e - 8994163548324239 - May 2, 2021, 8:23 pm
txn_1Im1MdJm8ehcCWGI3xaK6WLZ - 8994163548323232 - May 2, 2021, 8:23 pm
txn_1Im7QLJm8ehcCWGIR1QY257b - 8994163547981235 - May 2, 2021, 8:23 pm
txn_1IlnvLJm8ehcCWGIgGVF80qs - 8994163548490231 - May 2, 2021, 8:23 pm
txn_1Im3QAJm8ehcCWGIOkrQ4VIp - 8994163548320231 - May 2, 2021, 8:23 pm
txn_1ImJVyJm8ehcCWGINYQJ4X3q - 8994163548321238 - May 2, 2021, 8:23 pm
txn_1Ilz9jJm8ehcCWGI0rN4VnAc - 8994163548488238 - May 2, 2021, 8:23 pm
txn_1Im10dJm8ehcCWGIvNUKzNy5 - 8994163547980238 - May 2, 2021, 8:23 pm
txn_1Im7B2Jm8ehcCWGIrGghNkeA - 8994163547979232 - May 2, 2021, 8:23 pm
txn_1IlmvKJm8ehcCWGIIkareSxa - 8994163548319235 - May 2, 2021, 8:23 pm
txn_1ImBE0Jm8ehcCWGIkdyeYUU1 - 8994163548318238 - May 2, 2021, 8:23 pm
txn_1Ilya5Jm8ehcCWGIvItAGE5I - 8994163548487231 - May 2, 2021, 8:23 pm
txn_1Im3PxJm8ehcCWGIEMgNyMDQ - 8994163548486234 - May 2, 2021, 8:23 pm
txn_1Im0bFJm8ehcCWGIGsiVT3oq - 8994163547978235 - May 2, 2021, 8:23 pm
txn_1Ilm9cJm8ehcCWGItgte3CL3 - 8994163548485237 - May 2, 2021, 8:23 pm
txn_1ImAv9Jm8ehcCWGIWIO7bLRI - 8994163548317231 - May 2, 2021, 8:23 pm
txn_1IlyQkJm8ehcCWGIQItrL3qR - 8994163547977238 - May 2, 2021, 8:23 pm
txn_1Im71vJm8ehcCWGIq5JwwbOC - 8994163548316234 - May 2, 2021, 8:23 pm
txn_1Im0X4Jm8ehcCWGI544IbjO3 - 8994163548483233 - May 2, 2021, 8:23 pm
txn_1Im2ycJm8ehcCWGIy23yIE9J - 8994163548484230 - May 2, 2021, 8:23 pm
txn_1Im07UJm8ehcCWGIxIQFVWv9 - 8994163548495236 - May 2, 2021, 8:24 pm
txn_1Im5kQJm8ehcCWGIzdEvculs - 8994163548327230 - May 2, 2021, 8:24 pm
txn_1ImRzHJm8ehcCWGI048t6PWs - 8994163548330230 - May 2, 2021, 8:24 pm
txn_1Im9LyJm8ehcCWGIe3gQnKO8 - 8994163548329234 - May 2, 2021, 8:24 pm
txn_1Im1TyJm8ehcCWGIGKBFNMIl - 8994163547986230 - May 2, 2021, 8:24 pm
txn_1ImQwjJm8ehcCWGIAgiXIzJS - 8994163547985233 - May 2, 2021, 8:24 pm
txn_1IltC9Jm8ehcCWGInVSPmgBR - 8994163547984236 - May 2, 2021, 8:24 pm
txn_1Im8xVJm8ehcCWGInvR18d3W - 8994163548328237 - May 2, 2021, 8:24 pm
txn_1Im1SwJm8ehcCWGIsIcaIsHG - 8994163548326233 - May 2, 2021, 8:24 pm
txn_1Im8eaJm8ehcCWGICDQmyxbv - 8994163547982232 - May 2, 2021, 8:24 pm
txn_1IlorUJm8ehcCWGIfgyv6TmH - 8994163548325236 - May 2, 2021, 8:24 pm
txn_1ImKfYJm8ehcCWGIQMl9wJ3o - 8994163548494239 - May 2, 2021, 8:24 pm
txn_1Im4a6Jm8ehcCWGI0b5tcDk9 - 8994163548493232 - May 2, 2021, 8:24 pm
txn_1IlzQlJm8ehcCWGIC4wlZM3e - 8994163548324239 - May 2, 2021, 8:24 pm
txn_1Im1MdJm8ehcCWGI3xaK6WLZ - 8994163548323232 - May 2, 2021, 8:24 pm
txn_1Im7QLJm8ehcCWGIR1QY257b - 8994163547981235 - May 2, 2021, 8:24 pm
txn_1IlnvLJm8ehcCWGIgGVF80qs - 8994163548490231 - May 2, 2021, 8:24 pm
txn_1Im3QAJm8ehcCWGIOkrQ4VIp - 8994163548320231 - May 2, 2021, 8:24 pm
txn_1ImJVyJm8ehcCWGINYQJ4X3q - 8994163548321238 - May 2, 2021, 8:24 pm
txn_1Ilz9jJm8ehcCWGI0rN4VnAc - 8994163548488238 - May 2, 2021, 8:24 pm
txn_1Im10dJm8ehcCWGIvNUKzNy5 - 8994163547980238 - May 2, 2021, 8:24 pm
txn_1Im7B2Jm8ehcCWGIrGghNkeA - 8994163547979232 - May 2, 2021, 8:24 pm
txn_1IlmvKJm8ehcCWGIIkareSxa - 8994163548319235 - May 2, 2021, 8:24 pm
txn_1ImBE0Jm8ehcCWGIkdyeYUU1 - 8994163548318238 - May 2, 2021, 8:24 pm
txn_1Ilya5Jm8ehcCWGIvItAGE5I - 8994163548487231 - May 2, 2021, 8:24 pm
txn_1Im3PxJm8ehcCWGIEMgNyMDQ - 8994163548486234 - May 2, 2021, 8:24 pm
txn_1Im0bFJm8ehcCWGIGsiVT3oq - 8994163547978235 - May 2, 2021, 8:24 pm
txn_1Ilm9cJm8ehcCWGItgte3CL3 - 8994163548485237 - May 2, 2021, 8:24 pm
txn_1ImAv9Jm8ehcCWGIWIO7bLRI - 8994163548317231 - May 2, 2021, 8:24 pm
txn_1IlyQkJm8ehcCWGIQItrL3qR - 8994163547977238 - May 2, 2021, 8:24 pm
txn_1Im71vJm8ehcCWGIq5JwwbOC - 8994163548316234 - May 2, 2021, 8:24 pm
txn_1Im0X4Jm8ehcCWGI544IbjO3 - 8994163548483233 - May 2, 2021, 8:24 pm
txn_1Im2ycJm8ehcCWGIy23yIE9J - 8994163548484230 - May 2, 2021, 8:24 pm
txn_1ImSW1Jm8ehcCWGIfcKKdEfZ - 8994163548501234 - May 2, 2021, 8:24 pm
txn_1Im4oJJm8ehcCWGI0GisZKdA - 8994163547997236 - May 2, 2021, 8:24 pm
txn_1ImPUnJm8ehcCWGIG5thGaaN - 8994163547996239 - May 2, 2021, 8:24 pm
txn_1Im2ZzJm8ehcCWGII9dcNOYP - 8994163548344237 - May 2, 2021, 8:24 pm
txn_1ImN83Jm8ehcCWGI8LfKw3qR - 8994163548500237 - May 2, 2021, 8:24 pm
txn_1Im0CnJm8ehcCWGI8RsyuRx4 - 8994163548499234 - May 2, 2021, 8:24 pm
txn_1ImMwNJm8ehcCWGIGDv7LjJI - 8994163547994235 - May 2, 2021, 8:24 pm
txn_1Ilzw0Jm8ehcCWGIufNxEuxx - 8994163547993238 - May 2, 2021, 8:24 pm
txn_1Im9jWJm8ehcCWGIHIz4SRGw - 8994163548342233 - May 2, 2021, 8:24 pm
txn_1Ilxz5Jm8ehcCWGID2bTtJld -  - May 2, 2021, 8:24 pm
txn_1IluXvJm8ehcCWGI39od0zfw -  - May 2, 2021, 8:24 pm
txn_1Im07UJm8ehcCWGIxIQFVWv9 - 8994163548495236 - May 2, 2021, 8:24 pm
txn_1Im5kQJm8ehcCWGIzdEvculs - 8994163548327230 - May 2, 2021, 8:24 pm
txn_1ImRzHJm8ehcCWGI048t6PWs - 8994163548330230 - May 2, 2021, 8:24 pm
txn_1Im9LyJm8ehcCWGIe3gQnKO8 - 8994163548329234 - May 2, 2021, 8:24 pm
txn_1Im1TyJm8ehcCWGIGKBFNMIl - 8994163547986230 - May 2, 2021, 8:24 pm
txn_1ImQwjJm8ehcCWGIAgiXIzJS - 8994163547985233 - May 2, 2021, 8:24 pm
txn_1IltC9Jm8ehcCWGInVSPmgBR - 8994163547984236 - May 2, 2021, 8:24 pm
txn_1Im8xVJm8ehcCWGInvR18d3W - 8994163548328237 - May 2, 2021, 8:24 pm
txn_1Im1SwJm8ehcCWGIsIcaIsHG - 8994163548326233 - May 2, 2021, 8:24 pm
txn_1Im8eaJm8ehcCWGICDQmyxbv - 8994163547982232 - May 2, 2021, 8:24 pm
txn_1IlorUJm8ehcCWGIfgyv6TmH - 8994163548325236 - May 2, 2021, 8:24 pm
txn_1ImKfYJm8ehcCWGIQMl9wJ3o - 8994163548494239 - May 2, 2021, 8:24 pm
txn_1Im4a6Jm8ehcCWGI0b5tcDk9 - 8994163548493232 - May 2, 2021, 8:24 pm
txn_1IlzQlJm8ehcCWGIC4wlZM3e - 8994163548324239 - May 2, 2021, 8:24 pm
txn_1Im1MdJm8ehcCWGI3xaK6WLZ - 8994163548323232 - May 2, 2021, 8:24 pm
txn_1Im7QLJm8ehcCWGIR1QY257b - 8994163547981235 - May 2, 2021, 8:24 pm
txn_1IlnvLJm8ehcCWGIgGVF80qs - 8994163548490231 - May 2, 2021, 8:24 pm
txn_1Im3QAJm8ehcCWGIOkrQ4VIp - 8994163548320231 - May 2, 2021, 8:24 pm
txn_1ImJVyJm8ehcCWGINYQJ4X3q - 8994163548321238 - May 2, 2021, 8:24 pm
txn_1Ilz9jJm8ehcCWGI0rN4VnAc - 8994163548488238 - May 2, 2021, 8:24 pm
txn_1Im10dJm8ehcCWGIvNUKzNy5 - 8994163547980238 - May 2, 2021, 8:24 pm
txn_1Im7B2Jm8ehcCWGIrGghNkeA - 8994163547979232 - May 2, 2021, 8:24 pm
txn_1IlmvKJm8ehcCWGIIkareSxa - 8994163548319235 - May 2, 2021, 8:24 pm
txn_1ImBE0Jm8ehcCWGIkdyeYUU1 - 8994163548318238 - May 2, 2021, 8:24 pm
txn_1Ilya5Jm8ehcCWGIvItAGE5I - 8994163548487231 - May 2, 2021, 8:24 pm
txn_1Im3PxJm8ehcCWGIEMgNyMDQ - 8994163548486234 - May 2, 2021, 8:24 pm
txn_1Im0bFJm8ehcCWGIGsiVT3oq - 8994163547978235 - May 2, 2021, 8:24 pm
txn_1Ilm9cJm8ehcCWGItgte3CL3 - 8994163548485237 - May 2, 2021, 8:24 pm
txn_1ImAv9Jm8ehcCWGIWIO7bLRI - 8994163548317231 - May 2, 2021, 8:24 pm
txn_1IlyQkJm8ehcCWGIQItrL3qR - 8994163547977238 - May 2, 2021, 8:24 pm
txn_1Im71vJm8ehcCWGIq5JwwbOC - 8994163548316234 - May 2, 2021, 8:24 pm
txn_1Im0X4Jm8ehcCWGI544IbjO3 - 8994163548483233 - May 2, 2021, 8:24 pm
txn_1Im2ycJm8ehcCWGIy23yIE9J - 8994163548484230 - May 2, 2021, 8:24 pm
txn_1Im6A5Jm8ehcCWGI4DoozvrD - 8994163548502231 - May 2, 2021, 8:24 pm
txn_1ImSW1Jm8ehcCWGIfcKKdEfZ - 8994163548501234 - May 2, 2021, 8:24 pm
txn_1Im4oJJm8ehcCWGI0GisZKdA - 8994163547997236 - May 2, 2021, 8:24 pm
txn_1ImPUnJm8ehcCWGIG5thGaaN - 8994163547996239 - May 2, 2021, 8:24 pm
txn_1Im2ZzJm8ehcCWGII9dcNOYP - 8994163548344237 - May 2, 2021, 8:24 pm
txn_1ImN83Jm8ehcCWGI8LfKw3qR - 8994163548500237 - May 2, 2021, 8:24 pm
txn_1Im0CnJm8ehcCWGI8RsyuRx4 - 8994163548499234 - May 2, 2021, 8:24 pm
txn_1ImMwNJm8ehcCWGIGDv7LjJI - 8994163547994235 - May 2, 2021, 8:24 pm
txn_1Ilzw0Jm8ehcCWGIufNxEuxx - 8994163547993238 - May 2, 2021, 8:24 pm
txn_1Im9jWJm8ehcCWGIHIz4SRGw - 8994163548342233 - May 2, 2021, 8:24 pm
txn_1IluXvJm8ehcCWGI39od0zfw - 8994163547998233 - May 2, 2021, 8:24 pm
txn_1Ilxz5Jm8ehcCWGID2bTtJld - 8994163547999230 - May 2, 2021, 8:24 pm
txn_1Im07UJm8ehcCWGIxIQFVWv9 - 8994163548495236 - May 2, 2021, 8:25 pm
txn_1Im5kQJm8ehcCWGIzdEvculs - 8994163548327230 - May 2, 2021, 8:25 pm
txn_1ImRzHJm8ehcCWGI048t6PWs - 8994163548330230 - May 2, 2021, 8:25 pm
txn_1Im9LyJm8ehcCWGIe3gQnKO8 - 8994163548329234 - May 2, 2021, 8:25 pm
txn_1Im1TyJm8ehcCWGIGKBFNMIl - 8994163547986230 - May 2, 2021, 8:25 pm
txn_1ImQwjJm8ehcCWGIAgiXIzJS - 8994163547985233 - May 2, 2021, 8:25 pm
txn_1IltC9Jm8ehcCWGInVSPmgBR - 8994163547984236 - May 2, 2021, 8:25 pm
txn_1Im8xVJm8ehcCWGInvR18d3W - 8994163548328237 - May 2, 2021, 8:25 pm
txn_1Im1SwJm8ehcCWGIsIcaIsHG - 8994163548326233 - May 2, 2021, 8:25 pm
txn_1Im8eaJm8ehcCWGICDQmyxbv - 8994163547982232 - May 2, 2021, 8:25 pm
txn_1IlorUJm8ehcCWGIfgyv6TmH - 8994163548325236 - May 2, 2021, 8:25 pm
txn_1ImKfYJm8ehcCWGIQMl9wJ3o - 8994163548494239 - May 2, 2021, 8:25 pm
txn_1Im4a6Jm8ehcCWGI0b5tcDk9 - 8994163548493232 - May 2, 2021, 8:25 pm
txn_1IlzQlJm8ehcCWGIC4wlZM3e - 8994163548324239 - May 2, 2021, 8:25 pm
txn_1Im1MdJm8ehcCWGI3xaK6WLZ - 8994163548323232 - May 2, 2021, 8:25 pm
txn_1Im7QLJm8ehcCWGIR1QY257b - 8994163547981235 - May 2, 2021, 8:25 pm
txn_1IlnvLJm8ehcCWGIgGVF80qs - 8994163548490231 - May 2, 2021, 8:25 pm
txn_1Im3QAJm8ehcCWGIOkrQ4VIp - 8994163548320231 - May 2, 2021, 8:25 pm
txn_1ImJVyJm8ehcCWGINYQJ4X3q - 8994163548321238 - May 2, 2021, 8:25 pm
txn_1Ilz9jJm8ehcCWGI0rN4VnAc - 8994163548488238 - May 2, 2021, 8:25 pm
txn_1Im10dJm8ehcCWGIvNUKzNy5 - 8994163547980238 - May 2, 2021, 8:25 pm
txn_1Im7B2Jm8ehcCWGIrGghNkeA - 8994163547979232 - May 2, 2021, 8:25 pm
txn_1IlmvKJm8ehcCWGIIkareSxa - 8994163548319235 - May 2, 2021, 8:25 pm
txn_1ImBE0Jm8ehcCWGIkdyeYUU1 - 8994163548318238 - May 2, 2021, 8:25 pm
txn_1Ilya5Jm8ehcCWGIvItAGE5I - 8994163548487231 - May 2, 2021, 8:25 pm
txn_1Im3PxJm8ehcCWGIEMgNyMDQ - 8994163548486234 - May 2, 2021, 8:25 pm
txn_1Im0bFJm8ehcCWGIGsiVT3oq - 8994163547978235 - May 2, 2021, 8:25 pm
txn_1Ilm9cJm8ehcCWGItgte3CL3 - 8994163548485237 - May 2, 2021, 8:25 pm
txn_1ImAv9Jm8ehcCWGIWIO7bLRI - 8994163548317231 - May 2, 2021, 8:25 pm
txn_1IlyQkJm8ehcCWGIQItrL3qR - 8994163547977238 - May 2, 2021, 8:25 pm
txn_1Im71vJm8ehcCWGIq5JwwbOC - 8994163548316234 - May 2, 2021, 8:25 pm
txn_1Im0X4Jm8ehcCWGI544IbjO3 - 8994163548483233 - May 2, 2021, 8:25 pm
txn_1Im2ycJm8ehcCWGIy23yIE9J - 8994163548484230 - May 2, 2021, 8:25 pm
txn_1Im6A5Jm8ehcCWGI4DoozvrD - 8994163548502231 - May 2, 2021, 8:25 pm
txn_1ImSW1Jm8ehcCWGIfcKKdEfZ - 8994163548501234 - May 2, 2021, 8:25 pm
txn_1Im4oJJm8ehcCWGI0GisZKdA - 8994163547997236 - May 2, 2021, 8:25 pm
txn_1ImPUnJm8ehcCWGIG5thGaaN - 8994163547996239 - May 2, 2021, 8:25 pm
txn_1Im2ZzJm8ehcCWGII9dcNOYP - 8994163548344237 - May 2, 2021, 8:25 pm
txn_1ImN83Jm8ehcCWGI8LfKw3qR - 8994163548500237 - May 2, 2021, 8:25 pm
txn_1Im0CnJm8ehcCWGI8RsyuRx4 - 8994163548499234 - May 2, 2021, 8:25 pm
txn_1ImMwNJm8ehcCWGIGDv7LjJI - 8994163547994235 - May 2, 2021, 8:25 pm
txn_1Ilzw0Jm8ehcCWGIufNxEuxx - 8994163547993238 - May 2, 2021, 8:25 pm
txn_1Im9jWJm8ehcCWGIHIz4SRGw - 8994163548342233 - May 2, 2021, 8:25 pm
txn_1IluXvJm8ehcCWGI39od0zfw - 8994163547998233 - May 2, 2021, 8:25 pm
txn_1Ilxz5Jm8ehcCWGID2bTtJld - 8994163547999230 - May 2, 2021, 8:25 pm
2021Influencer613 - 8994163549064233 - May 2, 2021, 8:48 pm
2021Influencer611 - 8994163549065230 - May 2, 2021, 8:48 pm
2021Influencer612 - 8994163548699238 - May 2, 2021, 8:48 pm
