txn_1Il276Jm8ehcCWGIAuCTwiWc - 8994163456104237 - April 29, 2021, 4:55 pm
2021Influencer609 - 8994163456282232 - April 29, 2021, 4:55 pm
txn_1Il3L9Jm8ehcCWGI2lJCTaz9 - 8994163455917234 - April 29, 2021, 4:55 pm
2021Influencer604 - 8994163455916237 - April 29, 2021, 4:55 pm
txn_1Il5y3Jm8ehcCWGIXpPcAhkF - 8994163456110238 - April 29, 2021, 4:55 pm
2021Influencer608 - 8994163456109232 - April 29, 2021, 4:55 pm
txn_1IlM8TJm8ehcCWGIdwltdBFT - 8994163456279232 - April 29, 2021, 4:55 pm
txn_1IlGwBJm8ehcCWGIUjTzlMWr - 8994163456278235 - April 29, 2021, 4:55 pm
txn_1Il3EOJm8ehcCWGIL8AVsCGy - 8994163456107238 - April 29, 2021, 4:55 pm
2021Influencer603 - 8994163456277238 - April 29, 2021, 4:55 pm
txn_1Il5RuJm8ehcCWGIZmFhgghE - 8994163455915230 - April 29, 2021, 4:55 pm
2021Influencer607 - 8994163456275234 - April 29, 2021, 4:55 pm
txn_1IlFYXJm8ehcCWGIi95nXVsh - 8994163456276231 - April 29, 2021, 4:55 pm
txn_1IlKktJm8ehcCWGIe18vkyzU - 8994163456274237 - April 29, 2021, 4:55 pm
txn_1Il2GmJm8ehcCWGINMz3jEHU - 8994163456106231 - April 29, 2021, 4:55 pm
txn_1Il5AdJm8ehcCWGIUwjpHWBb - 8994163455913236 - April 29, 2021, 4:55 pm
txn_1IlNehJm8ehcCWGIcbl40WWb - 8994163456273230 - April 29, 2021, 4:55 pm
txn_1IlEEkJm8ehcCWGIoIi4xSd8 - 8994163456271236 - April 29, 2021, 4:55 pm
2021Influencer606 - 8994163456272233 - April 29, 2021, 4:55 pm
txn_1Iipw7Jm8ehcCWGIxiyOf61d_X - 8994163455912239 - April 29, 2021, 4:55 pm
txn_1Il3lEJm8ehcCWGICEZ4Yu4M - 8994163456267239 - April 29, 2021, 4:55 pm
txn_1IlMmdJm8ehcCWGIhvbP1WRf - 8994163456268236 - April 29, 2021, 4:55 pm
txn_1IlBMBJm8ehcCWGIBs8U2eYP - 8994163456266232 - April 29, 2021, 4:55 pm
2021Influencer605 - 8994163456264238 - April 29, 2021, 4:55 pm
txn_1IlI5IJm8ehcCWGIw20ZVTOE - 8994163456265235 - April 29, 2021, 4:55 pm
txn_1Il276Jm8ehcCWGIAuCTwiWc - 8994163456104237 - April 29, 2021, 4:56 pm
2021Influencer609 - 8994163456282232 - April 29, 2021, 4:56 pm
txn_1Il3L9Jm8ehcCWGI2lJCTaz9 - 8994163455917234 - April 29, 2021, 4:56 pm
2021Influencer604 - 8994163455916237 - April 29, 2021, 4:56 pm
txn_1Il5y3Jm8ehcCWGIXpPcAhkF - 8994163456110238 - April 29, 2021, 4:56 pm
2021Influencer608 - 8994163456109232 - April 29, 2021, 4:56 pm
txn_1IlM8TJm8ehcCWGIdwltdBFT - 8994163456279232 - April 29, 2021, 4:56 pm
txn_1IlGwBJm8ehcCWGIUjTzlMWr - 8994163456278235 - April 29, 2021, 4:56 pm
txn_1Il3EOJm8ehcCWGIL8AVsCGy - 8994163456107238 - April 29, 2021, 4:56 pm
2021Influencer603 - 8994163456277238 - April 29, 2021, 4:56 pm
txn_1Il5RuJm8ehcCWGIZmFhgghE - 8994163455915230 - April 29, 2021, 4:56 pm
2021Influencer607 - 8994163456275234 - April 29, 2021, 4:56 pm
txn_1IlFYXJm8ehcCWGIi95nXVsh - 8994163456276231 - April 29, 2021, 4:56 pm
txn_1IlKktJm8ehcCWGIe18vkyzU - 8994163456274237 - April 29, 2021, 4:56 pm
txn_1Il2GmJm8ehcCWGINMz3jEHU - 8994163456106231 - April 29, 2021, 4:56 pm
txn_1Il5AdJm8ehcCWGIUwjpHWBb - 8994163455913236 - April 29, 2021, 4:56 pm
txn_1IlNehJm8ehcCWGIcbl40WWb - 8994163456273230 - April 29, 2021, 4:56 pm
txn_1IlEEkJm8ehcCWGIoIi4xSd8 - 8994163456271236 - April 29, 2021, 4:56 pm
2021Influencer606 - 8994163456272233 - April 29, 2021, 4:56 pm
txn_1Iipw7Jm8ehcCWGIxiyOf61d_X - 8994163455912239 - April 29, 2021, 4:56 pm
txn_1Il3lEJm8ehcCWGICEZ4Yu4M - 8994163456267239 - April 29, 2021, 4:56 pm
txn_1IlMmdJm8ehcCWGIhvbP1WRf - 8994163456268236 - April 29, 2021, 4:56 pm
txn_1IlBMBJm8ehcCWGIBs8U2eYP - 8994163456266232 - April 29, 2021, 4:56 pm
2021Influencer605 - 8994163456264238 - April 29, 2021, 4:56 pm
txn_1IlI5IJm8ehcCWGIw20ZVTOE - 8994163456265235 - April 29, 2021, 4:56 pm
txn_1Il276Jm8ehcCWGIAuCTwiWc - 8994163456104237 - April 29, 2021, 4:56 pm
2021Influencer609 - 8994163456282232 - April 29, 2021, 4:56 pm
txn_1Il3L9Jm8ehcCWGI2lJCTaz9 - 8994163455917234 - April 29, 2021, 4:56 pm
2021Influencer604 - 8994163455916237 - April 29, 2021, 4:56 pm
txn_1Il5y3Jm8ehcCWGIXpPcAhkF - 8994163456110238 - April 29, 2021, 4:56 pm
2021Influencer608 - 8994163456109232 - April 29, 2021, 4:56 pm
txn_1IlM8TJm8ehcCWGIdwltdBFT - 8994163456279232 - April 29, 2021, 4:56 pm
txn_1IlGwBJm8ehcCWGIUjTzlMWr - 8994163456278235 - April 29, 2021, 4:56 pm
txn_1Il3EOJm8ehcCWGIL8AVsCGy - 8994163456107238 - April 29, 2021, 4:56 pm
2021Influencer603 - 8994163456277238 - April 29, 2021, 4:56 pm
txn_1Il5RuJm8ehcCWGIZmFhgghE - 8994163455915230 - April 29, 2021, 4:56 pm
2021Influencer607 - 8994163456275234 - April 29, 2021, 4:56 pm
txn_1IlFYXJm8ehcCWGIi95nXVsh - 8994163456276231 - April 29, 2021, 4:56 pm
txn_1IlKktJm8ehcCWGIe18vkyzU - 8994163456274237 - April 29, 2021, 4:56 pm
txn_1Il2GmJm8ehcCWGINMz3jEHU - 8994163456106231 - April 29, 2021, 4:56 pm
txn_1Il5AdJm8ehcCWGIUwjpHWBb - 8994163455913236 - April 29, 2021, 4:56 pm
txn_1IlNehJm8ehcCWGIcbl40WWb - 8994163456273230 - April 29, 2021, 4:56 pm
txn_1IlEEkJm8ehcCWGIoIi4xSd8 - 8994163456271236 - April 29, 2021, 4:56 pm
2021Influencer606 - 8994163456272233 - April 29, 2021, 4:56 pm
txn_1Iipw7Jm8ehcCWGIxiyOf61d_X - 8994163455912239 - April 29, 2021, 4:56 pm
txn_1Il3lEJm8ehcCWGICEZ4Yu4M - 8994163456267239 - April 29, 2021, 4:56 pm
txn_1IlMmdJm8ehcCWGIhvbP1WRf - 8994163456268236 - April 29, 2021, 4:56 pm
txn_1IlBMBJm8ehcCWGIBs8U2eYP - 8994163456266232 - April 29, 2021, 4:56 pm
2021Influencer605 - 8994163456264238 - April 29, 2021, 4:56 pm
txn_1IlI5IJm8ehcCWGIw20ZVTOE - 8994163456265235 - April 29, 2021, 4:56 pm
2021Influencer610 - 8994163456300233 - April 29, 2021, 4:56 pm
txn_1Il276Jm8ehcCWGIAuCTwiWc - 8994163456104237 - April 29, 2021, 4:56 pm
2021Influencer609 - 8994163456282232 - April 29, 2021, 4:56 pm
txn_1Il3L9Jm8ehcCWGI2lJCTaz9 - 8994163455917234 - April 29, 2021, 4:56 pm
2021Influencer604 - 8994163455916237 - April 29, 2021, 4:56 pm
txn_1Il5y3Jm8ehcCWGIXpPcAhkF - 8994163456110238 - April 29, 2021, 4:56 pm
2021Influencer608 - 8994163456109232 - April 29, 2021, 4:56 pm
txn_1IlM8TJm8ehcCWGIdwltdBFT - 8994163456279232 - April 29, 2021, 4:56 pm
txn_1IlGwBJm8ehcCWGIUjTzlMWr - 8994163456278235 - April 29, 2021, 4:56 pm
txn_1Il3EOJm8ehcCWGIL8AVsCGy - 8994163456107238 - April 29, 2021, 4:56 pm
2021Influencer603 - 8994163456277238 - April 29, 2021, 4:56 pm
txn_1Il5RuJm8ehcCWGIZmFhgghE - 8994163455915230 - April 29, 2021, 4:56 pm
2021Influencer607 - 8994163456275234 - April 29, 2021, 4:56 pm
txn_1IlFYXJm8ehcCWGIi95nXVsh - 8994163456276231 - April 29, 2021, 4:56 pm
txn_1IlKktJm8ehcCWGIe18vkyzU - 8994163456274237 - April 29, 2021, 4:56 pm
txn_1Il2GmJm8ehcCWGINMz3jEHU - 8994163456106231 - April 29, 2021, 4:56 pm
txn_1Il5AdJm8ehcCWGIUwjpHWBb - 8994163455913236 - April 29, 2021, 4:56 pm
txn_1IlNehJm8ehcCWGIcbl40WWb - 8994163456273230 - April 29, 2021, 4:56 pm
txn_1IlEEkJm8ehcCWGIoIi4xSd8 - 8994163456271236 - April 29, 2021, 4:56 pm
2021Influencer606 - 8994163456272233 - April 29, 2021, 4:56 pm
txn_1Iipw7Jm8ehcCWGIxiyOf61d_X - 8994163455912239 - April 29, 2021, 4:56 pm
txn_1Il3lEJm8ehcCWGICEZ4Yu4M - 8994163456267239 - April 29, 2021, 4:56 pm
txn_1IlMmdJm8ehcCWGIhvbP1WRf - 8994163456268236 - April 29, 2021, 4:56 pm
txn_1IlBMBJm8ehcCWGIBs8U2eYP - 8994163456266232 - April 29, 2021, 4:56 pm
2021Influencer605 - 8994163456264238 - April 29, 2021, 4:56 pm
txn_1IlI5IJm8ehcCWGIw20ZVTOE - 8994163456265235 - April 29, 2021, 4:56 pm
2021Influencer610 - 8994163456300233 - April 29, 2021, 4:56 pm
txn_1Il276Jm8ehcCWGIAuCTwiWc - 8994163456104237 - April 29, 2021, 4:56 pm
2021Influencer609 - 8994163456282232 - April 29, 2021, 4:56 pm
txn_1Il3L9Jm8ehcCWGI2lJCTaz9 - 8994163455917234 - April 29, 2021, 4:56 pm
2021Influencer604 - 8994163455916237 - April 29, 2021, 4:56 pm
txn_1Il5y3Jm8ehcCWGIXpPcAhkF - 8994163456110238 - April 29, 2021, 4:56 pm
2021Influencer608 - 8994163456109232 - April 29, 2021, 4:56 pm
txn_1IlM8TJm8ehcCWGIdwltdBFT - 8994163456279232 - April 29, 2021, 4:56 pm
txn_1IlGwBJm8ehcCWGIUjTzlMWr - 8994163456278235 - April 29, 2021, 4:56 pm
txn_1Il3EOJm8ehcCWGIL8AVsCGy - 8994163456107238 - April 29, 2021, 4:56 pm
2021Influencer603 - 8994163456277238 - April 29, 2021, 4:56 pm
txn_1Il5RuJm8ehcCWGIZmFhgghE - 8994163455915230 - April 29, 2021, 4:56 pm
2021Influencer607 - 8994163456275234 - April 29, 2021, 4:56 pm
txn_1IlFYXJm8ehcCWGIi95nXVsh - 8994163456276231 - April 29, 2021, 4:56 pm
txn_1IlKktJm8ehcCWGIe18vkyzU - 8994163456274237 - April 29, 2021, 4:56 pm
txn_1Il2GmJm8ehcCWGINMz3jEHU - 8994163456106231 - April 29, 2021, 4:56 pm
txn_1Il5AdJm8ehcCWGIUwjpHWBb - 8994163455913236 - April 29, 2021, 4:56 pm
txn_1IlNehJm8ehcCWGIcbl40WWb - 8994163456273230 - April 29, 2021, 4:56 pm
txn_1IlEEkJm8ehcCWGIoIi4xSd8 - 8994163456271236 - April 29, 2021, 4:56 pm
2021Influencer606 - 8994163456272233 - April 29, 2021, 4:56 pm
txn_1Iipw7Jm8ehcCWGIxiyOf61d_X - 8994163455912239 - April 29, 2021, 4:56 pm
txn_1Il3lEJm8ehcCWGICEZ4Yu4M - 8994163456267239 - April 29, 2021, 4:56 pm
txn_1IlMmdJm8ehcCWGIhvbP1WRf - 8994163456268236 - April 29, 2021, 4:56 pm
txn_1IlBMBJm8ehcCWGIBs8U2eYP - 8994163456266232 - April 29, 2021, 4:56 pm
2021Influencer605 - 8994163456264238 - April 29, 2021, 4:56 pm
txn_1IlI5IJm8ehcCWGIw20ZVTOE - 8994163456265235 - April 29, 2021, 4:56 pm
2021Influencer610 - 8994163456300233 - April 29, 2021, 4:56 pm
