txn_1J7rn9Jm8ehcCWGI3QyrRxnQ - 8994163286447269 - July 5, 2021, 1:18 pm
txn_1J8RJpJm8ehcCWGIeOtrRFc9 - 8994163286456261 - July 5, 2021, 1:18 pm
txn_1J8ARdJm8ehcCWGITRMHvBAN - 8994163286455264 - July 5, 2021, 1:18 pm
txn_1J9b77Jm8ehcCWGIeUzcXp6F - 8994163286267263 - July 5, 2021, 1:18 pm
txn_1J83ryJm8ehcCWGIm2fVigQW - 8994163286453260 - July 5, 2021, 1:18 pm
txn_1J8mMMJm8ehcCWGInb85Bhh2 - 8994163286454267 - July 5, 2021, 1:18 pm
txn_1J9DgUJm8ehcCWGIRuEwJ4wl - 8994163286126263 - July 5, 2021, 1:18 pm
txn_1J8QzIJm8ehcCWGIRPEtuJAp - 8994163286266266 - July 5, 2021, 1:18 pm
2021Influencer727 - 8994163286123262 - July 5, 2021, 1:18 pm
txn_1J9aybJm8ehcCWGIRT5G8vJG - 8994163286265269 - July 5, 2021, 1:18 pm
txn_1J8lukJm8ehcCWGIMlgzUK1P - 8994163286264262 - July 5, 2021, 1:18 pm
txn_1J82XyJm8ehcCWGIkbHqHHip - 8994163286451266 - July 5, 2021, 1:18 pm
txn_1J97lZJm8ehcCWGIyY1qC5FQ - 8994163286124269 - July 5, 2021, 1:18 pm
txn_1J8QypJm8ehcCWGIRG7EdMkY - 8994163286121268 - July 5, 2021, 1:18 pm
txn_1J8yVyJm8ehcCWGIZ6o2JVvH - 8994163286448266 - July 5, 2021, 1:18 pm
txn_1J9Z68Jm8ehcCWGI12dX136g - 8994163286262268 - July 5, 2021, 1:18 pm
txn_1J8e5fJm8ehcCWGIPJdEaIrX - 8994163286449263 - July 5, 2021, 1:18 pm
txn_1J89u5Jm8ehcCWGI1KXfjNi8 - 8994163286120261 - July 5, 2021, 1:18 pm
txn_1J7rn9Jm8ehcCWGI3QyrRxnQ - 8994163286447269 - July 5, 2021, 1:18 pm
txn_1J8RJpJm8ehcCWGIeOtrRFc9 - 8994163286456261 - July 5, 2021, 1:18 pm
txn_1J8ARdJm8ehcCWGITRMHvBAN - 8994163286455264 - July 5, 2021, 1:18 pm
txn_1J9b77Jm8ehcCWGIeUzcXp6F - 8994163286267263 - July 5, 2021, 1:18 pm
txn_1J83ryJm8ehcCWGIm2fVigQW - 8994163286453260 - July 5, 2021, 1:18 pm
txn_1J8mMMJm8ehcCWGInb85Bhh2 - 8994163286454267 - July 5, 2021, 1:18 pm
txn_1J9DgUJm8ehcCWGIRuEwJ4wl - 8994163286126263 - July 5, 2021, 1:18 pm
txn_1J8QzIJm8ehcCWGIRPEtuJAp - 8994163286266266 - July 5, 2021, 1:18 pm
2021Influencer727 - 8994163286123262 - July 5, 2021, 1:18 pm
txn_1J9aybJm8ehcCWGIRT5G8vJG - 8994163286265269 - July 5, 2021, 1:18 pm
txn_1J8lukJm8ehcCWGIMlgzUK1P - 8994163286264262 - July 5, 2021, 1:18 pm
txn_1J82XyJm8ehcCWGIkbHqHHip - 8994163286451266 - July 5, 2021, 1:18 pm
txn_1J97lZJm8ehcCWGIyY1qC5FQ - 8994163286124269 - July 5, 2021, 1:18 pm
txn_1J8QypJm8ehcCWGIRG7EdMkY - 8994163286121268 - July 5, 2021, 1:18 pm
txn_1J8yVyJm8ehcCWGIZ6o2JVvH - 8994163286448266 - July 5, 2021, 1:18 pm
txn_1J9Z68Jm8ehcCWGI12dX136g - 8994163286262268 - July 5, 2021, 1:18 pm
txn_1J8e5fJm8ehcCWGIPJdEaIrX - 8994163286449263 - July 5, 2021, 1:18 pm
txn_1J89u5Jm8ehcCWGI1KXfjNi8 - 8994163286120261 - July 5, 2021, 1:18 pm
txn_1J7rn9Jm8ehcCWGI3QyrRxnQ - 8994163286447269 - July 5, 2021, 1:19 pm
txn_1J8RJpJm8ehcCWGIeOtrRFc9 - 8994163286456261 - July 5, 2021, 1:19 pm
txn_1J8ARdJm8ehcCWGITRMHvBAN - 8994163286455264 - July 5, 2021, 1:19 pm
txn_1J9b77Jm8ehcCWGIeUzcXp6F - 8994163286267263 - July 5, 2021, 1:19 pm
txn_1J83ryJm8ehcCWGIm2fVigQW - 8994163286453260 - July 5, 2021, 1:19 pm
txn_1J8mMMJm8ehcCWGInb85Bhh2 - 8994163286454267 - July 5, 2021, 1:19 pm
txn_1J9DgUJm8ehcCWGIRuEwJ4wl - 8994163286126263 - July 5, 2021, 1:19 pm
txn_1J8QzIJm8ehcCWGIRPEtuJAp - 8994163286266266 - July 5, 2021, 1:19 pm
2021Influencer727 - 8994163286123262 - July 5, 2021, 1:19 pm
txn_1J9aybJm8ehcCWGIRT5G8vJG - 8994163286265269 - July 5, 2021, 1:19 pm
txn_1J8lukJm8ehcCWGIMlgzUK1P - 8994163286264262 - July 5, 2021, 1:19 pm
txn_1J82XyJm8ehcCWGIkbHqHHip - 8994163286451266 - July 5, 2021, 1:19 pm
txn_1J97lZJm8ehcCWGIyY1qC5FQ - 8994163286124269 - July 5, 2021, 1:19 pm
txn_1J8QypJm8ehcCWGIRG7EdMkY - 8994163286121268 - July 5, 2021, 1:19 pm
txn_1J8yVyJm8ehcCWGIZ6o2JVvH - 8994163286448266 - July 5, 2021, 1:19 pm
txn_1J9Z68Jm8ehcCWGI12dX136g - 8994163286262268 - July 5, 2021, 1:19 pm
txn_1J8e5fJm8ehcCWGIPJdEaIrX - 8994163286449263 - July 5, 2021, 1:19 pm
txn_1J89u5Jm8ehcCWGI1KXfjNi8 - 8994163286120261 - July 5, 2021, 1:19 pm
txn_1J84X3Jm8ehcCWGIfHefihAF - 8994163286513261 - July 5, 2021, 1:19 pm
txn_1J8nNfJm8ehcCWGItSWr8QGS - 8994163286337263 - July 5, 2021, 1:19 pm
txn_1J9Md5Jm8ehcCWGIVVrYjsgy - 8994163286333265 - July 5, 2021, 1:19 pm
txn_1J85IvJm8ehcCWGI3xBjvDZt - 8994163286180265 - July 5, 2021, 1:19 pm
txn_3J9emlJm8ehcCWGI0AXS2d0f - 8994163286332268 - July 5, 2021, 1:19 pm
txn_1J8mbgJm8ehcCWGITDhNyr2l - 8994163286178262 - July 5, 2021, 1:19 pm
txn_1J8K12Jm8ehcCWGIraH6gpVI - 8994163286331261 - July 5, 2021, 1:19 pm
txn_1J9GuAJm8ehcCWGIP17VUO4N - 8994163286523260 - July 5, 2021, 1:19 pm
txn_1J85I4Jm8ehcCWGIcFlCUwzM - 8994163286323266 - July 5, 2021, 1:19 pm
txn_1J9eWRJm8ehcCWGIIC6qdPof - 8994163286524267 - July 5, 2021, 1:19 pm
txn_1J8GkUJm8ehcCWGIjf6mD0pV - 8994163286174264 - July 5, 2021, 1:19 pm
txn_1J8ZWWJm8ehcCWGIE1eKSB0i - 8994163286322269 - July 5, 2021, 1:19 pm
txn_1J9eQfJm8ehcCWGI2gVTmL4f - 8994163286170266 - July 5, 2021, 1:19 pm
txn_1J9GA3Jm8ehcCWGIu9eDsM1L - 8994163286171263 - July 5, 2021, 1:19 pm
txn_1J84oFJm8ehcCWGIpIBqoI6u - 8994163286521266 - July 5, 2021, 1:19 pm
txn_1J8GWqJm8ehcCWGIl4ISU3Km - 8994163286313267 - July 5, 2021, 1:19 pm
txn_1J8ZNZJm8ehcCWGItiVRXE7G - 8994163286316268 - July 5, 2021, 1:19 pm
txn_1J9EX5Jm8ehcCWGIF6iBlFj3 - 8994163286308263 - July 5, 2021, 1:19 pm
txn_1J9e7jJm8ehcCWGIq9M1gyVM - 8994163286162261 - July 5, 2021, 1:19 pm
txn_1J8YQzJm8ehcCWGI5twRB6oW - 8994163286163268 - July 5, 2021, 1:19 pm
txn_1J8DtTJm8ehcCWGIyLl9PZ8t - 8994163286309260 - July 5, 2021, 1:19 pm
txn_1J7rn9Jm8ehcCWGI3QyrRxnQ - 8994163286447269 - July 5, 2021, 1:19 pm
txn_1J8RJpJm8ehcCWGIeOtrRFc9 - 8994163286456261 - July 5, 2021, 1:19 pm
txn_1J8ARdJm8ehcCWGITRMHvBAN - 8994163286455264 - July 5, 2021, 1:19 pm
txn_1J9b77Jm8ehcCWGIeUzcXp6F - 8994163286267263 - July 5, 2021, 1:19 pm
txn_1J83ryJm8ehcCWGIm2fVigQW - 8994163286453260 - July 5, 2021, 1:19 pm
txn_1J8mMMJm8ehcCWGInb85Bhh2 - 8994163286454267 - July 5, 2021, 1:19 pm
txn_1J9DgUJm8ehcCWGIRuEwJ4wl - 8994163286126263 - July 5, 2021, 1:19 pm
txn_1J8QzIJm8ehcCWGIRPEtuJAp - 8994163286266266 - July 5, 2021, 1:19 pm
2021Influencer727 - 8994163286123262 - July 5, 2021, 1:19 pm
txn_1J9aybJm8ehcCWGIRT5G8vJG - 8994163286265269 - July 5, 2021, 1:19 pm
txn_1J8lukJm8ehcCWGIMlgzUK1P - 8994163286264262 - July 5, 2021, 1:19 pm
txn_1J82XyJm8ehcCWGIkbHqHHip - 8994163286451266 - July 5, 2021, 1:19 pm
txn_1J97lZJm8ehcCWGIyY1qC5FQ - 8994163286124269 - July 5, 2021, 1:19 pm
txn_1J8QypJm8ehcCWGIRG7EdMkY - 8994163286121268 - July 5, 2021, 1:19 pm
txn_1J8yVyJm8ehcCWGIZ6o2JVvH - 8994163286448266 - July 5, 2021, 1:19 pm
txn_1J9Z68Jm8ehcCWGI12dX136g - 8994163286262268 - July 5, 2021, 1:19 pm
txn_1J8e5fJm8ehcCWGIPJdEaIrX - 8994163286449263 - July 5, 2021, 1:19 pm
txn_1J89u5Jm8ehcCWGI1KXfjNi8 - 8994163286120261 - July 5, 2021, 1:19 pm
txn_1J84X3Jm8ehcCWGIfHefihAF - 8994163286513261 - July 5, 2021, 1:19 pm
txn_1J8nNfJm8ehcCWGItSWr8QGS - 8994163286337263 - July 5, 2021, 1:19 pm
txn_1J9Md5Jm8ehcCWGIVVrYjsgy - 8994163286333265 - July 5, 2021, 1:19 pm
txn_1J85IvJm8ehcCWGI3xBjvDZt - 8994163286180265 - July 5, 2021, 1:19 pm
txn_3J9emlJm8ehcCWGI0AXS2d0f - 8994163286332268 - July 5, 2021, 1:19 pm
txn_1J8mbgJm8ehcCWGITDhNyr2l - 8994163286178262 - July 5, 2021, 1:19 pm
txn_1J8K12Jm8ehcCWGIraH6gpVI - 8994163286331261 - July 5, 2021, 1:19 pm
txn_1J9GuAJm8ehcCWGIP17VUO4N - 8994163286523260 - July 5, 2021, 1:19 pm
txn_1J85I4Jm8ehcCWGIcFlCUwzM - 8994163286323266 - July 5, 2021, 1:19 pm
txn_1J9eWRJm8ehcCWGIIC6qdPof - 8994163286524267 - July 5, 2021, 1:19 pm
txn_1J8GkUJm8ehcCWGIjf6mD0pV - 8994163286174264 - July 5, 2021, 1:19 pm
txn_1J8ZWWJm8ehcCWGIE1eKSB0i - 8994163286322269 - July 5, 2021, 1:19 pm
txn_1J9eQfJm8ehcCWGI2gVTmL4f - 8994163286170266 - July 5, 2021, 1:19 pm
txn_1J9GA3Jm8ehcCWGIu9eDsM1L - 8994163286171263 - July 5, 2021, 1:19 pm
txn_1J84oFJm8ehcCWGIpIBqoI6u - 8994163286521266 - July 5, 2021, 1:19 pm
txn_1J8GWqJm8ehcCWGIl4ISU3Km - 8994163286313267 - July 5, 2021, 1:19 pm
txn_1J8ZNZJm8ehcCWGItiVRXE7G - 8994163286316268 - July 5, 2021, 1:19 pm
txn_1J9EX5Jm8ehcCWGIF6iBlFj3 - 8994163286308263 - July 5, 2021, 1:19 pm
txn_1J9e7jJm8ehcCWGIq9M1gyVM - 8994163286162261 - July 5, 2021, 1:19 pm
txn_1J8YQzJm8ehcCWGI5twRB6oW - 8994163286163268 - July 5, 2021, 1:19 pm
txn_1J8DtTJm8ehcCWGIyLl9PZ8t - 8994163286309260 - July 5, 2021, 1:19 pm
txn_1J7rn9Jm8ehcCWGI3QyrRxnQ - 8994163286447269 - July 5, 2021, 1:21 pm
txn_1J8RJpJm8ehcCWGIeOtrRFc9 - 8994163286456261 - July 5, 2021, 1:21 pm
txn_1J8ARdJm8ehcCWGITRMHvBAN - 8994163286455264 - July 5, 2021, 1:21 pm
txn_1J9b77Jm8ehcCWGIeUzcXp6F - 8994163286267263 - July 5, 2021, 1:21 pm
txn_1J83ryJm8ehcCWGIm2fVigQW - 8994163286453260 - July 5, 2021, 1:21 pm
txn_1J8mMMJm8ehcCWGInb85Bhh2 - 8994163286454267 - July 5, 2021, 1:21 pm
txn_1J9DgUJm8ehcCWGIRuEwJ4wl - 8994163286126263 - July 5, 2021, 1:21 pm
txn_1J8QzIJm8ehcCWGIRPEtuJAp - 8994163286266266 - July 5, 2021, 1:21 pm
2021Influencer727 - 8994163286123262 - July 5, 2021, 1:21 pm
txn_1J9aybJm8ehcCWGIRT5G8vJG - 8994163286265269 - July 5, 2021, 1:21 pm
txn_1J8lukJm8ehcCWGIMlgzUK1P - 8994163286264262 - July 5, 2021, 1:21 pm
txn_1J82XyJm8ehcCWGIkbHqHHip - 8994163286451266 - July 5, 2021, 1:21 pm
txn_1J97lZJm8ehcCWGIyY1qC5FQ - 8994163286124269 - July 5, 2021, 1:21 pm
txn_1J8QypJm8ehcCWGIRG7EdMkY - 8994163286121268 - July 5, 2021, 1:21 pm
txn_1J8yVyJm8ehcCWGIZ6o2JVvH - 8994163286448266 - July 5, 2021, 1:21 pm
txn_1J9Z68Jm8ehcCWGI12dX136g - 8994163286262268 - July 5, 2021, 1:21 pm
txn_1J8e5fJm8ehcCWGIPJdEaIrX - 8994163286449263 - July 5, 2021, 1:21 pm
txn_1J89u5Jm8ehcCWGI1KXfjNi8 - 8994163286120261 - July 5, 2021, 1:21 pm
txn_1J84X3Jm8ehcCWGIfHefihAF - 8994163286513261 - July 5, 2021, 1:21 pm
txn_1J8nNfJm8ehcCWGItSWr8QGS - 8994163286337263 - July 5, 2021, 1:21 pm
txn_1J9Md5Jm8ehcCWGIVVrYjsgy - 8994163286333265 - July 5, 2021, 1:21 pm
txn_1J85IvJm8ehcCWGI3xBjvDZt - 8994163286180265 - July 5, 2021, 1:21 pm
txn_3J9emlJm8ehcCWGI0AXS2d0f - 8994163286332268 - July 5, 2021, 1:21 pm
txn_1J8mbgJm8ehcCWGITDhNyr2l - 8994163286178262 - July 5, 2021, 1:21 pm
txn_1J8K12Jm8ehcCWGIraH6gpVI - 8994163286331261 - July 5, 2021, 1:21 pm
txn_1J9GuAJm8ehcCWGIP17VUO4N - 8994163286523260 - July 5, 2021, 1:21 pm
txn_1J85I4Jm8ehcCWGIcFlCUwzM - 8994163286323266 - July 5, 2021, 1:21 pm
txn_1J9eWRJm8ehcCWGIIC6qdPof - 8994163286524267 - July 5, 2021, 1:21 pm
txn_1J8GkUJm8ehcCWGIjf6mD0pV - 8994163286174264 - July 5, 2021, 1:21 pm
txn_1J8ZWWJm8ehcCWGIE1eKSB0i - 8994163286322269 - July 5, 2021, 1:21 pm
txn_1J9eQfJm8ehcCWGI2gVTmL4f - 8994163286170266 - July 5, 2021, 1:21 pm
txn_1J9GA3Jm8ehcCWGIu9eDsM1L - 8994163286171263 - July 5, 2021, 1:21 pm
txn_1J84oFJm8ehcCWGIpIBqoI6u - 8994163286521266 - July 5, 2021, 1:21 pm
txn_1J8GWqJm8ehcCWGIl4ISU3Km - 8994163286313267 - July 5, 2021, 1:21 pm
txn_1J8ZNZJm8ehcCWGItiVRXE7G - 8994163286316268 - July 5, 2021, 1:21 pm
txn_1J9EX5Jm8ehcCWGIF6iBlFj3 - 8994163286308263 - July 5, 2021, 1:21 pm
txn_1J9e7jJm8ehcCWGIq9M1gyVM - 8994163286162261 - July 5, 2021, 1:21 pm
txn_1J8YQzJm8ehcCWGI5twRB6oW - 8994163286163268 - July 5, 2021, 1:21 pm
txn_1J8DtTJm8ehcCWGIyLl9PZ8t - 8994163286309260 - July 5, 2021, 1:21 pm
txn_1J85MBJm8ehcCWGIUYoOoNLB - 8994163286407263 - July 5, 2021, 1:21 pm
txn_1J9dxGJm8ehcCWGI25ReJQvz - 8994163286835264 - July 5, 2021, 1:21 pm
txn_1J8pZ9Jm8ehcCWGIsR5ergfZ - 8994163287021260 - July 5, 2021, 1:21 pm
txn_1J8ClqJm8ehcCWGIzQni6cX9 - 8994163286668268 - July 5, 2021, 1:21 pm
txn_1J9c7MJm8ehcCWGIPm96WAEH - 8994163286667261 - July 5, 2021, 1:21 pm
txn_1J8oD7Jm8ehcCWGIJXPfJVp3 - 8994163286829263 - July 5, 2021, 1:21 pm
txn_1J8AnKJm8ehcCWGIBJqLuohU - 8994163287016266 - July 5, 2021, 1:21 pm
txn_1J8o3XJm8ehcCWGIqV4n2mQ4 - 8994163287014262 - July 5, 2021, 1:21 pm
txn_1J9b7yJm8ehcCWGITDardtTA - 8994163286826262 - July 5, 2021, 1:21 pm
txn_1J89HjJm8ehcCWGIV4ZpfKK7 - 8994163287013265 - July 5, 2021, 1:21 pm
txn_1J8Wl4Jm8ehcCWGIXmk2nCeV - 8994163286820260 - July 5, 2021, 1:21 pm
txn_1J9XewJm8ehcCWGIGAFApdgr - 8994163286821267 - July 5, 2021, 1:21 pm
txn_1J877HJm8ehcCWGI1qVXh8Uu - 8994163287011261 - July 5, 2021, 1:21 pm
txn_1J86nxJm8ehcCWGIsmZJFzm8 - 8994163286656265 - July 5, 2021, 1:21 pm
txn_1J9XCdJm8ehcCWGIZDKBhZZb - 8994163286657262 - July 5, 2021, 1:21 pm
txn_1J8WNVJm8ehcCWGIlGE5zngU - 8994163286409267 - July 5, 2021, 1:21 pm
txn_1J9WbJJm8ehcCWGILloOzOoi - 8994163286652267 - July 5, 2021, 1:21 pm
txn_1J86VpJm8ehcCWGIMQEUNnI0 - 8994163286815266 - July 5, 2021, 1:21 pm
txn_1J8UI7Jm8ehcCWGIj7CVA7yI - 8994163286408260 - July 5, 2021, 1:21 pm
txn_1J9WXdJm8ehcCWGIPGF26wHa - 8994163286651260 - July 5, 2021, 1:21 pm
txn_1J8TX4Jm8ehcCWGIEGRGywVE - 8994163286814269 - July 5, 2021, 1:21 pm
txn_1J8QHnJm8ehcCWGIeyNlDxOD -  - July 5, 2021, 1:21 pm
txn_1J9fvkJm8ehcCWGItzNCkd30 -  - July 5, 2021, 1:21 pm
txn_1J8NhnJm8ehcCWGILlf8VlTI -  - July 5, 2021, 1:21 pm
txn_1J9fdYJm8ehcCWGIRbjoBnte -  - July 5, 2021, 1:21 pm
txn_1J8DLHJm8ehcCWGIxbUrUtxw -  - July 5, 2021, 1:21 pm
txn_1J7rn9Jm8ehcCWGI3QyrRxnQ - 8994163286447269 - July 5, 2021, 1:21 pm
txn_1J8RJpJm8ehcCWGIeOtrRFc9 - 8994163286456261 - July 5, 2021, 1:21 pm
txn_1J8ARdJm8ehcCWGITRMHvBAN - 8994163286455264 - July 5, 2021, 1:21 pm
txn_1J9b77Jm8ehcCWGIeUzcXp6F - 8994163286267263 - July 5, 2021, 1:21 pm
txn_1J83ryJm8ehcCWGIm2fVigQW - 8994163286453260 - July 5, 2021, 1:21 pm
txn_1J8mMMJm8ehcCWGInb85Bhh2 - 8994163286454267 - July 5, 2021, 1:21 pm
txn_1J9DgUJm8ehcCWGIRuEwJ4wl - 8994163286126263 - July 5, 2021, 1:21 pm
txn_1J8QzIJm8ehcCWGIRPEtuJAp - 8994163286266266 - July 5, 2021, 1:21 pm
2021Influencer727 - 8994163286123262 - July 5, 2021, 1:21 pm
txn_1J9aybJm8ehcCWGIRT5G8vJG - 8994163286265269 - July 5, 2021, 1:21 pm
txn_1J8lukJm8ehcCWGIMlgzUK1P - 8994163286264262 - July 5, 2021, 1:21 pm
txn_1J82XyJm8ehcCWGIkbHqHHip - 8994163286451266 - July 5, 2021, 1:21 pm
txn_1J97lZJm8ehcCWGIyY1qC5FQ - 8994163286124269 - July 5, 2021, 1:21 pm
txn_1J8QypJm8ehcCWGIRG7EdMkY - 8994163286121268 - July 5, 2021, 1:21 pm
txn_1J8yVyJm8ehcCWGIZ6o2JVvH - 8994163286448266 - July 5, 2021, 1:21 pm
txn_1J9Z68Jm8ehcCWGI12dX136g - 8994163286262268 - July 5, 2021, 1:21 pm
txn_1J8e5fJm8ehcCWGIPJdEaIrX - 8994163286449263 - July 5, 2021, 1:21 pm
txn_1J89u5Jm8ehcCWGI1KXfjNi8 - 8994163286120261 - July 5, 2021, 1:21 pm
txn_1J84X3Jm8ehcCWGIfHefihAF - 8994163286513261 - July 5, 2021, 1:21 pm
txn_1J8nNfJm8ehcCWGItSWr8QGS - 8994163286337263 - July 5, 2021, 1:21 pm
txn_1J9Md5Jm8ehcCWGIVVrYjsgy - 8994163286333265 - July 5, 2021, 1:21 pm
txn_1J85IvJm8ehcCWGI3xBjvDZt - 8994163286180265 - July 5, 2021, 1:21 pm
txn_3J9emlJm8ehcCWGI0AXS2d0f - 8994163286332268 - July 5, 2021, 1:21 pm
txn_1J8mbgJm8ehcCWGITDhNyr2l - 8994163286178262 - July 5, 2021, 1:21 pm
txn_1J8K12Jm8ehcCWGIraH6gpVI - 8994163286331261 - July 5, 2021, 1:21 pm
txn_1J9GuAJm8ehcCWGIP17VUO4N - 8994163286523260 - July 5, 2021, 1:21 pm
txn_1J85I4Jm8ehcCWGIcFlCUwzM - 8994163286323266 - July 5, 2021, 1:21 pm
txn_1J9eWRJm8ehcCWGIIC6qdPof - 8994163286524267 - July 5, 2021, 1:21 pm
txn_1J8GkUJm8ehcCWGIjf6mD0pV - 8994163286174264 - July 5, 2021, 1:21 pm
txn_1J8ZWWJm8ehcCWGIE1eKSB0i - 8994163286322269 - July 5, 2021, 1:21 pm
txn_1J9eQfJm8ehcCWGI2gVTmL4f - 8994163286170266 - July 5, 2021, 1:21 pm
txn_1J9GA3Jm8ehcCWGIu9eDsM1L - 8994163286171263 - July 5, 2021, 1:21 pm
txn_1J84oFJm8ehcCWGIpIBqoI6u - 8994163286521266 - July 5, 2021, 1:21 pm
txn_1J8GWqJm8ehcCWGIl4ISU3Km - 8994163286313267 - July 5, 2021, 1:21 pm
txn_1J8ZNZJm8ehcCWGItiVRXE7G - 8994163286316268 - July 5, 2021, 1:21 pm
txn_1J9EX5Jm8ehcCWGIF6iBlFj3 - 8994163286308263 - July 5, 2021, 1:21 pm
txn_1J9e7jJm8ehcCWGIq9M1gyVM - 8994163286162261 - July 5, 2021, 1:21 pm
txn_1J8YQzJm8ehcCWGI5twRB6oW - 8994163286163268 - July 5, 2021, 1:21 pm
txn_1J8DtTJm8ehcCWGIyLl9PZ8t - 8994163286309260 - July 5, 2021, 1:21 pm
txn_1J85MBJm8ehcCWGIUYoOoNLB - 8994163286407263 - July 5, 2021, 1:21 pm
txn_1J9dxGJm8ehcCWGI25ReJQvz - 8994163286835264 - July 5, 2021, 1:21 pm
txn_1J8pZ9Jm8ehcCWGIsR5ergfZ - 8994163287021260 - July 5, 2021, 1:21 pm
txn_1J8ClqJm8ehcCWGIzQni6cX9 - 8994163286668268 - July 5, 2021, 1:21 pm
txn_1J9c7MJm8ehcCWGIPm96WAEH - 8994163286667261 - July 5, 2021, 1:21 pm
txn_1J8oD7Jm8ehcCWGIJXPfJVp3 - 8994163286829263 - July 5, 2021, 1:21 pm
txn_1J8AnKJm8ehcCWGIBJqLuohU - 8994163287016266 - July 5, 2021, 1:21 pm
txn_1J8o3XJm8ehcCWGIqV4n2mQ4 - 8994163287014262 - July 5, 2021, 1:21 pm
txn_1J9b7yJm8ehcCWGITDardtTA - 8994163286826262 - July 5, 2021, 1:21 pm
txn_1J89HjJm8ehcCWGIV4ZpfKK7 - 8994163287013265 - July 5, 2021, 1:21 pm
txn_1J8Wl4Jm8ehcCWGIXmk2nCeV - 8994163286820260 - July 5, 2021, 1:21 pm
txn_1J9XewJm8ehcCWGIGAFApdgr - 8994163286821267 - July 5, 2021, 1:21 pm
txn_1J877HJm8ehcCWGI1qVXh8Uu - 8994163287011261 - July 5, 2021, 1:21 pm
txn_1J86nxJm8ehcCWGIsmZJFzm8 - 8994163286656265 - July 5, 2021, 1:21 pm
txn_1J9XCdJm8ehcCWGIZDKBhZZb - 8994163286657262 - July 5, 2021, 1:21 pm
txn_1J8WNVJm8ehcCWGIlGE5zngU - 8994163286409267 - July 5, 2021, 1:21 pm
txn_1J9WbJJm8ehcCWGILloOzOoi - 8994163286652267 - July 5, 2021, 1:21 pm
txn_1J86VpJm8ehcCWGIMQEUNnI0 - 8994163286815266 - July 5, 2021, 1:21 pm
txn_1J8UI7Jm8ehcCWGIj7CVA7yI - 8994163286408260 - July 5, 2021, 1:21 pm
txn_1J9WXdJm8ehcCWGIPGF26wHa - 8994163286651260 - July 5, 2021, 1:21 pm
txn_1J8TX4Jm8ehcCWGIEGRGywVE - 8994163286814269 - July 5, 2021, 1:21 pm
txn_1J7rn9Jm8ehcCWGI3QyrRxnQ - 8994163286447269 - July 5, 2021, 1:21 pm
txn_1J8RJpJm8ehcCWGIeOtrRFc9 - 8994163286456261 - July 5, 2021, 1:21 pm
txn_1J8ARdJm8ehcCWGITRMHvBAN - 8994163286455264 - July 5, 2021, 1:21 pm
txn_1J9b77Jm8ehcCWGIeUzcXp6F - 8994163286267263 - July 5, 2021, 1:21 pm
txn_1J83ryJm8ehcCWGIm2fVigQW - 8994163286453260 - July 5, 2021, 1:21 pm
txn_1J8mMMJm8ehcCWGInb85Bhh2 - 8994163286454267 - July 5, 2021, 1:21 pm
txn_1J9DgUJm8ehcCWGIRuEwJ4wl - 8994163286126263 - July 5, 2021, 1:21 pm
txn_1J8QzIJm8ehcCWGIRPEtuJAp - 8994163286266266 - July 5, 2021, 1:21 pm
2021Influencer727 - 8994163286123262 - July 5, 2021, 1:21 pm
txn_1J9aybJm8ehcCWGIRT5G8vJG - 8994163286265269 - July 5, 2021, 1:21 pm
txn_1J8lukJm8ehcCWGIMlgzUK1P - 8994163286264262 - July 5, 2021, 1:21 pm
txn_1J82XyJm8ehcCWGIkbHqHHip - 8994163286451266 - July 5, 2021, 1:21 pm
txn_1J97lZJm8ehcCWGIyY1qC5FQ - 8994163286124269 - July 5, 2021, 1:21 pm
txn_1J8QypJm8ehcCWGIRG7EdMkY - 8994163286121268 - July 5, 2021, 1:21 pm
txn_1J8yVyJm8ehcCWGIZ6o2JVvH - 8994163286448266 - July 5, 2021, 1:21 pm
txn_1J9Z68Jm8ehcCWGI12dX136g - 8994163286262268 - July 5, 2021, 1:21 pm
txn_1J8e5fJm8ehcCWGIPJdEaIrX - 8994163286449263 - July 5, 2021, 1:21 pm
txn_1J89u5Jm8ehcCWGI1KXfjNi8 - 8994163286120261 - July 5, 2021, 1:21 pm
txn_1J84X3Jm8ehcCWGIfHefihAF - 8994163286513261 - July 5, 2021, 1:21 pm
txn_1J8nNfJm8ehcCWGItSWr8QGS - 8994163286337263 - July 5, 2021, 1:21 pm
txn_1J9Md5Jm8ehcCWGIVVrYjsgy - 8994163286333265 - July 5, 2021, 1:21 pm
txn_1J85IvJm8ehcCWGI3xBjvDZt - 8994163286180265 - July 5, 2021, 1:21 pm
txn_3J9emlJm8ehcCWGI0AXS2d0f - 8994163286332268 - July 5, 2021, 1:21 pm
txn_1J8mbgJm8ehcCWGITDhNyr2l - 8994163286178262 - July 5, 2021, 1:21 pm
txn_1J8K12Jm8ehcCWGIraH6gpVI - 8994163286331261 - July 5, 2021, 1:21 pm
txn_1J9GuAJm8ehcCWGIP17VUO4N - 8994163286523260 - July 5, 2021, 1:21 pm
txn_1J85I4Jm8ehcCWGIcFlCUwzM - 8994163286323266 - July 5, 2021, 1:21 pm
txn_1J9eWRJm8ehcCWGIIC6qdPof - 8994163286524267 - July 5, 2021, 1:21 pm
txn_1J8GkUJm8ehcCWGIjf6mD0pV - 8994163286174264 - July 5, 2021, 1:21 pm
txn_1J8ZWWJm8ehcCWGIE1eKSB0i - 8994163286322269 - July 5, 2021, 1:21 pm
txn_1J9eQfJm8ehcCWGI2gVTmL4f - 8994163286170266 - July 5, 2021, 1:21 pm
txn_1J9GA3Jm8ehcCWGIu9eDsM1L - 8994163286171263 - July 5, 2021, 1:21 pm
txn_1J84oFJm8ehcCWGIpIBqoI6u - 8994163286521266 - July 5, 2021, 1:21 pm
txn_1J8GWqJm8ehcCWGIl4ISU3Km - 8994163286313267 - July 5, 2021, 1:21 pm
txn_1J8ZNZJm8ehcCWGItiVRXE7G - 8994163286316268 - July 5, 2021, 1:21 pm
txn_1J9EX5Jm8ehcCWGIF6iBlFj3 - 8994163286308263 - July 5, 2021, 1:21 pm
txn_1J9e7jJm8ehcCWGIq9M1gyVM - 8994163286162261 - July 5, 2021, 1:21 pm
txn_1J8YQzJm8ehcCWGI5twRB6oW - 8994163286163268 - July 5, 2021, 1:21 pm
txn_1J8DtTJm8ehcCWGIyLl9PZ8t - 8994163286309260 - July 5, 2021, 1:21 pm
txn_1J85MBJm8ehcCWGIUYoOoNLB - 8994163286407263 - July 5, 2021, 1:21 pm
txn_1J9dxGJm8ehcCWGI25ReJQvz - 8994163286835264 - July 5, 2021, 1:21 pm
txn_1J8pZ9Jm8ehcCWGIsR5ergfZ - 8994163287021260 - July 5, 2021, 1:21 pm
txn_1J8ClqJm8ehcCWGIzQni6cX9 - 8994163286668268 - July 5, 2021, 1:21 pm
txn_1J9c7MJm8ehcCWGIPm96WAEH - 8994163286667261 - July 5, 2021, 1:21 pm
txn_1J8oD7Jm8ehcCWGIJXPfJVp3 - 8994163286829263 - July 5, 2021, 1:21 pm
txn_1J8AnKJm8ehcCWGIBJqLuohU - 8994163287016266 - July 5, 2021, 1:21 pm
txn_1J8o3XJm8ehcCWGIqV4n2mQ4 - 8994163287014262 - July 5, 2021, 1:21 pm
txn_1J9b7yJm8ehcCWGITDardtTA - 8994163286826262 - July 5, 2021, 1:21 pm
txn_1J89HjJm8ehcCWGIV4ZpfKK7 - 8994163287013265 - July 5, 2021, 1:21 pm
txn_1J8Wl4Jm8ehcCWGIXmk2nCeV - 8994163286820260 - July 5, 2021, 1:21 pm
txn_1J9XewJm8ehcCWGIGAFApdgr - 8994163286821267 - July 5, 2021, 1:21 pm
txn_1J877HJm8ehcCWGI1qVXh8Uu - 8994163287011261 - July 5, 2021, 1:21 pm
txn_1J86nxJm8ehcCWGIsmZJFzm8 - 8994163286656265 - July 5, 2021, 1:21 pm
txn_1J9XCdJm8ehcCWGIZDKBhZZb - 8994163286657262 - July 5, 2021, 1:21 pm
txn_1J8WNVJm8ehcCWGIlGE5zngU - 8994163286409267 - July 5, 2021, 1:21 pm
txn_1J9WbJJm8ehcCWGILloOzOoi - 8994163286652267 - July 5, 2021, 1:21 pm
txn_1J86VpJm8ehcCWGIMQEUNnI0 - 8994163286815266 - July 5, 2021, 1:21 pm
txn_1J8UI7Jm8ehcCWGIj7CVA7yI - 8994163286408260 - July 5, 2021, 1:21 pm
txn_1J9WXdJm8ehcCWGIPGF26wHa - 8994163286651260 - July 5, 2021, 1:21 pm
txn_1J8TX4Jm8ehcCWGIEGRGywVE - 8994163286814269 - July 5, 2021, 1:21 pm
txn_1J7rn9Jm8ehcCWGI3QyrRxnQ - 8994163286447269 - July 5, 2021, 1:26 pm
txn_1J8RJpJm8ehcCWGIeOtrRFc9 - 8994163286456261 - July 5, 2021, 1:26 pm
txn_1J8ARdJm8ehcCWGITRMHvBAN - 8994163286455264 - July 5, 2021, 1:26 pm
txn_1J9b77Jm8ehcCWGIeUzcXp6F - 8994163286267263 - July 5, 2021, 1:26 pm
txn_1J83ryJm8ehcCWGIm2fVigQW - 8994163286453260 - July 5, 2021, 1:26 pm
txn_1J8mMMJm8ehcCWGInb85Bhh2 - 8994163286454267 - July 5, 2021, 1:26 pm
txn_1J9DgUJm8ehcCWGIRuEwJ4wl - 8994163286126263 - July 5, 2021, 1:26 pm
txn_1J8QzIJm8ehcCWGIRPEtuJAp - 8994163286266266 - July 5, 2021, 1:26 pm
2021Influencer727 - 8994163286123262 - July 5, 2021, 1:26 pm
txn_1J9aybJm8ehcCWGIRT5G8vJG - 8994163286265269 - July 5, 2021, 1:26 pm
txn_1J8lukJm8ehcCWGIMlgzUK1P - 8994163286264262 - July 5, 2021, 1:26 pm
txn_1J82XyJm8ehcCWGIkbHqHHip - 8994163286451266 - July 5, 2021, 1:26 pm
txn_1J97lZJm8ehcCWGIyY1qC5FQ - 8994163286124269 - July 5, 2021, 1:26 pm
txn_1J8QypJm8ehcCWGIRG7EdMkY - 8994163286121268 - July 5, 2021, 1:26 pm
txn_1J8yVyJm8ehcCWGIZ6o2JVvH - 8994163286448266 - July 5, 2021, 1:26 pm
txn_1J9Z68Jm8ehcCWGI12dX136g - 8994163286262268 - July 5, 2021, 1:26 pm
txn_1J8e5fJm8ehcCWGIPJdEaIrX - 8994163286449263 - July 5, 2021, 1:26 pm
txn_1J89u5Jm8ehcCWGI1KXfjNi8 - 8994163286120261 - July 5, 2021, 1:26 pm
txn_1J84X3Jm8ehcCWGIfHefihAF - 8994163286513261 - July 5, 2021, 1:26 pm
txn_1J8nNfJm8ehcCWGItSWr8QGS - 8994163286337263 - July 5, 2021, 1:26 pm
txn_1J9Md5Jm8ehcCWGIVVrYjsgy - 8994163286333265 - July 5, 2021, 1:26 pm
txn_1J85IvJm8ehcCWGI3xBjvDZt - 8994163286180265 - July 5, 2021, 1:26 pm
txn_3J9emlJm8ehcCWGI0AXS2d0f - 8994163286332268 - July 5, 2021, 1:26 pm
txn_1J8mbgJm8ehcCWGITDhNyr2l - 8994163286178262 - July 5, 2021, 1:26 pm
txn_1J8K12Jm8ehcCWGIraH6gpVI - 8994163286331261 - July 5, 2021, 1:26 pm
txn_1J9GuAJm8ehcCWGIP17VUO4N - 8994163286523260 - July 5, 2021, 1:26 pm
txn_1J85I4Jm8ehcCWGIcFlCUwzM - 8994163286323266 - July 5, 2021, 1:26 pm
txn_1J9eWRJm8ehcCWGIIC6qdPof - 8994163286524267 - July 5, 2021, 1:26 pm
txn_1J8GkUJm8ehcCWGIjf6mD0pV - 8994163286174264 - July 5, 2021, 1:26 pm
txn_1J8ZWWJm8ehcCWGIE1eKSB0i - 8994163286322269 - July 5, 2021, 1:26 pm
txn_1J9eQfJm8ehcCWGI2gVTmL4f - 8994163286170266 - July 5, 2021, 1:26 pm
txn_1J9GA3Jm8ehcCWGIu9eDsM1L - 8994163286171263 - July 5, 2021, 1:26 pm
txn_1J84oFJm8ehcCWGIpIBqoI6u - 8994163286521266 - July 5, 2021, 1:26 pm
txn_1J8GWqJm8ehcCWGIl4ISU3Km - 8994163286313267 - July 5, 2021, 1:26 pm
txn_1J8ZNZJm8ehcCWGItiVRXE7G - 8994163286316268 - July 5, 2021, 1:26 pm
txn_1J9EX5Jm8ehcCWGIF6iBlFj3 - 8994163286308263 - July 5, 2021, 1:26 pm
txn_1J9e7jJm8ehcCWGIq9M1gyVM - 8994163286162261 - July 5, 2021, 1:26 pm
txn_1J8YQzJm8ehcCWGI5twRB6oW - 8994163286163268 - July 5, 2021, 1:26 pm
txn_1J8DtTJm8ehcCWGIyLl9PZ8t - 8994163286309260 - July 5, 2021, 1:26 pm
txn_1J85MBJm8ehcCWGIUYoOoNLB - 8994163286407263 - July 5, 2021, 1:26 pm
txn_1J9dxGJm8ehcCWGI25ReJQvz - 8994163286835264 - July 5, 2021, 1:26 pm
txn_1J8pZ9Jm8ehcCWGIsR5ergfZ - 8994163287021260 - July 5, 2021, 1:26 pm
txn_1J8ClqJm8ehcCWGIzQni6cX9 - 8994163286668268 - July 5, 2021, 1:26 pm
txn_1J9c7MJm8ehcCWGIPm96WAEH - 8994163286667261 - July 5, 2021, 1:26 pm
txn_1J8oD7Jm8ehcCWGIJXPfJVp3 - 8994163286829263 - July 5, 2021, 1:26 pm
txn_1J8AnKJm8ehcCWGIBJqLuohU - 8994163287016266 - July 5, 2021, 1:26 pm
txn_1J8o3XJm8ehcCWGIqV4n2mQ4 - 8994163287014262 - July 5, 2021, 1:26 pm
txn_1J9b7yJm8ehcCWGITDardtTA - 8994163286826262 - July 5, 2021, 1:26 pm
txn_1J89HjJm8ehcCWGIV4ZpfKK7 - 8994163287013265 - July 5, 2021, 1:26 pm
txn_1J8Wl4Jm8ehcCWGIXmk2nCeV - 8994163286820260 - July 5, 2021, 1:26 pm
txn_1J9XewJm8ehcCWGIGAFApdgr - 8994163286821267 - July 5, 2021, 1:26 pm
txn_1J877HJm8ehcCWGI1qVXh8Uu - 8994163287011261 - July 5, 2021, 1:26 pm
txn_1J86nxJm8ehcCWGIsmZJFzm8 - 8994163286656265 - July 5, 2021, 1:26 pm
txn_1J9XCdJm8ehcCWGIZDKBhZZb - 8994163286657262 - July 5, 2021, 1:26 pm
txn_1J8WNVJm8ehcCWGIlGE5zngU - 8994163286409267 - July 5, 2021, 1:26 pm
txn_1J9WbJJm8ehcCWGILloOzOoi - 8994163286652267 - July 5, 2021, 1:26 pm
txn_1J86VpJm8ehcCWGIMQEUNnI0 - 8994163286815266 - July 5, 2021, 1:26 pm
txn_1J8UI7Jm8ehcCWGIj7CVA7yI - 8994163286408260 - July 5, 2021, 1:26 pm
txn_1J9WXdJm8ehcCWGIPGF26wHa - 8994163286651260 - July 5, 2021, 1:26 pm
txn_1J8TX4Jm8ehcCWGIEGRGywVE - 8994163286814269 - July 5, 2021, 1:26 pm
txn_1J9fciJm8ehcCWGIXUs3n9tJ - 8994163287643264 - July 5, 2021, 1:26 pm
txn_1J9fN8Jm8ehcCWGImTOIE1wc - 8994163287640263 - July 5, 2021, 1:26 pm
txn_1J9UiaJm8ehcCWGIEP6mpTvg - 8994163287444267 - July 5, 2021, 1:26 pm
txn_1J8uFsJm8ehcCWGIBjVwnQ4s - 8994163287267262 - July 5, 2021, 1:26 pm
txn_1J8uE8Jm8ehcCWGILouhCBOa - 8994163287440269 - July 5, 2021, 1:26 pm
txn_1J8sadJm8ehcCWGI89rbWuU4 - 8994163287262267 - July 5, 2021, 1:26 pm
txn_1J8ruoJm8ehcCWGIv0UL0O7T - 8994163287260263 - July 5, 2021, 1:26 pm
txn_1J8T3OJm8ehcCWGISs8bCNkb - 8994163287623266 - July 5, 2021, 1:26 pm
txn_1J8SOXJm8ehcCWGIebSl96Md - 8994163287256266 - July 5, 2021, 1:26 pm
txn_1J8QHnJm8ehcCWGIeyNlDxOD - 8994163287617265 - July 5, 2021, 1:26 pm
txn_1J9fvkJm8ehcCWGItzNCkd30 - 8994163287438266 - July 5, 2021, 1:26 pm
txn_1J8NhnJm8ehcCWGILlf8VlTI - 8994163287437269 - July 5, 2021, 1:26 pm
txn_1J8DLHJm8ehcCWGIxbUrUtxw - 8994163287435265 - July 5, 2021, 1:26 pm
txn_1J9fdYJm8ehcCWGIRbjoBnte - 8994163287247264 - July 5, 2021, 1:26 pm
