2021Influencer386 - 8994163511888201 - February 18, 2021, 7:56 pm
txn_1IM6FGJm8ehcCWGIeps0CEgg - 8994163511770209 - February 18, 2021, 7:56 pm
2021Influencer378 - 8994163511771206 - February 18, 2021, 7:56 pm
2021Influencer394 - 8994163512155203 - February 18, 2021, 7:56 pm
txn_1IMIawJm8ehcCWGIoTUlibK3 - 8994163512154206 - February 18, 2021, 7:56 pm
txn_1IMEnpJm8ehcCWGIKT4NEtqI - 8994163511887204 - February 18, 2021, 7:56 pm
2021Influencer385 - 8994163512152202 - February 18, 2021, 7:56 pm
2021Influencer377 - 8994163511886207 - February 18, 2021, 7:56 pm
txn_1IM6KyJm8ehcCWGI7EsNgpnc - 8994163512151205 - February 18, 2021, 7:56 pm
2021Influencer393 - 8994163512150208 - February 18, 2021, 7:56 pm
txn_1IMIm9Jm8ehcCWGIqi63LzLe - 8994163511885200 - February 18, 2021, 7:56 pm
txn_1IMFOyJm8ehcCWGIfabjzoGk - 8994163511769203 - February 18, 2021, 7:56 pm
2021Influencer376 - 8994163512149202 - February 18, 2021, 7:56 pm
2021Influencer384 - 8994163511884203 - February 18, 2021, 7:56 pm
txn_1IM6iOJm8ehcCWGIVDqTsnRX - 8994163511883206 - February 18, 2021, 7:56 pm
2021Influencer392 - 8994163511768206 - February 18, 2021, 7:56 pm
txn_1IMJgsJm8ehcCWGISien4FeF - 8994163511767209 - February 18, 2021, 7:56 pm
txn_1IMG1qJm8ehcCWGIhR5VtKu8 - 8994163512148205 - February 18, 2021, 7:56 pm
2021Influencer375 - 8994163511765205 - February 18, 2021, 7:56 pm
2021Influencer383 - 8994163511882209 - February 18, 2021, 7:56 pm
2021Influencer391 - 8994163511766202 - February 18, 2021, 7:56 pm
txn_1IMAFOJm8ehcCWGICfc0r9Ez - 8994163511881202 - February 18, 2021, 7:56 pm
txn_1IMLlWJm8ehcCWGIT0d76Lvu - 8994163512147208 - February 18, 2021, 7:56 pm
txn_1IMGkrJm8ehcCWGIc61nNBhs - 8994163511764208 - February 18, 2021, 7:56 pm
2021Influencer386 - 8994163511888201 - February 18, 2021, 7:57 pm
txn_1IM6FGJm8ehcCWGIeps0CEgg - 8994163511770209 - February 18, 2021, 7:57 pm
2021Influencer378 - 8994163511771206 - February 18, 2021, 7:57 pm
2021Influencer394 - 8994163512155203 - February 18, 2021, 7:57 pm
txn_1IMIawJm8ehcCWGIoTUlibK3 - 8994163512154206 - February 18, 2021, 7:57 pm
txn_1IMEnpJm8ehcCWGIKT4NEtqI - 8994163511887204 - February 18, 2021, 7:57 pm
2021Influencer385 - 8994163512152202 - February 18, 2021, 7:57 pm
2021Influencer377 - 8994163511886207 - February 18, 2021, 7:57 pm
txn_1IM6KyJm8ehcCWGI7EsNgpnc - 8994163512151205 - February 18, 2021, 7:57 pm
2021Influencer393 - 8994163512150208 - February 18, 2021, 7:57 pm
txn_1IMIm9Jm8ehcCWGIqi63LzLe - 8994163511885200 - February 18, 2021, 7:57 pm
txn_1IMFOyJm8ehcCWGIfabjzoGk - 8994163511769203 - February 18, 2021, 7:57 pm
2021Influencer376 - 8994163512149202 - February 18, 2021, 7:57 pm
2021Influencer384 - 8994163511884203 - February 18, 2021, 7:57 pm
txn_1IM6iOJm8ehcCWGIVDqTsnRX - 8994163511883206 - February 18, 2021, 7:57 pm
2021Influencer392 - 8994163511768206 - February 18, 2021, 7:57 pm
txn_1IMJgsJm8ehcCWGISien4FeF - 8994163511767209 - February 18, 2021, 7:57 pm
txn_1IMG1qJm8ehcCWGIhR5VtKu8 - 8994163512148205 - February 18, 2021, 7:57 pm
2021Influencer375 - 8994163511765205 - February 18, 2021, 7:57 pm
2021Influencer383 - 8994163511882209 - February 18, 2021, 7:57 pm
2021Influencer391 - 8994163511766202 - February 18, 2021, 7:57 pm
txn_1IMAFOJm8ehcCWGICfc0r9Ez - 8994163511881202 - February 18, 2021, 7:57 pm
txn_1IMLlWJm8ehcCWGIT0d76Lvu - 8994163512147208 - February 18, 2021, 7:57 pm
txn_1IMGkrJm8ehcCWGIc61nNBhs - 8994163511764208 - February 18, 2021, 7:57 pm
2021Influencer386 - 8994163511888201 - February 18, 2021, 7:57 pm
txn_1IM6FGJm8ehcCWGIeps0CEgg - 8994163511770209 - February 18, 2021, 7:57 pm
2021Influencer378 - 8994163511771206 - February 18, 2021, 7:57 pm
2021Influencer394 - 8994163512155203 - February 18, 2021, 7:57 pm
txn_1IMIawJm8ehcCWGIoTUlibK3 - 8994163512154206 - February 18, 2021, 7:57 pm
txn_1IMEnpJm8ehcCWGIKT4NEtqI - 8994163511887204 - February 18, 2021, 7:57 pm
2021Influencer385 - 8994163512152202 - February 18, 2021, 7:57 pm
2021Influencer377 - 8994163511886207 - February 18, 2021, 7:57 pm
txn_1IM6KyJm8ehcCWGI7EsNgpnc - 8994163512151205 - February 18, 2021, 7:57 pm
2021Influencer393 - 8994163512150208 - February 18, 2021, 7:57 pm
txn_1IMIm9Jm8ehcCWGIqi63LzLe - 8994163511885200 - February 18, 2021, 7:57 pm
txn_1IMFOyJm8ehcCWGIfabjzoGk - 8994163511769203 - February 18, 2021, 7:57 pm
2021Influencer376 - 8994163512149202 - February 18, 2021, 7:57 pm
2021Influencer384 - 8994163511884203 - February 18, 2021, 7:57 pm
txn_1IM6iOJm8ehcCWGIVDqTsnRX - 8994163511883206 - February 18, 2021, 7:57 pm
2021Influencer392 - 8994163511768206 - February 18, 2021, 7:57 pm
txn_1IMJgsJm8ehcCWGISien4FeF - 8994163511767209 - February 18, 2021, 7:57 pm
txn_1IMG1qJm8ehcCWGIhR5VtKu8 - 8994163512148205 - February 18, 2021, 7:57 pm
2021Influencer375 - 8994163511765205 - February 18, 2021, 7:57 pm
2021Influencer383 - 8994163511882209 - February 18, 2021, 7:57 pm
2021Influencer391 - 8994163511766202 - February 18, 2021, 7:57 pm
txn_1IMAFOJm8ehcCWGICfc0r9Ez - 8994163511881202 - February 18, 2021, 7:57 pm
txn_1IMLlWJm8ehcCWGIT0d76Lvu - 8994163512147208 - February 18, 2021, 7:57 pm
txn_1IMGkrJm8ehcCWGIc61nNBhs - 8994163511764208 - February 18, 2021, 7:57 pm
2021Influencer386 - 8994163511888201 - February 18, 2021, 7:57 pm
txn_1IM6FGJm8ehcCWGIeps0CEgg - 8994163511770209 - February 18, 2021, 7:57 pm
2021Influencer378 - 8994163511771206 - February 18, 2021, 7:57 pm
2021Influencer394 - 8994163512155203 - February 18, 2021, 7:57 pm
txn_1IMIawJm8ehcCWGIoTUlibK3 - 8994163512154206 - February 18, 2021, 7:57 pm
txn_1IMEnpJm8ehcCWGIKT4NEtqI - 8994163511887204 - February 18, 2021, 7:57 pm
2021Influencer385 - 8994163512152202 - February 18, 2021, 7:57 pm
2021Influencer377 - 8994163511886207 - February 18, 2021, 7:57 pm
txn_1IM6KyJm8ehcCWGI7EsNgpnc - 8994163512151205 - February 18, 2021, 7:57 pm
2021Influencer393 - 8994163512150208 - February 18, 2021, 7:57 pm
txn_1IMIm9Jm8ehcCWGIqi63LzLe - 8994163511885200 - February 18, 2021, 7:57 pm
txn_1IMFOyJm8ehcCWGIfabjzoGk - 8994163511769203 - February 18, 2021, 7:57 pm
2021Influencer376 - 8994163512149202 - February 18, 2021, 7:57 pm
2021Influencer384 - 8994163511884203 - February 18, 2021, 7:57 pm
txn_1IM6iOJm8ehcCWGIVDqTsnRX - 8994163511883206 - February 18, 2021, 7:57 pm
2021Influencer392 - 8994163511768206 - February 18, 2021, 7:57 pm
txn_1IMJgsJm8ehcCWGISien4FeF - 8994163511767209 - February 18, 2021, 7:57 pm
txn_1IMG1qJm8ehcCWGIhR5VtKu8 - 8994163512148205 - February 18, 2021, 7:57 pm
2021Influencer375 - 8994163511765205 - February 18, 2021, 7:57 pm
2021Influencer383 - 8994163511882209 - February 18, 2021, 7:57 pm
2021Influencer391 - 8994163511766202 - February 18, 2021, 7:57 pm
txn_1IMAFOJm8ehcCWGICfc0r9Ez - 8994163511881202 - February 18, 2021, 7:57 pm
txn_1IMLlWJm8ehcCWGIT0d76Lvu - 8994163512147208 - February 18, 2021, 7:57 pm
txn_1IMGkrJm8ehcCWGIc61nNBhs - 8994163511764208 - February 18, 2021, 7:57 pm
2021Influencer386 - 8994163511888201 - February 18, 2021, 7:57 pm
txn_1IM6FGJm8ehcCWGIeps0CEgg - 8994163511770209 - February 18, 2021, 7:57 pm
2021Influencer378 - 8994163511771206 - February 18, 2021, 7:57 pm
2021Influencer394 - 8994163512155203 - February 18, 2021, 7:57 pm
txn_1IMIawJm8ehcCWGIoTUlibK3 - 8994163512154206 - February 18, 2021, 7:57 pm
txn_1IMEnpJm8ehcCWGIKT4NEtqI - 8994163511887204 - February 18, 2021, 7:57 pm
2021Influencer385 - 8994163512152202 - February 18, 2021, 7:57 pm
2021Influencer377 - 8994163511886207 - February 18, 2021, 7:57 pm
txn_1IM6KyJm8ehcCWGI7EsNgpnc - 8994163512151205 - February 18, 2021, 7:57 pm
2021Influencer393 - 8994163512150208 - February 18, 2021, 7:57 pm
txn_1IMIm9Jm8ehcCWGIqi63LzLe - 8994163511885200 - February 18, 2021, 7:57 pm
txn_1IMFOyJm8ehcCWGIfabjzoGk - 8994163511769203 - February 18, 2021, 7:57 pm
2021Influencer376 - 8994163512149202 - February 18, 2021, 7:57 pm
2021Influencer384 - 8994163511884203 - February 18, 2021, 7:57 pm
txn_1IM6iOJm8ehcCWGIVDqTsnRX - 8994163511883206 - February 18, 2021, 7:57 pm
2021Influencer392 - 8994163511768206 - February 18, 2021, 7:57 pm
txn_1IMJgsJm8ehcCWGISien4FeF - 8994163511767209 - February 18, 2021, 7:57 pm
txn_1IMG1qJm8ehcCWGIhR5VtKu8 - 8994163512148205 - February 18, 2021, 7:57 pm
2021Influencer375 - 8994163511765205 - February 18, 2021, 7:57 pm
2021Influencer383 - 8994163511882209 - February 18, 2021, 7:57 pm
2021Influencer391 - 8994163511766202 - February 18, 2021, 7:57 pm
txn_1IMAFOJm8ehcCWGICfc0r9Ez - 8994163511881202 - February 18, 2021, 7:57 pm
txn_1IMLlWJm8ehcCWGIT0d76Lvu - 8994163512147208 - February 18, 2021, 7:57 pm
txn_1IMGkrJm8ehcCWGIc61nNBhs - 8994163511764208 - February 18, 2021, 7:57 pm
2021Influencer390 - 8994163511782202 - February 18, 2021, 7:57 pm
txn_1IM5yWJm8ehcCWGIu4U7UCWQ - 8994163511781205 - February 18, 2021, 7:57 pm
txn_1IMHW7Jm8ehcCWGI9QrIvY6p - 8994163511901207 - February 18, 2021, 7:57 pm
2021Influencer388 - 8994163511780208 - February 18, 2021, 7:57 pm
2021Influencer387 - 8994163511899207 - February 18, 2021, 7:57 pm
txn_1IM61rJm8ehcCWGIxDcYNBdc - 8994163511900200 - February 18, 2021, 7:57 pm
txn_1IMHuHJm8ehcCWGI0ZYX1eo9 - 8994163511898200 - February 18, 2021, 7:57 pm
2021Influencer382 - 8994163511896206 - February 18, 2021, 7:57 pm
txn_1IMCXOJm8ehcCWGIGvswr6pj - 8994163511779202 - February 18, 2021, 7:57 pm
txn_1IMLsIJm8ehcCWGIUtWX6XqM - 8994163511895209 - February 18, 2021, 7:57 pm
txn_1IM2QuJm8ehcCWGIxV9Mg8Bk - 8994163512167206 - February 18, 2021, 7:57 pm
2021Influencer381 - 8994163511894202 - February 18, 2021, 7:57 pm
txn_1IMDHrJm8ehcCWGIkYchh3Iv - 8994163511778205 - February 18, 2021, 7:57 pm
txn_1IMMWOJm8ehcCWGIVM1uweQ5 - 8994163511893205 - February 18, 2021, 7:57 pm
txn_1IM2X3Jm8ehcCWGIW16oSCJC - 8994163512166209 - February 18, 2021, 7:57 pm
txn_1IMDklJm8ehcCWGI7DzeZ8fD - 8994163511892208 - February 18, 2021, 7:57 pm
2021Influencer380 - 8994163511777208 - February 18, 2021, 7:57 pm
txn_1IMMwZJm8ehcCWGI20dpkGYk - 8994163512165202 - February 18, 2021, 7:57 pm
txn_1IM2fxJm8ehcCWGITOMLSa1Q - 8994163512164205 - February 18, 2021, 7:57 pm
txn_1IME7GJm8ehcCWGIHkogi6Up - 8994163511891201 - February 18, 2021, 7:57 pm
2021Influencer379 - 8994163511776201 - February 18, 2021, 7:57 pm
2021Influencer395 - 8994163512163208 - February 18, 2021, 7:57 pm
2021Influencer386 - 8994163511888201 - February 18, 2021, 7:58 pm
txn_1IM6FGJm8ehcCWGIeps0CEgg - 8994163511770209 - February 18, 2021, 7:58 pm
2021Influencer378 - 8994163511771206 - February 18, 2021, 7:58 pm
2021Influencer394 - 8994163512155203 - February 18, 2021, 7:58 pm
txn_1IMIawJm8ehcCWGIoTUlibK3 - 8994163512154206 - February 18, 2021, 7:58 pm
txn_1IMEnpJm8ehcCWGIKT4NEtqI - 8994163511887204 - February 18, 2021, 7:58 pm
2021Influencer385 - 8994163512152202 - February 18, 2021, 7:58 pm
2021Influencer377 - 8994163511886207 - February 18, 2021, 7:58 pm
txn_1IM6KyJm8ehcCWGI7EsNgpnc - 8994163512151205 - February 18, 2021, 7:58 pm
2021Influencer393 - 8994163512150208 - February 18, 2021, 7:58 pm
txn_1IMIm9Jm8ehcCWGIqi63LzLe - 8994163511885200 - February 18, 2021, 7:58 pm
txn_1IMFOyJm8ehcCWGIfabjzoGk - 8994163511769203 - February 18, 2021, 7:58 pm
2021Influencer376 - 8994163512149202 - February 18, 2021, 7:58 pm
2021Influencer384 - 8994163511884203 - February 18, 2021, 7:58 pm
txn_1IM6iOJm8ehcCWGIVDqTsnRX - 8994163511883206 - February 18, 2021, 7:58 pm
2021Influencer392 - 8994163511768206 - February 18, 2021, 7:58 pm
txn_1IMJgsJm8ehcCWGISien4FeF - 8994163511767209 - February 18, 2021, 7:58 pm
txn_1IMG1qJm8ehcCWGIhR5VtKu8 - 8994163512148205 - February 18, 2021, 7:58 pm
2021Influencer375 - 8994163511765205 - February 18, 2021, 7:58 pm
2021Influencer383 - 8994163511882209 - February 18, 2021, 7:58 pm
2021Influencer391 - 8994163511766202 - February 18, 2021, 7:58 pm
txn_1IMAFOJm8ehcCWGICfc0r9Ez - 8994163511881202 - February 18, 2021, 7:58 pm
txn_1IMLlWJm8ehcCWGIT0d76Lvu - 8994163512147208 - February 18, 2021, 7:58 pm
txn_1IMGkrJm8ehcCWGIc61nNBhs - 8994163511764208 - February 18, 2021, 7:58 pm
2021Influencer390 - 8994163511782202 - February 18, 2021, 7:58 pm
txn_1IM5yWJm8ehcCWGIu4U7UCWQ - 8994163511781205 - February 18, 2021, 7:58 pm
txn_1IMHW7Jm8ehcCWGI9QrIvY6p - 8994163511901207 - February 18, 2021, 7:58 pm
2021Influencer388 - 8994163511780208 - February 18, 2021, 7:58 pm
2021Influencer387 - 8994163511899207 - February 18, 2021, 7:58 pm
txn_1IM61rJm8ehcCWGIxDcYNBdc - 8994163511900200 - February 18, 2021, 7:58 pm
txn_1IMHuHJm8ehcCWGI0ZYX1eo9 - 8994163511898200 - February 18, 2021, 7:58 pm
2021Influencer382 - 8994163511896206 - February 18, 2021, 7:58 pm
txn_1IMCXOJm8ehcCWGIGvswr6pj - 8994163511779202 - February 18, 2021, 7:58 pm
txn_1IMLsIJm8ehcCWGIUtWX6XqM - 8994163511895209 - February 18, 2021, 7:58 pm
txn_1IM2QuJm8ehcCWGIxV9Mg8Bk - 8994163512167206 - February 18, 2021, 7:58 pm
2021Influencer381 - 8994163511894202 - February 18, 2021, 7:58 pm
txn_1IMDHrJm8ehcCWGIkYchh3Iv - 8994163511778205 - February 18, 2021, 7:58 pm
txn_1IMMWOJm8ehcCWGIVM1uweQ5 - 8994163511893205 - February 18, 2021, 7:58 pm
txn_1IM2X3Jm8ehcCWGIW16oSCJC - 8994163512166209 - February 18, 2021, 7:58 pm
txn_1IMDklJm8ehcCWGI7DzeZ8fD - 8994163511892208 - February 18, 2021, 7:58 pm
2021Influencer380 - 8994163511777208 - February 18, 2021, 7:58 pm
txn_1IMMwZJm8ehcCWGI20dpkGYk - 8994163512165202 - February 18, 2021, 7:58 pm
txn_1IM2fxJm8ehcCWGITOMLSa1Q - 8994163512164205 - February 18, 2021, 7:58 pm
txn_1IME7GJm8ehcCWGIHkogi6Up - 8994163511891201 - February 18, 2021, 7:58 pm
2021Influencer379 - 8994163511776201 - February 18, 2021, 7:58 pm
2021Influencer395 - 8994163512163208 - February 18, 2021, 7:58 pm
2021Influencer386 - 8994163511888201 - February 18, 2021, 7:58 pm
txn_1IM6FGJm8ehcCWGIeps0CEgg - 8994163511770209 - February 18, 2021, 7:58 pm
2021Influencer378 - 8994163511771206 - February 18, 2021, 7:58 pm
2021Influencer394 - 8994163512155203 - February 18, 2021, 7:58 pm
txn_1IMIawJm8ehcCWGIoTUlibK3 - 8994163512154206 - February 18, 2021, 7:58 pm
txn_1IMEnpJm8ehcCWGIKT4NEtqI - 8994163511887204 - February 18, 2021, 7:58 pm
2021Influencer385 - 8994163512152202 - February 18, 2021, 7:58 pm
2021Influencer377 - 8994163511886207 - February 18, 2021, 7:58 pm
txn_1IM6KyJm8ehcCWGI7EsNgpnc - 8994163512151205 - February 18, 2021, 7:58 pm
2021Influencer393 - 8994163512150208 - February 18, 2021, 7:58 pm
txn_1IMIm9Jm8ehcCWGIqi63LzLe - 8994163511885200 - February 18, 2021, 7:58 pm
txn_1IMFOyJm8ehcCWGIfabjzoGk - 8994163511769203 - February 18, 2021, 7:58 pm
2021Influencer376 - 8994163512149202 - February 18, 2021, 7:58 pm
2021Influencer384 - 8994163511884203 - February 18, 2021, 7:58 pm
txn_1IM6iOJm8ehcCWGIVDqTsnRX - 8994163511883206 - February 18, 2021, 7:58 pm
2021Influencer392 - 8994163511768206 - February 18, 2021, 7:58 pm
txn_1IMJgsJm8ehcCWGISien4FeF - 8994163511767209 - February 18, 2021, 7:58 pm
txn_1IMG1qJm8ehcCWGIhR5VtKu8 - 8994163512148205 - February 18, 2021, 7:58 pm
2021Influencer375 - 8994163511765205 - February 18, 2021, 7:58 pm
2021Influencer383 - 8994163511882209 - February 18, 2021, 7:58 pm
2021Influencer391 - 8994163511766202 - February 18, 2021, 7:58 pm
txn_1IMAFOJm8ehcCWGICfc0r9Ez - 8994163511881202 - February 18, 2021, 7:58 pm
txn_1IMLlWJm8ehcCWGIT0d76Lvu - 8994163512147208 - February 18, 2021, 7:58 pm
txn_1IMGkrJm8ehcCWGIc61nNBhs - 8994163511764208 - February 18, 2021, 7:58 pm
2021Influencer390 - 8994163511782202 - February 18, 2021, 7:58 pm
txn_1IM5yWJm8ehcCWGIu4U7UCWQ - 8994163511781205 - February 18, 2021, 7:58 pm
txn_1IMHW7Jm8ehcCWGI9QrIvY6p - 8994163511901207 - February 18, 2021, 7:58 pm
2021Influencer388 - 8994163511780208 - February 18, 2021, 7:58 pm
2021Influencer387 - 8994163511899207 - February 18, 2021, 7:58 pm
txn_1IM61rJm8ehcCWGIxDcYNBdc - 8994163511900200 - February 18, 2021, 7:58 pm
txn_1IMHuHJm8ehcCWGI0ZYX1eo9 - 8994163511898200 - February 18, 2021, 7:58 pm
2021Influencer382 - 8994163511896206 - February 18, 2021, 7:58 pm
txn_1IMCXOJm8ehcCWGIGvswr6pj - 8994163511779202 - February 18, 2021, 7:58 pm
txn_1IMLsIJm8ehcCWGIUtWX6XqM - 8994163511895209 - February 18, 2021, 7:58 pm
txn_1IM2QuJm8ehcCWGIxV9Mg8Bk - 8994163512167206 - February 18, 2021, 7:58 pm
2021Influencer381 - 8994163511894202 - February 18, 2021, 7:58 pm
txn_1IMDHrJm8ehcCWGIkYchh3Iv - 8994163511778205 - February 18, 2021, 7:58 pm
txn_1IMMWOJm8ehcCWGIVM1uweQ5 - 8994163511893205 - February 18, 2021, 7:58 pm
txn_1IM2X3Jm8ehcCWGIW16oSCJC - 8994163512166209 - February 18, 2021, 7:58 pm
txn_1IMDklJm8ehcCWGI7DzeZ8fD - 8994163511892208 - February 18, 2021, 7:58 pm
2021Influencer380 - 8994163511777208 - February 18, 2021, 7:58 pm
txn_1IMMwZJm8ehcCWGI20dpkGYk - 8994163512165202 - February 18, 2021, 7:58 pm
txn_1IM2fxJm8ehcCWGITOMLSa1Q - 8994163512164205 - February 18, 2021, 7:58 pm
txn_1IME7GJm8ehcCWGIHkogi6Up - 8994163511891201 - February 18, 2021, 7:58 pm
2021Influencer379 - 8994163511776201 - February 18, 2021, 7:58 pm
2021Influencer395 - 8994163512163208 - February 18, 2021, 7:58 pm
2021Influencer386 - 8994163511888201 - February 18, 2021, 7:58 pm
txn_1IM6FGJm8ehcCWGIeps0CEgg - 8994163511770209 - February 18, 2021, 7:58 pm
2021Influencer378 - 8994163511771206 - February 18, 2021, 7:58 pm
2021Influencer394 - 8994163512155203 - February 18, 2021, 7:58 pm
txn_1IMIawJm8ehcCWGIoTUlibK3 - 8994163512154206 - February 18, 2021, 7:58 pm
txn_1IMEnpJm8ehcCWGIKT4NEtqI - 8994163511887204 - February 18, 2021, 7:58 pm
2021Influencer385 - 8994163512152202 - February 18, 2021, 7:58 pm
2021Influencer377 - 8994163511886207 - February 18, 2021, 7:58 pm
txn_1IM6KyJm8ehcCWGI7EsNgpnc - 8994163512151205 - February 18, 2021, 7:58 pm
2021Influencer393 - 8994163512150208 - February 18, 2021, 7:58 pm
txn_1IMIm9Jm8ehcCWGIqi63LzLe - 8994163511885200 - February 18, 2021, 7:58 pm
txn_1IMFOyJm8ehcCWGIfabjzoGk - 8994163511769203 - February 18, 2021, 7:58 pm
2021Influencer376 - 8994163512149202 - February 18, 2021, 7:58 pm
2021Influencer384 - 8994163511884203 - February 18, 2021, 7:58 pm
txn_1IM6iOJm8ehcCWGIVDqTsnRX - 8994163511883206 - February 18, 2021, 7:58 pm
2021Influencer392 - 8994163511768206 - February 18, 2021, 7:58 pm
txn_1IMJgsJm8ehcCWGISien4FeF - 8994163511767209 - February 18, 2021, 7:58 pm
txn_1IMG1qJm8ehcCWGIhR5VtKu8 - 8994163512148205 - February 18, 2021, 7:58 pm
2021Influencer375 - 8994163511765205 - February 18, 2021, 7:58 pm
2021Influencer383 - 8994163511882209 - February 18, 2021, 7:58 pm
2021Influencer391 - 8994163511766202 - February 18, 2021, 7:58 pm
txn_1IMAFOJm8ehcCWGICfc0r9Ez - 8994163511881202 - February 18, 2021, 7:58 pm
txn_1IMLlWJm8ehcCWGIT0d76Lvu - 8994163512147208 - February 18, 2021, 7:58 pm
txn_1IMGkrJm8ehcCWGIc61nNBhs - 8994163511764208 - February 18, 2021, 7:58 pm
2021Influencer390 - 8994163511782202 - February 18, 2021, 7:58 pm
txn_1IM5yWJm8ehcCWGIu4U7UCWQ - 8994163511781205 - February 18, 2021, 7:58 pm
txn_1IMHW7Jm8ehcCWGI9QrIvY6p - 8994163511901207 - February 18, 2021, 7:58 pm
2021Influencer388 - 8994163511780208 - February 18, 2021, 7:58 pm
2021Influencer387 - 8994163511899207 - February 18, 2021, 7:58 pm
txn_1IM61rJm8ehcCWGIxDcYNBdc - 8994163511900200 - February 18, 2021, 7:58 pm
txn_1IMHuHJm8ehcCWGI0ZYX1eo9 - 8994163511898200 - February 18, 2021, 7:58 pm
2021Influencer382 - 8994163511896206 - February 18, 2021, 7:58 pm
txn_1IMCXOJm8ehcCWGIGvswr6pj - 8994163511779202 - February 18, 2021, 7:58 pm
txn_1IMLsIJm8ehcCWGIUtWX6XqM - 8994163511895209 - February 18, 2021, 7:58 pm
txn_1IM2QuJm8ehcCWGIxV9Mg8Bk - 8994163512167206 - February 18, 2021, 7:58 pm
2021Influencer381 - 8994163511894202 - February 18, 2021, 7:58 pm
txn_1IMDHrJm8ehcCWGIkYchh3Iv - 8994163511778205 - February 18, 2021, 7:58 pm
txn_1IMMWOJm8ehcCWGIVM1uweQ5 - 8994163511893205 - February 18, 2021, 7:58 pm
txn_1IM2X3Jm8ehcCWGIW16oSCJC - 8994163512166209 - February 18, 2021, 7:58 pm
txn_1IMDklJm8ehcCWGI7DzeZ8fD - 8994163511892208 - February 18, 2021, 7:58 pm
2021Influencer380 - 8994163511777208 - February 18, 2021, 7:58 pm
txn_1IMMwZJm8ehcCWGI20dpkGYk - 8994163512165202 - February 18, 2021, 7:58 pm
txn_1IM2fxJm8ehcCWGITOMLSa1Q - 8994163512164205 - February 18, 2021, 7:58 pm
txn_1IME7GJm8ehcCWGIHkogi6Up - 8994163511891201 - February 18, 2021, 7:58 pm
2021Influencer379 - 8994163511776201 - February 18, 2021, 7:58 pm
2021Influencer395 - 8994163512163208 - February 18, 2021, 7:58 pm
txn_1IM47WJm8ehcCWGILqTdjHuG - 8994163512169200 - February 18, 2021, 7:58 pm
txn_1IM5QtJm8ehcCWGIKWt0gxod - 8994163511908206 - February 18, 2021, 7:58 pm
txn_1IMGzEJm8ehcCWGI1CUW6SB2 - 8994163511907209 - February 18, 2021, 7:58 pm
txn_1IMHPiJm8ehcCWGIMi3H0EhE - 8994163511906202 - February 18, 2021, 7:58 pm
2021Influencer389 - 8994163511905205 - February 18, 2021, 7:58 pm
