txn_1HRNTZJm8ehcCWGILLwgpYTv - 8994163399842579 - September 15, 2020, 1:56 pm
Influencer86 - 8994163399549577 - September 15, 2020, 1:56 pm
txn_1HROSaJm8ehcCWGIwDsABsdO - 8994163399675573 - September 15, 2020, 1:56 pm
txn_1HRUm2Jm8ehcCWGIF0SNlxKO - 8994163399676570 - September 15, 2020, 1:56 pm
txn_1HReNZJm8ehcCWGIg6BDlAVK - 8994163399547573 - September 15, 2020, 1:56 pm
txn_1HRgKZJm8ehcCWGIyagcGZm9 - 8994163399829570 - September 15, 2020, 1:56 pm
txn_1HRT6jJm8ehcCWGIL5zDNWwI - 8994163399539578 - September 15, 2020, 1:56 pm
Influencer85 - 8994163399537574 - September 15, 2020, 1:56 pm
txn_1HROZaJm8ehcCWGIBi3pAECk - 8994163399536577 - September 15, 2020, 1:56 pm
txn_1HRfnrJm8ehcCWGImdRtGUx0 - 8994163399828573 - September 15, 2020, 1:56 pm
txn_1HRUt0Jm8ehcCWGIyOHYF8dO - 8994163399535570 - September 15, 2020, 1:56 pm
txn_1HRULuJm8ehcCWGIcs1XIsgo - 8994163399530575 - September 15, 2020, 1:56 pm
Influencer88 - 8994163399529579 - September 15, 2020, 1:56 pm
Influencer84 - 8994163399654578 - September 15, 2020, 1:56 pm
txn_1HRV1VJm8ehcCWGIpWK56xSS - 8994163399653571 - September 15, 2020, 1:56 pm
txn_1HRP90Jm8ehcCWGIBfO523Tz - 8994163399526578 - September 15, 2020, 1:56 pm
txn_1HRgFkJm8ehcCWGIFT0SsK5L - 8994163399527575 - September 15, 2020, 1:56 pm
txn_1HRUZ0Jm8ehcCWGIj3R4Cwq3 - 8994163399814576 - September 15, 2020, 1:56 pm
Influencer87 - 8994163399811575 - September 15, 2020, 1:56 pm
txn_1HRgG1Jm8ehcCWGIIIW67MFM - 8994163399509571 - September 15, 2020, 1:56 pm
Influencer83 - 8994163399510577 - September 15, 2020, 1:56 pm
txn_1HRdNuJm8ehcCWGIuERWmvvP - 8994163399812572 - September 15, 2020, 1:56 pm
txn_1HRPGAJm8ehcCWGIma69kf8i - 8994163399813579 - September 15, 2020, 1:56 pm
txn_1HRNTZJm8ehcCWGILLwgpYTv - 8994163399842579 - September 15, 2020, 1:57 pm
Influencer86 - 8994163399549577 - September 15, 2020, 1:57 pm
txn_1HROSaJm8ehcCWGIwDsABsdO - 8994163399675573 - September 15, 2020, 1:57 pm
txn_1HRUm2Jm8ehcCWGIF0SNlxKO - 8994163399676570 - September 15, 2020, 1:57 pm
txn_1HReNZJm8ehcCWGIg6BDlAVK - 8994163399547573 - September 15, 2020, 1:57 pm
txn_1HRgKZJm8ehcCWGIyagcGZm9 - 8994163399829570 - September 15, 2020, 1:57 pm
txn_1HRT6jJm8ehcCWGIL5zDNWwI - 8994163399539578 - September 15, 2020, 1:57 pm
Influencer85 - 8994163399537574 - September 15, 2020, 1:57 pm
txn_1HROZaJm8ehcCWGIBi3pAECk - 8994163399536577 - September 15, 2020, 1:57 pm
txn_1HRfnrJm8ehcCWGImdRtGUx0 - 8994163399828573 - September 15, 2020, 1:57 pm
txn_1HRUt0Jm8ehcCWGIyOHYF8dO - 8994163399535570 - September 15, 2020, 1:57 pm
txn_1HRULuJm8ehcCWGIcs1XIsgo - 8994163399530575 - September 15, 2020, 1:57 pm
Influencer88 - 8994163399529579 - September 15, 2020, 1:57 pm
Influencer84 - 8994163399654578 - September 15, 2020, 1:57 pm
txn_1HRV1VJm8ehcCWGIpWK56xSS - 8994163399653571 - September 15, 2020, 1:57 pm
txn_1HRP90Jm8ehcCWGIBfO523Tz - 8994163399526578 - September 15, 2020, 1:57 pm
txn_1HRgFkJm8ehcCWGIFT0SsK5L - 8994163399527575 - September 15, 2020, 1:57 pm
txn_1HRUZ0Jm8ehcCWGIj3R4Cwq3 - 8994163399814576 - September 15, 2020, 1:57 pm
Influencer87 - 8994163399811575 - September 15, 2020, 1:57 pm
txn_1HRgG1Jm8ehcCWGIIIW67MFM - 8994163399509571 - September 15, 2020, 1:57 pm
Influencer83 - 8994163399510577 - September 15, 2020, 1:57 pm
txn_1HRdNuJm8ehcCWGIuERWmvvP - 8994163399812572 - September 15, 2020, 1:57 pm
txn_1HRPGAJm8ehcCWGIma69kf8i - 8994163399813579 - September 15, 2020, 1:57 pm
txn_1HRPewJm8ehcCWGIc0oASmMm - 8994163400071578 - September 15, 2020, 1:57 pm
txn_1HRNTZJm8ehcCWGILLwgpYTv - 8994163399842579 - September 15, 2020, 1:57 pm
Influencer86 - 8994163399549577 - September 15, 2020, 1:57 pm
txn_1HROSaJm8ehcCWGIwDsABsdO - 8994163399675573 - September 15, 2020, 1:57 pm
txn_1HRUm2Jm8ehcCWGIF0SNlxKO - 8994163399676570 - September 15, 2020, 1:57 pm
txn_1HReNZJm8ehcCWGIg6BDlAVK - 8994163399547573 - September 15, 2020, 1:57 pm
txn_1HRgKZJm8ehcCWGIyagcGZm9 - 8994163399829570 - September 15, 2020, 1:57 pm
txn_1HRT6jJm8ehcCWGIL5zDNWwI - 8994163399539578 - September 15, 2020, 1:57 pm
Influencer85 - 8994163399537574 - September 15, 2020, 1:57 pm
txn_1HROZaJm8ehcCWGIBi3pAECk - 8994163399536577 - September 15, 2020, 1:57 pm
txn_1HRfnrJm8ehcCWGImdRtGUx0 - 8994163399828573 - September 15, 2020, 1:57 pm
txn_1HRUt0Jm8ehcCWGIyOHYF8dO - 8994163399535570 - September 15, 2020, 1:57 pm
txn_1HRULuJm8ehcCWGIcs1XIsgo - 8994163399530575 - September 15, 2020, 1:57 pm
Influencer88 - 8994163399529579 - September 15, 2020, 1:57 pm
Influencer84 - 8994163399654578 - September 15, 2020, 1:57 pm
txn_1HRV1VJm8ehcCWGIpWK56xSS - 8994163399653571 - September 15, 2020, 1:57 pm
txn_1HRP90Jm8ehcCWGIBfO523Tz - 8994163399526578 - September 15, 2020, 1:57 pm
txn_1HRgFkJm8ehcCWGIFT0SsK5L - 8994163399527575 - September 15, 2020, 1:57 pm
txn_1HRUZ0Jm8ehcCWGIj3R4Cwq3 - 8994163399814576 - September 15, 2020, 1:57 pm
Influencer87 - 8994163399811575 - September 15, 2020, 1:57 pm
txn_1HRgG1Jm8ehcCWGIIIW67MFM - 8994163399509571 - September 15, 2020, 1:57 pm
Influencer83 - 8994163399510577 - September 15, 2020, 1:57 pm
txn_1HRdNuJm8ehcCWGIuERWmvvP - 8994163399812572 - September 15, 2020, 1:57 pm
txn_1HRPGAJm8ehcCWGIma69kf8i - 8994163399813579 - September 15, 2020, 1:57 pm
txn_1HRPewJm8ehcCWGIc0oASmMm - 8994163400071578 - September 15, 2020, 1:57 pm
txn_1HRgIwJm8ehcCWGIvNDqcP3k - 8994163399999570 - September 15, 2020, 1:57 pm
