txn_1J5iRgJm8ehcCWGI936exEd0 - 8994163968179259 - June 25, 2021, 4:10 pm
txn_1J62elJm8ehcCWGIqoDDj3yf - 8994163968190254 - June 25, 2021, 4:10 pm
txn_1J62KwJm8ehcCWGI4EUSDdVB - 8994163968592256 - June 25, 2021, 4:10 pm
txn_1J5xjJJm8ehcCWGIJloLgp2V - 8994163968669255 - June 25, 2021, 4:10 pm
txn_1J5kXJJm8ehcCWGIlTn80wYe - 8994163968670251 - June 25, 2021, 4:10 pm
txn_1J623AJm8ehcCWGIMJVeAB9b - 8994163968589256 - June 25, 2021, 4:10 pm
txn_1J5uWoJm8ehcCWGILJWEWgUY - 8994163968588259 - June 25, 2021, 4:10 pm
txn_1J5sdoJm8ehcCWGISaj4JrM6 - 8994163968186257 - June 25, 2021, 4:10 pm
txn_1J61EYJm8ehcCWGI65rF8kBM - 8994163968185250 - June 25, 2021, 4:10 pm
txn_1J61jwJm8ehcCWGINVC5Lwaz - 8994163968586255 - June 25, 2021, 4:10 pm
txn_1J5jHOJm8ehcCWGInySdxR4U - 8994163968585258 - June 25, 2021, 4:10 pm
txn_1J5uUqJm8ehcCWGITdSLdUQR - 8994163968182259 - June 25, 2021, 4:10 pm
txn_1J5xT5Jm8ehcCWGIE93Zsk4C - 8994163968181252 - June 25, 2021, 4:10 pm
txn_1J5ru8Jm8ehcCWGIhK4Y6Jxx - 8994163968180255 - June 25, 2021, 4:10 pm
txn_1J61BgJm8ehcCWGIZfY3o17y - 8994163968584251 - June 25, 2021, 4:10 pm
txn_1J61Z5Jm8ehcCWGIuKkiNadO - 8994163968582257 - June 25, 2021, 4:10 pm
txn_1J5tRDJm8ehcCWGIhBRSj7XS - 8994163968178252 - June 25, 2021, 4:10 pm
txn_1J5wy5Jm8ehcCWGIp9JexAqK - 8994163968581250 - June 25, 2021, 4:10 pm
txn_1J5y2kJm8ehcCWGIylXTCZYZ - 8994163968666254 - June 25, 2021, 4:10 pm
txn_1J5rq8Jm8ehcCWGIoOR57IHu - 8994163968580253 - June 25, 2021, 4:10 pm
