txn_1J4rMRJm8ehcCWGIWInn6Tu6 - 8994163841296257 - June 22, 2021, 5:35 pm
txn_1J4ehWJm8ehcCWGImWBYRoOu - 8994163841297254 - June 22, 2021, 5:35 pm
txn_1J4dg4Jm8ehcCWGIktjs2Xk5 - 8994163841295250 - June 22, 2021, 5:35 pm
txn_1J4mwkJm8ehcCWGI7aT5xL3T - 8994163841085257 - June 22, 2021, 5:35 pm
txn_1J4okrJm8ehcCWGITbxRreIN - 8994163841294253 - June 22, 2021, 5:35 pm
txn_1J4urgJm8ehcCWGIGZxEYDSs - 8994163840933252 - June 22, 2021, 5:35 pm
txn_1J4dziJm8ehcCWGIVCRDYf7H - 8994163841084250 - June 22, 2021, 5:35 pm
txn_1J4r0DJm8ehcCWGI3Lfe9UOK - 8994163841293256 - June 22, 2021, 5:35 pm
txn_1J4dDeJm8ehcCWGIxYkNtix0 - 8994163841083253 - June 22, 2021, 5:35 pm
txn_1J4lgwJm8ehcCWGIWgFIJ8ii - 8994163841292259 - June 22, 2021, 5:35 pm
txn_1J4obxJm8ehcCWGIx1stYDqN - 8994163841291252 - June 22, 2021, 5:35 pm
txn_1J4sVVJm8ehcCWGIrZaiQv2Y - 8994163841290255 - June 22, 2021, 5:35 pm
txn_1J4dogJm8ehcCWGIoAHM3NAO - 8994163841289259 - June 22, 2021, 5:35 pm
txn_1J4pGdJm8ehcCWGIsPnnI6Mj - 8994163841081259 - June 22, 2021, 5:35 pm
txn_1J4jqFJm8ehcCWGI0z4nidgZ - 8994163840932255 - June 22, 2021, 5:35 pm
txn_1J4d5XJm8ehcCWGI1l1iPBrS - 8994163841288252 - June 22, 2021, 5:35 pm
txn_1J4nl0Jm8ehcCWGIFz5lYgOO - 8994163841285251 - June 22, 2021, 5:35 pm
txn_1J4s55Jm8ehcCWGIwug2c0uD - 8994163841080252 - June 22, 2021, 5:35 pm
txn_1J4erjJm8ehcCWGI0pNYGiys - 8994163841286258 - June 22, 2021, 5:35 pm
txn_1J4djBJm8ehcCWGIbuhqaQWk - 8994163841284254 - June 22, 2021, 5:35 pm
txn_1IhOkTJm8ehcCWGIKNe7P4I7_X - 8994163841079256 - June 22, 2021, 5:35 pm
txn_1J4bYXJm8ehcCWGIiMYu0KZi - 8994163840931258 - June 22, 2021, 5:35 pm
txn_1J4rMRJm8ehcCWGIWInn6Tu6 - 8994163841296257 - June 22, 2021, 5:35 pm
txn_1J4ehWJm8ehcCWGImWBYRoOu - 8994163841297254 - June 22, 2021, 5:35 pm
txn_1J4dg4Jm8ehcCWGIktjs2Xk5 - 8994163841295250 - June 22, 2021, 5:35 pm
txn_1J4mwkJm8ehcCWGI7aT5xL3T - 8994163841085257 - June 22, 2021, 5:35 pm
txn_1J4okrJm8ehcCWGITbxRreIN - 8994163841294253 - June 22, 2021, 5:35 pm
txn_1J4urgJm8ehcCWGIGZxEYDSs - 8994163840933252 - June 22, 2021, 5:35 pm
txn_1J4dziJm8ehcCWGIVCRDYf7H - 8994163841084250 - June 22, 2021, 5:35 pm
txn_1J4r0DJm8ehcCWGI3Lfe9UOK - 8994163841293256 - June 22, 2021, 5:35 pm
txn_1J4dDeJm8ehcCWGIxYkNtix0 - 8994163841083253 - June 22, 2021, 5:35 pm
txn_1J4lgwJm8ehcCWGIWgFIJ8ii - 8994163841292259 - June 22, 2021, 5:35 pm
txn_1J4obxJm8ehcCWGIx1stYDqN - 8994163841291252 - June 22, 2021, 5:35 pm
txn_1J4sVVJm8ehcCWGIrZaiQv2Y - 8994163841290255 - June 22, 2021, 5:35 pm
txn_1J4dogJm8ehcCWGIoAHM3NAO - 8994163841289259 - June 22, 2021, 5:35 pm
txn_1J4pGdJm8ehcCWGIsPnnI6Mj - 8994163841081259 - June 22, 2021, 5:35 pm
txn_1J4jqFJm8ehcCWGI0z4nidgZ - 8994163840932255 - June 22, 2021, 5:35 pm
txn_1J4d5XJm8ehcCWGI1l1iPBrS - 8994163841288252 - June 22, 2021, 5:35 pm
txn_1J4nl0Jm8ehcCWGIFz5lYgOO - 8994163841285251 - June 22, 2021, 5:35 pm
txn_1J4s55Jm8ehcCWGIwug2c0uD - 8994163841080252 - June 22, 2021, 5:35 pm
txn_1J4erjJm8ehcCWGI0pNYGiys - 8994163841286258 - June 22, 2021, 5:35 pm
txn_1J4djBJm8ehcCWGIbuhqaQWk - 8994163841284254 - June 22, 2021, 5:35 pm
txn_1IhOkTJm8ehcCWGIKNe7P4I7_X - 8994163841079256 - June 22, 2021, 5:35 pm
txn_1J4bYXJm8ehcCWGIiMYu0KZi - 8994163840931258 - June 22, 2021, 5:35 pm
txn_1J4rMRJm8ehcCWGIWInn6Tu6 - 8994163841296257 - June 22, 2021, 5:35 pm
txn_1J4ehWJm8ehcCWGImWBYRoOu - 8994163841297254 - June 22, 2021, 5:35 pm
txn_1J4dg4Jm8ehcCWGIktjs2Xk5 - 8994163841295250 - June 22, 2021, 5:35 pm
txn_1J4mwkJm8ehcCWGI7aT5xL3T - 8994163841085257 - June 22, 2021, 5:35 pm
txn_1J4okrJm8ehcCWGITbxRreIN - 8994163841294253 - June 22, 2021, 5:35 pm
txn_1J4urgJm8ehcCWGIGZxEYDSs - 8994163840933252 - June 22, 2021, 5:35 pm
txn_1J4dziJm8ehcCWGIVCRDYf7H - 8994163841084250 - June 22, 2021, 5:35 pm
txn_1J4r0DJm8ehcCWGI3Lfe9UOK - 8994163841293256 - June 22, 2021, 5:35 pm
txn_1J4dDeJm8ehcCWGIxYkNtix0 - 8994163841083253 - June 22, 2021, 5:35 pm
txn_1J4lgwJm8ehcCWGIWgFIJ8ii - 8994163841292259 - June 22, 2021, 5:35 pm
txn_1J4obxJm8ehcCWGIx1stYDqN - 8994163841291252 - June 22, 2021, 5:35 pm
txn_1J4sVVJm8ehcCWGIrZaiQv2Y - 8994163841290255 - June 22, 2021, 5:35 pm
txn_1J4dogJm8ehcCWGIoAHM3NAO - 8994163841289259 - June 22, 2021, 5:35 pm
txn_1J4pGdJm8ehcCWGIsPnnI6Mj - 8994163841081259 - June 22, 2021, 5:35 pm
txn_1J4jqFJm8ehcCWGI0z4nidgZ - 8994163840932255 - June 22, 2021, 5:35 pm
txn_1J4d5XJm8ehcCWGI1l1iPBrS - 8994163841288252 - June 22, 2021, 5:35 pm
txn_1J4nl0Jm8ehcCWGIFz5lYgOO - 8994163841285251 - June 22, 2021, 5:35 pm
txn_1J4s55Jm8ehcCWGIwug2c0uD - 8994163841080252 - June 22, 2021, 5:35 pm
txn_1J4erjJm8ehcCWGI0pNYGiys - 8994163841286258 - June 22, 2021, 5:35 pm
txn_1J4djBJm8ehcCWGIbuhqaQWk - 8994163841284254 - June 22, 2021, 5:35 pm
txn_1IhOkTJm8ehcCWGIKNe7P4I7_X - 8994163841079256 - June 22, 2021, 5:35 pm
txn_1J4bYXJm8ehcCWGIiMYu0KZi - 8994163840931258 - June 22, 2021, 5:35 pm
txn_1J4rMRJm8ehcCWGIWInn6Tu6 - 8994163841296257 - June 22, 2021, 5:35 pm
txn_1J4ehWJm8ehcCWGImWBYRoOu - 8994163841297254 - June 22, 2021, 5:35 pm
txn_1J4dg4Jm8ehcCWGIktjs2Xk5 - 8994163841295250 - June 22, 2021, 5:35 pm
txn_1J4mwkJm8ehcCWGI7aT5xL3T - 8994163841085257 - June 22, 2021, 5:35 pm
txn_1J4okrJm8ehcCWGITbxRreIN - 8994163841294253 - June 22, 2021, 5:35 pm
txn_1J4urgJm8ehcCWGIGZxEYDSs - 8994163840933252 - June 22, 2021, 5:35 pm
txn_1J4dziJm8ehcCWGIVCRDYf7H - 8994163841084250 - June 22, 2021, 5:35 pm
txn_1J4r0DJm8ehcCWGI3Lfe9UOK - 8994163841293256 - June 22, 2021, 5:35 pm
txn_1J4dDeJm8ehcCWGIxYkNtix0 - 8994163841083253 - June 22, 2021, 5:35 pm
txn_1J4lgwJm8ehcCWGIWgFIJ8ii - 8994163841292259 - June 22, 2021, 5:35 pm
txn_1J4obxJm8ehcCWGIx1stYDqN - 8994163841291252 - June 22, 2021, 5:35 pm
txn_1J4sVVJm8ehcCWGIrZaiQv2Y - 8994163841290255 - June 22, 2021, 5:35 pm
txn_1J4dogJm8ehcCWGIoAHM3NAO - 8994163841289259 - June 22, 2021, 5:35 pm
txn_1J4pGdJm8ehcCWGIsPnnI6Mj - 8994163841081259 - June 22, 2021, 5:35 pm
txn_1J4jqFJm8ehcCWGI0z4nidgZ - 8994163840932255 - June 22, 2021, 5:35 pm
txn_1J4d5XJm8ehcCWGI1l1iPBrS - 8994163841288252 - June 22, 2021, 5:35 pm
txn_1J4nl0Jm8ehcCWGIFz5lYgOO - 8994163841285251 - June 22, 2021, 5:35 pm
txn_1J4s55Jm8ehcCWGIwug2c0uD - 8994163841080252 - June 22, 2021, 5:35 pm
txn_1J4erjJm8ehcCWGI0pNYGiys - 8994163841286258 - June 22, 2021, 5:35 pm
txn_1J4djBJm8ehcCWGIbuhqaQWk - 8994163841284254 - June 22, 2021, 5:35 pm
txn_1IhOkTJm8ehcCWGIKNe7P4I7_X - 8994163841079256 - June 22, 2021, 5:35 pm
txn_1J4bYXJm8ehcCWGIiMYu0KZi - 8994163840931258 - June 22, 2021, 5:35 pm
txn_1J4xCuJm8ehcCWGIVct8VGkK - 8994163841323250 - June 22, 2021, 5:35 pm
txn_1J4wx7Jm8ehcCWGIztCGsVtj - 8994163841100257 - June 22, 2021, 5:35 pm
txn_1J4whxJm8ehcCWGIJ2M1aloX - 8994163841098257 - June 22, 2021, 5:35 pm
2021Influencer716 - 8994163841318256 - June 22, 2021, 5:35 pm
txn_1J4p8AJm8ehcCWGImLiWRg7a - 8994163841312254 - June 22, 2021, 5:35 pm
txn_1J4xdKJm8ehcCWGIK8yG9p35 - 8994163841095256 - June 22, 2021, 5:35 pm
