txn_1JINJaJm8ehcCWGIcYVwZUfq - 8994163318597276 - July 29, 2021, 5:09 pm
txn_1JIN6gJm8ehcCWGICufjx40r - 8994163318596279 - July 29, 2021, 5:09 pm
txn_1JIMDiJm8ehcCWGIxkIJZoKb - 8994163318594275 - July 29, 2021, 5:09 pm
txn_1JILOqJm8ehcCWGInZ0e9Bcg - 8994163318813277 - July 29, 2021, 5:09 pm
txn_1JI7p0Jm8ehcCWGIc2K7HQNF - 8994163318623272 - July 29, 2021, 5:09 pm
txn_1JILGGJm8ehcCWGINubWz3kv - 8994163318592271 - July 29, 2021, 5:09 pm
txn_1JIHeCJm8ehcCWGIJo0IoxLs - 8994163318621278 - July 29, 2021, 5:09 pm
txn_1JIGGJJm8ehcCWGIRmMyFupi - 8994163318622275 - July 29, 2021, 5:09 pm
txn_1JIEyaJm8ehcCWGITqU4I4pU - 8994163318620271 - July 29, 2021, 5:09 pm
txn_1JIJkvJm8ehcCWGIxxUAQiyA - 8994163318591274 - July 29, 2021, 5:09 pm
txn_1JI3WyJm8ehcCWGIwEz7wJkX - 8994163318619275 - July 29, 2021, 5:09 pm
txn_1JIKWLJm8ehcCWGIENYwoTmX - 8994163318589271 - July 29, 2021, 5:09 pm
txn_1JIGGDJm8ehcCWGIuMpMbL1s - 8994163318618278 - July 29, 2021, 5:09 pm
txn_1JIHS8Jm8ehcCWGI3K6Qj2V8 - 8994163318812270 - July 29, 2021, 5:09 pm
BP522280721031614 - 8994163318588274 - July 29, 2021, 5:09 pm
txn_1JIEV8Jm8ehcCWGIfgHYVtEI - 8994163318617271 - July 29, 2021, 5:09 pm
txn_1JI2BgJm8ehcCWGIc99AaAeW - 8994163318616274 - July 29, 2021, 5:09 pm
txn_1JIFENJm8ehcCWGIsi3TBcg6 - 8994163318811273 - July 29, 2021, 5:09 pm
txn_1JIK6rJm8ehcCWGI9vQBHsXE - 8994163318614270 - July 29, 2021, 5:09 pm
txn_1JIHINJm8ehcCWGIy2Wk8dK3 - 8994163318586270 - July 29, 2021, 5:09 pm
txn_1JIE3WJm8ehcCWGI8XgQxgcA - 8994163318587277 - July 29, 2021, 5:09 pm
txn_1JIIE4Jm8ehcCWGIiKX2Ddnn - 8994163318615277 - July 29, 2021, 5:09 pm
