txn_1IRpU9Jm8ehcCWGIV2QHph6E - 8994163299045216 - March 10, 2021, 1:51 pm
txn_1IRtddJm8ehcCWGIzkPN7PPz - 8994163298735217 - March 10, 2021, 1:51 pm
txn_1ISAIQJm8ehcCWGIv6ipcnih - 8994163298932210 - March 10, 2021, 1:51 pm
txn_1ISUEMJm8ehcCWGIKJyjzrEA - 8994163298930216 - March 10, 2021, 1:51 pm
txn_1ISnBhJm8ehcCWGIqLwfHfkX - 8994163298924215 - March 10, 2021, 1:51 pm
txn_1ISOXYJm8ehcCWGInnO7CV2h - 8994163298731219 - March 10, 2021, 1:51 pm
txn_1ISXxVJm8ehcCWGIBu2CrWR2 - 8994163299079211 - March 10, 2021, 1:51 pm
txn_1IS70CJm8ehcCWGIJbG1ovyC - 8994163299074216 - March 10, 2021, 1:51 pm
txn_1ISU9pJm8ehcCWGIG7OrFjnA - 8994163298922211 - March 10, 2021, 1:51 pm
txn_1IRt8yJm8ehcCWGIxSAkqPeM - 8994163298730212 - March 10, 2021, 1:51 pm
txn_1ISXRKJm8ehcCWGIDBTVt2Vk - 8994163298729216 - March 10, 2021, 1:51 pm
txn_1ISGgRJm8ehcCWGIqPrS08Ua - 8994163298915213 - March 10, 2021, 1:51 pm
txn_1ISn9wJm8ehcCWGInsK2sgBO - 8994163298724211 - March 10, 2021, 1:51 pm
txn_1IS6L0Jm8ehcCWGI06AOa23f - 8994163298914216 - March 10, 2021, 1:51 pm
txn_1ISU30Jm8ehcCWGI0HxLMRez - 8994163298725218 - March 10, 2021, 1:51 pm
txn_1IRqctJm8ehcCWGIEWxkH2Pf - 8994163298726215 - March 10, 2021, 1:51 pm
txn_1ISWuvJm8ehcCWGIcOiLl5Zf - 8994163298910218 - March 10, 2021, 1:51 pm
txn_1IS5vpJm8ehcCWGImpnlgnLK - 8994163298904217 - March 10, 2021, 1:51 pm
txn_1ISF4yJm8ehcCWGI109Cbfb3 - 8994163298905214 - March 10, 2021, 1:51 pm
txn_1ISU1GJm8ehcCWGIJELZavUe - 8994163298716216 - March 10, 2021, 1:51 pm
txn_1IRqckJm8ehcCWGILODaz79J - 8994163298903210 - March 10, 2021, 1:51 pm
txn_1ISn9iJm8ehcCWGIKJfKqs6P - 8994163299060219 - March 10, 2021, 1:51 pm
txn_1ISWtmJm8ehcCWGI2KXuIMWe - 8994163298715219 - March 10, 2021, 1:51 pm
txn_1ISEivJm8ehcCWGINSOD3TxQ - 8994163298898219 - March 10, 2021, 1:51 pm
txn_1IS5XEJm8ehcCWGIgd9dP40A - 8994163298710214 - March 10, 2021, 1:51 pm
txn_1ISn4dJm8ehcCWGIoinRhEsU - 8994163299047210 - March 10, 2021, 1:51 pm
txn_1ISWgTJm8ehcCWGIIJ267nL8 - 8994163298897212 - March 10, 2021, 1:51 pm
txn_1ISTxuJm8ehcCWGI1oRqOlqf - 8994163299046213 - March 10, 2021, 1:51 pm
txn_1IRpU9Jm8ehcCWGIV2QHph6E - 8994163299045216 - March 10, 2021, 1:51 pm
txn_1IRtddJm8ehcCWGIzkPN7PPz - 8994163298735217 - March 10, 2021, 1:51 pm
txn_1ISAIQJm8ehcCWGIv6ipcnih - 8994163298932210 - March 10, 2021, 1:51 pm
txn_1ISUEMJm8ehcCWGIKJyjzrEA - 8994163298930216 - March 10, 2021, 1:51 pm
txn_1ISnBhJm8ehcCWGIqLwfHfkX - 8994163298924215 - March 10, 2021, 1:51 pm
txn_1ISOXYJm8ehcCWGInnO7CV2h - 8994163298731219 - March 10, 2021, 1:51 pm
txn_1ISXxVJm8ehcCWGIBu2CrWR2 - 8994163299079211 - March 10, 2021, 1:51 pm
txn_1IS70CJm8ehcCWGIJbG1ovyC - 8994163299074216 - March 10, 2021, 1:51 pm
txn_1ISU9pJm8ehcCWGIG7OrFjnA - 8994163298922211 - March 10, 2021, 1:51 pm
txn_1IRt8yJm8ehcCWGIxSAkqPeM - 8994163298730212 - March 10, 2021, 1:51 pm
txn_1ISXRKJm8ehcCWGIDBTVt2Vk - 8994163298729216 - March 10, 2021, 1:51 pm
txn_1ISGgRJm8ehcCWGIqPrS08Ua - 8994163298915213 - March 10, 2021, 1:51 pm
txn_1ISn9wJm8ehcCWGInsK2sgBO - 8994163298724211 - March 10, 2021, 1:51 pm
txn_1IS6L0Jm8ehcCWGI06AOa23f - 8994163298914216 - March 10, 2021, 1:51 pm
txn_1ISU30Jm8ehcCWGI0HxLMRez - 8994163298725218 - March 10, 2021, 1:51 pm
txn_1IRqctJm8ehcCWGIEWxkH2Pf - 8994163298726215 - March 10, 2021, 1:51 pm
txn_1ISWuvJm8ehcCWGIcOiLl5Zf - 8994163298910218 - March 10, 2021, 1:51 pm
txn_1IS5vpJm8ehcCWGImpnlgnLK - 8994163298904217 - March 10, 2021, 1:51 pm
txn_1ISF4yJm8ehcCWGI109Cbfb3 - 8994163298905214 - March 10, 2021, 1:51 pm
txn_1ISU1GJm8ehcCWGIJELZavUe - 8994163298716216 - March 10, 2021, 1:51 pm
txn_1IRqckJm8ehcCWGILODaz79J - 8994163298903210 - March 10, 2021, 1:51 pm
txn_1ISn9iJm8ehcCWGIKJfKqs6P - 8994163299060219 - March 10, 2021, 1:51 pm
txn_1ISWtmJm8ehcCWGI2KXuIMWe - 8994163298715219 - March 10, 2021, 1:51 pm
txn_1ISEivJm8ehcCWGINSOD3TxQ - 8994163298898219 - March 10, 2021, 1:51 pm
txn_1IS5XEJm8ehcCWGIgd9dP40A - 8994163298710214 - March 10, 2021, 1:51 pm
txn_1ISn4dJm8ehcCWGIoinRhEsU - 8994163299047210 - March 10, 2021, 1:51 pm
txn_1ISWgTJm8ehcCWGIIJ267nL8 - 8994163298897212 - March 10, 2021, 1:51 pm
txn_1ISTxuJm8ehcCWGI1oRqOlqf - 8994163299046213 - March 10, 2021, 1:51 pm
txn_1ISlxAJm8ehcCWGI34UyZaFD - 8994163298958210 - March 10, 2021, 1:51 pm
txn_1ISoeeJm8ehcCWGIf6GCkpgD - 8994163298759213 - March 10, 2021, 1:51 pm
txn_1ISSlDJm8ehcCWGIXlG3Nrd4 - 8994163298957213 - March 10, 2021, 1:51 pm
txn_1ISZNgJm8ehcCWGIAxBl4oSj -  - March 10, 2021, 1:51 pm
txn_1ISZDDJm8ehcCWGIiBBu4wAT -  - March 10, 2021, 1:51 pm
txn_1ISZ0ZJm8ehcCWGIJCBMXLHp -  - March 10, 2021, 1:51 pm
txn_1ISW5xJm8ehcCWGIuNFp2w6x -  - March 10, 2021, 1:51 pm
txn_1ISViPJm8ehcCWGI8paoFWSV -  - March 10, 2021, 1:51 pm
txn_1ISVZVJm8ehcCWGIHCihHuVX - 8994163298757219 - March 10, 2021, 1:51 pm
txn_1ISlbsJm8ehcCWGIPgrGIYuA -  - March 10, 2021, 1:51 pm
txn_1ISS7QJm8ehcCWGIdrQHTKbk -  - March 10, 2021, 1:51 pm
txn_1ISkb4Jm8ehcCWGIoXd04vmn -  - March 10, 2021, 1:51 pm
txn_1ISVMvJm8ehcCWGIhpR7E57h -  - March 10, 2021, 1:51 pm
txn_1ISRVJJm8ehcCWGIwNNxLSN7 -  - March 10, 2021, 1:51 pm
txn_1ISj3EJm8ehcCWGIosn4tffq -  - March 10, 2021, 1:51 pm
txn_1ISBIhJm8ehcCWGI8UuWU8gy -  - March 10, 2021, 1:51 pm
txn_1ISVAiJm8ehcCWGIeF5dZYpa -  - March 10, 2021, 1:51 pm
txn_1ISQyjJm8ehcCWGIjK7r6h5E -  - March 10, 2021, 1:51 pm
txn_1ISeECJm8ehcCWGIz4dZY2nF -  - March 10, 2021, 1:51 pm
txn_1ISV6lJm8ehcCWGIBWMQJUSD -  - March 10, 2021, 1:51 pm
txn_1ISBEdJm8ehcCWGIAJgkiqvF -  - March 10, 2021, 1:51 pm
txn_1ISQiEJm8ehcCWGIPyY8UAiV -  - March 10, 2021, 1:51 pm
txn_1ISaNiJm8ehcCWGITt8Pffeq -  - March 10, 2021, 1:51 pm
txn_1ISBCdJm8ehcCWGIw2OjSWbP -  - March 10, 2021, 1:51 pm
txn_1ISV4JJm8ehcCWGIf8CCyZTb -  - March 10, 2021, 1:51 pm
txn_1ISQfOJm8ehcCWGItKBFxN8x -  - March 10, 2021, 1:51 pm
txn_1ISUtQJm8ehcCWGIUFWGLXoQ -  - March 10, 2021, 1:51 pm
txn_1ISZX3Jm8ehcCWGIAjaOet0m -  - March 10, 2021, 1:51 pm
txn_1ISAyeJm8ehcCWGIfZyJ62TL -  - March 10, 2021, 1:51 pm
txn_1ISQMrJm8ehcCWGIJuhOZxQl -  - March 10, 2021, 1:51 pm
txn_1ISUbDJm8ehcCWGIJJA7FrVG -  - March 10, 2021, 1:51 pm
txn_1ISAd1Jm8ehcCWGIx5Wsipo5 -  - March 10, 2021, 1:51 pm
txn_1ISQI7Jm8ehcCWGIzhJ7usxb -  - March 10, 2021, 1:51 pm
txn_1ISUYJJm8ehcCWGI5hL0P5W4 -  - March 10, 2021, 1:51 pm
txn_1IS5ByJm8ehcCWGIuZ1LpcKb -  - March 10, 2021, 1:51 pm
txn_1ISPeSJm8ehcCWGIREA3BTep -  - March 10, 2021, 1:51 pm
txn_1IS4R0Jm8ehcCWGIb2S87Vec -  - March 10, 2021, 1:51 pm
txn_1ISUSUJm8ehcCWGIvJewghxM -  - March 10, 2021, 1:51 pm
txn_1ISPdlJm8ehcCWGIv3ldlZvK -  - March 10, 2021, 1:51 pm
txn_1IS41bJm8ehcCWGI9KuV4uTg -  - March 10, 2021, 1:51 pm
txn_1ISTx3Jm8ehcCWGIWtNvf7fY -  - March 10, 2021, 1:51 pm
txn_1ISE7pJm8ehcCWGIr16xhJSs -  - March 10, 2021, 1:51 pm
txn_1IS3siJm8ehcCWGIPwWpBVoV -  - March 10, 2021, 1:51 pm
txn_1IST83Jm8ehcCWGIbeJF1DpR -  - March 10, 2021, 1:51 pm
txn_1ISE3OJm8ehcCWGImKVyWO2R -  - March 10, 2021, 1:51 pm
txn_1IS2wlJm8ehcCWGIa9x1itXL -  - March 10, 2021, 1:51 pm
txn_1ISCu8Jm8ehcCWGIj4bbAxPq -  - March 10, 2021, 1:51 pm
txn_1IS24gJm8ehcCWGIdpFxkMWJ -  - March 10, 2021, 1:51 pm
txn_1ISClMJm8ehcCWGINCzCpkAf -  - March 10, 2021, 1:51 pm
txn_1IS1bqJm8ehcCWGICv6jP3jX -  - March 10, 2021, 1:51 pm
txn_1ISCgFJm8ehcCWGIGI9xgxDg -  - March 10, 2021, 1:51 pm
txn_1ISCPTJm8ehcCWGI48Dwt64a -  - March 10, 2021, 1:51 pm
txn_1IS13xJm8ehcCWGIw7x4H6Jq -  - March 10, 2021, 1:51 pm
txn_1IRzUPJm8ehcCWGIk7Fq9Rsi -  - March 10, 2021, 1:51 pm
txn_1IRyiFJm8ehcCWGIziM9m2z0 -  - March 10, 2021, 1:51 pm
txn_1IRyeFJm8ehcCWGIizLLRhIw -  - March 10, 2021, 1:51 pm
txn_1IRpU9Jm8ehcCWGIV2QHph6E - 8994163299045216 - March 10, 2021, 1:52 pm
txn_1IRtddJm8ehcCWGIzkPN7PPz - 8994163298735217 - March 10, 2021, 1:52 pm
txn_1ISAIQJm8ehcCWGIv6ipcnih - 8994163298932210 - March 10, 2021, 1:52 pm
txn_1ISUEMJm8ehcCWGIKJyjzrEA - 8994163298930216 - March 10, 2021, 1:52 pm
txn_1ISnBhJm8ehcCWGIqLwfHfkX - 8994163298924215 - March 10, 2021, 1:52 pm
txn_1ISOXYJm8ehcCWGInnO7CV2h - 8994163298731219 - March 10, 2021, 1:52 pm
txn_1ISXxVJm8ehcCWGIBu2CrWR2 - 8994163299079211 - March 10, 2021, 1:52 pm
txn_1IS70CJm8ehcCWGIJbG1ovyC - 8994163299074216 - March 10, 2021, 1:52 pm
txn_1ISU9pJm8ehcCWGIG7OrFjnA - 8994163298922211 - March 10, 2021, 1:52 pm
txn_1IRt8yJm8ehcCWGIxSAkqPeM - 8994163298730212 - March 10, 2021, 1:52 pm
txn_1ISXRKJm8ehcCWGIDBTVt2Vk - 8994163298729216 - March 10, 2021, 1:52 pm
txn_1ISGgRJm8ehcCWGIqPrS08Ua - 8994163298915213 - March 10, 2021, 1:52 pm
txn_1ISn9wJm8ehcCWGInsK2sgBO - 8994163298724211 - March 10, 2021, 1:52 pm
txn_1IS6L0Jm8ehcCWGI06AOa23f - 8994163298914216 - March 10, 2021, 1:52 pm
txn_1ISU30Jm8ehcCWGI0HxLMRez - 8994163298725218 - March 10, 2021, 1:52 pm
txn_1IRqctJm8ehcCWGIEWxkH2Pf - 8994163298726215 - March 10, 2021, 1:52 pm
txn_1ISWuvJm8ehcCWGIcOiLl5Zf - 8994163298910218 - March 10, 2021, 1:52 pm
txn_1IS5vpJm8ehcCWGImpnlgnLK - 8994163298904217 - March 10, 2021, 1:52 pm
txn_1ISF4yJm8ehcCWGI109Cbfb3 - 8994163298905214 - March 10, 2021, 1:52 pm
txn_1ISU1GJm8ehcCWGIJELZavUe - 8994163298716216 - March 10, 2021, 1:52 pm
txn_1IRqckJm8ehcCWGILODaz79J - 8994163298903210 - March 10, 2021, 1:52 pm
txn_1ISn9iJm8ehcCWGIKJfKqs6P - 8994163299060219 - March 10, 2021, 1:52 pm
txn_1ISWtmJm8ehcCWGI2KXuIMWe - 8994163298715219 - March 10, 2021, 1:52 pm
txn_1ISEivJm8ehcCWGINSOD3TxQ - 8994163298898219 - March 10, 2021, 1:52 pm
txn_1IS5XEJm8ehcCWGIgd9dP40A - 8994163298710214 - March 10, 2021, 1:52 pm
txn_1ISn4dJm8ehcCWGIoinRhEsU - 8994163299047210 - March 10, 2021, 1:52 pm
txn_1ISWgTJm8ehcCWGIIJ267nL8 - 8994163298897212 - March 10, 2021, 1:52 pm
txn_1ISTxuJm8ehcCWGI1oRqOlqf - 8994163299046213 - March 10, 2021, 1:52 pm
txn_1ISoVRJm8ehcCWGIQEZseBCs - 8994163298775213 - March 10, 2021, 1:52 pm
txn_1ISoM8Jm8ehcCWGInMgJg3GK - 8994163299121217 - March 10, 2021, 1:52 pm
txn_1ISoFpJm8ehcCWGIaI1TWuxo - 8994163299117210 - March 10, 2021, 1:52 pm
txn_1ISo5zJm8ehcCWGI4OG2Yhvz - 8994163298978218 - March 10, 2021, 1:52 pm
txn_1ISo5YJm8ehcCWGIg3le3Wa7 - 8994163298974210 - March 10, 2021, 1:52 pm
txn_1ISqAmJm8ehcCWGIcEg5ZTrE - 8994163298767218 - March 10, 2021, 1:52 pm
txn_1ISo3OJm8ehcCWGIsiTtgC65 - 8994163299112215 - March 10, 2021, 1:52 pm
txn_1ISpzDJm8ehcCWGIG9K1gKd3 - 8994163298971219 - March 10, 2021, 1:52 pm
txn_1ISnSJJm8ehcCWGIfDeDtTIs - 8994163299110211 - March 10, 2021, 1:52 pm
txn_1ISpxmJm8ehcCWGIlU9gmsLp - 8994163298968219 - March 10, 2021, 1:52 pm
txn_1ISnHvJm8ehcCWGIGh7RR6VH - 8994163298765214 - March 10, 2021, 1:52 pm
txn_1ISpuoJm8ehcCWGI5VOUL2wR - 8994163298764217 - March 10, 2021, 1:52 pm
txn_1ISmSEJm8ehcCWGI4Vk0t3tD - 8994163299108218 - March 10, 2021, 1:52 pm
txn_1ISpljJm8ehcCWGIo8WUnpcK - 8994163298961210 - March 10, 2021, 1:52 pm
txn_1ISlxAJm8ehcCWGI34UyZaFD - 8994163298958210 - March 10, 2021, 1:52 pm
txn_1ISoeeJm8ehcCWGIf6GCkpgD - 8994163298759213 - March 10, 2021, 1:52 pm
txn_1ISSlDJm8ehcCWGIXlG3Nrd4 - 8994163298957213 - March 10, 2021, 1:52 pm
txn_1ISVZVJm8ehcCWGIHCihHuVX - 8994163298757219 - March 10, 2021, 1:52 pm
txn_1ISlbsJm8ehcCWGIPgrGIYuA -  - March 10, 2021, 1:52 pm
txn_1IRzUPJm8ehcCWGIk7Fq9Rsi -  - March 10, 2021, 1:52 pm
txn_1ISClMJm8ehcCWGINCzCpkAf - 8994163298995215 - March 10, 2021, 1:52 pm
txn_1ISkb4Jm8ehcCWGIoXd04vmn - 8994163298790216 - March 10, 2021, 1:52 pm
txn_1IRyiFJm8ehcCWGIziM9m2z0 - 8994163298994218 - March 10, 2021, 1:52 pm
txn_1ISCgFJm8ehcCWGIGI9xgxDg -  - March 10, 2021, 1:52 pm
txn_1ISTx3Jm8ehcCWGIWtNvf7fY - 8994163298990210 - March 10, 2021, 1:52 pm
txn_1ISj3EJm8ehcCWGIosn4tffq -  - March 10, 2021, 1:52 pm
txn_1ISCPTJm8ehcCWGI48Dwt64a - 8994163298989214 - March 10, 2021, 1:52 pm
txn_1IRyeFJm8ehcCWGIizLLRhIw - 8994163299131216 - March 10, 2021, 1:52 pm
txn_1ISeECJm8ehcCWGIz4dZY2nF - 8994163299130219 - March 10, 2021, 1:52 pm
txn_1IRpU9Jm8ehcCWGIV2QHph6E - 8994163299045216 - March 10, 2021, 1:53 pm
txn_1IRtddJm8ehcCWGIzkPN7PPz - 8994163298735217 - March 10, 2021, 1:53 pm
txn_1ISAIQJm8ehcCWGIv6ipcnih - 8994163298932210 - March 10, 2021, 1:53 pm
txn_1ISUEMJm8ehcCWGIKJyjzrEA - 8994163298930216 - March 10, 2021, 1:53 pm
txn_1ISnBhJm8ehcCWGIqLwfHfkX - 8994163298924215 - March 10, 2021, 1:53 pm
txn_1ISOXYJm8ehcCWGInnO7CV2h - 8994163298731219 - March 10, 2021, 1:53 pm
txn_1ISXxVJm8ehcCWGIBu2CrWR2 - 8994163299079211 - March 10, 2021, 1:53 pm
txn_1IS70CJm8ehcCWGIJbG1ovyC - 8994163299074216 - March 10, 2021, 1:53 pm
txn_1ISU9pJm8ehcCWGIG7OrFjnA - 8994163298922211 - March 10, 2021, 1:53 pm
txn_1IRt8yJm8ehcCWGIxSAkqPeM - 8994163298730212 - March 10, 2021, 1:53 pm
txn_1ISXRKJm8ehcCWGIDBTVt2Vk - 8994163298729216 - March 10, 2021, 1:53 pm
txn_1ISGgRJm8ehcCWGIqPrS08Ua - 8994163298915213 - March 10, 2021, 1:53 pm
txn_1ISn9wJm8ehcCWGInsK2sgBO - 8994163298724211 - March 10, 2021, 1:53 pm
txn_1IS6L0Jm8ehcCWGI06AOa23f - 8994163298914216 - March 10, 2021, 1:53 pm
txn_1ISU30Jm8ehcCWGI0HxLMRez - 8994163298725218 - March 10, 2021, 1:53 pm
txn_1IRqctJm8ehcCWGIEWxkH2Pf - 8994163298726215 - March 10, 2021, 1:53 pm
txn_1ISWuvJm8ehcCWGIcOiLl5Zf - 8994163298910218 - March 10, 2021, 1:53 pm
txn_1IS5vpJm8ehcCWGImpnlgnLK - 8994163298904217 - March 10, 2021, 1:53 pm
txn_1ISF4yJm8ehcCWGI109Cbfb3 - 8994163298905214 - March 10, 2021, 1:53 pm
txn_1ISU1GJm8ehcCWGIJELZavUe - 8994163298716216 - March 10, 2021, 1:53 pm
txn_1IRqckJm8ehcCWGILODaz79J - 8994163298903210 - March 10, 2021, 1:53 pm
txn_1ISn9iJm8ehcCWGIKJfKqs6P - 8994163299060219 - March 10, 2021, 1:53 pm
txn_1ISWtmJm8ehcCWGI2KXuIMWe - 8994163298715219 - March 10, 2021, 1:53 pm
txn_1ISEivJm8ehcCWGINSOD3TxQ - 8994163298898219 - March 10, 2021, 1:53 pm
txn_1IS5XEJm8ehcCWGIgd9dP40A - 8994163298710214 - March 10, 2021, 1:53 pm
txn_1ISn4dJm8ehcCWGIoinRhEsU - 8994163299047210 - March 10, 2021, 1:53 pm
txn_1ISWgTJm8ehcCWGIIJ267nL8 - 8994163298897212 - March 10, 2021, 1:53 pm
txn_1ISTxuJm8ehcCWGI1oRqOlqf - 8994163299046213 - March 10, 2021, 1:53 pm
txn_1ISoVRJm8ehcCWGIQEZseBCs - 8994163298775213 - March 10, 2021, 1:53 pm
txn_1ISoM8Jm8ehcCWGInMgJg3GK - 8994163299121217 - March 10, 2021, 1:53 pm
txn_1ISoFpJm8ehcCWGIaI1TWuxo - 8994163299117210 - March 10, 2021, 1:53 pm
txn_1ISo5zJm8ehcCWGI4OG2Yhvz - 8994163298978218 - March 10, 2021, 1:53 pm
txn_1ISo5YJm8ehcCWGIg3le3Wa7 - 8994163298974210 - March 10, 2021, 1:53 pm
txn_1ISqAmJm8ehcCWGIcEg5ZTrE - 8994163298767218 - March 10, 2021, 1:53 pm
txn_1ISo3OJm8ehcCWGIsiTtgC65 - 8994163299112215 - March 10, 2021, 1:53 pm
txn_1ISpzDJm8ehcCWGIG9K1gKd3 - 8994163298971219 - March 10, 2021, 1:53 pm
txn_1ISnSJJm8ehcCWGIfDeDtTIs - 8994163299110211 - March 10, 2021, 1:53 pm
txn_1ISpxmJm8ehcCWGIlU9gmsLp - 8994163298968219 - March 10, 2021, 1:53 pm
txn_1ISnHvJm8ehcCWGIGh7RR6VH - 8994163298765214 - March 10, 2021, 1:53 pm
txn_1ISpuoJm8ehcCWGI5VOUL2wR - 8994163298764217 - March 10, 2021, 1:53 pm
txn_1ISmSEJm8ehcCWGI4Vk0t3tD - 8994163299108218 - March 10, 2021, 1:53 pm
txn_1ISpljJm8ehcCWGIo8WUnpcK - 8994163298961210 - March 10, 2021, 1:53 pm
txn_1ISlxAJm8ehcCWGI34UyZaFD - 8994163298958210 - March 10, 2021, 1:53 pm
txn_1ISoeeJm8ehcCWGIf6GCkpgD - 8994163298759213 - March 10, 2021, 1:53 pm
txn_1ISSlDJm8ehcCWGIXlG3Nrd4 - 8994163298957213 - March 10, 2021, 1:53 pm
txn_1ISVZVJm8ehcCWGIHCihHuVX - 8994163298757219 - March 10, 2021, 1:53 pm
txn_1ISS7QJm8ehcCWGIdrQHTKbk - 8994163299219211 - March 10, 2021, 1:53 pm
txn_1ISRVJJm8ehcCWGIwNNxLSN7 - 8994163299150217 - March 10, 2021, 1:53 pm
txn_1ISAyeJm8ehcCWGIfZyJ62TL - 8994163299148214 - March 10, 2021, 1:53 pm
txn_1ISViPJm8ehcCWGI8paoFWSV - 8994163299410212 - March 10, 2021, 1:53 pm
txn_1ISVAiJm8ehcCWGIeF5dZYpa - 8994163299146210 - March 10, 2021, 1:53 pm
txn_1ISAd1Jm8ehcCWGIx5Wsipo5 - 8994163299214216 - March 10, 2021, 1:53 pm
txn_1IS5ByJm8ehcCWGIuZ1LpcKb - 8994163299212212 - March 10, 2021, 1:53 pm
txn_1IS4R0Jm8ehcCWGIb2S87Vec - 8994163299208215 - March 10, 2021, 1:53 pm
txn_1ISE7pJm8ehcCWGIr16xhJSs - 8994163299401210 - March 10, 2021, 1:53 pm
txn_1ISUtQJm8ehcCWGIUFWGLXoQ - 8994163299142212 - March 10, 2021, 1:53 pm
txn_1IS2wlJm8ehcCWGIa9x1itXL - 8994163298798212 - March 10, 2021, 1:53 pm
txn_1ISE3OJm8ehcCWGImKVyWO2R - 8994163299139212 - March 10, 2021, 1:53 pm
txn_1ISUbDJm8ehcCWGIJJA7FrVG - 8994163299138215 - March 10, 2021, 1:53 pm
txn_1IS13xJm8ehcCWGIw7x4H6Jq - 8994163298794214 - March 10, 2021, 1:53 pm
txn_1ISCu8Jm8ehcCWGIj4bbAxPq - 8994163299136211 - March 10, 2021, 1:53 pm
txn_1ISUSUJm8ehcCWGIvJewghxM - 8994163298791213 - March 10, 2021, 1:53 pm
txn_1ISClMJm8ehcCWGINCzCpkAf - 8994163298995215 - March 10, 2021, 1:53 pm
txn_1ISkb4Jm8ehcCWGIoXd04vmn - 8994163298790216 - March 10, 2021, 1:53 pm
txn_1IRyiFJm8ehcCWGIziM9m2z0 - 8994163298994218 - March 10, 2021, 1:53 pm
txn_1ISTx3Jm8ehcCWGIWtNvf7fY - 8994163298990210 - March 10, 2021, 1:53 pm
txn_1ISCPTJm8ehcCWGI48Dwt64a - 8994163298989214 - March 10, 2021, 1:53 pm
txn_1IRyeFJm8ehcCWGIizLLRhIw - 8994163299131216 - March 10, 2021, 1:53 pm
txn_1ISeECJm8ehcCWGIz4dZY2nF - 8994163299130219 - March 10, 2021, 1:53 pm
txn_1ISVMvJm8ehcCWGIhpR7E57h -  - March 10, 2021, 1:53 pm
txn_1ISV6lJm8ehcCWGIBWMQJUSD -  - March 10, 2021, 1:53 pm
txn_1ISV4JJm8ehcCWGIf8CCyZTb -  - March 10, 2021, 1:53 pm
txn_1ISUYJJm8ehcCWGI5hL0P5W4 -  - March 10, 2021, 1:53 pm
txn_1IST83Jm8ehcCWGIbeJF1DpR -  - March 10, 2021, 1:53 pm
txn_1IRzUPJm8ehcCWGIk7Fq9Rsi -  - March 10, 2021, 1:53 pm
txn_1IRpU9Jm8ehcCWGIV2QHph6E - 8994163299045216 - March 10, 2021, 1:54 pm
txn_1IRtddJm8ehcCWGIzkPN7PPz - 8994163298735217 - March 10, 2021, 1:54 pm
txn_1ISAIQJm8ehcCWGIv6ipcnih - 8994163298932210 - March 10, 2021, 1:54 pm
txn_1ISUEMJm8ehcCWGIKJyjzrEA - 8994163298930216 - March 10, 2021, 1:54 pm
txn_1ISnBhJm8ehcCWGIqLwfHfkX - 8994163298924215 - March 10, 2021, 1:54 pm
txn_1ISOXYJm8ehcCWGInnO7CV2h - 8994163298731219 - March 10, 2021, 1:54 pm
txn_1ISXxVJm8ehcCWGIBu2CrWR2 - 8994163299079211 - March 10, 2021, 1:54 pm
txn_1IS70CJm8ehcCWGIJbG1ovyC - 8994163299074216 - March 10, 2021, 1:54 pm
txn_1ISU9pJm8ehcCWGIG7OrFjnA - 8994163298922211 - March 10, 2021, 1:54 pm
txn_1IRt8yJm8ehcCWGIxSAkqPeM - 8994163298730212 - March 10, 2021, 1:54 pm
txn_1ISXRKJm8ehcCWGIDBTVt2Vk - 8994163298729216 - March 10, 2021, 1:54 pm
txn_1ISGgRJm8ehcCWGIqPrS08Ua - 8994163298915213 - March 10, 2021, 1:54 pm
txn_1ISn9wJm8ehcCWGInsK2sgBO - 8994163298724211 - March 10, 2021, 1:54 pm
txn_1IS6L0Jm8ehcCWGI06AOa23f - 8994163298914216 - March 10, 2021, 1:54 pm
txn_1ISU30Jm8ehcCWGI0HxLMRez - 8994163298725218 - March 10, 2021, 1:54 pm
txn_1IRqctJm8ehcCWGIEWxkH2Pf - 8994163298726215 - March 10, 2021, 1:54 pm
txn_1ISWuvJm8ehcCWGIcOiLl5Zf - 8994163298910218 - March 10, 2021, 1:54 pm
txn_1IS5vpJm8ehcCWGImpnlgnLK - 8994163298904217 - March 10, 2021, 1:54 pm
txn_1ISF4yJm8ehcCWGI109Cbfb3 - 8994163298905214 - March 10, 2021, 1:54 pm
txn_1ISU1GJm8ehcCWGIJELZavUe - 8994163298716216 - March 10, 2021, 1:54 pm
txn_1IRqckJm8ehcCWGILODaz79J - 8994163298903210 - March 10, 2021, 1:54 pm
txn_1ISn9iJm8ehcCWGIKJfKqs6P - 8994163299060219 - March 10, 2021, 1:54 pm
txn_1ISWtmJm8ehcCWGI2KXuIMWe - 8994163298715219 - March 10, 2021, 1:54 pm
txn_1ISEivJm8ehcCWGINSOD3TxQ - 8994163298898219 - March 10, 2021, 1:54 pm
txn_1IS5XEJm8ehcCWGIgd9dP40A - 8994163298710214 - March 10, 2021, 1:54 pm
txn_1ISn4dJm8ehcCWGIoinRhEsU - 8994163299047210 - March 10, 2021, 1:54 pm
txn_1ISWgTJm8ehcCWGIIJ267nL8 - 8994163298897212 - March 10, 2021, 1:54 pm
txn_1ISTxuJm8ehcCWGI1oRqOlqf - 8994163299046213 - March 10, 2021, 1:54 pm
txn_1ISoVRJm8ehcCWGIQEZseBCs - 8994163298775213 - March 10, 2021, 1:54 pm
txn_1ISoM8Jm8ehcCWGInMgJg3GK - 8994163299121217 - March 10, 2021, 1:54 pm
txn_1ISoFpJm8ehcCWGIaI1TWuxo - 8994163299117210 - March 10, 2021, 1:54 pm
txn_1ISo5zJm8ehcCWGI4OG2Yhvz - 8994163298978218 - March 10, 2021, 1:54 pm
txn_1ISo5YJm8ehcCWGIg3le3Wa7 - 8994163298974210 - March 10, 2021, 1:54 pm
txn_1ISqAmJm8ehcCWGIcEg5ZTrE - 8994163298767218 - March 10, 2021, 1:54 pm
txn_1ISo3OJm8ehcCWGIsiTtgC65 - 8994163299112215 - March 10, 2021, 1:54 pm
txn_1ISpzDJm8ehcCWGIG9K1gKd3 - 8994163298971219 - March 10, 2021, 1:54 pm
txn_1ISnSJJm8ehcCWGIfDeDtTIs - 8994163299110211 - March 10, 2021, 1:54 pm
txn_1ISpxmJm8ehcCWGIlU9gmsLp - 8994163298968219 - March 10, 2021, 1:54 pm
txn_1ISnHvJm8ehcCWGIGh7RR6VH - 8994163298765214 - March 10, 2021, 1:54 pm
txn_1ISpuoJm8ehcCWGI5VOUL2wR - 8994163298764217 - March 10, 2021, 1:54 pm
txn_1ISmSEJm8ehcCWGI4Vk0t3tD - 8994163299108218 - March 10, 2021, 1:54 pm
txn_1ISpljJm8ehcCWGIo8WUnpcK - 8994163298961210 - March 10, 2021, 1:54 pm
txn_1ISlxAJm8ehcCWGI34UyZaFD - 8994163298958210 - March 10, 2021, 1:54 pm
txn_1ISoeeJm8ehcCWGIf6GCkpgD - 8994163298759213 - March 10, 2021, 1:54 pm
txn_1ISSlDJm8ehcCWGIXlG3Nrd4 - 8994163298957213 - March 10, 2021, 1:54 pm
txn_1ISVZVJm8ehcCWGIHCihHuVX - 8994163298757219 - March 10, 2021, 1:54 pm
txn_1ISS7QJm8ehcCWGIdrQHTKbk - 8994163299219211 - March 10, 2021, 1:54 pm
txn_1ISRVJJm8ehcCWGIwNNxLSN7 - 8994163299150217 - March 10, 2021, 1:54 pm
txn_1ISAyeJm8ehcCWGIfZyJ62TL - 8994163299148214 - March 10, 2021, 1:54 pm
txn_1ISViPJm8ehcCWGI8paoFWSV - 8994163299410212 - March 10, 2021, 1:54 pm
txn_1ISVAiJm8ehcCWGIeF5dZYpa - 8994163299146210 - March 10, 2021, 1:54 pm
txn_1ISAd1Jm8ehcCWGIx5Wsipo5 - 8994163299214216 - March 10, 2021, 1:54 pm
txn_1IS5ByJm8ehcCWGIuZ1LpcKb - 8994163299212212 - March 10, 2021, 1:54 pm
txn_1IS4R0Jm8ehcCWGIb2S87Vec - 8994163299208215 - March 10, 2021, 1:54 pm
txn_1ISE7pJm8ehcCWGIr16xhJSs - 8994163299401210 - March 10, 2021, 1:54 pm
txn_1ISUtQJm8ehcCWGIUFWGLXoQ - 8994163299142212 - March 10, 2021, 1:54 pm
txn_1IS2wlJm8ehcCWGIa9x1itXL - 8994163298798212 - March 10, 2021, 1:54 pm
txn_1ISE3OJm8ehcCWGImKVyWO2R - 8994163299139212 - March 10, 2021, 1:54 pm
txn_1ISUbDJm8ehcCWGIJJA7FrVG - 8994163299138215 - March 10, 2021, 1:54 pm
txn_1IS13xJm8ehcCWGIw7x4H6Jq - 8994163298794214 - March 10, 2021, 1:54 pm
txn_1ISCu8Jm8ehcCWGIj4bbAxPq - 8994163299136211 - March 10, 2021, 1:54 pm
txn_1ISUSUJm8ehcCWGIvJewghxM - 8994163298791213 - March 10, 2021, 1:54 pm
txn_1ISClMJm8ehcCWGINCzCpkAf - 8994163298995215 - March 10, 2021, 1:54 pm
txn_1ISkb4Jm8ehcCWGIoXd04vmn - 8994163298790216 - March 10, 2021, 1:54 pm
txn_1IRyiFJm8ehcCWGIziM9m2z0 - 8994163298994218 - March 10, 2021, 1:54 pm
txn_1ISTx3Jm8ehcCWGIWtNvf7fY - 8994163298990210 - March 10, 2021, 1:54 pm
txn_1ISCPTJm8ehcCWGI48Dwt64a - 8994163298989214 - March 10, 2021, 1:54 pm
txn_1IRyeFJm8ehcCWGIizLLRhIw - 8994163299131216 - March 10, 2021, 1:54 pm
txn_1ISeECJm8ehcCWGIz4dZY2nF - 8994163299130219 - March 10, 2021, 1:54 pm
txn_1ISQyjJm8ehcCWGIjK7r6h5E - 8994163299447218 - March 10, 2021, 1:54 pm
txn_1ISQiEJm8ehcCWGIPyY8UAiV - 8994163299446211 - March 10, 2021, 1:54 pm
txn_1ISQfOJm8ehcCWGItKBFxN8x - 8994163299445214 - March 10, 2021, 1:54 pm
txn_1ISQMrJm8ehcCWGIJuhOZxQl - 8994163299256216 - March 10, 2021, 1:54 pm
txn_1ISQI7Jm8ehcCWGIzhJ7usxb - 8994163299441216 - March 10, 2021, 1:54 pm
txn_1ISPeSJm8ehcCWGIREA3BTep - 8994163299249218 - March 10, 2021, 1:54 pm
txn_1ISPdlJm8ehcCWGIv3ldlZvK - 8994163299247214 - March 10, 2021, 1:54 pm
txn_1ISlbsJm8ehcCWGIPgrGIYuA - 8994163299175210 - March 10, 2021, 1:54 pm
txn_1ISCgFJm8ehcCWGIGI9xgxDg - 8994163299243216 - March 10, 2021, 1:54 pm
txn_1ISj3EJm8ehcCWGIosn4tffq - 8994163299172219 - March 10, 2021, 1:54 pm
txn_1ISBIhJm8ehcCWGI8UuWU8gy - 8994163299242219 - March 10, 2021, 1:54 pm
txn_1ISaNiJm8ehcCWGITt8Pffeq - 8994163299171212 - March 10, 2021, 1:54 pm
txn_1ISBEdJm8ehcCWGIAJgkiqvF - 8994163299239219 - March 10, 2021, 1:54 pm
txn_1ISZX3Jm8ehcCWGIAjaOet0m - 8994163299240215 - March 10, 2021, 1:54 pm
txn_1ISZNgJm8ehcCWGIAxBl4oSj - 8994163299166218 - March 10, 2021, 1:54 pm
txn_1ISBCdJm8ehcCWGIw2OjSWbP - 8994163299236218 - March 10, 2021, 1:54 pm
txn_1ISZDDJm8ehcCWGIiBBu4wAT - 8994163299163217 - March 10, 2021, 1:54 pm
txn_1IS41bJm8ehcCWGI9KuV4uTg - 8994163299232210 - March 10, 2021, 1:54 pm
txn_1ISZ0ZJm8ehcCWGIJCBMXLHp - 8994163299230216 - March 10, 2021, 1:54 pm
txn_1IS3siJm8ehcCWGIPwWpBVoV - 8994163299423212 - March 10, 2021, 1:54 pm
txn_1ISW5xJm8ehcCWGIuNFp2w6x - 8994163299419215 - March 10, 2021, 1:54 pm
txn_1IS1bqJm8ehcCWGICv6jP3jX - 8994163299225212 - March 10, 2021, 1:54 pm
txn_1IRzUPJm8ehcCWGIk7Fq9Rsi -  - March 10, 2021, 1:54 pm
txn_1IRpU9Jm8ehcCWGIV2QHph6E - 8994163299045216 - March 10, 2021, 1:54 pm
txn_1IRtddJm8ehcCWGIzkPN7PPz - 8994163298735217 - March 10, 2021, 1:54 pm
txn_1ISAIQJm8ehcCWGIv6ipcnih - 8994163298932210 - March 10, 2021, 1:54 pm
txn_1ISUEMJm8ehcCWGIKJyjzrEA - 8994163298930216 - March 10, 2021, 1:54 pm
txn_1ISnBhJm8ehcCWGIqLwfHfkX - 8994163298924215 - March 10, 2021, 1:54 pm
txn_1ISOXYJm8ehcCWGInnO7CV2h - 8994163298731219 - March 10, 2021, 1:54 pm
txn_1ISXxVJm8ehcCWGIBu2CrWR2 - 8994163299079211 - March 10, 2021, 1:54 pm
txn_1IS70CJm8ehcCWGIJbG1ovyC - 8994163299074216 - March 10, 2021, 1:54 pm
txn_1ISU9pJm8ehcCWGIG7OrFjnA - 8994163298922211 - March 10, 2021, 1:54 pm
txn_1IRt8yJm8ehcCWGIxSAkqPeM - 8994163298730212 - March 10, 2021, 1:54 pm
txn_1ISXRKJm8ehcCWGIDBTVt2Vk - 8994163298729216 - March 10, 2021, 1:54 pm
txn_1ISGgRJm8ehcCWGIqPrS08Ua - 8994163298915213 - March 10, 2021, 1:54 pm
txn_1ISn9wJm8ehcCWGInsK2sgBO - 8994163298724211 - March 10, 2021, 1:54 pm
txn_1IS6L0Jm8ehcCWGI06AOa23f - 8994163298914216 - March 10, 2021, 1:54 pm
txn_1ISU30Jm8ehcCWGI0HxLMRez - 8994163298725218 - March 10, 2021, 1:54 pm
txn_1IRqctJm8ehcCWGIEWxkH2Pf - 8994163298726215 - March 10, 2021, 1:54 pm
txn_1ISWuvJm8ehcCWGIcOiLl5Zf - 8994163298910218 - March 10, 2021, 1:54 pm
txn_1IS5vpJm8ehcCWGImpnlgnLK - 8994163298904217 - March 10, 2021, 1:54 pm
txn_1ISF4yJm8ehcCWGI109Cbfb3 - 8994163298905214 - March 10, 2021, 1:54 pm
txn_1ISU1GJm8ehcCWGIJELZavUe - 8994163298716216 - March 10, 2021, 1:54 pm
txn_1IRqckJm8ehcCWGILODaz79J - 8994163298903210 - March 10, 2021, 1:54 pm
txn_1ISn9iJm8ehcCWGIKJfKqs6P - 8994163299060219 - March 10, 2021, 1:54 pm
txn_1ISWtmJm8ehcCWGI2KXuIMWe - 8994163298715219 - March 10, 2021, 1:54 pm
txn_1ISEivJm8ehcCWGINSOD3TxQ - 8994163298898219 - March 10, 2021, 1:54 pm
txn_1IS5XEJm8ehcCWGIgd9dP40A - 8994163298710214 - March 10, 2021, 1:54 pm
txn_1ISn4dJm8ehcCWGIoinRhEsU - 8994163299047210 - March 10, 2021, 1:54 pm
txn_1ISWgTJm8ehcCWGIIJ267nL8 - 8994163298897212 - March 10, 2021, 1:54 pm
txn_1ISTxuJm8ehcCWGI1oRqOlqf - 8994163299046213 - March 10, 2021, 1:54 pm
txn_1ISoVRJm8ehcCWGIQEZseBCs - 8994163298775213 - March 10, 2021, 1:54 pm
txn_1ISoM8Jm8ehcCWGInMgJg3GK - 8994163299121217 - March 10, 2021, 1:54 pm
txn_1ISoFpJm8ehcCWGIaI1TWuxo - 8994163299117210 - March 10, 2021, 1:54 pm
txn_1ISo5zJm8ehcCWGI4OG2Yhvz - 8994163298978218 - March 10, 2021, 1:54 pm
txn_1ISo5YJm8ehcCWGIg3le3Wa7 - 8994163298974210 - March 10, 2021, 1:54 pm
txn_1ISqAmJm8ehcCWGIcEg5ZTrE - 8994163298767218 - March 10, 2021, 1:54 pm
txn_1ISo3OJm8ehcCWGIsiTtgC65 - 8994163299112215 - March 10, 2021, 1:54 pm
txn_1ISpzDJm8ehcCWGIG9K1gKd3 - 8994163298971219 - March 10, 2021, 1:54 pm
txn_1ISnSJJm8ehcCWGIfDeDtTIs - 8994163299110211 - March 10, 2021, 1:54 pm
txn_1ISpxmJm8ehcCWGIlU9gmsLp - 8994163298968219 - March 10, 2021, 1:54 pm
txn_1ISnHvJm8ehcCWGIGh7RR6VH - 8994163298765214 - March 10, 2021, 1:54 pm
txn_1ISpuoJm8ehcCWGI5VOUL2wR - 8994163298764217 - March 10, 2021, 1:54 pm
txn_1ISmSEJm8ehcCWGI4Vk0t3tD - 8994163299108218 - March 10, 2021, 1:54 pm
txn_1ISpljJm8ehcCWGIo8WUnpcK - 8994163298961210 - March 10, 2021, 1:54 pm
txn_1ISlxAJm8ehcCWGI34UyZaFD - 8994163298958210 - March 10, 2021, 1:54 pm
txn_1ISoeeJm8ehcCWGIf6GCkpgD - 8994163298759213 - March 10, 2021, 1:54 pm
txn_1ISSlDJm8ehcCWGIXlG3Nrd4 - 8994163298957213 - March 10, 2021, 1:54 pm
txn_1ISVZVJm8ehcCWGIHCihHuVX - 8994163298757219 - March 10, 2021, 1:54 pm
txn_1ISS7QJm8ehcCWGIdrQHTKbk - 8994163299219211 - March 10, 2021, 1:54 pm
txn_1ISRVJJm8ehcCWGIwNNxLSN7 - 8994163299150217 - March 10, 2021, 1:54 pm
txn_1ISAyeJm8ehcCWGIfZyJ62TL - 8994163299148214 - March 10, 2021, 1:54 pm
txn_1ISViPJm8ehcCWGI8paoFWSV - 8994163299410212 - March 10, 2021, 1:54 pm
txn_1ISVAiJm8ehcCWGIeF5dZYpa - 8994163299146210 - March 10, 2021, 1:54 pm
txn_1ISAd1Jm8ehcCWGIx5Wsipo5 - 8994163299214216 - March 10, 2021, 1:54 pm
txn_1IS5ByJm8ehcCWGIuZ1LpcKb - 8994163299212212 - March 10, 2021, 1:54 pm
txn_1IS4R0Jm8ehcCWGIb2S87Vec - 8994163299208215 - March 10, 2021, 1:54 pm
txn_1ISE7pJm8ehcCWGIr16xhJSs - 8994163299401210 - March 10, 2021, 1:54 pm
txn_1ISUtQJm8ehcCWGIUFWGLXoQ - 8994163299142212 - March 10, 2021, 1:54 pm
txn_1IS2wlJm8ehcCWGIa9x1itXL - 8994163298798212 - March 10, 2021, 1:54 pm
txn_1ISE3OJm8ehcCWGImKVyWO2R - 8994163299139212 - March 10, 2021, 1:54 pm
txn_1ISUbDJm8ehcCWGIJJA7FrVG - 8994163299138215 - March 10, 2021, 1:54 pm
txn_1IS13xJm8ehcCWGIw7x4H6Jq - 8994163298794214 - March 10, 2021, 1:54 pm
txn_1ISCu8Jm8ehcCWGIj4bbAxPq - 8994163299136211 - March 10, 2021, 1:54 pm
txn_1ISUSUJm8ehcCWGIvJewghxM - 8994163298791213 - March 10, 2021, 1:54 pm
txn_1ISClMJm8ehcCWGINCzCpkAf - 8994163298995215 - March 10, 2021, 1:54 pm
txn_1ISkb4Jm8ehcCWGIoXd04vmn - 8994163298790216 - March 10, 2021, 1:54 pm
txn_1IRyiFJm8ehcCWGIziM9m2z0 - 8994163298994218 - March 10, 2021, 1:54 pm
txn_1ISTx3Jm8ehcCWGIWtNvf7fY - 8994163298990210 - March 10, 2021, 1:54 pm
txn_1ISCPTJm8ehcCWGI48Dwt64a - 8994163298989214 - March 10, 2021, 1:54 pm
txn_1IRyeFJm8ehcCWGIizLLRhIw - 8994163299131216 - March 10, 2021, 1:54 pm
txn_1ISeECJm8ehcCWGIz4dZY2nF - 8994163299130219 - March 10, 2021, 1:54 pm
txn_1ISQyjJm8ehcCWGIjK7r6h5E - 8994163299447218 - March 10, 2021, 1:54 pm
txn_1ISQiEJm8ehcCWGIPyY8UAiV - 8994163299446211 - March 10, 2021, 1:54 pm
txn_1ISQfOJm8ehcCWGItKBFxN8x - 8994163299445214 - March 10, 2021, 1:54 pm
txn_1ISQMrJm8ehcCWGIJuhOZxQl - 8994163299256216 - March 10, 2021, 1:54 pm
txn_1ISQI7Jm8ehcCWGIzhJ7usxb - 8994163299441216 - March 10, 2021, 1:54 pm
txn_1ISPeSJm8ehcCWGIREA3BTep - 8994163299249218 - March 10, 2021, 1:54 pm
txn_1ISPdlJm8ehcCWGIv3ldlZvK - 8994163299247214 - March 10, 2021, 1:54 pm
txn_1ISlbsJm8ehcCWGIPgrGIYuA - 8994163299175210 - March 10, 2021, 1:54 pm
txn_1ISCgFJm8ehcCWGIGI9xgxDg - 8994163299243216 - March 10, 2021, 1:54 pm
txn_1ISj3EJm8ehcCWGIosn4tffq - 8994163299172219 - March 10, 2021, 1:54 pm
txn_1ISBIhJm8ehcCWGI8UuWU8gy - 8994163299242219 - March 10, 2021, 1:54 pm
txn_1ISaNiJm8ehcCWGITt8Pffeq - 8994163299171212 - March 10, 2021, 1:54 pm
txn_1ISBEdJm8ehcCWGIAJgkiqvF - 8994163299239219 - March 10, 2021, 1:54 pm
txn_1ISZX3Jm8ehcCWGIAjaOet0m - 8994163299240215 - March 10, 2021, 1:54 pm
txn_1ISZNgJm8ehcCWGIAxBl4oSj - 8994163299166218 - March 10, 2021, 1:54 pm
txn_1ISBCdJm8ehcCWGIw2OjSWbP - 8994163299236218 - March 10, 2021, 1:54 pm
txn_1ISZDDJm8ehcCWGIiBBu4wAT - 8994163299163217 - March 10, 2021, 1:54 pm
txn_1IS41bJm8ehcCWGI9KuV4uTg - 8994163299232210 - March 10, 2021, 1:54 pm
txn_1ISZ0ZJm8ehcCWGIJCBMXLHp - 8994163299230216 - March 10, 2021, 1:54 pm
txn_1IS3siJm8ehcCWGIPwWpBVoV - 8994163299423212 - March 10, 2021, 1:54 pm
txn_1ISW5xJm8ehcCWGIuNFp2w6x - 8994163299419215 - March 10, 2021, 1:54 pm
txn_1IS1bqJm8ehcCWGICv6jP3jX - 8994163299225212 - March 10, 2021, 1:54 pm
txn_1ISVMvJm8ehcCWGIhpR7E57h - 8994163299198219 - March 10, 2021, 1:54 pm
txn_1ISV6lJm8ehcCWGIBWMQJUSD - 8994163299195218 - March 10, 2021, 1:54 pm
txn_1ISV4JJm8ehcCWGIf8CCyZTb - 8994163299194211 - March 10, 2021, 1:54 pm
txn_1ISUYJJm8ehcCWGI5hL0P5W4 - 8994163299459211 - March 10, 2021, 1:54 pm
txn_1IST83Jm8ehcCWGIbeJF1DpR - 8994163299190213 - March 10, 2021, 1:54 pm
txn_1IS24gJm8ehcCWGIdpFxkMWJ - 8994163299189217 - March 10, 2021, 1:54 pm
txn_1ISVMvJm8ehcCWGIhpR7E57h - 8994163299280211 - March 10, 2021, 1:54 pm
txn_1ISV6lJm8ehcCWGIBWMQJUSD - 8994163299268219 - March 10, 2021, 1:54 pm
txn_1ISV4JJm8ehcCWGIf8CCyZTb - 8994163299196215 - March 10, 2021, 1:54 pm
txn_1IRpU9Jm8ehcCWGIV2QHph6E - 8994163299045216 - March 10, 2021, 1:55 pm
txn_1IRtddJm8ehcCWGIzkPN7PPz - 8994163298735217 - March 10, 2021, 1:55 pm
txn_1ISAIQJm8ehcCWGIv6ipcnih - 8994163298932210 - March 10, 2021, 1:55 pm
txn_1ISUEMJm8ehcCWGIKJyjzrEA - 8994163298930216 - March 10, 2021, 1:55 pm
txn_1ISnBhJm8ehcCWGIqLwfHfkX - 8994163298924215 - March 10, 2021, 1:55 pm
txn_1ISOXYJm8ehcCWGInnO7CV2h - 8994163298731219 - March 10, 2021, 1:55 pm
txn_1ISXxVJm8ehcCWGIBu2CrWR2 - 8994163299079211 - March 10, 2021, 1:55 pm
txn_1IS70CJm8ehcCWGIJbG1ovyC - 8994163299074216 - March 10, 2021, 1:55 pm
txn_1ISU9pJm8ehcCWGIG7OrFjnA - 8994163298922211 - March 10, 2021, 1:55 pm
txn_1IRt8yJm8ehcCWGIxSAkqPeM - 8994163298730212 - March 10, 2021, 1:55 pm
txn_1ISXRKJm8ehcCWGIDBTVt2Vk - 8994163298729216 - March 10, 2021, 1:55 pm
txn_1ISGgRJm8ehcCWGIqPrS08Ua - 8994163298915213 - March 10, 2021, 1:55 pm
txn_1ISn9wJm8ehcCWGInsK2sgBO - 8994163298724211 - March 10, 2021, 1:55 pm
txn_1IS6L0Jm8ehcCWGI06AOa23f - 8994163298914216 - March 10, 2021, 1:55 pm
txn_1ISU30Jm8ehcCWGI0HxLMRez - 8994163298725218 - March 10, 2021, 1:55 pm
txn_1IRqctJm8ehcCWGIEWxkH2Pf - 8994163298726215 - March 10, 2021, 1:55 pm
txn_1ISWuvJm8ehcCWGIcOiLl5Zf - 8994163298910218 - March 10, 2021, 1:55 pm
txn_1IS5vpJm8ehcCWGImpnlgnLK - 8994163298904217 - March 10, 2021, 1:55 pm
txn_1ISF4yJm8ehcCWGI109Cbfb3 - 8994163298905214 - March 10, 2021, 1:55 pm
txn_1ISU1GJm8ehcCWGIJELZavUe - 8994163298716216 - March 10, 2021, 1:55 pm
txn_1IRqckJm8ehcCWGILODaz79J - 8994163298903210 - March 10, 2021, 1:55 pm
txn_1ISn9iJm8ehcCWGIKJfKqs6P - 8994163299060219 - March 10, 2021, 1:55 pm
txn_1ISWtmJm8ehcCWGI2KXuIMWe - 8994163298715219 - March 10, 2021, 1:55 pm
txn_1ISEivJm8ehcCWGINSOD3TxQ - 8994163298898219 - March 10, 2021, 1:55 pm
txn_1IS5XEJm8ehcCWGIgd9dP40A - 8994163298710214 - March 10, 2021, 1:55 pm
txn_1ISn4dJm8ehcCWGIoinRhEsU - 8994163299047210 - March 10, 2021, 1:55 pm
txn_1ISWgTJm8ehcCWGIIJ267nL8 - 8994163298897212 - March 10, 2021, 1:55 pm
txn_1ISTxuJm8ehcCWGI1oRqOlqf - 8994163299046213 - March 10, 2021, 1:55 pm
txn_1ISoVRJm8ehcCWGIQEZseBCs - 8994163298775213 - March 10, 2021, 1:55 pm
txn_1ISoM8Jm8ehcCWGInMgJg3GK - 8994163299121217 - March 10, 2021, 1:55 pm
txn_1ISoFpJm8ehcCWGIaI1TWuxo - 8994163299117210 - March 10, 2021, 1:55 pm
txn_1ISo5zJm8ehcCWGI4OG2Yhvz - 8994163298978218 - March 10, 2021, 1:55 pm
txn_1ISo5YJm8ehcCWGIg3le3Wa7 - 8994163298974210 - March 10, 2021, 1:55 pm
txn_1ISqAmJm8ehcCWGIcEg5ZTrE - 8994163298767218 - March 10, 2021, 1:55 pm
txn_1ISo3OJm8ehcCWGIsiTtgC65 - 8994163299112215 - March 10, 2021, 1:55 pm
txn_1ISpzDJm8ehcCWGIG9K1gKd3 - 8994163298971219 - March 10, 2021, 1:55 pm
txn_1ISnSJJm8ehcCWGIfDeDtTIs - 8994163299110211 - March 10, 2021, 1:55 pm
txn_1ISpxmJm8ehcCWGIlU9gmsLp - 8994163298968219 - March 10, 2021, 1:55 pm
txn_1ISnHvJm8ehcCWGIGh7RR6VH - 8994163298765214 - March 10, 2021, 1:55 pm
txn_1ISpuoJm8ehcCWGI5VOUL2wR - 8994163298764217 - March 10, 2021, 1:55 pm
txn_1ISmSEJm8ehcCWGI4Vk0t3tD - 8994163299108218 - March 10, 2021, 1:55 pm
txn_1ISpljJm8ehcCWGIo8WUnpcK - 8994163298961210 - March 10, 2021, 1:55 pm
txn_1ISlxAJm8ehcCWGI34UyZaFD - 8994163298958210 - March 10, 2021, 1:55 pm
txn_1ISoeeJm8ehcCWGIf6GCkpgD - 8994163298759213 - March 10, 2021, 1:55 pm
txn_1ISSlDJm8ehcCWGIXlG3Nrd4 - 8994163298957213 - March 10, 2021, 1:55 pm
txn_1ISVZVJm8ehcCWGIHCihHuVX - 8994163298757219 - March 10, 2021, 1:55 pm
txn_1ISS7QJm8ehcCWGIdrQHTKbk - 8994163299219211 - March 10, 2021, 1:55 pm
txn_1ISRVJJm8ehcCWGIwNNxLSN7 - 8994163299150217 - March 10, 2021, 1:55 pm
txn_1ISAyeJm8ehcCWGIfZyJ62TL - 8994163299148214 - March 10, 2021, 1:55 pm
txn_1ISViPJm8ehcCWGI8paoFWSV - 8994163299410212 - March 10, 2021, 1:55 pm
txn_1ISVAiJm8ehcCWGIeF5dZYpa - 8994163299146210 - March 10, 2021, 1:55 pm
txn_1ISAd1Jm8ehcCWGIx5Wsipo5 - 8994163299214216 - March 10, 2021, 1:55 pm
txn_1IS5ByJm8ehcCWGIuZ1LpcKb - 8994163299212212 - March 10, 2021, 1:55 pm
txn_1IS4R0Jm8ehcCWGIb2S87Vec - 8994163299208215 - March 10, 2021, 1:55 pm
txn_1ISE7pJm8ehcCWGIr16xhJSs - 8994163299401210 - March 10, 2021, 1:55 pm
txn_1ISUtQJm8ehcCWGIUFWGLXoQ - 8994163299142212 - March 10, 2021, 1:55 pm
txn_1IS2wlJm8ehcCWGIa9x1itXL - 8994163298798212 - March 10, 2021, 1:55 pm
txn_1ISE3OJm8ehcCWGImKVyWO2R - 8994163299139212 - March 10, 2021, 1:55 pm
txn_1ISUbDJm8ehcCWGIJJA7FrVG - 8994163299138215 - March 10, 2021, 1:55 pm
txn_1IS13xJm8ehcCWGIw7x4H6Jq - 8994163298794214 - March 10, 2021, 1:55 pm
txn_1ISCu8Jm8ehcCWGIj4bbAxPq - 8994163299136211 - March 10, 2021, 1:55 pm
txn_1ISUSUJm8ehcCWGIvJewghxM - 8994163298791213 - March 10, 2021, 1:55 pm
txn_1ISClMJm8ehcCWGINCzCpkAf - 8994163298995215 - March 10, 2021, 1:55 pm
txn_1ISkb4Jm8ehcCWGIoXd04vmn - 8994163298790216 - March 10, 2021, 1:55 pm
txn_1IRyiFJm8ehcCWGIziM9m2z0 - 8994163298994218 - March 10, 2021, 1:55 pm
txn_1ISTx3Jm8ehcCWGIWtNvf7fY - 8994163298990210 - March 10, 2021, 1:55 pm
txn_1ISCPTJm8ehcCWGI48Dwt64a - 8994163298989214 - March 10, 2021, 1:55 pm
txn_1IRyeFJm8ehcCWGIizLLRhIw - 8994163299131216 - March 10, 2021, 1:55 pm
txn_1ISeECJm8ehcCWGIz4dZY2nF - 8994163299130219 - March 10, 2021, 1:55 pm
txn_1ISQyjJm8ehcCWGIjK7r6h5E - 8994163299447218 - March 10, 2021, 1:55 pm
txn_1ISQiEJm8ehcCWGIPyY8UAiV - 8994163299446211 - March 10, 2021, 1:55 pm
txn_1ISQfOJm8ehcCWGItKBFxN8x - 8994163299445214 - March 10, 2021, 1:55 pm
txn_1ISQMrJm8ehcCWGIJuhOZxQl - 8994163299256216 - March 10, 2021, 1:55 pm
txn_1ISQI7Jm8ehcCWGIzhJ7usxb - 8994163299441216 - March 10, 2021, 1:55 pm
txn_1ISPeSJm8ehcCWGIREA3BTep - 8994163299249218 - March 10, 2021, 1:55 pm
txn_1ISPdlJm8ehcCWGIv3ldlZvK - 8994163299247214 - March 10, 2021, 1:55 pm
txn_1ISlbsJm8ehcCWGIPgrGIYuA - 8994163299175210 - March 10, 2021, 1:55 pm
txn_1ISCgFJm8ehcCWGIGI9xgxDg - 8994163299243216 - March 10, 2021, 1:55 pm
txn_1ISj3EJm8ehcCWGIosn4tffq - 8994163299172219 - March 10, 2021, 1:55 pm
txn_1ISBIhJm8ehcCWGI8UuWU8gy - 8994163299242219 - March 10, 2021, 1:55 pm
txn_1ISaNiJm8ehcCWGITt8Pffeq - 8994163299171212 - March 10, 2021, 1:55 pm
txn_1ISBEdJm8ehcCWGIAJgkiqvF - 8994163299239219 - March 10, 2021, 1:55 pm
txn_1ISZX3Jm8ehcCWGIAjaOet0m - 8994163299240215 - March 10, 2021, 1:55 pm
txn_1ISZNgJm8ehcCWGIAxBl4oSj - 8994163299166218 - March 10, 2021, 1:55 pm
txn_1ISBCdJm8ehcCWGIw2OjSWbP - 8994163299236218 - March 10, 2021, 1:55 pm
txn_1ISZDDJm8ehcCWGIiBBu4wAT - 8994163299163217 - March 10, 2021, 1:55 pm
txn_1IS41bJm8ehcCWGI9KuV4uTg - 8994163299232210 - March 10, 2021, 1:55 pm
txn_1ISZ0ZJm8ehcCWGIJCBMXLHp - 8994163299230216 - March 10, 2021, 1:55 pm
txn_1IS3siJm8ehcCWGIPwWpBVoV - 8994163299423212 - March 10, 2021, 1:55 pm
txn_1ISW5xJm8ehcCWGIuNFp2w6x - 8994163299419215 - March 10, 2021, 1:55 pm
txn_1IS1bqJm8ehcCWGICv6jP3jX - 8994163299225212 - March 10, 2021, 1:55 pm
txn_1ISVMvJm8ehcCWGIhpR7E57h - 8994163299198219 - March 10, 2021, 1:55 pm
txn_1ISV6lJm8ehcCWGIBWMQJUSD - 8994163299195218 - March 10, 2021, 1:55 pm
txn_1ISV4JJm8ehcCWGIf8CCyZTb - 8994163299194211 - March 10, 2021, 1:55 pm
txn_1ISUYJJm8ehcCWGI5hL0P5W4 - 8994163299459211 - March 10, 2021, 1:55 pm
txn_1IST83Jm8ehcCWGIbeJF1DpR - 8994163299190213 - March 10, 2021, 1:55 pm
txn_1IS24gJm8ehcCWGIdpFxkMWJ - 8994163299189217 - March 10, 2021, 1:55 pm
txn_1ISVMvJm8ehcCWGIhpR7E57h - 8994163299280211 - March 10, 2021, 1:55 pm
txn_1ISV6lJm8ehcCWGIBWMQJUSD - 8994163299268219 - March 10, 2021, 1:55 pm
txn_1ISV4JJm8ehcCWGIf8CCyZTb - 8994163299196215 - March 10, 2021, 1:55 pm
