txn_1IJSupJm8ehcCWGI0EIXzFXJ - 8994163214116205 - February 11, 2021, 1:17 pm
2021Influencer328 - 8994163213984201 - February 11, 2021, 1:17 pm
2021Influencer323 - 8994163213982207 - February 11, 2021, 1:17 pm
txn_1IJPNaJm8ehcCWGINdwz02Zv - 8994163214115208 - February 11, 2021, 1:17 pm
txn_1IJZWQJm8ehcCWGIltY7WZv4 - 8994163213981200 - February 11, 2021, 1:17 pm
2021Influencer332 - 8994163214113204 - February 11, 2021, 1:17 pm
2021Influencer327 - 8994163214110203 - February 11, 2021, 1:17 pm
txn_1IJTNAJm8ehcCWGIQ7xmx6PV - 8994163214111200 - February 11, 2021, 1:17 pm
2021Influencer322 - 8994163214112207 - February 11, 2021, 1:17 pm
txn_1IJPwLJm8ehcCWGIZejlDtiV - 8994163214248203 - February 11, 2021, 1:17 pm
2021Influencer337 - 8994163214108200 - February 11, 2021, 1:17 pm
2021Influencer331 - 8994163214103205 - February 11, 2021, 1:17 pm
2021Influencer321 - 8994163214102208 - February 11, 2021, 1:17 pm
txn_1IJVHPJm8ehcCWGIieIV6xyB - 8994163213978200 - February 11, 2021, 1:17 pm
2021Influencer326 - 8994163214101201 - February 11, 2021, 1:17 pm
txn_1IJQZxJm8ehcCWGIgCrZja1F - 8994163213976206 - February 11, 2021, 1:17 pm
2021Influencer336 - 8994163214098204 - February 11, 2021, 1:17 pm
txn_1IJR98Jm8ehcCWGIZFxg9egm - 8994163213970204 - February 11, 2021, 1:17 pm
2021Influencer325 - 8994163213971201 - February 11, 2021, 1:17 pm
2021Influencer320 - 8994163214090208 - February 11, 2021, 1:17 pm
2021Influencer330 - 8994163214089202 - February 11, 2021, 1:17 pm
2021Influencer335 - 8994163214239201 - February 11, 2021, 1:17 pm
txn_1IJVc0Jm8ehcCWGIX8cF7hB1 - 8994163214240207 - February 11, 2021, 1:17 pm
txn_1IJSupJm8ehcCWGI0EIXzFXJ - 8994163214116205 - February 11, 2021, 1:18 pm
2021Influencer328 - 8994163213984201 - February 11, 2021, 1:18 pm
2021Influencer323 - 8994163213982207 - February 11, 2021, 1:18 pm
txn_1IJPNaJm8ehcCWGINdwz02Zv - 8994163214115208 - February 11, 2021, 1:18 pm
txn_1IJZWQJm8ehcCWGIltY7WZv4 - 8994163213981200 - February 11, 2021, 1:18 pm
2021Influencer332 - 8994163214113204 - February 11, 2021, 1:18 pm
2021Influencer327 - 8994163214110203 - February 11, 2021, 1:18 pm
txn_1IJTNAJm8ehcCWGIQ7xmx6PV - 8994163214111200 - February 11, 2021, 1:18 pm
2021Influencer322 - 8994163214112207 - February 11, 2021, 1:18 pm
txn_1IJPwLJm8ehcCWGIZejlDtiV - 8994163214248203 - February 11, 2021, 1:18 pm
2021Influencer337 - 8994163214108200 - February 11, 2021, 1:18 pm
2021Influencer331 - 8994163214103205 - February 11, 2021, 1:18 pm
2021Influencer321 - 8994163214102208 - February 11, 2021, 1:18 pm
txn_1IJVHPJm8ehcCWGIieIV6xyB - 8994163213978200 - February 11, 2021, 1:18 pm
2021Influencer326 - 8994163214101201 - February 11, 2021, 1:18 pm
txn_1IJQZxJm8ehcCWGIgCrZja1F - 8994163213976206 - February 11, 2021, 1:18 pm
2021Influencer336 - 8994163214098204 - February 11, 2021, 1:18 pm
txn_1IJR98Jm8ehcCWGIZFxg9egm - 8994163213970204 - February 11, 2021, 1:18 pm
2021Influencer325 - 8994163213971201 - February 11, 2021, 1:18 pm
2021Influencer320 - 8994163214090208 - February 11, 2021, 1:18 pm
2021Influencer330 - 8994163214089202 - February 11, 2021, 1:18 pm
2021Influencer335 - 8994163214239201 - February 11, 2021, 1:18 pm
txn_1IJVc0Jm8ehcCWGIX8cF7hB1 - 8994163214240207 - February 11, 2021, 1:18 pm
txn_1IJSupJm8ehcCWGI0EIXzFXJ - 8994163214116205 - February 11, 2021, 1:18 pm
2021Influencer328 - 8994163213984201 - February 11, 2021, 1:18 pm
2021Influencer323 - 8994163213982207 - February 11, 2021, 1:18 pm
txn_1IJPNaJm8ehcCWGINdwz02Zv - 8994163214115208 - February 11, 2021, 1:18 pm
txn_1IJZWQJm8ehcCWGIltY7WZv4 - 8994163213981200 - February 11, 2021, 1:18 pm
2021Influencer332 - 8994163214113204 - February 11, 2021, 1:18 pm
2021Influencer327 - 8994163214110203 - February 11, 2021, 1:18 pm
txn_1IJTNAJm8ehcCWGIQ7xmx6PV - 8994163214111200 - February 11, 2021, 1:18 pm
2021Influencer322 - 8994163214112207 - February 11, 2021, 1:18 pm
txn_1IJPwLJm8ehcCWGIZejlDtiV - 8994163214248203 - February 11, 2021, 1:18 pm
2021Influencer337 - 8994163214108200 - February 11, 2021, 1:18 pm
2021Influencer331 - 8994163214103205 - February 11, 2021, 1:18 pm
2021Influencer321 - 8994163214102208 - February 11, 2021, 1:18 pm
txn_1IJVHPJm8ehcCWGIieIV6xyB - 8994163213978200 - February 11, 2021, 1:18 pm
2021Influencer326 - 8994163214101201 - February 11, 2021, 1:18 pm
txn_1IJQZxJm8ehcCWGIgCrZja1F - 8994163213976206 - February 11, 2021, 1:18 pm
2021Influencer336 - 8994163214098204 - February 11, 2021, 1:18 pm
txn_1IJR98Jm8ehcCWGIZFxg9egm - 8994163213970204 - February 11, 2021, 1:18 pm
2021Influencer325 - 8994163213971201 - February 11, 2021, 1:18 pm
2021Influencer320 - 8994163214090208 - February 11, 2021, 1:18 pm
2021Influencer330 - 8994163214089202 - February 11, 2021, 1:18 pm
2021Influencer335 - 8994163214239201 - February 11, 2021, 1:18 pm
txn_1IJVc0Jm8ehcCWGIX8cF7hB1 - 8994163214240207 - February 11, 2021, 1:18 pm
txn_1IJSupJm8ehcCWGI0EIXzFXJ - 8994163214116205 - February 11, 2021, 1:18 pm
2021Influencer328 - 8994163213984201 - February 11, 2021, 1:18 pm
2021Influencer323 - 8994163213982207 - February 11, 2021, 1:18 pm
txn_1IJPNaJm8ehcCWGINdwz02Zv - 8994163214115208 - February 11, 2021, 1:18 pm
txn_1IJZWQJm8ehcCWGIltY7WZv4 - 8994163213981200 - February 11, 2021, 1:18 pm
2021Influencer332 - 8994163214113204 - February 11, 2021, 1:18 pm
2021Influencer327 - 8994163214110203 - February 11, 2021, 1:18 pm
txn_1IJTNAJm8ehcCWGIQ7xmx6PV - 8994163214111200 - February 11, 2021, 1:18 pm
2021Influencer322 - 8994163214112207 - February 11, 2021, 1:18 pm
txn_1IJPwLJm8ehcCWGIZejlDtiV - 8994163214248203 - February 11, 2021, 1:18 pm
2021Influencer337 - 8994163214108200 - February 11, 2021, 1:18 pm
2021Influencer331 - 8994163214103205 - February 11, 2021, 1:18 pm
2021Influencer321 - 8994163214102208 - February 11, 2021, 1:18 pm
txn_1IJVHPJm8ehcCWGIieIV6xyB - 8994163213978200 - February 11, 2021, 1:18 pm
2021Influencer326 - 8994163214101201 - February 11, 2021, 1:18 pm
txn_1IJQZxJm8ehcCWGIgCrZja1F - 8994163213976206 - February 11, 2021, 1:18 pm
2021Influencer336 - 8994163214098204 - February 11, 2021, 1:18 pm
txn_1IJR98Jm8ehcCWGIZFxg9egm - 8994163213970204 - February 11, 2021, 1:18 pm
2021Influencer325 - 8994163213971201 - February 11, 2021, 1:18 pm
2021Influencer320 - 8994163214090208 - February 11, 2021, 1:18 pm
2021Influencer330 - 8994163214089202 - February 11, 2021, 1:18 pm
2021Influencer335 - 8994163214239201 - February 11, 2021, 1:18 pm
txn_1IJVc0Jm8ehcCWGIX8cF7hB1 - 8994163214240207 - February 11, 2021, 1:18 pm
txn_1IJSupJm8ehcCWGI0EIXzFXJ - 8994163214116205 - February 11, 2021, 1:18 pm
2021Influencer328 - 8994163213984201 - February 11, 2021, 1:18 pm
2021Influencer323 - 8994163213982207 - February 11, 2021, 1:18 pm
txn_1IJPNaJm8ehcCWGINdwz02Zv - 8994163214115208 - February 11, 2021, 1:18 pm
txn_1IJZWQJm8ehcCWGIltY7WZv4 - 8994163213981200 - February 11, 2021, 1:18 pm
2021Influencer332 - 8994163214113204 - February 11, 2021, 1:18 pm
2021Influencer327 - 8994163214110203 - February 11, 2021, 1:18 pm
txn_1IJTNAJm8ehcCWGIQ7xmx6PV - 8994163214111200 - February 11, 2021, 1:18 pm
2021Influencer322 - 8994163214112207 - February 11, 2021, 1:18 pm
txn_1IJPwLJm8ehcCWGIZejlDtiV - 8994163214248203 - February 11, 2021, 1:18 pm
2021Influencer337 - 8994163214108200 - February 11, 2021, 1:18 pm
2021Influencer331 - 8994163214103205 - February 11, 2021, 1:18 pm
2021Influencer321 - 8994163214102208 - February 11, 2021, 1:18 pm
txn_1IJVHPJm8ehcCWGIieIV6xyB - 8994163213978200 - February 11, 2021, 1:18 pm
2021Influencer326 - 8994163214101201 - February 11, 2021, 1:18 pm
txn_1IJQZxJm8ehcCWGIgCrZja1F - 8994163213976206 - February 11, 2021, 1:18 pm
2021Influencer336 - 8994163214098204 - February 11, 2021, 1:18 pm
txn_1IJR98Jm8ehcCWGIZFxg9egm - 8994163213970204 - February 11, 2021, 1:18 pm
2021Influencer325 - 8994163213971201 - February 11, 2021, 1:18 pm
2021Influencer320 - 8994163214090208 - February 11, 2021, 1:18 pm
2021Influencer330 - 8994163214089202 - February 11, 2021, 1:18 pm
2021Influencer335 - 8994163214239201 - February 11, 2021, 1:18 pm
txn_1IJVc0Jm8ehcCWGIX8cF7hB1 - 8994163214240207 - February 11, 2021, 1:18 pm
txn_1IJNStJm8ehcCWGIV8T2y3Dl - 8994163214187205 - February 11, 2021, 1:18 pm
txn_1IJW5aJm8ehcCWGImBPg6PHj - 8994163214186208 - February 11, 2021, 1:18 pm
txn_1IJNWaJm8ehcCWGIi5rprHcb - 8994163214287202 - February 11, 2021, 1:18 pm
2021Influencer334 - 8994163214182200 - February 11, 2021, 1:18 pm
txn_1IJODMJm8ehcCWGIvBJJPPAw - 8994163214179200 - February 11, 2021, 1:18 pm
2021Influencer333 - 8994163214283204 - February 11, 2021, 1:18 pm
txn_1IJODoJm8ehcCWGInKNribFC - 8994163214175202 - February 11, 2021, 1:18 pm
2021Influencer329 - 8994163214176209 - February 11, 2021, 1:18 pm
2021Influencer324 - 8994163214436204 - February 11, 2021, 1:18 pm
txn_1IJSh6Jm8ehcCWGIcvSkNC2i - 8994163214278200 - February 11, 2021, 1:18 pm
2021Influencer338 - 8994163214689204 - February 11, 2021, 1:24 pm
