txn_1IpjarJm8ehcCWGITksiLrMu - 8994163059921248 - May 11, 2021, 5:03 pm
txn_1Ipi8KJm8ehcCWGIy81vfFq7 - 8994163060050241 - May 11, 2021, 5:03 pm
txn_1IphteJm8ehcCWGIrttDLGVF - 8994163060046244 - May 11, 2021, 5:03 pm
txn_1IphsUJm8ehcCWGIz5eu6etY - 8994163060229241 - May 11, 2021, 5:03 pm
txn_1IpfuDJm8ehcCWGIMZFW4cW1 - 8994163059912246 - May 11, 2021, 5:03 pm
txn_1IpXnVJm8ehcCWGIhH5vOS6B - 8994163060045247 - May 11, 2021, 5:03 pm
2021Influencer637 - 8994163060228244 - May 11, 2021, 5:03 pm
txn_1IpdTdJm8ehcCWGI1D5adCXa - 8994163059911249 - May 11, 2021, 5:03 pm
txn_1IphgIJm8ehcCWGI6M6oPX9F - 8994163060227247 - May 11, 2021, 5:03 pm
txn_1Ipb2hJm8ehcCWGIZzeYA6x7 - 8994163060226240 - May 11, 2021, 5:03 pm
txn_1IpfpdJm8ehcCWGI0S644Y0j - 8994163060038249 - May 11, 2021, 5:03 pm
txn_1IpOy6Jm8ehcCWGIfutt1DoA - 8994163060036245 - May 11, 2021, 5:03 pm
2021Influencer636 - 8994163060225243 - May 11, 2021, 5:03 pm
txn_1IpgRKJm8ehcCWGImMUl33Yg - 8994163060037242 - May 11, 2021, 5:03 pm
txn_1IpcI1Jm8ehcCWGInv5tYRkb - 8994163059909246 - May 11, 2021, 5:03 pm
txn_1IpZsrJm8ehcCWGIVHcogZR3 - 8994163060035248 - May 11, 2021, 5:03 pm
txn_1IpfemJm8ehcCWGIUwu6vrcj - 8994163059907242 - May 11, 2021, 5:03 pm
2021Influencer635 - 8994163060034241 - May 11, 2021, 5:03 pm
txn_1IpgN0Jm8ehcCWGIrUkCXOEr - 8994163059906245 - May 11, 2021, 5:03 pm
txn_1IpZoYJm8ehcCWGIF8UsvyKq - 8994163060223249 - May 11, 2021, 5:03 pm
txn_1IpOXOJm8ehcCWGIbbZ7Ms7H - 8994163060033244 - May 11, 2021, 5:03 pm
txn_1IpboSJm8ehcCWGIk1teQx43 - 8994163059905248 - May 11, 2021, 5:03 pm
2021Influencer633 - 8994163060030243 - May 11, 2021, 5:03 pm
txn_1IpgAwJm8ehcCWGIjRKlLBQc - 8994163060031240 - May 11, 2021, 5:03 pm
2021Influencer634 - 8994163059903244 - May 11, 2021, 5:03 pm
txn_1InppYJm8ehcCWGI6FavEHet - 8994163060219242 - May 11, 2021, 5:03 pm
txn_1IpZCMJm8ehcCWGIqdi1cHTf - 8994163060029247 - May 11, 2021, 5:03 pm
txn_1IpbfCJm8ehcCWGIxwmuTql9 - 8994163060220248 - May 11, 2021, 5:03 pm
