txn_1IZNgCJm8ehcCWGIdP8fF3z9 - 8994163049086223 - March 29, 2021, 2:28 pm
txn_1IaHZVJm8ehcCWGIUMm0nMGT - 8994163049488225 - March 29, 2021, 2:31 pm
txn_1Ia5TcJm8ehcCWGIf9SUHRSQ - 8994163049179222 - March 29, 2021, 2:31 pm
txn_1IZR1OJm8ehcCWGIJZqnVnBN - 8994163049484227 - March 29, 2021, 2:31 pm
txn_1IZpZgJm8ehcCWGISqCQd5Jt - 8994163049336229 - March 29, 2021, 2:31 pm
txn_1IaEyJJm8ehcCWGImvZ2gOiY - 8994163049481226 - March 29, 2021, 2:31 pm
txn_1Ia5SlJm8ehcCWGIwRh2m3Q9 - 8994163049480229 - March 29, 2021, 2:31 pm
2021Influencer571 - 8994163049476222 - March 29, 2021, 2:31 pm
txn_1Ia58vJm8ehcCWGIJbSJp1qd - 8994163049171226 - March 29, 2021, 2:31 pm
txn_1IZpHQJm8ehcCWGIVsgqVvHI - 8994163049473221 - March 29, 2021, 2:31 pm
txn_1IZe7PJm8ehcCWGIMsnGivNN - 8994163049168226 - March 29, 2021, 2:31 pm
2021Influencer570 - 8994163049471227 - March 29, 2021, 2:31 pm
txn_1Ia4N3Jm8ehcCWGIxNFNm8uw - 8994163049470220 - March 29, 2021, 2:31 pm
txn_1IZlyWJm8ehcCWGIawbjGoS4 - 8994163049467220 - March 29, 2021, 2:31 pm
txn_1IZQ6nJm8ehcCWGIC9w4Xw42 - 8994163049332221 - March 29, 2021, 2:31 pm
txn_1IZcrgJm8ehcCWGI8cQL0vA3 - 8994163049166222 - March 29, 2021, 2:31 pm
2021Influencer569 - 8994163049165225 - March 29, 2021, 2:31 pm
txn_1Ia3ugJm8ehcCWGIWh6thPcu - 8994163049331224 - March 29, 2021, 2:31 pm
txn_1Ia9QiJm8ehcCWGIcxZNA07L - 8994163049466223 - March 29, 2021, 2:31 pm
txn_1IZPATJm8ehcCWGIxcvALBio - 8994163049162224 - March 29, 2021, 2:31 pm
txn_1IZlfEJm8ehcCWGIZmek0TUI - 8994163049161227 - March 29, 2021, 2:31 pm
txn_1IZckiJm8ehcCWGIvAtXom6I - 8994163049328224 - March 29, 2021, 2:31 pm
2021Influencer568 - 8994163049160220 - March 29, 2021, 2:31 pm
txn_1Ia3klJm8ehcCWGID1G3ce56 - 8994163049329221 - March 29, 2021, 2:31 pm
txn_1Ia9DzJm8ehcCWGI4hz7QgHa - 8994163049327227 - March 29, 2021, 2:31 pm
txn_1IZODBJm8ehcCWGIRrBLZ0Aj - 8994163049323229 - March 29, 2021, 2:31 pm
txn_1IZkuzJm8ehcCWGIiWAnhRGa - 8994163049156223 - March 29, 2021, 2:31 pm
txn_1IZcYWJm8ehcCWGIcIMEVEJY - 8994163049322222 - March 29, 2021, 2:31 pm
2021Influencer567 - 8994163049155226 - March 29, 2021, 2:31 pm
txn_1Ia2vnJm8ehcCWGIwyicQ5XR - 8994163049158227 - March 29, 2021, 2:31 pm
txn_1Ia8g9Jm8ehcCWGItu2kICHj - 8994163049321225 - March 29, 2021, 2:31 pm
txn_1IaHZVJm8ehcCWGIUMm0nMGT - 8994163049488225 - March 29, 2021, 2:33 pm
txn_1Ia5TcJm8ehcCWGIf9SUHRSQ - 8994163049179222 - March 29, 2021, 2:33 pm
txn_1IZR1OJm8ehcCWGIJZqnVnBN - 8994163049484227 - March 29, 2021, 2:33 pm
txn_1IZpZgJm8ehcCWGISqCQd5Jt - 8994163049336229 - March 29, 2021, 2:33 pm
txn_1IaEyJJm8ehcCWGImvZ2gOiY - 8994163049481226 - March 29, 2021, 2:33 pm
txn_1Ia5SlJm8ehcCWGIwRh2m3Q9 - 8994163049480229 - March 29, 2021, 2:33 pm
2021Influencer571 - 8994163049476222 - March 29, 2021, 2:33 pm
txn_1Ia58vJm8ehcCWGIJbSJp1qd - 8994163049171226 - March 29, 2021, 2:33 pm
txn_1IZpHQJm8ehcCWGIVsgqVvHI - 8994163049473221 - March 29, 2021, 2:33 pm
txn_1IZe7PJm8ehcCWGIMsnGivNN - 8994163049168226 - March 29, 2021, 2:33 pm
2021Influencer570 - 8994163049471227 - March 29, 2021, 2:33 pm
txn_1Ia4N3Jm8ehcCWGIxNFNm8uw - 8994163049470220 - March 29, 2021, 2:33 pm
txn_1IZlyWJm8ehcCWGIawbjGoS4 - 8994163049467220 - March 29, 2021, 2:33 pm
txn_1IZQ6nJm8ehcCWGIC9w4Xw42 - 8994163049332221 - March 29, 2021, 2:33 pm
txn_1IZcrgJm8ehcCWGI8cQL0vA3 - 8994163049166222 - March 29, 2021, 2:33 pm
2021Influencer569 - 8994163049165225 - March 29, 2021, 2:33 pm
txn_1Ia3ugJm8ehcCWGIWh6thPcu - 8994163049331224 - March 29, 2021, 2:33 pm
txn_1Ia9QiJm8ehcCWGIcxZNA07L - 8994163049466223 - March 29, 2021, 2:33 pm
txn_1IZPATJm8ehcCWGIxcvALBio - 8994163049162224 - March 29, 2021, 2:33 pm
txn_1IZlfEJm8ehcCWGIZmek0TUI - 8994163049161227 - March 29, 2021, 2:33 pm
txn_1IZckiJm8ehcCWGIvAtXom6I - 8994163049328224 - March 29, 2021, 2:33 pm
2021Influencer568 - 8994163049160220 - March 29, 2021, 2:33 pm
txn_1Ia3klJm8ehcCWGID1G3ce56 - 8994163049329221 - March 29, 2021, 2:33 pm
txn_1Ia9DzJm8ehcCWGI4hz7QgHa - 8994163049327227 - March 29, 2021, 2:33 pm
txn_1IZODBJm8ehcCWGIRrBLZ0Aj - 8994163049323229 - March 29, 2021, 2:33 pm
txn_1IZkuzJm8ehcCWGIiWAnhRGa - 8994163049156223 - March 29, 2021, 2:33 pm
txn_1IZcYWJm8ehcCWGIcIMEVEJY - 8994163049322222 - March 29, 2021, 2:33 pm
2021Influencer567 - 8994163049155226 - March 29, 2021, 2:33 pm
txn_1Ia2vnJm8ehcCWGIwyicQ5XR - 8994163049158227 - March 29, 2021, 2:33 pm
txn_1Ia8g9Jm8ehcCWGItu2kICHj - 8994163049321225 - March 29, 2021, 2:33 pm
txn_1Ia1fhJm8ehcCWGIO8Zy4xkC - 8994163049681220 - March 29, 2021, 2:33 pm
txn_1IaOpjJm8ehcCWGIs4Bsr4Yj - 8994163049666227 - March 29, 2021, 2:33 pm
txn_1IZU9UJm8ehcCWGIlDYgkdfL - 8994163049661222 - March 29, 2021, 2:33 pm
txn_1IaOlGJm8ehcCWGI4yEvfcnr - 8994163049662229 - March 29, 2021, 2:33 pm
txn_1IaMsUJm8ehcCWGITiwgi4is - 8994163049398227 - March 29, 2021, 2:33 pm
txn_1IZSAvJm8ehcCWGIEL8c4aZC - 8994163049805220 - March 29, 2021, 2:33 pm
txn_1IZRaTJm8ehcCWGIpSXEfnU1 - 8994163049526224 - March 29, 2021, 2:33 pm
txn_1IZQJRJm8ehcCWGITN5Ks0Hu - 8994163049657225 - March 29, 2021, 2:33 pm
txn_1IZinjJm8ehcCWGIdLbtZM4k - 8994163049525227 - March 29, 2021, 2:33 pm
txn_1IaMH3Jm8ehcCWGIMGI0RzCX - 8994163049656228 - March 29, 2021, 2:33 pm
txn_1IZNdbJm8ehcCWGIwvfrGEoR - 8994163049654224 - March 29, 2021, 2:33 pm
txn_1IZiGuJm8ehcCWGIBurL5xVm - 8994163049653227 - March 29, 2021, 2:33 pm
txn_1IaEm7Jm8ehcCWGIpk1gQqmg - 8994163049390221 - March 29, 2021, 2:33 pm
txn_1IZM7yJm8ehcCWGIIU9JDdTX - 8994163049385227 - March 29, 2021, 2:33 pm
txn_1IZi4GJm8ehcCWGIfWcuY7cX - 8994163049650226 - March 29, 2021, 2:33 pm
txn_1Ia681Jm8ehcCWGIKL9jXm9b - 8994163049649220 - March 29, 2021, 2:33 pm
2021Influencer574 - 8994163049380222 - March 29, 2021, 2:33 pm
txn_1IZi2rJm8ehcCWGIZnQs5DAy - 8994163049646229 - March 29, 2021, 2:33 pm
txn_1Ia5EiJm8ehcCWGIeQXY8HBe - 8994163049647226 - March 29, 2021, 2:33 pm
txn_1IaPdpJm8ehcCWGI8Drock2l - 8994163049645222 - March 29, 2021, 2:33 pm
2021Influencer573 - 8994163049642221 - March 29, 2021, 2:33 pm
txn_1IZea5Jm8ehcCWGI2O1Kwt4h - 8994163049375228 - March 29, 2021, 2:33 pm
txn_1IaP7wJm8ehcCWGIUOrMNCqM - 8994163049376225 - March 29, 2021, 2:33 pm
txn_1Ia1nQJm8ehcCWGIS08t5qVR - 8994163049641224 - March 29, 2021, 2:33 pm
2021Influencer572 - 8994163049622223 - March 29, 2021, 2:33 pm
txn_1Ia1jHJm8ehcCWGIhMXryRSz - 8994163049634226 - March 29, 2021, 2:33 pm
txn_1IaOzrJm8ehcCWGIILQPlEL0 - 8994163049623220 - March 29, 2021, 2:33 pm
txn_1IZV56Jm8ehcCWGII7xUvl4K - 8994163049621226 - March 29, 2021, 2:33 pm
txn_1IaHZVJm8ehcCWGIUMm0nMGT - 8994163049488225 - March 29, 2021, 2:33 pm
txn_1Ia5TcJm8ehcCWGIf9SUHRSQ - 8994163049179222 - March 29, 2021, 2:33 pm
txn_1IZR1OJm8ehcCWGIJZqnVnBN - 8994163049484227 - March 29, 2021, 2:33 pm
txn_1IZpZgJm8ehcCWGISqCQd5Jt - 8994163049336229 - March 29, 2021, 2:33 pm
txn_1IaEyJJm8ehcCWGImvZ2gOiY - 8994163049481226 - March 29, 2021, 2:33 pm
txn_1Ia5SlJm8ehcCWGIwRh2m3Q9 - 8994163049480229 - March 29, 2021, 2:33 pm
2021Influencer571 - 8994163049476222 - March 29, 2021, 2:33 pm
txn_1Ia58vJm8ehcCWGIJbSJp1qd - 8994163049171226 - March 29, 2021, 2:33 pm
txn_1IZpHQJm8ehcCWGIVsgqVvHI - 8994163049473221 - March 29, 2021, 2:33 pm
txn_1IZe7PJm8ehcCWGIMsnGivNN - 8994163049168226 - March 29, 2021, 2:33 pm
2021Influencer570 - 8994163049471227 - March 29, 2021, 2:33 pm
txn_1Ia4N3Jm8ehcCWGIxNFNm8uw - 8994163049470220 - March 29, 2021, 2:33 pm
txn_1IZlyWJm8ehcCWGIawbjGoS4 - 8994163049467220 - March 29, 2021, 2:33 pm
txn_1IZQ6nJm8ehcCWGIC9w4Xw42 - 8994163049332221 - March 29, 2021, 2:33 pm
txn_1IZcrgJm8ehcCWGI8cQL0vA3 - 8994163049166222 - March 29, 2021, 2:33 pm
2021Influencer569 - 8994163049165225 - March 29, 2021, 2:33 pm
txn_1Ia3ugJm8ehcCWGIWh6thPcu - 8994163049331224 - March 29, 2021, 2:33 pm
txn_1Ia9QiJm8ehcCWGIcxZNA07L - 8994163049466223 - March 29, 2021, 2:33 pm
txn_1IZPATJm8ehcCWGIxcvALBio - 8994163049162224 - March 29, 2021, 2:33 pm
txn_1IZlfEJm8ehcCWGIZmek0TUI - 8994163049161227 - March 29, 2021, 2:33 pm
txn_1IZckiJm8ehcCWGIvAtXom6I - 8994163049328224 - March 29, 2021, 2:33 pm
2021Influencer568 - 8994163049160220 - March 29, 2021, 2:33 pm
txn_1Ia3klJm8ehcCWGID1G3ce56 - 8994163049329221 - March 29, 2021, 2:33 pm
txn_1Ia9DzJm8ehcCWGI4hz7QgHa - 8994163049327227 - March 29, 2021, 2:33 pm
txn_1IZODBJm8ehcCWGIRrBLZ0Aj - 8994163049323229 - March 29, 2021, 2:33 pm
txn_1IZkuzJm8ehcCWGIiWAnhRGa - 8994163049156223 - March 29, 2021, 2:33 pm
txn_1IZcYWJm8ehcCWGIcIMEVEJY - 8994163049322222 - March 29, 2021, 2:33 pm
2021Influencer567 - 8994163049155226 - March 29, 2021, 2:33 pm
txn_1Ia2vnJm8ehcCWGIwyicQ5XR - 8994163049158227 - March 29, 2021, 2:33 pm
txn_1Ia8g9Jm8ehcCWGItu2kICHj - 8994163049321225 - March 29, 2021, 2:33 pm
txn_1Ia1fhJm8ehcCWGIO8Zy4xkC - 8994163049681220 - March 29, 2021, 2:33 pm
txn_1IaOpjJm8ehcCWGIs4Bsr4Yj - 8994163049666227 - March 29, 2021, 2:33 pm
txn_1IZU9UJm8ehcCWGIlDYgkdfL - 8994163049661222 - March 29, 2021, 2:33 pm
txn_1IaOlGJm8ehcCWGI4yEvfcnr - 8994163049662229 - March 29, 2021, 2:33 pm
txn_1IaMsUJm8ehcCWGITiwgi4is - 8994163049398227 - March 29, 2021, 2:33 pm
txn_1IZSAvJm8ehcCWGIEL8c4aZC - 8994163049805220 - March 29, 2021, 2:33 pm
txn_1IZRaTJm8ehcCWGIpSXEfnU1 - 8994163049526224 - March 29, 2021, 2:33 pm
txn_1IZQJRJm8ehcCWGITN5Ks0Hu - 8994163049657225 - March 29, 2021, 2:33 pm
txn_1IZinjJm8ehcCWGIdLbtZM4k - 8994163049525227 - March 29, 2021, 2:33 pm
txn_1IaMH3Jm8ehcCWGIMGI0RzCX - 8994163049656228 - March 29, 2021, 2:33 pm
txn_1IZNdbJm8ehcCWGIwvfrGEoR - 8994163049654224 - March 29, 2021, 2:33 pm
txn_1IZiGuJm8ehcCWGIBurL5xVm - 8994163049653227 - March 29, 2021, 2:33 pm
txn_1IaEm7Jm8ehcCWGIpk1gQqmg - 8994163049390221 - March 29, 2021, 2:33 pm
txn_1IZM7yJm8ehcCWGIIU9JDdTX - 8994163049385227 - March 29, 2021, 2:33 pm
txn_1IZi4GJm8ehcCWGIfWcuY7cX - 8994163049650226 - March 29, 2021, 2:33 pm
txn_1Ia681Jm8ehcCWGIKL9jXm9b - 8994163049649220 - March 29, 2021, 2:33 pm
2021Influencer574 - 8994163049380222 - March 29, 2021, 2:33 pm
txn_1IZi2rJm8ehcCWGIZnQs5DAy - 8994163049646229 - March 29, 2021, 2:33 pm
txn_1Ia5EiJm8ehcCWGIeQXY8HBe - 8994163049647226 - March 29, 2021, 2:33 pm
txn_1IaPdpJm8ehcCWGI8Drock2l - 8994163049645222 - March 29, 2021, 2:33 pm
2021Influencer573 - 8994163049642221 - March 29, 2021, 2:33 pm
txn_1IZea5Jm8ehcCWGI2O1Kwt4h - 8994163049375228 - March 29, 2021, 2:33 pm
txn_1IaP7wJm8ehcCWGIUOrMNCqM - 8994163049376225 - March 29, 2021, 2:33 pm
txn_1Ia1nQJm8ehcCWGIS08t5qVR - 8994163049641224 - March 29, 2021, 2:33 pm
2021Influencer572 - 8994163049622223 - March 29, 2021, 2:33 pm
txn_1Ia1jHJm8ehcCWGIhMXryRSz - 8994163049634226 - March 29, 2021, 2:33 pm
txn_1IaOzrJm8ehcCWGIILQPlEL0 - 8994163049623220 - March 29, 2021, 2:33 pm
txn_1IZV56Jm8ehcCWGII7xUvl4K - 8994163049621226 - March 29, 2021, 2:33 pm
txn_1IZxZ9Jm8ehcCWGIq0CoNHM8 - 8994163049833223 - March 29, 2021, 2:33 pm
txn_1IZuEkJm8ehcCWGIOz5BqGqs - 8994163049557228 - March 29, 2021, 2:33 pm
txn_1IZjUcJm8ehcCWGIquMK1Dec - 8994163049555224 - March 29, 2021, 2:33 pm
txn_1IZRDIJm8ehcCWGIjrp3QFLd - 8994163049546222 - March 29, 2021, 2:33 pm
txn_1Ia5CZJm8ehcCWGIW9bVoat4 -  - March 29, 2021, 2:33 pm
txn_1IaHZVJm8ehcCWGIUMm0nMGT - 8994163049488225 - March 29, 2021, 2:33 pm
txn_1Ia5TcJm8ehcCWGIf9SUHRSQ - 8994163049179222 - March 29, 2021, 2:33 pm
txn_1IZR1OJm8ehcCWGIJZqnVnBN - 8994163049484227 - March 29, 2021, 2:33 pm
txn_1IZpZgJm8ehcCWGISqCQd5Jt - 8994163049336229 - March 29, 2021, 2:33 pm
txn_1IaEyJJm8ehcCWGImvZ2gOiY - 8994163049481226 - March 29, 2021, 2:33 pm
txn_1Ia5SlJm8ehcCWGIwRh2m3Q9 - 8994163049480229 - March 29, 2021, 2:33 pm
2021Influencer571 - 8994163049476222 - March 29, 2021, 2:33 pm
txn_1Ia58vJm8ehcCWGIJbSJp1qd - 8994163049171226 - March 29, 2021, 2:33 pm
txn_1IZpHQJm8ehcCWGIVsgqVvHI - 8994163049473221 - March 29, 2021, 2:33 pm
txn_1IZe7PJm8ehcCWGIMsnGivNN - 8994163049168226 - March 29, 2021, 2:33 pm
2021Influencer570 - 8994163049471227 - March 29, 2021, 2:33 pm
txn_1Ia4N3Jm8ehcCWGIxNFNm8uw - 8994163049470220 - March 29, 2021, 2:33 pm
txn_1IZlyWJm8ehcCWGIawbjGoS4 - 8994163049467220 - March 29, 2021, 2:33 pm
txn_1IZQ6nJm8ehcCWGIC9w4Xw42 - 8994163049332221 - March 29, 2021, 2:33 pm
txn_1IZcrgJm8ehcCWGI8cQL0vA3 - 8994163049166222 - March 29, 2021, 2:33 pm
2021Influencer569 - 8994163049165225 - March 29, 2021, 2:33 pm
txn_1Ia3ugJm8ehcCWGIWh6thPcu - 8994163049331224 - March 29, 2021, 2:33 pm
txn_1Ia9QiJm8ehcCWGIcxZNA07L - 8994163049466223 - March 29, 2021, 2:33 pm
txn_1IZPATJm8ehcCWGIxcvALBio - 8994163049162224 - March 29, 2021, 2:33 pm
txn_1IZlfEJm8ehcCWGIZmek0TUI - 8994163049161227 - March 29, 2021, 2:33 pm
txn_1IZckiJm8ehcCWGIvAtXom6I - 8994163049328224 - March 29, 2021, 2:33 pm
2021Influencer568 - 8994163049160220 - March 29, 2021, 2:33 pm
txn_1Ia3klJm8ehcCWGID1G3ce56 - 8994163049329221 - March 29, 2021, 2:33 pm
txn_1Ia9DzJm8ehcCWGI4hz7QgHa - 8994163049327227 - March 29, 2021, 2:33 pm
txn_1IZODBJm8ehcCWGIRrBLZ0Aj - 8994163049323229 - March 29, 2021, 2:33 pm
txn_1IZkuzJm8ehcCWGIiWAnhRGa - 8994163049156223 - March 29, 2021, 2:33 pm
txn_1IZcYWJm8ehcCWGIcIMEVEJY - 8994163049322222 - March 29, 2021, 2:33 pm
2021Influencer567 - 8994163049155226 - March 29, 2021, 2:33 pm
txn_1Ia2vnJm8ehcCWGIwyicQ5XR - 8994163049158227 - March 29, 2021, 2:33 pm
txn_1Ia8g9Jm8ehcCWGItu2kICHj - 8994163049321225 - March 29, 2021, 2:33 pm
txn_1Ia1fhJm8ehcCWGIO8Zy4xkC - 8994163049681220 - March 29, 2021, 2:33 pm
txn_1IaOpjJm8ehcCWGIs4Bsr4Yj - 8994163049666227 - March 29, 2021, 2:33 pm
txn_1IZU9UJm8ehcCWGIlDYgkdfL - 8994163049661222 - March 29, 2021, 2:33 pm
txn_1IaOlGJm8ehcCWGI4yEvfcnr - 8994163049662229 - March 29, 2021, 2:33 pm
txn_1IaMsUJm8ehcCWGITiwgi4is - 8994163049398227 - March 29, 2021, 2:33 pm
txn_1IZSAvJm8ehcCWGIEL8c4aZC - 8994163049805220 - March 29, 2021, 2:33 pm
txn_1IZRaTJm8ehcCWGIpSXEfnU1 - 8994163049526224 - March 29, 2021, 2:33 pm
txn_1IZQJRJm8ehcCWGITN5Ks0Hu - 8994163049657225 - March 29, 2021, 2:33 pm
txn_1IZinjJm8ehcCWGIdLbtZM4k - 8994163049525227 - March 29, 2021, 2:33 pm
txn_1IaMH3Jm8ehcCWGIMGI0RzCX - 8994163049656228 - March 29, 2021, 2:33 pm
txn_1IZNdbJm8ehcCWGIwvfrGEoR - 8994163049654224 - March 29, 2021, 2:33 pm
txn_1IZiGuJm8ehcCWGIBurL5xVm - 8994163049653227 - March 29, 2021, 2:33 pm
txn_1IaEm7Jm8ehcCWGIpk1gQqmg - 8994163049390221 - March 29, 2021, 2:33 pm
txn_1IZM7yJm8ehcCWGIIU9JDdTX - 8994163049385227 - March 29, 2021, 2:33 pm
txn_1IZi4GJm8ehcCWGIfWcuY7cX - 8994163049650226 - March 29, 2021, 2:33 pm
txn_1Ia681Jm8ehcCWGIKL9jXm9b - 8994163049649220 - March 29, 2021, 2:33 pm
2021Influencer574 - 8994163049380222 - March 29, 2021, 2:33 pm
txn_1IZi2rJm8ehcCWGIZnQs5DAy - 8994163049646229 - March 29, 2021, 2:33 pm
txn_1Ia5EiJm8ehcCWGIeQXY8HBe - 8994163049647226 - March 29, 2021, 2:33 pm
txn_1IaPdpJm8ehcCWGI8Drock2l - 8994163049645222 - March 29, 2021, 2:33 pm
2021Influencer573 - 8994163049642221 - March 29, 2021, 2:33 pm
txn_1IZea5Jm8ehcCWGI2O1Kwt4h - 8994163049375228 - March 29, 2021, 2:33 pm
txn_1IaP7wJm8ehcCWGIUOrMNCqM - 8994163049376225 - March 29, 2021, 2:33 pm
txn_1Ia1nQJm8ehcCWGIS08t5qVR - 8994163049641224 - March 29, 2021, 2:33 pm
2021Influencer572 - 8994163049622223 - March 29, 2021, 2:33 pm
txn_1Ia1jHJm8ehcCWGIhMXryRSz - 8994163049634226 - March 29, 2021, 2:33 pm
txn_1IaOzrJm8ehcCWGIILQPlEL0 - 8994163049623220 - March 29, 2021, 2:33 pm
txn_1IZV56Jm8ehcCWGII7xUvl4K - 8994163049621226 - March 29, 2021, 2:33 pm
txn_1IZxZ9Jm8ehcCWGIq0CoNHM8 - 8994163049833223 - March 29, 2021, 2:33 pm
txn_1IZuEkJm8ehcCWGIOz5BqGqs - 8994163049557228 - March 29, 2021, 2:33 pm
txn_1IZjUcJm8ehcCWGIquMK1Dec - 8994163049555224 - March 29, 2021, 2:33 pm
txn_1IZRDIJm8ehcCWGIjrp3QFLd - 8994163049546222 - March 29, 2021, 2:33 pm
txn_1IaHZVJm8ehcCWGIUMm0nMGT - 8994163049488225 - March 29, 2021, 2:34 pm
txn_1Ia5TcJm8ehcCWGIf9SUHRSQ - 8994163049179222 - March 29, 2021, 2:34 pm
txn_1IZR1OJm8ehcCWGIJZqnVnBN - 8994163049484227 - March 29, 2021, 2:34 pm
txn_1IZpZgJm8ehcCWGISqCQd5Jt - 8994163049336229 - March 29, 2021, 2:34 pm
txn_1IaEyJJm8ehcCWGImvZ2gOiY - 8994163049481226 - March 29, 2021, 2:34 pm
txn_1Ia5SlJm8ehcCWGIwRh2m3Q9 - 8994163049480229 - March 29, 2021, 2:34 pm
2021Influencer571 - 8994163049476222 - March 29, 2021, 2:34 pm
txn_1Ia58vJm8ehcCWGIJbSJp1qd - 8994163049171226 - March 29, 2021, 2:34 pm
txn_1IZpHQJm8ehcCWGIVsgqVvHI - 8994163049473221 - March 29, 2021, 2:34 pm
txn_1IZe7PJm8ehcCWGIMsnGivNN - 8994163049168226 - March 29, 2021, 2:34 pm
2021Influencer570 - 8994163049471227 - March 29, 2021, 2:34 pm
txn_1Ia4N3Jm8ehcCWGIxNFNm8uw - 8994163049470220 - March 29, 2021, 2:34 pm
txn_1IZlyWJm8ehcCWGIawbjGoS4 - 8994163049467220 - March 29, 2021, 2:34 pm
txn_1IZQ6nJm8ehcCWGIC9w4Xw42 - 8994163049332221 - March 29, 2021, 2:34 pm
txn_1IZcrgJm8ehcCWGI8cQL0vA3 - 8994163049166222 - March 29, 2021, 2:34 pm
2021Influencer569 - 8994163049165225 - March 29, 2021, 2:34 pm
txn_1Ia3ugJm8ehcCWGIWh6thPcu - 8994163049331224 - March 29, 2021, 2:34 pm
txn_1Ia9QiJm8ehcCWGIcxZNA07L - 8994163049466223 - March 29, 2021, 2:34 pm
txn_1IZPATJm8ehcCWGIxcvALBio - 8994163049162224 - March 29, 2021, 2:34 pm
txn_1IZlfEJm8ehcCWGIZmek0TUI - 8994163049161227 - March 29, 2021, 2:34 pm
txn_1IZckiJm8ehcCWGIvAtXom6I - 8994163049328224 - March 29, 2021, 2:34 pm
2021Influencer568 - 8994163049160220 - March 29, 2021, 2:34 pm
txn_1Ia3klJm8ehcCWGID1G3ce56 - 8994163049329221 - March 29, 2021, 2:34 pm
txn_1Ia9DzJm8ehcCWGI4hz7QgHa - 8994163049327227 - March 29, 2021, 2:34 pm
txn_1IZODBJm8ehcCWGIRrBLZ0Aj - 8994163049323229 - March 29, 2021, 2:34 pm
txn_1IZkuzJm8ehcCWGIiWAnhRGa - 8994163049156223 - March 29, 2021, 2:34 pm
txn_1IZcYWJm8ehcCWGIcIMEVEJY - 8994163049322222 - March 29, 2021, 2:34 pm
2021Influencer567 - 8994163049155226 - March 29, 2021, 2:34 pm
txn_1Ia2vnJm8ehcCWGIwyicQ5XR - 8994163049158227 - March 29, 2021, 2:34 pm
txn_1Ia8g9Jm8ehcCWGItu2kICHj - 8994163049321225 - March 29, 2021, 2:34 pm
txn_1Ia1fhJm8ehcCWGIO8Zy4xkC - 8994163049681220 - March 29, 2021, 2:34 pm
txn_1IaOpjJm8ehcCWGIs4Bsr4Yj - 8994163049666227 - March 29, 2021, 2:34 pm
txn_1IZU9UJm8ehcCWGIlDYgkdfL - 8994163049661222 - March 29, 2021, 2:34 pm
txn_1IaOlGJm8ehcCWGI4yEvfcnr - 8994163049662229 - March 29, 2021, 2:34 pm
txn_1IaMsUJm8ehcCWGITiwgi4is - 8994163049398227 - March 29, 2021, 2:34 pm
txn_1IZSAvJm8ehcCWGIEL8c4aZC - 8994163049805220 - March 29, 2021, 2:34 pm
txn_1IZRaTJm8ehcCWGIpSXEfnU1 - 8994163049526224 - March 29, 2021, 2:34 pm
txn_1IZQJRJm8ehcCWGITN5Ks0Hu - 8994163049657225 - March 29, 2021, 2:34 pm
txn_1IZinjJm8ehcCWGIdLbtZM4k - 8994163049525227 - March 29, 2021, 2:34 pm
txn_1IaMH3Jm8ehcCWGIMGI0RzCX - 8994163049656228 - March 29, 2021, 2:34 pm
txn_1IZNdbJm8ehcCWGIwvfrGEoR - 8994163049654224 - March 29, 2021, 2:34 pm
txn_1IZiGuJm8ehcCWGIBurL5xVm - 8994163049653227 - March 29, 2021, 2:34 pm
txn_1IaEm7Jm8ehcCWGIpk1gQqmg - 8994163049390221 - March 29, 2021, 2:34 pm
txn_1IZM7yJm8ehcCWGIIU9JDdTX - 8994163049385227 - March 29, 2021, 2:34 pm
txn_1IZi4GJm8ehcCWGIfWcuY7cX - 8994163049650226 - March 29, 2021, 2:34 pm
txn_1Ia681Jm8ehcCWGIKL9jXm9b - 8994163049649220 - March 29, 2021, 2:34 pm
2021Influencer574 - 8994163049380222 - March 29, 2021, 2:34 pm
txn_1IZi2rJm8ehcCWGIZnQs5DAy - 8994163049646229 - March 29, 2021, 2:34 pm
txn_1Ia5EiJm8ehcCWGIeQXY8HBe - 8994163049647226 - March 29, 2021, 2:34 pm
txn_1IaPdpJm8ehcCWGI8Drock2l - 8994163049645222 - March 29, 2021, 2:34 pm
2021Influencer573 - 8994163049642221 - March 29, 2021, 2:34 pm
txn_1IZea5Jm8ehcCWGI2O1Kwt4h - 8994163049375228 - March 29, 2021, 2:34 pm
txn_1IaP7wJm8ehcCWGIUOrMNCqM - 8994163049376225 - March 29, 2021, 2:34 pm
txn_1Ia1nQJm8ehcCWGIS08t5qVR - 8994163049641224 - March 29, 2021, 2:34 pm
2021Influencer572 - 8994163049622223 - March 29, 2021, 2:34 pm
txn_1Ia1jHJm8ehcCWGIhMXryRSz - 8994163049634226 - March 29, 2021, 2:34 pm
txn_1IaOzrJm8ehcCWGIILQPlEL0 - 8994163049623220 - March 29, 2021, 2:34 pm
txn_1IZV56Jm8ehcCWGII7xUvl4K - 8994163049621226 - March 29, 2021, 2:34 pm
txn_1IZxZ9Jm8ehcCWGIq0CoNHM8 - 8994163049833223 - March 29, 2021, 2:34 pm
txn_1IZuEkJm8ehcCWGIOz5BqGqs - 8994163049557228 - March 29, 2021, 2:34 pm
txn_1IZjUcJm8ehcCWGIquMK1Dec - 8994163049555224 - March 29, 2021, 2:34 pm
txn_1IZRDIJm8ehcCWGIjrp3QFLd - 8994163049546222 - March 29, 2021, 2:34 pm
txn_1Ia5CZJm8ehcCWGIW9bVoat4 -  - March 29, 2021, 2:34 pm
txn_1IaHZVJm8ehcCWGIUMm0nMGT - 8994163049488225 - March 29, 2021, 2:34 pm
txn_1Ia5TcJm8ehcCWGIf9SUHRSQ - 8994163049179222 - March 29, 2021, 2:34 pm
txn_1IZR1OJm8ehcCWGIJZqnVnBN - 8994163049484227 - March 29, 2021, 2:34 pm
txn_1IZpZgJm8ehcCWGISqCQd5Jt - 8994163049336229 - March 29, 2021, 2:34 pm
txn_1IaEyJJm8ehcCWGImvZ2gOiY - 8994163049481226 - March 29, 2021, 2:34 pm
txn_1Ia5SlJm8ehcCWGIwRh2m3Q9 - 8994163049480229 - March 29, 2021, 2:34 pm
2021Influencer571 - 8994163049476222 - March 29, 2021, 2:34 pm
txn_1Ia58vJm8ehcCWGIJbSJp1qd - 8994163049171226 - March 29, 2021, 2:34 pm
txn_1IZpHQJm8ehcCWGIVsgqVvHI - 8994163049473221 - March 29, 2021, 2:34 pm
txn_1IZe7PJm8ehcCWGIMsnGivNN - 8994163049168226 - March 29, 2021, 2:34 pm
2021Influencer570 - 8994163049471227 - March 29, 2021, 2:34 pm
txn_1Ia4N3Jm8ehcCWGIxNFNm8uw - 8994163049470220 - March 29, 2021, 2:34 pm
txn_1IZlyWJm8ehcCWGIawbjGoS4 - 8994163049467220 - March 29, 2021, 2:34 pm
txn_1IZQ6nJm8ehcCWGIC9w4Xw42 - 8994163049332221 - March 29, 2021, 2:34 pm
txn_1IZcrgJm8ehcCWGI8cQL0vA3 - 8994163049166222 - March 29, 2021, 2:34 pm
2021Influencer569 - 8994163049165225 - March 29, 2021, 2:34 pm
txn_1Ia3ugJm8ehcCWGIWh6thPcu - 8994163049331224 - March 29, 2021, 2:34 pm
txn_1Ia9QiJm8ehcCWGIcxZNA07L - 8994163049466223 - March 29, 2021, 2:34 pm
txn_1IZPATJm8ehcCWGIxcvALBio - 8994163049162224 - March 29, 2021, 2:34 pm
txn_1IZlfEJm8ehcCWGIZmek0TUI - 8994163049161227 - March 29, 2021, 2:34 pm
txn_1IZckiJm8ehcCWGIvAtXom6I - 8994163049328224 - March 29, 2021, 2:34 pm
2021Influencer568 - 8994163049160220 - March 29, 2021, 2:34 pm
txn_1Ia3klJm8ehcCWGID1G3ce56 - 8994163049329221 - March 29, 2021, 2:34 pm
txn_1Ia9DzJm8ehcCWGI4hz7QgHa - 8994163049327227 - March 29, 2021, 2:34 pm
txn_1IZODBJm8ehcCWGIRrBLZ0Aj - 8994163049323229 - March 29, 2021, 2:34 pm
txn_1IZkuzJm8ehcCWGIiWAnhRGa - 8994163049156223 - March 29, 2021, 2:34 pm
txn_1IZcYWJm8ehcCWGIcIMEVEJY - 8994163049322222 - March 29, 2021, 2:34 pm
2021Influencer567 - 8994163049155226 - March 29, 2021, 2:34 pm
txn_1Ia2vnJm8ehcCWGIwyicQ5XR - 8994163049158227 - March 29, 2021, 2:34 pm
txn_1Ia8g9Jm8ehcCWGItu2kICHj - 8994163049321225 - March 29, 2021, 2:34 pm
txn_1Ia1fhJm8ehcCWGIO8Zy4xkC - 8994163049681220 - March 29, 2021, 2:34 pm
txn_1IaOpjJm8ehcCWGIs4Bsr4Yj - 8994163049666227 - March 29, 2021, 2:34 pm
txn_1IZU9UJm8ehcCWGIlDYgkdfL - 8994163049661222 - March 29, 2021, 2:34 pm
txn_1IaOlGJm8ehcCWGI4yEvfcnr - 8994163049662229 - March 29, 2021, 2:34 pm
txn_1IaMsUJm8ehcCWGITiwgi4is - 8994163049398227 - March 29, 2021, 2:34 pm
txn_1IZSAvJm8ehcCWGIEL8c4aZC - 8994163049805220 - March 29, 2021, 2:34 pm
txn_1IZRaTJm8ehcCWGIpSXEfnU1 - 8994163049526224 - March 29, 2021, 2:34 pm
txn_1IZQJRJm8ehcCWGITN5Ks0Hu - 8994163049657225 - March 29, 2021, 2:34 pm
txn_1IZinjJm8ehcCWGIdLbtZM4k - 8994163049525227 - March 29, 2021, 2:34 pm
txn_1IaMH3Jm8ehcCWGIMGI0RzCX - 8994163049656228 - March 29, 2021, 2:34 pm
txn_1IZNdbJm8ehcCWGIwvfrGEoR - 8994163049654224 - March 29, 2021, 2:34 pm
txn_1IZiGuJm8ehcCWGIBurL5xVm - 8994163049653227 - March 29, 2021, 2:34 pm
txn_1IaEm7Jm8ehcCWGIpk1gQqmg - 8994163049390221 - March 29, 2021, 2:34 pm
txn_1IZM7yJm8ehcCWGIIU9JDdTX - 8994163049385227 - March 29, 2021, 2:34 pm
txn_1IZi4GJm8ehcCWGIfWcuY7cX - 8994163049650226 - March 29, 2021, 2:34 pm
txn_1Ia681Jm8ehcCWGIKL9jXm9b - 8994163049649220 - March 29, 2021, 2:34 pm
2021Influencer574 - 8994163049380222 - March 29, 2021, 2:34 pm
txn_1IZi2rJm8ehcCWGIZnQs5DAy - 8994163049646229 - March 29, 2021, 2:34 pm
txn_1Ia5EiJm8ehcCWGIeQXY8HBe - 8994163049647226 - March 29, 2021, 2:34 pm
txn_1IaPdpJm8ehcCWGI8Drock2l - 8994163049645222 - March 29, 2021, 2:34 pm
2021Influencer573 - 8994163049642221 - March 29, 2021, 2:34 pm
txn_1IZea5Jm8ehcCWGI2O1Kwt4h - 8994163049375228 - March 29, 2021, 2:34 pm
txn_1IaP7wJm8ehcCWGIUOrMNCqM - 8994163049376225 - March 29, 2021, 2:34 pm
txn_1Ia1nQJm8ehcCWGIS08t5qVR - 8994163049641224 - March 29, 2021, 2:34 pm
2021Influencer572 - 8994163049622223 - March 29, 2021, 2:34 pm
txn_1Ia1jHJm8ehcCWGIhMXryRSz - 8994163049634226 - March 29, 2021, 2:34 pm
txn_1IaOzrJm8ehcCWGIILQPlEL0 - 8994163049623220 - March 29, 2021, 2:34 pm
txn_1IZV56Jm8ehcCWGII7xUvl4K - 8994163049621226 - March 29, 2021, 2:34 pm
txn_1IZxZ9Jm8ehcCWGIq0CoNHM8 - 8994163049833223 - March 29, 2021, 2:34 pm
txn_1IZuEkJm8ehcCWGIOz5BqGqs - 8994163049557228 - March 29, 2021, 2:34 pm
txn_1IZjUcJm8ehcCWGIquMK1Dec - 8994163049555224 - March 29, 2021, 2:34 pm
txn_1IZRDIJm8ehcCWGIjrp3QFLd - 8994163049546222 - March 29, 2021, 2:34 pm
txn_1IaHZVJm8ehcCWGIUMm0nMGT - 8994163049488225 - March 29, 2021, 2:35 pm
txn_1Ia5TcJm8ehcCWGIf9SUHRSQ - 8994163049179222 - March 29, 2021, 2:35 pm
txn_1IZR1OJm8ehcCWGIJZqnVnBN - 8994163049484227 - March 29, 2021, 2:35 pm
txn_1IZpZgJm8ehcCWGISqCQd5Jt - 8994163049336229 - March 29, 2021, 2:35 pm
txn_1IaEyJJm8ehcCWGImvZ2gOiY - 8994163049481226 - March 29, 2021, 2:35 pm
txn_1Ia5SlJm8ehcCWGIwRh2m3Q9 - 8994163049480229 - March 29, 2021, 2:35 pm
2021Influencer571 - 8994163049476222 - March 29, 2021, 2:35 pm
txn_1Ia58vJm8ehcCWGIJbSJp1qd - 8994163049171226 - March 29, 2021, 2:35 pm
txn_1IZpHQJm8ehcCWGIVsgqVvHI - 8994163049473221 - March 29, 2021, 2:35 pm
txn_1IZe7PJm8ehcCWGIMsnGivNN - 8994163049168226 - March 29, 2021, 2:35 pm
2021Influencer570 - 8994163049471227 - March 29, 2021, 2:35 pm
txn_1Ia4N3Jm8ehcCWGIxNFNm8uw - 8994163049470220 - March 29, 2021, 2:35 pm
txn_1IZlyWJm8ehcCWGIawbjGoS4 - 8994163049467220 - March 29, 2021, 2:35 pm
txn_1IZQ6nJm8ehcCWGIC9w4Xw42 - 8994163049332221 - March 29, 2021, 2:35 pm
txn_1IZcrgJm8ehcCWGI8cQL0vA3 - 8994163049166222 - March 29, 2021, 2:35 pm
2021Influencer569 - 8994163049165225 - March 29, 2021, 2:35 pm
txn_1Ia3ugJm8ehcCWGIWh6thPcu - 8994163049331224 - March 29, 2021, 2:35 pm
txn_1Ia9QiJm8ehcCWGIcxZNA07L - 8994163049466223 - March 29, 2021, 2:35 pm
txn_1IZPATJm8ehcCWGIxcvALBio - 8994163049162224 - March 29, 2021, 2:35 pm
txn_1IZlfEJm8ehcCWGIZmek0TUI - 8994163049161227 - March 29, 2021, 2:35 pm
txn_1IZckiJm8ehcCWGIvAtXom6I - 8994163049328224 - March 29, 2021, 2:35 pm
2021Influencer568 - 8994163049160220 - March 29, 2021, 2:35 pm
txn_1Ia3klJm8ehcCWGID1G3ce56 - 8994163049329221 - March 29, 2021, 2:35 pm
txn_1Ia9DzJm8ehcCWGI4hz7QgHa - 8994163049327227 - March 29, 2021, 2:35 pm
txn_1IZODBJm8ehcCWGIRrBLZ0Aj - 8994163049323229 - March 29, 2021, 2:35 pm
txn_1IZkuzJm8ehcCWGIiWAnhRGa - 8994163049156223 - March 29, 2021, 2:35 pm
txn_1IZcYWJm8ehcCWGIcIMEVEJY - 8994163049322222 - March 29, 2021, 2:35 pm
2021Influencer567 - 8994163049155226 - March 29, 2021, 2:35 pm
txn_1Ia2vnJm8ehcCWGIwyicQ5XR - 8994163049158227 - March 29, 2021, 2:35 pm
txn_1Ia8g9Jm8ehcCWGItu2kICHj - 8994163049321225 - March 29, 2021, 2:35 pm
txn_1Ia1fhJm8ehcCWGIO8Zy4xkC - 8994163049681220 - March 29, 2021, 2:35 pm
txn_1IaOpjJm8ehcCWGIs4Bsr4Yj - 8994163049666227 - March 29, 2021, 2:35 pm
txn_1IZU9UJm8ehcCWGIlDYgkdfL - 8994163049661222 - March 29, 2021, 2:35 pm
txn_1IaOlGJm8ehcCWGI4yEvfcnr - 8994163049662229 - March 29, 2021, 2:35 pm
txn_1IaMsUJm8ehcCWGITiwgi4is - 8994163049398227 - March 29, 2021, 2:35 pm
txn_1IZSAvJm8ehcCWGIEL8c4aZC - 8994163049805220 - March 29, 2021, 2:35 pm
txn_1IZRaTJm8ehcCWGIpSXEfnU1 - 8994163049526224 - March 29, 2021, 2:35 pm
txn_1IZQJRJm8ehcCWGITN5Ks0Hu - 8994163049657225 - March 29, 2021, 2:35 pm
txn_1IZinjJm8ehcCWGIdLbtZM4k - 8994163049525227 - March 29, 2021, 2:35 pm
txn_1IaMH3Jm8ehcCWGIMGI0RzCX - 8994163049656228 - March 29, 2021, 2:35 pm
txn_1IZNdbJm8ehcCWGIwvfrGEoR - 8994163049654224 - March 29, 2021, 2:35 pm
txn_1IZiGuJm8ehcCWGIBurL5xVm - 8994163049653227 - March 29, 2021, 2:35 pm
txn_1IaEm7Jm8ehcCWGIpk1gQqmg - 8994163049390221 - March 29, 2021, 2:35 pm
txn_1IZM7yJm8ehcCWGIIU9JDdTX - 8994163049385227 - March 29, 2021, 2:35 pm
txn_1IZi4GJm8ehcCWGIfWcuY7cX - 8994163049650226 - March 29, 2021, 2:35 pm
txn_1Ia681Jm8ehcCWGIKL9jXm9b - 8994163049649220 - March 29, 2021, 2:35 pm
2021Influencer574 - 8994163049380222 - March 29, 2021, 2:35 pm
txn_1IZi2rJm8ehcCWGIZnQs5DAy - 8994163049646229 - March 29, 2021, 2:35 pm
txn_1Ia5EiJm8ehcCWGIeQXY8HBe - 8994163049647226 - March 29, 2021, 2:35 pm
txn_1IaPdpJm8ehcCWGI8Drock2l - 8994163049645222 - March 29, 2021, 2:35 pm
2021Influencer573 - 8994163049642221 - March 29, 2021, 2:35 pm
txn_1IZea5Jm8ehcCWGI2O1Kwt4h - 8994163049375228 - March 29, 2021, 2:35 pm
txn_1IaP7wJm8ehcCWGIUOrMNCqM - 8994163049376225 - March 29, 2021, 2:35 pm
txn_1Ia1nQJm8ehcCWGIS08t5qVR - 8994163049641224 - March 29, 2021, 2:35 pm
2021Influencer572 - 8994163049622223 - March 29, 2021, 2:35 pm
txn_1Ia1jHJm8ehcCWGIhMXryRSz - 8994163049634226 - March 29, 2021, 2:35 pm
txn_1IaOzrJm8ehcCWGIILQPlEL0 - 8994163049623220 - March 29, 2021, 2:35 pm
txn_1IZV56Jm8ehcCWGII7xUvl4K - 8994163049621226 - March 29, 2021, 2:35 pm
txn_1IZxZ9Jm8ehcCWGIq0CoNHM8 - 8994163049833223 - March 29, 2021, 2:35 pm
txn_1IZuEkJm8ehcCWGIOz5BqGqs - 8994163049557228 - March 29, 2021, 2:35 pm
txn_1IZjUcJm8ehcCWGIquMK1Dec - 8994163049555224 - March 29, 2021, 2:35 pm
txn_1IZRDIJm8ehcCWGIjrp3QFLd - 8994163049546222 - March 29, 2021, 2:35 pm
txn_1Ia5CZJm8ehcCWGIW9bVoat4 - 8994163049916223 - March 29, 2021, 2:35 pm
