txn_1Ie8f0Jm8ehcCWGICmkInUsJ - 8994163507231226 - April 9, 2021, 11:29 am
txn_1Ie8btJm8ehcCWGIH037nyX8 - 8994163507229223 - April 9, 2021, 11:29 am
txn_1Ie7yhJm8ehcCWGIqUqRKrfk - 8994163507225225 - April 9, 2021, 11:29 am
txn_1Ie40fJm8ehcCWGI46bCsago - 8994163506796221 - April 9, 2021, 11:29 am
txn_1Ido7gJm8ehcCWGI0K7O6n1p - 8994163506797228 - April 9, 2021, 11:29 am
txn_1Ie7V7Jm8ehcCWGIbHqPUxNx - 8994163507223221 - April 9, 2021, 11:29 am
txn_1Ie0XwJm8ehcCWGIYkiEDvYm - 8994163507047223 - April 9, 2021, 11:29 am
txn_1IdxqHJm8ehcCWGInV80Hk90 - 8994163507224228 - April 9, 2021, 11:29 am
txn_1Ie5aoJm8ehcCWGIgReE2nur - 8994163506795224 - April 9, 2021, 11:29 am
txn_1IdmvbJm8ehcCWGIPPmXXqd2 - 8994163506790229 - April 9, 2021, 11:29 am
txn_1Ie027Jm8ehcCWGIrOYefLjQ - 8994163507044222 - April 9, 2021, 11:29 am
txn_1Ids6PJm8ehcCWGInxfEiPyQ - 8994163507221227 - April 9, 2021, 11:29 am
txn_1Ie7HXJm8ehcCWGI5KQuNitJ - 8994163507043225 - April 9, 2021, 11:29 am
txn_1Ie3IoJm8ehcCWGIekeOg2wC - 8994163506789223 - April 9, 2021, 11:29 am
txn_1Ie5YqJm8ehcCWGIOO0ZmxaO - 8994163506788226 - April 9, 2021, 11:29 am
txn_1IdmaXJm8ehcCWGIn24yvzMw - 8994163507041221 - April 9, 2021, 11:29 am
txn_1IdozeJm8ehcCWGIb0ZHKDqc - 8994163507215226 - April 9, 2021, 11:29 am
txn_1Idz1fJm8ehcCWGIvICrCJ4P - 8994163507040224 - April 9, 2021, 11:29 am
txn_1Ie6ZhJm8ehcCWGIZcaTuqJf - 8994163506783221 - April 9, 2021, 11:29 am
txn_1Ie2dFJm8ehcCWGIrBm80EAn - 8994163506782224 - April 9, 2021, 11:29 am
txn_1Ie5O4Jm8ehcCWGIy2VEaAI0 - 8994163506781227 - April 9, 2021, 11:29 am
txn_1Ie628Jm8ehcCWGIG8YENwBW - 8994163506775226 - April 9, 2021, 11:29 am
txn_1Ie193Jm8ehcCWGIrnwpe39U - 8994163507036227 - April 9, 2021, 11:29 am
txn_1IdoqjJm8ehcCWGIXjDbnIyA - 8994163506777220 - April 9, 2021, 11:29 am
txn_1Idy1MJm8ehcCWGIovJVEb8i - 8994163506776223 - April 9, 2021, 11:29 am
txn_1IdmRWJm8ehcCWGIL5N99Qs6 - 8994163507212225 - April 9, 2021, 11:29 am
txn_1Ie48PJm8ehcCWGIzSUyizOV - 8994163506774229 - April 9, 2021, 11:29 am
txn_1Ie7s5Jm8ehcCWGI5QvKcQ4L - 8994163507233220 - April 9, 2021, 11:29 am
txn_1Ie8f0Jm8ehcCWGICmkInUsJ - 8994163507231226 - April 9, 2021, 11:29 am
txn_1Ie8btJm8ehcCWGIH037nyX8 - 8994163507229223 - April 9, 2021, 11:29 am
txn_1Ie7yhJm8ehcCWGIqUqRKrfk - 8994163507225225 - April 9, 2021, 11:29 am
txn_1Ie40fJm8ehcCWGI46bCsago - 8994163506796221 - April 9, 2021, 11:29 am
txn_1Ido7gJm8ehcCWGI0K7O6n1p - 8994163506797228 - April 9, 2021, 11:29 am
txn_1Ie7V7Jm8ehcCWGIbHqPUxNx - 8994163507223221 - April 9, 2021, 11:29 am
txn_1Ie0XwJm8ehcCWGIYkiEDvYm - 8994163507047223 - April 9, 2021, 11:29 am
txn_1IdxqHJm8ehcCWGInV80Hk90 - 8994163507224228 - April 9, 2021, 11:29 am
txn_1Ie5aoJm8ehcCWGIgReE2nur - 8994163506795224 - April 9, 2021, 11:29 am
txn_1IdmvbJm8ehcCWGIPPmXXqd2 - 8994163506790229 - April 9, 2021, 11:29 am
txn_1Ie027Jm8ehcCWGIrOYefLjQ - 8994163507044222 - April 9, 2021, 11:29 am
txn_1Ids6PJm8ehcCWGInxfEiPyQ - 8994163507221227 - April 9, 2021, 11:29 am
txn_1Ie7HXJm8ehcCWGI5KQuNitJ - 8994163507043225 - April 9, 2021, 11:29 am
txn_1Ie3IoJm8ehcCWGIekeOg2wC - 8994163506789223 - April 9, 2021, 11:29 am
txn_1Ie5YqJm8ehcCWGIOO0ZmxaO - 8994163506788226 - April 9, 2021, 11:29 am
txn_1IdmaXJm8ehcCWGIn24yvzMw - 8994163507041221 - April 9, 2021, 11:29 am
txn_1IdozeJm8ehcCWGIb0ZHKDqc - 8994163507215226 - April 9, 2021, 11:29 am
txn_1Idz1fJm8ehcCWGIvICrCJ4P - 8994163507040224 - April 9, 2021, 11:29 am
txn_1Ie6ZhJm8ehcCWGIZcaTuqJf - 8994163506783221 - April 9, 2021, 11:29 am
txn_1Ie2dFJm8ehcCWGIrBm80EAn - 8994163506782224 - April 9, 2021, 11:29 am
txn_1Ie5O4Jm8ehcCWGIy2VEaAI0 - 8994163506781227 - April 9, 2021, 11:29 am
txn_1Ie628Jm8ehcCWGIG8YENwBW - 8994163506775226 - April 9, 2021, 11:29 am
txn_1Ie193Jm8ehcCWGIrnwpe39U - 8994163507036227 - April 9, 2021, 11:29 am
txn_1IdoqjJm8ehcCWGIXjDbnIyA - 8994163506777220 - April 9, 2021, 11:29 am
txn_1Idy1MJm8ehcCWGIovJVEb8i - 8994163506776223 - April 9, 2021, 11:29 am
txn_1IdmRWJm8ehcCWGIL5N99Qs6 - 8994163507212225 - April 9, 2021, 11:29 am
txn_1Ie48PJm8ehcCWGIzSUyizOV - 8994163506774229 - April 9, 2021, 11:29 am
txn_1Ie7s5Jm8ehcCWGI5QvKcQ4L - 8994163507233220 - April 9, 2021, 11:29 am
txn_1Ie8f0Jm8ehcCWGICmkInUsJ - 8994163507231226 - April 9, 2021, 11:29 am
txn_1Ie8btJm8ehcCWGIH037nyX8 - 8994163507229223 - April 9, 2021, 11:29 am
txn_1Ie7yhJm8ehcCWGIqUqRKrfk - 8994163507225225 - April 9, 2021, 11:29 am
txn_1Ie40fJm8ehcCWGI46bCsago - 8994163506796221 - April 9, 2021, 11:29 am
txn_1Ido7gJm8ehcCWGI0K7O6n1p - 8994163506797228 - April 9, 2021, 11:29 am
txn_1Ie7V7Jm8ehcCWGIbHqPUxNx - 8994163507223221 - April 9, 2021, 11:29 am
txn_1Ie0XwJm8ehcCWGIYkiEDvYm - 8994163507047223 - April 9, 2021, 11:29 am
txn_1IdxqHJm8ehcCWGInV80Hk90 - 8994163507224228 - April 9, 2021, 11:29 am
txn_1Ie5aoJm8ehcCWGIgReE2nur - 8994163506795224 - April 9, 2021, 11:29 am
txn_1IdmvbJm8ehcCWGIPPmXXqd2 - 8994163506790229 - April 9, 2021, 11:29 am
txn_1Ie027Jm8ehcCWGIrOYefLjQ - 8994163507044222 - April 9, 2021, 11:29 am
txn_1Ids6PJm8ehcCWGInxfEiPyQ - 8994163507221227 - April 9, 2021, 11:29 am
txn_1Ie7HXJm8ehcCWGI5KQuNitJ - 8994163507043225 - April 9, 2021, 11:29 am
txn_1Ie3IoJm8ehcCWGIekeOg2wC - 8994163506789223 - April 9, 2021, 11:29 am
txn_1Ie5YqJm8ehcCWGIOO0ZmxaO - 8994163506788226 - April 9, 2021, 11:29 am
txn_1IdmaXJm8ehcCWGIn24yvzMw - 8994163507041221 - April 9, 2021, 11:29 am
txn_1IdozeJm8ehcCWGIb0ZHKDqc - 8994163507215226 - April 9, 2021, 11:29 am
txn_1Idz1fJm8ehcCWGIvICrCJ4P - 8994163507040224 - April 9, 2021, 11:29 am
txn_1Ie6ZhJm8ehcCWGIZcaTuqJf - 8994163506783221 - April 9, 2021, 11:29 am
txn_1Ie2dFJm8ehcCWGIrBm80EAn - 8994163506782224 - April 9, 2021, 11:29 am
txn_1Ie5O4Jm8ehcCWGIy2VEaAI0 - 8994163506781227 - April 9, 2021, 11:29 am
txn_1Ie628Jm8ehcCWGIG8YENwBW - 8994163506775226 - April 9, 2021, 11:29 am
txn_1Ie193Jm8ehcCWGIrnwpe39U - 8994163507036227 - April 9, 2021, 11:29 am
txn_1IdoqjJm8ehcCWGIXjDbnIyA - 8994163506777220 - April 9, 2021, 11:29 am
txn_1Idy1MJm8ehcCWGIovJVEb8i - 8994163506776223 - April 9, 2021, 11:29 am
txn_1IdmRWJm8ehcCWGIL5N99Qs6 - 8994163507212225 - April 9, 2021, 11:29 am
txn_1Ie48PJm8ehcCWGIzSUyizOV - 8994163506774229 - April 9, 2021, 11:29 am
txn_1Ie7s5Jm8ehcCWGI5QvKcQ4L - 8994163507233220 - April 9, 2021, 11:29 am
txn_1Ie85zJm8ehcCWGICwXIA0Nz - 8994163507242222 - April 9, 2021, 11:29 am
