txn_1IdOQXJm8ehcCWGI10sZIbS4 - 8994163410949225 - April 7, 2021, 12:43 pm
txn_1IdJpVJm8ehcCWGIyes3sqCf - 8994163411206228 - April 7, 2021, 12:43 pm
txn_1Id8OTJm8ehcCWGIANXdZIPo - 8994163411018227 - April 7, 2021, 12:43 pm
txn_1IdIyoJm8ehcCWGIRtS1xzJb - 8994163410946224 - April 7, 2021, 12:43 pm
txn_1IdHSNJm8ehcCWGIuo6lKxHW - 8994163411020220 - April 7, 2021, 12:43 pm
txn_1IdNIFJm8ehcCWGIB2CUPFqU - 8994163411019224 - April 7, 2021, 12:43 pm
txn_1IdI7LJm8ehcCWGIBBCmuEE4 - 8994163411205221 - April 7, 2021, 12:43 pm
txn_1IdHDeJm8ehcCWGIKiaa9JH1 - 8994163411203227 - April 7, 2021, 12:43 pm
txn_1IdIjeJm8ehcCWGIapGolQvS - 8994163411017220 - April 7, 2021, 12:43 pm
2021Influencer587 - 8994163410943223 - April 7, 2021, 12:43 pm
txn_1IdHwrJm8ehcCWGInwZxM3y3 - 8994163411016223 - April 7, 2021, 12:43 pm
txn_1IdKv1Jm8ehcCWGIOfs5G8wl - 8994163411202220 - April 7, 2021, 12:43 pm
txn_1Id7SZJm8ehcCWGIibftbd3C - 8994163411015226 - April 7, 2021, 12:43 pm
txn_1IdG9QJm8ehcCWGIVTM11Fc6 - 8994163411201223 - April 7, 2021, 12:43 pm
txn_1IdI85Jm8ehcCWGI40CjwY4G - 8994163410938229 - April 7, 2021, 12:43 pm
2021Influencer586 - 8994163411200226 - April 7, 2021, 12:43 pm
txn_1IdHuuJm8ehcCWGI09Z7TLNV - 8994163410937222 - April 7, 2021, 12:43 pm
txn_1Id6ecJm8ehcCWGIms4oS0Dw - 8994163410798229 - April 7, 2021, 12:43 pm
txn_1IdKJMJm8ehcCWGIUGXfchLd - 8994163410799226 - April 7, 2021, 12:43 pm
txn_1IdCl0Jm8ehcCWGICAJ6wCNw - 8994163410932227 - April 7, 2021, 12:43 pm
txn_1IdI7bJm8ehcCWGIQ101S0CS - 8994163410794221 - April 7, 2021, 12:43 pm
txn_1IdHrDJm8ehcCWGIRWQ9H1es - 8994163411007221 - April 7, 2021, 12:43 pm
txn_1IdJSaJm8ehcCWGIklaOAZlX - 8994163411009225 - April 7, 2021, 12:43 pm
txn_1Id3sNJm8ehcCWGI6913v5Og - 8994163411008228 - April 7, 2021, 12:43 pm
txn_1IdJtlJm8ehcCWGIjy3tmzzG - 8994163411010221 - April 7, 2021, 12:43 pm
txn_1IdOQXJm8ehcCWGI10sZIbS4 - 8994163410949225 - April 7, 2021, 12:44 pm
txn_1IdJpVJm8ehcCWGIyes3sqCf - 8994163411206228 - April 7, 2021, 12:44 pm
txn_1Id8OTJm8ehcCWGIANXdZIPo - 8994163411018227 - April 7, 2021, 12:44 pm
txn_1IdIyoJm8ehcCWGIRtS1xzJb - 8994163410946224 - April 7, 2021, 12:44 pm
txn_1IdHSNJm8ehcCWGIuo6lKxHW - 8994163411020220 - April 7, 2021, 12:44 pm
txn_1IdNIFJm8ehcCWGIB2CUPFqU - 8994163411019224 - April 7, 2021, 12:44 pm
txn_1IdI7LJm8ehcCWGIBBCmuEE4 - 8994163411205221 - April 7, 2021, 12:44 pm
txn_1IdHDeJm8ehcCWGIKiaa9JH1 - 8994163411203227 - April 7, 2021, 12:44 pm
txn_1IdIjeJm8ehcCWGIapGolQvS - 8994163411017220 - April 7, 2021, 12:44 pm
2021Influencer587 - 8994163410943223 - April 7, 2021, 12:44 pm
txn_1IdHwrJm8ehcCWGInwZxM3y3 - 8994163411016223 - April 7, 2021, 12:44 pm
txn_1IdKv1Jm8ehcCWGIOfs5G8wl - 8994163411202220 - April 7, 2021, 12:44 pm
txn_1Id7SZJm8ehcCWGIibftbd3C - 8994163411015226 - April 7, 2021, 12:44 pm
txn_1IdG9QJm8ehcCWGIVTM11Fc6 - 8994163411201223 - April 7, 2021, 12:44 pm
txn_1IdI85Jm8ehcCWGI40CjwY4G - 8994163410938229 - April 7, 2021, 12:44 pm
2021Influencer586 - 8994163411200226 - April 7, 2021, 12:44 pm
txn_1IdHuuJm8ehcCWGI09Z7TLNV - 8994163410937222 - April 7, 2021, 12:44 pm
txn_1Id6ecJm8ehcCWGIms4oS0Dw - 8994163410798229 - April 7, 2021, 12:44 pm
txn_1IdKJMJm8ehcCWGIUGXfchLd - 8994163410799226 - April 7, 2021, 12:44 pm
txn_1IdCl0Jm8ehcCWGICAJ6wCNw - 8994163410932227 - April 7, 2021, 12:44 pm
txn_1IdI7bJm8ehcCWGIQ101S0CS - 8994163410794221 - April 7, 2021, 12:44 pm
txn_1IdHrDJm8ehcCWGIRWQ9H1es - 8994163411007221 - April 7, 2021, 12:44 pm
txn_1IdJSaJm8ehcCWGIklaOAZlX - 8994163411009225 - April 7, 2021, 12:44 pm
txn_1Id3sNJm8ehcCWGI6913v5Og - 8994163411008228 - April 7, 2021, 12:44 pm
txn_1IdJtlJm8ehcCWGIjy3tmzzG - 8994163411010221 - April 7, 2021, 12:44 pm
txn_1IdNrbJm8ehcCWGI6E8tE3pP - 8994163411033220 - April 7, 2021, 12:44 pm
txn_1IdNmTJm8ehcCWGIr1EmWjLB - 8994163411745222 - April 7, 2021, 12:53 pm
txn_1IdOSTJm8ehcCWGIqmzHniH3 - 8994163411744225 - April 7, 2021, 12:53 pm
txn_1IdOxsJm8ehcCWGIa6jojQiH - 8994163412032222 - April 7, 2021, 12:53 pm
