txn_1IrYFyJm8ehcCWGIc63exfA7 - 8994163237722247 - May 16, 2021, 5:00 pm
txn_1IrUjkJm8ehcCWGIoVZVvq1y - 8994163237548243 - May 16, 2021, 5:00 pm
txn_1Ir4z5Jm8ehcCWGIx38pvGVE - 8994163237549240 - May 16, 2021, 5:00 pm
txn_1IrRMDJm8ehcCWGIOgJ2g3Ic - 8994163237550246 - May 16, 2021, 5:00 pm
txn_1IrDYcJm8ehcCWGIflDZRjZU - 8994163237720243 - May 16, 2021, 5:00 pm
txn_1Ir7bIJm8ehcCWGI2BI7Sv5X - 8994163237547246 - May 16, 2021, 5:00 pm
txn_1Ir1hPJm8ehcCWGIKJwsR8J4 - 8994163237925242 - May 16, 2021, 5:00 pm
txn_1IrQxwJm8ehcCWGI7r1Otemv - 8994163237924245 - May 16, 2021, 5:00 pm
txn_1Ir4rgJm8ehcCWGIqmEKe23H - 8994163237923248 - May 16, 2021, 5:00 pm
txn_1IrTweJm8ehcCWGIXln8wlSc - 8994163237719247 - May 16, 2021, 5:00 pm
txn_1IrDGLJm8ehcCWGIYUPGDeXl - 8994163237718240 - May 16, 2021, 5:00 pm
txn_1Ir70yJm8ehcCWGIFWSUikuU - 8994163237717243 - May 16, 2021, 5:00 pm
txn_1Ir16XJm8ehcCWGIoybRicrx - 8994163237545242 - May 16, 2021, 5:00 pm
txn_1IrQOcJm8ehcCWGIZPLbIjp2 - 8994163237922241 - May 16, 2021, 5:00 pm
txn_1IrSuZJm8ehcCWGILKscWkiZ - 8994163237713245 - May 16, 2021, 5:00 pm
txn_1Ir3qMJm8ehcCWGIWymsdiUr - 8994163237712248 - May 16, 2021, 5:00 pm
txn_1IrCbSJm8ehcCWGIpWh3xRCE - 8994163237711241 - May 16, 2021, 5:00 pm
txn_1ImplaJm8ehcCWGI5CZxYBw4_X - 8994163237544245 - May 16, 2021, 5:00 pm
txn_1Ir01xJm8ehcCWGIiMGUFxZq - 8994163237543248 - May 16, 2021, 5:00 pm
txn_1IrSrOJm8ehcCWGInSWddD9S - 8994163237708241 - May 16, 2021, 5:00 pm
txn_1IrOOyJm8ehcCWGIUceIsyFM - 8994163237707244 - May 16, 2021, 5:00 pm
txn_1Ir3mbJm8ehcCWGILnubnW2r - 8994163237706247 - May 16, 2021, 5:00 pm
txn_1Ir9M4Jm8ehcCWGIBGhrTPif - 8994163237542241 - May 16, 2021, 5:00 pm
txn_1Ir5yRJm8ehcCWGIZ8Y4wfzK - 8994163237921244 - May 16, 2021, 5:00 pm
txn_1IqtLyJm8ehcCWGINBJMDBIG - 8994163237705240 - May 16, 2021, 5:00 pm
txn_1IrRoDJm8ehcCWGI3sEAKJyH - 8994163237541244 - May 16, 2021, 5:00 pm
txn_1Ir9KWJm8ehcCWGISAy9w4xF - 8994163237919241 - May 16, 2021, 5:00 pm
txn_1IrHCMJm8ehcCWGIkuQQ8D6T - 8994163237703246 - May 16, 2021, 5:00 pm
txn_1Ir1ufJm8ehcCWGIKREKGtlV - 8994163237920247 - May 16, 2021, 5:00 pm
txn_1Ir5YRJm8ehcCWGI5hgSnvb5 - 8994163237704243 - May 16, 2021, 5:00 pm
txn_1Iqq6QJm8ehcCWGIbmYvAnv3 - 8994163237918244 - May 16, 2021, 5:00 pm
txn_1IrRWoJm8ehcCWGIN4MnmOsQ - 8994163237701242 - May 16, 2021, 5:00 pm
txn_1Ir1mXJm8ehcCWGIUQ6DK8ag - 8994163237917247 - May 16, 2021, 5:00 pm
txn_1Ir9JOJm8ehcCWGI1CTeA6is - 8994163237914246 - May 16, 2021, 5:00 pm
txn_1IrFSOJm8ehcCWGI3WdNWfPA - 8994163237702249 - May 16, 2021, 5:00 pm
txn_1Ir5AxJm8ehcCWGIEzZRVlrO - 8994163237916240 - May 16, 2021, 5:00 pm
txn_1Iqph8Jm8ehcCWGIlvMdDiOT - 8994163237915243 - May 16, 2021, 5:00 pm
2021Influencer645 - 8994163238025248 - May 16, 2021, 5:10 pm
2021Influencer646 - 8994163238001242 - May 16, 2021, 5:10 pm
