2021Influencer647 - 8994163353773246 - May 18, 2021, 3:49 pm
txn_1IsGT1Jm8ehcCWGImc8SrkH2 - 8994163354095248 - May 18, 2021, 3:49 pm
txn_1IsCW0Jm8ehcCWGINWsB97YJ - 8994163354093244 - May 18, 2021, 3:49 pm
txn_1IrvePJm8ehcCWGICUeZAy3M - 8994163353944240 - May 18, 2021, 3:49 pm
txn_1IrpvQJm8ehcCWGIN9rBpoio - 8994163353943243 - May 18, 2021, 3:49 pm
txn_1Is8OxJm8ehcCWGIsZcAhx86 - 8994163353942246 - May 18, 2021, 3:49 pm
txn_1Irhk9Jm8ehcCWGIW5riMPa4 - 8994163353772249 - May 18, 2021, 3:49 pm
txn_1IsEkCJm8ehcCWGIpXpzeSFq - 8994163353771242 - May 18, 2021, 3:49 pm
txn_1IsCFuJm8ehcCWGIg91rUktN - 8994163353769249 - May 18, 2021, 3:49 pm
txn_1IrcPYJm8ehcCWGIHHnljOP6 - 8994163353768242 - May 18, 2021, 3:49 pm
txn_1IrumeJm8ehcCWGI1XggrhmO - 8994163353941249 - May 18, 2021, 3:49 pm
txn_1Irpf9Jm8ehcCWGI46IOY6IU - 8994163354092247 - May 18, 2021, 3:49 pm
txn_1Is8JmJm8ehcCWGIM4xr5pK4 - 8994163353767245 - May 18, 2021, 3:49 pm
txn_1IsDgcJm8ehcCWGIf47GgDUr - 8994163354091240 - May 18, 2021, 3:49 pm
txn_1IsC7KJm8ehcCWGIkIikLvi2 - 8994163353766248 - May 18, 2021, 3:49 pm
txn_1IroZmJm8ehcCWGIy1Igiv56 - 8994163353939246 - May 18, 2021, 3:49 pm
txn_1Iru1TJm8ehcCWGIPcwlwl1S - 8994163354089247 - May 18, 2021, 3:49 pm
txn_1IrbAfJm8ehcCWGISkziOhyN - 8994163354090243 - May 18, 2021, 3:49 pm
txn_1Is7RVJm8ehcCWGIb3xcy59k - 8994163353938249 - May 18, 2021, 3:49 pm
txn_1IsD5kJm8ehcCWGIw0AWMyGq - 8994163353937242 - May 18, 2021, 3:49 pm
txn_1IsAASJm8ehcCWGIo6jwpuqC - 8994163354088240 - May 18, 2021, 3:49 pm
txn_1IrZYPJm8ehcCWGIKdgqLmnd - 8994163354087243 - May 18, 2021, 3:49 pm
txn_1IroCyJm8ehcCWGIemeeVeCG - 8994163353935248 - May 18, 2021, 3:49 pm
txn_1IrqawJm8ehcCWGIIOTH8Tm8 - 8994163353934241 - May 18, 2021, 3:49 pm
txn_1Is5UrJm8ehcCWGIfFic2fDe - 8994163353764244 - May 18, 2021, 3:49 pm
txn_1IsCiYJm8ehcCWGIABz3CEjN - 8994163353933244 - May 18, 2021, 3:49 pm
txn_1Is9UfJm8ehcCWGIKlNHFxi7 - 8994163353762240 - May 18, 2021, 3:49 pm
txn_1IrnuoJm8ehcCWGIC5XPvmut - 8994163353761243 - May 18, 2021, 3:49 pm
txn_1Irzg7Jm8ehcCWGI9kjQOb0T - 8994163354085249 - May 18, 2021, 3:49 pm
txn_1IrZHuJm8ehcCWGIBKTdvxBH - 8994163354084242 - May 18, 2021, 3:49 pm
txn_1IrqSkJm8ehcCWGIYnG6IAwH - 8994163353932247 - May 18, 2021, 3:49 pm
txn_1IsCauJm8ehcCWGIK7htfZbS - 8994163353759240 - May 18, 2021, 3:49 pm
txn_1Is8xzJm8ehcCWGITr6IM4yu - 8994163354082248 - May 18, 2021, 3:49 pm
txn_1Irnr0Jm8ehcCWGIUqSi3rUr - 8994163353756249 - May 18, 2021, 3:49 pm
txn_1Irw2IJm8ehcCWGIg4kCCJMu - 8994163353930243 - May 18, 2021, 3:49 pm
txn_1IrYurJm8ehcCWGI6VSKcCmC - 8994163353757246 - May 18, 2021, 3:49 pm
txn_1IrpwcJm8ehcCWGIbQNiaGeT - 8994163353931240 - May 18, 2021, 3:49 pm
2021Influencer647 - 8994163353773246 - May 18, 2021, 3:49 pm
txn_1IsGT1Jm8ehcCWGImc8SrkH2 - 8994163354095248 - May 18, 2021, 3:49 pm
txn_1IsCW0Jm8ehcCWGINWsB97YJ - 8994163354093244 - May 18, 2021, 3:49 pm
txn_1IrvePJm8ehcCWGICUeZAy3M - 8994163353944240 - May 18, 2021, 3:49 pm
txn_1IrpvQJm8ehcCWGIN9rBpoio - 8994163353943243 - May 18, 2021, 3:49 pm
txn_1Is8OxJm8ehcCWGIsZcAhx86 - 8994163353942246 - May 18, 2021, 3:49 pm
txn_1Irhk9Jm8ehcCWGIW5riMPa4 - 8994163353772249 - May 18, 2021, 3:49 pm
txn_1IsEkCJm8ehcCWGIpXpzeSFq - 8994163353771242 - May 18, 2021, 3:49 pm
txn_1IsCFuJm8ehcCWGIg91rUktN - 8994163353769249 - May 18, 2021, 3:49 pm
txn_1IrcPYJm8ehcCWGIHHnljOP6 - 8994163353768242 - May 18, 2021, 3:49 pm
txn_1IrumeJm8ehcCWGI1XggrhmO - 8994163353941249 - May 18, 2021, 3:49 pm
txn_1Irpf9Jm8ehcCWGI46IOY6IU - 8994163354092247 - May 18, 2021, 3:49 pm
txn_1Is8JmJm8ehcCWGIM4xr5pK4 - 8994163353767245 - May 18, 2021, 3:49 pm
txn_1IsDgcJm8ehcCWGIf47GgDUr - 8994163354091240 - May 18, 2021, 3:49 pm
txn_1IsC7KJm8ehcCWGIkIikLvi2 - 8994163353766248 - May 18, 2021, 3:49 pm
txn_1IroZmJm8ehcCWGIy1Igiv56 - 8994163353939246 - May 18, 2021, 3:49 pm
txn_1Iru1TJm8ehcCWGIPcwlwl1S - 8994163354089247 - May 18, 2021, 3:49 pm
txn_1IrbAfJm8ehcCWGISkziOhyN - 8994163354090243 - May 18, 2021, 3:49 pm
txn_1Is7RVJm8ehcCWGIb3xcy59k - 8994163353938249 - May 18, 2021, 3:49 pm
txn_1IsD5kJm8ehcCWGIw0AWMyGq - 8994163353937242 - May 18, 2021, 3:49 pm
txn_1IsAASJm8ehcCWGIo6jwpuqC - 8994163354088240 - May 18, 2021, 3:49 pm
txn_1IrZYPJm8ehcCWGIKdgqLmnd - 8994163354087243 - May 18, 2021, 3:49 pm
txn_1IroCyJm8ehcCWGIemeeVeCG - 8994163353935248 - May 18, 2021, 3:49 pm
txn_1IrqawJm8ehcCWGIIOTH8Tm8 - 8994163353934241 - May 18, 2021, 3:49 pm
txn_1Is5UrJm8ehcCWGIfFic2fDe - 8994163353764244 - May 18, 2021, 3:49 pm
txn_1IsCiYJm8ehcCWGIABz3CEjN - 8994163353933244 - May 18, 2021, 3:49 pm
txn_1Is9UfJm8ehcCWGIKlNHFxi7 - 8994163353762240 - May 18, 2021, 3:49 pm
txn_1IrnuoJm8ehcCWGIC5XPvmut - 8994163353761243 - May 18, 2021, 3:49 pm
txn_1Irzg7Jm8ehcCWGI9kjQOb0T - 8994163354085249 - May 18, 2021, 3:49 pm
txn_1IrZHuJm8ehcCWGIBKTdvxBH - 8994163354084242 - May 18, 2021, 3:49 pm
txn_1IrqSkJm8ehcCWGIYnG6IAwH - 8994163353932247 - May 18, 2021, 3:49 pm
txn_1IsCauJm8ehcCWGIK7htfZbS - 8994163353759240 - May 18, 2021, 3:49 pm
txn_1Is8xzJm8ehcCWGITr6IM4yu - 8994163354082248 - May 18, 2021, 3:49 pm
txn_1Irnr0Jm8ehcCWGIUqSi3rUr - 8994163353756249 - May 18, 2021, 3:49 pm
txn_1Irw2IJm8ehcCWGIg4kCCJMu - 8994163353930243 - May 18, 2021, 3:49 pm
txn_1IrYurJm8ehcCWGI6VSKcCmC - 8994163353757246 - May 18, 2021, 3:49 pm
txn_1IrpwcJm8ehcCWGIbQNiaGeT - 8994163353931240 - May 18, 2021, 3:49 pm
2021Influencer650 - 8994163353990247 - May 18, 2021, 3:49 pm
2021Influencer649 - 8994163353984246 - May 18, 2021, 3:49 pm
2021Influencer648 - 8994163353782248 - May 18, 2021, 3:49 pm
2021Influencer647 - 8994163353773246 - May 18, 2021, 3:50 pm
txn_1IsGT1Jm8ehcCWGImc8SrkH2 - 8994163354095248 - May 18, 2021, 3:50 pm
txn_1IsCW0Jm8ehcCWGINWsB97YJ - 8994163354093244 - May 18, 2021, 3:50 pm
txn_1IrvePJm8ehcCWGICUeZAy3M - 8994163353944240 - May 18, 2021, 3:50 pm
txn_1IrpvQJm8ehcCWGIN9rBpoio - 8994163353943243 - May 18, 2021, 3:50 pm
txn_1Is8OxJm8ehcCWGIsZcAhx86 - 8994163353942246 - May 18, 2021, 3:50 pm
txn_1Irhk9Jm8ehcCWGIW5riMPa4 - 8994163353772249 - May 18, 2021, 3:50 pm
txn_1IsEkCJm8ehcCWGIpXpzeSFq - 8994163353771242 - May 18, 2021, 3:50 pm
txn_1IsCFuJm8ehcCWGIg91rUktN - 8994163353769249 - May 18, 2021, 3:50 pm
txn_1IrcPYJm8ehcCWGIHHnljOP6 - 8994163353768242 - May 18, 2021, 3:50 pm
txn_1IrumeJm8ehcCWGI1XggrhmO - 8994163353941249 - May 18, 2021, 3:50 pm
txn_1Irpf9Jm8ehcCWGI46IOY6IU - 8994163354092247 - May 18, 2021, 3:50 pm
txn_1Is8JmJm8ehcCWGIM4xr5pK4 - 8994163353767245 - May 18, 2021, 3:50 pm
txn_1IsDgcJm8ehcCWGIf47GgDUr - 8994163354091240 - May 18, 2021, 3:50 pm
txn_1IsC7KJm8ehcCWGIkIikLvi2 - 8994163353766248 - May 18, 2021, 3:50 pm
txn_1IroZmJm8ehcCWGIy1Igiv56 - 8994163353939246 - May 18, 2021, 3:50 pm
txn_1Iru1TJm8ehcCWGIPcwlwl1S - 8994163354089247 - May 18, 2021, 3:50 pm
txn_1IrbAfJm8ehcCWGISkziOhyN - 8994163354090243 - May 18, 2021, 3:50 pm
txn_1Is7RVJm8ehcCWGIb3xcy59k - 8994163353938249 - May 18, 2021, 3:50 pm
txn_1IsD5kJm8ehcCWGIw0AWMyGq - 8994163353937242 - May 18, 2021, 3:50 pm
txn_1IsAASJm8ehcCWGIo6jwpuqC - 8994163354088240 - May 18, 2021, 3:50 pm
txn_1IrZYPJm8ehcCWGIKdgqLmnd - 8994163354087243 - May 18, 2021, 3:50 pm
txn_1IroCyJm8ehcCWGIemeeVeCG - 8994163353935248 - May 18, 2021, 3:50 pm
txn_1IrqawJm8ehcCWGIIOTH8Tm8 - 8994163353934241 - May 18, 2021, 3:50 pm
txn_1Is5UrJm8ehcCWGIfFic2fDe - 8994163353764244 - May 18, 2021, 3:50 pm
txn_1IsCiYJm8ehcCWGIABz3CEjN - 8994163353933244 - May 18, 2021, 3:50 pm
txn_1Is9UfJm8ehcCWGIKlNHFxi7 - 8994163353762240 - May 18, 2021, 3:50 pm
txn_1IrnuoJm8ehcCWGIC5XPvmut - 8994163353761243 - May 18, 2021, 3:50 pm
txn_1Irzg7Jm8ehcCWGI9kjQOb0T - 8994163354085249 - May 18, 2021, 3:50 pm
txn_1IrZHuJm8ehcCWGIBKTdvxBH - 8994163354084242 - May 18, 2021, 3:50 pm
txn_1IrqSkJm8ehcCWGIYnG6IAwH - 8994163353932247 - May 18, 2021, 3:50 pm
txn_1IsCauJm8ehcCWGIK7htfZbS - 8994163353759240 - May 18, 2021, 3:50 pm
txn_1Is8xzJm8ehcCWGITr6IM4yu - 8994163354082248 - May 18, 2021, 3:50 pm
txn_1Irnr0Jm8ehcCWGIUqSi3rUr - 8994163353756249 - May 18, 2021, 3:50 pm
txn_1Irw2IJm8ehcCWGIg4kCCJMu - 8994163353930243 - May 18, 2021, 3:50 pm
txn_1IrYurJm8ehcCWGI6VSKcCmC - 8994163353757246 - May 18, 2021, 3:50 pm
txn_1IrpwcJm8ehcCWGIbQNiaGeT - 8994163353931240 - May 18, 2021, 3:50 pm
2021Influencer650 - 8994163353990247 - May 18, 2021, 3:50 pm
2021Influencer649 - 8994163353984246 - May 18, 2021, 3:50 pm
2021Influencer648 - 8994163353782248 - May 18, 2021, 3:50 pm
2021Influencer651 - 8994163354006244 - May 18, 2021, 3:50 pm
2021Influencer647 - 8994163353773246 - May 18, 2021, 3:50 pm
txn_1IsGT1Jm8ehcCWGImc8SrkH2 - 8994163354095248 - May 18, 2021, 3:50 pm
txn_1IsCW0Jm8ehcCWGINWsB97YJ - 8994163354093244 - May 18, 2021, 3:50 pm
txn_1IrvePJm8ehcCWGICUeZAy3M - 8994163353944240 - May 18, 2021, 3:50 pm
txn_1IrpvQJm8ehcCWGIN9rBpoio - 8994163353943243 - May 18, 2021, 3:50 pm
txn_1Is8OxJm8ehcCWGIsZcAhx86 - 8994163353942246 - May 18, 2021, 3:50 pm
txn_1Irhk9Jm8ehcCWGIW5riMPa4 - 8994163353772249 - May 18, 2021, 3:50 pm
txn_1IsEkCJm8ehcCWGIpXpzeSFq - 8994163353771242 - May 18, 2021, 3:50 pm
txn_1IsCFuJm8ehcCWGIg91rUktN - 8994163353769249 - May 18, 2021, 3:50 pm
txn_1IrcPYJm8ehcCWGIHHnljOP6 - 8994163353768242 - May 18, 2021, 3:50 pm
txn_1IrumeJm8ehcCWGI1XggrhmO - 8994163353941249 - May 18, 2021, 3:50 pm
txn_1Irpf9Jm8ehcCWGI46IOY6IU - 8994163354092247 - May 18, 2021, 3:50 pm
txn_1Is8JmJm8ehcCWGIM4xr5pK4 - 8994163353767245 - May 18, 2021, 3:50 pm
txn_1IsDgcJm8ehcCWGIf47GgDUr - 8994163354091240 - May 18, 2021, 3:50 pm
txn_1IsC7KJm8ehcCWGIkIikLvi2 - 8994163353766248 - May 18, 2021, 3:50 pm
txn_1IroZmJm8ehcCWGIy1Igiv56 - 8994163353939246 - May 18, 2021, 3:50 pm
txn_1Iru1TJm8ehcCWGIPcwlwl1S - 8994163354089247 - May 18, 2021, 3:50 pm
txn_1IrbAfJm8ehcCWGISkziOhyN - 8994163354090243 - May 18, 2021, 3:50 pm
txn_1Is7RVJm8ehcCWGIb3xcy59k - 8994163353938249 - May 18, 2021, 3:50 pm
txn_1IsD5kJm8ehcCWGIw0AWMyGq - 8994163353937242 - May 18, 2021, 3:50 pm
txn_1IsAASJm8ehcCWGIo6jwpuqC - 8994163354088240 - May 18, 2021, 3:50 pm
txn_1IrZYPJm8ehcCWGIKdgqLmnd - 8994163354087243 - May 18, 2021, 3:50 pm
txn_1IroCyJm8ehcCWGIemeeVeCG - 8994163353935248 - May 18, 2021, 3:50 pm
txn_1IrqawJm8ehcCWGIIOTH8Tm8 - 8994163353934241 - May 18, 2021, 3:50 pm
txn_1Is5UrJm8ehcCWGIfFic2fDe - 8994163353764244 - May 18, 2021, 3:50 pm
txn_1IsCiYJm8ehcCWGIABz3CEjN - 8994163353933244 - May 18, 2021, 3:50 pm
txn_1Is9UfJm8ehcCWGIKlNHFxi7 - 8994163353762240 - May 18, 2021, 3:50 pm
txn_1IrnuoJm8ehcCWGIC5XPvmut - 8994163353761243 - May 18, 2021, 3:50 pm
txn_1Irzg7Jm8ehcCWGI9kjQOb0T - 8994163354085249 - May 18, 2021, 3:50 pm
txn_1IrZHuJm8ehcCWGIBKTdvxBH - 8994163354084242 - May 18, 2021, 3:50 pm
txn_1IrqSkJm8ehcCWGIYnG6IAwH - 8994163353932247 - May 18, 2021, 3:50 pm
txn_1IsCauJm8ehcCWGIK7htfZbS - 8994163353759240 - May 18, 2021, 3:50 pm
txn_1Is8xzJm8ehcCWGITr6IM4yu - 8994163354082248 - May 18, 2021, 3:50 pm
txn_1Irnr0Jm8ehcCWGIUqSi3rUr - 8994163353756249 - May 18, 2021, 3:50 pm
txn_1Irw2IJm8ehcCWGIg4kCCJMu - 8994163353930243 - May 18, 2021, 3:50 pm
txn_1IrYurJm8ehcCWGI6VSKcCmC - 8994163353757246 - May 18, 2021, 3:50 pm
txn_1IrpwcJm8ehcCWGIbQNiaGeT - 8994163353931240 - May 18, 2021, 3:50 pm
2021Influencer650 - 8994163353990247 - May 18, 2021, 3:50 pm
2021Influencer649 - 8994163353984246 - May 18, 2021, 3:50 pm
2021Influencer648 - 8994163353782248 - May 18, 2021, 3:50 pm
2021Influencer651 - 8994163354006244 - May 18, 2021, 3:50 pm
