2021Influencer682 - 8994163103633257 - June 4, 2021, 2:21 pm
txn_1IyN37Jm8ehcCWGINx8FcEgX - 8994163103582258 - June 4, 2021, 2:21 pm
txn_1IyIQ6Jm8ehcCWGIunFwHAdD - 8994163103631253 - June 4, 2021, 2:21 pm
txn_1IyGMtJm8ehcCWGIGJ8cXLgp - 8994163103345259 - June 4, 2021, 2:21 pm
txn_1IyPopJm8ehcCWGIsztcNfYY - 8994163103632250 - June 4, 2021, 2:21 pm
txn_1IyKBOJm8ehcCWGIf5zKUYqP - 8994163103581251 - June 4, 2021, 2:21 pm
txn_1IyQMvJm8ehcCWGIJakQp3LY - 8994163103344252 - June 4, 2021, 2:21 pm
txn_1IyKJOJm8ehcCWGIRSBXge8Q - 8994163103578251 - June 4, 2021, 2:21 pm
txn_1IyArSJm8ehcCWGIj3lkjiZx - 8994163103341251 - June 4, 2021, 2:21 pm
txn_1IyOjSJm8ehcCWGI8PjH53mY - 8994163103342258 - June 4, 2021, 2:21 pm
txn_1IyHlEJm8ehcCWGIvIbUDu2k - 8994163103343255 - June 4, 2021, 2:21 pm
txn_1IyQ9VJm8ehcCWGIjBE9ueGo - 8994163103580254 - June 4, 2021, 2:21 pm
txn_1IyJUkJm8ehcCWGIbKyrf3mb - 8994163103579258 - June 4, 2021, 2:21 pm
txn_1IyH7GJm8ehcCWGIjxmZCLL1 - 8994163103575250 - June 4, 2021, 2:21 pm
txn_1IyQ8HJm8ehcCWGIFNDcL45o - 8994163103339258 - June 4, 2021, 2:21 pm
txn_1IyNEbJm8ehcCWGIQlohlLnZ - 8994163103622251 - June 4, 2021, 2:21 pm
txn_1IyIjQJm8ehcCWGI5vdJqTUm - 8994163103338251 - June 4, 2021, 2:21 pm
txn_1IyKCKJm8ehcCWGIFtA9mWp5 - 8994163103576257 - June 4, 2021, 2:21 pm
txn_1Iy7yUJm8ehcCWGIPXWItT9A - 8994163103621254 - June 4, 2021, 2:21 pm
txn_1Iyhw4Jm8ehcCWGIX6qCOWXp - 8994163105878250 - June 4, 2021, 2:46 pm
