2021Influencer405 - 8994163745059200 - February 24, 2021, 3:01 pm
2021Influencer431 - 8994163744771202 - February 24, 2021, 3:01 pm
2021Influencer418 - 8994163745054205 - February 24, 2021, 3:01 pm
2021Influencer404 - 8994163744932207 - February 24, 2021, 3:01 pm
2021Influencer430 - 8994163745053208 - February 24, 2021, 3:01 pm
2021Influencer417 - 8994163744766208 - February 24, 2021, 3:01 pm
txn_1INnRsJm8ehcCWGIhmirD9GZ - 8994163745050207 - February 24, 2021, 3:01 pm
2021Influencer429 - 8994163744760206 - February 24, 2021, 3:01 pm
2021Influencer416 - 8994163745048204 - February 24, 2021, 3:01 pm
txn_1IODQIJm8ehcCWGIndPeCFh5 - 8994163744775200 - February 24, 2021, 3:01 pm
txn_1IOQuPJm8ehcCWGI9gOWBer4 - 8994163745061203 - February 24, 2021, 3:01 pm
txn_1IFJrmJm8ehcCWGIavMfJCKl - 8994163744935208 - February 24, 2021, 3:01 pm
txn_1IODa5Jm8ehcCWGICoupMluL - 8994163744936205 - February 24, 2021, 3:01 pm
txn_1IOR6EJm8ehcCWGI7MdyILVG - 8994163745055202 - February 24, 2021, 3:01 pm
txn_1IODdEJm8ehcCWGITHv1sClV - 8994163744767205 - February 24, 2021, 3:01 pm
txn_1I8W8HJm8ehcCWGISFPXhjCY - 8994163744768202 - February 24, 2021, 3:01 pm
txn_1IORANJm8ehcCWGICc5ezCaC - 8994163745052201 - February 24, 2021, 3:01 pm
txn_1IO9iFJm8ehcCWGI14Ibpc1y - 8994163744759200 - February 24, 2021, 3:01 pm
txn_1IODpjJm8ehcCWGIUMtWDpGX - 8994163745049201 - February 24, 2021, 3:01 pm
txn_1IORMTJm8ehcCWGIeIMSU8Wk - 8994163744930203 - February 24, 2021, 3:01 pm
2021Influencer405 - 8994163745059200 - February 24, 2021, 3:03 pm
2021Influencer431 - 8994163744771202 - February 24, 2021, 3:03 pm
2021Influencer418 - 8994163745054205 - February 24, 2021, 3:03 pm
2021Influencer404 - 8994163744932207 - February 24, 2021, 3:03 pm
2021Influencer430 - 8994163745053208 - February 24, 2021, 3:03 pm
2021Influencer417 - 8994163744766208 - February 24, 2021, 3:03 pm
txn_1INnRsJm8ehcCWGIhmirD9GZ - 8994163745050207 - February 24, 2021, 3:03 pm
2021Influencer429 - 8994163744760206 - February 24, 2021, 3:03 pm
2021Influencer416 - 8994163745048204 - February 24, 2021, 3:03 pm
txn_1IODQIJm8ehcCWGIndPeCFh5 - 8994163744775200 - February 24, 2021, 3:03 pm
txn_1IOQuPJm8ehcCWGI9gOWBer4 - 8994163745061203 - February 24, 2021, 3:03 pm
txn_1IFJrmJm8ehcCWGIavMfJCKl - 8994163744935208 - February 24, 2021, 3:03 pm
txn_1IODa5Jm8ehcCWGICoupMluL - 8994163744936205 - February 24, 2021, 3:03 pm
txn_1IOR6EJm8ehcCWGI7MdyILVG - 8994163745055202 - February 24, 2021, 3:03 pm
txn_1IODdEJm8ehcCWGITHv1sClV - 8994163744767205 - February 24, 2021, 3:03 pm
txn_1I8W8HJm8ehcCWGISFPXhjCY - 8994163744768202 - February 24, 2021, 3:03 pm
txn_1IORANJm8ehcCWGICc5ezCaC - 8994163745052201 - February 24, 2021, 3:03 pm
txn_1IO9iFJm8ehcCWGI14Ibpc1y - 8994163744759200 - February 24, 2021, 3:03 pm
txn_1IODpjJm8ehcCWGIUMtWDpGX - 8994163745049201 - February 24, 2021, 3:03 pm
txn_1IORMTJm8ehcCWGIeIMSU8Wk - 8994163744930203 - February 24, 2021, 3:03 pm
txn_1IHE5iJm8ehcCWGIp4x1ma02 - 8994163745107208 - February 24, 2021, 3:03 pm
txn_1IOC2dJm8ehcCWGI51APQY6z - 8994163745209209 - February 24, 2021, 3:03 pm
2021Influencer425 - 8994163744978205 - February 24, 2021, 3:03 pm
txn_1IHDm0Jm8ehcCWGIG3ShVAzN - 8994163745208202 - February 24, 2021, 3:03 pm
txn_1IORnSJm8ehcCWGIrelCCz8C - 8994163745104207 - February 24, 2021, 3:03 pm
2021Influencer409 - 8994163745103200 - February 24, 2021, 3:03 pm
2021Influencer424 - 8994163745100209 - February 24, 2021, 3:03 pm
txn_1IOCI9Jm8ehcCWGIcBv5FwYE - 8994163745207205 - February 24, 2021, 3:03 pm
txn_1IOS3sJm8ehcCWGIyP3NClmH - 8994163745205201 - February 24, 2021, 3:03 pm
txn_1IHC2OJm8ehcCWGI4KszgrOE - 8994163744975204 - February 24, 2021, 3:03 pm
2021Influencer408 - 8994163745099206 - February 24, 2021, 3:03 pm
txn_1IOCj9Jm8ehcCWGIf6gbhQQ4 - 8994163744970209 - February 24, 2021, 3:03 pm
txn_1IGzfIJm8ehcCWGIEwCOTsr0 - 8994163745203207 - February 24, 2021, 3:03 pm
txn_1IOSZnJm8ehcCWGI5TuY1Fpm - 8994163744971206 - February 24, 2021, 3:03 pm
2021Influencer423 - 8994163745204204 - February 24, 2021, 3:03 pm
2021Influencer407 - 8994163744969203 - February 24, 2021, 3:03 pm
2021Influencer438 - 8994163744965205 - February 24, 2021, 3:03 pm
txn_1IOCmNJm8ehcCWGI9KPpJ4Dp - 8994163744799206 - February 24, 2021, 3:03 pm
2021Influencer422 - 8994163744797202 - February 24, 2021, 3:03 pm
txn_1IGyeZJm8ehcCWGILPExvnTA - 8994163744798209 - February 24, 2021, 3:03 pm
2021Influencer406 - 8994163745093204 - February 24, 2021, 3:03 pm
2021Influencer405 - 8994163745059200 - February 24, 2021, 3:03 pm
2021Influencer431 - 8994163744771202 - February 24, 2021, 3:03 pm
2021Influencer418 - 8994163745054205 - February 24, 2021, 3:03 pm
2021Influencer404 - 8994163744932207 - February 24, 2021, 3:03 pm
2021Influencer430 - 8994163745053208 - February 24, 2021, 3:03 pm
2021Influencer417 - 8994163744766208 - February 24, 2021, 3:03 pm
txn_1INnRsJm8ehcCWGIhmirD9GZ - 8994163745050207 - February 24, 2021, 3:03 pm
2021Influencer429 - 8994163744760206 - February 24, 2021, 3:03 pm
2021Influencer416 - 8994163745048204 - February 24, 2021, 3:03 pm
txn_1IODQIJm8ehcCWGIndPeCFh5 - 8994163744775200 - February 24, 2021, 3:03 pm
txn_1IOQuPJm8ehcCWGI9gOWBer4 - 8994163745061203 - February 24, 2021, 3:03 pm
txn_1IFJrmJm8ehcCWGIavMfJCKl - 8994163744935208 - February 24, 2021, 3:03 pm
txn_1IODa5Jm8ehcCWGICoupMluL - 8994163744936205 - February 24, 2021, 3:03 pm
txn_1IOR6EJm8ehcCWGI7MdyILVG - 8994163745055202 - February 24, 2021, 3:03 pm
txn_1IODdEJm8ehcCWGITHv1sClV - 8994163744767205 - February 24, 2021, 3:03 pm
txn_1I8W8HJm8ehcCWGISFPXhjCY - 8994163744768202 - February 24, 2021, 3:03 pm
txn_1IORANJm8ehcCWGICc5ezCaC - 8994163745052201 - February 24, 2021, 3:03 pm
txn_1IO9iFJm8ehcCWGI14Ibpc1y - 8994163744759200 - February 24, 2021, 3:03 pm
txn_1IODpjJm8ehcCWGIUMtWDpGX - 8994163745049201 - February 24, 2021, 3:03 pm
txn_1IORMTJm8ehcCWGIeIMSU8Wk - 8994163744930203 - February 24, 2021, 3:03 pm
txn_1IHE5iJm8ehcCWGIp4x1ma02 - 8994163745107208 - February 24, 2021, 3:03 pm
txn_1IOC2dJm8ehcCWGI51APQY6z - 8994163745209209 - February 24, 2021, 3:03 pm
2021Influencer425 - 8994163744978205 - February 24, 2021, 3:03 pm
txn_1IHDm0Jm8ehcCWGIG3ShVAzN - 8994163745208202 - February 24, 2021, 3:03 pm
txn_1IORnSJm8ehcCWGIrelCCz8C - 8994163745104207 - February 24, 2021, 3:03 pm
2021Influencer409 - 8994163745103200 - February 24, 2021, 3:03 pm
2021Influencer424 - 8994163745100209 - February 24, 2021, 3:03 pm
txn_1IOCI9Jm8ehcCWGIcBv5FwYE - 8994163745207205 - February 24, 2021, 3:03 pm
txn_1IOS3sJm8ehcCWGIyP3NClmH - 8994163745205201 - February 24, 2021, 3:03 pm
txn_1IHC2OJm8ehcCWGI4KszgrOE - 8994163744975204 - February 24, 2021, 3:03 pm
2021Influencer408 - 8994163745099206 - February 24, 2021, 3:03 pm
txn_1IOCj9Jm8ehcCWGIf6gbhQQ4 - 8994163744970209 - February 24, 2021, 3:03 pm
txn_1IGzfIJm8ehcCWGIEwCOTsr0 - 8994163745203207 - February 24, 2021, 3:03 pm
txn_1IOSZnJm8ehcCWGI5TuY1Fpm - 8994163744971206 - February 24, 2021, 3:03 pm
2021Influencer423 - 8994163745204204 - February 24, 2021, 3:03 pm
2021Influencer407 - 8994163744969203 - February 24, 2021, 3:03 pm
2021Influencer438 - 8994163744965205 - February 24, 2021, 3:03 pm
txn_1IOCmNJm8ehcCWGI9KPpJ4Dp - 8994163744799206 - February 24, 2021, 3:03 pm
2021Influencer422 - 8994163744797202 - February 24, 2021, 3:03 pm
txn_1IGyeZJm8ehcCWGILPExvnTA - 8994163744798209 - February 24, 2021, 3:03 pm
2021Influencer406 - 8994163745093204 - February 24, 2021, 3:03 pm
2021Influencer405 - 8994163745059200 - February 24, 2021, 3:03 pm
2021Influencer431 - 8994163744771202 - February 24, 2021, 3:03 pm
2021Influencer418 - 8994163745054205 - February 24, 2021, 3:03 pm
2021Influencer404 - 8994163744932207 - February 24, 2021, 3:03 pm
2021Influencer430 - 8994163745053208 - February 24, 2021, 3:03 pm
2021Influencer417 - 8994163744766208 - February 24, 2021, 3:03 pm
txn_1INnRsJm8ehcCWGIhmirD9GZ - 8994163745050207 - February 24, 2021, 3:03 pm
2021Influencer429 - 8994163744760206 - February 24, 2021, 3:03 pm
2021Influencer416 - 8994163745048204 - February 24, 2021, 3:03 pm
txn_1IODQIJm8ehcCWGIndPeCFh5 - 8994163744775200 - February 24, 2021, 3:03 pm
txn_1IOQuPJm8ehcCWGI9gOWBer4 - 8994163745061203 - February 24, 2021, 3:03 pm
txn_1IFJrmJm8ehcCWGIavMfJCKl - 8994163744935208 - February 24, 2021, 3:03 pm
txn_1IODa5Jm8ehcCWGICoupMluL - 8994163744936205 - February 24, 2021, 3:03 pm
txn_1IOR6EJm8ehcCWGI7MdyILVG - 8994163745055202 - February 24, 2021, 3:03 pm
txn_1IODdEJm8ehcCWGITHv1sClV - 8994163744767205 - February 24, 2021, 3:03 pm
txn_1I8W8HJm8ehcCWGISFPXhjCY - 8994163744768202 - February 24, 2021, 3:03 pm
txn_1IORANJm8ehcCWGICc5ezCaC - 8994163745052201 - February 24, 2021, 3:03 pm
txn_1IO9iFJm8ehcCWGI14Ibpc1y - 8994163744759200 - February 24, 2021, 3:03 pm
txn_1IODpjJm8ehcCWGIUMtWDpGX - 8994163745049201 - February 24, 2021, 3:03 pm
txn_1IORMTJm8ehcCWGIeIMSU8Wk - 8994163744930203 - February 24, 2021, 3:03 pm
txn_1IHE5iJm8ehcCWGIp4x1ma02 - 8994163745107208 - February 24, 2021, 3:03 pm
txn_1IOC2dJm8ehcCWGI51APQY6z - 8994163745209209 - February 24, 2021, 3:03 pm
2021Influencer425 - 8994163744978205 - February 24, 2021, 3:03 pm
txn_1IHDm0Jm8ehcCWGIG3ShVAzN - 8994163745208202 - February 24, 2021, 3:03 pm
txn_1IORnSJm8ehcCWGIrelCCz8C - 8994163745104207 - February 24, 2021, 3:03 pm
2021Influencer409 - 8994163745103200 - February 24, 2021, 3:03 pm
2021Influencer424 - 8994163745100209 - February 24, 2021, 3:03 pm
txn_1IOCI9Jm8ehcCWGIcBv5FwYE - 8994163745207205 - February 24, 2021, 3:03 pm
txn_1IOS3sJm8ehcCWGIyP3NClmH - 8994163745205201 - February 24, 2021, 3:03 pm
txn_1IHC2OJm8ehcCWGI4KszgrOE - 8994163744975204 - February 24, 2021, 3:03 pm
2021Influencer408 - 8994163745099206 - February 24, 2021, 3:03 pm
txn_1IOCj9Jm8ehcCWGIf6gbhQQ4 - 8994163744970209 - February 24, 2021, 3:03 pm
txn_1IGzfIJm8ehcCWGIEwCOTsr0 - 8994163745203207 - February 24, 2021, 3:03 pm
txn_1IOSZnJm8ehcCWGI5TuY1Fpm - 8994163744971206 - February 24, 2021, 3:03 pm
2021Influencer423 - 8994163745204204 - February 24, 2021, 3:03 pm
2021Influencer407 - 8994163744969203 - February 24, 2021, 3:03 pm
2021Influencer438 - 8994163744965205 - February 24, 2021, 3:03 pm
txn_1IOCmNJm8ehcCWGI9KPpJ4Dp - 8994163744799206 - February 24, 2021, 3:03 pm
2021Influencer422 - 8994163744797202 - February 24, 2021, 3:03 pm
txn_1IGyeZJm8ehcCWGILPExvnTA - 8994163744798209 - February 24, 2021, 3:03 pm
2021Influencer406 - 8994163745093204 - February 24, 2021, 3:03 pm
txn_1IHZjCJm8ehcCWGI8egDFvww - 8994163745242206 - February 24, 2021, 3:03 pm
2021Influencer434 - 8994163745241209 - February 24, 2021, 3:03 pm
txn_1IOBQ1Jm8ehcCWGIJFuaJ12t - 8994163744988204 - February 24, 2021, 3:03 pm
2021Influencer411 - 8994163744987207 - February 24, 2021, 3:03 pm
txn_1IHZB7Jm8ehcCWGIJL5cLUGh - 8994163745236205 - February 24, 2021, 3:03 pm
txn_1IOE8PJm8ehcCWGINIHZJT5b - 8994163744986200 - February 24, 2021, 3:03 pm
2021Influencer410 - 8994163745124205 - February 24, 2021, 3:03 pm
2021Influencer433 - 8994163745237202 - February 24, 2021, 3:03 pm
2021Influencer405 - 8994163745059200 - February 24, 2021, 3:04 pm
2021Influencer431 - 8994163744771202 - February 24, 2021, 3:04 pm
2021Influencer418 - 8994163745054205 - February 24, 2021, 3:04 pm
2021Influencer404 - 8994163744932207 - February 24, 2021, 3:04 pm
2021Influencer430 - 8994163745053208 - February 24, 2021, 3:04 pm
2021Influencer417 - 8994163744766208 - February 24, 2021, 3:04 pm
txn_1INnRsJm8ehcCWGIhmirD9GZ - 8994163745050207 - February 24, 2021, 3:04 pm
2021Influencer429 - 8994163744760206 - February 24, 2021, 3:04 pm
2021Influencer416 - 8994163745048204 - February 24, 2021, 3:04 pm
txn_1IODQIJm8ehcCWGIndPeCFh5 - 8994163744775200 - February 24, 2021, 3:04 pm
txn_1IOQuPJm8ehcCWGI9gOWBer4 - 8994163745061203 - February 24, 2021, 3:04 pm
txn_1IFJrmJm8ehcCWGIavMfJCKl - 8994163744935208 - February 24, 2021, 3:04 pm
txn_1IODa5Jm8ehcCWGICoupMluL - 8994163744936205 - February 24, 2021, 3:04 pm
txn_1IOR6EJm8ehcCWGI7MdyILVG - 8994163745055202 - February 24, 2021, 3:04 pm
txn_1IODdEJm8ehcCWGITHv1sClV - 8994163744767205 - February 24, 2021, 3:04 pm
txn_1I8W8HJm8ehcCWGISFPXhjCY - 8994163744768202 - February 24, 2021, 3:04 pm
txn_1IORANJm8ehcCWGICc5ezCaC - 8994163745052201 - February 24, 2021, 3:04 pm
txn_1IO9iFJm8ehcCWGI14Ibpc1y - 8994163744759200 - February 24, 2021, 3:04 pm
txn_1IODpjJm8ehcCWGIUMtWDpGX - 8994163745049201 - February 24, 2021, 3:04 pm
txn_1IORMTJm8ehcCWGIeIMSU8Wk - 8994163744930203 - February 24, 2021, 3:04 pm
txn_1IHE5iJm8ehcCWGIp4x1ma02 - 8994163745107208 - February 24, 2021, 3:04 pm
txn_1IOC2dJm8ehcCWGI51APQY6z - 8994163745209209 - February 24, 2021, 3:04 pm
2021Influencer425 - 8994163744978205 - February 24, 2021, 3:04 pm
txn_1IHDm0Jm8ehcCWGIG3ShVAzN - 8994163745208202 - February 24, 2021, 3:04 pm
txn_1IORnSJm8ehcCWGIrelCCz8C - 8994163745104207 - February 24, 2021, 3:04 pm
2021Influencer409 - 8994163745103200 - February 24, 2021, 3:04 pm
2021Influencer424 - 8994163745100209 - February 24, 2021, 3:04 pm
txn_1IOCI9Jm8ehcCWGIcBv5FwYE - 8994163745207205 - February 24, 2021, 3:04 pm
txn_1IOS3sJm8ehcCWGIyP3NClmH - 8994163745205201 - February 24, 2021, 3:04 pm
txn_1IHC2OJm8ehcCWGI4KszgrOE - 8994163744975204 - February 24, 2021, 3:04 pm
2021Influencer408 - 8994163745099206 - February 24, 2021, 3:04 pm
txn_1IOCj9Jm8ehcCWGIf6gbhQQ4 - 8994163744970209 - February 24, 2021, 3:04 pm
txn_1IGzfIJm8ehcCWGIEwCOTsr0 - 8994163745203207 - February 24, 2021, 3:04 pm
txn_1IOSZnJm8ehcCWGI5TuY1Fpm - 8994163744971206 - February 24, 2021, 3:04 pm
2021Influencer423 - 8994163745204204 - February 24, 2021, 3:04 pm
2021Influencer407 - 8994163744969203 - February 24, 2021, 3:04 pm
2021Influencer438 - 8994163744965205 - February 24, 2021, 3:04 pm
txn_1IOCmNJm8ehcCWGI9KPpJ4Dp - 8994163744799206 - February 24, 2021, 3:04 pm
2021Influencer422 - 8994163744797202 - February 24, 2021, 3:04 pm
txn_1IGyeZJm8ehcCWGILPExvnTA - 8994163744798209 - February 24, 2021, 3:04 pm
2021Influencer406 - 8994163745093204 - February 24, 2021, 3:04 pm
txn_1IOQY6Jm8ehcCWGIH5vTijb4 - 8994163745135201 - February 24, 2021, 3:04 pm
2021Influencer419 - 8994163745136208 - February 24, 2021, 3:04 pm
txn_1IO9imJm8ehcCWGINlTtXROX - 8994163745251208 - February 24, 2021, 3:04 pm
txn_1IOQs4Jm8ehcCWGImajtX47g - 8994163745249205 - February 24, 2021, 3:04 pm
2021Influencer415 - 8994163745401207 - February 24, 2021, 3:04 pm
txn_1IOAehJm8ehcCWGIpo9UEd87 - 8994163745130206 - February 24, 2021, 3:04 pm
2021Influencer414 - 8994163744998203 - February 24, 2021, 3:04 pm
2021Influencer437 - 8994163744997206 - February 24, 2021, 3:04 pm
txn_1IOAjFJm8ehcCWGIUp3jvs4V - 8994163744995202 - February 24, 2021, 3:04 pm
2021Influencer413 - 8994163745245207 - February 24, 2021, 3:04 pm
2021Influencer436 - 8994163744994205 - February 24, 2021, 3:04 pm
txn_1IOAp7Jm8ehcCWGIQkxIr9Lx - 8994163745127206 - February 24, 2021, 3:04 pm
2021Influencer435 - 8994163745126209 - February 24, 2021, 3:04 pm
2021Influencer412 - 8994163745243203 - February 24, 2021, 3:04 pm
txn_1IHZjCJm8ehcCWGI8egDFvww - 8994163745242206 - February 24, 2021, 3:04 pm
2021Influencer434 - 8994163745241209 - February 24, 2021, 3:04 pm
txn_1IOBQ1Jm8ehcCWGIJFuaJ12t - 8994163744988204 - February 24, 2021, 3:04 pm
2021Influencer411 - 8994163744987207 - February 24, 2021, 3:04 pm
txn_1IHZB7Jm8ehcCWGIJL5cLUGh - 8994163745236205 - February 24, 2021, 3:04 pm
txn_1IOE8PJm8ehcCWGINIHZJT5b - 8994163744986200 - February 24, 2021, 3:04 pm
2021Influencer410 - 8994163745124205 - February 24, 2021, 3:04 pm
2021Influencer433 - 8994163745237202 - February 24, 2021, 3:04 pm
2021Influencer405 - 8994163745059200 - February 24, 2021, 3:04 pm
2021Influencer431 - 8994163744771202 - February 24, 2021, 3:04 pm
2021Influencer418 - 8994163745054205 - February 24, 2021, 3:04 pm
2021Influencer404 - 8994163744932207 - February 24, 2021, 3:04 pm
2021Influencer430 - 8994163745053208 - February 24, 2021, 3:04 pm
2021Influencer417 - 8994163744766208 - February 24, 2021, 3:04 pm
txn_1INnRsJm8ehcCWGIhmirD9GZ - 8994163745050207 - February 24, 2021, 3:04 pm
2021Influencer429 - 8994163744760206 - February 24, 2021, 3:04 pm
2021Influencer416 - 8994163745048204 - February 24, 2021, 3:04 pm
txn_1IODQIJm8ehcCWGIndPeCFh5 - 8994163744775200 - February 24, 2021, 3:04 pm
txn_1IOQuPJm8ehcCWGI9gOWBer4 - 8994163745061203 - February 24, 2021, 3:04 pm
txn_1IFJrmJm8ehcCWGIavMfJCKl - 8994163744935208 - February 24, 2021, 3:04 pm
txn_1IODa5Jm8ehcCWGICoupMluL - 8994163744936205 - February 24, 2021, 3:04 pm
txn_1IOR6EJm8ehcCWGI7MdyILVG - 8994163745055202 - February 24, 2021, 3:04 pm
txn_1IODdEJm8ehcCWGITHv1sClV - 8994163744767205 - February 24, 2021, 3:04 pm
txn_1I8W8HJm8ehcCWGISFPXhjCY - 8994163744768202 - February 24, 2021, 3:04 pm
txn_1IORANJm8ehcCWGICc5ezCaC - 8994163745052201 - February 24, 2021, 3:04 pm
txn_1IO9iFJm8ehcCWGI14Ibpc1y - 8994163744759200 - February 24, 2021, 3:04 pm
txn_1IODpjJm8ehcCWGIUMtWDpGX - 8994163745049201 - February 24, 2021, 3:04 pm
txn_1IORMTJm8ehcCWGIeIMSU8Wk - 8994163744930203 - February 24, 2021, 3:04 pm
txn_1IHE5iJm8ehcCWGIp4x1ma02 - 8994163745107208 - February 24, 2021, 3:04 pm
txn_1IOC2dJm8ehcCWGI51APQY6z - 8994163745209209 - February 24, 2021, 3:04 pm
2021Influencer425 - 8994163744978205 - February 24, 2021, 3:04 pm
txn_1IHDm0Jm8ehcCWGIG3ShVAzN - 8994163745208202 - February 24, 2021, 3:04 pm
txn_1IORnSJm8ehcCWGIrelCCz8C - 8994163745104207 - February 24, 2021, 3:04 pm
2021Influencer409 - 8994163745103200 - February 24, 2021, 3:04 pm
2021Influencer424 - 8994163745100209 - February 24, 2021, 3:04 pm
txn_1IOCI9Jm8ehcCWGIcBv5FwYE - 8994163745207205 - February 24, 2021, 3:04 pm
txn_1IOS3sJm8ehcCWGIyP3NClmH - 8994163745205201 - February 24, 2021, 3:04 pm
txn_1IHC2OJm8ehcCWGI4KszgrOE - 8994163744975204 - February 24, 2021, 3:04 pm
2021Influencer408 - 8994163745099206 - February 24, 2021, 3:04 pm
txn_1IOCj9Jm8ehcCWGIf6gbhQQ4 - 8994163744970209 - February 24, 2021, 3:04 pm
txn_1IGzfIJm8ehcCWGIEwCOTsr0 - 8994163745203207 - February 24, 2021, 3:04 pm
txn_1IOSZnJm8ehcCWGI5TuY1Fpm - 8994163744971206 - February 24, 2021, 3:04 pm
2021Influencer423 - 8994163745204204 - February 24, 2021, 3:04 pm
2021Influencer407 - 8994163744969203 - February 24, 2021, 3:04 pm
2021Influencer438 - 8994163744965205 - February 24, 2021, 3:04 pm
txn_1IOCmNJm8ehcCWGI9KPpJ4Dp - 8994163744799206 - February 24, 2021, 3:04 pm
2021Influencer422 - 8994163744797202 - February 24, 2021, 3:04 pm
txn_1IGyeZJm8ehcCWGILPExvnTA - 8994163744798209 - February 24, 2021, 3:04 pm
2021Influencer406 - 8994163745093204 - February 24, 2021, 3:04 pm
txn_1IOQY6Jm8ehcCWGIH5vTijb4 - 8994163745135201 - February 24, 2021, 3:04 pm
2021Influencer419 - 8994163745136208 - February 24, 2021, 3:04 pm
txn_1IO9imJm8ehcCWGINlTtXROX - 8994163745251208 - February 24, 2021, 3:04 pm
txn_1IOQs4Jm8ehcCWGImajtX47g - 8994163745249205 - February 24, 2021, 3:04 pm
2021Influencer415 - 8994163745401207 - February 24, 2021, 3:04 pm
txn_1IOAehJm8ehcCWGIpo9UEd87 - 8994163745130206 - February 24, 2021, 3:04 pm
2021Influencer414 - 8994163744998203 - February 24, 2021, 3:04 pm
2021Influencer437 - 8994163744997206 - February 24, 2021, 3:04 pm
txn_1IOAjFJm8ehcCWGIUp3jvs4V - 8994163744995202 - February 24, 2021, 3:04 pm
2021Influencer413 - 8994163745245207 - February 24, 2021, 3:04 pm
2021Influencer436 - 8994163744994205 - February 24, 2021, 3:04 pm
txn_1IOAp7Jm8ehcCWGIQkxIr9Lx - 8994163745127206 - February 24, 2021, 3:04 pm
2021Influencer435 - 8994163745126209 - February 24, 2021, 3:04 pm
2021Influencer412 - 8994163745243203 - February 24, 2021, 3:04 pm
txn_1IHZjCJm8ehcCWGI8egDFvww - 8994163745242206 - February 24, 2021, 3:04 pm
2021Influencer434 - 8994163745241209 - February 24, 2021, 3:04 pm
txn_1IOBQ1Jm8ehcCWGIJFuaJ12t - 8994163744988204 - February 24, 2021, 3:04 pm
2021Influencer411 - 8994163744987207 - February 24, 2021, 3:04 pm
txn_1IHZB7Jm8ehcCWGIJL5cLUGh - 8994163745236205 - February 24, 2021, 3:04 pm
txn_1IOE8PJm8ehcCWGINIHZJT5b - 8994163744986200 - February 24, 2021, 3:04 pm
2021Influencer410 - 8994163745124205 - February 24, 2021, 3:04 pm
2021Influencer433 - 8994163745237202 - February 24, 2021, 3:04 pm
txn_1IOIoZJm8ehcCWGIhJit2ILZ -  - February 24, 2021, 3:04 pm
txn_1IOIxpJm8ehcCWGIvs0luWyN -  - February 24, 2021, 3:04 pm
txn_1IOJ1WJm8ehcCWGIO80BdpVl -  - February 24, 2021, 3:04 pm
txn_1IOJ92Jm8ehcCWGIpIE4FMMC -  - February 24, 2021, 3:04 pm
txn_1IOO1pJm8ehcCWGIMwAM0df8 -  - February 24, 2021, 3:04 pm
txn_1IOPABJm8ehcCWGIINwkhveE -  - February 24, 2021, 3:04 pm
2021Influencer432 -  - February 24, 2021, 3:04 pm
txn_1IHKSCJm8ehcCWGIF0IBde52 -  - February 24, 2021, 3:04 pm
2021Influencer428 -  - February 24, 2021, 3:04 pm
txn_1IHG0QJm8ehcCWGIwloKkCQB -  - February 24, 2021, 3:04 pm
txn_1IHFeaJm8ehcCWGIwuh8iFTt -  - February 24, 2021, 3:04 pm
2021Influencer427 -  - February 24, 2021, 3:04 pm
txn_1IGwaHJm8ehcCWGI3weYNYfH -  - February 24, 2021, 3:04 pm
2021Influencer426 -  - February 24, 2021, 3:04 pm
txn_1IGrz8Jm8ehcCWGIKo0aDfI2 -  - February 24, 2021, 3:04 pm
2021Influencer421 -  - February 24, 2021, 3:04 pm
txn_1IGrMiJm8ehcCWGI0bIUvPIv -  - February 24, 2021, 3:04 pm
2021Influencer420 -  - February 24, 2021, 3:04 pm
2021Influencer405 - 8994163745059200 - February 24, 2021, 3:04 pm
2021Influencer431 - 8994163744771202 - February 24, 2021, 3:04 pm
2021Influencer418 - 8994163745054205 - February 24, 2021, 3:04 pm
2021Influencer404 - 8994163744932207 - February 24, 2021, 3:04 pm
2021Influencer430 - 8994163745053208 - February 24, 2021, 3:04 pm
2021Influencer417 - 8994163744766208 - February 24, 2021, 3:04 pm
txn_1INnRsJm8ehcCWGIhmirD9GZ - 8994163745050207 - February 24, 2021, 3:04 pm
2021Influencer429 - 8994163744760206 - February 24, 2021, 3:04 pm
2021Influencer416 - 8994163745048204 - February 24, 2021, 3:04 pm
txn_1IODQIJm8ehcCWGIndPeCFh5 - 8994163744775200 - February 24, 2021, 3:04 pm
txn_1IOQuPJm8ehcCWGI9gOWBer4 - 8994163745061203 - February 24, 2021, 3:04 pm
txn_1IFJrmJm8ehcCWGIavMfJCKl - 8994163744935208 - February 24, 2021, 3:04 pm
txn_1IODa5Jm8ehcCWGICoupMluL - 8994163744936205 - February 24, 2021, 3:04 pm
txn_1IOR6EJm8ehcCWGI7MdyILVG - 8994163745055202 - February 24, 2021, 3:04 pm
txn_1IODdEJm8ehcCWGITHv1sClV - 8994163744767205 - February 24, 2021, 3:04 pm
txn_1I8W8HJm8ehcCWGISFPXhjCY - 8994163744768202 - February 24, 2021, 3:04 pm
txn_1IORANJm8ehcCWGICc5ezCaC - 8994163745052201 - February 24, 2021, 3:04 pm
txn_1IO9iFJm8ehcCWGI14Ibpc1y - 8994163744759200 - February 24, 2021, 3:04 pm
txn_1IODpjJm8ehcCWGIUMtWDpGX - 8994163745049201 - February 24, 2021, 3:04 pm
txn_1IORMTJm8ehcCWGIeIMSU8Wk - 8994163744930203 - February 24, 2021, 3:04 pm
txn_1IHE5iJm8ehcCWGIp4x1ma02 - 8994163745107208 - February 24, 2021, 3:04 pm
txn_1IOC2dJm8ehcCWGI51APQY6z - 8994163745209209 - February 24, 2021, 3:04 pm
2021Influencer425 - 8994163744978205 - February 24, 2021, 3:04 pm
txn_1IHDm0Jm8ehcCWGIG3ShVAzN - 8994163745208202 - February 24, 2021, 3:04 pm
txn_1IORnSJm8ehcCWGIrelCCz8C - 8994163745104207 - February 24, 2021, 3:04 pm
2021Influencer409 - 8994163745103200 - February 24, 2021, 3:04 pm
2021Influencer424 - 8994163745100209 - February 24, 2021, 3:04 pm
txn_1IOCI9Jm8ehcCWGIcBv5FwYE - 8994163745207205 - February 24, 2021, 3:04 pm
txn_1IOS3sJm8ehcCWGIyP3NClmH - 8994163745205201 - February 24, 2021, 3:04 pm
txn_1IHC2OJm8ehcCWGI4KszgrOE - 8994163744975204 - February 24, 2021, 3:04 pm
2021Influencer408 - 8994163745099206 - February 24, 2021, 3:04 pm
txn_1IOCj9Jm8ehcCWGIf6gbhQQ4 - 8994163744970209 - February 24, 2021, 3:04 pm
txn_1IGzfIJm8ehcCWGIEwCOTsr0 - 8994163745203207 - February 24, 2021, 3:04 pm
txn_1IOSZnJm8ehcCWGI5TuY1Fpm - 8994163744971206 - February 24, 2021, 3:04 pm
2021Influencer423 - 8994163745204204 - February 24, 2021, 3:04 pm
2021Influencer407 - 8994163744969203 - February 24, 2021, 3:04 pm
2021Influencer438 - 8994163744965205 - February 24, 2021, 3:04 pm
txn_1IOCmNJm8ehcCWGI9KPpJ4Dp - 8994163744799206 - February 24, 2021, 3:04 pm
2021Influencer422 - 8994163744797202 - February 24, 2021, 3:04 pm
txn_1IGyeZJm8ehcCWGILPExvnTA - 8994163744798209 - February 24, 2021, 3:04 pm
2021Influencer406 - 8994163745093204 - February 24, 2021, 3:04 pm
txn_1IOQY6Jm8ehcCWGIH5vTijb4 - 8994163745135201 - February 24, 2021, 3:04 pm
2021Influencer419 - 8994163745136208 - February 24, 2021, 3:04 pm
txn_1IO9imJm8ehcCWGINlTtXROX - 8994163745251208 - February 24, 2021, 3:04 pm
txn_1IOQs4Jm8ehcCWGImajtX47g - 8994163745249205 - February 24, 2021, 3:04 pm
2021Influencer415 - 8994163745401207 - February 24, 2021, 3:04 pm
txn_1IOAehJm8ehcCWGIpo9UEd87 - 8994163745130206 - February 24, 2021, 3:04 pm
2021Influencer414 - 8994163744998203 - February 24, 2021, 3:04 pm
2021Influencer437 - 8994163744997206 - February 24, 2021, 3:04 pm
txn_1IOAjFJm8ehcCWGIUp3jvs4V - 8994163744995202 - February 24, 2021, 3:04 pm
2021Influencer413 - 8994163745245207 - February 24, 2021, 3:04 pm
2021Influencer436 - 8994163744994205 - February 24, 2021, 3:04 pm
txn_1IOAp7Jm8ehcCWGIQkxIr9Lx - 8994163745127206 - February 24, 2021, 3:04 pm
2021Influencer435 - 8994163745126209 - February 24, 2021, 3:04 pm
2021Influencer412 - 8994163745243203 - February 24, 2021, 3:04 pm
txn_1IHZjCJm8ehcCWGI8egDFvww - 8994163745242206 - February 24, 2021, 3:04 pm
2021Influencer434 - 8994163745241209 - February 24, 2021, 3:04 pm
txn_1IOBQ1Jm8ehcCWGIJFuaJ12t - 8994163744988204 - February 24, 2021, 3:04 pm
2021Influencer411 - 8994163744987207 - February 24, 2021, 3:04 pm
txn_1IHZB7Jm8ehcCWGIJL5cLUGh - 8994163745236205 - February 24, 2021, 3:04 pm
txn_1IOE8PJm8ehcCWGINIHZJT5b - 8994163744986200 - February 24, 2021, 3:04 pm
2021Influencer410 - 8994163745124205 - February 24, 2021, 3:04 pm
2021Influencer433 - 8994163745237202 - February 24, 2021, 3:04 pm
2021Influencer405 - 8994163745059200 - February 24, 2021, 3:05 pm
2021Influencer431 - 8994163744771202 - February 24, 2021, 3:05 pm
2021Influencer418 - 8994163745054205 - February 24, 2021, 3:05 pm
2021Influencer404 - 8994163744932207 - February 24, 2021, 3:05 pm
2021Influencer430 - 8994163745053208 - February 24, 2021, 3:05 pm
2021Influencer417 - 8994163744766208 - February 24, 2021, 3:05 pm
txn_1INnRsJm8ehcCWGIhmirD9GZ - 8994163745050207 - February 24, 2021, 3:05 pm
2021Influencer429 - 8994163744760206 - February 24, 2021, 3:05 pm
2021Influencer416 - 8994163745048204 - February 24, 2021, 3:05 pm
txn_1IODQIJm8ehcCWGIndPeCFh5 - 8994163744775200 - February 24, 2021, 3:05 pm
txn_1IOQuPJm8ehcCWGI9gOWBer4 - 8994163745061203 - February 24, 2021, 3:05 pm
txn_1IFJrmJm8ehcCWGIavMfJCKl - 8994163744935208 - February 24, 2021, 3:05 pm
txn_1IODa5Jm8ehcCWGICoupMluL - 8994163744936205 - February 24, 2021, 3:05 pm
txn_1IOR6EJm8ehcCWGI7MdyILVG - 8994163745055202 - February 24, 2021, 3:05 pm
txn_1IODdEJm8ehcCWGITHv1sClV - 8994163744767205 - February 24, 2021, 3:05 pm
txn_1I8W8HJm8ehcCWGISFPXhjCY - 8994163744768202 - February 24, 2021, 3:05 pm
txn_1IORANJm8ehcCWGICc5ezCaC - 8994163745052201 - February 24, 2021, 3:05 pm
txn_1IO9iFJm8ehcCWGI14Ibpc1y - 8994163744759200 - February 24, 2021, 3:05 pm
txn_1IODpjJm8ehcCWGIUMtWDpGX - 8994163745049201 - February 24, 2021, 3:05 pm
txn_1IORMTJm8ehcCWGIeIMSU8Wk - 8994163744930203 - February 24, 2021, 3:05 pm
txn_1IHE5iJm8ehcCWGIp4x1ma02 - 8994163745107208 - February 24, 2021, 3:05 pm
txn_1IOC2dJm8ehcCWGI51APQY6z - 8994163745209209 - February 24, 2021, 3:05 pm
2021Influencer425 - 8994163744978205 - February 24, 2021, 3:05 pm
txn_1IHDm0Jm8ehcCWGIG3ShVAzN - 8994163745208202 - February 24, 2021, 3:05 pm
txn_1IORnSJm8ehcCWGIrelCCz8C - 8994163745104207 - February 24, 2021, 3:05 pm
2021Influencer409 - 8994163745103200 - February 24, 2021, 3:05 pm
2021Influencer424 - 8994163745100209 - February 24, 2021, 3:05 pm
txn_1IOCI9Jm8ehcCWGIcBv5FwYE - 8994163745207205 - February 24, 2021, 3:05 pm
txn_1IOS3sJm8ehcCWGIyP3NClmH - 8994163745205201 - February 24, 2021, 3:05 pm
txn_1IHC2OJm8ehcCWGI4KszgrOE - 8994163744975204 - February 24, 2021, 3:05 pm
2021Influencer408 - 8994163745099206 - February 24, 2021, 3:05 pm
txn_1IOCj9Jm8ehcCWGIf6gbhQQ4 - 8994163744970209 - February 24, 2021, 3:05 pm
txn_1IGzfIJm8ehcCWGIEwCOTsr0 - 8994163745203207 - February 24, 2021, 3:05 pm
txn_1IOSZnJm8ehcCWGI5TuY1Fpm - 8994163744971206 - February 24, 2021, 3:05 pm
2021Influencer423 - 8994163745204204 - February 24, 2021, 3:05 pm
2021Influencer407 - 8994163744969203 - February 24, 2021, 3:05 pm
2021Influencer438 - 8994163744965205 - February 24, 2021, 3:05 pm
txn_1IOCmNJm8ehcCWGI9KPpJ4Dp - 8994163744799206 - February 24, 2021, 3:05 pm
2021Influencer422 - 8994163744797202 - February 24, 2021, 3:05 pm
txn_1IGyeZJm8ehcCWGILPExvnTA - 8994163744798209 - February 24, 2021, 3:05 pm
2021Influencer406 - 8994163745093204 - February 24, 2021, 3:05 pm
txn_1IOQY6Jm8ehcCWGIH5vTijb4 - 8994163745135201 - February 24, 2021, 3:05 pm
2021Influencer419 - 8994163745136208 - February 24, 2021, 3:05 pm
txn_1IO9imJm8ehcCWGINlTtXROX - 8994163745251208 - February 24, 2021, 3:05 pm
txn_1IOQs4Jm8ehcCWGImajtX47g - 8994163745249205 - February 24, 2021, 3:05 pm
2021Influencer415 - 8994163745401207 - February 24, 2021, 3:05 pm
txn_1IOAehJm8ehcCWGIpo9UEd87 - 8994163745130206 - February 24, 2021, 3:05 pm
2021Influencer414 - 8994163744998203 - February 24, 2021, 3:05 pm
2021Influencer437 - 8994163744997206 - February 24, 2021, 3:05 pm
txn_1IOAjFJm8ehcCWGIUp3jvs4V - 8994163744995202 - February 24, 2021, 3:05 pm
2021Influencer413 - 8994163745245207 - February 24, 2021, 3:05 pm
2021Influencer436 - 8994163744994205 - February 24, 2021, 3:05 pm
txn_1IOAp7Jm8ehcCWGIQkxIr9Lx - 8994163745127206 - February 24, 2021, 3:05 pm
2021Influencer435 - 8994163745126209 - February 24, 2021, 3:05 pm
2021Influencer412 - 8994163745243203 - February 24, 2021, 3:05 pm
txn_1IHZjCJm8ehcCWGI8egDFvww - 8994163745242206 - February 24, 2021, 3:05 pm
2021Influencer434 - 8994163745241209 - February 24, 2021, 3:05 pm
txn_1IOBQ1Jm8ehcCWGIJFuaJ12t - 8994163744988204 - February 24, 2021, 3:05 pm
2021Influencer411 - 8994163744987207 - February 24, 2021, 3:05 pm
txn_1IHZB7Jm8ehcCWGIJL5cLUGh - 8994163745236205 - February 24, 2021, 3:05 pm
txn_1IOE8PJm8ehcCWGINIHZJT5b - 8994163744986200 - February 24, 2021, 3:05 pm
2021Influencer410 - 8994163745124205 - February 24, 2021, 3:05 pm
2021Influencer433 - 8994163745237202 - February 24, 2021, 3:05 pm
2021Influencer420 - 8994163745267209 - February 24, 2021, 3:05 pm
txn_1IGpx1Jm8ehcCWGIxIsxSEG1 - 8994163745459208 - February 24, 2021, 3:05 pm
txn_1IOIoZJm8ehcCWGIhJit2ILZ - 8994163745455200 - February 24, 2021, 3:05 pm
txn_1IOIxpJm8ehcCWGIvs0luWyN - 8994163745616205 - February 24, 2021, 3:05 pm
txn_1IOJ1WJm8ehcCWGIO80BdpVl - 8994163745452209 - February 24, 2021, 3:05 pm
txn_1IOJ92Jm8ehcCWGIpIE4FMMC - 8994163745613204 - February 24, 2021, 3:05 pm
txn_1IOO1pJm8ehcCWGIMwAM0df8 - 8994163745276201 - February 24, 2021, 3:05 pm
txn_1IOPABJm8ehcCWGIINwkhveE - 8994163745609207 - February 24, 2021, 3:05 pm
2021Influencer432 - 8994163745608200 - February 24, 2021, 3:05 pm
txn_1IHKSCJm8ehcCWGIF0IBde52 - 8994163745607203 - February 24, 2021, 3:05 pm
2021Influencer428 - 8994163745606206 - February 24, 2021, 3:05 pm
txn_1IHG0QJm8ehcCWGIwloKkCQB - 8994163745438203 - February 24, 2021, 3:05 pm
2021Influencer427 - 8994163745436209 - February 24, 2021, 3:05 pm
txn_1IHFeaJm8ehcCWGIwuh8iFTt - 8994163745273200 - February 24, 2021, 3:05 pm
2021Influencer426 - 8994163745434205 - February 24, 2021, 3:05 pm
txn_1IGwaHJm8ehcCWGI3weYNYfH - 8994163745194208 - February 24, 2021, 3:05 pm
2021Influencer421 - 8994163745432201 - February 24, 2021, 3:05 pm
txn_1IGrz8Jm8ehcCWGIKo0aDfI2 - 8994163745182205 - February 24, 2021, 3:05 pm
txn_1IGrMiJm8ehcCWGI0bIUvPIv - 8994163745171209 - February 24, 2021, 3:05 pm
