txn_1Itl5TJm8ehcCWGIACh4hrYv - 8994163571878242 - May 25, 2021, 10:24 am
txn_1IuQXuJm8ehcCWGI0vni2LZK - 8994163572233248 - May 25, 2021, 10:24 am
txn_1IsY3KJm8ehcCWGIjfbHvGiB - 8994163572231244 - May 25, 2021, 10:24 am
txn_1IuToTJm8ehcCWGI0GTY1TWi - 8994163572229241 - May 25, 2021, 10:24 am
txn_1Iu4eQJm8ehcCWGIqydvLtsp - 8994163572228244 - May 25, 2021, 10:24 am
txn_1ItfClJm8ehcCWGIOEIDuUOA - 8994163572227247 - May 25, 2021, 10:24 am
txn_1IuPMtJm8ehcCWGI3SNZRoVl - 8994163572049245 - May 25, 2021, 10:24 am
txn_1ItjxXJm8ehcCWGIOfrW6Qfr - 8994163572048248 - May 25, 2021, 10:24 am
txn_1IsXsKJm8ehcCWGIsPqgPfg4 - 8994163571876248 - May 25, 2021, 10:24 am
txn_1IuToFJm8ehcCWGI93h8ye1V - 8994163572226240 - May 25, 2021, 10:24 am
txn_1Iu2xBJm8ehcCWGIB0Nqjjmf - 8994163572225243 - May 25, 2021, 10:24 am
txn_1ItXRXJm8ehcCWGIbPWCePub - 8994163571874244 - May 25, 2021, 10:24 am
txn_1ItiNhJm8ehcCWGIuEo8ZMmH - 8994163572224246 - May 25, 2021, 10:24 am
txn_1IuOQaJm8ehcCWGInRZJl8dN - 8994163572045247 - May 25, 2021, 10:24 am
txn_1IsXJJJm8ehcCWGIyDjEk7Me - 8994163572046244 - May 25, 2021, 10:24 am
txn_1IuTCaJm8ehcCWGIttgQhdBl - 8994163572218245 - May 25, 2021, 10:24 am
txn_1Iu2FRJm8ehcCWGInXqUBsrB - 8994163571869240 - May 25, 2021, 10:24 am
txn_1In4OsJm8ehcCWGI4ICSD6yp_X - 8994163572220248 - May 25, 2021, 10:24 am
txn_1IsRvWJm8ehcCWGIrcx3tgOX - 8994163572219242 - May 25, 2021, 10:24 am
txn_1ItQ8sJm8ehcCWGIbGvlEyAG - 8994163572039246 - May 25, 2021, 10:24 am
txn_1IuOPkJm8ehcCWGIz2ttr9Zl - 8994163571868243 - May 25, 2021, 10:24 am
2021Influencer663 - 8994163572036245 - May 25, 2021, 10:24 am
txn_1IuNmyJm8ehcCWGIymFiWgMR - 8994163572213240 - May 25, 2021, 10:24 am
txn_1Iu1X8Jm8ehcCWGIEYlSTU5i - 8994163572212243 - May 25, 2021, 10:24 am
txn_1IsR6ZJm8ehcCWGIE4UwNJGG - 8994163571854246 - May 25, 2021, 10:24 am
txn_1IuTATJm8ehcCWGIYBqQA5p7 - 8994163572035248 - May 25, 2021, 10:24 am
txn_1IsxtoJm8ehcCWGIBhE2eXY0 - 8994163572034241 - May 25, 2021, 10:24 am
2021Influencer662 - 8994163572030243 - May 25, 2021, 10:24 am
txn_1IuLKPJm8ehcCWGIu9r7RsEq - 8994163571852242 - May 25, 2021, 10:24 am
txn_1IuT8rJm8ehcCWGIJXJn0Aw4 - 8994163571851245 - May 25, 2021, 10:24 am
txn_1Iu1AQJm8ehcCWGI9QqxuDyn - 8994163571805248 - May 25, 2021, 10:24 am
txn_1IstiZJm8ehcCWGIDbRc97rp - 8994163571804241 - May 25, 2021, 10:24 am
txn_1IsMFcJm8ehcCWGIks9LGax5 - 8994163571850248 - May 25, 2021, 10:24 am
2021Influencer661 - 8994163571800243 - May 25, 2021, 10:24 am
txn_1IuIpNJm8ehcCWGIeakrENlc - 8994163571840249 - May 25, 2021, 10:24 am
txn_1IuSzxJm8ehcCWGILkwABQN5 - 8994163572026246 - May 25, 2021, 10:24 am
txn_1Iu0whJm8ehcCWGIo5if77cp - 8994163571801240 - May 25, 2021, 10:24 am
txn_1IsHw6Jm8ehcCWGIOpjYkS4f - 8994163571799240 - May 25, 2021, 10:24 am
txn_1IsrLYJm8ehcCWGIpl7Cdgzm - 8994163572024242 - May 25, 2021, 10:24 am
txn_1IuXbNJm8ehcCWGI9EOUDYtS - 8994163572509244 - May 25, 2021, 10:30 am
txn_1IuhcsJm8ehcCWGI9ivZmfaH - 8994163572508247 - May 25, 2021, 10:30 am
txn_1IuReTJm8ehcCWGIkgDh7Fy6 - 8994163572938242 - May 25, 2021, 10:30 am
txn_1Itlp0Jm8ehcCWGIxvXhtGKa - 8994163572698245 - May 25, 2021, 10:30 am
txn_1Iu69AJm8ehcCWGIRo1WiDfA - 8994163572700245 - May 25, 2021, 10:30 am
txn_1ItgKvJm8ehcCWGIAZtbnPiD - 8994163572699242 - May 25, 2021, 10:30 am
txn_1IuWdUJm8ehcCWGIBSSHuLvn - 8994163572937245 - May 25, 2021, 10:30 am
txn_1Iu4yjJm8ehcCWGIwyvVzmFo - 8994163572696241 - May 25, 2021, 10:30 am
txn_1IuRX8Jm8ehcCWGI5NK9Qjc5 - 8994163572695244 - May 25, 2021, 10:30 am
txn_1IugBeJm8ehcCWGINahRKoVm - 8994163572936248 - May 25, 2021, 10:30 am
txn_1IsqIaJm8ehcCWGIyYWSjuoW - 8994163572504249 - May 25, 2021, 10:30 am
2021Influencer660 - 8994163572935241 - May 25, 2021, 10:30 am
txn_1IuWMbJm8ehcCWGI5QSa4kDb - 8994163572693240 - May 25, 2021, 10:30 am
txn_1ItxdDJm8ehcCWGI8GoCR3yx - 8994163572691246 - May 25, 2021, 10:30 am
txn_1IufGbJm8ehcCWGIOWaz3Q9F - 8994163572501248 - May 25, 2021, 10:30 am
txn_1IsgMMJm8ehcCWGIKgtGKF2v - 8994163572931243 - May 25, 2021, 10:30 am
txn_1IuIb8Jm8ehcCWGIMPeQMYgF - 8994163572500241 - May 25, 2021, 10:30 am
2021Influencer659 - 8994163572930246 - May 25, 2021, 10:30 am
txn_1IuRnjJm8ehcCWGITfaL8psG - 8994163572494243 - May 25, 2021, 10:30 am
txn_1IsdToJm8ehcCWGInMANOi6x - 8994163572926249 - May 25, 2021, 10:30 am
txn_1ItxDcJm8ehcCWGID6uWq8Ea - 8994163572495240 - May 25, 2021, 10:30 am
txn_1IueNKJm8ehcCWGIZtMgU7xQ - 8994163572927246 - May 25, 2021, 10:30 am
2021Influencer658 - 8994163572496247 - May 25, 2021, 10:30 am
txn_1IuHEkJm8ehcCWGIS3GDnp5E - 8994163572925242 - May 25, 2021, 10:30 am
txn_1ItvonJm8ehcCWGIXQqrkysA - 8994163572490245 - May 25, 2021, 10:30 am
txn_1ItgvhJm8ehcCWGIUI3v2x0N - 8994163572683241 - May 25, 2021, 10:30 am
txn_1IuRk8Jm8ehcCWGIX2HQ2MDE - 8994163572680240 - May 25, 2021, 10:30 am
txn_1IueI8Jm8ehcCWGI7Wz8UVeC - 8994163572682244 - May 25, 2021, 10:30 am
txn_1IsaktJm8ehcCWGI5pSuqNnI - 8994163572681247 - May 25, 2021, 10:30 am
txn_1Iu72rJm8ehcCWGIwqtW0FGT - 8994163572489249 - May 25, 2021, 10:30 am
