Influencer312 - 8994163646544881 - December 21, 2020, 1:55 pm
txn_1I0WaeJm8ehcCWGIPUEs4jjV - 8994163647002885 - December 21, 2020, 1:55 pm
txn_1I0tKAJm8ehcCWGIGyLFkmBl - 8994163646988883 - December 21, 2020, 1:55 pm
txn_1I0YuEJm8ehcCWGIYJiEpI8e - 8994163646789886 - December 21, 2020, 1:55 pm
txn_1I0pWmJm8ehcCWGIgsv9nMts - 8994163646989880 - December 21, 2020, 1:55 pm
txn_1I0WpPJm8ehcCWGIVWnPqtEt - 8994163646589882 - December 21, 2020, 1:55 pm
txn_1I0GdbJm8ehcCWGIe0YFOInP - 8994163646779887 - December 21, 2020, 1:55 pm
txn_1I0tQ0Jm8ehcCWGIeeSwgQVZ - 8994163646971885 - December 21, 2020, 1:55 pm
txn_1I0ZhlJm8ehcCWGIN4z0KeSQ - 8994163646578886 - December 21, 2020, 1:55 pm
txn_1I0sWzJm8ehcCWGIjOID29qe - 8994163646967888 - December 21, 2020, 1:55 pm
BP461181220034950 - 8994163646775889 - December 21, 2020, 1:55 pm
txn_1I0XnkJm8ehcCWGILHT8rtAU - 8994163646761882 - December 21, 2020, 1:55 pm
txn_1I0tVNJm8ehcCWGIVsZDWfmE - 8994163646959883 - December 21, 2020, 1:55 pm
txn_1I0HgxJm8ehcCWGI6a8fWz0W - 8994163646760885 - December 21, 2020, 1:55 pm
txn_1I0e55Jm8ehcCWGIsESfdQDD - 8994163646560881 - December 21, 2020, 1:55 pm
Influencer313 - 8994163646956882 - December 21, 2020, 1:55 pm
txn_1HzsK9Jm8ehcCWGIpEEJ6w3g - 8994163646955885 - December 21, 2020, 1:55 pm
txn_1I0Yo0Jm8ehcCWGIavsB7Pj2 - 8994163646745882 - December 21, 2020, 1:55 pm
txn_1I0W6bJm8ehcCWGIGa5XzuPj - 8994163646744885 - December 21, 2020, 1:55 pm
txn_1I0tMvJm8ehcCWGIKv57CXci - 8994163646542887 - December 21, 2020, 1:55 pm
txn_1I0CasJm8ehcCWGIQUdAfzcd - 8994163646543884 - December 21, 2020, 1:55 pm
txn_1I0gwPJm8ehcCWGIcHavUB23 - 8994163646743888 - December 21, 2020, 1:55 pm
Influencer312 - 8994163646544881 - December 21, 2020, 1:55 pm
txn_1I0WaeJm8ehcCWGIPUEs4jjV - 8994163647002885 - December 21, 2020, 1:55 pm
txn_1I0tKAJm8ehcCWGIGyLFkmBl - 8994163646988883 - December 21, 2020, 1:55 pm
txn_1I0YuEJm8ehcCWGIYJiEpI8e - 8994163646789886 - December 21, 2020, 1:55 pm
txn_1I0pWmJm8ehcCWGIgsv9nMts - 8994163646989880 - December 21, 2020, 1:55 pm
txn_1I0WpPJm8ehcCWGIVWnPqtEt - 8994163646589882 - December 21, 2020, 1:55 pm
txn_1I0GdbJm8ehcCWGIe0YFOInP - 8994163646779887 - December 21, 2020, 1:55 pm
txn_1I0tQ0Jm8ehcCWGIeeSwgQVZ - 8994163646971885 - December 21, 2020, 1:55 pm
txn_1I0ZhlJm8ehcCWGIN4z0KeSQ - 8994163646578886 - December 21, 2020, 1:55 pm
txn_1I0sWzJm8ehcCWGIjOID29qe - 8994163646967888 - December 21, 2020, 1:55 pm
BP461181220034950 - 8994163646775889 - December 21, 2020, 1:55 pm
txn_1I0XnkJm8ehcCWGILHT8rtAU - 8994163646761882 - December 21, 2020, 1:55 pm
txn_1I0tVNJm8ehcCWGIVsZDWfmE - 8994163646959883 - December 21, 2020, 1:55 pm
txn_1I0HgxJm8ehcCWGI6a8fWz0W - 8994163646760885 - December 21, 2020, 1:55 pm
txn_1I0e55Jm8ehcCWGIsESfdQDD - 8994163646560881 - December 21, 2020, 1:55 pm
Influencer313 - 8994163646956882 - December 21, 2020, 1:55 pm
txn_1HzsK9Jm8ehcCWGIpEEJ6w3g - 8994163646955885 - December 21, 2020, 1:55 pm
txn_1I0Yo0Jm8ehcCWGIavsB7Pj2 - 8994163646745882 - December 21, 2020, 1:55 pm
txn_1I0W6bJm8ehcCWGIGa5XzuPj - 8994163646744885 - December 21, 2020, 1:55 pm
txn_1I0tMvJm8ehcCWGIKv57CXci - 8994163646542887 - December 21, 2020, 1:55 pm
txn_1I0CasJm8ehcCWGIQUdAfzcd - 8994163646543884 - December 21, 2020, 1:55 pm
txn_1I0gwPJm8ehcCWGIcHavUB23 - 8994163646743888 - December 21, 2020, 1:55 pm
Influencer312 - 8994163646544881 - December 21, 2020, 1:55 pm
txn_1I0WaeJm8ehcCWGIPUEs4jjV - 8994163647002885 - December 21, 2020, 1:55 pm
txn_1I0tKAJm8ehcCWGIGyLFkmBl - 8994163646988883 - December 21, 2020, 1:55 pm
txn_1I0YuEJm8ehcCWGIYJiEpI8e - 8994163646789886 - December 21, 2020, 1:55 pm
txn_1I0pWmJm8ehcCWGIgsv9nMts - 8994163646989880 - December 21, 2020, 1:55 pm
txn_1I0WpPJm8ehcCWGIVWnPqtEt - 8994163646589882 - December 21, 2020, 1:55 pm
txn_1I0GdbJm8ehcCWGIe0YFOInP - 8994163646779887 - December 21, 2020, 1:55 pm
txn_1I0tQ0Jm8ehcCWGIeeSwgQVZ - 8994163646971885 - December 21, 2020, 1:55 pm
txn_1I0ZhlJm8ehcCWGIN4z0KeSQ - 8994163646578886 - December 21, 2020, 1:55 pm
txn_1I0sWzJm8ehcCWGIjOID29qe - 8994163646967888 - December 21, 2020, 1:55 pm
BP461181220034950 - 8994163646775889 - December 21, 2020, 1:55 pm
txn_1I0XnkJm8ehcCWGILHT8rtAU - 8994163646761882 - December 21, 2020, 1:55 pm
txn_1I0tVNJm8ehcCWGIVsZDWfmE - 8994163646959883 - December 21, 2020, 1:55 pm
txn_1I0HgxJm8ehcCWGI6a8fWz0W - 8994163646760885 - December 21, 2020, 1:55 pm
txn_1I0e55Jm8ehcCWGIsESfdQDD - 8994163646560881 - December 21, 2020, 1:55 pm
Influencer313 - 8994163646956882 - December 21, 2020, 1:55 pm
txn_1HzsK9Jm8ehcCWGIpEEJ6w3g - 8994163646955885 - December 21, 2020, 1:55 pm
txn_1I0Yo0Jm8ehcCWGIavsB7Pj2 - 8994163646745882 - December 21, 2020, 1:55 pm
txn_1I0W6bJm8ehcCWGIGa5XzuPj - 8994163646744885 - December 21, 2020, 1:55 pm
txn_1I0tMvJm8ehcCWGIKv57CXci - 8994163646542887 - December 21, 2020, 1:55 pm
txn_1I0CasJm8ehcCWGIQUdAfzcd - 8994163646543884 - December 21, 2020, 1:55 pm
txn_1I0gwPJm8ehcCWGIcHavUB23 - 8994163646743888 - December 21, 2020, 1:55 pm
Influencer312 - 8994163646544881 - December 21, 2020, 1:56 pm
txn_1I0WaeJm8ehcCWGIPUEs4jjV - 8994163647002885 - December 21, 2020, 1:56 pm
txn_1I0tKAJm8ehcCWGIGyLFkmBl - 8994163646988883 - December 21, 2020, 1:56 pm
txn_1I0YuEJm8ehcCWGIYJiEpI8e - 8994163646789886 - December 21, 2020, 1:56 pm
txn_1I0pWmJm8ehcCWGIgsv9nMts - 8994163646989880 - December 21, 2020, 1:56 pm
txn_1I0WpPJm8ehcCWGIVWnPqtEt - 8994163646589882 - December 21, 2020, 1:56 pm
txn_1I0GdbJm8ehcCWGIe0YFOInP - 8994163646779887 - December 21, 2020, 1:56 pm
txn_1I0tQ0Jm8ehcCWGIeeSwgQVZ - 8994163646971885 - December 21, 2020, 1:56 pm
txn_1I0ZhlJm8ehcCWGIN4z0KeSQ - 8994163646578886 - December 21, 2020, 1:56 pm
txn_1I0sWzJm8ehcCWGIjOID29qe - 8994163646967888 - December 21, 2020, 1:56 pm
BP461181220034950 - 8994163646775889 - December 21, 2020, 1:56 pm
txn_1I0XnkJm8ehcCWGILHT8rtAU - 8994163646761882 - December 21, 2020, 1:56 pm
txn_1I0tVNJm8ehcCWGIVsZDWfmE - 8994163646959883 - December 21, 2020, 1:56 pm
txn_1I0HgxJm8ehcCWGI6a8fWz0W - 8994163646760885 - December 21, 2020, 1:56 pm
txn_1I0e55Jm8ehcCWGIsESfdQDD - 8994163646560881 - December 21, 2020, 1:56 pm
Influencer313 - 8994163646956882 - December 21, 2020, 1:56 pm
txn_1HzsK9Jm8ehcCWGIpEEJ6w3g - 8994163646955885 - December 21, 2020, 1:56 pm
txn_1I0Yo0Jm8ehcCWGIavsB7Pj2 - 8994163646745882 - December 21, 2020, 1:56 pm
txn_1I0W6bJm8ehcCWGIGa5XzuPj - 8994163646744885 - December 21, 2020, 1:56 pm
txn_1I0tMvJm8ehcCWGIKv57CXci - 8994163646542887 - December 21, 2020, 1:56 pm
txn_1I0CasJm8ehcCWGIQUdAfzcd - 8994163646543884 - December 21, 2020, 1:56 pm
txn_1I0gwPJm8ehcCWGIcHavUB23 - 8994163646743888 - December 21, 2020, 1:56 pm
Influencer312 - 8994163646544881 - December 21, 2020, 1:56 pm
txn_1I0WaeJm8ehcCWGIPUEs4jjV - 8994163647002885 - December 21, 2020, 1:56 pm
txn_1I0tKAJm8ehcCWGIGyLFkmBl - 8994163646988883 - December 21, 2020, 1:56 pm
txn_1I0YuEJm8ehcCWGIYJiEpI8e - 8994163646789886 - December 21, 2020, 1:56 pm
txn_1I0pWmJm8ehcCWGIgsv9nMts - 8994163646989880 - December 21, 2020, 1:56 pm
txn_1I0WpPJm8ehcCWGIVWnPqtEt - 8994163646589882 - December 21, 2020, 1:56 pm
txn_1I0GdbJm8ehcCWGIe0YFOInP - 8994163646779887 - December 21, 2020, 1:56 pm
txn_1I0tQ0Jm8ehcCWGIeeSwgQVZ - 8994163646971885 - December 21, 2020, 1:56 pm
txn_1I0ZhlJm8ehcCWGIN4z0KeSQ - 8994163646578886 - December 21, 2020, 1:56 pm
txn_1I0sWzJm8ehcCWGIjOID29qe - 8994163646967888 - December 21, 2020, 1:56 pm
BP461181220034950 - 8994163646775889 - December 21, 2020, 1:56 pm
txn_1I0XnkJm8ehcCWGILHT8rtAU - 8994163646761882 - December 21, 2020, 1:56 pm
txn_1I0tVNJm8ehcCWGIVsZDWfmE - 8994163646959883 - December 21, 2020, 1:56 pm
txn_1I0HgxJm8ehcCWGI6a8fWz0W - 8994163646760885 - December 21, 2020, 1:56 pm
txn_1I0e55Jm8ehcCWGIsESfdQDD - 8994163646560881 - December 21, 2020, 1:56 pm
Influencer313 - 8994163646956882 - December 21, 2020, 1:56 pm
txn_1HzsK9Jm8ehcCWGIpEEJ6w3g - 8994163646955885 - December 21, 2020, 1:56 pm
txn_1I0Yo0Jm8ehcCWGIavsB7Pj2 - 8994163646745882 - December 21, 2020, 1:56 pm
txn_1I0W6bJm8ehcCWGIGa5XzuPj - 8994163646744885 - December 21, 2020, 1:56 pm
txn_1I0tMvJm8ehcCWGIKv57CXci - 8994163646542887 - December 21, 2020, 1:56 pm
txn_1I0CasJm8ehcCWGIQUdAfzcd - 8994163646543884 - December 21, 2020, 1:56 pm
txn_1I0gwPJm8ehcCWGIcHavUB23 - 8994163646743888 - December 21, 2020, 1:56 pm
Influencer312 - 8994163646544881 - December 21, 2020, 1:56 pm
txn_1I0WaeJm8ehcCWGIPUEs4jjV - 8994163647002885 - December 21, 2020, 1:56 pm
txn_1I0tKAJm8ehcCWGIGyLFkmBl - 8994163646988883 - December 21, 2020, 1:56 pm
txn_1I0YuEJm8ehcCWGIYJiEpI8e - 8994163646789886 - December 21, 2020, 1:56 pm
txn_1I0pWmJm8ehcCWGIgsv9nMts - 8994163646989880 - December 21, 2020, 1:56 pm
txn_1I0WpPJm8ehcCWGIVWnPqtEt - 8994163646589882 - December 21, 2020, 1:56 pm
txn_1I0GdbJm8ehcCWGIe0YFOInP - 8994163646779887 - December 21, 2020, 1:56 pm
txn_1I0tQ0Jm8ehcCWGIeeSwgQVZ - 8994163646971885 - December 21, 2020, 1:56 pm
txn_1I0ZhlJm8ehcCWGIN4z0KeSQ - 8994163646578886 - December 21, 2020, 1:56 pm
txn_1I0sWzJm8ehcCWGIjOID29qe - 8994163646967888 - December 21, 2020, 1:56 pm
BP461181220034950 - 8994163646775889 - December 21, 2020, 1:56 pm
txn_1I0XnkJm8ehcCWGILHT8rtAU - 8994163646761882 - December 21, 2020, 1:56 pm
txn_1I0tVNJm8ehcCWGIVsZDWfmE - 8994163646959883 - December 21, 2020, 1:56 pm
txn_1I0HgxJm8ehcCWGI6a8fWz0W - 8994163646760885 - December 21, 2020, 1:56 pm
txn_1I0e55Jm8ehcCWGIsESfdQDD - 8994163646560881 - December 21, 2020, 1:56 pm
Influencer313 - 8994163646956882 - December 21, 2020, 1:56 pm
txn_1HzsK9Jm8ehcCWGIpEEJ6w3g - 8994163646955885 - December 21, 2020, 1:56 pm
txn_1I0Yo0Jm8ehcCWGIavsB7Pj2 - 8994163646745882 - December 21, 2020, 1:56 pm
txn_1I0W6bJm8ehcCWGIGa5XzuPj - 8994163646744885 - December 21, 2020, 1:56 pm
txn_1I0tMvJm8ehcCWGIKv57CXci - 8994163646542887 - December 21, 2020, 1:56 pm
txn_1I0CasJm8ehcCWGIQUdAfzcd - 8994163646543884 - December 21, 2020, 1:56 pm
txn_1I0gwPJm8ehcCWGIcHavUB23 - 8994163646743888 - December 21, 2020, 1:56 pm
Influencer312 - 8994163646544881 - December 21, 2020, 1:56 pm
txn_1I0WaeJm8ehcCWGIPUEs4jjV - 8994163647002885 - December 21, 2020, 1:56 pm
txn_1I0tKAJm8ehcCWGIGyLFkmBl - 8994163646988883 - December 21, 2020, 1:56 pm
txn_1I0YuEJm8ehcCWGIYJiEpI8e - 8994163646789886 - December 21, 2020, 1:56 pm
txn_1I0pWmJm8ehcCWGIgsv9nMts - 8994163646989880 - December 21, 2020, 1:56 pm
txn_1I0WpPJm8ehcCWGIVWnPqtEt - 8994163646589882 - December 21, 2020, 1:56 pm
txn_1I0GdbJm8ehcCWGIe0YFOInP - 8994163646779887 - December 21, 2020, 1:56 pm
txn_1I0tQ0Jm8ehcCWGIeeSwgQVZ - 8994163646971885 - December 21, 2020, 1:56 pm
txn_1I0ZhlJm8ehcCWGIN4z0KeSQ - 8994163646578886 - December 21, 2020, 1:56 pm
txn_1I0sWzJm8ehcCWGIjOID29qe - 8994163646967888 - December 21, 2020, 1:56 pm
BP461181220034950 - 8994163646775889 - December 21, 2020, 1:56 pm
txn_1I0XnkJm8ehcCWGILHT8rtAU - 8994163646761882 - December 21, 2020, 1:56 pm
txn_1I0tVNJm8ehcCWGIVsZDWfmE - 8994163646959883 - December 21, 2020, 1:56 pm
txn_1I0HgxJm8ehcCWGI6a8fWz0W - 8994163646760885 - December 21, 2020, 1:56 pm
txn_1I0e55Jm8ehcCWGIsESfdQDD - 8994163646560881 - December 21, 2020, 1:56 pm
Influencer313 - 8994163646956882 - December 21, 2020, 1:56 pm
txn_1HzsK9Jm8ehcCWGIpEEJ6w3g - 8994163646955885 - December 21, 2020, 1:56 pm
txn_1I0Yo0Jm8ehcCWGIavsB7Pj2 - 8994163646745882 - December 21, 2020, 1:56 pm
txn_1I0W6bJm8ehcCWGIGa5XzuPj - 8994163646744885 - December 21, 2020, 1:56 pm
txn_1I0tMvJm8ehcCWGIKv57CXci - 8994163646542887 - December 21, 2020, 1:56 pm
txn_1I0CasJm8ehcCWGIQUdAfzcd - 8994163646543884 - December 21, 2020, 1:56 pm
txn_1I0gwPJm8ehcCWGIcHavUB23 - 8994163646743888 - December 21, 2020, 1:56 pm
Influencer312 - 8994163646544881 - December 21, 2020, 1:56 pm
txn_1I0WaeJm8ehcCWGIPUEs4jjV - 8994163647002885 - December 21, 2020, 1:56 pm
txn_1I0tKAJm8ehcCWGIGyLFkmBl - 8994163646988883 - December 21, 2020, 1:56 pm
txn_1I0YuEJm8ehcCWGIYJiEpI8e - 8994163646789886 - December 21, 2020, 1:56 pm
txn_1I0pWmJm8ehcCWGIgsv9nMts - 8994163646989880 - December 21, 2020, 1:56 pm
txn_1I0WpPJm8ehcCWGIVWnPqtEt - 8994163646589882 - December 21, 2020, 1:56 pm
txn_1I0GdbJm8ehcCWGIe0YFOInP - 8994163646779887 - December 21, 2020, 1:56 pm
txn_1I0tQ0Jm8ehcCWGIeeSwgQVZ - 8994163646971885 - December 21, 2020, 1:56 pm
txn_1I0ZhlJm8ehcCWGIN4z0KeSQ - 8994163646578886 - December 21, 2020, 1:56 pm
txn_1I0sWzJm8ehcCWGIjOID29qe - 8994163646967888 - December 21, 2020, 1:56 pm
BP461181220034950 - 8994163646775889 - December 21, 2020, 1:56 pm
txn_1I0XnkJm8ehcCWGILHT8rtAU - 8994163646761882 - December 21, 2020, 1:56 pm
txn_1I0tVNJm8ehcCWGIVsZDWfmE - 8994163646959883 - December 21, 2020, 1:56 pm
txn_1I0HgxJm8ehcCWGI6a8fWz0W - 8994163646760885 - December 21, 2020, 1:56 pm
txn_1I0e55Jm8ehcCWGIsESfdQDD - 8994163646560881 - December 21, 2020, 1:56 pm
Influencer313 - 8994163646956882 - December 21, 2020, 1:56 pm
txn_1HzsK9Jm8ehcCWGIpEEJ6w3g - 8994163646955885 - December 21, 2020, 1:56 pm
txn_1I0Yo0Jm8ehcCWGIavsB7Pj2 - 8994163646745882 - December 21, 2020, 1:56 pm
txn_1I0W6bJm8ehcCWGIGa5XzuPj - 8994163646744885 - December 21, 2020, 1:56 pm
txn_1I0tMvJm8ehcCWGIKv57CXci - 8994163646542887 - December 21, 2020, 1:56 pm
txn_1I0CasJm8ehcCWGIQUdAfzcd - 8994163646543884 - December 21, 2020, 1:56 pm
txn_1I0gwPJm8ehcCWGIcHavUB23 - 8994163646743888 - December 21, 2020, 1:56 pm
txn_1I0CpIJm8ehcCWGIDaH1MBTc - 8994163647392887 - December 21, 2020, 1:56 pm
Influencer312 - 8994163646544881 - December 21, 2020, 1:56 pm
txn_1I0WaeJm8ehcCWGIPUEs4jjV - 8994163647002885 - December 21, 2020, 1:56 pm
txn_1I0tKAJm8ehcCWGIGyLFkmBl - 8994163646988883 - December 21, 2020, 1:56 pm
txn_1I0YuEJm8ehcCWGIYJiEpI8e - 8994163646789886 - December 21, 2020, 1:56 pm
txn_1I0pWmJm8ehcCWGIgsv9nMts - 8994163646989880 - December 21, 2020, 1:56 pm
txn_1I0WpPJm8ehcCWGIVWnPqtEt - 8994163646589882 - December 21, 2020, 1:56 pm
txn_1I0GdbJm8ehcCWGIe0YFOInP - 8994163646779887 - December 21, 2020, 1:56 pm
txn_1I0tQ0Jm8ehcCWGIeeSwgQVZ - 8994163646971885 - December 21, 2020, 1:56 pm
txn_1I0ZhlJm8ehcCWGIN4z0KeSQ - 8994163646578886 - December 21, 2020, 1:56 pm
txn_1I0sWzJm8ehcCWGIjOID29qe - 8994163646967888 - December 21, 2020, 1:56 pm
BP461181220034950 - 8994163646775889 - December 21, 2020, 1:56 pm
txn_1I0XnkJm8ehcCWGILHT8rtAU - 8994163646761882 - December 21, 2020, 1:56 pm
txn_1I0tVNJm8ehcCWGIVsZDWfmE - 8994163646959883 - December 21, 2020, 1:56 pm
txn_1I0HgxJm8ehcCWGI6a8fWz0W - 8994163646760885 - December 21, 2020, 1:56 pm
txn_1I0e55Jm8ehcCWGIsESfdQDD - 8994163646560881 - December 21, 2020, 1:56 pm
Influencer313 - 8994163646956882 - December 21, 2020, 1:56 pm
txn_1HzsK9Jm8ehcCWGIpEEJ6w3g - 8994163646955885 - December 21, 2020, 1:56 pm
txn_1I0Yo0Jm8ehcCWGIavsB7Pj2 - 8994163646745882 - December 21, 2020, 1:56 pm
txn_1I0W6bJm8ehcCWGIGa5XzuPj - 8994163646744885 - December 21, 2020, 1:56 pm
txn_1I0tMvJm8ehcCWGIKv57CXci - 8994163646542887 - December 21, 2020, 1:56 pm
txn_1I0CasJm8ehcCWGIQUdAfzcd - 8994163646543884 - December 21, 2020, 1:56 pm
txn_1I0gwPJm8ehcCWGIcHavUB23 - 8994163646743888 - December 21, 2020, 1:56 pm
txn_1I0tP5Jm8ehcCWGIF7femeea - 8994163647852886 - December 21, 2020, 1:56 pm
txn_1I0CpIJm8ehcCWGIDaH1MBTc - 8994163647392887 - December 21, 2020, 1:56 pm
