txn_1Hd1auJm8ehcCWGIuGPfLh1A - 8994163073229665 - October 19, 2020, 2:47 pm
txn_1HdglfJm8ehcCWGIqrI56xNi - 8994163073076665 - October 19, 2020, 2:47 pm
txn_1HdwD4Jm8ehcCWGItQ6OckfB - 8994163073221669 - October 19, 2020, 2:47 pm
txn_1HdNRGJm8ehcCWGIIxlLOQ3U - 8994163073211660 - October 19, 2020, 2:47 pm
txn_1HdJUYJm8ehcCWGIHMm5BYNU - 8994163072942664 - October 19, 2020, 2:47 pm
txn_1Hd1d4Jm8ehcCWGIKqkFBKTh - 8994163073214661 - October 19, 2020, 2:47 pm
txn_1HdlohJm8ehcCWGIG7pmOMmF - 8994163073212667 - October 19, 2020, 2:47 pm
txn_1HdTKKJm8ehcCWGIi5itki3T - 8994163073210663 - October 19, 2020, 2:47 pm
txn_1Hdz1PJm8ehcCWGIaO5gi4Y4 - 8994163073059668 - October 19, 2020, 2:47 pm
txn_1Hd5mBJm8ehcCWGIF35zzQHN - 8994163072928668 - October 19, 2020, 2:47 pm
txn_1HdKuhJm8ehcCWGIqW13Abpt - 8994163072791668 - October 19, 2020, 2:47 pm
txn_1Hdm31Jm8ehcCWGIUx10Hv6M - 8994163072796663 - October 19, 2020, 2:47 pm
txn_1HdNTaJm8ehcCWGIv3zEdSSy - 8994163072793662 - October 19, 2020, 2:47 pm
txn_1HdbgRJm8ehcCWGIMNSzzXN5 - 8994163072792665 - October 19, 2020, 2:47 pm
txn_1He2dpJm8ehcCWGIGT0ryBZ4 - 8994163072917662 - October 19, 2020, 2:47 pm
txn_1Hdn0TJm8ehcCWGIJmstFZk9 - 8994163072766666 - October 19, 2020, 2:47 pm
txn_1HdFT4Jm8ehcCWGIpAoHfQLB - 8994163072765669 - October 19, 2020, 2:47 pm
txn_1HdLqtJm8ehcCWGIUoq8kxVA - 8994163073026660 - October 19, 2020, 2:47 pm
txn_1HdNeKJm8ehcCWGIlAyPOAvu - 8994163073028664 - October 19, 2020, 2:47 pm
txn_1HdblJJm8ehcCWGIzZOKlT0T - 8994163073027667 - October 19, 2020, 2:47 pm
txn_1Hd1auJm8ehcCWGIuGPfLh1A - 8994163073229665 - October 19, 2020, 2:47 pm
txn_1HdglfJm8ehcCWGIqrI56xNi - 8994163073076665 - October 19, 2020, 2:47 pm
txn_1HdwD4Jm8ehcCWGItQ6OckfB - 8994163073221669 - October 19, 2020, 2:47 pm
txn_1HdNRGJm8ehcCWGIIxlLOQ3U - 8994163073211660 - October 19, 2020, 2:47 pm
txn_1HdJUYJm8ehcCWGIHMm5BYNU - 8994163072942664 - October 19, 2020, 2:47 pm
txn_1Hd1d4Jm8ehcCWGIKqkFBKTh - 8994163073214661 - October 19, 2020, 2:47 pm
txn_1HdlohJm8ehcCWGIG7pmOMmF - 8994163073212667 - October 19, 2020, 2:47 pm
txn_1HdTKKJm8ehcCWGIi5itki3T - 8994163073210663 - October 19, 2020, 2:47 pm
txn_1Hdz1PJm8ehcCWGIaO5gi4Y4 - 8994163073059668 - October 19, 2020, 2:47 pm
txn_1Hd5mBJm8ehcCWGIF35zzQHN - 8994163072928668 - October 19, 2020, 2:47 pm
txn_1HdKuhJm8ehcCWGIqW13Abpt - 8994163072791668 - October 19, 2020, 2:47 pm
txn_1Hdm31Jm8ehcCWGIUx10Hv6M - 8994163072796663 - October 19, 2020, 2:47 pm
txn_1HdNTaJm8ehcCWGIv3zEdSSy - 8994163072793662 - October 19, 2020, 2:47 pm
txn_1HdbgRJm8ehcCWGIMNSzzXN5 - 8994163072792665 - October 19, 2020, 2:47 pm
txn_1He2dpJm8ehcCWGIGT0ryBZ4 - 8994163072917662 - October 19, 2020, 2:47 pm
txn_1Hdn0TJm8ehcCWGIJmstFZk9 - 8994163072766666 - October 19, 2020, 2:47 pm
txn_1HdFT4Jm8ehcCWGIpAoHfQLB - 8994163072765669 - October 19, 2020, 2:47 pm
txn_1HdLqtJm8ehcCWGIUoq8kxVA - 8994163073026660 - October 19, 2020, 2:47 pm
txn_1HdNeKJm8ehcCWGIlAyPOAvu - 8994163073028664 - October 19, 2020, 2:47 pm
txn_1HdblJJm8ehcCWGIzZOKlT0T - 8994163073027667 - October 19, 2020, 2:47 pm
txn_1Hd1auJm8ehcCWGIuGPfLh1A - 8994163073229665 - October 19, 2020, 2:47 pm
txn_1HdglfJm8ehcCWGIqrI56xNi - 8994163073076665 - October 19, 2020, 2:47 pm
txn_1HdwD4Jm8ehcCWGItQ6OckfB - 8994163073221669 - October 19, 2020, 2:47 pm
txn_1HdNRGJm8ehcCWGIIxlLOQ3U - 8994163073211660 - October 19, 2020, 2:47 pm
txn_1HdJUYJm8ehcCWGIHMm5BYNU - 8994163072942664 - October 19, 2020, 2:47 pm
txn_1Hd1d4Jm8ehcCWGIKqkFBKTh - 8994163073214661 - October 19, 2020, 2:47 pm
txn_1HdlohJm8ehcCWGIG7pmOMmF - 8994163073212667 - October 19, 2020, 2:47 pm
txn_1HdTKKJm8ehcCWGIi5itki3T - 8994163073210663 - October 19, 2020, 2:47 pm
txn_1Hdz1PJm8ehcCWGIaO5gi4Y4 - 8994163073059668 - October 19, 2020, 2:47 pm
txn_1Hd5mBJm8ehcCWGIF35zzQHN - 8994163072928668 - October 19, 2020, 2:47 pm
txn_1HdKuhJm8ehcCWGIqW13Abpt - 8994163072791668 - October 19, 2020, 2:47 pm
txn_1Hdm31Jm8ehcCWGIUx10Hv6M - 8994163072796663 - October 19, 2020, 2:47 pm
txn_1HdNTaJm8ehcCWGIv3zEdSSy - 8994163072793662 - October 19, 2020, 2:47 pm
txn_1HdbgRJm8ehcCWGIMNSzzXN5 - 8994163072792665 - October 19, 2020, 2:47 pm
txn_1He2dpJm8ehcCWGIGT0ryBZ4 - 8994163072917662 - October 19, 2020, 2:47 pm
txn_1Hdn0TJm8ehcCWGIJmstFZk9 - 8994163072766666 - October 19, 2020, 2:47 pm
txn_1HdFT4Jm8ehcCWGIpAoHfQLB - 8994163072765669 - October 19, 2020, 2:47 pm
txn_1HdLqtJm8ehcCWGIUoq8kxVA - 8994163073026660 - October 19, 2020, 2:47 pm
txn_1HdNeKJm8ehcCWGIlAyPOAvu - 8994163073028664 - October 19, 2020, 2:47 pm
txn_1HdblJJm8ehcCWGIzZOKlT0T - 8994163073027667 - October 19, 2020, 2:47 pm
txn_1Hd1auJm8ehcCWGIuGPfLh1A - 8994163073229665 - October 19, 2020, 2:48 pm
txn_1HdglfJm8ehcCWGIqrI56xNi - 8994163073076665 - October 19, 2020, 2:48 pm
txn_1HdwD4Jm8ehcCWGItQ6OckfB - 8994163073221669 - October 19, 2020, 2:48 pm
txn_1HdNRGJm8ehcCWGIIxlLOQ3U - 8994163073211660 - October 19, 2020, 2:48 pm
txn_1HdJUYJm8ehcCWGIHMm5BYNU - 8994163072942664 - October 19, 2020, 2:48 pm
txn_1Hd1d4Jm8ehcCWGIKqkFBKTh - 8994163073214661 - October 19, 2020, 2:48 pm
txn_1HdlohJm8ehcCWGIG7pmOMmF - 8994163073212667 - October 19, 2020, 2:48 pm
txn_1HdTKKJm8ehcCWGIi5itki3T - 8994163073210663 - October 19, 2020, 2:48 pm
txn_1Hdz1PJm8ehcCWGIaO5gi4Y4 - 8994163073059668 - October 19, 2020, 2:48 pm
txn_1Hd5mBJm8ehcCWGIF35zzQHN - 8994163072928668 - October 19, 2020, 2:48 pm
txn_1HdKuhJm8ehcCWGIqW13Abpt - 8994163072791668 - October 19, 2020, 2:48 pm
txn_1Hdm31Jm8ehcCWGIUx10Hv6M - 8994163072796663 - October 19, 2020, 2:48 pm
txn_1HdNTaJm8ehcCWGIv3zEdSSy - 8994163072793662 - October 19, 2020, 2:48 pm
txn_1HdbgRJm8ehcCWGIMNSzzXN5 - 8994163072792665 - October 19, 2020, 2:48 pm
txn_1He2dpJm8ehcCWGIGT0ryBZ4 - 8994163072917662 - October 19, 2020, 2:48 pm
txn_1Hdn0TJm8ehcCWGIJmstFZk9 - 8994163072766666 - October 19, 2020, 2:48 pm
txn_1HdFT4Jm8ehcCWGIpAoHfQLB - 8994163072765669 - October 19, 2020, 2:48 pm
txn_1HdLqtJm8ehcCWGIUoq8kxVA - 8994163073026660 - October 19, 2020, 2:48 pm
txn_1HdNeKJm8ehcCWGIlAyPOAvu - 8994163073028664 - October 19, 2020, 2:48 pm
txn_1HdblJJm8ehcCWGIzZOKlT0T - 8994163073027667 - October 19, 2020, 2:48 pm
txn_1HdRJlJm8ehcCWGIy2AWotSX -  - October 19, 2020, 2:48 pm
txn_1HdSG2Jm8ehcCWGIpj0pagaI -  - October 19, 2020, 2:48 pm
txn_1HdboOJm8ehcCWGIUOHqUCNR -  - October 19, 2020, 2:48 pm
txn_1HdMsxJm8ehcCWGISM4PVSfN -  - October 19, 2020, 2:48 pm
txn_1HdnFmJm8ehcCWGILVrp5Dpv -  - October 19, 2020, 2:48 pm
txn_1HczkuJm8ehcCWGIKP6De5EM -  - October 19, 2020, 2:48 pm
txn_1HdpflJm8ehcCWGIUDtpDuOQ -  - October 19, 2020, 2:48 pm
txn_1HdNC3Jm8ehcCWGIy21yIKN5 -  - October 19, 2020, 2:48 pm
txn_1Hd1auJm8ehcCWGIuGPfLh1A - 8994163073229665 - October 19, 2020, 2:48 pm
txn_1HdglfJm8ehcCWGIqrI56xNi - 8994163073076665 - October 19, 2020, 2:48 pm
txn_1HdwD4Jm8ehcCWGItQ6OckfB - 8994163073221669 - October 19, 2020, 2:48 pm
txn_1HdNRGJm8ehcCWGIIxlLOQ3U - 8994163073211660 - October 19, 2020, 2:48 pm
txn_1HdJUYJm8ehcCWGIHMm5BYNU - 8994163072942664 - October 19, 2020, 2:48 pm
txn_1Hd1d4Jm8ehcCWGIKqkFBKTh - 8994163073214661 - October 19, 2020, 2:48 pm
txn_1HdlohJm8ehcCWGIG7pmOMmF - 8994163073212667 - October 19, 2020, 2:48 pm
txn_1HdTKKJm8ehcCWGIi5itki3T - 8994163073210663 - October 19, 2020, 2:48 pm
txn_1Hdz1PJm8ehcCWGIaO5gi4Y4 - 8994163073059668 - October 19, 2020, 2:48 pm
txn_1Hd5mBJm8ehcCWGIF35zzQHN - 8994163072928668 - October 19, 2020, 2:48 pm
txn_1HdKuhJm8ehcCWGIqW13Abpt - 8994163072791668 - October 19, 2020, 2:48 pm
txn_1Hdm31Jm8ehcCWGIUx10Hv6M - 8994163072796663 - October 19, 2020, 2:48 pm
txn_1HdNTaJm8ehcCWGIv3zEdSSy - 8994163072793662 - October 19, 2020, 2:48 pm
txn_1HdbgRJm8ehcCWGIMNSzzXN5 - 8994163072792665 - October 19, 2020, 2:48 pm
txn_1He2dpJm8ehcCWGIGT0ryBZ4 - 8994163072917662 - October 19, 2020, 2:48 pm
txn_1Hdn0TJm8ehcCWGIJmstFZk9 - 8994163072766666 - October 19, 2020, 2:48 pm
txn_1HdFT4Jm8ehcCWGIpAoHfQLB - 8994163072765669 - October 19, 2020, 2:48 pm
txn_1HdLqtJm8ehcCWGIUoq8kxVA - 8994163073026660 - October 19, 2020, 2:48 pm
txn_1HdNeKJm8ehcCWGIlAyPOAvu - 8994163073028664 - October 19, 2020, 2:48 pm
txn_1HdblJJm8ehcCWGIzZOKlT0T - 8994163073027667 - October 19, 2020, 2:48 pm
txn_1HdRJlJm8ehcCWGIy2AWotSX - 8994163073860660 - October 19, 2020, 2:48 pm
txn_1HdGh1Jm8ehcCWGIDQ1Ah38c - 8994163073724665 - October 19, 2020, 2:48 pm
txn_1HdSG2Jm8ehcCWGIpj0pagaI - 8994163073847661 - October 19, 2020, 2:48 pm
txn_1HdHhNJm8ehcCWGIuNWfU87s - 8994163073707668 - October 19, 2020, 2:48 pm
txn_1HdboOJm8ehcCWGIUOHqUCNR - 8994163073706661 - October 19, 2020, 2:48 pm
txn_1HdMsxJm8ehcCWGISM4PVSfN - 8994163073172664 - October 19, 2020, 2:48 pm
txn_1HdnFmJm8ehcCWGILVrp5Dpv - 8994163073694661 - October 19, 2020, 2:48 pm
txn_1HczkuJm8ehcCWGIKP6De5EM - 8994163073807665 - October 19, 2020, 2:48 pm
txn_1HdpflJm8ehcCWGIUDtpDuOQ - 8994163073808662 - October 19, 2020, 2:48 pm
txn_1HdNC3Jm8ehcCWGIy21yIKN5 - 8994163073681661 - October 19, 2020, 2:48 pm
txn_1Hd1auJm8ehcCWGIuGPfLh1A - 8994163073229665 - October 19, 2020, 2:48 pm
txn_1HdglfJm8ehcCWGIqrI56xNi - 8994163073076665 - October 19, 2020, 2:48 pm
txn_1HdwD4Jm8ehcCWGItQ6OckfB - 8994163073221669 - October 19, 2020, 2:48 pm
txn_1HdNRGJm8ehcCWGIIxlLOQ3U - 8994163073211660 - October 19, 2020, 2:48 pm
txn_1HdJUYJm8ehcCWGIHMm5BYNU - 8994163072942664 - October 19, 2020, 2:48 pm
txn_1Hd1d4Jm8ehcCWGIKqkFBKTh - 8994163073214661 - October 19, 2020, 2:48 pm
txn_1HdlohJm8ehcCWGIG7pmOMmF - 8994163073212667 - October 19, 2020, 2:48 pm
txn_1HdTKKJm8ehcCWGIi5itki3T - 8994163073210663 - October 19, 2020, 2:48 pm
txn_1Hdz1PJm8ehcCWGIaO5gi4Y4 - 8994163073059668 - October 19, 2020, 2:48 pm
txn_1Hd5mBJm8ehcCWGIF35zzQHN - 8994163072928668 - October 19, 2020, 2:48 pm
txn_1HdKuhJm8ehcCWGIqW13Abpt - 8994163072791668 - October 19, 2020, 2:48 pm
txn_1Hdm31Jm8ehcCWGIUx10Hv6M - 8994163072796663 - October 19, 2020, 2:48 pm
txn_1HdNTaJm8ehcCWGIv3zEdSSy - 8994163072793662 - October 19, 2020, 2:48 pm
txn_1HdbgRJm8ehcCWGIMNSzzXN5 - 8994163072792665 - October 19, 2020, 2:48 pm
txn_1He2dpJm8ehcCWGIGT0ryBZ4 - 8994163072917662 - October 19, 2020, 2:48 pm
txn_1Hdn0TJm8ehcCWGIJmstFZk9 - 8994163072766666 - October 19, 2020, 2:48 pm
txn_1HdFT4Jm8ehcCWGIpAoHfQLB - 8994163072765669 - October 19, 2020, 2:48 pm
txn_1HdLqtJm8ehcCWGIUoq8kxVA - 8994163073026660 - October 19, 2020, 2:48 pm
txn_1HdNeKJm8ehcCWGIlAyPOAvu - 8994163073028664 - October 19, 2020, 2:48 pm
txn_1HdblJJm8ehcCWGIzZOKlT0T - 8994163073027667 - October 19, 2020, 2:48 pm
txn_1Hd0PnJm8ehcCWGIE2AgiMAD - 8994163073871666 - October 19, 2020, 2:48 pm
txn_1HdRJlJm8ehcCWGIy2AWotSX - 8994163073860660 - October 19, 2020, 2:48 pm
txn_1HdGh1Jm8ehcCWGIDQ1Ah38c - 8994163073724665 - October 19, 2020, 2:48 pm
txn_1HdSG2Jm8ehcCWGIpj0pagaI - 8994163073847661 - October 19, 2020, 2:48 pm
txn_1HdHhNJm8ehcCWGIuNWfU87s - 8994163073707668 - October 19, 2020, 2:48 pm
txn_1HdboOJm8ehcCWGIUOHqUCNR - 8994163073706661 - October 19, 2020, 2:48 pm
txn_1HdMsxJm8ehcCWGISM4PVSfN - 8994163073172664 - October 19, 2020, 2:48 pm
txn_1HdnFmJm8ehcCWGILVrp5Dpv - 8994163073694661 - October 19, 2020, 2:48 pm
txn_1HczkuJm8ehcCWGIKP6De5EM - 8994163073807665 - October 19, 2020, 2:48 pm
txn_1HdpflJm8ehcCWGIUDtpDuOQ - 8994163073808662 - October 19, 2020, 2:48 pm
txn_1HdNC3Jm8ehcCWGIy21yIKN5 - 8994163073681661 - October 19, 2020, 2:48 pm
