txn_1JEKEcJm8ehcCWGIOnizrpts - 8994163895676265 - July 19, 2021, 5:34 pm
txn_1JENBEJm8ehcCWGIKKgD7rzF - 8994163895556260 - July 19, 2021, 5:34 pm
txn_1JEEyJJm8ehcCWGIcuS8IITt - 8994163895558264 - July 19, 2021, 5:34 pm
txn_1J21WDJm8ehcCWGIfjCx2Z5N_X - 8994163895557267 - July 19, 2021, 5:34 pm
txn_1JDh6TJm8ehcCWGIx7K9ODcM - 8994163895866260 - July 19, 2021, 5:34 pm
txn_1JE6G3Jm8ehcCWGIykMjqPPt - 8994163895553269 - July 19, 2021, 5:34 pm
txn_1JDvfWJm8ehcCWGIAUML0KbT - 8994163895554266 - July 19, 2021, 5:34 pm
txn_1JEMYCJm8ehcCWGIW1uCHJkw - 8994163895675268 - July 19, 2021, 5:34 pm
txn_1JEJ8zJm8ehcCWGIKi3emzW1 - 8994163895674261 - July 19, 2021, 5:34 pm
txn_1JEgqqJm8ehcCWGIaFtyPJ5Y - 8994163895552262 - July 19, 2021, 5:34 pm
txn_1JDgAyJm8ehcCWGIQuh2KZL6 - 8994163895865263 - July 19, 2021, 5:34 pm
txn_1JEMPyJm8ehcCWGIesj695EM - 8994163895550268 - July 19, 2021, 5:34 pm
txn_1JEImBJm8ehcCWGI2tXzjIfO - 8994163895549262 - July 19, 2021, 5:34 pm
txn_1JDtcXJm8ehcCWGIWOr2TfHt - 8994163895864266 - July 19, 2021, 5:34 pm
txn_1JE5mKJm8ehcCWGI6RnnLCY9 - 8994163895673264 - July 19, 2021, 5:34 pm
txn_1JEe1xJm8ehcCWGIc9KWkMRO - 8994163895548265 - July 19, 2021, 5:34 pm
txn_1JDfx3Jm8ehcCWGIUjOscWuJ - 8994163895546261 - July 19, 2021, 5:34 pm
txn_1JELo5Jm8ehcCWGIiHethu0v - 8994163895672267 - July 19, 2021, 5:34 pm
txn_1JEIeoJm8ehcCWGI2BfrrYiJ - 8994163895671260 - July 19, 2021, 5:34 pm
txn_1JDtNIJm8ehcCWGIV466IIOs - 8994163895544267 - July 19, 2021, 5:34 pm
txn_1JEdkBJm8ehcCWGIN9XvkVLT - 8994163895863269 - July 19, 2021, 5:34 pm
txn_1JE13xJm8ehcCWGIGRwUdVPE - 8994163895545264 - July 19, 2021, 5:34 pm
txn_1JEKEcJm8ehcCWGIOnizrpts - 8994163895676265 - July 19, 2021, 5:35 pm
txn_1JENBEJm8ehcCWGIKKgD7rzF - 8994163895556260 - July 19, 2021, 5:35 pm
txn_1JEEyJJm8ehcCWGIcuS8IITt - 8994163895558264 - July 19, 2021, 5:35 pm
txn_1J21WDJm8ehcCWGIfjCx2Z5N_X - 8994163895557267 - July 19, 2021, 5:35 pm
txn_1JDh6TJm8ehcCWGIx7K9ODcM - 8994163895866260 - July 19, 2021, 5:35 pm
txn_1JE6G3Jm8ehcCWGIykMjqPPt - 8994163895553269 - July 19, 2021, 5:35 pm
txn_1JDvfWJm8ehcCWGIAUML0KbT - 8994163895554266 - July 19, 2021, 5:35 pm
txn_1JEMYCJm8ehcCWGIW1uCHJkw - 8994163895675268 - July 19, 2021, 5:35 pm
txn_1JEJ8zJm8ehcCWGIKi3emzW1 - 8994163895674261 - July 19, 2021, 5:35 pm
txn_1JEgqqJm8ehcCWGIaFtyPJ5Y - 8994163895552262 - July 19, 2021, 5:35 pm
txn_1JDgAyJm8ehcCWGIQuh2KZL6 - 8994163895865263 - July 19, 2021, 5:35 pm
txn_1JEMPyJm8ehcCWGIesj695EM - 8994163895550268 - July 19, 2021, 5:35 pm
txn_1JEImBJm8ehcCWGI2tXzjIfO - 8994163895549262 - July 19, 2021, 5:35 pm
txn_1JDtcXJm8ehcCWGIWOr2TfHt - 8994163895864266 - July 19, 2021, 5:35 pm
txn_1JE5mKJm8ehcCWGI6RnnLCY9 - 8994163895673264 - July 19, 2021, 5:35 pm
txn_1JEe1xJm8ehcCWGIc9KWkMRO - 8994163895548265 - July 19, 2021, 5:35 pm
txn_1JDfx3Jm8ehcCWGIUjOscWuJ - 8994163895546261 - July 19, 2021, 5:35 pm
txn_1JELo5Jm8ehcCWGIiHethu0v - 8994163895672267 - July 19, 2021, 5:35 pm
txn_1JEIeoJm8ehcCWGI2BfrrYiJ - 8994163895671260 - July 19, 2021, 5:35 pm
txn_1JDtNIJm8ehcCWGIV466IIOs - 8994163895544267 - July 19, 2021, 5:35 pm
txn_1JEdkBJm8ehcCWGIN9XvkVLT - 8994163895863269 - July 19, 2021, 5:35 pm
txn_1JE13xJm8ehcCWGIGRwUdVPE - 8994163895545264 - July 19, 2021, 5:35 pm
txn_1JELTWJm8ehcCWGI21otAWFx - 8994163895604268 - July 19, 2021, 5:35 pm
txn_1JEiBrJm8ehcCWGIoAkBpChZ - 8994163895601267 - July 19, 2021, 5:35 pm
txn_1JEIExJm8ehcCWGIzXPNvJCM - 8994163895600260 - July 19, 2021, 5:35 pm
txn_1JEhsHJm8ehcCWGIDjSq3l4L - 8994163895599267 - July 19, 2021, 5:35 pm
txn_1JDyA3Jm8ehcCWGIHbsrWjst - 8994163895688268 - July 19, 2021, 5:35 pm
txn_1JDsQaJm8ehcCWGIPg5pg8LJ - 8994163895595269 - July 19, 2021, 5:35 pm
txn_1JEhqmJm8ehcCWGIzZN5Wa16 - 8994163895687261 - July 19, 2021, 5:35 pm
txn_1JDhexJm8ehcCWGI3TcaBEMe - 8994163895593265 - July 19, 2021, 5:35 pm
txn_1JEQTGJm8ehcCWGIJ9M8RjKu - 8994163895879260 - July 19, 2021, 5:35 pm
txn_1JEKEcJm8ehcCWGIOnizrpts - 8994163895676265 - July 19, 2021, 5:35 pm
txn_1JENBEJm8ehcCWGIKKgD7rzF - 8994163895556260 - July 19, 2021, 5:35 pm
txn_1JEEyJJm8ehcCWGIcuS8IITt - 8994163895558264 - July 19, 2021, 5:35 pm
txn_1J21WDJm8ehcCWGIfjCx2Z5N_X - 8994163895557267 - July 19, 2021, 5:35 pm
txn_1JDh6TJm8ehcCWGIx7K9ODcM - 8994163895866260 - July 19, 2021, 5:35 pm
txn_1JE6G3Jm8ehcCWGIykMjqPPt - 8994163895553269 - July 19, 2021, 5:35 pm
txn_1JDvfWJm8ehcCWGIAUML0KbT - 8994163895554266 - July 19, 2021, 5:35 pm
txn_1JEMYCJm8ehcCWGIW1uCHJkw - 8994163895675268 - July 19, 2021, 5:35 pm
txn_1JEJ8zJm8ehcCWGIKi3emzW1 - 8994163895674261 - July 19, 2021, 5:35 pm
txn_1JEgqqJm8ehcCWGIaFtyPJ5Y - 8994163895552262 - July 19, 2021, 5:35 pm
txn_1JDgAyJm8ehcCWGIQuh2KZL6 - 8994163895865263 - July 19, 2021, 5:35 pm
txn_1JEMPyJm8ehcCWGIesj695EM - 8994163895550268 - July 19, 2021, 5:35 pm
txn_1JEImBJm8ehcCWGI2tXzjIfO - 8994163895549262 - July 19, 2021, 5:35 pm
txn_1JDtcXJm8ehcCWGIWOr2TfHt - 8994163895864266 - July 19, 2021, 5:35 pm
txn_1JE5mKJm8ehcCWGI6RnnLCY9 - 8994163895673264 - July 19, 2021, 5:35 pm
txn_1JEe1xJm8ehcCWGIc9KWkMRO - 8994163895548265 - July 19, 2021, 5:35 pm
txn_1JDfx3Jm8ehcCWGIUjOscWuJ - 8994163895546261 - July 19, 2021, 5:35 pm
txn_1JELo5Jm8ehcCWGIiHethu0v - 8994163895672267 - July 19, 2021, 5:35 pm
txn_1JEIeoJm8ehcCWGI2BfrrYiJ - 8994163895671260 - July 19, 2021, 5:35 pm
txn_1JDtNIJm8ehcCWGIV466IIOs - 8994163895544267 - July 19, 2021, 5:35 pm
txn_1JEdkBJm8ehcCWGIN9XvkVLT - 8994163895863269 - July 19, 2021, 5:35 pm
txn_1JE13xJm8ehcCWGIGRwUdVPE - 8994163895545264 - July 19, 2021, 5:35 pm
txn_1JELTWJm8ehcCWGI21otAWFx - 8994163895604268 - July 19, 2021, 5:35 pm
txn_1JEiBrJm8ehcCWGIoAkBpChZ - 8994163895601267 - July 19, 2021, 5:35 pm
txn_1JEIExJm8ehcCWGIzXPNvJCM - 8994163895600260 - July 19, 2021, 5:35 pm
txn_1JEhsHJm8ehcCWGIDjSq3l4L - 8994163895599267 - July 19, 2021, 5:35 pm
txn_1JDyA3Jm8ehcCWGIHbsrWjst - 8994163895688268 - July 19, 2021, 5:35 pm
txn_1JDsQaJm8ehcCWGIPg5pg8LJ - 8994163895595269 - July 19, 2021, 5:35 pm
txn_1JEhqmJm8ehcCWGIzZN5Wa16 - 8994163895687261 - July 19, 2021, 5:35 pm
txn_1JDhexJm8ehcCWGI3TcaBEMe - 8994163895593265 - July 19, 2021, 5:35 pm
txn_1JEQTGJm8ehcCWGIJ9M8RjKu - 8994163895879260 - July 19, 2021, 5:35 pm
