txn_1HSWrKJm8ehcCWGIRffNEFiX - 8994163330045588 - September 18, 2020, 1:17 pm
txn_1HSX8YJm8ehcCWGIcMyriqV5 - 8994163330033585 - September 18, 2020, 1:17 pm
txn_1HSlTRJm8ehcCWGIefySeACj - 8994163330248583 - September 18, 2020, 1:17 pm
Influencer113 - 8994163330022589 - September 18, 2020, 1:17 pm
txn_1HSXczJm8ehcCWGIhDd38d7Y - 8994163329788588 - September 18, 2020, 1:17 pm
txn_1HScgKJm8ehcCWGITjACwxtp - 8994163330025580 - September 18, 2020, 1:17 pm
Influencer117 - 8994163330024583 - September 18, 2020, 1:17 pm
txn_1HSXpZJm8ehcCWGIp9RXWrry - 8994163330240587 - September 18, 2020, 1:17 pm
txn_1HSkGbJm8ehcCWGIBUrasatg - 8994163330017585 - September 18, 2020, 1:17 pm
txn_1HSaRNJm8ehcCWGIMkR8zvll - 8994163330015581 - September 18, 2020, 1:17 pm
Influencer116 - 8994163330016588 - September 18, 2020, 1:17 pm
txn_1HSlvqJm8ehcCWGIQ1WW6Ab5 - 8994163330235583 - September 18, 2020, 1:17 pm
Influencer112 - 8994163330236580 - September 18, 2020, 1:17 pm
txn_1HSYfTJm8ehcCWGIrH0wWd1E - 8994163330220589 - September 18, 2020, 1:17 pm
txn_1HSkV9Jm8ehcCWGIoHkn9Pfn - 8994163330013587 - September 18, 2020, 1:17 pm
txn_1HSax9Jm8ehcCWGIpVIwnPNL - 8994163329772587 - September 18, 2020, 1:17 pm
Influencer115 - 8994163329771580 - September 18, 2020, 1:17 pm
Influencer111 - 8994163330215585 - September 18, 2020, 1:17 pm
txn_1HSmqdJm8ehcCWGIE8VMp6at - 8994163330216582 - September 18, 2020, 1:17 pm
txn_1HSZ38Jm8ehcCWGIyAdXRf4c - 8994163330004585 - September 18, 2020, 1:17 pm
txn_1HSlGqJm8ehcCWGIjjK6BOIf - 8994163330005582 - September 18, 2020, 1:17 pm
txn_1HSbF7Jm8ehcCWGIEipBOtNF - 8994163329999588 - September 18, 2020, 1:17 pm
Influencer118 - 8994163329996587 - September 18, 2020, 1:17 pm
Influencer96 - 8994163329998581 - September 18, 2020, 1:17 pm
Influencer114 - 8994163329997584 - September 18, 2020, 1:17 pm
txn_1HSWrKJm8ehcCWGIRffNEFiX - 8994163330045588 - September 18, 2020, 1:18 pm
txn_1HSX8YJm8ehcCWGIcMyriqV5 - 8994163330033585 - September 18, 2020, 1:18 pm
txn_1HSlTRJm8ehcCWGIefySeACj - 8994163330248583 - September 18, 2020, 1:18 pm
Influencer113 - 8994163330022589 - September 18, 2020, 1:18 pm
txn_1HSXczJm8ehcCWGIhDd38d7Y - 8994163329788588 - September 18, 2020, 1:18 pm
txn_1HScgKJm8ehcCWGITjACwxtp - 8994163330025580 - September 18, 2020, 1:18 pm
Influencer117 - 8994163330024583 - September 18, 2020, 1:18 pm
txn_1HSXpZJm8ehcCWGIp9RXWrry - 8994163330240587 - September 18, 2020, 1:18 pm
txn_1HSkGbJm8ehcCWGIBUrasatg - 8994163330017585 - September 18, 2020, 1:18 pm
txn_1HSaRNJm8ehcCWGIMkR8zvll - 8994163330015581 - September 18, 2020, 1:18 pm
Influencer116 - 8994163330016588 - September 18, 2020, 1:18 pm
txn_1HSlvqJm8ehcCWGIQ1WW6Ab5 - 8994163330235583 - September 18, 2020, 1:18 pm
Influencer112 - 8994163330236580 - September 18, 2020, 1:18 pm
txn_1HSYfTJm8ehcCWGIrH0wWd1E - 8994163330220589 - September 18, 2020, 1:18 pm
txn_1HSkV9Jm8ehcCWGIoHkn9Pfn - 8994163330013587 - September 18, 2020, 1:18 pm
txn_1HSax9Jm8ehcCWGIpVIwnPNL - 8994163329772587 - September 18, 2020, 1:18 pm
Influencer115 - 8994163329771580 - September 18, 2020, 1:18 pm
Influencer111 - 8994163330215585 - September 18, 2020, 1:18 pm
txn_1HSmqdJm8ehcCWGIE8VMp6at - 8994163330216582 - September 18, 2020, 1:18 pm
txn_1HSZ38Jm8ehcCWGIyAdXRf4c - 8994163330004585 - September 18, 2020, 1:18 pm
txn_1HSlGqJm8ehcCWGIjjK6BOIf - 8994163330005582 - September 18, 2020, 1:18 pm
txn_1HSbF7Jm8ehcCWGIEipBOtNF - 8994163329999588 - September 18, 2020, 1:18 pm
Influencer118 - 8994163329996587 - September 18, 2020, 1:18 pm
Influencer96 - 8994163329998581 - September 18, 2020, 1:18 pm
Influencer114 - 8994163329997584 - September 18, 2020, 1:18 pm
txn_1HSZBfJm8ehcCWGIJN2L6AeT - 8994163330369585 - September 18, 2020, 1:18 pm
txn_1HSUL9Jm8ehcCWGIrbH53ZVb - 8994163330087588 - September 18, 2020, 1:18 pm
txn_1HSVrsJm8ehcCWGIFl1HCCNu - 8994163330070580 - September 18, 2020, 1:18 pm
txn_1HSWrKJm8ehcCWGIRffNEFiX - 8994163330045588 - September 18, 2020, 1:18 pm
txn_1HSX8YJm8ehcCWGIcMyriqV5 - 8994163330033585 - September 18, 2020, 1:18 pm
txn_1HSlTRJm8ehcCWGIefySeACj - 8994163330248583 - September 18, 2020, 1:18 pm
Influencer113 - 8994163330022589 - September 18, 2020, 1:18 pm
txn_1HSXczJm8ehcCWGIhDd38d7Y - 8994163329788588 - September 18, 2020, 1:18 pm
txn_1HScgKJm8ehcCWGITjACwxtp - 8994163330025580 - September 18, 2020, 1:18 pm
Influencer117 - 8994163330024583 - September 18, 2020, 1:18 pm
txn_1HSXpZJm8ehcCWGIp9RXWrry - 8994163330240587 - September 18, 2020, 1:18 pm
txn_1HSkGbJm8ehcCWGIBUrasatg - 8994163330017585 - September 18, 2020, 1:18 pm
txn_1HSaRNJm8ehcCWGIMkR8zvll - 8994163330015581 - September 18, 2020, 1:18 pm
Influencer116 - 8994163330016588 - September 18, 2020, 1:18 pm
txn_1HSlvqJm8ehcCWGIQ1WW6Ab5 - 8994163330235583 - September 18, 2020, 1:18 pm
Influencer112 - 8994163330236580 - September 18, 2020, 1:18 pm
txn_1HSYfTJm8ehcCWGIrH0wWd1E - 8994163330220589 - September 18, 2020, 1:18 pm
txn_1HSkV9Jm8ehcCWGIoHkn9Pfn - 8994163330013587 - September 18, 2020, 1:18 pm
txn_1HSax9Jm8ehcCWGIpVIwnPNL - 8994163329772587 - September 18, 2020, 1:18 pm
Influencer115 - 8994163329771580 - September 18, 2020, 1:18 pm
Influencer111 - 8994163330215585 - September 18, 2020, 1:18 pm
txn_1HSmqdJm8ehcCWGIE8VMp6at - 8994163330216582 - September 18, 2020, 1:18 pm
txn_1HSZ38Jm8ehcCWGIyAdXRf4c - 8994163330004585 - September 18, 2020, 1:18 pm
txn_1HSlGqJm8ehcCWGIjjK6BOIf - 8994163330005582 - September 18, 2020, 1:18 pm
txn_1HSbF7Jm8ehcCWGIEipBOtNF - 8994163329999588 - September 18, 2020, 1:18 pm
Influencer118 - 8994163329996587 - September 18, 2020, 1:18 pm
Influencer96 - 8994163329998581 - September 18, 2020, 1:18 pm
Influencer114 - 8994163329997584 - September 18, 2020, 1:18 pm
txn_1HSZBfJm8ehcCWGIJN2L6AeT - 8994163330369585 - September 18, 2020, 1:18 pm
txn_1HSUL9Jm8ehcCWGIrbH53ZVb - 8994163330087588 - September 18, 2020, 1:18 pm
txn_1HSVrsJm8ehcCWGIFl1HCCNu - 8994163330070580 - September 18, 2020, 1:18 pm
txn_1HSVVQJm8ehcCWGICp3lY0Oy - 8994163330704584 - September 18, 2020, 1:18 pm
txn_1HSWrKJm8ehcCWGIRffNEFiX - 8994163330045588 - September 18, 2020, 1:18 pm
txn_1HSX8YJm8ehcCWGIcMyriqV5 - 8994163330033585 - September 18, 2020, 1:18 pm
txn_1HSlTRJm8ehcCWGIefySeACj - 8994163330248583 - September 18, 2020, 1:18 pm
Influencer113 - 8994163330022589 - September 18, 2020, 1:18 pm
txn_1HSXczJm8ehcCWGIhDd38d7Y - 8994163329788588 - September 18, 2020, 1:18 pm
txn_1HScgKJm8ehcCWGITjACwxtp - 8994163330025580 - September 18, 2020, 1:18 pm
Influencer117 - 8994163330024583 - September 18, 2020, 1:18 pm
txn_1HSXpZJm8ehcCWGIp9RXWrry - 8994163330240587 - September 18, 2020, 1:18 pm
txn_1HSkGbJm8ehcCWGIBUrasatg - 8994163330017585 - September 18, 2020, 1:18 pm
txn_1HSaRNJm8ehcCWGIMkR8zvll - 8994163330015581 - September 18, 2020, 1:18 pm
Influencer116 - 8994163330016588 - September 18, 2020, 1:18 pm
txn_1HSlvqJm8ehcCWGIQ1WW6Ab5 - 8994163330235583 - September 18, 2020, 1:18 pm
Influencer112 - 8994163330236580 - September 18, 2020, 1:18 pm
txn_1HSYfTJm8ehcCWGIrH0wWd1E - 8994163330220589 - September 18, 2020, 1:18 pm
txn_1HSkV9Jm8ehcCWGIoHkn9Pfn - 8994163330013587 - September 18, 2020, 1:18 pm
txn_1HSax9Jm8ehcCWGIpVIwnPNL - 8994163329772587 - September 18, 2020, 1:18 pm
Influencer115 - 8994163329771580 - September 18, 2020, 1:18 pm
Influencer111 - 8994163330215585 - September 18, 2020, 1:18 pm
txn_1HSmqdJm8ehcCWGIE8VMp6at - 8994163330216582 - September 18, 2020, 1:18 pm
txn_1HSZ38Jm8ehcCWGIyAdXRf4c - 8994163330004585 - September 18, 2020, 1:18 pm
txn_1HSlGqJm8ehcCWGIjjK6BOIf - 8994163330005582 - September 18, 2020, 1:18 pm
txn_1HSbF7Jm8ehcCWGIEipBOtNF - 8994163329999588 - September 18, 2020, 1:18 pm
Influencer118 - 8994163329996587 - September 18, 2020, 1:18 pm
Influencer96 - 8994163329998581 - September 18, 2020, 1:18 pm
Influencer114 - 8994163329997584 - September 18, 2020, 1:18 pm
txn_1HSZBfJm8ehcCWGIJN2L6AeT - 8994163330369585 - September 18, 2020, 1:18 pm
txn_1HSUL9Jm8ehcCWGIrbH53ZVb - 8994163330087588 - September 18, 2020, 1:18 pm
txn_1HSVrsJm8ehcCWGIFl1HCCNu - 8994163330070580 - September 18, 2020, 1:18 pm
txn_1HSVVQJm8ehcCWGICp3lY0Oy - 8994163330704584 - September 18, 2020, 1:18 pm
