txn_1Iju9TJm8ehcCWGI91F6wK0O - 8994163211803238 - April 25, 2021, 7:20 pm
txn_1Ija9lJm8ehcCWGIaA86YmNg - 8994163211802231 - April 25, 2021, 7:20 pm
txn_1IgeZtJm8ehcCWGIrwzJ7N5A_X - 8994163211371232 - April 25, 2021, 7:20 pm
txn_1IjTVjJm8ehcCWGIZwWrC839 - 8994163211801234 - April 25, 2021, 7:20 pm
txn_1IjoROJm8ehcCWGI7e1UaUgh - 8994163211599230 - April 25, 2021, 7:20 pm
txn_1IjtBhJm8ehcCWGIRtjt5kFk - 8994163211800237 - April 25, 2021, 7:20 pm
txn_1IjP6JJm8ehcCWGIrNC6OBgX - 8994163211598233 - April 25, 2021, 7:20 pm
txn_1IjZEOJm8ehcCWGINSY1PFgU - 8994163211597236 - April 25, 2021, 7:20 pm
txn_1IjSkPJm8ehcCWGIH5DDnar6 - 8994163211370235 - April 25, 2021, 7:20 pm
txn_1Iai5eJm8ehcCWGI5hyWFvho_X - 8994163211369239 - April 25, 2021, 7:20 pm
txn_1IjrI4Jm8ehcCWGIDBLacqjD - 8994163211596239 - April 25, 2021, 7:20 pm
txn_1IjcgjJm8ehcCWGID3O4y2g5 - 8994163211682239 - April 25, 2021, 7:20 pm
txn_1IjG0JJm8ehcCWGIaekNUvAP - 8994163211595232 - April 25, 2021, 7:20 pm
txn_1IjZC8Jm8ehcCWGIOZJg7AMb - 8994163211681232 - April 25, 2021, 7:20 pm
txn_1IjSUwJm8ehcCWGIlORQSEbc - 8994163211680235 - April 25, 2021, 7:20 pm
txn_1IjrBtJm8ehcCWGIUssegiP6 - 8994163211593238 - April 25, 2021, 7:20 pm
txn_1IjVDAJm8ehcCWGIgEnpkHd2 - 8994163211594235 - April 25, 2021, 7:20 pm
txn_1IjFy2Jm8ehcCWGIa0L2XCbA - 8994163211679239 - April 25, 2021, 7:20 pm
txn_1IjccrJm8ehcCWGIuh0eqH9h - 8994163211592231 - April 25, 2021, 7:20 pm
txn_1IjZ7OJm8ehcCWGIPgrsmp7t - 8994163211368232 - April 25, 2021, 7:20 pm
txn_1IjRIRJm8ehcCWGIl199S84m - 8994163211678232 - April 25, 2021, 7:20 pm
txn_1IjU10Jm8ehcCWGIXU4t7Ytg - 8994163211677235 - April 25, 2021, 7:20 pm
txn_1Ijr7HJm8ehcCWGIdzJQEbKq - 8994163211366238 - April 25, 2021, 7:20 pm
txn_1IjFh1Jm8ehcCWGIBMEQB6sl - 8994163211591234 - April 25, 2021, 7:20 pm
txn_1IjbsYJm8ehcCWGIg3xUyQNM - 8994163211590237 - April 25, 2021, 7:20 pm
txn_1IjZ0IJm8ehcCWGI1HmSiMWG - 8994163211365231 - April 25, 2021, 7:20 pm
txn_1IjR0uJm8ehcCWGItHdu4S6l - 8994163211676238 - April 25, 2021, 7:20 pm
txn_1IjEoFJm8ehcCWGIxMMedchM - 8994163211589231 - April 25, 2021, 7:20 pm
txn_1IjTwqJm8ehcCWGIopmb5wKn - 8994163211364234 - April 25, 2021, 7:20 pm
txn_1Ijp19Jm8ehcCWGIH3N9Btop - 8994163211675231 - April 25, 2021, 7:20 pm
txn_1IjbBpJm8ehcCWGI5SsNCv3a - 8994163211588234 - April 25, 2021, 7:20 pm
txn_1IgjDwJm8ehcCWGIyXelDOxy_X - 8994163211587237 - April 25, 2021, 7:20 pm
txn_1IjEZCJm8ehcCWGIvXq0QUMw - 8994163211672230 - April 25, 2021, 7:20 pm
txn_1IjTXPJm8ehcCWGIrSMDBAzC - 8994163211674234 - April 25, 2021, 7:20 pm
txn_1IjohnJm8ehcCWGINlCW7qyd - 8994163211673237 - April 25, 2021, 7:20 pm
txn_1IjQN7Jm8ehcCWGIjjUidmdG - 8994163211586230 - April 25, 2021, 7:20 pm
txn_1IjagJJm8ehcCWGIhfWaFNxF - 8994163211363237 - April 25, 2021, 7:20 pm
