txn_1IGNxXJm8ehcCWGIFsi3c9FX - 8994163757234169 - February 2, 2021, 9:51 am
txn_1IGEhcJm8ehcCWGIpzutLOGP - 8994163756939164 - February 2, 2021, 9:51 am
2021Influencer262 - 8994163757225167 - February 2, 2021, 9:51 am
txn_1IG3H4Jm8ehcCWGITRIYJDiV - 8994163756932165 - February 2, 2021, 9:51 am
txn_1IGPwzJm8ehcCWGIERzrXKQ2 - 8994163756931168 - February 2, 2021, 9:51 am
2021Influencer270 - 8994163757019162 - February 2, 2021, 9:51 am
txn_1IG93wJm8ehcCWGIedr2beuP - 8994163756928168 - February 2, 2021, 9:51 am
txn_1IGF4FJm8ehcCWGIvQXK1fBV - 8994163756927161 - February 2, 2021, 9:51 am
2021Influencer261 - 8994163756921169 - February 2, 2021, 9:51 am
txn_1IG4B2Jm8ehcCWGIKDKoAvuN - 8994163757214161 - February 2, 2021, 9:51 am
txn_1IGPyLJm8ehcCWGIdvU79IIp - 8994163757014167 - February 2, 2021, 9:51 am
2021Influencer269 - 8994163757211160 - February 2, 2021, 9:51 am
txn_1IGFLlJm8ehcCWGIbLxhqodM - 8994163756917162 - February 2, 2021, 9:51 am
txn_1IG9BqJm8ehcCWGIxa0iXbtG - 8994163757209167 - February 2, 2021, 9:51 am
txn_1IG4IwJm8ehcCWGIuvmIMUAz - 8994163756907163 - February 2, 2021, 9:51 am
2021Influencer268 - 8994163756792165 - February 2, 2021, 9:51 am
txn_1IGFRIJm8ehcCWGIt5JoXZWe - 8994163756789165 - February 2, 2021, 9:51 am
txn_1IFr6LJm8ehcCWGIVGKZYQYM - 8994163756905169 - February 2, 2021, 9:51 am
txn_1IG9GsJm8ehcCWGI6fJFYuAy - 8994163756906166 - February 2, 2021, 9:51 am
2021Influencer260 - 8994163757004168 - February 2, 2021, 9:51 am
txn_1IGNxXJm8ehcCWGIFsi3c9FX - 8994163757234169 - February 2, 2021, 9:52 am
txn_1IGEhcJm8ehcCWGIpzutLOGP - 8994163756939164 - February 2, 2021, 9:52 am
2021Influencer262 - 8994163757225167 - February 2, 2021, 9:52 am
txn_1IG3H4Jm8ehcCWGITRIYJDiV - 8994163756932165 - February 2, 2021, 9:52 am
txn_1IGPwzJm8ehcCWGIERzrXKQ2 - 8994163756931168 - February 2, 2021, 9:52 am
2021Influencer270 - 8994163757019162 - February 2, 2021, 9:52 am
txn_1IG93wJm8ehcCWGIedr2beuP - 8994163756928168 - February 2, 2021, 9:52 am
txn_1IGF4FJm8ehcCWGIvQXK1fBV - 8994163756927161 - February 2, 2021, 9:52 am
2021Influencer261 - 8994163756921169 - February 2, 2021, 9:52 am
txn_1IG4B2Jm8ehcCWGIKDKoAvuN - 8994163757214161 - February 2, 2021, 9:52 am
txn_1IGPyLJm8ehcCWGIdvU79IIp - 8994163757014167 - February 2, 2021, 9:52 am
2021Influencer269 - 8994163757211160 - February 2, 2021, 9:52 am
txn_1IGFLlJm8ehcCWGIbLxhqodM - 8994163756917162 - February 2, 2021, 9:52 am
txn_1IG9BqJm8ehcCWGIxa0iXbtG - 8994163757209167 - February 2, 2021, 9:52 am
txn_1IG4IwJm8ehcCWGIuvmIMUAz - 8994163756907163 - February 2, 2021, 9:52 am
2021Influencer268 - 8994163756792165 - February 2, 2021, 9:52 am
txn_1IGFRIJm8ehcCWGIt5JoXZWe - 8994163756789165 - February 2, 2021, 9:52 am
txn_1IFr6LJm8ehcCWGIVGKZYQYM - 8994163756905169 - February 2, 2021, 9:52 am
txn_1IG9GsJm8ehcCWGI6fJFYuAy - 8994163756906166 - February 2, 2021, 9:52 am
2021Influencer260 - 8994163757004168 - February 2, 2021, 9:52 am
txn_1IGNxXJm8ehcCWGIFsi3c9FX - 8994163757234169 - February 2, 2021, 9:52 am
txn_1IGEhcJm8ehcCWGIpzutLOGP - 8994163756939164 - February 2, 2021, 9:52 am
2021Influencer262 - 8994163757225167 - February 2, 2021, 9:52 am
txn_1IG3H4Jm8ehcCWGITRIYJDiV - 8994163756932165 - February 2, 2021, 9:52 am
txn_1IGPwzJm8ehcCWGIERzrXKQ2 - 8994163756931168 - February 2, 2021, 9:52 am
2021Influencer270 - 8994163757019162 - February 2, 2021, 9:52 am
txn_1IG93wJm8ehcCWGIedr2beuP - 8994163756928168 - February 2, 2021, 9:52 am
txn_1IGF4FJm8ehcCWGIvQXK1fBV - 8994163756927161 - February 2, 2021, 9:52 am
2021Influencer261 - 8994163756921169 - February 2, 2021, 9:52 am
txn_1IG4B2Jm8ehcCWGIKDKoAvuN - 8994163757214161 - February 2, 2021, 9:52 am
txn_1IGPyLJm8ehcCWGIdvU79IIp - 8994163757014167 - February 2, 2021, 9:52 am
2021Influencer269 - 8994163757211160 - February 2, 2021, 9:52 am
txn_1IGFLlJm8ehcCWGIbLxhqodM - 8994163756917162 - February 2, 2021, 9:52 am
txn_1IG9BqJm8ehcCWGIxa0iXbtG - 8994163757209167 - February 2, 2021, 9:52 am
txn_1IG4IwJm8ehcCWGIuvmIMUAz - 8994163756907163 - February 2, 2021, 9:52 am
2021Influencer268 - 8994163756792165 - February 2, 2021, 9:52 am
txn_1IGFRIJm8ehcCWGIt5JoXZWe - 8994163756789165 - February 2, 2021, 9:52 am
txn_1IFr6LJm8ehcCWGIVGKZYQYM - 8994163756905169 - February 2, 2021, 9:52 am
txn_1IG9GsJm8ehcCWGI6fJFYuAy - 8994163756906166 - February 2, 2021, 9:52 am
2021Influencer260 - 8994163757004168 - February 2, 2021, 9:52 am
txn_1IGNxXJm8ehcCWGIFsi3c9FX - 8994163757234169 - February 2, 2021, 9:53 am
txn_1IGEhcJm8ehcCWGIpzutLOGP - 8994163756939164 - February 2, 2021, 9:53 am
2021Influencer262 - 8994163757225167 - February 2, 2021, 9:53 am
txn_1IG3H4Jm8ehcCWGITRIYJDiV - 8994163756932165 - February 2, 2021, 9:53 am
txn_1IGPwzJm8ehcCWGIERzrXKQ2 - 8994163756931168 - February 2, 2021, 9:53 am
2021Influencer270 - 8994163757019162 - February 2, 2021, 9:53 am
txn_1IG93wJm8ehcCWGIedr2beuP - 8994163756928168 - February 2, 2021, 9:53 am
txn_1IGF4FJm8ehcCWGIvQXK1fBV - 8994163756927161 - February 2, 2021, 9:53 am
2021Influencer261 - 8994163756921169 - February 2, 2021, 9:53 am
txn_1IG4B2Jm8ehcCWGIKDKoAvuN - 8994163757214161 - February 2, 2021, 9:53 am
txn_1IGPyLJm8ehcCWGIdvU79IIp - 8994163757014167 - February 2, 2021, 9:53 am
2021Influencer269 - 8994163757211160 - February 2, 2021, 9:53 am
txn_1IGFLlJm8ehcCWGIbLxhqodM - 8994163756917162 - February 2, 2021, 9:53 am
txn_1IG9BqJm8ehcCWGIxa0iXbtG - 8994163757209167 - February 2, 2021, 9:53 am
txn_1IG4IwJm8ehcCWGIuvmIMUAz - 8994163756907163 - February 2, 2021, 9:53 am
2021Influencer268 - 8994163756792165 - February 2, 2021, 9:53 am
txn_1IGFRIJm8ehcCWGIt5JoXZWe - 8994163756789165 - February 2, 2021, 9:53 am
txn_1IFr6LJm8ehcCWGIVGKZYQYM - 8994163756905169 - February 2, 2021, 9:53 am
txn_1IG9GsJm8ehcCWGI6fJFYuAy - 8994163756906166 - February 2, 2021, 9:53 am
2021Influencer260 - 8994163757004168 - February 2, 2021, 9:53 am
txn_1IGFgOJm8ehcCWGIFzUtgmOg - 8994163757901160 - February 2, 2021, 9:53 am
txn_1IG7RSJm8ehcCWGI4dHxfHIo - 8994163757885163 - February 2, 2021, 9:53 am
txn_1IGGHmJm8ehcCWGIzbIwRAa8 - 8994163758040165 - February 2, 2021, 9:53 am
2021Influencer267 - 8994163757886160 - February 2, 2021, 9:53 am
txn_1IFrlMJm8ehcCWGIB3bz0RnD - 8994163757871166 - February 2, 2021, 9:53 am
txn_1IGHi3Jm8ehcCWGIcFcCpm8R - 8994163757869163 - February 2, 2021, 9:53 am
2021Influencer266 - 8994163757870169 - February 2, 2021, 9:53 am
txn_1IG8ngJm8ehcCWGIvX6djXY7 - 8994163758023168 - February 2, 2021, 9:53 am
txn_1IFs8oJm8ehcCWGI5owGkess - 8994163757858167 - February 2, 2021, 9:53 am
txn_1IGMkFJm8ehcCWGI3oBfG2h8 - 8994163758004167 - February 2, 2021, 9:53 am
2021Influencer265 - 8994163758003160 - February 2, 2021, 9:53 am
txn_1IG91oJm8ehcCWGI33BIYVS5 - 8994163757857160 - February 2, 2021, 9:53 am
2021Influencer275 - 8994163757590166 - February 2, 2021, 9:53 am
txn_1IGCZEJm8ehcCWGIz888c4iO - 8994163757849165 - February 2, 2021, 9:53 am
txn_1IFuqiJm8ehcCWGIPoiGNpDZ - 8994163757848168 - February 2, 2021, 9:53 am
2021Influencer264 - 8994163757648164 - February 2, 2021, 9:53 am
2021Influencer274 - 8994163757839166 - February 2, 2021, 9:53 am
txn_1IGDKUJm8ehcCWGIIbTLkJLq - 8994163757838169 - February 2, 2021, 9:53 am
2021Influencer263 - 8994163757588163 - February 2, 2021, 9:53 am
txn_1IG2bkJm8ehcCWGIlgYdDN5i - 8994163757645163 - February 2, 2021, 9:53 am
txn_1IGNxXJm8ehcCWGIFsi3c9FX - 8994163757234169 - February 2, 2021, 9:53 am
txn_1IGEhcJm8ehcCWGIpzutLOGP - 8994163756939164 - February 2, 2021, 9:53 am
2021Influencer262 - 8994163757225167 - February 2, 2021, 9:53 am
txn_1IG3H4Jm8ehcCWGITRIYJDiV - 8994163756932165 - February 2, 2021, 9:53 am
txn_1IGPwzJm8ehcCWGIERzrXKQ2 - 8994163756931168 - February 2, 2021, 9:53 am
2021Influencer270 - 8994163757019162 - February 2, 2021, 9:53 am
txn_1IG93wJm8ehcCWGIedr2beuP - 8994163756928168 - February 2, 2021, 9:53 am
txn_1IGF4FJm8ehcCWGIvQXK1fBV - 8994163756927161 - February 2, 2021, 9:53 am
2021Influencer261 - 8994163756921169 - February 2, 2021, 9:53 am
txn_1IG4B2Jm8ehcCWGIKDKoAvuN - 8994163757214161 - February 2, 2021, 9:53 am
txn_1IGPyLJm8ehcCWGIdvU79IIp - 8994163757014167 - February 2, 2021, 9:53 am
2021Influencer269 - 8994163757211160 - February 2, 2021, 9:53 am
txn_1IGFLlJm8ehcCWGIbLxhqodM - 8994163756917162 - February 2, 2021, 9:53 am
txn_1IG9BqJm8ehcCWGIxa0iXbtG - 8994163757209167 - February 2, 2021, 9:53 am
txn_1IG4IwJm8ehcCWGIuvmIMUAz - 8994163756907163 - February 2, 2021, 9:53 am
2021Influencer268 - 8994163756792165 - February 2, 2021, 9:53 am
txn_1IGFRIJm8ehcCWGIt5JoXZWe - 8994163756789165 - February 2, 2021, 9:53 am
txn_1IFr6LJm8ehcCWGIVGKZYQYM - 8994163756905169 - February 2, 2021, 9:53 am
txn_1IG9GsJm8ehcCWGI6fJFYuAy - 8994163756906166 - February 2, 2021, 9:53 am
2021Influencer260 - 8994163757004168 - February 2, 2021, 9:53 am
txn_1IGFgOJm8ehcCWGIFzUtgmOg - 8994163757901160 - February 2, 2021, 9:53 am
txn_1IG7RSJm8ehcCWGI4dHxfHIo - 8994163757885163 - February 2, 2021, 9:53 am
txn_1IGGHmJm8ehcCWGIzbIwRAa8 - 8994163758040165 - February 2, 2021, 9:53 am
2021Influencer267 - 8994163757886160 - February 2, 2021, 9:53 am
txn_1IFrlMJm8ehcCWGIB3bz0RnD - 8994163757871166 - February 2, 2021, 9:53 am
txn_1IGHi3Jm8ehcCWGIcFcCpm8R - 8994163757869163 - February 2, 2021, 9:53 am
2021Influencer266 - 8994163757870169 - February 2, 2021, 9:53 am
txn_1IG8ngJm8ehcCWGIvX6djXY7 - 8994163758023168 - February 2, 2021, 9:53 am
txn_1IFs8oJm8ehcCWGI5owGkess - 8994163757858167 - February 2, 2021, 9:53 am
txn_1IGMkFJm8ehcCWGI3oBfG2h8 - 8994163758004167 - February 2, 2021, 9:53 am
2021Influencer265 - 8994163758003160 - February 2, 2021, 9:53 am
txn_1IG91oJm8ehcCWGI33BIYVS5 - 8994163757857160 - February 2, 2021, 9:53 am
2021Influencer275 - 8994163757590166 - February 2, 2021, 9:53 am
txn_1IGCZEJm8ehcCWGIz888c4iO - 8994163757849165 - February 2, 2021, 9:53 am
txn_1IFuqiJm8ehcCWGIPoiGNpDZ - 8994163757848168 - February 2, 2021, 9:53 am
2021Influencer264 - 8994163757648164 - February 2, 2021, 9:53 am
2021Influencer274 - 8994163757839166 - February 2, 2021, 9:53 am
txn_1IGDKUJm8ehcCWGIIbTLkJLq - 8994163757838169 - February 2, 2021, 9:53 am
2021Influencer263 - 8994163757588163 - February 2, 2021, 9:53 am
txn_1IG2bkJm8ehcCWGIlgYdDN5i - 8994163757645163 - February 2, 2021, 9:53 am
txn_1IGNxXJm8ehcCWGIFsi3c9FX - 8994163757234169 - February 2, 2021, 9:53 am
txn_1IGEhcJm8ehcCWGIpzutLOGP - 8994163756939164 - February 2, 2021, 9:53 am
2021Influencer262 - 8994163757225167 - February 2, 2021, 9:53 am
txn_1IG3H4Jm8ehcCWGITRIYJDiV - 8994163756932165 - February 2, 2021, 9:53 am
txn_1IGPwzJm8ehcCWGIERzrXKQ2 - 8994163756931168 - February 2, 2021, 9:53 am
2021Influencer270 - 8994163757019162 - February 2, 2021, 9:53 am
txn_1IG93wJm8ehcCWGIedr2beuP - 8994163756928168 - February 2, 2021, 9:53 am
txn_1IGF4FJm8ehcCWGIvQXK1fBV - 8994163756927161 - February 2, 2021, 9:53 am
2021Influencer261 - 8994163756921169 - February 2, 2021, 9:53 am
txn_1IG4B2Jm8ehcCWGIKDKoAvuN - 8994163757214161 - February 2, 2021, 9:53 am
txn_1IGPyLJm8ehcCWGIdvU79IIp - 8994163757014167 - February 2, 2021, 9:53 am
2021Influencer269 - 8994163757211160 - February 2, 2021, 9:53 am
txn_1IGFLlJm8ehcCWGIbLxhqodM - 8994163756917162 - February 2, 2021, 9:53 am
txn_1IG9BqJm8ehcCWGIxa0iXbtG - 8994163757209167 - February 2, 2021, 9:53 am
txn_1IG4IwJm8ehcCWGIuvmIMUAz - 8994163756907163 - February 2, 2021, 9:53 am
2021Influencer268 - 8994163756792165 - February 2, 2021, 9:53 am
txn_1IGFRIJm8ehcCWGIt5JoXZWe - 8994163756789165 - February 2, 2021, 9:53 am
txn_1IFr6LJm8ehcCWGIVGKZYQYM - 8994163756905169 - February 2, 2021, 9:53 am
txn_1IG9GsJm8ehcCWGI6fJFYuAy - 8994163756906166 - February 2, 2021, 9:53 am
2021Influencer260 - 8994163757004168 - February 2, 2021, 9:53 am
txn_1IGFgOJm8ehcCWGIFzUtgmOg - 8994163757901160 - February 2, 2021, 9:53 am
txn_1IG7RSJm8ehcCWGI4dHxfHIo - 8994163757885163 - February 2, 2021, 9:53 am
txn_1IGGHmJm8ehcCWGIzbIwRAa8 - 8994163758040165 - February 2, 2021, 9:53 am
2021Influencer267 - 8994163757886160 - February 2, 2021, 9:53 am
txn_1IFrlMJm8ehcCWGIB3bz0RnD - 8994163757871166 - February 2, 2021, 9:53 am
txn_1IGHi3Jm8ehcCWGIcFcCpm8R - 8994163757869163 - February 2, 2021, 9:53 am
2021Influencer266 - 8994163757870169 - February 2, 2021, 9:53 am
txn_1IG8ngJm8ehcCWGIvX6djXY7 - 8994163758023168 - February 2, 2021, 9:53 am
txn_1IFs8oJm8ehcCWGI5owGkess - 8994163757858167 - February 2, 2021, 9:53 am
txn_1IGMkFJm8ehcCWGI3oBfG2h8 - 8994163758004167 - February 2, 2021, 9:53 am
2021Influencer265 - 8994163758003160 - February 2, 2021, 9:53 am
txn_1IG91oJm8ehcCWGI33BIYVS5 - 8994163757857160 - February 2, 2021, 9:53 am
2021Influencer275 - 8994163757590166 - February 2, 2021, 9:53 am
txn_1IGCZEJm8ehcCWGIz888c4iO - 8994163757849165 - February 2, 2021, 9:53 am
txn_1IFuqiJm8ehcCWGIPoiGNpDZ - 8994163757848168 - February 2, 2021, 9:53 am
2021Influencer264 - 8994163757648164 - February 2, 2021, 9:53 am
2021Influencer274 - 8994163757839166 - February 2, 2021, 9:53 am
txn_1IGDKUJm8ehcCWGIIbTLkJLq - 8994163757838169 - February 2, 2021, 9:53 am
2021Influencer263 - 8994163757588163 - February 2, 2021, 9:53 am
txn_1IG2bkJm8ehcCWGIlgYdDN5i - 8994163757645163 - February 2, 2021, 9:53 am
txn_1IGNxXJm8ehcCWGIFsi3c9FX - 8994163757234169 - February 2, 2021, 9:54 am
txn_1IGEhcJm8ehcCWGIpzutLOGP - 8994163756939164 - February 2, 2021, 9:54 am
2021Influencer262 - 8994163757225167 - February 2, 2021, 9:54 am
txn_1IG3H4Jm8ehcCWGITRIYJDiV - 8994163756932165 - February 2, 2021, 9:54 am
txn_1IGPwzJm8ehcCWGIERzrXKQ2 - 8994163756931168 - February 2, 2021, 9:54 am
2021Influencer270 - 8994163757019162 - February 2, 2021, 9:54 am
txn_1IG93wJm8ehcCWGIedr2beuP - 8994163756928168 - February 2, 2021, 9:54 am
txn_1IGF4FJm8ehcCWGIvQXK1fBV - 8994163756927161 - February 2, 2021, 9:54 am
2021Influencer261 - 8994163756921169 - February 2, 2021, 9:54 am
txn_1IG4B2Jm8ehcCWGIKDKoAvuN - 8994163757214161 - February 2, 2021, 9:54 am
txn_1IGPyLJm8ehcCWGIdvU79IIp - 8994163757014167 - February 2, 2021, 9:54 am
2021Influencer269 - 8994163757211160 - February 2, 2021, 9:54 am
txn_1IGFLlJm8ehcCWGIbLxhqodM - 8994163756917162 - February 2, 2021, 9:54 am
txn_1IG9BqJm8ehcCWGIxa0iXbtG - 8994163757209167 - February 2, 2021, 9:54 am
txn_1IG4IwJm8ehcCWGIuvmIMUAz - 8994163756907163 - February 2, 2021, 9:54 am
2021Influencer268 - 8994163756792165 - February 2, 2021, 9:54 am
txn_1IGFRIJm8ehcCWGIt5JoXZWe - 8994163756789165 - February 2, 2021, 9:54 am
txn_1IFr6LJm8ehcCWGIVGKZYQYM - 8994163756905169 - February 2, 2021, 9:54 am
txn_1IG9GsJm8ehcCWGI6fJFYuAy - 8994163756906166 - February 2, 2021, 9:54 am
2021Influencer260 - 8994163757004168 - February 2, 2021, 9:54 am
txn_1IGFgOJm8ehcCWGIFzUtgmOg - 8994163757901160 - February 2, 2021, 9:54 am
txn_1IG7RSJm8ehcCWGI4dHxfHIo - 8994163757885163 - February 2, 2021, 9:54 am
txn_1IGGHmJm8ehcCWGIzbIwRAa8 - 8994163758040165 - February 2, 2021, 9:54 am
2021Influencer267 - 8994163757886160 - February 2, 2021, 9:54 am
txn_1IFrlMJm8ehcCWGIB3bz0RnD - 8994163757871166 - February 2, 2021, 9:54 am
txn_1IGHi3Jm8ehcCWGIcFcCpm8R - 8994163757869163 - February 2, 2021, 9:54 am
2021Influencer266 - 8994163757870169 - February 2, 2021, 9:54 am
txn_1IG8ngJm8ehcCWGIvX6djXY7 - 8994163758023168 - February 2, 2021, 9:54 am
txn_1IFs8oJm8ehcCWGI5owGkess - 8994163757858167 - February 2, 2021, 9:54 am
txn_1IGMkFJm8ehcCWGI3oBfG2h8 - 8994163758004167 - February 2, 2021, 9:54 am
2021Influencer265 - 8994163758003160 - February 2, 2021, 9:54 am
txn_1IG91oJm8ehcCWGI33BIYVS5 - 8994163757857160 - February 2, 2021, 9:54 am
2021Influencer275 - 8994163757590166 - February 2, 2021, 9:54 am
txn_1IGCZEJm8ehcCWGIz888c4iO - 8994163757849165 - February 2, 2021, 9:54 am
txn_1IFuqiJm8ehcCWGIPoiGNpDZ - 8994163757848168 - February 2, 2021, 9:54 am
2021Influencer264 - 8994163757648164 - February 2, 2021, 9:54 am
2021Influencer274 - 8994163757839166 - February 2, 2021, 9:54 am
txn_1IGDKUJm8ehcCWGIIbTLkJLq - 8994163757838169 - February 2, 2021, 9:54 am
2021Influencer263 - 8994163757588163 - February 2, 2021, 9:54 am
txn_1IG2bkJm8ehcCWGIlgYdDN5i - 8994163757645163 - February 2, 2021, 9:54 am
txn_1IG3DDJm8ehcCWGIBR1ek9VJ - 8994163758687162 - February 2, 2021, 9:54 am
txn_1IG5wkJm8ehcCWGI7dPVI8uV - 8994163758360164 - February 2, 2021, 9:54 am
txn_1IG63aJm8ehcCWGI9UwcNqcj - 8994163758349169 - February 2, 2021, 9:54 am
txn_1IGDNHJm8ehcCWGIDUX2rEj0 - 8994163758657165 - February 2, 2021, 9:54 am
txn_1IGDdrJm8ehcCWGIlenHxGpM - 8994163758647166 - February 2, 2021, 9:54 am
2021Influencer273 - 8994163758435169 - February 2, 2021, 9:54 am
2021Influencer272 - 8994163758615165 - February 2, 2021, 9:54 am
2021Influencer271 - 8994163758280165 - February 2, 2021, 9:54 am
