txn_1IRXnPJm8ehcCWGIH2zh6EvU - 8994163155265215 - March 7, 2021, 9:18 pm
txn_1IRURYJm8ehcCWGIfZoFpOjB - 8994163155113219 - March 7, 2021, 9:18 pm
txn_1IRRODJm8ehcCWGICNGlk4TS - 8994163154736211 - March 7, 2021, 9:18 pm
txn_1IRNQdJm8ehcCWGIXFS44Mtm - 8994163155264218 - March 7, 2021, 9:18 pm
txn_1IR3FDJm8ehcCWGIvqJaAWWX - 8994163155104217 - March 7, 2021, 9:18 pm
txn_1IQg3PJm8ehcCWGIpYFA3fNB - 8994163155103210 - March 7, 2021, 9:18 pm
txn_1IRK2xJm8ehcCWGIOFUiwdin - 8994163155263211 - March 7, 2021, 9:18 pm
txn_1IRQCaJm8ehcCWGIjGWeO3Eq - 8994163155102213 - March 7, 2021, 9:18 pm
txn_1IRIAVJm8ehcCWGIqj0YgbvT - 8994163155261217 - March 7, 2021, 9:18 pm
txn_1IRLQRJm8ehcCWGIHQKzC5eO - 8994163155255216 - March 7, 2021, 9:18 pm
txn_1IR4DNJm8ehcCWGIFlLc1xOf - 8994163155093214 - March 7, 2021, 9:18 pm
txn_1IRJasJm8ehcCWGI7Ih9grBa - 8994163154734217 - March 7, 2021, 9:18 pm
txn_1IQiSsJm8ehcCWGIk6iBHhdd - 8994163155092217 - March 7, 2021, 9:18 pm
txn_1IROjWJm8ehcCWGIhSYeJF4q - 8994163155254219 - March 7, 2021, 9:18 pm
txn_1IQe40Jm8ehcCWGImS3y30be - 8994163155091210 - March 7, 2021, 9:18 pm
txn_1IRKECJm8ehcCWGIfoPoPpGn - 8994163155085219 - March 7, 2021, 9:18 pm
txn_1IR4krJm8ehcCWGIxcgT4OHF - 8994163155086216 - March 7, 2021, 9:18 pm
txn_1IRIkaJm8ehcCWGI4zGfWxtY - 8994163155084212 - March 7, 2021, 9:18 pm
txn_1IROiJJm8ehcCWGIT8ITboQY - 8994163155250211 - March 7, 2021, 9:18 pm
txn_1IQygfJm8ehcCWGIJtpDtTxt - 8994163155083215 - March 7, 2021, 9:18 pm
txn_1IQfrKJm8ehcCWGI3GQ20mVx - 8994163155251218 - March 7, 2021, 9:18 pm
txn_1ISYVlJm8ehcCWGIa01FYpwN - 8994163155423219 - March 7, 2021, 9:36 pm
txn_1IS4xVJm8ehcCWGIRjHoEtLj - 8994163155422212 - March 7, 2021, 9:36 pm
txn_1ISVLgJm8ehcCWGI7FTJrubd - 8994163155158210 - March 7, 2021, 9:36 pm
txn_1ISTJWJm8ehcCWGIDppyJNXl - 8994163155421215 - March 7, 2021, 9:36 pm
txn_1IRpFfJm8ehcCWGIao28Exyc - 8994163155157213 - March 7, 2021, 9:36 pm
txn_1IRl9GJm8ehcCWGI3mPn5VSw - 8994163155379219 - March 7, 2021, 9:36 pm
txn_1ISXzLJm8ehcCWGIM241Jzbr - 8994163155380215 - March 7, 2021, 9:36 pm
txn_1IS131Jm8ehcCWGIdQcJrIyU - 8994163155378212 - March 7, 2021, 9:36 pm
txn_1ISXGRJm8ehcCWGIYVuKckzF - 8994163155377215 - March 7, 2021, 9:36 pm
txn_1ISUMXJm8ehcCWGIFn5KDd9h - 8994163155154212 - March 7, 2021, 9:36 pm
txn_1ISBA3Jm8ehcCWGI8OAR7PlB - 8994163155155219 - March 7, 2021, 9:36 pm
txn_1IRp9OJm8ehcCWGIPNWMOuWJ - 8994163155420218 - March 7, 2021, 9:36 pm
txn_1IRkNXJm8ehcCWGI5QWihbMT - 8994163155156216 - March 7, 2021, 9:36 pm
txn_1IRyrsJm8ehcCWGI5wveg5v0 - 8994163155417218 - March 7, 2021, 9:36 pm
txn_1ISVQBJm8ehcCWGI6g3jls3B - 8994163155419212 - March 7, 2021, 9:36 pm
txn_1IRjJgJm8ehcCWGIQR7JsAyE - 8994163155418215 - March 7, 2021, 9:36 pm
txn_1ISTg3Jm8ehcCWGIbyXt609V - 8994163155152218 - March 7, 2021, 9:36 pm
txn_1IS7AEJm8ehcCWGIJCdKbz3r - 8994163155416211 - March 7, 2021, 9:36 pm
txn_1IRlbqJm8ehcCWGI0oTbrpBV - 8994163155376218 - March 7, 2021, 9:36 pm
