txn_3JQCMgJm8ehcCWGI0q39mM0w - 8994163199721289 - August 23, 2021, 12:26 pm
txn_3JQC61Jm8ehcCWGI0dszkGfQ - 8994163199383289 - August 23, 2021, 12:26 pm
txn_3JQBZwJm8ehcCWGI01NGmtge - 8994163199374287 - August 23, 2021, 12:26 pm
txn_3JQ1D4Jm8ehcCWGI1Ulbk8TY - 8994163199368286 - August 23, 2021, 12:26 pm
txn_3JQ0eWJm8ehcCWGI1GWuc6Rx - 8994163199359284 - August 23, 2021, 12:26 pm
txn_3JQfDlJm8ehcCWGI1BRoKRCI - 8994163199727281 - August 23, 2021, 12:26 pm
txn_3JQwQsJm8ehcCWGI0uHkQXDY - 8994163199511286 - August 23, 2021, 12:26 pm
txn_3JQND6Jm8ehcCWGI1Bkxu2KG - 8994163199726284 - August 23, 2021, 12:26 pm
txn_3JQGQIJm8ehcCWGI06sFrOVG - 8994163199724280 - August 23, 2021, 12:26 pm
txn_3JQp3XJm8ehcCWGI0HUtXgAI - 8994163199720282 - August 23, 2021, 12:26 pm
txn_3JQeEyJm8ehcCWGI0DLtAY68 - 8994163199391284 - August 23, 2021, 12:26 pm
txn_3JQMzhJm8ehcCWGI0X1nx9Aw - 8994163199390287 - August 23, 2021, 12:26 pm
txn_3JQG0dJm8ehcCWGI1obvnGst - 8994163199389281 - August 23, 2021, 12:26 pm
txn_3JQmRfJm8ehcCWGI0DJRWdpf - 8994163199509283 - August 23, 2021, 12:26 pm
txn_3JQb22Jm8ehcCWGI1cJlG9AP - 8994163199384286 - August 23, 2021, 12:26 pm
txn_3JQLtEJm8ehcCWGI1XQsssAM - 8994163199382282 - August 23, 2021, 12:26 pm
txn_3JQFX4Jm8ehcCWGI07cvEEfj - 8994163199715288 - August 23, 2021, 12:26 pm
txn_3JR38bJm8ehcCWGI0Z4ghcQ9 - 8994163199714281 - August 23, 2021, 12:26 pm
txn_3JQll5Jm8ehcCWGI0nzp2OfI - 8994163199710283 - August 23, 2021, 12:26 pm
txn_3JQLnSJm8ehcCWGI0icpuutd - 8994163199709287 - August 23, 2021, 12:26 pm
txn_3JQZssJm8ehcCWGI0dSoAuoF - 8994163199506282 - August 23, 2021, 12:26 pm
txn_3JQFAQJm8ehcCWGI0BDFy1Fp - 8994163199376281 - August 23, 2021, 12:26 pm
txn_3JQzjOJm8ehcCWGI1WuoWPXA - 8994163199373280 - August 23, 2021, 12:26 pm
txn_3JQlIUJm8ehcCWGI0ieWBI6a - 8994163199504288 - August 23, 2021, 12:26 pm
txn_3JQWrgJm8ehcCWGI0voIYkI8 - 8994163199704282 - August 23, 2021, 12:26 pm
txn_3JQLICJm8ehcCWGI1RZAEzFO - 8994163199703285 - August 23, 2021, 12:26 pm
txn_3JQEkXJm8ehcCWGI0LvhiPCA - 8994163199369283 - August 23, 2021, 12:26 pm
txn_3JQyxwJm8ehcCWGI1UXKxIC2 - 8994163199702288 - August 23, 2021, 12:26 pm
txn_3JQEh2Jm8ehcCWGI0trNtSsW - 8994163199501287 - August 23, 2021, 12:26 pm
txn_3JQjiXJm8ehcCWGI16LNcdno - 8994163199361287 - August 23, 2021, 12:26 pm
txn_3JQUUpJm8ehcCWGI0MrW8JJd - 8994163199698284 - August 23, 2021, 12:26 pm
txn_3JQxeuJm8ehcCWGI1Hykvrb5 - 8994163199697287 - August 23, 2021, 12:26 pm
txn_3JQKemJm8ehcCWGI0gwNyZdC - 8994163199360280 - August 23, 2021, 12:26 pm
txn_3JQxDpJm8ehcCWGI06teOAom -  - August 23, 2021, 12:26 pm
txn_3JQwkKJm8ehcCWGI1ETIWUEX -  - August 23, 2021, 12:26 pm
txn_3JQKGAJm8ehcCWGI1utpf9rc -  - August 23, 2021, 12:26 pm
txn_3JQiqUJm8ehcCWGI0PzEqebv -  - August 23, 2021, 12:26 pm
2021Influencer759 -  - August 23, 2021, 12:26 pm
txn_3JQIRnJm8ehcCWGI0OLEdLE1 -  - August 23, 2021, 12:26 pm
txn_3JQiq7Jm8ehcCWGI0lZlf4CT -  - August 23, 2021, 12:26 pm
txn_3JQIAYJm8ehcCWGI0eDRYone -  - August 23, 2021, 12:26 pm
txn_3JQhofJm8ehcCWGI0QP2err3 -  - August 23, 2021, 12:26 pm
txn_3JQGqtJm8ehcCWGI0mAJegaM -  - August 23, 2021, 12:26 pm
txn_3JQfGrJm8ehcCWGI1A4kkIIC -  - August 23, 2021, 12:26 pm
txn_3JQewmJm8ehcCWGI1o8Y3YTZ -  - August 23, 2021, 12:26 pm
txn_3JQEKVJm8ehcCWGI0riXEejN -  - August 23, 2021, 12:26 pm
txn_3JRQeEJm8ehcCWGI042Y3scD -  - August 23, 2021, 12:26 pm
txn_3JQPwgJm8ehcCWGI0dRsWRo5 -  - August 23, 2021, 12:26 pm
txn_3JQECfJm8ehcCWGI1wnmUk78 -  - August 23, 2021, 12:26 pm
txn_3JRP3vJm8ehcCWGI1F5BysnB -  - August 23, 2021, 12:26 pm
txn_3JQPhqJm8ehcCWGI0t8Gw9Or -  - August 23, 2021, 12:26 pm
txn_3JQE5PJm8ehcCWGI129mf8ak -  - August 23, 2021, 12:26 pm
txn_3JRNwMJm8ehcCWGI0ztQVLgm -  - August 23, 2021, 12:26 pm
txn_3JQCxYJm8ehcCWGI1BkucVKq -  - August 23, 2021, 12:26 pm
txn_3JQPHyJm8ehcCWGI1xNd04fO -  - August 23, 2021, 12:26 pm
txn_3JRLIUJm8ehcCWGI0mGEbuNg -  - August 23, 2021, 12:26 pm
txn_3JQCh3Jm8ehcCWGI0Am2G0f3 -  - August 23, 2021, 12:26 pm
txn_3JQOnMJm8ehcCWGI06bolE04 -  - August 23, 2021, 12:26 pm
txn_3JR9XQJm8ehcCWGI0MbVMSH3 -  - August 23, 2021, 12:26 pm
txn_3JQCKeJm8ehcCWGI1Ux36YNf -  - August 23, 2021, 12:26 pm
txn_3JQNPCJm8ehcCWGI0o7xgj7m -  - August 23, 2021, 12:26 pm
txn_3JQCMgJm8ehcCWGI0q39mM0w - 8994163199721289 - August 23, 2021, 12:27 pm
txn_3JQC61Jm8ehcCWGI0dszkGfQ - 8994163199383289 - August 23, 2021, 12:27 pm
txn_3JQBZwJm8ehcCWGI01NGmtge - 8994163199374287 - August 23, 2021, 12:27 pm
txn_3JQ1D4Jm8ehcCWGI1Ulbk8TY - 8994163199368286 - August 23, 2021, 12:27 pm
txn_3JQ0eWJm8ehcCWGI1GWuc6Rx - 8994163199359284 - August 23, 2021, 12:27 pm
txn_3JQfDlJm8ehcCWGI1BRoKRCI - 8994163199727281 - August 23, 2021, 12:27 pm
txn_3JQwQsJm8ehcCWGI0uHkQXDY - 8994163199511286 - August 23, 2021, 12:27 pm
txn_3JQND6Jm8ehcCWGI1Bkxu2KG - 8994163199726284 - August 23, 2021, 12:27 pm
txn_3JQGQIJm8ehcCWGI06sFrOVG - 8994163199724280 - August 23, 2021, 12:27 pm
txn_3JQp3XJm8ehcCWGI0HUtXgAI - 8994163199720282 - August 23, 2021, 12:27 pm
txn_3JQeEyJm8ehcCWGI0DLtAY68 - 8994163199391284 - August 23, 2021, 12:27 pm
txn_3JQMzhJm8ehcCWGI0X1nx9Aw - 8994163199390287 - August 23, 2021, 12:27 pm
txn_3JQG0dJm8ehcCWGI1obvnGst - 8994163199389281 - August 23, 2021, 12:27 pm
txn_3JQmRfJm8ehcCWGI0DJRWdpf - 8994163199509283 - August 23, 2021, 12:27 pm
txn_3JQb22Jm8ehcCWGI1cJlG9AP - 8994163199384286 - August 23, 2021, 12:27 pm
txn_3JQLtEJm8ehcCWGI1XQsssAM - 8994163199382282 - August 23, 2021, 12:27 pm
txn_3JQFX4Jm8ehcCWGI07cvEEfj - 8994163199715288 - August 23, 2021, 12:27 pm
txn_3JR38bJm8ehcCWGI0Z4ghcQ9 - 8994163199714281 - August 23, 2021, 12:27 pm
txn_3JQll5Jm8ehcCWGI0nzp2OfI - 8994163199710283 - August 23, 2021, 12:27 pm
txn_3JQLnSJm8ehcCWGI0icpuutd - 8994163199709287 - August 23, 2021, 12:27 pm
txn_3JQZssJm8ehcCWGI0dSoAuoF - 8994163199506282 - August 23, 2021, 12:27 pm
txn_3JQFAQJm8ehcCWGI0BDFy1Fp - 8994163199376281 - August 23, 2021, 12:27 pm
txn_3JQzjOJm8ehcCWGI1WuoWPXA - 8994163199373280 - August 23, 2021, 12:27 pm
txn_3JQlIUJm8ehcCWGI0ieWBI6a - 8994163199504288 - August 23, 2021, 12:27 pm
txn_3JQWrgJm8ehcCWGI0voIYkI8 - 8994163199704282 - August 23, 2021, 12:27 pm
txn_3JQLICJm8ehcCWGI1RZAEzFO - 8994163199703285 - August 23, 2021, 12:27 pm
txn_3JQEkXJm8ehcCWGI0LvhiPCA - 8994163199369283 - August 23, 2021, 12:27 pm
txn_3JQyxwJm8ehcCWGI1UXKxIC2 - 8994163199702288 - August 23, 2021, 12:27 pm
txn_3JQEh2Jm8ehcCWGI0trNtSsW - 8994163199501287 - August 23, 2021, 12:27 pm
txn_3JQjiXJm8ehcCWGI16LNcdno - 8994163199361287 - August 23, 2021, 12:27 pm
txn_3JQUUpJm8ehcCWGI0MrW8JJd - 8994163199698284 - August 23, 2021, 12:27 pm
txn_3JQxeuJm8ehcCWGI1Hykvrb5 - 8994163199697287 - August 23, 2021, 12:27 pm
txn_3JQKemJm8ehcCWGI0gwNyZdC - 8994163199360280 - August 23, 2021, 12:27 pm
txn_3JR7i0Jm8ehcCWGI0reUVPuD - 8994163199773288 - August 23, 2021, 12:27 pm
txn_3JQCKeJm8ehcCWGI1Ux36YNf - 8994163199876286 - August 23, 2021, 12:27 pm
txn_3JR3ATJm8ehcCWGI1ri8KOON - 8994163199889286 - August 23, 2021, 12:27 pm
txn_3JQPhqJm8ehcCWGI0t8Gw9Or - 8994163199803282 - August 23, 2021, 12:27 pm
txn_3JQE5PJm8ehcCWGI129mf8ak - 8994163199802285 - August 23, 2021, 12:27 pm
txn_3JRQeEJm8ehcCWGI042Y3scD - 8994163199558281 - August 23, 2021, 12:27 pm
txn_3JQxdUJm8ehcCWGI1Jtw1U73 - 8994163199801288 - August 23, 2021, 12:27 pm
txn_3JQPHyJm8ehcCWGI1xNd04fO - 8994163199798281 - August 23, 2021, 12:27 pm
txn_3JQCxYJm8ehcCWGI1BkucVKq - 8994163199556287 - August 23, 2021, 12:27 pm
txn_3JRP3vJm8ehcCWGI1F5BysnB - 8994163199886285 - August 23, 2021, 12:27 pm
txn_3JQxYKJm8ehcCWGI1kFMCeP8 - 8994163199797284 - August 23, 2021, 12:27 pm
txn_3JQOnMJm8ehcCWGI06bolE04 - 8994163199795280 - August 23, 2021, 12:27 pm
txn_3JQCh3Jm8ehcCWGI0Am2G0f3 - 8994163199794283 - August 23, 2021, 12:27 pm
txn_3JQxRvJm8ehcCWGI0oWA4gJr - 8994163199884281 - August 23, 2021, 12:27 pm
txn_3JRNwMJm8ehcCWGI0ztQVLgm - 8994163199554283 - August 23, 2021, 12:27 pm
txn_3JQNPCJm8ehcCWGI0o7xgj7m - 8994163199790285 - August 23, 2021, 12:27 pm
txn_3JRLIUJm8ehcCWGI0mGEbuNg - 8994163199789289 - August 23, 2021, 12:27 pm
txn_3JQxDpJm8ehcCWGI06teOAom - 8994163199788282 - August 23, 2021, 12:27 pm
txn_3JQCMgJm8ehcCWGI0q39mM0w - 8994163199721289 - August 23, 2021, 12:27 pm
txn_3JQC61Jm8ehcCWGI0dszkGfQ - 8994163199383289 - August 23, 2021, 12:27 pm
txn_3JQBZwJm8ehcCWGI01NGmtge - 8994163199374287 - August 23, 2021, 12:27 pm
txn_3JQ1D4Jm8ehcCWGI1Ulbk8TY - 8994163199368286 - August 23, 2021, 12:27 pm
txn_3JQ0eWJm8ehcCWGI1GWuc6Rx - 8994163199359284 - August 23, 2021, 12:27 pm
txn_3JQfDlJm8ehcCWGI1BRoKRCI - 8994163199727281 - August 23, 2021, 12:27 pm
txn_3JQwQsJm8ehcCWGI0uHkQXDY - 8994163199511286 - August 23, 2021, 12:27 pm
txn_3JQND6Jm8ehcCWGI1Bkxu2KG - 8994163199726284 - August 23, 2021, 12:27 pm
txn_3JQGQIJm8ehcCWGI06sFrOVG - 8994163199724280 - August 23, 2021, 12:27 pm
txn_3JQp3XJm8ehcCWGI0HUtXgAI - 8994163199720282 - August 23, 2021, 12:27 pm
txn_3JQeEyJm8ehcCWGI0DLtAY68 - 8994163199391284 - August 23, 2021, 12:27 pm
txn_3JQMzhJm8ehcCWGI0X1nx9Aw - 8994163199390287 - August 23, 2021, 12:27 pm
txn_3JQG0dJm8ehcCWGI1obvnGst - 8994163199389281 - August 23, 2021, 12:27 pm
txn_3JQmRfJm8ehcCWGI0DJRWdpf - 8994163199509283 - August 23, 2021, 12:27 pm
txn_3JQb22Jm8ehcCWGI1cJlG9AP - 8994163199384286 - August 23, 2021, 12:27 pm
txn_3JQLtEJm8ehcCWGI1XQsssAM - 8994163199382282 - August 23, 2021, 12:27 pm
txn_3JQFX4Jm8ehcCWGI07cvEEfj - 8994163199715288 - August 23, 2021, 12:27 pm
txn_3JR38bJm8ehcCWGI0Z4ghcQ9 - 8994163199714281 - August 23, 2021, 12:27 pm
txn_3JQll5Jm8ehcCWGI0nzp2OfI - 8994163199710283 - August 23, 2021, 12:27 pm
txn_3JQLnSJm8ehcCWGI0icpuutd - 8994163199709287 - August 23, 2021, 12:27 pm
txn_3JQZssJm8ehcCWGI0dSoAuoF - 8994163199506282 - August 23, 2021, 12:27 pm
txn_3JQFAQJm8ehcCWGI0BDFy1Fp - 8994163199376281 - August 23, 2021, 12:27 pm
txn_3JQzjOJm8ehcCWGI1WuoWPXA - 8994163199373280 - August 23, 2021, 12:27 pm
txn_3JQlIUJm8ehcCWGI0ieWBI6a - 8994163199504288 - August 23, 2021, 12:27 pm
txn_3JQWrgJm8ehcCWGI0voIYkI8 - 8994163199704282 - August 23, 2021, 12:27 pm
txn_3JQLICJm8ehcCWGI1RZAEzFO - 8994163199703285 - August 23, 2021, 12:27 pm
txn_3JQEkXJm8ehcCWGI0LvhiPCA - 8994163199369283 - August 23, 2021, 12:27 pm
txn_3JQyxwJm8ehcCWGI1UXKxIC2 - 8994163199702288 - August 23, 2021, 12:27 pm
txn_3JQEh2Jm8ehcCWGI0trNtSsW - 8994163199501287 - August 23, 2021, 12:27 pm
txn_3JQjiXJm8ehcCWGI16LNcdno - 8994163199361287 - August 23, 2021, 12:27 pm
txn_3JQUUpJm8ehcCWGI0MrW8JJd - 8994163199698284 - August 23, 2021, 12:27 pm
txn_3JQxeuJm8ehcCWGI1Hykvrb5 - 8994163199697287 - August 23, 2021, 12:27 pm
txn_3JQKemJm8ehcCWGI0gwNyZdC - 8994163199360280 - August 23, 2021, 12:27 pm
txn_3JR7i0Jm8ehcCWGI0reUVPuD - 8994163199773288 - August 23, 2021, 12:27 pm
txn_3JQCKeJm8ehcCWGI1Ux36YNf - 8994163199876286 - August 23, 2021, 12:27 pm
txn_3JR9XQJm8ehcCWGI0MbVMSH3 - 8994163199571280 - August 23, 2021, 12:27 pm
txn_3JQwkKJm8ehcCWGI1ETIWUEX - 8994163200026280 - August 23, 2021, 12:27 pm
txn_3JR68AJm8ehcCWGI0ssvRw5r - 8994163200022282 - August 23, 2021, 12:27 pm
txn_3JQiqUJm8ehcCWGI0PzEqebv - 8994163199903289 - August 23, 2021, 12:27 pm
2021Influencer759 - 8994163199895287 - August 23, 2021, 12:27 pm
txn_3JR3NCJm8ehcCWGI0R6bYr3o - 8994163199891289 - August 23, 2021, 12:27 pm
txn_3JQhofJm8ehcCWGI0QP2err3 - 8994163200011286 - August 23, 2021, 12:27 pm
txn_3JQEKVJm8ehcCWGI0riXEejN - 8994163199810280 - August 23, 2021, 12:27 pm
txn_3JQPwgJm8ehcCWGI0dRsWRo5 - 8994163199807280 - August 23, 2021, 12:27 pm
txn_3JQECfJm8ehcCWGI1wnmUk78 - 8994163199805286 - August 23, 2021, 12:27 pm
txn_3JR3ATJm8ehcCWGI1ri8KOON - 8994163199889286 - August 23, 2021, 12:27 pm
txn_3JQPhqJm8ehcCWGI0t8Gw9Or - 8994163199803282 - August 23, 2021, 12:27 pm
txn_3JQE5PJm8ehcCWGI129mf8ak - 8994163199802285 - August 23, 2021, 12:27 pm
txn_3JRQeEJm8ehcCWGI042Y3scD - 8994163199558281 - August 23, 2021, 12:27 pm
txn_3JQxdUJm8ehcCWGI1Jtw1U73 - 8994163199801288 - August 23, 2021, 12:27 pm
txn_3JQPHyJm8ehcCWGI1xNd04fO - 8994163199798281 - August 23, 2021, 12:27 pm
txn_3JQCxYJm8ehcCWGI1BkucVKq - 8994163199556287 - August 23, 2021, 12:27 pm
txn_3JRP3vJm8ehcCWGI1F5BysnB - 8994163199886285 - August 23, 2021, 12:27 pm
txn_3JQxYKJm8ehcCWGI1kFMCeP8 - 8994163199797284 - August 23, 2021, 12:27 pm
txn_3JQOnMJm8ehcCWGI06bolE04 - 8994163199795280 - August 23, 2021, 12:27 pm
txn_3JQCh3Jm8ehcCWGI0Am2G0f3 - 8994163199794283 - August 23, 2021, 12:27 pm
txn_3JQxRvJm8ehcCWGI0oWA4gJr - 8994163199884281 - August 23, 2021, 12:27 pm
txn_3JRNwMJm8ehcCWGI0ztQVLgm - 8994163199554283 - August 23, 2021, 12:27 pm
txn_3JQNPCJm8ehcCWGI0o7xgj7m - 8994163199790285 - August 23, 2021, 12:27 pm
txn_3JRLIUJm8ehcCWGI0mGEbuNg - 8994163199789289 - August 23, 2021, 12:27 pm
txn_3JQxDpJm8ehcCWGI06teOAom - 8994163199788282 - August 23, 2021, 12:27 pm
txn_3JQewmJm8ehcCWGI1o8Y3YTZ -  - August 23, 2021, 12:27 pm
txn_3JQKGAJm8ehcCWGI1utpf9rc -  - August 23, 2021, 12:27 pm
txn_3JQIRnJm8ehcCWGI0OLEdLE1 -  - August 23, 2021, 12:27 pm
txn_3JQIAYJm8ehcCWGI0eDRYone - 8994163200043287 - August 23, 2021, 12:27 pm
txn_3JQGqtJm8ehcCWGI0mAJegaM -  - August 23, 2021, 12:27 pm
txn_3JQCMgJm8ehcCWGI0q39mM0w - 8994163199721289 - August 23, 2021, 12:28 pm
txn_3JQC61Jm8ehcCWGI0dszkGfQ - 8994163199383289 - August 23, 2021, 12:28 pm
txn_3JQBZwJm8ehcCWGI01NGmtge - 8994163199374287 - August 23, 2021, 12:28 pm
txn_3JQ1D4Jm8ehcCWGI1Ulbk8TY - 8994163199368286 - August 23, 2021, 12:28 pm
txn_3JQ0eWJm8ehcCWGI1GWuc6Rx - 8994163199359284 - August 23, 2021, 12:28 pm
txn_3JQfDlJm8ehcCWGI1BRoKRCI - 8994163199727281 - August 23, 2021, 12:28 pm
txn_3JQwQsJm8ehcCWGI0uHkQXDY - 8994163199511286 - August 23, 2021, 12:28 pm
txn_3JQND6Jm8ehcCWGI1Bkxu2KG - 8994163199726284 - August 23, 2021, 12:28 pm
txn_3JQGQIJm8ehcCWGI06sFrOVG - 8994163199724280 - August 23, 2021, 12:28 pm
txn_3JQp3XJm8ehcCWGI0HUtXgAI - 8994163199720282 - August 23, 2021, 12:28 pm
txn_3JQeEyJm8ehcCWGI0DLtAY68 - 8994163199391284 - August 23, 2021, 12:28 pm
txn_3JQMzhJm8ehcCWGI0X1nx9Aw - 8994163199390287 - August 23, 2021, 12:28 pm
txn_3JQG0dJm8ehcCWGI1obvnGst - 8994163199389281 - August 23, 2021, 12:28 pm
txn_3JQmRfJm8ehcCWGI0DJRWdpf - 8994163199509283 - August 23, 2021, 12:28 pm
txn_3JQb22Jm8ehcCWGI1cJlG9AP - 8994163199384286 - August 23, 2021, 12:28 pm
txn_3JQLtEJm8ehcCWGI1XQsssAM - 8994163199382282 - August 23, 2021, 12:28 pm
txn_3JQFX4Jm8ehcCWGI07cvEEfj - 8994163199715288 - August 23, 2021, 12:28 pm
txn_3JR38bJm8ehcCWGI0Z4ghcQ9 - 8994163199714281 - August 23, 2021, 12:28 pm
txn_3JQll5Jm8ehcCWGI0nzp2OfI - 8994163199710283 - August 23, 2021, 12:28 pm
txn_3JQLnSJm8ehcCWGI0icpuutd - 8994163199709287 - August 23, 2021, 12:28 pm
txn_3JQZssJm8ehcCWGI0dSoAuoF - 8994163199506282 - August 23, 2021, 12:28 pm
txn_3JQFAQJm8ehcCWGI0BDFy1Fp - 8994163199376281 - August 23, 2021, 12:28 pm
txn_3JQzjOJm8ehcCWGI1WuoWPXA - 8994163199373280 - August 23, 2021, 12:28 pm
txn_3JQlIUJm8ehcCWGI0ieWBI6a - 8994163199504288 - August 23, 2021, 12:28 pm
txn_3JQWrgJm8ehcCWGI0voIYkI8 - 8994163199704282 - August 23, 2021, 12:28 pm
txn_3JQLICJm8ehcCWGI1RZAEzFO - 8994163199703285 - August 23, 2021, 12:28 pm
txn_3JQEkXJm8ehcCWGI0LvhiPCA - 8994163199369283 - August 23, 2021, 12:28 pm
txn_3JQyxwJm8ehcCWGI1UXKxIC2 - 8994163199702288 - August 23, 2021, 12:28 pm
txn_3JQEh2Jm8ehcCWGI0trNtSsW - 8994163199501287 - August 23, 2021, 12:28 pm
txn_3JQjiXJm8ehcCWGI16LNcdno - 8994163199361287 - August 23, 2021, 12:28 pm
txn_3JQUUpJm8ehcCWGI0MrW8JJd - 8994163199698284 - August 23, 2021, 12:28 pm
txn_3JQxeuJm8ehcCWGI1Hykvrb5 - 8994163199697287 - August 23, 2021, 12:28 pm
txn_3JQKemJm8ehcCWGI0gwNyZdC - 8994163199360280 - August 23, 2021, 12:28 pm
txn_3JR7i0Jm8ehcCWGI0reUVPuD - 8994163199773288 - August 23, 2021, 12:28 pm
txn_3JQCKeJm8ehcCWGI1Ux36YNf - 8994163199876286 - August 23, 2021, 12:28 pm
txn_3JR9XQJm8ehcCWGI0MbVMSH3 - 8994163199571280 - August 23, 2021, 12:28 pm
txn_3JQwkKJm8ehcCWGI1ETIWUEX - 8994163200026280 - August 23, 2021, 12:28 pm
txn_3JR68AJm8ehcCWGI0ssvRw5r - 8994163200022282 - August 23, 2021, 12:28 pm
txn_3JQiqUJm8ehcCWGI0PzEqebv - 8994163199903289 - August 23, 2021, 12:28 pm
2021Influencer759 - 8994163199895287 - August 23, 2021, 12:28 pm
txn_3JR3NCJm8ehcCWGI0R6bYr3o - 8994163199891289 - August 23, 2021, 12:28 pm
txn_3JQhofJm8ehcCWGI0QP2err3 - 8994163200011286 - August 23, 2021, 12:28 pm
txn_3JQEKVJm8ehcCWGI0riXEejN - 8994163199810280 - August 23, 2021, 12:28 pm
txn_3JQPwgJm8ehcCWGI0dRsWRo5 - 8994163199807280 - August 23, 2021, 12:28 pm
txn_3JQECfJm8ehcCWGI1wnmUk78 - 8994163199805286 - August 23, 2021, 12:28 pm
txn_3JR3ATJm8ehcCWGI1ri8KOON - 8994163199889286 - August 23, 2021, 12:28 pm
txn_3JQPhqJm8ehcCWGI0t8Gw9Or - 8994163199803282 - August 23, 2021, 12:28 pm
txn_3JQE5PJm8ehcCWGI129mf8ak - 8994163199802285 - August 23, 2021, 12:28 pm
txn_3JRQeEJm8ehcCWGI042Y3scD - 8994163199558281 - August 23, 2021, 12:28 pm
txn_3JQxdUJm8ehcCWGI1Jtw1U73 - 8994163199801288 - August 23, 2021, 12:28 pm
txn_3JQPHyJm8ehcCWGI1xNd04fO - 8994163199798281 - August 23, 2021, 12:28 pm
txn_3JQCxYJm8ehcCWGI1BkucVKq - 8994163199556287 - August 23, 2021, 12:28 pm
txn_3JRP3vJm8ehcCWGI1F5BysnB - 8994163199886285 - August 23, 2021, 12:28 pm
txn_3JQxYKJm8ehcCWGI1kFMCeP8 - 8994163199797284 - August 23, 2021, 12:28 pm
txn_3JQOnMJm8ehcCWGI06bolE04 - 8994163199795280 - August 23, 2021, 12:28 pm
txn_3JQCh3Jm8ehcCWGI0Am2G0f3 - 8994163199794283 - August 23, 2021, 12:28 pm
txn_3JQxRvJm8ehcCWGI0oWA4gJr - 8994163199884281 - August 23, 2021, 12:28 pm
txn_3JRNwMJm8ehcCWGI0ztQVLgm - 8994163199554283 - August 23, 2021, 12:28 pm
txn_3JQNPCJm8ehcCWGI0o7xgj7m - 8994163199790285 - August 23, 2021, 12:28 pm
txn_3JRLIUJm8ehcCWGI0mGEbuNg - 8994163199789289 - August 23, 2021, 12:28 pm
txn_3JQxDpJm8ehcCWGI06teOAom - 8994163199788282 - August 23, 2021, 12:28 pm
txn_3JR7fbJm8ehcCWGI1UNxX0zI - 8994163199926288 - August 23, 2021, 12:28 pm
txn_3JR6oSJm8ehcCWGI0Q2S5cow - 8994163200056287 - August 23, 2021, 12:28 pm
txn_3JR5nQJm8ehcCWGI0wlPoIgQ - 8994163199914285 - August 23, 2021, 12:28 pm
txn_3JQiq7Jm8ehcCWGI0lZlf4CT - 8994163200050285 - August 23, 2021, 12:28 pm
txn_3JQfGrJm8ehcCWGI1A4kkIIC - 8994163200047285 - August 23, 2021, 12:28 pm
txn_3JQIAYJm8ehcCWGI0eDRYone - 8994163200043287 - August 23, 2021, 12:28 pm
txn_3JQKGAJm8ehcCWGI1utpf9rc - 8994163199584280 - August 23, 2021, 12:28 pm
txn_3JQIRnJm8ehcCWGI0OLEdLE1 - 8994163200064282 - August 23, 2021, 12:28 pm
txn_3JQGqtJm8ehcCWGI0mAJegaM - 8994163200061281 - August 23, 2021, 12:28 pm
txn_3JQCMgJm8ehcCWGI0q39mM0w - 8994163199721289 - August 23, 2021, 12:28 pm
txn_3JQC61Jm8ehcCWGI0dszkGfQ - 8994163199383289 - August 23, 2021, 12:28 pm
txn_3JQBZwJm8ehcCWGI01NGmtge - 8994163199374287 - August 23, 2021, 12:28 pm
txn_3JQ1D4Jm8ehcCWGI1Ulbk8TY - 8994163199368286 - August 23, 2021, 12:28 pm
txn_3JQ0eWJm8ehcCWGI1GWuc6Rx - 8994163199359284 - August 23, 2021, 12:28 pm
txn_3JQfDlJm8ehcCWGI1BRoKRCI - 8994163199727281 - August 23, 2021, 12:28 pm
txn_3JQwQsJm8ehcCWGI0uHkQXDY - 8994163199511286 - August 23, 2021, 12:28 pm
txn_3JQND6Jm8ehcCWGI1Bkxu2KG - 8994163199726284 - August 23, 2021, 12:28 pm
txn_3JQGQIJm8ehcCWGI06sFrOVG - 8994163199724280 - August 23, 2021, 12:28 pm
txn_3JQp3XJm8ehcCWGI0HUtXgAI - 8994163199720282 - August 23, 2021, 12:28 pm
txn_3JQeEyJm8ehcCWGI0DLtAY68 - 8994163199391284 - August 23, 2021, 12:28 pm
txn_3JQMzhJm8ehcCWGI0X1nx9Aw - 8994163199390287 - August 23, 2021, 12:28 pm
txn_3JQG0dJm8ehcCWGI1obvnGst - 8994163199389281 - August 23, 2021, 12:28 pm
txn_3JQmRfJm8ehcCWGI0DJRWdpf - 8994163199509283 - August 23, 2021, 12:28 pm
txn_3JQb22Jm8ehcCWGI1cJlG9AP - 8994163199384286 - August 23, 2021, 12:28 pm
txn_3JQLtEJm8ehcCWGI1XQsssAM - 8994163199382282 - August 23, 2021, 12:28 pm
txn_3JQFX4Jm8ehcCWGI07cvEEfj - 8994163199715288 - August 23, 2021, 12:28 pm
txn_3JR38bJm8ehcCWGI0Z4ghcQ9 - 8994163199714281 - August 23, 2021, 12:28 pm
txn_3JQll5Jm8ehcCWGI0nzp2OfI - 8994163199710283 - August 23, 2021, 12:28 pm
txn_3JQLnSJm8ehcCWGI0icpuutd - 8994163199709287 - August 23, 2021, 12:28 pm
txn_3JQZssJm8ehcCWGI0dSoAuoF - 8994163199506282 - August 23, 2021, 12:28 pm
txn_3JQFAQJm8ehcCWGI0BDFy1Fp - 8994163199376281 - August 23, 2021, 12:28 pm
txn_3JQzjOJm8ehcCWGI1WuoWPXA - 8994163199373280 - August 23, 2021, 12:28 pm
txn_3JQlIUJm8ehcCWGI0ieWBI6a - 8994163199504288 - August 23, 2021, 12:28 pm
txn_3JQWrgJm8ehcCWGI0voIYkI8 - 8994163199704282 - August 23, 2021, 12:28 pm
txn_3JQLICJm8ehcCWGI1RZAEzFO - 8994163199703285 - August 23, 2021, 12:28 pm
txn_3JQEkXJm8ehcCWGI0LvhiPCA - 8994163199369283 - August 23, 2021, 12:28 pm
txn_3JQyxwJm8ehcCWGI1UXKxIC2 - 8994163199702288 - August 23, 2021, 12:28 pm
txn_3JQEh2Jm8ehcCWGI0trNtSsW - 8994163199501287 - August 23, 2021, 12:28 pm
txn_3JQjiXJm8ehcCWGI16LNcdno - 8994163199361287 - August 23, 2021, 12:28 pm
txn_3JQUUpJm8ehcCWGI0MrW8JJd - 8994163199698284 - August 23, 2021, 12:28 pm
txn_3JQxeuJm8ehcCWGI1Hykvrb5 - 8994163199697287 - August 23, 2021, 12:28 pm
txn_3JQKemJm8ehcCWGI0gwNyZdC - 8994163199360280 - August 23, 2021, 12:28 pm
txn_3JR7i0Jm8ehcCWGI0reUVPuD - 8994163199773288 - August 23, 2021, 12:28 pm
txn_3JQCKeJm8ehcCWGI1Ux36YNf - 8994163199876286 - August 23, 2021, 12:28 pm
txn_3JR9XQJm8ehcCWGI0MbVMSH3 - 8994163199571280 - August 23, 2021, 12:28 pm
txn_3JQwkKJm8ehcCWGI1ETIWUEX - 8994163200026280 - August 23, 2021, 12:28 pm
txn_3JR68AJm8ehcCWGI0ssvRw5r - 8994163200022282 - August 23, 2021, 12:28 pm
txn_3JQiqUJm8ehcCWGI0PzEqebv - 8994163199903289 - August 23, 2021, 12:28 pm
2021Influencer759 - 8994163199895287 - August 23, 2021, 12:28 pm
txn_3JR3NCJm8ehcCWGI0R6bYr3o - 8994163199891289 - August 23, 2021, 12:28 pm
txn_3JQhofJm8ehcCWGI0QP2err3 - 8994163200011286 - August 23, 2021, 12:28 pm
txn_3JQEKVJm8ehcCWGI0riXEejN - 8994163199810280 - August 23, 2021, 12:28 pm
txn_3JQPwgJm8ehcCWGI0dRsWRo5 - 8994163199807280 - August 23, 2021, 12:28 pm
txn_3JQECfJm8ehcCWGI1wnmUk78 - 8994163199805286 - August 23, 2021, 12:28 pm
txn_3JR3ATJm8ehcCWGI1ri8KOON - 8994163199889286 - August 23, 2021, 12:28 pm
txn_3JQPhqJm8ehcCWGI0t8Gw9Or - 8994163199803282 - August 23, 2021, 12:28 pm
txn_3JQE5PJm8ehcCWGI129mf8ak - 8994163199802285 - August 23, 2021, 12:28 pm
txn_3JRQeEJm8ehcCWGI042Y3scD - 8994163199558281 - August 23, 2021, 12:28 pm
txn_3JQxdUJm8ehcCWGI1Jtw1U73 - 8994163199801288 - August 23, 2021, 12:28 pm
txn_3JQPHyJm8ehcCWGI1xNd04fO - 8994163199798281 - August 23, 2021, 12:28 pm
txn_3JQCxYJm8ehcCWGI1BkucVKq - 8994163199556287 - August 23, 2021, 12:28 pm
txn_3JRP3vJm8ehcCWGI1F5BysnB - 8994163199886285 - August 23, 2021, 12:28 pm
txn_3JQxYKJm8ehcCWGI1kFMCeP8 - 8994163199797284 - August 23, 2021, 12:28 pm
txn_3JQOnMJm8ehcCWGI06bolE04 - 8994163199795280 - August 23, 2021, 12:28 pm
txn_3JQCh3Jm8ehcCWGI0Am2G0f3 - 8994163199794283 - August 23, 2021, 12:28 pm
txn_3JQxRvJm8ehcCWGI0oWA4gJr - 8994163199884281 - August 23, 2021, 12:28 pm
txn_3JRNwMJm8ehcCWGI0ztQVLgm - 8994163199554283 - August 23, 2021, 12:28 pm
txn_3JQNPCJm8ehcCWGI0o7xgj7m - 8994163199790285 - August 23, 2021, 12:28 pm
txn_3JRLIUJm8ehcCWGI0mGEbuNg - 8994163199789289 - August 23, 2021, 12:28 pm
txn_3JQxDpJm8ehcCWGI06teOAom - 8994163199788282 - August 23, 2021, 12:28 pm
txn_3JR7fbJm8ehcCWGI1UNxX0zI - 8994163199926288 - August 23, 2021, 12:28 pm
txn_3JR6oSJm8ehcCWGI0Q2S5cow - 8994163200056287 - August 23, 2021, 12:28 pm
txn_3JR5nQJm8ehcCWGI0wlPoIgQ - 8994163199914285 - August 23, 2021, 12:28 pm
txn_3JQiq7Jm8ehcCWGI0lZlf4CT - 8994163200050285 - August 23, 2021, 12:28 pm
txn_3JQfGrJm8ehcCWGI1A4kkIIC - 8994163200047285 - August 23, 2021, 12:28 pm
txn_3JQIAYJm8ehcCWGI0eDRYone - 8994163200043287 - August 23, 2021, 12:28 pm
txn_3JQewmJm8ehcCWGI1o8Y3YTZ - 8994163200072287 - August 23, 2021, 12:28 pm
txn_3JQKGAJm8ehcCWGI1utpf9rc - 8994163199584280 - August 23, 2021, 12:28 pm
txn_3JQIRnJm8ehcCWGI0OLEdLE1 - 8994163200064282 - August 23, 2021, 12:28 pm
txn_3JQGqtJm8ehcCWGI0mAJegaM - 8994163200061281 - August 23, 2021, 12:28 pm
