txn_3JLgJQJm8ehcCWGI01iNBWZ9 - 8994163689209273 - August 9, 2021, 4:58 pm
txn_3JLeKYJm8ehcCWGI1lKSTDv5 - 8994163689315271 - August 9, 2021, 4:58 pm
txn_3JMEISJm8ehcCWGI0LVnaIR5 - 8994163689318272 - August 9, 2021, 4:58 pm
txn_3JLzhGJm8ehcCWGI0XnYbpbR - 8994163689204278 - August 9, 2021, 4:58 pm
txn_3JLSszJm8ehcCWGI1BBBupCE - 8994163689203271 - August 9, 2021, 4:58 pm
txn_3JMLTMJm8ehcCWGI1neobSR4 - 8994163689199277 - August 9, 2021, 4:58 pm
txn_3JLVQEJm8ehcCWGI0htdEY6X - 8994163689311273 - August 9, 2021, 4:58 pm
txn_3JLvSVJm8ehcCWGI0PMbdsgD - 8994163689310276 - August 9, 2021, 4:58 pm
txn_3JLKf8Jm8ehcCWGI0zoJLmx3 - 8994163689198270 - August 9, 2021, 4:58 pm
txn_3JLU6fJm8ehcCWGI0gl6c4pg - 8994163689306279 - August 9, 2021, 4:58 pm
txn_3JLpA7Jm8ehcCWGI1G0Dyfh9 - 8994163689429275 - August 9, 2021, 4:58 pm
txn_3JMLIOJm8ehcCWGI1XdxZIjX - 8994163689194272 - August 9, 2021, 4:58 pm
txn_3JLJI8Jm8ehcCWGI0jWre3Z5 - 8994163689192278 - August 9, 2021, 4:58 pm
txn_3JMDNDJm8ehcCWGI0WVIt92z - 8994163689304275 - August 9, 2021, 4:58 pm
txn_3JMKqEJm8ehcCWGI0qRCBZl0 - 8994163689186277 - August 9, 2021, 4:58 pm
txn_3JLTtSJm8ehcCWGI1U0cJAdY - 8994163689303278 - August 9, 2021, 4:58 pm
txn_3JLJ0WJm8ehcCWGI0kF4OwdH - 8994163689184273 - August 9, 2021, 4:58 pm
txn_3JLlDRJm8ehcCWGI05i0OocC - 8994163689185270 - August 9, 2021, 4:58 pm
txn_3JLb8fJm8ehcCWGI1ZvxpeSm - 8994163689302271 - August 9, 2021, 4:58 pm
txn_3JM9EfJm8ehcCWGI1rIYg3eq - 8994163689301274 - August 9, 2021, 4:58 pm
txn_3JMJjhJm8ehcCWGI0gOptzsz - 8994163689183276 - August 9, 2021, 4:58 pm
txn_3JLTmQJm8ehcCWGI0ndvzxFr - 8994163689181272 - August 9, 2021, 4:58 pm
txn_3JLkEtJm8ehcCWGI006BsPRs - 8994163689425277 - August 9, 2021, 4:58 pm
txn_3JLaHMJm8ehcCWGI13ikR5rD - 8994163689180275 - August 9, 2021, 4:58 pm
txn_3JLIdWJm8ehcCWGI1kbDw21M - 8994163689295276 - August 9, 2021, 4:58 pm
txn_3JM0ZTJm8ehcCWGI0VtIZjqQ - 8994163689179279 - August 9, 2021, 4:58 pm
txn_3JMIsQJm8ehcCWGI063q7MuZ - 8994163689176278 - August 9, 2021, 4:58 pm
txn_3JLTZ3Jm8ehcCWGI13SEsPot - 8994163689169270 - August 9, 2021, 4:58 pm
txn_3JLZwEJm8ehcCWGI1yHVDOXL - 8994163689170276 - August 9, 2021, 4:58 pm
txn_3JLiXZJm8ehcCWGI1TKmfr7p - 8994163689171273 - August 9, 2021, 4:58 pm
txn_3JLIWzJm8ehcCWGI1wHXRB8L - 8994163689423273 - August 9, 2021, 4:58 pm
txn_3JM0U3Jm8ehcCWGI0v5pSCxF - 8994163689293272 - August 9, 2021, 4:58 pm
txn_3JLgJQJm8ehcCWGI01iNBWZ9 - 8994163689209273 - August 9, 2021, 4:58 pm
txn_3JLeKYJm8ehcCWGI1lKSTDv5 - 8994163689315271 - August 9, 2021, 4:58 pm
txn_3JMEISJm8ehcCWGI0LVnaIR5 - 8994163689318272 - August 9, 2021, 4:58 pm
txn_3JLzhGJm8ehcCWGI0XnYbpbR - 8994163689204278 - August 9, 2021, 4:58 pm
txn_3JLSszJm8ehcCWGI1BBBupCE - 8994163689203271 - August 9, 2021, 4:58 pm
txn_3JMLTMJm8ehcCWGI1neobSR4 - 8994163689199277 - August 9, 2021, 4:58 pm
txn_3JLVQEJm8ehcCWGI0htdEY6X - 8994163689311273 - August 9, 2021, 4:58 pm
txn_3JLvSVJm8ehcCWGI0PMbdsgD - 8994163689310276 - August 9, 2021, 4:58 pm
txn_3JLKf8Jm8ehcCWGI0zoJLmx3 - 8994163689198270 - August 9, 2021, 4:58 pm
txn_3JLU6fJm8ehcCWGI0gl6c4pg - 8994163689306279 - August 9, 2021, 4:58 pm
txn_3JLpA7Jm8ehcCWGI1G0Dyfh9 - 8994163689429275 - August 9, 2021, 4:58 pm
txn_3JMLIOJm8ehcCWGI1XdxZIjX - 8994163689194272 - August 9, 2021, 4:58 pm
txn_3JLJI8Jm8ehcCWGI0jWre3Z5 - 8994163689192278 - August 9, 2021, 4:58 pm
txn_3JMDNDJm8ehcCWGI0WVIt92z - 8994163689304275 - August 9, 2021, 4:58 pm
txn_3JMKqEJm8ehcCWGI0qRCBZl0 - 8994163689186277 - August 9, 2021, 4:58 pm
txn_3JLTtSJm8ehcCWGI1U0cJAdY - 8994163689303278 - August 9, 2021, 4:58 pm
txn_3JLJ0WJm8ehcCWGI0kF4OwdH - 8994163689184273 - August 9, 2021, 4:58 pm
txn_3JLlDRJm8ehcCWGI05i0OocC - 8994163689185270 - August 9, 2021, 4:58 pm
txn_3JLb8fJm8ehcCWGI1ZvxpeSm - 8994163689302271 - August 9, 2021, 4:58 pm
txn_3JM9EfJm8ehcCWGI1rIYg3eq - 8994163689301274 - August 9, 2021, 4:58 pm
txn_3JMJjhJm8ehcCWGI0gOptzsz - 8994163689183276 - August 9, 2021, 4:58 pm
txn_3JLTmQJm8ehcCWGI0ndvzxFr - 8994163689181272 - August 9, 2021, 4:58 pm
txn_3JLkEtJm8ehcCWGI006BsPRs - 8994163689425277 - August 9, 2021, 4:58 pm
txn_3JLaHMJm8ehcCWGI13ikR5rD - 8994163689180275 - August 9, 2021, 4:58 pm
txn_3JLIdWJm8ehcCWGI1kbDw21M - 8994163689295276 - August 9, 2021, 4:58 pm
txn_3JM0ZTJm8ehcCWGI0VtIZjqQ - 8994163689179279 - August 9, 2021, 4:58 pm
txn_3JMIsQJm8ehcCWGI063q7MuZ - 8994163689176278 - August 9, 2021, 4:58 pm
txn_3JLTZ3Jm8ehcCWGI13SEsPot - 8994163689169270 - August 9, 2021, 4:58 pm
txn_3JLZwEJm8ehcCWGI1yHVDOXL - 8994163689170276 - August 9, 2021, 4:58 pm
txn_3JLiXZJm8ehcCWGI1TKmfr7p - 8994163689171273 - August 9, 2021, 4:58 pm
txn_3JLIWzJm8ehcCWGI1wHXRB8L - 8994163689423273 - August 9, 2021, 4:58 pm
txn_3JM0U3Jm8ehcCWGI0v5pSCxF - 8994163689293272 - August 9, 2021, 4:58 pm
txn_3JMLhAJm8ehcCWGI1ziKCDaz -  - August 9, 2021, 4:58 pm
txn_3JMLcQJm8ehcCWGI034oz6ih -  - August 9, 2021, 4:58 pm
txn_3JLgUeJm8ehcCWGI0w1K1gnI -  - August 9, 2021, 4:58 pm
txn_3JMLVcJm8ehcCWGI1Lnnf2Fa -  - August 9, 2021, 4:58 pm
txn_3JLgJQJm8ehcCWGI01iNBWZ9 - 8994163689209273 - August 9, 2021, 4:59 pm
txn_3JLeKYJm8ehcCWGI1lKSTDv5 - 8994163689315271 - August 9, 2021, 4:59 pm
txn_3JMEISJm8ehcCWGI0LVnaIR5 - 8994163689318272 - August 9, 2021, 4:59 pm
txn_3JLzhGJm8ehcCWGI0XnYbpbR - 8994163689204278 - August 9, 2021, 4:59 pm
txn_3JLSszJm8ehcCWGI1BBBupCE - 8994163689203271 - August 9, 2021, 4:59 pm
txn_3JMLTMJm8ehcCWGI1neobSR4 - 8994163689199277 - August 9, 2021, 4:59 pm
txn_3JLVQEJm8ehcCWGI0htdEY6X - 8994163689311273 - August 9, 2021, 4:59 pm
txn_3JLvSVJm8ehcCWGI0PMbdsgD - 8994163689310276 - August 9, 2021, 4:59 pm
txn_3JLKf8Jm8ehcCWGI0zoJLmx3 - 8994163689198270 - August 9, 2021, 4:59 pm
txn_3JLU6fJm8ehcCWGI0gl6c4pg - 8994163689306279 - August 9, 2021, 4:59 pm
txn_3JLpA7Jm8ehcCWGI1G0Dyfh9 - 8994163689429275 - August 9, 2021, 4:59 pm
txn_3JMLIOJm8ehcCWGI1XdxZIjX - 8994163689194272 - August 9, 2021, 4:59 pm
txn_3JLJI8Jm8ehcCWGI0jWre3Z5 - 8994163689192278 - August 9, 2021, 4:59 pm
txn_3JMDNDJm8ehcCWGI0WVIt92z - 8994163689304275 - August 9, 2021, 4:59 pm
txn_3JMKqEJm8ehcCWGI0qRCBZl0 - 8994163689186277 - August 9, 2021, 4:59 pm
txn_3JLTtSJm8ehcCWGI1U0cJAdY - 8994163689303278 - August 9, 2021, 4:59 pm
txn_3JLJ0WJm8ehcCWGI0kF4OwdH - 8994163689184273 - August 9, 2021, 4:59 pm
txn_3JLlDRJm8ehcCWGI05i0OocC - 8994163689185270 - August 9, 2021, 4:59 pm
txn_3JLb8fJm8ehcCWGI1ZvxpeSm - 8994163689302271 - August 9, 2021, 4:59 pm
txn_3JM9EfJm8ehcCWGI1rIYg3eq - 8994163689301274 - August 9, 2021, 4:59 pm
txn_3JMJjhJm8ehcCWGI0gOptzsz - 8994163689183276 - August 9, 2021, 4:59 pm
txn_3JLTmQJm8ehcCWGI0ndvzxFr - 8994163689181272 - August 9, 2021, 4:59 pm
txn_3JLkEtJm8ehcCWGI006BsPRs - 8994163689425277 - August 9, 2021, 4:59 pm
txn_3JLaHMJm8ehcCWGI13ikR5rD - 8994163689180275 - August 9, 2021, 4:59 pm
txn_3JLIdWJm8ehcCWGI1kbDw21M - 8994163689295276 - August 9, 2021, 4:59 pm
txn_3JM0ZTJm8ehcCWGI0VtIZjqQ - 8994163689179279 - August 9, 2021, 4:59 pm
txn_3JMIsQJm8ehcCWGI063q7MuZ - 8994163689176278 - August 9, 2021, 4:59 pm
txn_3JLTZ3Jm8ehcCWGI13SEsPot - 8994163689169270 - August 9, 2021, 4:59 pm
txn_3JLZwEJm8ehcCWGI1yHVDOXL - 8994163689170276 - August 9, 2021, 4:59 pm
txn_3JLiXZJm8ehcCWGI1TKmfr7p - 8994163689171273 - August 9, 2021, 4:59 pm
txn_3JLIWzJm8ehcCWGI1wHXRB8L - 8994163689423273 - August 9, 2021, 4:59 pm
txn_3JM0U3Jm8ehcCWGI0v5pSCxF - 8994163689293272 - August 9, 2021, 4:59 pm
txn_3JLLKgJm8ehcCWGI0kKvEhhL - 8994163689433272 - August 9, 2021, 4:59 pm
txn_3JLcRVJm8ehcCWGI0UQhFlv9 - 8994163689670271 - August 9, 2021, 4:59 pm
txn_3JMIkLJm8ehcCWGI1PRI1k88 - 8994163689397277 - August 9, 2021, 4:59 pm
txn_3JLcHuJm8ehcCWGI1O78OW8F - 8994163689668278 - August 9, 2021, 4:59 pm
txn_3JMH7IJm8ehcCWGI0SRUwCbz - 8994163689394276 - August 9, 2021, 4:59 pm
txn_3JLZcaJm8ehcCWGI0obRkuBQ - 8994163689395273 - August 9, 2021, 4:59 pm
txn_3JLYqJJm8ehcCWGI0PkiLgXe - 8994163689390278 - August 9, 2021, 4:59 pm
txn_3JMGSfJm8ehcCWGI0RSzhWFW - 8994163689662276 - August 9, 2021, 4:59 pm
txn_3JLWsgJm8ehcCWGI1cNkLsgJ - 8994163689385274 - August 9, 2021, 4:59 pm
txn_3JMEHFJm8ehcCWGI00DetAW8 - 8994163689436273 - August 9, 2021, 4:59 pm
2021Influencer754 - 8994163689659276 - August 9, 2021, 4:59 pm
txn_3JLVanJm8ehcCWGI1JrEWIGf - 8994163689383270 - August 9, 2021, 4:59 pm
txn_3JM0HgJm8ehcCWGI17AmNuwl - 8994163689382273 - August 9, 2021, 4:59 pm
txn_3JMM3MJm8ehcCWGI1RJ1MHnb - 8994163689379273 - August 9, 2021, 4:59 pm
txn_3JLgj6Jm8ehcCWGI1E7L0q65 - 8994163689378276 - August 9, 2021, 4:59 pm
txn_3JLgJQJm8ehcCWGI01iNBWZ9 - 8994163689209273 - August 9, 2021, 4:59 pm
txn_3JLeKYJm8ehcCWGI1lKSTDv5 - 8994163689315271 - August 9, 2021, 4:59 pm
txn_3JMEISJm8ehcCWGI0LVnaIR5 - 8994163689318272 - August 9, 2021, 4:59 pm
txn_3JLzhGJm8ehcCWGI0XnYbpbR - 8994163689204278 - August 9, 2021, 4:59 pm
txn_3JLSszJm8ehcCWGI1BBBupCE - 8994163689203271 - August 9, 2021, 4:59 pm
txn_3JMLTMJm8ehcCWGI1neobSR4 - 8994163689199277 - August 9, 2021, 4:59 pm
txn_3JLVQEJm8ehcCWGI0htdEY6X - 8994163689311273 - August 9, 2021, 4:59 pm
txn_3JLvSVJm8ehcCWGI0PMbdsgD - 8994163689310276 - August 9, 2021, 4:59 pm
txn_3JLKf8Jm8ehcCWGI0zoJLmx3 - 8994163689198270 - August 9, 2021, 4:59 pm
txn_3JLU6fJm8ehcCWGI0gl6c4pg - 8994163689306279 - August 9, 2021, 4:59 pm
txn_3JLpA7Jm8ehcCWGI1G0Dyfh9 - 8994163689429275 - August 9, 2021, 4:59 pm
txn_3JMLIOJm8ehcCWGI1XdxZIjX - 8994163689194272 - August 9, 2021, 4:59 pm
txn_3JLJI8Jm8ehcCWGI0jWre3Z5 - 8994163689192278 - August 9, 2021, 4:59 pm
txn_3JMDNDJm8ehcCWGI0WVIt92z - 8994163689304275 - August 9, 2021, 4:59 pm
txn_3JMKqEJm8ehcCWGI0qRCBZl0 - 8994163689186277 - August 9, 2021, 4:59 pm
txn_3JLTtSJm8ehcCWGI1U0cJAdY - 8994163689303278 - August 9, 2021, 4:59 pm
txn_3JLJ0WJm8ehcCWGI0kF4OwdH - 8994163689184273 - August 9, 2021, 4:59 pm
txn_3JLlDRJm8ehcCWGI05i0OocC - 8994163689185270 - August 9, 2021, 4:59 pm
txn_3JLb8fJm8ehcCWGI1ZvxpeSm - 8994163689302271 - August 9, 2021, 4:59 pm
txn_3JM9EfJm8ehcCWGI1rIYg3eq - 8994163689301274 - August 9, 2021, 4:59 pm
txn_3JMJjhJm8ehcCWGI0gOptzsz - 8994163689183276 - August 9, 2021, 4:59 pm
txn_3JLTmQJm8ehcCWGI0ndvzxFr - 8994163689181272 - August 9, 2021, 4:59 pm
txn_3JLkEtJm8ehcCWGI006BsPRs - 8994163689425277 - August 9, 2021, 4:59 pm
txn_3JLaHMJm8ehcCWGI13ikR5rD - 8994163689180275 - August 9, 2021, 4:59 pm
txn_3JLIdWJm8ehcCWGI1kbDw21M - 8994163689295276 - August 9, 2021, 4:59 pm
txn_3JM0ZTJm8ehcCWGI0VtIZjqQ - 8994163689179279 - August 9, 2021, 4:59 pm
txn_3JMIsQJm8ehcCWGI063q7MuZ - 8994163689176278 - August 9, 2021, 4:59 pm
txn_3JLTZ3Jm8ehcCWGI13SEsPot - 8994163689169270 - August 9, 2021, 4:59 pm
txn_3JLZwEJm8ehcCWGI1yHVDOXL - 8994163689170276 - August 9, 2021, 4:59 pm
txn_3JLiXZJm8ehcCWGI1TKmfr7p - 8994163689171273 - August 9, 2021, 4:59 pm
txn_3JLIWzJm8ehcCWGI1wHXRB8L - 8994163689423273 - August 9, 2021, 4:59 pm
txn_3JM0U3Jm8ehcCWGI0v5pSCxF - 8994163689293272 - August 9, 2021, 4:59 pm
txn_3JLLKgJm8ehcCWGI0kKvEhhL - 8994163689433272 - August 9, 2021, 4:59 pm
txn_3JLcRVJm8ehcCWGI0UQhFlv9 - 8994163689670271 - August 9, 2021, 4:59 pm
txn_3JMIkLJm8ehcCWGI1PRI1k88 - 8994163689397277 - August 9, 2021, 4:59 pm
txn_3JLcHuJm8ehcCWGI1O78OW8F - 8994163689668278 - August 9, 2021, 4:59 pm
txn_3JMH7IJm8ehcCWGI0SRUwCbz - 8994163689394276 - August 9, 2021, 4:59 pm
txn_3JLZcaJm8ehcCWGI0obRkuBQ - 8994163689395273 - August 9, 2021, 4:59 pm
txn_3JLYqJJm8ehcCWGI0PkiLgXe - 8994163689390278 - August 9, 2021, 4:59 pm
txn_3JMGSfJm8ehcCWGI0RSzhWFW - 8994163689662276 - August 9, 2021, 4:59 pm
txn_3JLWsgJm8ehcCWGI1cNkLsgJ - 8994163689385274 - August 9, 2021, 4:59 pm
txn_3JMEHFJm8ehcCWGI00DetAW8 - 8994163689436273 - August 9, 2021, 4:59 pm
2021Influencer754 - 8994163689659276 - August 9, 2021, 4:59 pm
txn_3JLVanJm8ehcCWGI1JrEWIGf - 8994163689383270 - August 9, 2021, 4:59 pm
txn_3JM0HgJm8ehcCWGI17AmNuwl - 8994163689382273 - August 9, 2021, 4:59 pm
txn_3JMM3MJm8ehcCWGI1RJ1MHnb - 8994163689379273 - August 9, 2021, 4:59 pm
txn_3JLgj6Jm8ehcCWGI1E7L0q65 - 8994163689378276 - August 9, 2021, 4:59 pm
txn_3JMLcQJm8ehcCWGI034oz6ih - 8994163689716276 - August 9, 2021, 4:59 pm
txn_3JMLVcJm8ehcCWGI1Lnnf2Fa - 8994163689841275 - August 9, 2021, 4:59 pm
txn_3JLwAAJm8ehcCWGI1CmoX3QR - 8994163689833270 - August 9, 2021, 4:59 pm
txn_3JLpTWJm8ehcCWGI0j4dMGk2 - 8994163689828276 - August 9, 2021, 4:59 pm
txn_3JLgUeJm8ehcCWGI0w1K1gnI - 8994163689825275 - August 9, 2021, 4:59 pm
txn_3JLT8SJm8ehcCWGI0AyCvFVu - 8994163689686272 - August 9, 2021, 4:59 pm
txn_3JLSWPJm8ehcCWGI1CS2PNlk - 8994163689817270 - August 9, 2021, 4:59 pm
txn_3JLgJQJm8ehcCWGI01iNBWZ9 - 8994163689209273 - August 9, 2021, 5:01 pm
txn_3JLeKYJm8ehcCWGI1lKSTDv5 - 8994163689315271 - August 9, 2021, 5:01 pm
txn_3JMEISJm8ehcCWGI0LVnaIR5 - 8994163689318272 - August 9, 2021, 5:01 pm
txn_3JLzhGJm8ehcCWGI0XnYbpbR - 8994163689204278 - August 9, 2021, 5:01 pm
txn_3JLSszJm8ehcCWGI1BBBupCE - 8994163689203271 - August 9, 2021, 5:01 pm
txn_3JMLTMJm8ehcCWGI1neobSR4 - 8994163689199277 - August 9, 2021, 5:01 pm
txn_3JLVQEJm8ehcCWGI0htdEY6X - 8994163689311273 - August 9, 2021, 5:01 pm
txn_3JLvSVJm8ehcCWGI0PMbdsgD - 8994163689310276 - August 9, 2021, 5:01 pm
txn_3JLKf8Jm8ehcCWGI0zoJLmx3 - 8994163689198270 - August 9, 2021, 5:01 pm
txn_3JLU6fJm8ehcCWGI0gl6c4pg - 8994163689306279 - August 9, 2021, 5:01 pm
txn_3JLpA7Jm8ehcCWGI1G0Dyfh9 - 8994163689429275 - August 9, 2021, 5:01 pm
txn_3JMLIOJm8ehcCWGI1XdxZIjX - 8994163689194272 - August 9, 2021, 5:01 pm
txn_3JLJI8Jm8ehcCWGI0jWre3Z5 - 8994163689192278 - August 9, 2021, 5:01 pm
txn_3JMDNDJm8ehcCWGI0WVIt92z - 8994163689304275 - August 9, 2021, 5:01 pm
txn_3JMKqEJm8ehcCWGI0qRCBZl0 - 8994163689186277 - August 9, 2021, 5:01 pm
txn_3JLTtSJm8ehcCWGI1U0cJAdY - 8994163689303278 - August 9, 2021, 5:01 pm
txn_3JLJ0WJm8ehcCWGI0kF4OwdH - 8994163689184273 - August 9, 2021, 5:01 pm
txn_3JLlDRJm8ehcCWGI05i0OocC - 8994163689185270 - August 9, 2021, 5:01 pm
txn_3JLb8fJm8ehcCWGI1ZvxpeSm - 8994163689302271 - August 9, 2021, 5:01 pm
txn_3JM9EfJm8ehcCWGI1rIYg3eq - 8994163689301274 - August 9, 2021, 5:01 pm
txn_3JMJjhJm8ehcCWGI0gOptzsz - 8994163689183276 - August 9, 2021, 5:01 pm
txn_3JLTmQJm8ehcCWGI0ndvzxFr - 8994163689181272 - August 9, 2021, 5:01 pm
txn_3JLkEtJm8ehcCWGI006BsPRs - 8994163689425277 - August 9, 2021, 5:01 pm
txn_3JLaHMJm8ehcCWGI13ikR5rD - 8994163689180275 - August 9, 2021, 5:01 pm
txn_3JLIdWJm8ehcCWGI1kbDw21M - 8994163689295276 - August 9, 2021, 5:01 pm
txn_3JM0ZTJm8ehcCWGI0VtIZjqQ - 8994163689179279 - August 9, 2021, 5:01 pm
txn_3JMIsQJm8ehcCWGI063q7MuZ - 8994163689176278 - August 9, 2021, 5:01 pm
txn_3JLTZ3Jm8ehcCWGI13SEsPot - 8994163689169270 - August 9, 2021, 5:01 pm
txn_3JLZwEJm8ehcCWGI1yHVDOXL - 8994163689170276 - August 9, 2021, 5:01 pm
txn_3JLiXZJm8ehcCWGI1TKmfr7p - 8994163689171273 - August 9, 2021, 5:01 pm
txn_3JLIWzJm8ehcCWGI1wHXRB8L - 8994163689423273 - August 9, 2021, 5:01 pm
txn_3JM0U3Jm8ehcCWGI0v5pSCxF - 8994163689293272 - August 9, 2021, 5:01 pm
txn_3JLLKgJm8ehcCWGI0kKvEhhL - 8994163689433272 - August 9, 2021, 5:01 pm
txn_3JLcRVJm8ehcCWGI0UQhFlv9 - 8994163689670271 - August 9, 2021, 5:01 pm
txn_3JMIkLJm8ehcCWGI1PRI1k88 - 8994163689397277 - August 9, 2021, 5:01 pm
txn_3JLcHuJm8ehcCWGI1O78OW8F - 8994163689668278 - August 9, 2021, 5:01 pm
txn_3JMH7IJm8ehcCWGI0SRUwCbz - 8994163689394276 - August 9, 2021, 5:01 pm
txn_3JLZcaJm8ehcCWGI0obRkuBQ - 8994163689395273 - August 9, 2021, 5:01 pm
txn_3JLYqJJm8ehcCWGI0PkiLgXe - 8994163689390278 - August 9, 2021, 5:01 pm
txn_3JMGSfJm8ehcCWGI0RSzhWFW - 8994163689662276 - August 9, 2021, 5:01 pm
txn_3JLWsgJm8ehcCWGI1cNkLsgJ - 8994163689385274 - August 9, 2021, 5:01 pm
txn_3JMEHFJm8ehcCWGI00DetAW8 - 8994163689436273 - August 9, 2021, 5:01 pm
2021Influencer754 - 8994163689659276 - August 9, 2021, 5:01 pm
txn_3JLVanJm8ehcCWGI1JrEWIGf - 8994163689383270 - August 9, 2021, 5:01 pm
txn_3JM0HgJm8ehcCWGI17AmNuwl - 8994163689382273 - August 9, 2021, 5:01 pm
txn_3JMM3MJm8ehcCWGI1RJ1MHnb - 8994163689379273 - August 9, 2021, 5:01 pm
txn_3JLgj6Jm8ehcCWGI1E7L0q65 - 8994163689378276 - August 9, 2021, 5:01 pm
txn_3JMLcQJm8ehcCWGI034oz6ih - 8994163689716276 - August 9, 2021, 5:01 pm
txn_3JMLVcJm8ehcCWGI1Lnnf2Fa - 8994163689841275 - August 9, 2021, 5:01 pm
txn_3JLwAAJm8ehcCWGI1CmoX3QR - 8994163689833270 - August 9, 2021, 5:01 pm
txn_3JLpTWJm8ehcCWGI0j4dMGk2 - 8994163689828276 - August 9, 2021, 5:01 pm
txn_3JLgUeJm8ehcCWGI0w1K1gnI - 8994163689825275 - August 9, 2021, 5:01 pm
txn_3JLT8SJm8ehcCWGI0AyCvFVu - 8994163689686272 - August 9, 2021, 5:01 pm
txn_3JLSWPJm8ehcCWGI1CS2PNlk - 8994163689817270 - August 9, 2021, 5:01 pm
txn_3JMLhAJm8ehcCWGI1ziKCDaz - 8994163689897272 - August 9, 2021, 5:01 pm
txn_3JMLhAJm8ehcCWGI1ziKCDaz - 8994163691653279 - August 9, 2021, 5:27 pm
