txn_1IfpDkJm8ehcCWGIUjt3dC6h - 8994163742137222 - April 14, 2021, 3:56 pm
txn_1IfwOEJm8ehcCWGI6CHcViny - 8994163742136225 - April 14, 2021, 3:56 pm
txn_1IffOGJm8ehcCWGIx42i68ud - 8994163742466223 - April 14, 2021, 3:56 pm
txn_1IfmOJJm8ehcCWGIpqEuLtjJ - 8994163742134221 - April 14, 2021, 3:56 pm
txn_1IfwJIJm8ehcCWGIv0o198Ga - 8994163742460221 - April 14, 2021, 3:56 pm
txn_1IfedjJm8ehcCWGIaVtEboaW - 8994163742133224 - April 14, 2021, 3:56 pm
txn_1IfbrZJm8ehcCWGIUOxu9mBa - 8994163742129227 - April 14, 2021, 3:56 pm
txn_1IfmC5Jm8ehcCWGI2y3pGX4t - 8994163742127223 - April 14, 2021, 3:56 pm
txn_1IfbXoJm8ehcCWGIcFdE64sO - 8994163742121221 - April 14, 2021, 3:56 pm
txn_1IfoePJm8ehcCWGIzYfGICWy - 8994163742116227 - April 14, 2021, 3:56 pm
txn_1Ifm65Jm8ehcCWGIl1oI2L3e - 8994163742245224 - April 14, 2021, 3:56 pm
txn_1IfrdsJm8ehcCWGIjEmfrIZc - 8994163742244227 - April 14, 2021, 3:56 pm
txn_1IfdUYJm8ehcCWGIlqRnOwTE - 8994163742117224 - April 14, 2021, 3:56 pm
txn_1Ifb62Jm8ehcCWGI1KKLV8PI - 8994163742446225 - April 14, 2021, 3:56 pm
txn_1IfllsJm8ehcCWGIXQAZmb9M - 8994163742445228 - April 14, 2021, 3:56 pm
txn_1IfuNKJm8ehcCWGIKY6afrNm - 8994163742115220 - April 14, 2021, 3:56 pm
txn_1IfqrcJm8ehcCWGIktuniwha - 8994163742114223 - April 14, 2021, 3:56 pm
txn_1IfdOLJm8ehcCWGI4Ny3TXnA - 8994163742240229 - April 14, 2021, 3:56 pm
txn_1Ifb3rJm8ehcCWGItY4clBvu - 8994163742441220 - April 14, 2021, 3:56 pm
txn_1IfoUfJm8ehcCWGIrmpv5WRH - 8994163742444221 - April 14, 2021, 3:56 pm
txn_1IfqpdJm8ehcCWGIiGJ9Q2LZ - 8994163742111222 - April 14, 2021, 3:56 pm
txn_1IfljbJm8ehcCWGI9Toz2gWl - 8994163742442227 - April 14, 2021, 3:56 pm
txn_1IfuKAJm8ehcCWGIWR0zwOkZ - 8994163742443224 - April 14, 2021, 3:56 pm
txn_1IfnyEJm8ehcCWGIs6bWmQHs - 8994163742437223 - April 14, 2021, 3:56 pm
txn_1IfuBxJm8ehcCWGI88ncqWEu - 8994163742110225 - April 14, 2021, 3:56 pm
txn_1IfqhJJm8ehcCWGIsg1SWAj9 - 8994163742237229 - April 14, 2021, 3:56 pm
txn_1IflWtJm8ehcCWGI8I4KodoD - 8994163742238226 - April 14, 2021, 3:56 pm
txn_1IfayPJm8ehcCWGIoS7xB4nf - 8994163742436226 - April 14, 2021, 3:56 pm
txn_1IfdMiJm8ehcCWGIjIcyWkN6 - 8994163742438220 - April 14, 2021, 3:56 pm
txn_1IfkgWJm8ehcCWGIr510Dcwv - 8994163742435229 - April 14, 2021, 3:56 pm
txn_1Ifd8tJm8ehcCWGIxQ5S1Z4t - 8994163742106228 - April 14, 2021, 3:56 pm
txn_1IfqgFJm8ehcCWGILrJdvE6F - 8994163742236222 - April 14, 2021, 3:56 pm
txn_1IftVFJm8ehcCWGIMkmyHZ0G - 8994163742235225 - April 14, 2021, 3:56 pm
txn_1IfnwfJm8ehcCWGI6BX9YtA4 - 8994163742434222 - April 14, 2021, 3:56 pm
txn_1IfajqJm8ehcCWGI2iTgDTsp - 8994163742105221 - April 14, 2021, 3:56 pm
txn_1IfpDkJm8ehcCWGIUjt3dC6h - 8994163742137222 - April 14, 2021, 4:07 pm
txn_1IfwOEJm8ehcCWGI6CHcViny - 8994163742136225 - April 14, 2021, 4:07 pm
txn_1IffOGJm8ehcCWGIx42i68ud - 8994163742466223 - April 14, 2021, 4:07 pm
txn_1IfmOJJm8ehcCWGIpqEuLtjJ - 8994163742134221 - April 14, 2021, 4:07 pm
txn_1IfwJIJm8ehcCWGIv0o198Ga - 8994163742460221 - April 14, 2021, 4:07 pm
txn_1IfedjJm8ehcCWGIaVtEboaW - 8994163742133224 - April 14, 2021, 4:07 pm
txn_1IfbrZJm8ehcCWGIUOxu9mBa - 8994163742129227 - April 14, 2021, 4:07 pm
txn_1IfmC5Jm8ehcCWGI2y3pGX4t - 8994163742127223 - April 14, 2021, 4:07 pm
txn_1IfbXoJm8ehcCWGIcFdE64sO - 8994163742121221 - April 14, 2021, 4:07 pm
txn_1IfoePJm8ehcCWGIzYfGICWy - 8994163742116227 - April 14, 2021, 4:07 pm
txn_1Ifm65Jm8ehcCWGIl1oI2L3e - 8994163742245224 - April 14, 2021, 4:07 pm
txn_1IfrdsJm8ehcCWGIjEmfrIZc - 8994163742244227 - April 14, 2021, 4:07 pm
txn_1IfdUYJm8ehcCWGIlqRnOwTE - 8994163742117224 - April 14, 2021, 4:07 pm
txn_1Ifb62Jm8ehcCWGI1KKLV8PI - 8994163742446225 - April 14, 2021, 4:07 pm
txn_1IfllsJm8ehcCWGIXQAZmb9M - 8994163742445228 - April 14, 2021, 4:07 pm
txn_1IfuNKJm8ehcCWGIKY6afrNm - 8994163742115220 - April 14, 2021, 4:07 pm
txn_1IfqrcJm8ehcCWGIktuniwha - 8994163742114223 - April 14, 2021, 4:07 pm
txn_1IfdOLJm8ehcCWGI4Ny3TXnA - 8994163742240229 - April 14, 2021, 4:07 pm
txn_1Ifb3rJm8ehcCWGItY4clBvu - 8994163742441220 - April 14, 2021, 4:07 pm
txn_1IfoUfJm8ehcCWGIrmpv5WRH - 8994163742444221 - April 14, 2021, 4:07 pm
txn_1IfqpdJm8ehcCWGIiGJ9Q2LZ - 8994163742111222 - April 14, 2021, 4:07 pm
txn_1IfljbJm8ehcCWGI9Toz2gWl - 8994163742442227 - April 14, 2021, 4:07 pm
txn_1IfuKAJm8ehcCWGIWR0zwOkZ - 8994163742443224 - April 14, 2021, 4:07 pm
txn_1IfnyEJm8ehcCWGIs6bWmQHs - 8994163742437223 - April 14, 2021, 4:07 pm
txn_1IfuBxJm8ehcCWGI88ncqWEu - 8994163742110225 - April 14, 2021, 4:07 pm
txn_1IfqhJJm8ehcCWGIsg1SWAj9 - 8994163742237229 - April 14, 2021, 4:07 pm
txn_1IflWtJm8ehcCWGI8I4KodoD - 8994163742238226 - April 14, 2021, 4:07 pm
txn_1IfayPJm8ehcCWGIoS7xB4nf - 8994163742436226 - April 14, 2021, 4:07 pm
txn_1IfdMiJm8ehcCWGIjIcyWkN6 - 8994163742438220 - April 14, 2021, 4:07 pm
txn_1IfkgWJm8ehcCWGIr510Dcwv - 8994163742435229 - April 14, 2021, 4:07 pm
txn_1Ifd8tJm8ehcCWGIxQ5S1Z4t - 8994163742106228 - April 14, 2021, 4:07 pm
txn_1IfqgFJm8ehcCWGILrJdvE6F - 8994163742236222 - April 14, 2021, 4:07 pm
txn_1IftVFJm8ehcCWGIMkmyHZ0G - 8994163742235225 - April 14, 2021, 4:07 pm
txn_1IfnwfJm8ehcCWGI6BX9YtA4 - 8994163742434222 - April 14, 2021, 4:07 pm
txn_1IfajqJm8ehcCWGI2iTgDTsp - 8994163742105221 - April 14, 2021, 4:07 pm
txn_1IfbT5Jm8ehcCWGIT8iZxEMN - 8994163742358221 - April 14, 2021, 4:07 pm
txn_1Ifn0FJm8ehcCWGIZi3QWCU3 - 8994163742968222 - April 14, 2021, 4:07 pm
txn_1IflxyJm8ehcCWGIWoCfkh0h - 8994163743100225 - April 14, 2021, 4:07 pm
txn_1IfruhJm8ehcCWGIxH6Zkw8U - 8994163742949221 - April 14, 2021, 4:07 pm
txn_1IfjnaJm8ehcCWGIOHRAkUJu - 8994163742909225 - April 14, 2021, 4:07 pm
txn_1IfroxJm8ehcCWGI0f1UXizT - 8994163743263227 - April 14, 2021, 4:07 pm
txn_1IfrkhJm8ehcCWGIGqHjZR9V - 8994163743057222 - April 14, 2021, 4:07 pm
txn_1Ifi3AJm8ehcCWGI4Aw9P9yt - 8994163743259220 - April 14, 2021, 4:07 pm
txn_1IfrjnJm8ehcCWGIGZOjHwvo - 8994163743257226 - April 14, 2021, 4:07 pm
txn_1Iff42Jm8ehcCWGIS9aoJ8pP - 8994163742907221 - April 14, 2021, 4:07 pm
txn_1IfqRhJm8ehcCWGIbmLciPeY - 8994163742905227 - April 14, 2021, 4:07 pm
txn_1IfdZ3Jm8ehcCWGInuo2ywEK - 8994163743255222 - April 14, 2021, 4:07 pm
txn_1IfwYfJm8ehcCWGIdaHAIYDr - 8994163743055228 - April 14, 2021, 4:07 pm
txn_1IfppYJm8ehcCWGIzKlG6uMo - 8994163743254225 - April 14, 2021, 4:07 pm
txn_1Ifd6MJm8ehcCWGIMGfMJKFG - 8994163743051220 - April 14, 2021, 4:07 pm
txn_1Ifw9KJm8ehcCWGI64Td04cv - 8994163743052227 - April 14, 2021, 4:07 pm
txn_1IfpHVJm8ehcCWGIHZg8oMph - 8994163743204220 - April 14, 2021, 4:07 pm
txn_1IfvUkJm8ehcCWGIT3FWWM0B - 8994163743018223 - April 14, 2021, 4:07 pm
txn_1IfcP9Jm8ehcCWGIcCtHlwtQ - 8994163742850220 - April 14, 2021, 4:07 pm
txn_1IfpBPJm8ehcCWGIB2I2yHu2 - 8994163743003229 - April 14, 2021, 4:07 pm
txn_1IfuezJm8ehcCWGIhQ6XBZj2 - 8994163742766224 - April 14, 2021, 4:07 pm
txn_1IfueaJm8ehcCWGIv97FpPHk - 8994163742379226 - April 14, 2021, 4:07 pm
txn_1IfoyLJm8ehcCWGIXU0YB1ol - 8994163742377222 - April 14, 2021, 4:07 pm
txn_1Ifc9BJm8ehcCWGIae2K266w - 8994163742376225 - April 14, 2021, 4:07 pm
txn_1IfnYzJm8ehcCWGIqkF7JLl1 - 8994163742361221 - April 14, 2021, 4:07 pm
txn_1IfsfbJm8ehcCWGIHKT29aX0 - 8994163742725221 - April 14, 2021, 4:07 pm
