txn_1IYFyNJm8ehcCWGISwKKXwOq - 8994163883350214 - March 24, 2021, 9:28 pm
txn_1IYNsmJm8ehcCWGIRsFqsOYy - 8994163883532214 - March 24, 2021, 9:28 pm
txn_1IYZJNJm8ehcCWGIQb6Am9oZ - 8994163883531217 - March 24, 2021, 9:28 pm
txn_1IYMCUJm8ehcCWGIiYrsUf0Z - 8994163883612213 - March 24, 2021, 9:28 pm
txn_1IYGj7Jm8ehcCWGI8nOx4iPr - 8994163883349218 - March 24, 2021, 9:28 pm
txn_1IYNkSJm8ehcCWGIZeAxoDx4 - 8994163883530210 - March 24, 2021, 9:28 pm
2021Influencer564 - 8994163883528217 - March 24, 2021, 9:28 pm
txn_1IVT4EJm8ehcCWGIu8K68UKa_X - 8994163883529214 - March 24, 2021, 9:28 pm
txn_1IYYuLJm8ehcCWGIrDNpHAFs - 8994163883348211 - March 24, 2021, 9:28 pm
txn_1IYMBsJm8ehcCWGIh4jiGcz8 - 8994163883527210 - March 24, 2021, 9:28 pm
txn_1IYN8jJm8ehcCWGI0f8xCoXq - 8994163883526213 - March 24, 2021, 9:28 pm
txn_1IYGLXJm8ehcCWGI0f81IyX8 - 8994163883525216 - March 24, 2021, 9:28 pm
2021Influencer563 - 8994163883524219 - March 24, 2021, 9:28 pm
txn_1IRJFpJm8ehcCWGItNoaJskh_X - 8994163883523212 - March 24, 2021, 9:28 pm
txn_1IYYFoJm8ehcCWGI39Y4oHVe - 8994163883610219 - March 24, 2021, 9:28 pm
txn_1IYLVwJm8ehcCWGIf9TFuXyB - 8994163883611216 - March 24, 2021, 9:28 pm
txn_1IYN8ZJm8ehcCWGIItGKG15g - 8994163883609213 - March 24, 2021, 9:28 pm
2021Influencer562 - 8994163883522215 - March 24, 2021, 9:28 pm
2021Influencer566 - 8994163883347214 - March 24, 2021, 9:28 pm
txn_1IYGHEJm8ehcCWGIB8RMeNPv - 8994163883521218 - March 24, 2021, 9:28 pm
txn_1IYL7KJm8ehcCWGIOOgQt0kK - 8994163883608216 - March 24, 2021, 9:28 pm
txn_1IYXkwJm8ehcCWGI86qFJkmV - 8994163883520211 - March 24, 2021, 9:28 pm
2021Influencer561 - 8994163883519215 - March 24, 2021, 9:28 pm
txn_1IYMcwJm8ehcCWGIG2Vixr3Q - 8994163883606212 - March 24, 2021, 9:28 pm
2021Influencer565 - 8994163883604218 - March 24, 2021, 9:28 pm
txn_1IYG1EJm8ehcCWGILeAS2p4k - 8994163883518218 - March 24, 2021, 9:28 pm
txn_1IYILAJm8ehcCWGIfzCR209Y - 8994163883517211 - March 24, 2021, 9:28 pm
txn_1IYWeZJm8ehcCWGIsnt9jhCR - 8994163883607219 - March 24, 2021, 9:28 pm
txn_1IXcy5Jm8ehcCWGI7Dtzw07A - 8994163883605215 - March 24, 2021, 9:28 pm
txn_1IYFyNJm8ehcCWGISwKKXwOq - 8994163883350214 - March 24, 2021, 9:28 pm
txn_1IYNsmJm8ehcCWGIRsFqsOYy - 8994163883532214 - March 24, 2021, 9:28 pm
txn_1IYZJNJm8ehcCWGIQb6Am9oZ - 8994163883531217 - March 24, 2021, 9:28 pm
txn_1IYMCUJm8ehcCWGIiYrsUf0Z - 8994163883612213 - March 24, 2021, 9:28 pm
txn_1IYGj7Jm8ehcCWGI8nOx4iPr - 8994163883349218 - March 24, 2021, 9:28 pm
txn_1IYNkSJm8ehcCWGIZeAxoDx4 - 8994163883530210 - March 24, 2021, 9:28 pm
2021Influencer564 - 8994163883528217 - March 24, 2021, 9:28 pm
txn_1IVT4EJm8ehcCWGIu8K68UKa_X - 8994163883529214 - March 24, 2021, 9:28 pm
txn_1IYYuLJm8ehcCWGIrDNpHAFs - 8994163883348211 - March 24, 2021, 9:28 pm
txn_1IYMBsJm8ehcCWGIh4jiGcz8 - 8994163883527210 - March 24, 2021, 9:28 pm
txn_1IYN8jJm8ehcCWGI0f8xCoXq - 8994163883526213 - March 24, 2021, 9:28 pm
txn_1IYGLXJm8ehcCWGI0f81IyX8 - 8994163883525216 - March 24, 2021, 9:28 pm
2021Influencer563 - 8994163883524219 - March 24, 2021, 9:28 pm
txn_1IRJFpJm8ehcCWGItNoaJskh_X - 8994163883523212 - March 24, 2021, 9:28 pm
txn_1IYYFoJm8ehcCWGI39Y4oHVe - 8994163883610219 - March 24, 2021, 9:28 pm
txn_1IYLVwJm8ehcCWGIf9TFuXyB - 8994163883611216 - March 24, 2021, 9:28 pm
txn_1IYN8ZJm8ehcCWGIItGKG15g - 8994163883609213 - March 24, 2021, 9:28 pm
2021Influencer562 - 8994163883522215 - March 24, 2021, 9:28 pm
2021Influencer566 - 8994163883347214 - March 24, 2021, 9:28 pm
txn_1IYGHEJm8ehcCWGIB8RMeNPv - 8994163883521218 - March 24, 2021, 9:28 pm
txn_1IYL7KJm8ehcCWGIOOgQt0kK - 8994163883608216 - March 24, 2021, 9:28 pm
txn_1IYXkwJm8ehcCWGI86qFJkmV - 8994163883520211 - March 24, 2021, 9:28 pm
2021Influencer561 - 8994163883519215 - March 24, 2021, 9:28 pm
txn_1IYMcwJm8ehcCWGIG2Vixr3Q - 8994163883606212 - March 24, 2021, 9:28 pm
2021Influencer565 - 8994163883604218 - March 24, 2021, 9:28 pm
txn_1IYG1EJm8ehcCWGILeAS2p4k - 8994163883518218 - March 24, 2021, 9:28 pm
txn_1IYILAJm8ehcCWGIfzCR209Y - 8994163883517211 - March 24, 2021, 9:28 pm
txn_1IYWeZJm8ehcCWGIsnt9jhCR - 8994163883607219 - March 24, 2021, 9:28 pm
txn_1IXcy5Jm8ehcCWGI7Dtzw07A - 8994163883605215 - March 24, 2021, 9:28 pm
txn_1IYFyNJm8ehcCWGISwKKXwOq - 8994163883350214 - March 24, 2021, 9:28 pm
txn_1IYNsmJm8ehcCWGIRsFqsOYy - 8994163883532214 - March 24, 2021, 9:28 pm
txn_1IYZJNJm8ehcCWGIQb6Am9oZ - 8994163883531217 - March 24, 2021, 9:28 pm
txn_1IYMCUJm8ehcCWGIiYrsUf0Z - 8994163883612213 - March 24, 2021, 9:28 pm
txn_1IYGj7Jm8ehcCWGI8nOx4iPr - 8994163883349218 - March 24, 2021, 9:28 pm
txn_1IYNkSJm8ehcCWGIZeAxoDx4 - 8994163883530210 - March 24, 2021, 9:28 pm
2021Influencer564 - 8994163883528217 - March 24, 2021, 9:28 pm
txn_1IVT4EJm8ehcCWGIu8K68UKa_X - 8994163883529214 - March 24, 2021, 9:28 pm
txn_1IYYuLJm8ehcCWGIrDNpHAFs - 8994163883348211 - March 24, 2021, 9:28 pm
txn_1IYMBsJm8ehcCWGIh4jiGcz8 - 8994163883527210 - March 24, 2021, 9:28 pm
txn_1IYN8jJm8ehcCWGI0f8xCoXq - 8994163883526213 - March 24, 2021, 9:28 pm
txn_1IYGLXJm8ehcCWGI0f81IyX8 - 8994163883525216 - March 24, 2021, 9:28 pm
2021Influencer563 - 8994163883524219 - March 24, 2021, 9:28 pm
txn_1IRJFpJm8ehcCWGItNoaJskh_X - 8994163883523212 - March 24, 2021, 9:28 pm
txn_1IYYFoJm8ehcCWGI39Y4oHVe - 8994163883610219 - March 24, 2021, 9:28 pm
txn_1IYLVwJm8ehcCWGIf9TFuXyB - 8994163883611216 - March 24, 2021, 9:28 pm
txn_1IYN8ZJm8ehcCWGIItGKG15g - 8994163883609213 - March 24, 2021, 9:28 pm
2021Influencer562 - 8994163883522215 - March 24, 2021, 9:28 pm
2021Influencer566 - 8994163883347214 - March 24, 2021, 9:28 pm
txn_1IYGHEJm8ehcCWGIB8RMeNPv - 8994163883521218 - March 24, 2021, 9:28 pm
txn_1IYL7KJm8ehcCWGIOOgQt0kK - 8994163883608216 - March 24, 2021, 9:28 pm
txn_1IYXkwJm8ehcCWGI86qFJkmV - 8994163883520211 - March 24, 2021, 9:28 pm
2021Influencer561 - 8994163883519215 - March 24, 2021, 9:28 pm
txn_1IYMcwJm8ehcCWGIG2Vixr3Q - 8994163883606212 - March 24, 2021, 9:28 pm
2021Influencer565 - 8994163883604218 - March 24, 2021, 9:28 pm
txn_1IYG1EJm8ehcCWGILeAS2p4k - 8994163883518218 - March 24, 2021, 9:28 pm
txn_1IYILAJm8ehcCWGIfzCR209Y - 8994163883517211 - March 24, 2021, 9:28 pm
txn_1IYWeZJm8ehcCWGIsnt9jhCR - 8994163883607219 - March 24, 2021, 9:28 pm
txn_1IXcy5Jm8ehcCWGI7Dtzw07A - 8994163883605215 - March 24, 2021, 9:28 pm
txn_1IYH5pJm8ehcCWGIeNF5cbWR - 8994163883353215 - March 24, 2021, 9:28 pm
txn_1IYFyNJm8ehcCWGISwKKXwOq - 8994163883350214 - March 24, 2021, 9:28 pm
txn_1IYNsmJm8ehcCWGIRsFqsOYy - 8994163883532214 - March 24, 2021, 9:28 pm
txn_1IYZJNJm8ehcCWGIQb6Am9oZ - 8994163883531217 - March 24, 2021, 9:28 pm
txn_1IYMCUJm8ehcCWGIiYrsUf0Z - 8994163883612213 - March 24, 2021, 9:28 pm
txn_1IYGj7Jm8ehcCWGI8nOx4iPr - 8994163883349218 - March 24, 2021, 9:28 pm
txn_1IYNkSJm8ehcCWGIZeAxoDx4 - 8994163883530210 - March 24, 2021, 9:28 pm
2021Influencer564 - 8994163883528217 - March 24, 2021, 9:28 pm
txn_1IVT4EJm8ehcCWGIu8K68UKa_X - 8994163883529214 - March 24, 2021, 9:28 pm
txn_1IYYuLJm8ehcCWGIrDNpHAFs - 8994163883348211 - March 24, 2021, 9:28 pm
txn_1IYMBsJm8ehcCWGIh4jiGcz8 - 8994163883527210 - March 24, 2021, 9:28 pm
txn_1IYN8jJm8ehcCWGI0f8xCoXq - 8994163883526213 - March 24, 2021, 9:28 pm
txn_1IYGLXJm8ehcCWGI0f81IyX8 - 8994163883525216 - March 24, 2021, 9:28 pm
2021Influencer563 - 8994163883524219 - March 24, 2021, 9:28 pm
txn_1IRJFpJm8ehcCWGItNoaJskh_X - 8994163883523212 - March 24, 2021, 9:28 pm
txn_1IYYFoJm8ehcCWGI39Y4oHVe - 8994163883610219 - March 24, 2021, 9:28 pm
txn_1IYLVwJm8ehcCWGIf9TFuXyB - 8994163883611216 - March 24, 2021, 9:28 pm
txn_1IYN8ZJm8ehcCWGIItGKG15g - 8994163883609213 - March 24, 2021, 9:28 pm
2021Influencer562 - 8994163883522215 - March 24, 2021, 9:28 pm
2021Influencer566 - 8994163883347214 - March 24, 2021, 9:28 pm
txn_1IYGHEJm8ehcCWGIB8RMeNPv - 8994163883521218 - March 24, 2021, 9:28 pm
txn_1IYL7KJm8ehcCWGIOOgQt0kK - 8994163883608216 - March 24, 2021, 9:28 pm
txn_1IYXkwJm8ehcCWGI86qFJkmV - 8994163883520211 - March 24, 2021, 9:28 pm
2021Influencer561 - 8994163883519215 - March 24, 2021, 9:28 pm
txn_1IYMcwJm8ehcCWGIG2Vixr3Q - 8994163883606212 - March 24, 2021, 9:28 pm
2021Influencer565 - 8994163883604218 - March 24, 2021, 9:28 pm
txn_1IYG1EJm8ehcCWGILeAS2p4k - 8994163883518218 - March 24, 2021, 9:28 pm
txn_1IYILAJm8ehcCWGIfzCR209Y - 8994163883517211 - March 24, 2021, 9:28 pm
txn_1IYWeZJm8ehcCWGIsnt9jhCR - 8994163883607219 - March 24, 2021, 9:28 pm
txn_1IXcy5Jm8ehcCWGI7Dtzw07A - 8994163883605215 - March 24, 2021, 9:28 pm
txn_1IYH5pJm8ehcCWGIeNF5cbWR - 8994163883353215 - March 24, 2021, 9:28 pm
txn_1IYFyNJm8ehcCWGISwKKXwOq - 8994163883350214 - March 24, 2021, 9:28 pm
txn_1IYNsmJm8ehcCWGIRsFqsOYy - 8994163883532214 - March 24, 2021, 9:28 pm
txn_1IYZJNJm8ehcCWGIQb6Am9oZ - 8994163883531217 - March 24, 2021, 9:28 pm
txn_1IYMCUJm8ehcCWGIiYrsUf0Z - 8994163883612213 - March 24, 2021, 9:28 pm
txn_1IYGj7Jm8ehcCWGI8nOx4iPr - 8994163883349218 - March 24, 2021, 9:28 pm
txn_1IYNkSJm8ehcCWGIZeAxoDx4 - 8994163883530210 - March 24, 2021, 9:28 pm
2021Influencer564 - 8994163883528217 - March 24, 2021, 9:28 pm
txn_1IVT4EJm8ehcCWGIu8K68UKa_X - 8994163883529214 - March 24, 2021, 9:28 pm
txn_1IYYuLJm8ehcCWGIrDNpHAFs - 8994163883348211 - March 24, 2021, 9:28 pm
txn_1IYMBsJm8ehcCWGIh4jiGcz8 - 8994163883527210 - March 24, 2021, 9:28 pm
txn_1IYN8jJm8ehcCWGI0f8xCoXq - 8994163883526213 - March 24, 2021, 9:28 pm
txn_1IYGLXJm8ehcCWGI0f81IyX8 - 8994163883525216 - March 24, 2021, 9:28 pm
2021Influencer563 - 8994163883524219 - March 24, 2021, 9:28 pm
txn_1IRJFpJm8ehcCWGItNoaJskh_X - 8994163883523212 - March 24, 2021, 9:28 pm
txn_1IYYFoJm8ehcCWGI39Y4oHVe - 8994163883610219 - March 24, 2021, 9:28 pm
txn_1IYLVwJm8ehcCWGIf9TFuXyB - 8994163883611216 - March 24, 2021, 9:28 pm
txn_1IYN8ZJm8ehcCWGIItGKG15g - 8994163883609213 - March 24, 2021, 9:28 pm
2021Influencer562 - 8994163883522215 - March 24, 2021, 9:28 pm
2021Influencer566 - 8994163883347214 - March 24, 2021, 9:28 pm
txn_1IYGHEJm8ehcCWGIB8RMeNPv - 8994163883521218 - March 24, 2021, 9:28 pm
txn_1IYL7KJm8ehcCWGIOOgQt0kK - 8994163883608216 - March 24, 2021, 9:28 pm
txn_1IYXkwJm8ehcCWGI86qFJkmV - 8994163883520211 - March 24, 2021, 9:28 pm
2021Influencer561 - 8994163883519215 - March 24, 2021, 9:28 pm
txn_1IYMcwJm8ehcCWGIG2Vixr3Q - 8994163883606212 - March 24, 2021, 9:28 pm
2021Influencer565 - 8994163883604218 - March 24, 2021, 9:28 pm
txn_1IYG1EJm8ehcCWGILeAS2p4k - 8994163883518218 - March 24, 2021, 9:28 pm
txn_1IYILAJm8ehcCWGIfzCR209Y - 8994163883517211 - March 24, 2021, 9:28 pm
txn_1IYWeZJm8ehcCWGIsnt9jhCR - 8994163883607219 - March 24, 2021, 9:28 pm
txn_1IXcy5Jm8ehcCWGI7Dtzw07A - 8994163883605215 - March 24, 2021, 9:28 pm
txn_1IYH5pJm8ehcCWGIeNF5cbWR - 8994163883353215 - March 24, 2021, 9:28 pm
txn_1IYcmaJm8ehcCWGIrP3PqqxP - 8994163883613210 - March 24, 2021, 9:28 pm
txn_1IYFyNJm8ehcCWGISwKKXwOq - 8994163883350214 - March 24, 2021, 9:28 pm
txn_1IYNsmJm8ehcCWGIRsFqsOYy - 8994163883532214 - March 24, 2021, 9:28 pm
txn_1IYZJNJm8ehcCWGIQb6Am9oZ - 8994163883531217 - March 24, 2021, 9:28 pm
txn_1IYMCUJm8ehcCWGIiYrsUf0Z - 8994163883612213 - March 24, 2021, 9:28 pm
txn_1IYGj7Jm8ehcCWGI8nOx4iPr - 8994163883349218 - March 24, 2021, 9:28 pm
txn_1IYNkSJm8ehcCWGIZeAxoDx4 - 8994163883530210 - March 24, 2021, 9:28 pm
2021Influencer564 - 8994163883528217 - March 24, 2021, 9:28 pm
txn_1IVT4EJm8ehcCWGIu8K68UKa_X - 8994163883529214 - March 24, 2021, 9:28 pm
txn_1IYYuLJm8ehcCWGIrDNpHAFs - 8994163883348211 - March 24, 2021, 9:28 pm
txn_1IYMBsJm8ehcCWGIh4jiGcz8 - 8994163883527210 - March 24, 2021, 9:28 pm
txn_1IYN8jJm8ehcCWGI0f8xCoXq - 8994163883526213 - March 24, 2021, 9:28 pm
txn_1IYGLXJm8ehcCWGI0f81IyX8 - 8994163883525216 - March 24, 2021, 9:28 pm
2021Influencer563 - 8994163883524219 - March 24, 2021, 9:28 pm
txn_1IRJFpJm8ehcCWGItNoaJskh_X - 8994163883523212 - March 24, 2021, 9:28 pm
txn_1IYYFoJm8ehcCWGI39Y4oHVe - 8994163883610219 - March 24, 2021, 9:28 pm
txn_1IYLVwJm8ehcCWGIf9TFuXyB - 8994163883611216 - March 24, 2021, 9:28 pm
txn_1IYN8ZJm8ehcCWGIItGKG15g - 8994163883609213 - March 24, 2021, 9:28 pm
2021Influencer562 - 8994163883522215 - March 24, 2021, 9:28 pm
2021Influencer566 - 8994163883347214 - March 24, 2021, 9:28 pm
txn_1IYGHEJm8ehcCWGIB8RMeNPv - 8994163883521218 - March 24, 2021, 9:28 pm
txn_1IYL7KJm8ehcCWGIOOgQt0kK - 8994163883608216 - March 24, 2021, 9:28 pm
txn_1IYXkwJm8ehcCWGI86qFJkmV - 8994163883520211 - March 24, 2021, 9:28 pm
2021Influencer561 - 8994163883519215 - March 24, 2021, 9:28 pm
txn_1IYMcwJm8ehcCWGIG2Vixr3Q - 8994163883606212 - March 24, 2021, 9:28 pm
2021Influencer565 - 8994163883604218 - March 24, 2021, 9:28 pm
txn_1IYG1EJm8ehcCWGILeAS2p4k - 8994163883518218 - March 24, 2021, 9:28 pm
txn_1IYILAJm8ehcCWGIfzCR209Y - 8994163883517211 - March 24, 2021, 9:28 pm
txn_1IYWeZJm8ehcCWGIsnt9jhCR - 8994163883607219 - March 24, 2021, 9:28 pm
txn_1IXcy5Jm8ehcCWGI7Dtzw07A - 8994163883605215 - March 24, 2021, 9:28 pm
txn_1IYH5pJm8ehcCWGIeNF5cbWR - 8994163883353215 - March 24, 2021, 9:28 pm
txn_1IYcmaJm8ehcCWGIrP3PqqxP - 8994163883613210 - March 24, 2021, 9:28 pm
txn_1IYdtyJm8ehcCWGIlJigS0xk - 8994163883537219 - March 24, 2021, 9:28 pm
txn_1IYae5Jm8ehcCWGI2mQNk8Bn - 8994163883614217 - March 24, 2021, 9:28 pm
