txn_1I8ITdJm8ehcCWGIaOgammuh - 8994163770864107 - January 13, 2021, 1:46 pm
txn_1I8u6eJm8ehcCWGIrMmnWkX3 - 8994163770995108 - January 13, 2021, 1:46 pm
txn_1I8u7oJm8ehcCWGIewIGwp6T - 8994163771234107 - January 13, 2021, 1:46 pm
txn_1I8wMUJm8ehcCWGIJvwtW8kw - 8994163770960106 - January 13, 2021, 1:46 pm
txn_1I8xcaJm8ehcCWGIzhh65zIu - 8994163770944106 - January 13, 2021, 1:46 pm
txn_1I9DDzJm8ehcCWGIq44Br7UF - 8994163770926102 - January 13, 2021, 1:46 pm
2021Influencer86 - 8994163770924108 - January 13, 2021, 1:46 pm
txn_1I8xiaJm8ehcCWGIfLGkVGNa - 8994163770923101 - January 13, 2021, 1:46 pm
2021Influencer82 - 8994163771080100 - January 13, 2021, 1:46 pm
2021Influencer90 - 8994163771081107 - January 13, 2021, 1:46 pm
2021Influencer94 - 8994163770798105 - January 13, 2021, 1:46 pm
txn_1I9Db0Jm8ehcCWGIzmI4sv55 - 8994163770906104 - January 13, 2021, 1:46 pm
2021Influencer85 - 8994163771067101 - January 13, 2021, 1:46 pm
txn_1I8ysgJm8ehcCWGI2ZgGOfXH - 8994163770903103 - January 13, 2021, 1:46 pm
2021Influencer81 - 8994163771069105 - January 13, 2021, 1:46 pm
2021Influencer89 - 8994163771070101 - January 13, 2021, 1:46 pm
2021Influencer92 - 8994163770791106 - January 13, 2021, 1:46 pm
txn_1I9DnLJm8ehcCWGIrJA6g4al - 8994163770789103 - January 13, 2021, 1:46 pm
txn_1I8zLDJm8ehcCWGIv1HyCSlb - 8994163770886109 - January 13, 2021, 1:46 pm
2021Influencer88 - 8994163770887106 - January 13, 2021, 1:46 pm
2021Influencer80 - 8994163770885102 - January 13, 2021, 1:46 pm
2021Influencer84 - 8994163771047103 - January 13, 2021, 1:46 pm
2021Influencer91 - 8994163770865104 - January 13, 2021, 1:46 pm
txn_1I9BUnJm8ehcCWGI8IaV9GMZ - 8994163770768108 - January 13, 2021, 1:46 pm
2021Influencer87 - 8994163771032109 - January 13, 2021, 1:46 pm
2021Influencer95 - 8994163771031102 - January 13, 2021, 1:46 pm
2021Influencer83 - 8994163770769105 - January 13, 2021, 1:46 pm
txn_1I8ITdJm8ehcCWGIaOgammuh - 8994163770864107 - January 13, 2021, 1:46 pm
txn_1I8u6eJm8ehcCWGIrMmnWkX3 - 8994163770995108 - January 13, 2021, 1:46 pm
txn_1I8u7oJm8ehcCWGIewIGwp6T - 8994163771234107 - January 13, 2021, 1:46 pm
txn_1I8wMUJm8ehcCWGIJvwtW8kw - 8994163770960106 - January 13, 2021, 1:46 pm
txn_1I8xcaJm8ehcCWGIzhh65zIu - 8994163770944106 - January 13, 2021, 1:46 pm
txn_1I9DDzJm8ehcCWGIq44Br7UF - 8994163770926102 - January 13, 2021, 1:46 pm
2021Influencer86 - 8994163770924108 - January 13, 2021, 1:46 pm
txn_1I8xiaJm8ehcCWGIfLGkVGNa - 8994163770923101 - January 13, 2021, 1:46 pm
2021Influencer82 - 8994163771080100 - January 13, 2021, 1:46 pm
2021Influencer90 - 8994163771081107 - January 13, 2021, 1:46 pm
2021Influencer94 - 8994163770798105 - January 13, 2021, 1:46 pm
txn_1I9Db0Jm8ehcCWGIzmI4sv55 - 8994163770906104 - January 13, 2021, 1:46 pm
2021Influencer85 - 8994163771067101 - January 13, 2021, 1:46 pm
txn_1I8ysgJm8ehcCWGI2ZgGOfXH - 8994163770903103 - January 13, 2021, 1:46 pm
2021Influencer81 - 8994163771069105 - January 13, 2021, 1:46 pm
2021Influencer89 - 8994163771070101 - January 13, 2021, 1:46 pm
2021Influencer92 - 8994163770791106 - January 13, 2021, 1:46 pm
txn_1I9DnLJm8ehcCWGIrJA6g4al - 8994163770789103 - January 13, 2021, 1:46 pm
txn_1I8zLDJm8ehcCWGIv1HyCSlb - 8994163770886109 - January 13, 2021, 1:46 pm
2021Influencer88 - 8994163770887106 - January 13, 2021, 1:46 pm
2021Influencer80 - 8994163770885102 - January 13, 2021, 1:46 pm
2021Influencer84 - 8994163771047103 - January 13, 2021, 1:46 pm
2021Influencer91 - 8994163770865104 - January 13, 2021, 1:46 pm
txn_1I9BUnJm8ehcCWGI8IaV9GMZ - 8994163770768108 - January 13, 2021, 1:46 pm
2021Influencer87 - 8994163771032109 - January 13, 2021, 1:46 pm
2021Influencer95 - 8994163771031102 - January 13, 2021, 1:46 pm
2021Influencer83 - 8994163770769105 - January 13, 2021, 1:46 pm
txn_1I8ITdJm8ehcCWGIaOgammuh - 8994163770864107 - January 13, 2021, 1:46 pm
txn_1I8u6eJm8ehcCWGIrMmnWkX3 - 8994163770995108 - January 13, 2021, 1:46 pm
txn_1I8u7oJm8ehcCWGIewIGwp6T - 8994163771234107 - January 13, 2021, 1:46 pm
txn_1I8wMUJm8ehcCWGIJvwtW8kw - 8994163770960106 - January 13, 2021, 1:46 pm
txn_1I8xcaJm8ehcCWGIzhh65zIu - 8994163770944106 - January 13, 2021, 1:46 pm
txn_1I9DDzJm8ehcCWGIq44Br7UF - 8994163770926102 - January 13, 2021, 1:46 pm
2021Influencer86 - 8994163770924108 - January 13, 2021, 1:46 pm
txn_1I8xiaJm8ehcCWGIfLGkVGNa - 8994163770923101 - January 13, 2021, 1:46 pm
2021Influencer82 - 8994163771080100 - January 13, 2021, 1:46 pm
2021Influencer90 - 8994163771081107 - January 13, 2021, 1:46 pm
2021Influencer94 - 8994163770798105 - January 13, 2021, 1:46 pm
txn_1I9Db0Jm8ehcCWGIzmI4sv55 - 8994163770906104 - January 13, 2021, 1:46 pm
2021Influencer85 - 8994163771067101 - January 13, 2021, 1:46 pm
txn_1I8ysgJm8ehcCWGI2ZgGOfXH - 8994163770903103 - January 13, 2021, 1:46 pm
2021Influencer81 - 8994163771069105 - January 13, 2021, 1:46 pm
2021Influencer89 - 8994163771070101 - January 13, 2021, 1:46 pm
2021Influencer92 - 8994163770791106 - January 13, 2021, 1:46 pm
txn_1I9DnLJm8ehcCWGIrJA6g4al - 8994163770789103 - January 13, 2021, 1:46 pm
txn_1I8zLDJm8ehcCWGIv1HyCSlb - 8994163770886109 - January 13, 2021, 1:46 pm
2021Influencer88 - 8994163770887106 - January 13, 2021, 1:46 pm
2021Influencer80 - 8994163770885102 - January 13, 2021, 1:46 pm
2021Influencer84 - 8994163771047103 - January 13, 2021, 1:46 pm
2021Influencer91 - 8994163770865104 - January 13, 2021, 1:46 pm
txn_1I9BUnJm8ehcCWGI8IaV9GMZ - 8994163770768108 - January 13, 2021, 1:46 pm
2021Influencer87 - 8994163771032109 - January 13, 2021, 1:46 pm
2021Influencer95 - 8994163771031102 - January 13, 2021, 1:46 pm
2021Influencer83 - 8994163770769105 - January 13, 2021, 1:46 pm
txn_1I8ITdJm8ehcCWGIaOgammuh - 8994163770864107 - January 13, 2021, 1:46 pm
txn_1I8u6eJm8ehcCWGIrMmnWkX3 - 8994163770995108 - January 13, 2021, 1:46 pm
txn_1I8u7oJm8ehcCWGIewIGwp6T - 8994163771234107 - January 13, 2021, 1:46 pm
txn_1I8wMUJm8ehcCWGIJvwtW8kw - 8994163770960106 - January 13, 2021, 1:46 pm
txn_1I8xcaJm8ehcCWGIzhh65zIu - 8994163770944106 - January 13, 2021, 1:46 pm
txn_1I9DDzJm8ehcCWGIq44Br7UF - 8994163770926102 - January 13, 2021, 1:46 pm
2021Influencer86 - 8994163770924108 - January 13, 2021, 1:46 pm
txn_1I8xiaJm8ehcCWGIfLGkVGNa - 8994163770923101 - January 13, 2021, 1:46 pm
2021Influencer82 - 8994163771080100 - January 13, 2021, 1:46 pm
2021Influencer90 - 8994163771081107 - January 13, 2021, 1:46 pm
2021Influencer94 - 8994163770798105 - January 13, 2021, 1:46 pm
txn_1I9Db0Jm8ehcCWGIzmI4sv55 - 8994163770906104 - January 13, 2021, 1:46 pm
2021Influencer85 - 8994163771067101 - January 13, 2021, 1:46 pm
txn_1I8ysgJm8ehcCWGI2ZgGOfXH - 8994163770903103 - January 13, 2021, 1:46 pm
2021Influencer81 - 8994163771069105 - January 13, 2021, 1:46 pm
2021Influencer89 - 8994163771070101 - January 13, 2021, 1:46 pm
2021Influencer92 - 8994163770791106 - January 13, 2021, 1:46 pm
txn_1I9DnLJm8ehcCWGIrJA6g4al - 8994163770789103 - January 13, 2021, 1:46 pm
txn_1I8zLDJm8ehcCWGIv1HyCSlb - 8994163770886109 - January 13, 2021, 1:46 pm
2021Influencer88 - 8994163770887106 - January 13, 2021, 1:46 pm
2021Influencer80 - 8994163770885102 - January 13, 2021, 1:46 pm
2021Influencer84 - 8994163771047103 - January 13, 2021, 1:46 pm
2021Influencer91 - 8994163770865104 - January 13, 2021, 1:46 pm
txn_1I9BUnJm8ehcCWGI8IaV9GMZ - 8994163770768108 - January 13, 2021, 1:46 pm
2021Influencer87 - 8994163771032109 - January 13, 2021, 1:46 pm
2021Influencer95 - 8994163771031102 - January 13, 2021, 1:46 pm
2021Influencer83 - 8994163770769105 - January 13, 2021, 1:46 pm
txn_1I8ITdJm8ehcCWGIaOgammuh - 8994163770864107 - January 13, 2021, 1:46 pm
txn_1I8u6eJm8ehcCWGIrMmnWkX3 - 8994163770995108 - January 13, 2021, 1:46 pm
txn_1I8u7oJm8ehcCWGIewIGwp6T - 8994163771234107 - January 13, 2021, 1:46 pm
txn_1I8wMUJm8ehcCWGIJvwtW8kw - 8994163770960106 - January 13, 2021, 1:46 pm
txn_1I8xcaJm8ehcCWGIzhh65zIu - 8994163770944106 - January 13, 2021, 1:46 pm
txn_1I9DDzJm8ehcCWGIq44Br7UF - 8994163770926102 - January 13, 2021, 1:46 pm
2021Influencer86 - 8994163770924108 - January 13, 2021, 1:46 pm
txn_1I8xiaJm8ehcCWGIfLGkVGNa - 8994163770923101 - January 13, 2021, 1:46 pm
2021Influencer82 - 8994163771080100 - January 13, 2021, 1:46 pm
2021Influencer90 - 8994163771081107 - January 13, 2021, 1:46 pm
2021Influencer94 - 8994163770798105 - January 13, 2021, 1:46 pm
txn_1I9Db0Jm8ehcCWGIzmI4sv55 - 8994163770906104 - January 13, 2021, 1:46 pm
2021Influencer85 - 8994163771067101 - January 13, 2021, 1:46 pm
txn_1I8ysgJm8ehcCWGI2ZgGOfXH - 8994163770903103 - January 13, 2021, 1:46 pm
2021Influencer81 - 8994163771069105 - January 13, 2021, 1:46 pm
2021Influencer89 - 8994163771070101 - January 13, 2021, 1:46 pm
2021Influencer92 - 8994163770791106 - January 13, 2021, 1:46 pm
txn_1I9DnLJm8ehcCWGIrJA6g4al - 8994163770789103 - January 13, 2021, 1:46 pm
txn_1I8zLDJm8ehcCWGIv1HyCSlb - 8994163770886109 - January 13, 2021, 1:46 pm
2021Influencer88 - 8994163770887106 - January 13, 2021, 1:46 pm
2021Influencer80 - 8994163770885102 - January 13, 2021, 1:46 pm
2021Influencer84 - 8994163771047103 - January 13, 2021, 1:46 pm
2021Influencer91 - 8994163770865104 - January 13, 2021, 1:46 pm
txn_1I9BUnJm8ehcCWGI8IaV9GMZ - 8994163770768108 - January 13, 2021, 1:46 pm
2021Influencer87 - 8994163771032109 - January 13, 2021, 1:46 pm
2021Influencer95 - 8994163771031102 - January 13, 2021, 1:46 pm
2021Influencer83 - 8994163770769105 - January 13, 2021, 1:46 pm
txn_1I8ITdJm8ehcCWGIaOgammuh - 8994163770864107 - January 13, 2021, 1:47 pm
txn_1I8u6eJm8ehcCWGIrMmnWkX3 - 8994163770995108 - January 13, 2021, 1:47 pm
txn_1I8u7oJm8ehcCWGIewIGwp6T - 8994163771234107 - January 13, 2021, 1:47 pm
txn_1I8wMUJm8ehcCWGIJvwtW8kw - 8994163770960106 - January 13, 2021, 1:47 pm
txn_1I8xcaJm8ehcCWGIzhh65zIu - 8994163770944106 - January 13, 2021, 1:47 pm
txn_1I9DDzJm8ehcCWGIq44Br7UF - 8994163770926102 - January 13, 2021, 1:47 pm
2021Influencer86 - 8994163770924108 - January 13, 2021, 1:47 pm
txn_1I8xiaJm8ehcCWGIfLGkVGNa - 8994163770923101 - January 13, 2021, 1:47 pm
2021Influencer82 - 8994163771080100 - January 13, 2021, 1:47 pm
2021Influencer90 - 8994163771081107 - January 13, 2021, 1:47 pm
2021Influencer94 - 8994163770798105 - January 13, 2021, 1:47 pm
txn_1I9Db0Jm8ehcCWGIzmI4sv55 - 8994163770906104 - January 13, 2021, 1:47 pm
2021Influencer85 - 8994163771067101 - January 13, 2021, 1:47 pm
txn_1I8ysgJm8ehcCWGI2ZgGOfXH - 8994163770903103 - January 13, 2021, 1:47 pm
2021Influencer81 - 8994163771069105 - January 13, 2021, 1:47 pm
2021Influencer89 - 8994163771070101 - January 13, 2021, 1:47 pm
2021Influencer92 - 8994163770791106 - January 13, 2021, 1:47 pm
txn_1I9DnLJm8ehcCWGIrJA6g4al - 8994163770789103 - January 13, 2021, 1:47 pm
txn_1I8zLDJm8ehcCWGIv1HyCSlb - 8994163770886109 - January 13, 2021, 1:47 pm
2021Influencer88 - 8994163770887106 - January 13, 2021, 1:47 pm
2021Influencer80 - 8994163770885102 - January 13, 2021, 1:47 pm
2021Influencer84 - 8994163771047103 - January 13, 2021, 1:47 pm
2021Influencer91 - 8994163770865104 - January 13, 2021, 1:47 pm
txn_1I9BUnJm8ehcCWGI8IaV9GMZ - 8994163770768108 - January 13, 2021, 1:47 pm
2021Influencer87 - 8994163771032109 - January 13, 2021, 1:47 pm
2021Influencer95 - 8994163771031102 - January 13, 2021, 1:47 pm
2021Influencer83 - 8994163770769105 - January 13, 2021, 1:47 pm
txn_1I8ITdJm8ehcCWGIaOgammuh - 8994163770864107 - January 13, 2021, 1:47 pm
txn_1I8u6eJm8ehcCWGIrMmnWkX3 - 8994163770995108 - January 13, 2021, 1:47 pm
txn_1I8u7oJm8ehcCWGIewIGwp6T - 8994163771234107 - January 13, 2021, 1:47 pm
txn_1I8wMUJm8ehcCWGIJvwtW8kw - 8994163770960106 - January 13, 2021, 1:47 pm
txn_1I8xcaJm8ehcCWGIzhh65zIu - 8994163770944106 - January 13, 2021, 1:47 pm
txn_1I9DDzJm8ehcCWGIq44Br7UF - 8994163770926102 - January 13, 2021, 1:47 pm
2021Influencer86 - 8994163770924108 - January 13, 2021, 1:47 pm
txn_1I8xiaJm8ehcCWGIfLGkVGNa - 8994163770923101 - January 13, 2021, 1:47 pm
2021Influencer82 - 8994163771080100 - January 13, 2021, 1:47 pm
2021Influencer90 - 8994163771081107 - January 13, 2021, 1:47 pm
2021Influencer94 - 8994163770798105 - January 13, 2021, 1:47 pm
txn_1I9Db0Jm8ehcCWGIzmI4sv55 - 8994163770906104 - January 13, 2021, 1:47 pm
2021Influencer85 - 8994163771067101 - January 13, 2021, 1:47 pm
txn_1I8ysgJm8ehcCWGI2ZgGOfXH - 8994163770903103 - January 13, 2021, 1:47 pm
2021Influencer81 - 8994163771069105 - January 13, 2021, 1:47 pm
2021Influencer89 - 8994163771070101 - January 13, 2021, 1:47 pm
2021Influencer92 - 8994163770791106 - January 13, 2021, 1:47 pm
txn_1I9DnLJm8ehcCWGIrJA6g4al - 8994163770789103 - January 13, 2021, 1:47 pm
txn_1I8zLDJm8ehcCWGIv1HyCSlb - 8994163770886109 - January 13, 2021, 1:47 pm
2021Influencer88 - 8994163770887106 - January 13, 2021, 1:47 pm
2021Influencer80 - 8994163770885102 - January 13, 2021, 1:47 pm
2021Influencer84 - 8994163771047103 - January 13, 2021, 1:47 pm
2021Influencer91 - 8994163770865104 - January 13, 2021, 1:47 pm
txn_1I9BUnJm8ehcCWGI8IaV9GMZ - 8994163770768108 - January 13, 2021, 1:47 pm
2021Influencer87 - 8994163771032109 - January 13, 2021, 1:47 pm
2021Influencer95 - 8994163771031102 - January 13, 2021, 1:47 pm
2021Influencer83 - 8994163770769105 - January 13, 2021, 1:47 pm
txn_1I8ITdJm8ehcCWGIaOgammuh - 8994163770864107 - January 13, 2021, 1:47 pm
txn_1I8u6eJm8ehcCWGIrMmnWkX3 - 8994163770995108 - January 13, 2021, 1:47 pm
txn_1I8u7oJm8ehcCWGIewIGwp6T - 8994163771234107 - January 13, 2021, 1:47 pm
txn_1I8wMUJm8ehcCWGIJvwtW8kw - 8994163770960106 - January 13, 2021, 1:47 pm
txn_1I8xcaJm8ehcCWGIzhh65zIu - 8994163770944106 - January 13, 2021, 1:47 pm
txn_1I9DDzJm8ehcCWGIq44Br7UF - 8994163770926102 - January 13, 2021, 1:47 pm
2021Influencer86 - 8994163770924108 - January 13, 2021, 1:47 pm
txn_1I8xiaJm8ehcCWGIfLGkVGNa - 8994163770923101 - January 13, 2021, 1:47 pm
2021Influencer82 - 8994163771080100 - January 13, 2021, 1:47 pm
2021Influencer90 - 8994163771081107 - January 13, 2021, 1:47 pm
2021Influencer94 - 8994163770798105 - January 13, 2021, 1:47 pm
txn_1I9Db0Jm8ehcCWGIzmI4sv55 - 8994163770906104 - January 13, 2021, 1:47 pm
2021Influencer85 - 8994163771067101 - January 13, 2021, 1:47 pm
txn_1I8ysgJm8ehcCWGI2ZgGOfXH - 8994163770903103 - January 13, 2021, 1:47 pm
2021Influencer81 - 8994163771069105 - January 13, 2021, 1:47 pm
2021Influencer89 - 8994163771070101 - January 13, 2021, 1:47 pm
2021Influencer92 - 8994163770791106 - January 13, 2021, 1:47 pm
txn_1I9DnLJm8ehcCWGIrJA6g4al - 8994163770789103 - January 13, 2021, 1:47 pm
txn_1I8zLDJm8ehcCWGIv1HyCSlb - 8994163770886109 - January 13, 2021, 1:47 pm
2021Influencer88 - 8994163770887106 - January 13, 2021, 1:47 pm
2021Influencer80 - 8994163770885102 - January 13, 2021, 1:47 pm
2021Influencer84 - 8994163771047103 - January 13, 2021, 1:47 pm
2021Influencer91 - 8994163770865104 - January 13, 2021, 1:47 pm
txn_1I9BUnJm8ehcCWGI8IaV9GMZ - 8994163770768108 - January 13, 2021, 1:47 pm
2021Influencer87 - 8994163771032109 - January 13, 2021, 1:47 pm
2021Influencer95 - 8994163771031102 - January 13, 2021, 1:47 pm
2021Influencer83 - 8994163770769105 - January 13, 2021, 1:47 pm
txn_1I8ITdJm8ehcCWGIaOgammuh - 8994163770864107 - January 13, 2021, 1:47 pm
txn_1I8u6eJm8ehcCWGIrMmnWkX3 - 8994163770995108 - January 13, 2021, 1:47 pm
txn_1I8u7oJm8ehcCWGIewIGwp6T - 8994163771234107 - January 13, 2021, 1:47 pm
txn_1I8wMUJm8ehcCWGIJvwtW8kw - 8994163770960106 - January 13, 2021, 1:47 pm
txn_1I8xcaJm8ehcCWGIzhh65zIu - 8994163770944106 - January 13, 2021, 1:47 pm
txn_1I9DDzJm8ehcCWGIq44Br7UF - 8994163770926102 - January 13, 2021, 1:47 pm
2021Influencer86 - 8994163770924108 - January 13, 2021, 1:47 pm
txn_1I8xiaJm8ehcCWGIfLGkVGNa - 8994163770923101 - January 13, 2021, 1:47 pm
2021Influencer82 - 8994163771080100 - January 13, 2021, 1:47 pm
2021Influencer90 - 8994163771081107 - January 13, 2021, 1:47 pm
2021Influencer94 - 8994163770798105 - January 13, 2021, 1:47 pm
txn_1I8ITdJm8ehcCWGIaOgammuh - 8994163770864107 - January 13, 2021, 1:47 pm
txn_1I9Db0Jm8ehcCWGIzmI4sv55 - 8994163770906104 - January 13, 2021, 1:47 pm
txn_1I8u6eJm8ehcCWGIrMmnWkX3 - 8994163770995108 - January 13, 2021, 1:47 pm
2021Influencer85 - 8994163771067101 - January 13, 2021, 1:47 pm
txn_1I8u7oJm8ehcCWGIewIGwp6T - 8994163771234107 - January 13, 2021, 1:47 pm
txn_1I8ysgJm8ehcCWGI2ZgGOfXH - 8994163770903103 - January 13, 2021, 1:47 pm
txn_1I8wMUJm8ehcCWGIJvwtW8kw - 8994163770960106 - January 13, 2021, 1:47 pm
2021Influencer81 - 8994163771069105 - January 13, 2021, 1:47 pm
txn_1I8xcaJm8ehcCWGIzhh65zIu - 8994163770944106 - January 13, 2021, 1:47 pm
2021Influencer89 - 8994163771070101 - January 13, 2021, 1:47 pm
txn_1I9DDzJm8ehcCWGIq44Br7UF - 8994163770926102 - January 13, 2021, 1:47 pm
2021Influencer92 - 8994163770791106 - January 13, 2021, 1:47 pm
2021Influencer86 - 8994163770924108 - January 13, 2021, 1:47 pm
txn_1I9DnLJm8ehcCWGIrJA6g4al - 8994163770789103 - January 13, 2021, 1:47 pm
txn_1I8xiaJm8ehcCWGIfLGkVGNa - 8994163770923101 - January 13, 2021, 1:47 pm
txn_1I8zLDJm8ehcCWGIv1HyCSlb - 8994163770886109 - January 13, 2021, 1:47 pm
2021Influencer82 - 8994163771080100 - January 13, 2021, 1:47 pm
2021Influencer88 - 8994163770887106 - January 13, 2021, 1:47 pm
2021Influencer90 - 8994163771081107 - January 13, 2021, 1:47 pm
2021Influencer80 - 8994163770885102 - January 13, 2021, 1:47 pm
2021Influencer94 - 8994163770798105 - January 13, 2021, 1:47 pm
2021Influencer84 - 8994163771047103 - January 13, 2021, 1:47 pm
txn_1I9Db0Jm8ehcCWGIzmI4sv55 - 8994163770906104 - January 13, 2021, 1:47 pm
2021Influencer91 - 8994163770865104 - January 13, 2021, 1:47 pm
2021Influencer85 - 8994163771067101 - January 13, 2021, 1:47 pm
txn_1I9BUnJm8ehcCWGI8IaV9GMZ - 8994163770768108 - January 13, 2021, 1:47 pm
txn_1I8ysgJm8ehcCWGI2ZgGOfXH - 8994163770903103 - January 13, 2021, 1:47 pm
2021Influencer87 - 8994163771032109 - January 13, 2021, 1:47 pm
2021Influencer81 - 8994163771069105 - January 13, 2021, 1:47 pm
2021Influencer95 - 8994163771031102 - January 13, 2021, 1:47 pm
2021Influencer89 - 8994163771070101 - January 13, 2021, 1:47 pm
2021Influencer83 - 8994163770769105 - January 13, 2021, 1:47 pm
2021Influencer92 - 8994163770791106 - January 13, 2021, 1:47 pm
txn_1I9DnLJm8ehcCWGIrJA6g4al - 8994163770789103 - January 13, 2021, 1:47 pm
txn_1I8zLDJm8ehcCWGIv1HyCSlb - 8994163770886109 - January 13, 2021, 1:47 pm
2021Influencer88 - 8994163770887106 - January 13, 2021, 1:47 pm
2021Influencer80 - 8994163770885102 - January 13, 2021, 1:47 pm
2021Influencer84 - 8994163771047103 - January 13, 2021, 1:47 pm
2021Influencer91 - 8994163770865104 - January 13, 2021, 1:47 pm
txn_1I9BUnJm8ehcCWGI8IaV9GMZ - 8994163770768108 - January 13, 2021, 1:47 pm
2021Influencer87 - 8994163771032109 - January 13, 2021, 1:47 pm
2021Influencer95 - 8994163771031102 - January 13, 2021, 1:47 pm
2021Influencer83 - 8994163770769105 - January 13, 2021, 1:47 pm
txn_1I8ITdJm8ehcCWGIaOgammuh - 8994163770864107 - January 13, 2021, 1:47 pm
txn_1I8u6eJm8ehcCWGIrMmnWkX3 - 8994163770995108 - January 13, 2021, 1:47 pm
txn_1I8u7oJm8ehcCWGIewIGwp6T - 8994163771234107 - January 13, 2021, 1:47 pm
txn_1I8wMUJm8ehcCWGIJvwtW8kw - 8994163770960106 - January 13, 2021, 1:47 pm
txn_1I8xcaJm8ehcCWGIzhh65zIu - 8994163770944106 - January 13, 2021, 1:47 pm
txn_1I9DDzJm8ehcCWGIq44Br7UF - 8994163770926102 - January 13, 2021, 1:47 pm
2021Influencer86 - 8994163770924108 - January 13, 2021, 1:47 pm
txn_1I8xiaJm8ehcCWGIfLGkVGNa - 8994163770923101 - January 13, 2021, 1:47 pm
2021Influencer82 - 8994163771080100 - January 13, 2021, 1:47 pm
2021Influencer90 - 8994163771081107 - January 13, 2021, 1:47 pm
2021Influencer94 - 8994163770798105 - January 13, 2021, 1:47 pm
txn_1I9Db0Jm8ehcCWGIzmI4sv55 - 8994163770906104 - January 13, 2021, 1:47 pm
2021Influencer85 - 8994163771067101 - January 13, 2021, 1:47 pm
txn_1I8ysgJm8ehcCWGI2ZgGOfXH - 8994163770903103 - January 13, 2021, 1:47 pm
2021Influencer81 - 8994163771069105 - January 13, 2021, 1:47 pm
2021Influencer89 - 8994163771070101 - January 13, 2021, 1:47 pm
2021Influencer92 - 8994163770791106 - January 13, 2021, 1:47 pm
txn_1I9DnLJm8ehcCWGIrJA6g4al - 8994163770789103 - January 13, 2021, 1:47 pm
txn_1I8zLDJm8ehcCWGIv1HyCSlb - 8994163770886109 - January 13, 2021, 1:47 pm
2021Influencer88 - 8994163770887106 - January 13, 2021, 1:47 pm
2021Influencer80 - 8994163770885102 - January 13, 2021, 1:47 pm
2021Influencer84 - 8994163771047103 - January 13, 2021, 1:47 pm
2021Influencer91 - 8994163770865104 - January 13, 2021, 1:47 pm
txn_1I9BUnJm8ehcCWGI8IaV9GMZ - 8994163770768108 - January 13, 2021, 1:47 pm
2021Influencer87 - 8994163771032109 - January 13, 2021, 1:47 pm
2021Influencer95 - 8994163771031102 - January 13, 2021, 1:47 pm
2021Influencer83 - 8994163770769105 - January 13, 2021, 1:47 pm
txn_1I8ITdJm8ehcCWGIaOgammuh - 8994163770864107 - January 13, 2021, 1:48 pm
txn_1I8u6eJm8ehcCWGIrMmnWkX3 - 8994163770995108 - January 13, 2021, 1:48 pm
txn_1I8u7oJm8ehcCWGIewIGwp6T - 8994163771234107 - January 13, 2021, 1:48 pm
txn_1I8wMUJm8ehcCWGIJvwtW8kw - 8994163770960106 - January 13, 2021, 1:48 pm
txn_1I8xcaJm8ehcCWGIzhh65zIu - 8994163770944106 - January 13, 2021, 1:48 pm
txn_1I9DDzJm8ehcCWGIq44Br7UF - 8994163770926102 - January 13, 2021, 1:48 pm
2021Influencer86 - 8994163770924108 - January 13, 2021, 1:48 pm
txn_1I8xiaJm8ehcCWGIfLGkVGNa - 8994163770923101 - January 13, 2021, 1:48 pm
2021Influencer82 - 8994163771080100 - January 13, 2021, 1:48 pm
2021Influencer90 - 8994163771081107 - January 13, 2021, 1:48 pm
2021Influencer94 - 8994163770798105 - January 13, 2021, 1:48 pm
txn_1I9Db0Jm8ehcCWGIzmI4sv55 - 8994163770906104 - January 13, 2021, 1:48 pm
2021Influencer85 - 8994163771067101 - January 13, 2021, 1:48 pm
txn_1I8ysgJm8ehcCWGI2ZgGOfXH - 8994163770903103 - January 13, 2021, 1:48 pm
2021Influencer81 - 8994163771069105 - January 13, 2021, 1:48 pm
2021Influencer89 - 8994163771070101 - January 13, 2021, 1:48 pm
2021Influencer92 - 8994163770791106 - January 13, 2021, 1:48 pm
txn_1I9DnLJm8ehcCWGIrJA6g4al - 8994163770789103 - January 13, 2021, 1:48 pm
txn_1I8zLDJm8ehcCWGIv1HyCSlb - 8994163770886109 - January 13, 2021, 1:48 pm
2021Influencer88 - 8994163770887106 - January 13, 2021, 1:48 pm
2021Influencer80 - 8994163770885102 - January 13, 2021, 1:48 pm
2021Influencer84 - 8994163771047103 - January 13, 2021, 1:48 pm
2021Influencer91 - 8994163770865104 - January 13, 2021, 1:48 pm
txn_1I9BUnJm8ehcCWGI8IaV9GMZ - 8994163770768108 - January 13, 2021, 1:48 pm
2021Influencer87 - 8994163771032109 - January 13, 2021, 1:48 pm
2021Influencer95 - 8994163771031102 - January 13, 2021, 1:48 pm
2021Influencer83 - 8994163770769105 - January 13, 2021, 1:48 pm
txn_1I8ITdJm8ehcCWGIaOgammuh - 8994163770864107 - January 13, 2021, 1:48 pm
txn_1I8u6eJm8ehcCWGIrMmnWkX3 - 8994163770995108 - January 13, 2021, 1:48 pm
txn_1I8u7oJm8ehcCWGIewIGwp6T - 8994163771234107 - January 13, 2021, 1:48 pm
txn_1I8wMUJm8ehcCWGIJvwtW8kw - 8994163770960106 - January 13, 2021, 1:48 pm
txn_1I8xcaJm8ehcCWGIzhh65zIu - 8994163770944106 - January 13, 2021, 1:48 pm
txn_1I9DDzJm8ehcCWGIq44Br7UF - 8994163770926102 - January 13, 2021, 1:48 pm
2021Influencer86 - 8994163770924108 - January 13, 2021, 1:48 pm
txn_1I8xiaJm8ehcCWGIfLGkVGNa - 8994163770923101 - January 13, 2021, 1:48 pm
2021Influencer82 - 8994163771080100 - January 13, 2021, 1:48 pm
2021Influencer90 - 8994163771081107 - January 13, 2021, 1:48 pm
2021Influencer94 - 8994163770798105 - January 13, 2021, 1:48 pm
txn_1I9Db0Jm8ehcCWGIzmI4sv55 - 8994163770906104 - January 13, 2021, 1:48 pm
2021Influencer85 - 8994163771067101 - January 13, 2021, 1:48 pm
txn_1I8ysgJm8ehcCWGI2ZgGOfXH - 8994163770903103 - January 13, 2021, 1:48 pm
2021Influencer81 - 8994163771069105 - January 13, 2021, 1:48 pm
2021Influencer89 - 8994163771070101 - January 13, 2021, 1:48 pm
2021Influencer92 - 8994163770791106 - January 13, 2021, 1:48 pm
txn_1I9DnLJm8ehcCWGIrJA6g4al - 8994163770789103 - January 13, 2021, 1:48 pm
txn_1I8zLDJm8ehcCWGIv1HyCSlb - 8994163770886109 - January 13, 2021, 1:48 pm
2021Influencer88 - 8994163770887106 - January 13, 2021, 1:48 pm
2021Influencer80 - 8994163770885102 - January 13, 2021, 1:48 pm
2021Influencer84 - 8994163771047103 - January 13, 2021, 1:48 pm
2021Influencer91 - 8994163770865104 - January 13, 2021, 1:48 pm
txn_1I9BUnJm8ehcCWGI8IaV9GMZ - 8994163770768108 - January 13, 2021, 1:48 pm
2021Influencer87 - 8994163771032109 - January 13, 2021, 1:48 pm
2021Influencer95 - 8994163771031102 - January 13, 2021, 1:48 pm
2021Influencer83 - 8994163770769105 - January 13, 2021, 1:48 pm
2021Influencer93 - 8994163772358109 - January 13, 2021, 1:48 pm
