txn_1JANqrJm8ehcCWGIVKRHRXuL - 8994163416734269 - July 7, 2021, 5:31 pm
txn_1JANPgJm8ehcCWGIHMRipH0W - 8994163416916269 - July 7, 2021, 5:31 pm
txn_1JAMtiJm8ehcCWGI2G3DWrFC - 8994163416490264 - July 7, 2021, 5:31 pm
txn_1JAJ4rJm8ehcCWGI7l0w49wM - 8994163416728268 - July 7, 2021, 5:31 pm
txn_1JALJLJm8ehcCWGILS1Qaxxw - 8994163416729265 - July 7, 2021, 5:31 pm
txn_1JAM5gJm8ehcCWGI2z2cthgn - 8994163416727261 - July 7, 2021, 5:31 pm
txn_1JAFtaJm8ehcCWGId2QeHB4H - 8994163416913268 - July 7, 2021, 5:31 pm
txn_1JACuZJm8ehcCWGIiQ1LISJ1 - 8994163416914265 - July 7, 2021, 5:31 pm
txn_1JA7kxJm8ehcCWGIvokk1MpG - 8994163416488261 - July 7, 2021, 5:31 pm
txn_1JALDOJm8ehcCWGIPAvD88Hx - 8994163416910267 - July 7, 2021, 5:31 pm
txn_1JALi4Jm8ehcCWGIIihF4cj1 - 8994163416911264 - July 7, 2021, 5:31 pm
txn_1JAHvSJm8ehcCWGIT6EKnsvR - 8994163416726264 - July 7, 2021, 5:31 pm
txn_1JA8akJm8ehcCWGIK0hpRhhP - 8994163416909261 - July 7, 2021, 5:31 pm
txn_1JAEBlJm8ehcCWGI6VZ5Hi8Q - 8994163416487264 - July 7, 2021, 5:31 pm
txn_1JA5bJJm8ehcCWGIW2ZVtalM - 8994163416725267 - July 7, 2021, 5:31 pm
txn_1JALLxJm8ehcCWGIrjNaacq2 - 8994163416483266 - July 7, 2021, 5:31 pm
txn_1JA8UaJm8ehcCWGIA9vozV4O - 8994163416485260 - July 7, 2021, 5:31 pm
txn_1JAHQHJm8ehcCWGIVsGpSpzJ - 8994163416908264 - July 7, 2021, 5:31 pm
txn_1JAL0qJm8ehcCWGIlBBbuCqq - 8994163416723263 - July 7, 2021, 5:31 pm
txn_1JA4ffJm8ehcCWGIVvmzcDcl - 8994163416724260 - July 7, 2021, 5:31 pm
txn_1JADC0Jm8ehcCWGISuIHB8Ip - 8994163416484263 - July 7, 2021, 5:31 pm
txn_1JANqrJm8ehcCWGIVKRHRXuL - 8994163416734269 - July 7, 2021, 5:32 pm
txn_1JANPgJm8ehcCWGIHMRipH0W - 8994163416916269 - July 7, 2021, 5:32 pm
txn_1JAMtiJm8ehcCWGI2G3DWrFC - 8994163416490264 - July 7, 2021, 5:32 pm
txn_1JAJ4rJm8ehcCWGI7l0w49wM - 8994163416728268 - July 7, 2021, 5:32 pm
txn_1JALJLJm8ehcCWGILS1Qaxxw - 8994163416729265 - July 7, 2021, 5:32 pm
txn_1JAM5gJm8ehcCWGI2z2cthgn - 8994163416727261 - July 7, 2021, 5:32 pm
txn_1JAFtaJm8ehcCWGId2QeHB4H - 8994163416913268 - July 7, 2021, 5:32 pm
txn_1JACuZJm8ehcCWGIiQ1LISJ1 - 8994163416914265 - July 7, 2021, 5:32 pm
txn_1JA7kxJm8ehcCWGIvokk1MpG - 8994163416488261 - July 7, 2021, 5:32 pm
txn_1JALDOJm8ehcCWGIPAvD88Hx - 8994163416910267 - July 7, 2021, 5:32 pm
txn_1JALi4Jm8ehcCWGIIihF4cj1 - 8994163416911264 - July 7, 2021, 5:32 pm
txn_1JAHvSJm8ehcCWGIT6EKnsvR - 8994163416726264 - July 7, 2021, 5:32 pm
txn_1JA8akJm8ehcCWGIK0hpRhhP - 8994163416909261 - July 7, 2021, 5:32 pm
txn_1JAEBlJm8ehcCWGI6VZ5Hi8Q - 8994163416487264 - July 7, 2021, 5:32 pm
txn_1JA5bJJm8ehcCWGIW2ZVtalM - 8994163416725267 - July 7, 2021, 5:32 pm
txn_1JALLxJm8ehcCWGIrjNaacq2 - 8994163416483266 - July 7, 2021, 5:32 pm
txn_1JA8UaJm8ehcCWGIA9vozV4O - 8994163416485260 - July 7, 2021, 5:32 pm
txn_1JAHQHJm8ehcCWGIVsGpSpzJ - 8994163416908264 - July 7, 2021, 5:32 pm
txn_1JAL0qJm8ehcCWGIlBBbuCqq - 8994163416723263 - July 7, 2021, 5:32 pm
txn_1JA4ffJm8ehcCWGIVvmzcDcl - 8994163416724260 - July 7, 2021, 5:32 pm
txn_1JADC0Jm8ehcCWGISuIHB8Ip - 8994163416484263 - July 7, 2021, 5:32 pm
txn_1JANqrJm8ehcCWGIVKRHRXuL - 8994163416734269 - July 7, 2021, 5:32 pm
txn_1JANPgJm8ehcCWGIHMRipH0W - 8994163416916269 - July 7, 2021, 5:32 pm
txn_1JAMtiJm8ehcCWGI2G3DWrFC - 8994163416490264 - July 7, 2021, 5:32 pm
txn_1JAJ4rJm8ehcCWGI7l0w49wM - 8994163416728268 - July 7, 2021, 5:32 pm
txn_1JALJLJm8ehcCWGILS1Qaxxw - 8994163416729265 - July 7, 2021, 5:32 pm
txn_1JAM5gJm8ehcCWGI2z2cthgn - 8994163416727261 - July 7, 2021, 5:32 pm
txn_1JAFtaJm8ehcCWGId2QeHB4H - 8994163416913268 - July 7, 2021, 5:32 pm
txn_1JACuZJm8ehcCWGIiQ1LISJ1 - 8994163416914265 - July 7, 2021, 5:32 pm
txn_1JA7kxJm8ehcCWGIvokk1MpG - 8994163416488261 - July 7, 2021, 5:32 pm
txn_1JALDOJm8ehcCWGIPAvD88Hx - 8994163416910267 - July 7, 2021, 5:32 pm
txn_1JALi4Jm8ehcCWGIIihF4cj1 - 8994163416911264 - July 7, 2021, 5:32 pm
txn_1JAHvSJm8ehcCWGIT6EKnsvR - 8994163416726264 - July 7, 2021, 5:32 pm
txn_1JA8akJm8ehcCWGIK0hpRhhP - 8994163416909261 - July 7, 2021, 5:32 pm
txn_1JAEBlJm8ehcCWGI6VZ5Hi8Q - 8994163416487264 - July 7, 2021, 5:32 pm
txn_1JA5bJJm8ehcCWGIW2ZVtalM - 8994163416725267 - July 7, 2021, 5:32 pm
txn_1JALLxJm8ehcCWGIrjNaacq2 - 8994163416483266 - July 7, 2021, 5:32 pm
txn_1JA8UaJm8ehcCWGIA9vozV4O - 8994163416485260 - July 7, 2021, 5:32 pm
txn_1JAHQHJm8ehcCWGIVsGpSpzJ - 8994163416908264 - July 7, 2021, 5:32 pm
txn_1JAL0qJm8ehcCWGIlBBbuCqq - 8994163416723263 - July 7, 2021, 5:32 pm
txn_1JA4ffJm8ehcCWGIVvmzcDcl - 8994163416724260 - July 7, 2021, 5:32 pm
txn_1JADC0Jm8ehcCWGISuIHB8Ip - 8994163416484263 - July 7, 2021, 5:32 pm
txn_1JAO0nJm8ehcCWGI0o8RwKVf - 8994163416751266 - July 7, 2021, 5:32 pm
txn_1JANqrJm8ehcCWGIVKRHRXuL - 8994163416734269 - July 7, 2021, 5:32 pm
txn_1JANPgJm8ehcCWGIHMRipH0W - 8994163416916269 - July 7, 2021, 5:32 pm
txn_1JAMtiJm8ehcCWGI2G3DWrFC - 8994163416490264 - July 7, 2021, 5:32 pm
txn_1JAJ4rJm8ehcCWGI7l0w49wM - 8994163416728268 - July 7, 2021, 5:32 pm
txn_1JALJLJm8ehcCWGILS1Qaxxw - 8994163416729265 - July 7, 2021, 5:32 pm
txn_1JAM5gJm8ehcCWGI2z2cthgn - 8994163416727261 - July 7, 2021, 5:32 pm
txn_1JAFtaJm8ehcCWGId2QeHB4H - 8994163416913268 - July 7, 2021, 5:32 pm
txn_1JACuZJm8ehcCWGIiQ1LISJ1 - 8994163416914265 - July 7, 2021, 5:32 pm
txn_1JA7kxJm8ehcCWGIvokk1MpG - 8994163416488261 - July 7, 2021, 5:32 pm
txn_1JALDOJm8ehcCWGIPAvD88Hx - 8994163416910267 - July 7, 2021, 5:32 pm
txn_1JALi4Jm8ehcCWGIIihF4cj1 - 8994163416911264 - July 7, 2021, 5:32 pm
txn_1JAHvSJm8ehcCWGIT6EKnsvR - 8994163416726264 - July 7, 2021, 5:32 pm
txn_1JA8akJm8ehcCWGIK0hpRhhP - 8994163416909261 - July 7, 2021, 5:32 pm
txn_1JAEBlJm8ehcCWGI6VZ5Hi8Q - 8994163416487264 - July 7, 2021, 5:32 pm
txn_1JA5bJJm8ehcCWGIW2ZVtalM - 8994163416725267 - July 7, 2021, 5:32 pm
txn_1JALLxJm8ehcCWGIrjNaacq2 - 8994163416483266 - July 7, 2021, 5:32 pm
txn_1JA8UaJm8ehcCWGIA9vozV4O - 8994163416485260 - July 7, 2021, 5:32 pm
txn_1JAHQHJm8ehcCWGIVsGpSpzJ - 8994163416908264 - July 7, 2021, 5:32 pm
txn_1JAL0qJm8ehcCWGIlBBbuCqq - 8994163416723263 - July 7, 2021, 5:32 pm
txn_1JA4ffJm8ehcCWGIVvmzcDcl - 8994163416724260 - July 7, 2021, 5:32 pm
txn_1JADC0Jm8ehcCWGISuIHB8Ip - 8994163416484263 - July 7, 2021, 5:32 pm
txn_3JAOnNJm8ehcCWGI0XYloJOW - 8994163416752263 - July 7, 2021, 5:32 pm
txn_1JAO0nJm8ehcCWGI0o8RwKVf - 8994163416751266 - July 7, 2021, 5:32 pm
