txn_1HyPUBJm8ehcCWGIKb4O4Gst - 8994163786072862 - December 15, 2020, 2:20 pm
txn_1Hy1yIJm8ehcCWGIOdroHpyP - 8994163786074866 - December 15, 2020, 2:20 pm
txn_1HyNWiJm8ehcCWGIFekuPOi2 - 8994163786069862 - December 15, 2020, 2:20 pm
txn_1HxfWwJm8ehcCWGIuzhEYG76 - 8994163785497864 - December 15, 2020, 2:20 pm
txn_1HyU1UJm8ehcCWGIyka0yg4C - 8994163785972866 - December 15, 2020, 2:20 pm
txn_1Hy419Jm8ehcCWGIQzzk10rk - 8994163786053861 - December 15, 2020, 2:20 pm
txn_1HyR2JJm8ehcCWGIIBpqYFXc - 8994163785970862 - December 15, 2020, 2:20 pm
txn_1HyiWBJm8ehcCWGI5wE2PxHb - 8994163786051867 - December 15, 2020, 2:20 pm
txn_1HyNaGJm8ehcCWGItglFMmnI - 8994163785496867 - December 15, 2020, 2:20 pm
txn_1HyfcAJm8ehcCWGI3L6ZAVZJ - 8994163786031869 - December 15, 2020, 2:20 pm
txn_1HxfbZJm8ehcCWGIy6Hi1Ygx - 8994163786029866 - December 15, 2020, 2:20 pm
Influencer308 - 8994163785946867 - December 15, 2020, 2:20 pm
txn_1Hy7v4Jm8ehcCWGI7R2b2xEv - 8994163785948861 - December 15, 2020, 2:20 pm
txn_1HyOJyJm8ehcCWGIFRlfo9Ko - 8994163785483867 - December 15, 2020, 2:20 pm
txn_1HySnVJm8ehcCWGIGn8Y53nN - 8994163785947864 - December 15, 2020, 2:20 pm
txn_1HygoQJm8ehcCWGITJVsmxln - 8994163785793867 - December 15, 2020, 2:20 pm
txn_1HxgEDJm8ehcCWGIjqP3pwf8 - 8994163785920867 - December 15, 2020, 2:20 pm
txn_1HyTABJm8ehcCWGIJUav3wYh - 8994163785921864 - December 15, 2020, 2:20 pm
txn_1HyIZrJm8ehcCWGIvp2gcrxm - 8994163785923868 - December 15, 2020, 2:20 pm
Influencer307 - 8994163785922861 - December 15, 2020, 2:20 pm
txn_1HyOUXJm8ehcCWGIMBMHgobp - 8994163785791863 - December 15, 2020, 2:20 pm
txn_1HyPUBJm8ehcCWGIKb4O4Gst - 8994163786072862 - December 15, 2020, 2:22 pm
txn_1Hy1yIJm8ehcCWGIOdroHpyP - 8994163786074866 - December 15, 2020, 2:22 pm
txn_1HyNWiJm8ehcCWGIFekuPOi2 - 8994163786069862 - December 15, 2020, 2:22 pm
txn_1HxfWwJm8ehcCWGIuzhEYG76 - 8994163785497864 - December 15, 2020, 2:22 pm
txn_1HyU1UJm8ehcCWGIyka0yg4C - 8994163785972866 - December 15, 2020, 2:22 pm
txn_1Hy419Jm8ehcCWGIQzzk10rk - 8994163786053861 - December 15, 2020, 2:22 pm
txn_1HyR2JJm8ehcCWGIIBpqYFXc - 8994163785970862 - December 15, 2020, 2:22 pm
txn_1HyiWBJm8ehcCWGI5wE2PxHb - 8994163786051867 - December 15, 2020, 2:22 pm
txn_1HyNaGJm8ehcCWGItglFMmnI - 8994163785496867 - December 15, 2020, 2:22 pm
txn_1HyfcAJm8ehcCWGI3L6ZAVZJ - 8994163786031869 - December 15, 2020, 2:22 pm
txn_1HxfbZJm8ehcCWGIy6Hi1Ygx - 8994163786029866 - December 15, 2020, 2:22 pm
Influencer308 - 8994163785946867 - December 15, 2020, 2:22 pm
txn_1Hy7v4Jm8ehcCWGI7R2b2xEv - 8994163785948861 - December 15, 2020, 2:22 pm
txn_1HyOJyJm8ehcCWGIFRlfo9Ko - 8994163785483867 - December 15, 2020, 2:22 pm
txn_1HySnVJm8ehcCWGIGn8Y53nN - 8994163785947864 - December 15, 2020, 2:22 pm
txn_1HygoQJm8ehcCWGITJVsmxln - 8994163785793867 - December 15, 2020, 2:22 pm
txn_1HxgEDJm8ehcCWGIjqP3pwf8 - 8994163785920867 - December 15, 2020, 2:22 pm
txn_1HyTABJm8ehcCWGIJUav3wYh - 8994163785921864 - December 15, 2020, 2:22 pm
txn_1HyIZrJm8ehcCWGIvp2gcrxm - 8994163785923868 - December 15, 2020, 2:22 pm
Influencer307 - 8994163785922861 - December 15, 2020, 2:22 pm
txn_1HyOUXJm8ehcCWGIMBMHgobp - 8994163785791863 - December 15, 2020, 2:22 pm
txn_1Hyi0EJm8ehcCWGIy26RpV14 - 8994163787362863 - December 15, 2020, 2:22 pm
txn_1HxKZFJm8ehcCWGIJILjDaCu - 8994163787841863 - December 15, 2020, 2:22 pm
txn_1HxR88Jm8ehcCWGIzgyfEtb9 - 8994163787811866 - December 15, 2020, 2:22 pm
txn_1HyTvTJm8ehcCWGILwqml4Fq - 8994163787652865 - December 15, 2020, 2:22 pm
txn_1HxKNFJm8ehcCWGICuCS5gcb - 8994163787443869 - December 15, 2020, 2:22 pm
