txn_1J6zwTJm8ehcCWGIXbGiTHAu - 8994163059399269 - June 28, 2021, 6:00 pm
txn_1J6i3yJm8ehcCWGIn4drlYpM - 8994163059624262 - June 28, 2021, 6:00 pm
txn_1J674JJm8ehcCWGI5b1QVejB - 8994163059398262 - June 28, 2021, 6:00 pm
txn_1J76lDJm8ehcCWGI9QN0MICj - 8994163059447267 - June 28, 2021, 6:00 pm
txn_1J6d25Jm8ehcCWGIAGWm40nO - 8994163059446260 - June 28, 2021, 6:00 pm
txn_1J6NSOJm8ehcCWGIc2sR1FBa - 8994163059623265 - June 28, 2021, 6:00 pm
txn_1J6olRJm8ehcCWGI9ZSzVAn2 - 8994163059621261 - June 28, 2021, 6:00 pm
txn_1J66jcJm8ehcCWGICoZZRZbi - 8994163059622268 - June 28, 2021, 6:00 pm
txn_1J6hI8Jm8ehcCWGI5SYSVdm7 - 8994163059445263 - June 28, 2021, 6:00 pm
txn_1J6K5jJm8ehcCWGILgk6AA83 - 8994163059443269 - June 28, 2021, 6:00 pm
txn_1J76TUJm8ehcCWGI2bq76U0g - 8994163059444266 - June 28, 2021, 6:00 pm
txn_1J6PFxJm8ehcCWGI9FRm9rYK - 8994163059397265 - June 28, 2021, 6:00 pm
txn_1J64DkJm8ehcCWGIc4KkS2z0 - 8994163059618261 - June 28, 2021, 6:00 pm
txn_1J6hGzJm8ehcCWGIqqBDVT9R - 8994163059619268 - June 28, 2021, 6:00 pm
txn_1J6ORhJm8ehcCWGIbWeYs4hu - 8994163059620264 - June 28, 2021, 6:00 pm
txn_1J768BJm8ehcCWGI5lf4A36N - 8994163059392260 - June 28, 2021, 6:00 pm
txn_1J6JVYJm8ehcCWGIsMxVOAPo - 8994163059393267 - June 28, 2021, 6:00 pm
txn_1J6nVOJm8ehcCWGIWql8qnG3 - 8994163059438265 - June 28, 2021, 6:00 pm
txn_1J6mUlJm8ehcCWGIn4jmmezG -  - June 28, 2021, 6:00 pm
2021Influencer722 -  - June 28, 2021, 6:00 pm
txn_1J6jf0Jm8ehcCWGIdrHii2f0 -  - June 28, 2021, 6:00 pm
txn_1J78bZJm8ehcCWGIjoCSlliX -  - June 28, 2021, 6:00 pm
2021Influencer721 -  - June 28, 2021, 6:00 pm
txn_1J6jTNJm8ehcCWGIw62rsdp0 -  - June 28, 2021, 6:00 pm
txn_1J6NpqJm8ehcCWGIpTKrD562 -  - June 28, 2021, 6:00 pm
2021Influencer720 -  - June 28, 2021, 6:00 pm
txn_1J6g5gJm8ehcCWGIvFWfQkF8 -  - June 28, 2021, 6:00 pm
txn_1J78JeJm8ehcCWGIc28yM4Gq -  - June 28, 2021, 6:00 pm
txn_1J6NojJm8ehcCWGIaBqiA53O -  - June 28, 2021, 6:00 pm
txn_1J76lnJm8ehcCWGI8xjwr6os -  - June 28, 2021, 6:00 pm
txn_1J6NVVJm8ehcCWGIyvBjTF4N -  - June 28, 2021, 6:00 pm
txn_1J6feKJm8ehcCWGIYnZ5a31T -  - June 28, 2021, 6:00 pm
txn_1J75AiJm8ehcCWGI9QvSO9hk -  - June 28, 2021, 6:00 pm
txn_1J6JNrJm8ehcCWGIKKLaula1 -  - June 28, 2021, 6:00 pm
txn_1J74ecJm8ehcCWGIykQA9AMo -  - June 28, 2021, 6:00 pm
txn_1J6IwjJm8ehcCWGIysfI3JUH -  - June 28, 2021, 6:00 pm
txn_1J6IiZJm8ehcCWGIMU4zWBVp -  - June 28, 2021, 6:00 pm
txn_1J6eIeJm8ehcCWGIWwO1bPQJ -  - June 28, 2021, 6:00 pm
txn_1J72asJm8ehcCWGIGU6EOnCV -  - June 28, 2021, 6:00 pm
txn_1J6zwTJm8ehcCWGIXbGiTHAu - 8994163059399269 - June 28, 2021, 6:00 pm
txn_1J6i3yJm8ehcCWGIn4drlYpM - 8994163059624262 - June 28, 2021, 6:00 pm
txn_1J674JJm8ehcCWGI5b1QVejB - 8994163059398262 - June 28, 2021, 6:00 pm
txn_1J76lDJm8ehcCWGI9QN0MICj - 8994163059447267 - June 28, 2021, 6:00 pm
txn_1J6d25Jm8ehcCWGIAGWm40nO - 8994163059446260 - June 28, 2021, 6:00 pm
txn_1J6NSOJm8ehcCWGIc2sR1FBa - 8994163059623265 - June 28, 2021, 6:00 pm
txn_1J6olRJm8ehcCWGI9ZSzVAn2 - 8994163059621261 - June 28, 2021, 6:00 pm
txn_1J66jcJm8ehcCWGICoZZRZbi - 8994163059622268 - June 28, 2021, 6:00 pm
txn_1J6hI8Jm8ehcCWGI5SYSVdm7 - 8994163059445263 - June 28, 2021, 6:00 pm
txn_1J6K5jJm8ehcCWGILgk6AA83 - 8994163059443269 - June 28, 2021, 6:00 pm
txn_1J76TUJm8ehcCWGI2bq76U0g - 8994163059444266 - June 28, 2021, 6:00 pm
txn_1J6PFxJm8ehcCWGI9FRm9rYK - 8994163059397265 - June 28, 2021, 6:00 pm
txn_1J64DkJm8ehcCWGIc4KkS2z0 - 8994163059618261 - June 28, 2021, 6:00 pm
txn_1J6hGzJm8ehcCWGIqqBDVT9R - 8994163059619268 - June 28, 2021, 6:00 pm
txn_1J6ORhJm8ehcCWGIbWeYs4hu - 8994163059620264 - June 28, 2021, 6:00 pm
txn_1J768BJm8ehcCWGI5lf4A36N - 8994163059392260 - June 28, 2021, 6:00 pm
txn_1J6JVYJm8ehcCWGIsMxVOAPo - 8994163059393267 - June 28, 2021, 6:00 pm
txn_1J6nVOJm8ehcCWGIWql8qnG3 - 8994163059438265 - June 28, 2021, 6:00 pm
txn_1J6zwTJm8ehcCWGIXbGiTHAu - 8994163059399269 - June 28, 2021, 6:00 pm
txn_1J6i3yJm8ehcCWGIn4drlYpM - 8994163059624262 - June 28, 2021, 6:00 pm
txn_1J674JJm8ehcCWGI5b1QVejB - 8994163059398262 - June 28, 2021, 6:00 pm
txn_1J76lDJm8ehcCWGI9QN0MICj - 8994163059447267 - June 28, 2021, 6:00 pm
txn_1J6d25Jm8ehcCWGIAGWm40nO - 8994163059446260 - June 28, 2021, 6:00 pm
txn_1J6NSOJm8ehcCWGIc2sR1FBa - 8994163059623265 - June 28, 2021, 6:00 pm
txn_1J6olRJm8ehcCWGI9ZSzVAn2 - 8994163059621261 - June 28, 2021, 6:00 pm
txn_1J66jcJm8ehcCWGICoZZRZbi - 8994163059622268 - June 28, 2021, 6:00 pm
txn_1J6hI8Jm8ehcCWGI5SYSVdm7 - 8994163059445263 - June 28, 2021, 6:00 pm
txn_1J6K5jJm8ehcCWGILgk6AA83 - 8994163059443269 - June 28, 2021, 6:00 pm
txn_1J76TUJm8ehcCWGI2bq76U0g - 8994163059444266 - June 28, 2021, 6:00 pm
txn_1J6PFxJm8ehcCWGI9FRm9rYK - 8994163059397265 - June 28, 2021, 6:00 pm
txn_1J64DkJm8ehcCWGIc4KkS2z0 - 8994163059618261 - June 28, 2021, 6:00 pm
txn_1J6hGzJm8ehcCWGIqqBDVT9R - 8994163059619268 - June 28, 2021, 6:00 pm
txn_1J6ORhJm8ehcCWGIbWeYs4hu - 8994163059620264 - June 28, 2021, 6:00 pm
txn_1J768BJm8ehcCWGI5lf4A36N - 8994163059392260 - June 28, 2021, 6:00 pm
txn_1J6JVYJm8ehcCWGIsMxVOAPo - 8994163059393267 - June 28, 2021, 6:00 pm
txn_1J6nVOJm8ehcCWGIWql8qnG3 - 8994163059438265 - June 28, 2021, 6:00 pm
txn_1J6zwTJm8ehcCWGIXbGiTHAu - 8994163059399269 - June 28, 2021, 6:00 pm
txn_1J6i3yJm8ehcCWGIn4drlYpM - 8994163059624262 - June 28, 2021, 6:00 pm
txn_1J674JJm8ehcCWGI5b1QVejB - 8994163059398262 - June 28, 2021, 6:00 pm
txn_1J76lDJm8ehcCWGI9QN0MICj - 8994163059447267 - June 28, 2021, 6:00 pm
txn_1J6d25Jm8ehcCWGIAGWm40nO - 8994163059446260 - June 28, 2021, 6:00 pm
txn_1J6NSOJm8ehcCWGIc2sR1FBa - 8994163059623265 - June 28, 2021, 6:00 pm
txn_1J6olRJm8ehcCWGI9ZSzVAn2 - 8994163059621261 - June 28, 2021, 6:00 pm
txn_1J66jcJm8ehcCWGICoZZRZbi - 8994163059622268 - June 28, 2021, 6:00 pm
txn_1J6hI8Jm8ehcCWGI5SYSVdm7 - 8994163059445263 - June 28, 2021, 6:00 pm
txn_1J6K5jJm8ehcCWGILgk6AA83 - 8994163059443269 - June 28, 2021, 6:00 pm
txn_1J76TUJm8ehcCWGI2bq76U0g - 8994163059444266 - June 28, 2021, 6:00 pm
txn_1J6PFxJm8ehcCWGI9FRm9rYK - 8994163059397265 - June 28, 2021, 6:00 pm
txn_1J64DkJm8ehcCWGIc4KkS2z0 - 8994163059618261 - June 28, 2021, 6:00 pm
txn_1J6hGzJm8ehcCWGIqqBDVT9R - 8994163059619268 - June 28, 2021, 6:00 pm
txn_1J6ORhJm8ehcCWGIbWeYs4hu - 8994163059620264 - June 28, 2021, 6:00 pm
txn_1J768BJm8ehcCWGI5lf4A36N - 8994163059392260 - June 28, 2021, 6:00 pm
txn_1J6JVYJm8ehcCWGIsMxVOAPo - 8994163059393267 - June 28, 2021, 6:00 pm
txn_1J6nVOJm8ehcCWGIWql8qnG3 - 8994163059438265 - June 28, 2021, 6:00 pm
txn_1J6zwTJm8ehcCWGIXbGiTHAu - 8994163059399269 - June 28, 2021, 6:00 pm
txn_1J6i3yJm8ehcCWGIn4drlYpM - 8994163059624262 - June 28, 2021, 6:00 pm
txn_1J674JJm8ehcCWGI5b1QVejB - 8994163059398262 - June 28, 2021, 6:00 pm
txn_1J76lDJm8ehcCWGI9QN0MICj - 8994163059447267 - June 28, 2021, 6:00 pm
txn_1J6d25Jm8ehcCWGIAGWm40nO - 8994163059446260 - June 28, 2021, 6:00 pm
txn_1J6NSOJm8ehcCWGIc2sR1FBa - 8994163059623265 - June 28, 2021, 6:00 pm
txn_1J6olRJm8ehcCWGI9ZSzVAn2 - 8994163059621261 - June 28, 2021, 6:00 pm
txn_1J66jcJm8ehcCWGICoZZRZbi - 8994163059622268 - June 28, 2021, 6:00 pm
txn_1J6hI8Jm8ehcCWGI5SYSVdm7 - 8994163059445263 - June 28, 2021, 6:00 pm
txn_1J6K5jJm8ehcCWGILgk6AA83 - 8994163059443269 - June 28, 2021, 6:00 pm
txn_1J76TUJm8ehcCWGI2bq76U0g - 8994163059444266 - June 28, 2021, 6:00 pm
txn_1J6PFxJm8ehcCWGI9FRm9rYK - 8994163059397265 - June 28, 2021, 6:00 pm
txn_1J64DkJm8ehcCWGIc4KkS2z0 - 8994163059618261 - June 28, 2021, 6:00 pm
txn_1J6hGzJm8ehcCWGIqqBDVT9R - 8994163059619268 - June 28, 2021, 6:00 pm
txn_1J6ORhJm8ehcCWGIbWeYs4hu - 8994163059620264 - June 28, 2021, 6:00 pm
txn_1J768BJm8ehcCWGI5lf4A36N - 8994163059392260 - June 28, 2021, 6:00 pm
txn_1J6JVYJm8ehcCWGIsMxVOAPo - 8994163059393267 - June 28, 2021, 6:00 pm
txn_1J6nVOJm8ehcCWGIWql8qnG3 - 8994163059438265 - June 28, 2021, 6:00 pm
txn_1J6NVVJm8ehcCWGIyvBjTF4N - 8994163059824266 - June 28, 2021, 6:00 pm
txn_1J6jTNJm8ehcCWGIw62rsdp0 - 8994163059661267 - June 28, 2021, 6:00 pm
txn_1J76lnJm8ehcCWGI8xjwr6os - 8994163059823269 - June 28, 2021, 6:00 pm
txn_1J6JNrJm8ehcCWGIKKLaula1 - 8994163059821265 - June 28, 2021, 6:00 pm
txn_1J75AiJm8ehcCWGI9QvSO9hk - 8994163059659264 - June 28, 2021, 6:00 pm
txn_1J6g5gJm8ehcCWGIvFWfQkF8 - 8994163059472269 - June 28, 2021, 6:00 pm
2021Influencer722 - 8994163059820268 - June 28, 2021, 6:00 pm
txn_1J6IwjJm8ehcCWGIysfI3JUH - 8994163059657260 - June 28, 2021, 6:00 pm
2021Influencer721 - 8994163059818265 - June 28, 2021, 6:00 pm
txn_1J6feKJm8ehcCWGIYnZ5a31T - 8994163059469269 - June 28, 2021, 6:00 pm
txn_1J74ecJm8ehcCWGIykQA9AMo - 8994163059656263 - June 28, 2021, 6:00 pm
txn_1J6eIeJm8ehcCWGIWwO1bPQJ -  - June 28, 2021, 6:00 pm
txn_1J72asJm8ehcCWGIGU6EOnCV -  - June 28, 2021, 6:00 pm
txn_1J6IiZJm8ehcCWGIMU4zWBVp -  - June 28, 2021, 6:00 pm
2021Influencer720 -  - June 28, 2021, 6:00 pm
txn_1J6zwTJm8ehcCWGIXbGiTHAu - 8994163059399269 - June 28, 2021, 6:00 pm
txn_1J6i3yJm8ehcCWGIn4drlYpM - 8994163059624262 - June 28, 2021, 6:00 pm
txn_1J674JJm8ehcCWGI5b1QVejB - 8994163059398262 - June 28, 2021, 6:00 pm
txn_1J76lDJm8ehcCWGI9QN0MICj - 8994163059447267 - June 28, 2021, 6:00 pm
txn_1J6d25Jm8ehcCWGIAGWm40nO - 8994163059446260 - June 28, 2021, 6:00 pm
txn_1J6NSOJm8ehcCWGIc2sR1FBa - 8994163059623265 - June 28, 2021, 6:00 pm
txn_1J6olRJm8ehcCWGI9ZSzVAn2 - 8994163059621261 - June 28, 2021, 6:00 pm
txn_1J66jcJm8ehcCWGICoZZRZbi - 8994163059622268 - June 28, 2021, 6:00 pm
txn_1J6hI8Jm8ehcCWGI5SYSVdm7 - 8994163059445263 - June 28, 2021, 6:00 pm
txn_1J6K5jJm8ehcCWGILgk6AA83 - 8994163059443269 - June 28, 2021, 6:00 pm
txn_1J76TUJm8ehcCWGI2bq76U0g - 8994163059444266 - June 28, 2021, 6:00 pm
txn_1J6PFxJm8ehcCWGI9FRm9rYK - 8994163059397265 - June 28, 2021, 6:00 pm
txn_1J64DkJm8ehcCWGIc4KkS2z0 - 8994163059618261 - June 28, 2021, 6:00 pm
txn_1J6hGzJm8ehcCWGIqqBDVT9R - 8994163059619268 - June 28, 2021, 6:00 pm
txn_1J6ORhJm8ehcCWGIbWeYs4hu - 8994163059620264 - June 28, 2021, 6:00 pm
txn_1J768BJm8ehcCWGI5lf4A36N - 8994163059392260 - June 28, 2021, 6:00 pm
txn_1J6JVYJm8ehcCWGIsMxVOAPo - 8994163059393267 - June 28, 2021, 6:00 pm
txn_1J6nVOJm8ehcCWGIWql8qnG3 - 8994163059438265 - June 28, 2021, 6:00 pm
txn_1J6NpqJm8ehcCWGIpTKrD562 - 8994163059667269 - June 28, 2021, 6:00 pm
txn_1J6mUlJm8ehcCWGIn4jmmezG - 8994163059826260 - June 28, 2021, 6:00 pm
txn_1J78bZJm8ehcCWGIjoCSlliX - 8994163059476267 - June 28, 2021, 6:00 pm
txn_1J6NojJm8ehcCWGIaBqiA53O - 8994163059666262 - June 28, 2021, 6:00 pm
txn_1J6jf0Jm8ehcCWGIdrHii2f0 - 8994163059825263 - June 28, 2021, 6:00 pm
txn_1J78JeJm8ehcCWGIc28yM4Gq - 8994163059474263 - June 28, 2021, 6:00 pm
txn_1J6NVVJm8ehcCWGIyvBjTF4N - 8994163059824266 - June 28, 2021, 6:00 pm
txn_1J6jTNJm8ehcCWGIw62rsdp0 - 8994163059661267 - June 28, 2021, 6:00 pm
txn_1J76lnJm8ehcCWGI8xjwr6os - 8994163059823269 - June 28, 2021, 6:00 pm
txn_1J6JNrJm8ehcCWGIKKLaula1 - 8994163059821265 - June 28, 2021, 6:00 pm
txn_1J75AiJm8ehcCWGI9QvSO9hk - 8994163059659264 - June 28, 2021, 6:00 pm
txn_1J6g5gJm8ehcCWGIvFWfQkF8 - 8994163059472269 - June 28, 2021, 6:00 pm
2021Influencer722 - 8994163059820268 - June 28, 2021, 6:00 pm
txn_1J6IwjJm8ehcCWGIysfI3JUH - 8994163059657260 - June 28, 2021, 6:00 pm
2021Influencer721 - 8994163059818265 - June 28, 2021, 6:00 pm
txn_1J6feKJm8ehcCWGIYnZ5a31T - 8994163059469269 - June 28, 2021, 6:00 pm
txn_1J74ecJm8ehcCWGIykQA9AMo - 8994163059656263 - June 28, 2021, 6:00 pm
txn_1J6zwTJm8ehcCWGIXbGiTHAu - 8994163059399269 - June 28, 2021, 6:01 pm
txn_1J6i3yJm8ehcCWGIn4drlYpM - 8994163059624262 - June 28, 2021, 6:01 pm
txn_1J674JJm8ehcCWGI5b1QVejB - 8994163059398262 - June 28, 2021, 6:01 pm
txn_1J76lDJm8ehcCWGI9QN0MICj - 8994163059447267 - June 28, 2021, 6:01 pm
txn_1J6d25Jm8ehcCWGIAGWm40nO - 8994163059446260 - June 28, 2021, 6:01 pm
txn_1J6NSOJm8ehcCWGIc2sR1FBa - 8994163059623265 - June 28, 2021, 6:01 pm
txn_1J6olRJm8ehcCWGI9ZSzVAn2 - 8994163059621261 - June 28, 2021, 6:01 pm
txn_1J66jcJm8ehcCWGICoZZRZbi - 8994163059622268 - June 28, 2021, 6:01 pm
txn_1J6hI8Jm8ehcCWGI5SYSVdm7 - 8994163059445263 - June 28, 2021, 6:01 pm
txn_1J6K5jJm8ehcCWGILgk6AA83 - 8994163059443269 - June 28, 2021, 6:01 pm
txn_1J76TUJm8ehcCWGI2bq76U0g - 8994163059444266 - June 28, 2021, 6:01 pm
txn_1J6PFxJm8ehcCWGI9FRm9rYK - 8994163059397265 - June 28, 2021, 6:01 pm
txn_1J64DkJm8ehcCWGIc4KkS2z0 - 8994163059618261 - June 28, 2021, 6:01 pm
txn_1J6hGzJm8ehcCWGIqqBDVT9R - 8994163059619268 - June 28, 2021, 6:01 pm
txn_1J6ORhJm8ehcCWGIbWeYs4hu - 8994163059620264 - June 28, 2021, 6:01 pm
txn_1J768BJm8ehcCWGI5lf4A36N - 8994163059392260 - June 28, 2021, 6:01 pm
txn_1J6JVYJm8ehcCWGIsMxVOAPo - 8994163059393267 - June 28, 2021, 6:01 pm
txn_1J6nVOJm8ehcCWGIWql8qnG3 - 8994163059438265 - June 28, 2021, 6:01 pm
txn_1J6NpqJm8ehcCWGIpTKrD562 - 8994163059667269 - June 28, 2021, 6:01 pm
txn_1J6mUlJm8ehcCWGIn4jmmezG - 8994163059826260 - June 28, 2021, 6:01 pm
txn_1J78bZJm8ehcCWGIjoCSlliX - 8994163059476267 - June 28, 2021, 6:01 pm
txn_1J6NojJm8ehcCWGIaBqiA53O - 8994163059666262 - June 28, 2021, 6:01 pm
txn_1J6jf0Jm8ehcCWGIdrHii2f0 - 8994163059825263 - June 28, 2021, 6:01 pm
txn_1J78JeJm8ehcCWGIc28yM4Gq - 8994163059474263 - June 28, 2021, 6:01 pm
txn_1J6NVVJm8ehcCWGIyvBjTF4N - 8994163059824266 - June 28, 2021, 6:01 pm
txn_1J6jTNJm8ehcCWGIw62rsdp0 - 8994163059661267 - June 28, 2021, 6:01 pm
txn_1J76lnJm8ehcCWGI8xjwr6os - 8994163059823269 - June 28, 2021, 6:01 pm
txn_1J6JNrJm8ehcCWGIKKLaula1 - 8994163059821265 - June 28, 2021, 6:01 pm
txn_1J75AiJm8ehcCWGI9QvSO9hk - 8994163059659264 - June 28, 2021, 6:01 pm
txn_1J6g5gJm8ehcCWGIvFWfQkF8 - 8994163059472269 - June 28, 2021, 6:01 pm
2021Influencer722 - 8994163059820268 - June 28, 2021, 6:01 pm
txn_1J6IwjJm8ehcCWGIysfI3JUH - 8994163059657260 - June 28, 2021, 6:01 pm
2021Influencer721 - 8994163059818265 - June 28, 2021, 6:01 pm
txn_1J6feKJm8ehcCWGIYnZ5a31T - 8994163059469269 - June 28, 2021, 6:01 pm
txn_1J74ecJm8ehcCWGIykQA9AMo - 8994163059656263 - June 28, 2021, 6:01 pm
txn_1J6IiZJm8ehcCWGIMU4zWBVp - 8994163059479268 - June 28, 2021, 6:01 pm
txn_1J72asJm8ehcCWGIGU6EOnCV - 8994163059836269 - June 28, 2021, 6:01 pm
txn_1J6eIeJm8ehcCWGIWwO1bPQJ - 8994163059483265 - June 28, 2021, 6:01 pm
txn_1J6zwTJm8ehcCWGIXbGiTHAu - 8994163059399269 - June 28, 2021, 6:01 pm
txn_1J6i3yJm8ehcCWGIn4drlYpM - 8994163059624262 - June 28, 2021, 6:01 pm
txn_1J674JJm8ehcCWGI5b1QVejB - 8994163059398262 - June 28, 2021, 6:01 pm
txn_1J76lDJm8ehcCWGI9QN0MICj - 8994163059447267 - June 28, 2021, 6:01 pm
txn_1J6d25Jm8ehcCWGIAGWm40nO - 8994163059446260 - June 28, 2021, 6:01 pm
txn_1J6NSOJm8ehcCWGIc2sR1FBa - 8994163059623265 - June 28, 2021, 6:01 pm
txn_1J6olRJm8ehcCWGI9ZSzVAn2 - 8994163059621261 - June 28, 2021, 6:01 pm
txn_1J66jcJm8ehcCWGICoZZRZbi - 8994163059622268 - June 28, 2021, 6:01 pm
txn_1J6hI8Jm8ehcCWGI5SYSVdm7 - 8994163059445263 - June 28, 2021, 6:01 pm
txn_1J6K5jJm8ehcCWGILgk6AA83 - 8994163059443269 - June 28, 2021, 6:01 pm
txn_1J76TUJm8ehcCWGI2bq76U0g - 8994163059444266 - June 28, 2021, 6:01 pm
txn_1J6PFxJm8ehcCWGI9FRm9rYK - 8994163059397265 - June 28, 2021, 6:01 pm
txn_1J64DkJm8ehcCWGIc4KkS2z0 - 8994163059618261 - June 28, 2021, 6:01 pm
txn_1J6hGzJm8ehcCWGIqqBDVT9R - 8994163059619268 - June 28, 2021, 6:01 pm
txn_1J6ORhJm8ehcCWGIbWeYs4hu - 8994163059620264 - June 28, 2021, 6:01 pm
txn_1J768BJm8ehcCWGI5lf4A36N - 8994163059392260 - June 28, 2021, 6:01 pm
txn_1J6JVYJm8ehcCWGIsMxVOAPo - 8994163059393267 - June 28, 2021, 6:01 pm
txn_1J6nVOJm8ehcCWGIWql8qnG3 - 8994163059438265 - June 28, 2021, 6:01 pm
txn_1J6NpqJm8ehcCWGIpTKrD562 - 8994163059667269 - June 28, 2021, 6:01 pm
txn_1J6mUlJm8ehcCWGIn4jmmezG - 8994163059826260 - June 28, 2021, 6:01 pm
txn_1J78bZJm8ehcCWGIjoCSlliX - 8994163059476267 - June 28, 2021, 6:01 pm
txn_1J6NojJm8ehcCWGIaBqiA53O - 8994163059666262 - June 28, 2021, 6:01 pm
txn_1J6jf0Jm8ehcCWGIdrHii2f0 - 8994163059825263 - June 28, 2021, 6:01 pm
txn_1J78JeJm8ehcCWGIc28yM4Gq - 8994163059474263 - June 28, 2021, 6:01 pm
txn_1J6NVVJm8ehcCWGIyvBjTF4N - 8994163059824266 - June 28, 2021, 6:01 pm
txn_1J6jTNJm8ehcCWGIw62rsdp0 - 8994163059661267 - June 28, 2021, 6:01 pm
txn_1J76lnJm8ehcCWGI8xjwr6os - 8994163059823269 - June 28, 2021, 6:01 pm
txn_1J6JNrJm8ehcCWGIKKLaula1 - 8994163059821265 - June 28, 2021, 6:01 pm
txn_1J75AiJm8ehcCWGI9QvSO9hk - 8994163059659264 - June 28, 2021, 6:01 pm
txn_1J6g5gJm8ehcCWGIvFWfQkF8 - 8994163059472269 - June 28, 2021, 6:01 pm
2021Influencer722 - 8994163059820268 - June 28, 2021, 6:01 pm
txn_1J6IwjJm8ehcCWGIysfI3JUH - 8994163059657260 - June 28, 2021, 6:01 pm
2021Influencer721 - 8994163059818265 - June 28, 2021, 6:01 pm
txn_1J6feKJm8ehcCWGIYnZ5a31T - 8994163059469269 - June 28, 2021, 6:01 pm
txn_1J74ecJm8ehcCWGIykQA9AMo - 8994163059656263 - June 28, 2021, 6:01 pm
txn_1J6IiZJm8ehcCWGIMU4zWBVp - 8994163059479268 - June 28, 2021, 6:01 pm
txn_1J72asJm8ehcCWGIGU6EOnCV - 8994163059836269 - June 28, 2021, 6:01 pm
txn_1J6eIeJm8ehcCWGIWwO1bPQJ - 8994163059483265 - June 28, 2021, 6:01 pm
txn_1J6zwTJm8ehcCWGIXbGiTHAu - 8994163059399269 - June 28, 2021, 6:01 pm
txn_1J6i3yJm8ehcCWGIn4drlYpM - 8994163059624262 - June 28, 2021, 6:01 pm
txn_1J674JJm8ehcCWGI5b1QVejB - 8994163059398262 - June 28, 2021, 6:01 pm
txn_1J76lDJm8ehcCWGI9QN0MICj - 8994163059447267 - June 28, 2021, 6:01 pm
txn_1J6d25Jm8ehcCWGIAGWm40nO - 8994163059446260 - June 28, 2021, 6:01 pm
txn_1J6NSOJm8ehcCWGIc2sR1FBa - 8994163059623265 - June 28, 2021, 6:01 pm
txn_1J6olRJm8ehcCWGI9ZSzVAn2 - 8994163059621261 - June 28, 2021, 6:01 pm
txn_1J66jcJm8ehcCWGICoZZRZbi - 8994163059622268 - June 28, 2021, 6:01 pm
txn_1J6hI8Jm8ehcCWGI5SYSVdm7 - 8994163059445263 - June 28, 2021, 6:01 pm
txn_1J6K5jJm8ehcCWGILgk6AA83 - 8994163059443269 - June 28, 2021, 6:01 pm
txn_1J76TUJm8ehcCWGI2bq76U0g - 8994163059444266 - June 28, 2021, 6:01 pm
txn_1J6PFxJm8ehcCWGI9FRm9rYK - 8994163059397265 - June 28, 2021, 6:01 pm
txn_1J64DkJm8ehcCWGIc4KkS2z0 - 8994163059618261 - June 28, 2021, 6:01 pm
txn_1J6hGzJm8ehcCWGIqqBDVT9R - 8994163059619268 - June 28, 2021, 6:01 pm
txn_1J6ORhJm8ehcCWGIbWeYs4hu - 8994163059620264 - June 28, 2021, 6:01 pm
txn_1J768BJm8ehcCWGI5lf4A36N - 8994163059392260 - June 28, 2021, 6:01 pm
txn_1J6JVYJm8ehcCWGIsMxVOAPo - 8994163059393267 - June 28, 2021, 6:01 pm
txn_1J6nVOJm8ehcCWGIWql8qnG3 - 8994163059438265 - June 28, 2021, 6:01 pm
txn_1J6NpqJm8ehcCWGIpTKrD562 - 8994163059667269 - June 28, 2021, 6:01 pm
txn_1J6mUlJm8ehcCWGIn4jmmezG - 8994163059826260 - June 28, 2021, 6:01 pm
txn_1J78bZJm8ehcCWGIjoCSlliX - 8994163059476267 - June 28, 2021, 6:01 pm
txn_1J6NojJm8ehcCWGIaBqiA53O - 8994163059666262 - June 28, 2021, 6:01 pm
txn_1J6jf0Jm8ehcCWGIdrHii2f0 - 8994163059825263 - June 28, 2021, 6:01 pm
txn_1J78JeJm8ehcCWGIc28yM4Gq - 8994163059474263 - June 28, 2021, 6:01 pm
txn_1J6NVVJm8ehcCWGIyvBjTF4N - 8994163059824266 - June 28, 2021, 6:01 pm
txn_1J6jTNJm8ehcCWGIw62rsdp0 - 8994163059661267 - June 28, 2021, 6:01 pm
txn_1J76lnJm8ehcCWGI8xjwr6os - 8994163059823269 - June 28, 2021, 6:01 pm
txn_1J6JNrJm8ehcCWGIKKLaula1 - 8994163059821265 - June 28, 2021, 6:01 pm
txn_1J75AiJm8ehcCWGI9QvSO9hk - 8994163059659264 - June 28, 2021, 6:01 pm
txn_1J6g5gJm8ehcCWGIvFWfQkF8 - 8994163059472269 - June 28, 2021, 6:01 pm
2021Influencer722 - 8994163059820268 - June 28, 2021, 6:01 pm
txn_1J6IwjJm8ehcCWGIysfI3JUH - 8994163059657260 - June 28, 2021, 6:01 pm
2021Influencer721 - 8994163059818265 - June 28, 2021, 6:01 pm
txn_1J6feKJm8ehcCWGIYnZ5a31T - 8994163059469269 - June 28, 2021, 6:01 pm
txn_1J74ecJm8ehcCWGIykQA9AMo - 8994163059656263 - June 28, 2021, 6:01 pm
txn_1J6IiZJm8ehcCWGIMU4zWBVp - 8994163059479268 - June 28, 2021, 6:01 pm
txn_1J72asJm8ehcCWGIGU6EOnCV - 8994163059836269 - June 28, 2021, 6:01 pm
txn_1J6eIeJm8ehcCWGIWwO1bPQJ - 8994163059483265 - June 28, 2021, 6:01 pm
2021Influencer720 - 8994163059502263 - June 28, 2021, 6:01 pm
txn_1J6zwTJm8ehcCWGIXbGiTHAu - 8994163059399269 - June 28, 2021, 6:01 pm
txn_1J6i3yJm8ehcCWGIn4drlYpM - 8994163059624262 - June 28, 2021, 6:01 pm
txn_1J674JJm8ehcCWGI5b1QVejB - 8994163059398262 - June 28, 2021, 6:01 pm
txn_1J76lDJm8ehcCWGI9QN0MICj - 8994163059447267 - June 28, 2021, 6:01 pm
txn_1J6d25Jm8ehcCWGIAGWm40nO - 8994163059446260 - June 28, 2021, 6:01 pm
txn_1J6NSOJm8ehcCWGIc2sR1FBa - 8994163059623265 - June 28, 2021, 6:01 pm
txn_1J6olRJm8ehcCWGI9ZSzVAn2 - 8994163059621261 - June 28, 2021, 6:01 pm
txn_1J66jcJm8ehcCWGICoZZRZbi - 8994163059622268 - June 28, 2021, 6:01 pm
txn_1J6hI8Jm8ehcCWGI5SYSVdm7 - 8994163059445263 - June 28, 2021, 6:01 pm
txn_1J6K5jJm8ehcCWGILgk6AA83 - 8994163059443269 - June 28, 2021, 6:01 pm
txn_1J76TUJm8ehcCWGI2bq76U0g - 8994163059444266 - June 28, 2021, 6:01 pm
txn_1J6PFxJm8ehcCWGI9FRm9rYK - 8994163059397265 - June 28, 2021, 6:01 pm
txn_1J64DkJm8ehcCWGIc4KkS2z0 - 8994163059618261 - June 28, 2021, 6:01 pm
txn_1J6hGzJm8ehcCWGIqqBDVT9R - 8994163059619268 - June 28, 2021, 6:01 pm
txn_1J6ORhJm8ehcCWGIbWeYs4hu - 8994163059620264 - June 28, 2021, 6:01 pm
txn_1J768BJm8ehcCWGI5lf4A36N - 8994163059392260 - June 28, 2021, 6:01 pm
txn_1J6JVYJm8ehcCWGIsMxVOAPo - 8994163059393267 - June 28, 2021, 6:01 pm
txn_1J6nVOJm8ehcCWGIWql8qnG3 - 8994163059438265 - June 28, 2021, 6:01 pm
txn_1J6NpqJm8ehcCWGIpTKrD562 - 8994163059667269 - June 28, 2021, 6:01 pm
txn_1J6mUlJm8ehcCWGIn4jmmezG - 8994163059826260 - June 28, 2021, 6:01 pm
txn_1J78bZJm8ehcCWGIjoCSlliX - 8994163059476267 - June 28, 2021, 6:01 pm
txn_1J6NojJm8ehcCWGIaBqiA53O - 8994163059666262 - June 28, 2021, 6:01 pm
txn_1J6jf0Jm8ehcCWGIdrHii2f0 - 8994163059825263 - June 28, 2021, 6:01 pm
txn_1J78JeJm8ehcCWGIc28yM4Gq - 8994163059474263 - June 28, 2021, 6:01 pm
txn_1J6NVVJm8ehcCWGIyvBjTF4N - 8994163059824266 - June 28, 2021, 6:01 pm
txn_1J6jTNJm8ehcCWGIw62rsdp0 - 8994163059661267 - June 28, 2021, 6:01 pm
txn_1J76lnJm8ehcCWGI8xjwr6os - 8994163059823269 - June 28, 2021, 6:01 pm
txn_1J6JNrJm8ehcCWGIKKLaula1 - 8994163059821265 - June 28, 2021, 6:01 pm
txn_1J75AiJm8ehcCWGI9QvSO9hk - 8994163059659264 - June 28, 2021, 6:01 pm
txn_1J6g5gJm8ehcCWGIvFWfQkF8 - 8994163059472269 - June 28, 2021, 6:01 pm
2021Influencer722 - 8994163059820268 - June 28, 2021, 6:01 pm
txn_1J6IwjJm8ehcCWGIysfI3JUH - 8994163059657260 - June 28, 2021, 6:01 pm
2021Influencer721 - 8994163059818265 - June 28, 2021, 6:01 pm
txn_1J6feKJm8ehcCWGIYnZ5a31T - 8994163059469269 - June 28, 2021, 6:01 pm
txn_1J74ecJm8ehcCWGIykQA9AMo - 8994163059656263 - June 28, 2021, 6:01 pm
txn_1J6IiZJm8ehcCWGIMU4zWBVp - 8994163059479268 - June 28, 2021, 6:01 pm
txn_1J72asJm8ehcCWGIGU6EOnCV - 8994163059836269 - June 28, 2021, 6:01 pm
txn_1J6eIeJm8ehcCWGIWwO1bPQJ - 8994163059483265 - June 28, 2021, 6:01 pm
2021Influencer720 - 8994163059502263 - June 28, 2021, 6:01 pm
txn_1J6zwTJm8ehcCWGIXbGiTHAu - 8994163059399269 - June 28, 2021, 6:01 pm
txn_1J6i3yJm8ehcCWGIn4drlYpM - 8994163059624262 - June 28, 2021, 6:01 pm
txn_1J674JJm8ehcCWGI5b1QVejB - 8994163059398262 - June 28, 2021, 6:01 pm
txn_1J76lDJm8ehcCWGI9QN0MICj - 8994163059447267 - June 28, 2021, 6:01 pm
txn_1J6d25Jm8ehcCWGIAGWm40nO - 8994163059446260 - June 28, 2021, 6:01 pm
txn_1J6NSOJm8ehcCWGIc2sR1FBa - 8994163059623265 - June 28, 2021, 6:01 pm
txn_1J6olRJm8ehcCWGI9ZSzVAn2 - 8994163059621261 - June 28, 2021, 6:01 pm
txn_1J66jcJm8ehcCWGICoZZRZbi - 8994163059622268 - June 28, 2021, 6:01 pm
txn_1J6hI8Jm8ehcCWGI5SYSVdm7 - 8994163059445263 - June 28, 2021, 6:01 pm
txn_1J6K5jJm8ehcCWGILgk6AA83 - 8994163059443269 - June 28, 2021, 6:01 pm
txn_1J76TUJm8ehcCWGI2bq76U0g - 8994163059444266 - June 28, 2021, 6:01 pm
txn_1J6PFxJm8ehcCWGI9FRm9rYK - 8994163059397265 - June 28, 2021, 6:01 pm
txn_1J64DkJm8ehcCWGIc4KkS2z0 - 8994163059618261 - June 28, 2021, 6:01 pm
txn_1J6hGzJm8ehcCWGIqqBDVT9R - 8994163059619268 - June 28, 2021, 6:01 pm
txn_1J6ORhJm8ehcCWGIbWeYs4hu - 8994163059620264 - June 28, 2021, 6:01 pm
txn_1J768BJm8ehcCWGI5lf4A36N - 8994163059392260 - June 28, 2021, 6:01 pm
txn_1J6JVYJm8ehcCWGIsMxVOAPo - 8994163059393267 - June 28, 2021, 6:01 pm
txn_1J6nVOJm8ehcCWGIWql8qnG3 - 8994163059438265 - June 28, 2021, 6:01 pm
txn_1J6NpqJm8ehcCWGIpTKrD562 - 8994163059667269 - June 28, 2021, 6:01 pm
txn_1J6mUlJm8ehcCWGIn4jmmezG - 8994163059826260 - June 28, 2021, 6:01 pm
txn_1J78bZJm8ehcCWGIjoCSlliX - 8994163059476267 - June 28, 2021, 6:01 pm
txn_1J6NojJm8ehcCWGIaBqiA53O - 8994163059666262 - June 28, 2021, 6:01 pm
txn_1J6jf0Jm8ehcCWGIdrHii2f0 - 8994163059825263 - June 28, 2021, 6:01 pm
txn_1J78JeJm8ehcCWGIc28yM4Gq - 8994163059474263 - June 28, 2021, 6:01 pm
txn_1J6NVVJm8ehcCWGIyvBjTF4N - 8994163059824266 - June 28, 2021, 6:01 pm
txn_1J6jTNJm8ehcCWGIw62rsdp0 - 8994163059661267 - June 28, 2021, 6:01 pm
txn_1J76lnJm8ehcCWGI8xjwr6os - 8994163059823269 - June 28, 2021, 6:01 pm
txn_1J6JNrJm8ehcCWGIKKLaula1 - 8994163059821265 - June 28, 2021, 6:01 pm
txn_1J75AiJm8ehcCWGI9QvSO9hk - 8994163059659264 - June 28, 2021, 6:01 pm
txn_1J6g5gJm8ehcCWGIvFWfQkF8 - 8994163059472269 - June 28, 2021, 6:01 pm
2021Influencer722 - 8994163059820268 - June 28, 2021, 6:01 pm
txn_1J6IwjJm8ehcCWGIysfI3JUH - 8994163059657260 - June 28, 2021, 6:01 pm
2021Influencer721 - 8994163059818265 - June 28, 2021, 6:01 pm
txn_1J6feKJm8ehcCWGIYnZ5a31T - 8994163059469269 - June 28, 2021, 6:01 pm
txn_1J74ecJm8ehcCWGIykQA9AMo - 8994163059656263 - June 28, 2021, 6:01 pm
txn_1J6IiZJm8ehcCWGIMU4zWBVp - 8994163059479268 - June 28, 2021, 6:01 pm
txn_1J72asJm8ehcCWGIGU6EOnCV - 8994163059836269 - June 28, 2021, 6:01 pm
txn_1J6eIeJm8ehcCWGIWwO1bPQJ - 8994163059483265 - June 28, 2021, 6:01 pm
2021Influencer720 - 8994163059502263 - June 28, 2021, 6:01 pm
