txn_RsuyETzZk0EQ4EPQ8R6E949f8MMZY - 8994163619654296 - September 30, 2021, 4:02 pm
2021Influencer786 - 8994163619664295 - September 30, 2021, 4:02 pm
2021Influencer785 - 8994163619861298 - September 30, 2021, 4:02 pm
txn_56d89323516c0af73bf84c302ebd78ee - 8994163619661294 - September 30, 2021, 4:02 pm
txn_fNVvqAB2QtONABi8KKPsOPNqukZZY - 8994163619859295 - September 30, 2021, 4:02 pm
txn_nzSDtQMDQFXbmyMGzv9AFa2WQU8YY - 8994163620017295 - September 30, 2021, 4:02 pm
txn_DDFMbn1NHtRmn0mL6lEX5BKa7VXZY - 8994163619858298 - September 30, 2021, 4:02 pm
txn_0eacddec2c928520f96758d806088469 - 8994163619856294 - September 30, 2021, 4:02 pm
txn_3FLTiD7tn6cacgZkI7dzt4F2QWWZY - 8994163619857291 - September 30, 2021, 4:02 pm
txn_bnJwd04LPhYyGo4EBu8mQGUHR7EZY - 8994163620016298 - September 30, 2021, 4:02 pm
txn_af19d56b22f4ff89b4edbb776bf4b1bb - 8994163619659291 - September 30, 2021, 4:02 pm
txn_brt9z6zUmgAuo2I0B27hl2AthZOZY - 8994163619658294 - September 30, 2021, 4:02 pm
txn_VuoF1eTWG3hcnfeTsSsqMkayL9LZY - 8994163620015291 - September 30, 2021, 4:02 pm
txn_pKh7i3AX9XdhA9Y23QtO9C3AwVHZY - 8994163619852296 - September 30, 2021, 4:02 pm
txn_8ba40d035adbf6ee572338765b984359 - 8994163619853293 - September 30, 2021, 4:02 pm
txn_Vw3y6rree9vvMqUu7E8SDexHineZY - 8994163619849296 - September 30, 2021, 4:02 pm
txn_b7ae4b74ec55e47ee96ff5e2e92fb968 - 8994163619655293 - September 30, 2021, 4:02 pm
txn_jjPbiJ4QN7rYVilx6e6FffpGncMZY - 8994163620014294 - September 30, 2021, 4:02 pm
txn_rLZ1LOsjGBn3zSVVnAEQg478crEZY - 8994163619848299 - September 30, 2021, 4:02 pm
txn_a5445c0d366a0b1e96596d7208672f82 - 8994163620013297 - September 30, 2021, 4:02 pm
2021Influencer787 - 8994163620355298 - September 30, 2021, 4:22 pm
