txn_1JCy0lJm8ehcCWGI1pqFNrs8 - 8994163761189264 - July 15, 2021, 3:14 pm
txn_1JD5rqJm8ehcCWGIhNSpem23 - 8994163760987267 - July 15, 2021, 3:14 pm
txn_1JDAUtJm8ehcCWGIwyFtf2Il - 8994163761188267 - July 15, 2021, 3:14 pm
txn_1JCxubJm8ehcCWGIaY6eUdHF - 8994163760985263 - July 15, 2021, 3:14 pm
txn_1JDFMrJm8ehcCWGI4WjxuDTT - 8994163760983269 - July 15, 2021, 3:14 pm
txn_1JDARVJm8ehcCWGIoDst3OxA - 8994163760982262 - July 15, 2021, 3:14 pm
txn_1JDI6RJm8ehcCWGIzbFmmGj1 - 8994163760981265 - July 15, 2021, 3:14 pm
txn_1JD303Jm8ehcCWGIyxajX7ya - 8994163761184269 - July 15, 2021, 3:14 pm
txn_1JDBRrJm8ehcCWGIt4zOF9aT - 8994163761183262 - July 15, 2021, 3:14 pm
txn_1JCxqNJm8ehcCWGIiHlmNwUs - 8994163761181268 - July 15, 2021, 3:14 pm
txn_1JDFFfJm8ehcCWGIZKLB5PPp - 8994163761179265 - July 15, 2021, 3:14 pm
txn_1JDA9kJm8ehcCWGIU8EDq9ar - 8994163760980268 - July 15, 2021, 3:14 pm
txn_1JCz5kJm8ehcCWGIqAluDnam - 8994163761177261 - July 15, 2021, 3:14 pm
txn_1JDB2IJm8ehcCWGIrMlgT3mD - 8994163761178268 - July 15, 2021, 3:14 pm
txn_1JDGgIJm8ehcCWGIZGwOJrab - 8994163760979262 - July 15, 2021, 3:14 pm
txn_1JCxjYJm8ehcCWGIaoqNOFRs - 8994163760795268 - July 15, 2021, 3:14 pm
txn_1JDDwrJm8ehcCWGIhyu1E1jb - 8994163761173263 - July 15, 2021, 3:14 pm
txn_1JD7N5Jm8ehcCWGIJrTYse4t - 8994163760975264 - July 15, 2021, 3:14 pm
txn_1JDGefJm8ehcCWGIPREulfya - 8994163760976261 - July 15, 2021, 3:14 pm
txn_1JDAomJm8ehcCWGInqTkUTzQ - 8994163761171269 - July 15, 2021, 3:14 pm
txn_1JCyp1Jm8ehcCWGI9m7kuD7J - 8994163761172266 - July 15, 2021, 3:14 pm
txn_1JCy0lJm8ehcCWGI1pqFNrs8 - 8994163761189264 - July 15, 2021, 3:15 pm
txn_1JD5rqJm8ehcCWGIhNSpem23 - 8994163760987267 - July 15, 2021, 3:15 pm
txn_1JDAUtJm8ehcCWGIwyFtf2Il - 8994163761188267 - July 15, 2021, 3:15 pm
txn_1JCxubJm8ehcCWGIaY6eUdHF - 8994163760985263 - July 15, 2021, 3:15 pm
txn_1JDFMrJm8ehcCWGI4WjxuDTT - 8994163760983269 - July 15, 2021, 3:15 pm
txn_1JDARVJm8ehcCWGIoDst3OxA - 8994163760982262 - July 15, 2021, 3:15 pm
txn_1JDI6RJm8ehcCWGIzbFmmGj1 - 8994163760981265 - July 15, 2021, 3:15 pm
txn_1JD303Jm8ehcCWGIyxajX7ya - 8994163761184269 - July 15, 2021, 3:15 pm
txn_1JDBRrJm8ehcCWGIt4zOF9aT - 8994163761183262 - July 15, 2021, 3:15 pm
txn_1JCxqNJm8ehcCWGIiHlmNwUs - 8994163761181268 - July 15, 2021, 3:15 pm
txn_1JDFFfJm8ehcCWGIZKLB5PPp - 8994163761179265 - July 15, 2021, 3:15 pm
txn_1JDA9kJm8ehcCWGIU8EDq9ar - 8994163760980268 - July 15, 2021, 3:15 pm
txn_1JCz5kJm8ehcCWGIqAluDnam - 8994163761177261 - July 15, 2021, 3:15 pm
txn_1JDB2IJm8ehcCWGIrMlgT3mD - 8994163761178268 - July 15, 2021, 3:15 pm
txn_1JDGgIJm8ehcCWGIZGwOJrab - 8994163760979262 - July 15, 2021, 3:15 pm
txn_1JCxjYJm8ehcCWGIaoqNOFRs - 8994163760795268 - July 15, 2021, 3:15 pm
txn_1JDDwrJm8ehcCWGIhyu1E1jb - 8994163761173263 - July 15, 2021, 3:15 pm
txn_1JD7N5Jm8ehcCWGIJrTYse4t - 8994163760975264 - July 15, 2021, 3:15 pm
txn_1JDGefJm8ehcCWGIPREulfya - 8994163760976261 - July 15, 2021, 3:15 pm
txn_1JDAomJm8ehcCWGInqTkUTzQ - 8994163761171269 - July 15, 2021, 3:15 pm
txn_1JCyp1Jm8ehcCWGI9m7kuD7J - 8994163761172266 - July 15, 2021, 3:15 pm
txn_1JCy0lJm8ehcCWGI1pqFNrs8 - 8994163761189264 - July 15, 2021, 3:15 pm
txn_1JD5rqJm8ehcCWGIhNSpem23 - 8994163760987267 - July 15, 2021, 3:15 pm
txn_1JDAUtJm8ehcCWGIwyFtf2Il - 8994163761188267 - July 15, 2021, 3:15 pm
txn_1JCxubJm8ehcCWGIaY6eUdHF - 8994163760985263 - July 15, 2021, 3:15 pm
txn_1JDFMrJm8ehcCWGI4WjxuDTT - 8994163760983269 - July 15, 2021, 3:15 pm
txn_1JDARVJm8ehcCWGIoDst3OxA - 8994163760982262 - July 15, 2021, 3:15 pm
txn_1JDI6RJm8ehcCWGIzbFmmGj1 - 8994163760981265 - July 15, 2021, 3:15 pm
txn_1JD303Jm8ehcCWGIyxajX7ya - 8994163761184269 - July 15, 2021, 3:15 pm
txn_1JDBRrJm8ehcCWGIt4zOF9aT - 8994163761183262 - July 15, 2021, 3:15 pm
txn_1JCxqNJm8ehcCWGIiHlmNwUs - 8994163761181268 - July 15, 2021, 3:15 pm
txn_1JDFFfJm8ehcCWGIZKLB5PPp - 8994163761179265 - July 15, 2021, 3:15 pm
txn_1JDA9kJm8ehcCWGIU8EDq9ar - 8994163760980268 - July 15, 2021, 3:15 pm
txn_1JCz5kJm8ehcCWGIqAluDnam - 8994163761177261 - July 15, 2021, 3:15 pm
txn_1JDB2IJm8ehcCWGIrMlgT3mD - 8994163761178268 - July 15, 2021, 3:15 pm
txn_1JDGgIJm8ehcCWGIZGwOJrab - 8994163760979262 - July 15, 2021, 3:15 pm
txn_1JCxjYJm8ehcCWGIaoqNOFRs - 8994163760795268 - July 15, 2021, 3:15 pm
txn_1JDDwrJm8ehcCWGIhyu1E1jb - 8994163761173263 - July 15, 2021, 3:15 pm
txn_1JD7N5Jm8ehcCWGIJrTYse4t - 8994163760975264 - July 15, 2021, 3:15 pm
txn_1JDGefJm8ehcCWGIPREulfya - 8994163760976261 - July 15, 2021, 3:15 pm
txn_1JDAomJm8ehcCWGInqTkUTzQ - 8994163761171269 - July 15, 2021, 3:15 pm
txn_1JCyp1Jm8ehcCWGI9m7kuD7J - 8994163761172266 - July 15, 2021, 3:15 pm
txn_1JCy0lJm8ehcCWGI1pqFNrs8 - 8994163761189264 - July 15, 2021, 3:16 pm
txn_1JD5rqJm8ehcCWGIhNSpem23 - 8994163760987267 - July 15, 2021, 3:16 pm
txn_1JDAUtJm8ehcCWGIwyFtf2Il - 8994163761188267 - July 15, 2021, 3:16 pm
txn_1JCxubJm8ehcCWGIaY6eUdHF - 8994163760985263 - July 15, 2021, 3:16 pm
txn_1JDFMrJm8ehcCWGI4WjxuDTT - 8994163760983269 - July 15, 2021, 3:16 pm
txn_1JDARVJm8ehcCWGIoDst3OxA - 8994163760982262 - July 15, 2021, 3:16 pm
txn_1JDI6RJm8ehcCWGIzbFmmGj1 - 8994163760981265 - July 15, 2021, 3:16 pm
txn_1JD303Jm8ehcCWGIyxajX7ya - 8994163761184269 - July 15, 2021, 3:16 pm
txn_1JDBRrJm8ehcCWGIt4zOF9aT - 8994163761183262 - July 15, 2021, 3:16 pm
txn_1JCxqNJm8ehcCWGIiHlmNwUs - 8994163761181268 - July 15, 2021, 3:16 pm
txn_1JDFFfJm8ehcCWGIZKLB5PPp - 8994163761179265 - July 15, 2021, 3:16 pm
txn_1JDA9kJm8ehcCWGIU8EDq9ar - 8994163760980268 - July 15, 2021, 3:16 pm
txn_1JCz5kJm8ehcCWGIqAluDnam - 8994163761177261 - July 15, 2021, 3:16 pm
txn_1JDB2IJm8ehcCWGIrMlgT3mD - 8994163761178268 - July 15, 2021, 3:16 pm
txn_1JDGgIJm8ehcCWGIZGwOJrab - 8994163760979262 - July 15, 2021, 3:16 pm
txn_1JCxjYJm8ehcCWGIaoqNOFRs - 8994163760795268 - July 15, 2021, 3:16 pm
txn_1JDDwrJm8ehcCWGIhyu1E1jb - 8994163761173263 - July 15, 2021, 3:16 pm
txn_1JD7N5Jm8ehcCWGIJrTYse4t - 8994163760975264 - July 15, 2021, 3:16 pm
txn_1JDGefJm8ehcCWGIPREulfya - 8994163760976261 - July 15, 2021, 3:16 pm
txn_1JDAomJm8ehcCWGInqTkUTzQ - 8994163761171269 - July 15, 2021, 3:16 pm
txn_1JCyp1Jm8ehcCWGI9m7kuD7J - 8994163761172266 - July 15, 2021, 3:16 pm
txn_1JDIuVJm8ehcCWGIpI0zirTk - 8994163761429261 - July 15, 2021, 3:16 pm
txn_1JDIbYJm8ehcCWGIshnZllkF - 8994163761252265 - July 15, 2021, 3:16 pm
txn_1JDFxpJm8ehcCWGIFTDQWllO - 8994163761425263 - July 15, 2021, 3:16 pm
txn_1JDBflJm8ehcCWGIgVpfdSyS - 8994163761248268 - July 15, 2021, 3:16 pm
