Influencer97 - 8994163093810584 - September 17, 2020, 3:41 pm
txn_1HS9wxJm8ehcCWGIlhZb8QMu - 8994163093561585 - September 17, 2020, 3:41 pm
txn_1HSBjcJm8ehcCWGIxWtvnlNd - 8994163093559582 - September 17, 2020, 3:41 pm
Influencer99 - 8994163093552583 - September 17, 2020, 3:41 pm
Influencer108 - 8994163093553580 - September 17, 2020, 3:41 pm
txn_1HSHkoJm8ehcCWGI87KaXRvz - 8994163093732589 - September 17, 2020, 3:41 pm
Influencer105 - 8994163093731582 - September 17, 2020, 3:41 pm
txn_1HSSAlJm8ehcCWGIh6Cw2fdv - 8994163093827582 - September 17, 2020, 3:41 pm
Influencer102 - 8994163093729589 - September 17, 2020, 3:41 pm
Influencer107 - 8994163093539584 - September 17, 2020, 3:41 pm
Influencer98 - 8994163093538587 - September 17, 2020, 3:41 pm
txn_1HSQ9lJm8ehcCWGIurdhmxsx - 8994163093720586 - September 17, 2020, 3:41 pm
Influencer104 - 8994163093537580 - September 17, 2020, 3:41 pm
Influencer110 - 8994163093821580 - September 17, 2020, 3:41 pm
Influencer101 - 8994163093819587 - September 17, 2020, 3:41 pm
Influencer106 - 8994163093809588 - September 17, 2020, 3:41 pm
txn_1HSRJsJm8ehcCWGIkNMk02aK - 8994163093708584 - September 17, 2020, 3:41 pm
Influencer109 - 8994163093811581 - September 17, 2020, 3:41 pm
Influencer103 - 8994163093532585 - September 17, 2020, 3:41 pm
Influencer100 - 8994163093533582 - September 17, 2020, 3:41 pm
Influencer97 - 8994163093810584 - September 17, 2020, 3:42 pm
txn_1HS9wxJm8ehcCWGIlhZb8QMu - 8994163093561585 - September 17, 2020, 3:42 pm
txn_1HSBjcJm8ehcCWGIxWtvnlNd - 8994163093559582 - September 17, 2020, 3:42 pm
Influencer99 - 8994163093552583 - September 17, 2020, 3:42 pm
Influencer108 - 8994163093553580 - September 17, 2020, 3:42 pm
txn_1HSHkoJm8ehcCWGI87KaXRvz - 8994163093732589 - September 17, 2020, 3:42 pm
Influencer105 - 8994163093731582 - September 17, 2020, 3:42 pm
txn_1HSSAlJm8ehcCWGIh6Cw2fdv - 8994163093827582 - September 17, 2020, 3:42 pm
Influencer102 - 8994163093729589 - September 17, 2020, 3:42 pm
Influencer107 - 8994163093539584 - September 17, 2020, 3:42 pm
Influencer98 - 8994163093538587 - September 17, 2020, 3:42 pm
txn_1HSQ9lJm8ehcCWGIurdhmxsx - 8994163093720586 - September 17, 2020, 3:42 pm
Influencer104 - 8994163093537580 - September 17, 2020, 3:42 pm
Influencer110 - 8994163093821580 - September 17, 2020, 3:42 pm
Influencer101 - 8994163093819587 - September 17, 2020, 3:42 pm
Influencer106 - 8994163093809588 - September 17, 2020, 3:42 pm
txn_1HSRJsJm8ehcCWGIkNMk02aK - 8994163093708584 - September 17, 2020, 3:42 pm
Influencer109 - 8994163093811581 - September 17, 2020, 3:42 pm
Influencer103 - 8994163093532585 - September 17, 2020, 3:42 pm
Influencer100 - 8994163093533582 - September 17, 2020, 3:42 pm
txn_1HS80bJm8ehcCWGIxyoP4Hhb - 8994163094416587 - September 17, 2020, 3:42 pm
txn_1HS9b6Jm8ehcCWGI1DAK3Nk9 - 8994163094403587 - September 17, 2020, 3:42 pm
