txn_1HkhGFJm8ehcCWGIyEKglLQ5 - 8994163597706710 - November 8, 2020, 11:13 pm
txn_1HlR9NJm8ehcCWGILJcbZPqn - 8994163597598711 - November 8, 2020, 11:13 pm
txn_1Hl3o1Jm8ehcCWGI0n8VQDeM - 8994163597705713 - November 8, 2020, 11:13 pm
txn_1HlHkIJm8ehcCWGIfUqT7faY - 8994163597836714 - November 8, 2020, 11:13 pm
txn_1HlODZJm8ehcCWGIZhDHx60M - 8994163597597714 - November 8, 2020, 11:13 pm
txn_1Hkyk7Jm8ehcCWGIapvgDchY - 8994163597704716 - November 8, 2020, 11:13 pm
txn_1HkhzrJm8ehcCWGIcfBx7cjr - 8994163597702712 - November 8, 2020, 11:13 pm
txn_1HkFDMJm8ehcCWGIdYSCPmsv - 8994163597703719 - November 8, 2020, 11:13 pm
txn_1HkhGFJm8ehcCWGIyEKglLQ5 - 8994163597706710 - November 8, 2020, 11:13 pm
txn_1Hl4NyJm8ehcCWGIRhADiYK2 - 8994163597835717 - November 8, 2020, 11:13 pm
txn_1HlR9NJm8ehcCWGILJcbZPqn - 8994163597598711 - November 8, 2020, 11:13 pm
txn_1HlKPhJm8ehcCWGIjnO4NenD - 8994163597699715 - November 8, 2020, 11:13 pm
txn_1Hl3o1Jm8ehcCWGI0n8VQDeM - 8994163597705713 - November 8, 2020, 11:13 pm
txn_1HlOgqJm8ehcCWGIqZd2eklx - 8994163597698718 - November 8, 2020, 11:13 pm
txn_1HlHkIJm8ehcCWGIfUqT7faY - 8994163597836714 - November 8, 2020, 11:13 pm
txn_1Hl1NzJm8ehcCWGIiW3lqwAz - 8994163597697711 - November 8, 2020, 11:13 pm
txn_1HlODZJm8ehcCWGIZhDHx60M - 8994163597597714 - November 8, 2020, 11:13 pm
txn_1HkIr3Jm8ehcCWGIG7cKO51y - 8994163597596717 - November 8, 2020, 11:13 pm
txn_1Hkyk7Jm8ehcCWGIapvgDchY - 8994163597704716 - November 8, 2020, 11:13 pm
txn_1HkkIiJm8ehcCWGIgz5hgOO2 - 8994163597834710 - November 8, 2020, 11:13 pm
txn_1HkhzrJm8ehcCWGIcfBx7cjr - 8994163597702712 - November 8, 2020, 11:13 pm
txn_1Hl6zDJm8ehcCWGInOJxYzca - 8994163597696714 - November 8, 2020, 11:13 pm
txn_1HkFDMJm8ehcCWGIdYSCPmsv - 8994163597703719 - November 8, 2020, 11:13 pm
txn_1HlL6rJm8ehcCWGIUQfa8mHH - 8994163597692716 - November 8, 2020, 11:13 pm
txn_1Hl4NyJm8ehcCWGIRhADiYK2 - 8994163597835717 - November 8, 2020, 11:13 pm
txn_1HlOrDJm8ehcCWGI1s5AGwXx - 8994163597830712 - November 8, 2020, 11:13 pm
txn_1HlKPhJm8ehcCWGIjnO4NenD - 8994163597699715 - November 8, 2020, 11:13 pm
txn_1Hl1RGJm8ehcCWGI205bBLEE - 8994163597693713 - November 8, 2020, 11:13 pm
txn_1HlOgqJm8ehcCWGIqZd2eklx - 8994163597698718 - November 8, 2020, 11:13 pm
txn_1HksWwJm8ehcCWGIczyLcsan - 8994163597594713 - November 8, 2020, 11:13 pm
txn_1Hl1NzJm8ehcCWGIiW3lqwAz - 8994163597697711 - November 8, 2020, 11:13 pm
txn_1Hl6zGJm8ehcCWGIh18pyWn2 - 8994163597691719 - November 8, 2020, 11:13 pm
txn_1HkIr3Jm8ehcCWGIG7cKO51y - 8994163597596717 - November 8, 2020, 11:13 pm
txn_1HkZxHJm8ehcCWGIEqSaUNOO - 8994163597690712 - November 8, 2020, 11:13 pm
txn_1HkkIiJm8ehcCWGIgz5hgOO2 - 8994163597834710 - November 8, 2020, 11:13 pm
txn_1Hl6zDJm8ehcCWGInOJxYzca - 8994163597696714 - November 8, 2020, 11:13 pm
txn_1HlL6rJm8ehcCWGIUQfa8mHH - 8994163597692716 - November 8, 2020, 11:13 pm
txn_1HlOrDJm8ehcCWGI1s5AGwXx - 8994163597830712 - November 8, 2020, 11:13 pm
txn_1Hl1RGJm8ehcCWGI205bBLEE - 8994163597693713 - November 8, 2020, 11:13 pm
txn_1HksWwJm8ehcCWGIczyLcsan - 8994163597594713 - November 8, 2020, 11:13 pm
txn_1Hl6zGJm8ehcCWGIh18pyWn2 - 8994163597691719 - November 8, 2020, 11:13 pm
txn_1HkZxHJm8ehcCWGIEqSaUNOO - 8994163597690712 - November 8, 2020, 11:13 pm
txn_1HkhGFJm8ehcCWGIyEKglLQ5 - 8994163597706710 - November 8, 2020, 11:13 pm
txn_1HlR9NJm8ehcCWGILJcbZPqn - 8994163597598711 - November 8, 2020, 11:13 pm
txn_1Hl3o1Jm8ehcCWGI0n8VQDeM - 8994163597705713 - November 8, 2020, 11:13 pm
txn_1HlHkIJm8ehcCWGIfUqT7faY - 8994163597836714 - November 8, 2020, 11:13 pm
txn_1HlODZJm8ehcCWGIZhDHx60M - 8994163597597714 - November 8, 2020, 11:13 pm
txn_1Hkyk7Jm8ehcCWGIapvgDchY - 8994163597704716 - November 8, 2020, 11:13 pm
txn_1HkhzrJm8ehcCWGIcfBx7cjr - 8994163597702712 - November 8, 2020, 11:13 pm
txn_1HkFDMJm8ehcCWGIdYSCPmsv - 8994163597703719 - November 8, 2020, 11:13 pm
txn_1Hl4NyJm8ehcCWGIRhADiYK2 - 8994163597835717 - November 8, 2020, 11:13 pm
txn_1HlKPhJm8ehcCWGIjnO4NenD - 8994163597699715 - November 8, 2020, 11:13 pm
txn_1HlOgqJm8ehcCWGIqZd2eklx - 8994163597698718 - November 8, 2020, 11:13 pm
txn_1Hl1NzJm8ehcCWGIiW3lqwAz - 8994163597697711 - November 8, 2020, 11:13 pm
txn_1HkIr3Jm8ehcCWGIG7cKO51y - 8994163597596717 - November 8, 2020, 11:13 pm
txn_1HkkIiJm8ehcCWGIgz5hgOO2 - 8994163597834710 - November 8, 2020, 11:13 pm
txn_1Hl6zDJm8ehcCWGInOJxYzca - 8994163597696714 - November 8, 2020, 11:13 pm
txn_1HlL6rJm8ehcCWGIUQfa8mHH - 8994163597692716 - November 8, 2020, 11:13 pm
txn_1HlOrDJm8ehcCWGI1s5AGwXx - 8994163597830712 - November 8, 2020, 11:13 pm
txn_1Hl1RGJm8ehcCWGI205bBLEE - 8994163597693713 - November 8, 2020, 11:13 pm
txn_1HksWwJm8ehcCWGIczyLcsan - 8994163597594713 - November 8, 2020, 11:13 pm
txn_1Hl6zGJm8ehcCWGIh18pyWn2 - 8994163597691719 - November 8, 2020, 11:13 pm
txn_1HkZxHJm8ehcCWGIEqSaUNOO - 8994163597690712 - November 8, 2020, 11:13 pm
txn_1HkhGFJm8ehcCWGIyEKglLQ5 - 8994163597706710 - November 8, 2020, 11:13 pm
txn_1HlR9NJm8ehcCWGILJcbZPqn - 8994163597598711 - November 8, 2020, 11:13 pm
txn_1Hl3o1Jm8ehcCWGI0n8VQDeM - 8994163597705713 - November 8, 2020, 11:13 pm
txn_1HlHkIJm8ehcCWGIfUqT7faY - 8994163597836714 - November 8, 2020, 11:13 pm
txn_1HlODZJm8ehcCWGIZhDHx60M - 8994163597597714 - November 8, 2020, 11:13 pm
txn_1Hkyk7Jm8ehcCWGIapvgDchY - 8994163597704716 - November 8, 2020, 11:13 pm
txn_1HkhzrJm8ehcCWGIcfBx7cjr - 8994163597702712 - November 8, 2020, 11:13 pm
txn_1HkFDMJm8ehcCWGIdYSCPmsv - 8994163597703719 - November 8, 2020, 11:13 pm
txn_1Hl4NyJm8ehcCWGIRhADiYK2 - 8994163597835717 - November 8, 2020, 11:13 pm
txn_1HlKPhJm8ehcCWGIjnO4NenD - 8994163597699715 - November 8, 2020, 11:13 pm
txn_1HlOgqJm8ehcCWGIqZd2eklx - 8994163597698718 - November 8, 2020, 11:13 pm
txn_1Hl1NzJm8ehcCWGIiW3lqwAz - 8994163597697711 - November 8, 2020, 11:13 pm
txn_1HkIr3Jm8ehcCWGIG7cKO51y - 8994163597596717 - November 8, 2020, 11:13 pm
txn_1HkkIiJm8ehcCWGIgz5hgOO2 - 8994163597834710 - November 8, 2020, 11:13 pm
txn_1Hl6zDJm8ehcCWGInOJxYzca - 8994163597696714 - November 8, 2020, 11:13 pm
txn_1HlL6rJm8ehcCWGIUQfa8mHH - 8994163597692716 - November 8, 2020, 11:13 pm
txn_1HlOrDJm8ehcCWGI1s5AGwXx - 8994163597830712 - November 8, 2020, 11:13 pm
txn_1Hl1RGJm8ehcCWGI205bBLEE - 8994163597693713 - November 8, 2020, 11:13 pm
txn_1HksWwJm8ehcCWGIczyLcsan - 8994163597594713 - November 8, 2020, 11:13 pm
txn_1Hl6zGJm8ehcCWGIh18pyWn2 - 8994163597691719 - November 8, 2020, 11:13 pm
txn_1HkZxHJm8ehcCWGIEqSaUNOO - 8994163597690712 - November 8, 2020, 11:13 pm
txn_1HkhGFJm8ehcCWGIyEKglLQ5 - 8994163597706710 - November 8, 2020, 11:14 pm
txn_1HlR9NJm8ehcCWGILJcbZPqn - 8994163597598711 - November 8, 2020, 11:14 pm
txn_1Hl3o1Jm8ehcCWGI0n8VQDeM - 8994163597705713 - November 8, 2020, 11:14 pm
txn_1HlHkIJm8ehcCWGIfUqT7faY - 8994163597836714 - November 8, 2020, 11:14 pm
txn_1HlODZJm8ehcCWGIZhDHx60M - 8994163597597714 - November 8, 2020, 11:14 pm
txn_1Hkyk7Jm8ehcCWGIapvgDchY - 8994163597704716 - November 8, 2020, 11:14 pm
txn_1HkhzrJm8ehcCWGIcfBx7cjr - 8994163597702712 - November 8, 2020, 11:14 pm
txn_1HkFDMJm8ehcCWGIdYSCPmsv - 8994163597703719 - November 8, 2020, 11:14 pm
txn_1Hl4NyJm8ehcCWGIRhADiYK2 - 8994163597835717 - November 8, 2020, 11:14 pm
txn_1HlKPhJm8ehcCWGIjnO4NenD - 8994163597699715 - November 8, 2020, 11:14 pm
txn_1HlOgqJm8ehcCWGIqZd2eklx - 8994163597698718 - November 8, 2020, 11:14 pm
txn_1Hl1NzJm8ehcCWGIiW3lqwAz - 8994163597697711 - November 8, 2020, 11:14 pm
txn_1HkIr3Jm8ehcCWGIG7cKO51y - 8994163597596717 - November 8, 2020, 11:14 pm
txn_1HkkIiJm8ehcCWGIgz5hgOO2 - 8994163597834710 - November 8, 2020, 11:14 pm
txn_1Hl6zDJm8ehcCWGInOJxYzca - 8994163597696714 - November 8, 2020, 11:14 pm
txn_1HlL6rJm8ehcCWGIUQfa8mHH - 8994163597692716 - November 8, 2020, 11:14 pm
txn_1HlOrDJm8ehcCWGI1s5AGwXx - 8994163597830712 - November 8, 2020, 11:14 pm
txn_1Hl1RGJm8ehcCWGI205bBLEE - 8994163597693713 - November 8, 2020, 11:14 pm
txn_1HksWwJm8ehcCWGIczyLcsan - 8994163597594713 - November 8, 2020, 11:14 pm
txn_1Hl6zGJm8ehcCWGIh18pyWn2 - 8994163597691719 - November 8, 2020, 11:14 pm
txn_1HkZxHJm8ehcCWGIEqSaUNOO - 8994163597690712 - November 8, 2020, 11:14 pm
txn_1HlFKJJm8ehcCWGImxGMNzE0 - 8994163597752717 - November 8, 2020, 11:14 pm
txn_1HkgG7Jm8ehcCWGIiblbwCLS - 8994163597751710 - November 8, 2020, 11:14 pm
txn_1HlM9TJm8ehcCWGITCGImxrL - 8994163597750713 - November 8, 2020, 11:14 pm
txn_1HkuPhJm8ehcCWGIy8AOJsLp - 8994163597749717 - November 8, 2020, 11:14 pm
txn_1HlMtaJm8ehcCWGI4Q0PKny5 - 8994163597748710 - November 8, 2020, 11:14 pm
txn_1Hkxd3Jm8ehcCWGIToJvGssh - 8994163597847710 - November 8, 2020, 11:14 pm
txn_1HkbM5Jm8ehcCWGI3oHbyV8m - 8994163597747713 - November 8, 2020, 11:14 pm
txn_1Hl3jgJm8ehcCWGIA20TzWmm - 8994163597746716 - November 8, 2020, 11:14 pm
txn_1HlPlaJm8ehcCWGIrSPfrqmu - 8994163597845716 - November 8, 2020, 11:14 pm
txn_1HkbUsJm8ehcCWGILqes4GVz - 8994163597745719 - November 8, 2020, 11:14 pm
txn_1HkhGFJm8ehcCWGIyEKglLQ5 - 8994163597706710 - November 8, 2020, 11:14 pm
txn_1HlR9NJm8ehcCWGILJcbZPqn - 8994163597598711 - November 8, 2020, 11:14 pm
txn_1Hl3o1Jm8ehcCWGI0n8VQDeM - 8994163597705713 - November 8, 2020, 11:14 pm
txn_1HlHkIJm8ehcCWGIfUqT7faY - 8994163597836714 - November 8, 2020, 11:14 pm
txn_1HlODZJm8ehcCWGIZhDHx60M - 8994163597597714 - November 8, 2020, 11:14 pm
txn_1Hkyk7Jm8ehcCWGIapvgDchY - 8994163597704716 - November 8, 2020, 11:14 pm
txn_1HkhzrJm8ehcCWGIcfBx7cjr - 8994163597702712 - November 8, 2020, 11:14 pm
txn_1HkFDMJm8ehcCWGIdYSCPmsv - 8994163597703719 - November 8, 2020, 11:14 pm
txn_1Hl4NyJm8ehcCWGIRhADiYK2 - 8994163597835717 - November 8, 2020, 11:14 pm
txn_1HlKPhJm8ehcCWGIjnO4NenD - 8994163597699715 - November 8, 2020, 11:14 pm
txn_1HlOgqJm8ehcCWGIqZd2eklx - 8994163597698718 - November 8, 2020, 11:14 pm
txn_1Hl1NzJm8ehcCWGIiW3lqwAz - 8994163597697711 - November 8, 2020, 11:14 pm
txn_1HkIr3Jm8ehcCWGIG7cKO51y - 8994163597596717 - November 8, 2020, 11:14 pm
txn_1HkkIiJm8ehcCWGIgz5hgOO2 - 8994163597834710 - November 8, 2020, 11:14 pm
txn_1Hl6zDJm8ehcCWGInOJxYzca - 8994163597696714 - November 8, 2020, 11:14 pm
txn_1HlL6rJm8ehcCWGIUQfa8mHH - 8994163597692716 - November 8, 2020, 11:14 pm
txn_1HlOrDJm8ehcCWGI1s5AGwXx - 8994163597830712 - November 8, 2020, 11:14 pm
txn_1Hl1RGJm8ehcCWGI205bBLEE - 8994163597693713 - November 8, 2020, 11:14 pm
txn_1HksWwJm8ehcCWGIczyLcsan - 8994163597594713 - November 8, 2020, 11:14 pm
txn_1Hl6zGJm8ehcCWGIh18pyWn2 - 8994163597691719 - November 8, 2020, 11:14 pm
txn_1HkZxHJm8ehcCWGIEqSaUNOO - 8994163597690712 - November 8, 2020, 11:14 pm
txn_1HlEsyJm8ehcCWGIl1wlYRYl - 8994163597851717 - November 8, 2020, 11:14 pm
txn_1HkfE1Jm8ehcCWGIzOtjjFTj - 8994163597755718 - November 8, 2020, 11:14 pm
txn_1HlFKJJm8ehcCWGImxGMNzE0 - 8994163597752717 - November 8, 2020, 11:14 pm
txn_1HkgG7Jm8ehcCWGIiblbwCLS - 8994163597751710 - November 8, 2020, 11:14 pm
txn_1HlM9TJm8ehcCWGITCGImxrL - 8994163597750713 - November 8, 2020, 11:14 pm
txn_1HkuPhJm8ehcCWGIy8AOJsLp - 8994163597749717 - November 8, 2020, 11:14 pm
txn_1HlMtaJm8ehcCWGI4Q0PKny5 - 8994163597748710 - November 8, 2020, 11:14 pm
txn_1Hkxd3Jm8ehcCWGIToJvGssh - 8994163597847710 - November 8, 2020, 11:14 pm
txn_1HkbM5Jm8ehcCWGI3oHbyV8m - 8994163597747713 - November 8, 2020, 11:14 pm
txn_1Hl3jgJm8ehcCWGIA20TzWmm - 8994163597746716 - November 8, 2020, 11:14 pm
txn_1HlPlaJm8ehcCWGIrSPfrqmu - 8994163597845716 - November 8, 2020, 11:14 pm
txn_1HkbUsJm8ehcCWGILqes4GVz - 8994163597745719 - November 8, 2020, 11:14 pm
