txn_TTtkqvIg2meV4oNeEDgstYcb4v9YY - 8994163492886296 - September 27, 2021, 4:04 pm
txn_Phv3Ntnw6SHmnDRRv9stmsaQVWHZY - 8994163492802296 - September 27, 2021, 4:04 pm
txn_xUqA5cjLxWX0f4EVAfDdhnIPgaAZY - 8994163493024291 - September 27, 2021, 4:04 pm
txn_DvB3LTsmCv5RebGlLEjfVf0unfVZY - 8994163493022297 - September 27, 2021, 4:04 pm
txn_x6lUhY13sBK9btTNty0NbGYtWKQZY - 8994163492797295 - September 27, 2021, 4:04 pm
txn_n1doRuUtDAXtUGBwNePPG1vjZtQZY - 8994163492883295 - September 27, 2021, 4:04 pm
txn_fDyWHB7GJDl5GwGYxfiDAPdNlJ9YY - 8994163493021290 - September 27, 2021, 4:04 pm
txn_j3jAu1J3uMGblLmnVphs09lInhLZY - 8994163493018290 - September 27, 2021, 4:04 pm
txn_PbKWDE758iaOu1YVuPvP82cb45AZY - 8994163492792290 - September 27, 2021, 4:04 pm
txn_FwPQ8nFFaOBcTI2zbTmn8hP5SY9YY - 8994163492880294 - September 27, 2021, 4:04 pm
txn_t85fsLGh5ZUYMbp44sdFDW9OvjJZY - 8994163493017293 - September 27, 2021, 4:04 pm
txn_Vcbp883UCgifbv1sQq8xHD7Lig7YY - 8994163492879298 - September 27, 2021, 4:04 pm
txn_zT9UIv9SFlbAg2IV4kp0SHIUnVNZY - 8994163492790296 - September 27, 2021, 4:04 pm
txn_dq8vaDazZBBTBi09wEZVgbvJZmRZY - 8994163493013295 - September 27, 2021, 4:04 pm
txn_pSrcLWLQmyMs0lYthIADMI4je3aZY - 8994163492876297 - September 27, 2021, 4:04 pm
txn_xiZEDTy80sipSjJzVbrU8aIYe18YY - 8994163492875290 - September 27, 2021, 4:04 pm
txn_fby0fqgBKbaxPvwxRIFIpjiKCsXZY - 8994163492787296 - September 27, 2021, 4:04 pm
txn_vLaG5HRmD5NKeAB1ux1TMXg7IvYZY - 8994163492874293 - September 27, 2021, 4:04 pm
txn_jFuOYdSwyX0vByHeagwmOdik3wDZY - 8994163492410293 - September 27, 2021, 4:04 pm
txn_ndl0CmSaShY0m2TWuFRBozk2xMBZY - 8994163492405299 - September 27, 2021, 4:04 pm
txn_98fqVAR9U4AHRca6Az5KV2T1oIAZY - 8994163492785292 - September 27, 2021, 4:04 pm
txn_BwMGklJfk3RFQttkHBAhkNsrabZZY - 8994163492404292 - September 27, 2021, 4:04 pm
txn_J657Ebqbli9DCJ90rM0XJzISI9fZY - 8994163492406296 - September 27, 2021, 4:04 pm
txn_b3Lv2oSu83qjMCOxQIm4nXlQtdRZY - 8994163492873296 - September 27, 2021, 4:04 pm
txn_lgFfiJWvwtOxcqGfPIuwENBUnyGZY - 8994163492784295 - September 27, 2021, 4:04 pm
txn_bf3RVov2vejwT5gWTina6m8tY2YZY - 8994163492398294 - September 27, 2021, 4:04 pm
txn_tyEdZKXNsRW3LZ3rbmZUxtkilg6YY - 8994163492898299 - September 27, 2021, 4:04 pm
txn_P7Wqglz7SY6vumDi6ZddNGg2E7FZY - 8994163492897292 - September 27, 2021, 4:04 pm
txn_dG4OYoqqu0zCrzuQbUFFTrhCuAbZY - 8994163493220297 - September 27, 2021, 4:04 pm
txn_BAibVEwZj3v2ZGFRf6ANcgyeNtRZY - 8994163493219291 - September 27, 2021, 4:04 pm
txn_7NQmxAEbx4Tr8wbwaJXcdXRyfqTZY - 8994163493034290 - September 27, 2021, 4:04 pm
txn_LbT84QeQR2bU5pfYY0vwrPiVaxVZY - 8994163493211295 - September 27, 2021, 4:04 pm
txn_Z0sYQBOSEKK7g1OSbD7QlhJW0cEZY - 8994163492808298 - September 27, 2021, 4:04 pm
txn_nV54OIHQ7UWyaaRWy8Lf1ThJq37YY - 8994163492807291 - September 27, 2021, 4:04 pm
txn_TTtkqvIg2meV4oNeEDgstYcb4v9YY - 8994163492886296 - September 27, 2021, 4:05 pm
txn_Phv3Ntnw6SHmnDRRv9stmsaQVWHZY - 8994163492802296 - September 27, 2021, 4:05 pm
txn_xUqA5cjLxWX0f4EVAfDdhnIPgaAZY - 8994163493024291 - September 27, 2021, 4:05 pm
txn_DvB3LTsmCv5RebGlLEjfVf0unfVZY - 8994163493022297 - September 27, 2021, 4:05 pm
txn_x6lUhY13sBK9btTNty0NbGYtWKQZY - 8994163492797295 - September 27, 2021, 4:05 pm
txn_n1doRuUtDAXtUGBwNePPG1vjZtQZY - 8994163492883295 - September 27, 2021, 4:05 pm
txn_fDyWHB7GJDl5GwGYxfiDAPdNlJ9YY - 8994163493021290 - September 27, 2021, 4:05 pm
txn_j3jAu1J3uMGblLmnVphs09lInhLZY - 8994163493018290 - September 27, 2021, 4:05 pm
txn_PbKWDE758iaOu1YVuPvP82cb45AZY - 8994163492792290 - September 27, 2021, 4:05 pm
txn_FwPQ8nFFaOBcTI2zbTmn8hP5SY9YY - 8994163492880294 - September 27, 2021, 4:05 pm
txn_t85fsLGh5ZUYMbp44sdFDW9OvjJZY - 8994163493017293 - September 27, 2021, 4:05 pm
txn_Vcbp883UCgifbv1sQq8xHD7Lig7YY - 8994163492879298 - September 27, 2021, 4:05 pm
txn_zT9UIv9SFlbAg2IV4kp0SHIUnVNZY - 8994163492790296 - September 27, 2021, 4:05 pm
txn_dq8vaDazZBBTBi09wEZVgbvJZmRZY - 8994163493013295 - September 27, 2021, 4:05 pm
txn_pSrcLWLQmyMs0lYthIADMI4je3aZY - 8994163492876297 - September 27, 2021, 4:05 pm
txn_xiZEDTy80sipSjJzVbrU8aIYe18YY - 8994163492875290 - September 27, 2021, 4:05 pm
txn_fby0fqgBKbaxPvwxRIFIpjiKCsXZY - 8994163492787296 - September 27, 2021, 4:05 pm
txn_vLaG5HRmD5NKeAB1ux1TMXg7IvYZY - 8994163492874293 - September 27, 2021, 4:05 pm
txn_jFuOYdSwyX0vByHeagwmOdik3wDZY - 8994163492410293 - September 27, 2021, 4:05 pm
txn_ndl0CmSaShY0m2TWuFRBozk2xMBZY - 8994163492405299 - September 27, 2021, 4:05 pm
txn_98fqVAR9U4AHRca6Az5KV2T1oIAZY - 8994163492785292 - September 27, 2021, 4:05 pm
txn_BwMGklJfk3RFQttkHBAhkNsrabZZY - 8994163492404292 - September 27, 2021, 4:05 pm
txn_J657Ebqbli9DCJ90rM0XJzISI9fZY - 8994163492406296 - September 27, 2021, 4:05 pm
txn_b3Lv2oSu83qjMCOxQIm4nXlQtdRZY - 8994163492873296 - September 27, 2021, 4:05 pm
txn_lgFfiJWvwtOxcqGfPIuwENBUnyGZY - 8994163492784295 - September 27, 2021, 4:05 pm
txn_bf3RVov2vejwT5gWTina6m8tY2YZY - 8994163492398294 - September 27, 2021, 4:05 pm
txn_das9Bk1WwxpOvsdWdivKaboANrUZY - 8994163493225292 - September 27, 2021, 4:05 pm
txn_ZKh5g2Sk1VzYKBP2pwIaIiy0t7HZY - 8994163493038298 - September 27, 2021, 4:05 pm
txn_D9QRONteT6uoHwtYNIx0EbtTupdZY - 8994163492902293 - September 27, 2021, 4:05 pm
txn_NABUXfY4qsCZuACYtB0IYGSipTZZY - 8994163493223298 - September 27, 2021, 4:05 pm
txn_tyEdZKXNsRW3LZ3rbmZUxtkilg6YY - 8994163492898299 - September 27, 2021, 4:05 pm
txn_P7Wqglz7SY6vumDi6ZddNGg2E7FZY - 8994163492897292 - September 27, 2021, 4:05 pm
txn_dG4OYoqqu0zCrzuQbUFFTrhCuAbZY - 8994163493220297 - September 27, 2021, 4:05 pm
txn_BAibVEwZj3v2ZGFRf6ANcgyeNtRZY - 8994163493219291 - September 27, 2021, 4:05 pm
txn_7NQmxAEbx4Tr8wbwaJXcdXRyfqTZY - 8994163493034290 - September 27, 2021, 4:05 pm
txn_LbT84QeQR2bU5pfYY0vwrPiVaxVZY - 8994163493211295 - September 27, 2021, 4:05 pm
txn_Z0sYQBOSEKK7g1OSbD7QlhJW0cEZY - 8994163492808298 - September 27, 2021, 4:05 pm
txn_nV54OIHQ7UWyaaRWy8Lf1ThJq37YY - 8994163492807291 - September 27, 2021, 4:05 pm
