txn_1HaUU6Jm8ehcCWGIXWEFEbOw - 8994163072801640 - October 12, 2020, 9:10 pm
txn_1HaVHaJm8ehcCWGIYGOQ5YoG - 8994163072754649 - October 12, 2020, 9:10 pm
txn_1HaWLDJm8ehcCWGI8sMfY32w - 8994163072597642 - October 12, 2020, 9:10 pm
txn_1HaZWJJm8ehcCWGImBy6L1dt - 8994163072141647 - October 12, 2020, 9:10 pm
txn_1HaxcmJm8ehcCWGISxUMBqzS - 8994163072596645 - October 12, 2020, 9:10 pm
txn_1HalBZJm8ehcCWGI8mFAgfEY - 8994163072595648 - October 12, 2020, 9:10 pm
txn_1HbCj8Jm8ehcCWGIQaZAGsbV - 8994163072140640 - October 12, 2020, 9:10 pm
txn_1HbSZoJm8ehcCWGIPTymPntK - 8994163072594641 - October 12, 2020, 9:10 pm
txn_1HacbBJm8ehcCWGIgp875S0Z - 8994163072139644 - October 12, 2020, 9:10 pm
txn_1HaY2mJm8ehcCWGI71lWXEo9 - 8994163072592647 - October 12, 2020, 9:10 pm
txn_1Hb7uDJm8ehcCWGIgFS4QI9F - 8994163072746644 - October 12, 2020, 9:10 pm
txn_1HbHFaJm8ehcCWGIBpP7cMTu - 8994163072745647 - October 12, 2020, 9:10 pm
txn_1HbWwoJm8ehcCWGIDwFrjB0f - 8994163072591640 - October 12, 2020, 9:10 pm
txn_1HapgUJm8ehcCWGIzlGq4S5W - 8994163072590643 - October 12, 2020, 9:10 pm
txn_1Hak2wJm8ehcCWGIYj6h23pf - 8994163072138647 - October 12, 2020, 9:10 pm
txn_1HaZUxJm8ehcCWGIlBQxJxYR - 8994163072587643 - October 12, 2020, 9:10 pm
txn_1HbALNJm8ehcCWGIyC2kMJjC - 8994163072586646 - October 12, 2020, 9:10 pm
txn_1HbatFJm8ehcCWGIcxcVy55U - 8994163072744640 - October 12, 2020, 9:10 pm
txn_1HbHsCJm8ehcCWGIoLKeDBll - 8994163072743643 - October 12, 2020, 9:10 pm
txn_1HawvWJm8ehcCWGIeZzGr0Av - 8994163072585649 - October 12, 2020, 9:10 pm
txn_1HaUU6Jm8ehcCWGIXWEFEbOw - 8994163072801640 - October 12, 2020, 9:10 pm
txn_1HaVHaJm8ehcCWGIYGOQ5YoG - 8994163072754649 - October 12, 2020, 9:10 pm
txn_1HaWLDJm8ehcCWGI8sMfY32w - 8994163072597642 - October 12, 2020, 9:10 pm
txn_1HaZWJJm8ehcCWGImBy6L1dt - 8994163072141647 - October 12, 2020, 9:10 pm
txn_1HaxcmJm8ehcCWGISxUMBqzS - 8994163072596645 - October 12, 2020, 9:10 pm
txn_1HalBZJm8ehcCWGI8mFAgfEY - 8994163072595648 - October 12, 2020, 9:10 pm
txn_1HbCj8Jm8ehcCWGIQaZAGsbV - 8994163072140640 - October 12, 2020, 9:10 pm
txn_1HbSZoJm8ehcCWGIPTymPntK - 8994163072594641 - October 12, 2020, 9:10 pm
txn_1HacbBJm8ehcCWGIgp875S0Z - 8994163072139644 - October 12, 2020, 9:10 pm
txn_1HaY2mJm8ehcCWGI71lWXEo9 - 8994163072592647 - October 12, 2020, 9:10 pm
txn_1Hb7uDJm8ehcCWGIgFS4QI9F - 8994163072746644 - October 12, 2020, 9:10 pm
txn_1HbHFaJm8ehcCWGIBpP7cMTu - 8994163072745647 - October 12, 2020, 9:10 pm
txn_1HbWwoJm8ehcCWGIDwFrjB0f - 8994163072591640 - October 12, 2020, 9:10 pm
txn_1HapgUJm8ehcCWGIzlGq4S5W - 8994163072590643 - October 12, 2020, 9:10 pm
txn_1Hak2wJm8ehcCWGIYj6h23pf - 8994163072138647 - October 12, 2020, 9:10 pm
txn_1HaZUxJm8ehcCWGIlBQxJxYR - 8994163072587643 - October 12, 2020, 9:10 pm
txn_1HbALNJm8ehcCWGIyC2kMJjC - 8994163072586646 - October 12, 2020, 9:10 pm
txn_1HbatFJm8ehcCWGIcxcVy55U - 8994163072744640 - October 12, 2020, 9:10 pm
txn_1HbHsCJm8ehcCWGIoLKeDBll - 8994163072743643 - October 12, 2020, 9:10 pm
txn_1HawvWJm8ehcCWGIeZzGr0Av - 8994163072585649 - October 12, 2020, 9:10 pm
txn_1HaUU6Jm8ehcCWGIXWEFEbOw - 8994163072801640 - October 12, 2020, 9:11 pm
txn_1HaVHaJm8ehcCWGIYGOQ5YoG - 8994163072754649 - October 12, 2020, 9:11 pm
txn_1HaWLDJm8ehcCWGI8sMfY32w - 8994163072597642 - October 12, 2020, 9:11 pm
txn_1HaZWJJm8ehcCWGImBy6L1dt - 8994163072141647 - October 12, 2020, 9:11 pm
txn_1HaxcmJm8ehcCWGISxUMBqzS - 8994163072596645 - October 12, 2020, 9:11 pm
txn_1HalBZJm8ehcCWGI8mFAgfEY - 8994163072595648 - October 12, 2020, 9:11 pm
txn_1HbCj8Jm8ehcCWGIQaZAGsbV - 8994163072140640 - October 12, 2020, 9:11 pm
txn_1HbSZoJm8ehcCWGIPTymPntK - 8994163072594641 - October 12, 2020, 9:11 pm
txn_1HacbBJm8ehcCWGIgp875S0Z - 8994163072139644 - October 12, 2020, 9:11 pm
txn_1HaY2mJm8ehcCWGI71lWXEo9 - 8994163072592647 - October 12, 2020, 9:11 pm
txn_1Hb7uDJm8ehcCWGIgFS4QI9F - 8994163072746644 - October 12, 2020, 9:11 pm
txn_1HbHFaJm8ehcCWGIBpP7cMTu - 8994163072745647 - October 12, 2020, 9:11 pm
txn_1HbWwoJm8ehcCWGIDwFrjB0f - 8994163072591640 - October 12, 2020, 9:11 pm
txn_1HapgUJm8ehcCWGIzlGq4S5W - 8994163072590643 - October 12, 2020, 9:11 pm
txn_1Hak2wJm8ehcCWGIYj6h23pf - 8994163072138647 - October 12, 2020, 9:11 pm
txn_1HaZUxJm8ehcCWGIlBQxJxYR - 8994163072587643 - October 12, 2020, 9:11 pm
txn_1HbALNJm8ehcCWGIyC2kMJjC - 8994163072586646 - October 12, 2020, 9:11 pm
txn_1HbatFJm8ehcCWGIcxcVy55U - 8994163072744640 - October 12, 2020, 9:11 pm
txn_1HbHsCJm8ehcCWGIoLKeDBll - 8994163072743643 - October 12, 2020, 9:11 pm
txn_1HawvWJm8ehcCWGIeZzGr0Av - 8994163072585649 - October 12, 2020, 9:11 pm
txn_1HaUU6Jm8ehcCWGIXWEFEbOw - 8994163072801640 - October 12, 2020, 9:11 pm
txn_1HaVHaJm8ehcCWGIYGOQ5YoG - 8994163072754649 - October 12, 2020, 9:11 pm
txn_1HaWLDJm8ehcCWGI8sMfY32w - 8994163072597642 - October 12, 2020, 9:11 pm
txn_1HaZWJJm8ehcCWGImBy6L1dt - 8994163072141647 - October 12, 2020, 9:11 pm
txn_1HaxcmJm8ehcCWGISxUMBqzS - 8994163072596645 - October 12, 2020, 9:11 pm
txn_1HalBZJm8ehcCWGI8mFAgfEY - 8994163072595648 - October 12, 2020, 9:11 pm
txn_1HbCj8Jm8ehcCWGIQaZAGsbV - 8994163072140640 - October 12, 2020, 9:11 pm
txn_1HbSZoJm8ehcCWGIPTymPntK - 8994163072594641 - October 12, 2020, 9:11 pm
txn_1HacbBJm8ehcCWGIgp875S0Z - 8994163072139644 - October 12, 2020, 9:11 pm
txn_1HaY2mJm8ehcCWGI71lWXEo9 - 8994163072592647 - October 12, 2020, 9:11 pm
txn_1Hb7uDJm8ehcCWGIgFS4QI9F - 8994163072746644 - October 12, 2020, 9:11 pm
txn_1HbHFaJm8ehcCWGIBpP7cMTu - 8994163072745647 - October 12, 2020, 9:11 pm
txn_1HbWwoJm8ehcCWGIDwFrjB0f - 8994163072591640 - October 12, 2020, 9:11 pm
txn_1HapgUJm8ehcCWGIzlGq4S5W - 8994163072590643 - October 12, 2020, 9:11 pm
txn_1Hak2wJm8ehcCWGIYj6h23pf - 8994163072138647 - October 12, 2020, 9:11 pm
txn_1HaZUxJm8ehcCWGIlBQxJxYR - 8994163072587643 - October 12, 2020, 9:11 pm
txn_1HbALNJm8ehcCWGIyC2kMJjC - 8994163072586646 - October 12, 2020, 9:11 pm
txn_1HbatFJm8ehcCWGIcxcVy55U - 8994163072744640 - October 12, 2020, 9:11 pm
txn_1HbHsCJm8ehcCWGIoLKeDBll - 8994163072743643 - October 12, 2020, 9:11 pm
txn_1HawvWJm8ehcCWGIeZzGr0Av - 8994163072585649 - October 12, 2020, 9:11 pm
txn_1HaUU6Jm8ehcCWGIXWEFEbOw - 8994163072801640 - October 12, 2020, 9:11 pm
txn_1HaVHaJm8ehcCWGIYGOQ5YoG - 8994163072754649 - October 12, 2020, 9:11 pm
txn_1HaWLDJm8ehcCWGI8sMfY32w - 8994163072597642 - October 12, 2020, 9:11 pm
txn_1HaZWJJm8ehcCWGImBy6L1dt - 8994163072141647 - October 12, 2020, 9:11 pm
txn_1HaxcmJm8ehcCWGISxUMBqzS - 8994163072596645 - October 12, 2020, 9:11 pm
txn_1HalBZJm8ehcCWGI8mFAgfEY - 8994163072595648 - October 12, 2020, 9:11 pm
txn_1HbCj8Jm8ehcCWGIQaZAGsbV - 8994163072140640 - October 12, 2020, 9:11 pm
txn_1HbSZoJm8ehcCWGIPTymPntK - 8994163072594641 - October 12, 2020, 9:11 pm
txn_1HacbBJm8ehcCWGIgp875S0Z - 8994163072139644 - October 12, 2020, 9:11 pm
txn_1HaY2mJm8ehcCWGI71lWXEo9 - 8994163072592647 - October 12, 2020, 9:11 pm
txn_1Hb7uDJm8ehcCWGIgFS4QI9F - 8994163072746644 - October 12, 2020, 9:11 pm
txn_1HbHFaJm8ehcCWGIBpP7cMTu - 8994163072745647 - October 12, 2020, 9:11 pm
txn_1HbWwoJm8ehcCWGIDwFrjB0f - 8994163072591640 - October 12, 2020, 9:11 pm
txn_1HapgUJm8ehcCWGIzlGq4S5W - 8994163072590643 - October 12, 2020, 9:11 pm
txn_1Hak2wJm8ehcCWGIYj6h23pf - 8994163072138647 - October 12, 2020, 9:11 pm
txn_1HaZUxJm8ehcCWGIlBQxJxYR - 8994163072587643 - October 12, 2020, 9:11 pm
txn_1HbALNJm8ehcCWGIyC2kMJjC - 8994163072586646 - October 12, 2020, 9:11 pm
txn_1HbatFJm8ehcCWGIcxcVy55U - 8994163072744640 - October 12, 2020, 9:11 pm
txn_1HbHsCJm8ehcCWGIoLKeDBll - 8994163072743643 - October 12, 2020, 9:11 pm
txn_1HawvWJm8ehcCWGIeZzGr0Av - 8994163072585649 - October 12, 2020, 9:11 pm
txn_1HaUU6Jm8ehcCWGIXWEFEbOw - 8994163072801640 - October 12, 2020, 9:11 pm
txn_1HaVHaJm8ehcCWGIYGOQ5YoG - 8994163072754649 - October 12, 2020, 9:11 pm
txn_1HaWLDJm8ehcCWGI8sMfY32w - 8994163072597642 - October 12, 2020, 9:11 pm
txn_1HaZWJJm8ehcCWGImBy6L1dt - 8994163072141647 - October 12, 2020, 9:11 pm
txn_1HaxcmJm8ehcCWGISxUMBqzS - 8994163072596645 - October 12, 2020, 9:11 pm
txn_1HalBZJm8ehcCWGI8mFAgfEY - 8994163072595648 - October 12, 2020, 9:11 pm
txn_1HbCj8Jm8ehcCWGIQaZAGsbV - 8994163072140640 - October 12, 2020, 9:11 pm
txn_1HbSZoJm8ehcCWGIPTymPntK - 8994163072594641 - October 12, 2020, 9:11 pm
txn_1HacbBJm8ehcCWGIgp875S0Z - 8994163072139644 - October 12, 2020, 9:11 pm
txn_1HaY2mJm8ehcCWGI71lWXEo9 - 8994163072592647 - October 12, 2020, 9:11 pm
txn_1Hb7uDJm8ehcCWGIgFS4QI9F - 8994163072746644 - October 12, 2020, 9:11 pm
txn_1HbHFaJm8ehcCWGIBpP7cMTu - 8994163072745647 - October 12, 2020, 9:11 pm
txn_1HbWwoJm8ehcCWGIDwFrjB0f - 8994163072591640 - October 12, 2020, 9:11 pm
txn_1HapgUJm8ehcCWGIzlGq4S5W - 8994163072590643 - October 12, 2020, 9:11 pm
txn_1Hak2wJm8ehcCWGIYj6h23pf - 8994163072138647 - October 12, 2020, 9:11 pm
txn_1HaZUxJm8ehcCWGIlBQxJxYR - 8994163072587643 - October 12, 2020, 9:11 pm
txn_1HbALNJm8ehcCWGIyC2kMJjC - 8994163072586646 - October 12, 2020, 9:11 pm
txn_1HbatFJm8ehcCWGIcxcVy55U - 8994163072744640 - October 12, 2020, 9:11 pm
txn_1HbHsCJm8ehcCWGIoLKeDBll - 8994163072743643 - October 12, 2020, 9:11 pm
txn_1HawvWJm8ehcCWGIeZzGr0Av - 8994163072585649 - October 12, 2020, 9:11 pm
txn_1HaUExJm8ehcCWGIFizSgD2O - 8994163072150649 - October 12, 2020, 9:11 pm
txn_1HaUU6Jm8ehcCWGIXWEFEbOw - 8994163072801640 - October 12, 2020, 9:11 pm
txn_1HaVHaJm8ehcCWGIYGOQ5YoG - 8994163072754649 - October 12, 2020, 9:11 pm
txn_1HaWLDJm8ehcCWGI8sMfY32w - 8994163072597642 - October 12, 2020, 9:11 pm
txn_1HaZWJJm8ehcCWGImBy6L1dt - 8994163072141647 - October 12, 2020, 9:11 pm
txn_1HaxcmJm8ehcCWGISxUMBqzS - 8994163072596645 - October 12, 2020, 9:11 pm
txn_1HalBZJm8ehcCWGI8mFAgfEY - 8994163072595648 - October 12, 2020, 9:11 pm
txn_1HbCj8Jm8ehcCWGIQaZAGsbV - 8994163072140640 - October 12, 2020, 9:11 pm
txn_1HbSZoJm8ehcCWGIPTymPntK - 8994163072594641 - October 12, 2020, 9:11 pm
txn_1HacbBJm8ehcCWGIgp875S0Z - 8994163072139644 - October 12, 2020, 9:11 pm
txn_1HaY2mJm8ehcCWGI71lWXEo9 - 8994163072592647 - October 12, 2020, 9:11 pm
txn_1Hb7uDJm8ehcCWGIgFS4QI9F - 8994163072746644 - October 12, 2020, 9:11 pm
txn_1HbHFaJm8ehcCWGIBpP7cMTu - 8994163072745647 - October 12, 2020, 9:11 pm
txn_1HbWwoJm8ehcCWGIDwFrjB0f - 8994163072591640 - October 12, 2020, 9:11 pm
txn_1HapgUJm8ehcCWGIzlGq4S5W - 8994163072590643 - October 12, 2020, 9:11 pm
txn_1Hak2wJm8ehcCWGIYj6h23pf - 8994163072138647 - October 12, 2020, 9:11 pm
txn_1HaZUxJm8ehcCWGIlBQxJxYR - 8994163072587643 - October 12, 2020, 9:11 pm
txn_1HbALNJm8ehcCWGIyC2kMJjC - 8994163072586646 - October 12, 2020, 9:11 pm
txn_1HbatFJm8ehcCWGIcxcVy55U - 8994163072744640 - October 12, 2020, 9:11 pm
txn_1HbHsCJm8ehcCWGIoLKeDBll - 8994163072743643 - October 12, 2020, 9:11 pm
txn_1HawvWJm8ehcCWGIeZzGr0Av - 8994163072585649 - October 12, 2020, 9:11 pm
txn_1HaUExJm8ehcCWGIFizSgD2O - 8994163072150649 - October 12, 2020, 9:11 pm
txn_1HaUU6Jm8ehcCWGIXWEFEbOw - 8994163072801640 - October 12, 2020, 9:12 pm
txn_1HaVHaJm8ehcCWGIYGOQ5YoG - 8994163072754649 - October 12, 2020, 9:12 pm
txn_1HaWLDJm8ehcCWGI8sMfY32w - 8994163072597642 - October 12, 2020, 9:12 pm
txn_1HaZWJJm8ehcCWGImBy6L1dt - 8994163072141647 - October 12, 2020, 9:12 pm
txn_1HaxcmJm8ehcCWGISxUMBqzS - 8994163072596645 - October 12, 2020, 9:12 pm
txn_1HalBZJm8ehcCWGI8mFAgfEY - 8994163072595648 - October 12, 2020, 9:12 pm
txn_1HbCj8Jm8ehcCWGIQaZAGsbV - 8994163072140640 - October 12, 2020, 9:12 pm
txn_1HbSZoJm8ehcCWGIPTymPntK - 8994163072594641 - October 12, 2020, 9:12 pm
txn_1HacbBJm8ehcCWGIgp875S0Z - 8994163072139644 - October 12, 2020, 9:12 pm
txn_1HaY2mJm8ehcCWGI71lWXEo9 - 8994163072592647 - October 12, 2020, 9:12 pm
txn_1Hb7uDJm8ehcCWGIgFS4QI9F - 8994163072746644 - October 12, 2020, 9:12 pm
txn_1HbHFaJm8ehcCWGIBpP7cMTu - 8994163072745647 - October 12, 2020, 9:12 pm
txn_1HbWwoJm8ehcCWGIDwFrjB0f - 8994163072591640 - October 12, 2020, 9:12 pm
txn_1HapgUJm8ehcCWGIzlGq4S5W - 8994163072590643 - October 12, 2020, 9:12 pm
txn_1Hak2wJm8ehcCWGIYj6h23pf - 8994163072138647 - October 12, 2020, 9:12 pm
txn_1HaZUxJm8ehcCWGIlBQxJxYR - 8994163072587643 - October 12, 2020, 9:12 pm
txn_1HbALNJm8ehcCWGIyC2kMJjC - 8994163072586646 - October 12, 2020, 9:12 pm
txn_1HbatFJm8ehcCWGIcxcVy55U - 8994163072744640 - October 12, 2020, 9:12 pm
txn_1HbHsCJm8ehcCWGIoLKeDBll - 8994163072743643 - October 12, 2020, 9:12 pm
txn_1HawvWJm8ehcCWGIeZzGr0Av - 8994163072585649 - October 12, 2020, 9:12 pm
txn_1HaUExJm8ehcCWGIFizSgD2O - 8994163072150649 - October 12, 2020, 9:12 pm
