2021Influencer313 - 8994163165025205 - February 10, 2021, 1:17 pm
2021Influencer306 - 8994163165220204 - February 10, 2021, 1:17 pm
txn_1IJ6klJm8ehcCWGIcyd0x0xA - 8994163165219208 - February 10, 2021, 1:17 pm
txn_1IJ3Z6Jm8ehcCWGIY0GzjOXL - 8994163165218201 - February 10, 2021, 1:17 pm
2021Influencer312 - 8994163165209209 - February 10, 2021, 1:17 pm
txn_1IJ1F1Jm8ehcCWGIRGfJeWR3 - 8994163165206208 - February 10, 2021, 1:17 pm
2021Influencer305 - 8994163165208202 - February 10, 2021, 1:17 pm
txn_1IJM6eJm8ehcCWGInF70i308 - 8994163165210205 - February 10, 2021, 1:17 pm
txn_1IJ3e4Jm8ehcCWGIYcOxLWJf - 8994163165205201 - February 10, 2021, 1:17 pm
txn_1IJ76tJm8ehcCWGIzdFLZ92S - 8994163165207205 - February 10, 2021, 1:17 pm
2021Influencer311 - 8994163165203207 - February 10, 2021, 1:17 pm
2021Influencer318 - 8994163165202200 - February 10, 2021, 1:17 pm
2021Influencer304 - 8994163164883202 - February 10, 2021, 1:17 pm
txn_1IJ7OmJm8ehcCWGIls81mJJ3 - 8994163165201203 - February 10, 2021, 1:17 pm
txn_1IJ4X2Jm8ehcCWGIBszB8aPA - 8994163165200206 - February 10, 2021, 1:17 pm
txn_1IJ1UuJm8ehcCWGI8yo0SlU3 - 8994163165204204 - February 10, 2021, 1:17 pm
2021Influencer303 - 8994163165023201 - February 10, 2021, 1:17 pm
2021Influencer310 - 8994163164882205 - February 10, 2021, 1:17 pm
txn_1IJ1mdJm8ehcCWGIFXTSOoC4 - 8994163164793204 - February 10, 2021, 1:17 pm
txn_1IJ9gwJm8ehcCWGI632YkWQL - 8994163165022204 - February 10, 2021, 1:17 pm
2021Influencer317 - 8994163164794201 - February 10, 2021, 1:17 pm
txn_1IJ5e1Jm8ehcCWGIwjVouLol - 8994163164792207 - February 10, 2021, 1:17 pm
2021Influencer313 - 8994163165025205 - February 10, 2021, 1:18 pm
2021Influencer306 - 8994163165220204 - February 10, 2021, 1:18 pm
txn_1IJ6klJm8ehcCWGIcyd0x0xA - 8994163165219208 - February 10, 2021, 1:18 pm
txn_1IJ3Z6Jm8ehcCWGIY0GzjOXL - 8994163165218201 - February 10, 2021, 1:18 pm
2021Influencer312 - 8994163165209209 - February 10, 2021, 1:18 pm
txn_1IJ1F1Jm8ehcCWGIRGfJeWR3 - 8994163165206208 - February 10, 2021, 1:18 pm
2021Influencer305 - 8994163165208202 - February 10, 2021, 1:18 pm
txn_1IJM6eJm8ehcCWGInF70i308 - 8994163165210205 - February 10, 2021, 1:18 pm
txn_1IJ3e4Jm8ehcCWGIYcOxLWJf - 8994163165205201 - February 10, 2021, 1:18 pm
txn_1IJ76tJm8ehcCWGIzdFLZ92S - 8994163165207205 - February 10, 2021, 1:18 pm
2021Influencer311 - 8994163165203207 - February 10, 2021, 1:18 pm
2021Influencer318 - 8994163165202200 - February 10, 2021, 1:18 pm
2021Influencer304 - 8994163164883202 - February 10, 2021, 1:18 pm
txn_1IJ7OmJm8ehcCWGIls81mJJ3 - 8994163165201203 - February 10, 2021, 1:18 pm
txn_1IJ4X2Jm8ehcCWGIBszB8aPA - 8994163165200206 - February 10, 2021, 1:18 pm
txn_1IJ1UuJm8ehcCWGI8yo0SlU3 - 8994163165204204 - February 10, 2021, 1:18 pm
2021Influencer303 - 8994163165023201 - February 10, 2021, 1:18 pm
2021Influencer310 - 8994163164882205 - February 10, 2021, 1:18 pm
txn_1IJ1mdJm8ehcCWGIFXTSOoC4 - 8994163164793204 - February 10, 2021, 1:18 pm
txn_1IJ9gwJm8ehcCWGI632YkWQL - 8994163165022204 - February 10, 2021, 1:18 pm
2021Influencer317 - 8994163164794201 - February 10, 2021, 1:18 pm
txn_1IJ5e1Jm8ehcCWGIwjVouLol - 8994163164792207 - February 10, 2021, 1:18 pm
2021Influencer313 - 8994163165025205 - February 10, 2021, 1:18 pm
2021Influencer306 - 8994163165220204 - February 10, 2021, 1:18 pm
txn_1IJ6klJm8ehcCWGIcyd0x0xA - 8994163165219208 - February 10, 2021, 1:18 pm
txn_1IJ3Z6Jm8ehcCWGIY0GzjOXL - 8994163165218201 - February 10, 2021, 1:18 pm
2021Influencer312 - 8994163165209209 - February 10, 2021, 1:18 pm
txn_1IJ1F1Jm8ehcCWGIRGfJeWR3 - 8994163165206208 - February 10, 2021, 1:18 pm
2021Influencer305 - 8994163165208202 - February 10, 2021, 1:18 pm
txn_1IJM6eJm8ehcCWGInF70i308 - 8994163165210205 - February 10, 2021, 1:18 pm
txn_1IJ3e4Jm8ehcCWGIYcOxLWJf - 8994163165205201 - February 10, 2021, 1:18 pm
txn_1IJ76tJm8ehcCWGIzdFLZ92S - 8994163165207205 - February 10, 2021, 1:18 pm
2021Influencer311 - 8994163165203207 - February 10, 2021, 1:18 pm
2021Influencer318 - 8994163165202200 - February 10, 2021, 1:18 pm
2021Influencer304 - 8994163164883202 - February 10, 2021, 1:18 pm
txn_1IJ7OmJm8ehcCWGIls81mJJ3 - 8994163165201203 - February 10, 2021, 1:18 pm
txn_1IJ4X2Jm8ehcCWGIBszB8aPA - 8994163165200206 - February 10, 2021, 1:18 pm
txn_1IJ1UuJm8ehcCWGI8yo0SlU3 - 8994163165204204 - February 10, 2021, 1:18 pm
2021Influencer303 - 8994163165023201 - February 10, 2021, 1:18 pm
2021Influencer310 - 8994163164882205 - February 10, 2021, 1:18 pm
txn_1IJ1mdJm8ehcCWGIFXTSOoC4 - 8994163164793204 - February 10, 2021, 1:18 pm
txn_1IJ9gwJm8ehcCWGI632YkWQL - 8994163165022204 - February 10, 2021, 1:18 pm
2021Influencer317 - 8994163164794201 - February 10, 2021, 1:18 pm
txn_1IJ5e1Jm8ehcCWGIwjVouLol - 8994163164792207 - February 10, 2021, 1:18 pm
2021Influencer313 - 8994163165025205 - February 10, 2021, 1:18 pm
2021Influencer306 - 8994163165220204 - February 10, 2021, 1:18 pm
txn_1IJ6klJm8ehcCWGIcyd0x0xA - 8994163165219208 - February 10, 2021, 1:18 pm
txn_1IJ3Z6Jm8ehcCWGIY0GzjOXL - 8994163165218201 - February 10, 2021, 1:18 pm
2021Influencer312 - 8994163165209209 - February 10, 2021, 1:18 pm
txn_1IJ1F1Jm8ehcCWGIRGfJeWR3 - 8994163165206208 - February 10, 2021, 1:18 pm
2021Influencer305 - 8994163165208202 - February 10, 2021, 1:18 pm
txn_1IJM6eJm8ehcCWGInF70i308 - 8994163165210205 - February 10, 2021, 1:18 pm
txn_1IJ3e4Jm8ehcCWGIYcOxLWJf - 8994163165205201 - February 10, 2021, 1:18 pm
txn_1IJ76tJm8ehcCWGIzdFLZ92S - 8994163165207205 - February 10, 2021, 1:18 pm
2021Influencer311 - 8994163165203207 - February 10, 2021, 1:18 pm
2021Influencer318 - 8994163165202200 - February 10, 2021, 1:18 pm
2021Influencer304 - 8994163164883202 - February 10, 2021, 1:18 pm
txn_1IJ7OmJm8ehcCWGIls81mJJ3 - 8994163165201203 - February 10, 2021, 1:18 pm
txn_1IJ4X2Jm8ehcCWGIBszB8aPA - 8994163165200206 - February 10, 2021, 1:18 pm
txn_1IJ1UuJm8ehcCWGI8yo0SlU3 - 8994163165204204 - February 10, 2021, 1:18 pm
2021Influencer303 - 8994163165023201 - February 10, 2021, 1:18 pm
2021Influencer310 - 8994163164882205 - February 10, 2021, 1:18 pm
txn_1IJ1mdJm8ehcCWGIFXTSOoC4 - 8994163164793204 - February 10, 2021, 1:18 pm
txn_1IJ9gwJm8ehcCWGI632YkWQL - 8994163165022204 - February 10, 2021, 1:18 pm
2021Influencer317 - 8994163164794201 - February 10, 2021, 1:18 pm
txn_1IJ5e1Jm8ehcCWGIwjVouLol - 8994163164792207 - February 10, 2021, 1:18 pm
txn_1IJLD9Jm8ehcCWGIX77QERbt - 8994163165293208 - February 10, 2021, 1:18 pm
txn_1IJ0M2Jm8ehcCWGIuu1q3Yxn - 8994163165292201 - February 10, 2021, 1:18 pm
2021Influencer313 - 8994163165025205 - February 10, 2021, 1:19 pm
2021Influencer306 - 8994163165220204 - February 10, 2021, 1:19 pm
txn_1IJ6klJm8ehcCWGIcyd0x0xA - 8994163165219208 - February 10, 2021, 1:19 pm
txn_1IJ3Z6Jm8ehcCWGIY0GzjOXL - 8994163165218201 - February 10, 2021, 1:19 pm
2021Influencer312 - 8994163165209209 - February 10, 2021, 1:19 pm
txn_1IJ1F1Jm8ehcCWGIRGfJeWR3 - 8994163165206208 - February 10, 2021, 1:19 pm
2021Influencer305 - 8994163165208202 - February 10, 2021, 1:19 pm
txn_1IJM6eJm8ehcCWGInF70i308 - 8994163165210205 - February 10, 2021, 1:19 pm
txn_1IJ3e4Jm8ehcCWGIYcOxLWJf - 8994163165205201 - February 10, 2021, 1:19 pm
txn_1IJ76tJm8ehcCWGIzdFLZ92S - 8994163165207205 - February 10, 2021, 1:19 pm
2021Influencer311 - 8994163165203207 - February 10, 2021, 1:19 pm
2021Influencer318 - 8994163165202200 - February 10, 2021, 1:19 pm
2021Influencer304 - 8994163164883202 - February 10, 2021, 1:19 pm
txn_1IJ7OmJm8ehcCWGIls81mJJ3 - 8994163165201203 - February 10, 2021, 1:19 pm
txn_1IJ4X2Jm8ehcCWGIBszB8aPA - 8994163165200206 - February 10, 2021, 1:19 pm
txn_1IJ1UuJm8ehcCWGI8yo0SlU3 - 8994163165204204 - February 10, 2021, 1:19 pm
2021Influencer303 - 8994163165023201 - February 10, 2021, 1:19 pm
2021Influencer310 - 8994163164882205 - February 10, 2021, 1:19 pm
txn_1IJ1mdJm8ehcCWGIFXTSOoC4 - 8994163164793204 - February 10, 2021, 1:19 pm
txn_1IJ9gwJm8ehcCWGI632YkWQL - 8994163165022204 - February 10, 2021, 1:19 pm
2021Influencer317 - 8994163164794201 - February 10, 2021, 1:19 pm
txn_1IJ5e1Jm8ehcCWGIwjVouLol - 8994163164792207 - February 10, 2021, 1:19 pm
txn_1IJLD9Jm8ehcCWGIX77QERbt - 8994163165293208 - February 10, 2021, 1:19 pm
txn_1IJ0M2Jm8ehcCWGIuu1q3Yxn - 8994163165292201 - February 10, 2021, 1:19 pm
txn_1IJ0LXJm8ehcCWGIoB9F1BPg - 8994163164921201 - February 10, 2021, 1:19 pm
2021Influencer316 - 8994163165320201 - February 10, 2021, 1:19 pm
txn_1IJ3R7Jm8ehcCWGIS0Y4wMgN - 8994163164920204 - February 10, 2021, 1:19 pm
txn_1IJ5fZJm8ehcCWGIOUN9nxse - 8994163165319205 - February 10, 2021, 1:19 pm
2021Influencer315 - 8994163164918201 - February 10, 2021, 1:19 pm
txn_1IJ0TNJm8ehcCWGI5PxyMQsA - 8994163165080204 - February 10, 2021, 1:19 pm
txn_1IJ5kxJm8ehcCWGIlMYKrU3x - 8994163165077204 - February 10, 2021, 1:19 pm
2021Influencer314 - 8994163165314200 - February 10, 2021, 1:19 pm
txn_1IJ0VkJm8ehcCWGIHDuzFZhH - 8994163164914203 - February 10, 2021, 1:19 pm
txn_1IJ0YAJm8ehcCWGIlYGfFdjb - 8994163164913206 - February 10, 2021, 1:19 pm
2021Influencer309 - 8994163165310202 - February 10, 2021, 1:19 pm
txn_1IJ5yhJm8ehcCWGIpF9shm5k - 8994163165309206 - February 10, 2021, 1:19 pm
2021Influencer308 - 8994163165075200 - February 10, 2021, 1:19 pm
txn_1IJ1AEJm8ehcCWGIr2z4honE - 8994163165306205 - February 10, 2021, 1:19 pm
txn_1IJ9vJJm8ehcCWGI4U6RKeDx - 8994163164911202 - February 10, 2021, 1:19 pm
txn_1IJMvBJm8ehcCWGIUh00m7QH - 8994163165300203 - February 10, 2021, 1:19 pm
2021Influencer307 - 8994163165303204 - February 10, 2021, 1:19 pm
txn_1IJBJVJm8ehcCWGIkEKl2Q4J - 8994163165301200 - February 10, 2021, 1:19 pm
txn_1IJ2WbJm8ehcCWGIXTQEtFGt - 8994163165302207 - February 10, 2021, 1:19 pm
2021Influencer313 - 8994163165025205 - February 10, 2021, 1:19 pm
2021Influencer306 - 8994163165220204 - February 10, 2021, 1:19 pm
txn_1IJ6klJm8ehcCWGIcyd0x0xA - 8994163165219208 - February 10, 2021, 1:19 pm
txn_1IJ3Z6Jm8ehcCWGIY0GzjOXL - 8994163165218201 - February 10, 2021, 1:19 pm
2021Influencer312 - 8994163165209209 - February 10, 2021, 1:19 pm
txn_1IJ1F1Jm8ehcCWGIRGfJeWR3 - 8994163165206208 - February 10, 2021, 1:19 pm
2021Influencer305 - 8994163165208202 - February 10, 2021, 1:19 pm
txn_1IJM6eJm8ehcCWGInF70i308 - 8994163165210205 - February 10, 2021, 1:19 pm
txn_1IJ3e4Jm8ehcCWGIYcOxLWJf - 8994163165205201 - February 10, 2021, 1:19 pm
txn_1IJ76tJm8ehcCWGIzdFLZ92S - 8994163165207205 - February 10, 2021, 1:19 pm
2021Influencer311 - 8994163165203207 - February 10, 2021, 1:19 pm
2021Influencer318 - 8994163165202200 - February 10, 2021, 1:19 pm
2021Influencer304 - 8994163164883202 - February 10, 2021, 1:19 pm
txn_1IJ7OmJm8ehcCWGIls81mJJ3 - 8994163165201203 - February 10, 2021, 1:19 pm
txn_1IJ4X2Jm8ehcCWGIBszB8aPA - 8994163165200206 - February 10, 2021, 1:19 pm
txn_1IJ1UuJm8ehcCWGI8yo0SlU3 - 8994163165204204 - February 10, 2021, 1:19 pm
2021Influencer303 - 8994163165023201 - February 10, 2021, 1:19 pm
2021Influencer310 - 8994163164882205 - February 10, 2021, 1:19 pm
txn_1IJ1mdJm8ehcCWGIFXTSOoC4 - 8994163164793204 - February 10, 2021, 1:19 pm
txn_1IJ9gwJm8ehcCWGI632YkWQL - 8994163165022204 - February 10, 2021, 1:19 pm
2021Influencer317 - 8994163164794201 - February 10, 2021, 1:19 pm
txn_1IJ5e1Jm8ehcCWGIwjVouLol - 8994163164792207 - February 10, 2021, 1:19 pm
txn_1IJLD9Jm8ehcCWGIX77QERbt - 8994163165293208 - February 10, 2021, 1:19 pm
txn_1IJ0M2Jm8ehcCWGIuu1q3Yxn - 8994163165292201 - February 10, 2021, 1:19 pm
txn_1IJ0LXJm8ehcCWGIoB9F1BPg - 8994163164921201 - February 10, 2021, 1:19 pm
2021Influencer316 - 8994163165320201 - February 10, 2021, 1:19 pm
txn_1IJ3R7Jm8ehcCWGIS0Y4wMgN - 8994163164920204 - February 10, 2021, 1:19 pm
txn_1IJ5fZJm8ehcCWGIOUN9nxse - 8994163165319205 - February 10, 2021, 1:19 pm
2021Influencer315 - 8994163164918201 - February 10, 2021, 1:19 pm
txn_1IJ0TNJm8ehcCWGI5PxyMQsA - 8994163165080204 - February 10, 2021, 1:19 pm
txn_1IJ5kxJm8ehcCWGIlMYKrU3x - 8994163165077204 - February 10, 2021, 1:19 pm
2021Influencer314 - 8994163165314200 - February 10, 2021, 1:19 pm
txn_1IJ0VkJm8ehcCWGIHDuzFZhH - 8994163164914203 - February 10, 2021, 1:19 pm
txn_1IJ0YAJm8ehcCWGIlYGfFdjb - 8994163164913206 - February 10, 2021, 1:19 pm
2021Influencer309 - 8994163165310202 - February 10, 2021, 1:19 pm
txn_1IJ5yhJm8ehcCWGIpF9shm5k - 8994163165309206 - February 10, 2021, 1:19 pm
2021Influencer308 - 8994163165075200 - February 10, 2021, 1:19 pm
txn_1IJ1AEJm8ehcCWGIr2z4honE - 8994163165306205 - February 10, 2021, 1:19 pm
txn_1IJ9vJJm8ehcCWGI4U6RKeDx - 8994163164911202 - February 10, 2021, 1:19 pm
txn_1IJMvBJm8ehcCWGIUh00m7QH - 8994163165300203 - February 10, 2021, 1:19 pm
2021Influencer307 - 8994163165303204 - February 10, 2021, 1:19 pm
txn_1IJBJVJm8ehcCWGIkEKl2Q4J - 8994163165301200 - February 10, 2021, 1:19 pm
txn_1IJ2WbJm8ehcCWGIXTQEtFGt - 8994163165302207 - February 10, 2021, 1:19 pm
2021Influencer313 - 8994163165025205 - February 10, 2021, 1:19 pm
2021Influencer306 - 8994163165220204 - February 10, 2021, 1:19 pm
txn_1IJ6klJm8ehcCWGIcyd0x0xA - 8994163165219208 - February 10, 2021, 1:19 pm
txn_1IJ3Z6Jm8ehcCWGIY0GzjOXL - 8994163165218201 - February 10, 2021, 1:19 pm
2021Influencer312 - 8994163165209209 - February 10, 2021, 1:19 pm
txn_1IJ1F1Jm8ehcCWGIRGfJeWR3 - 8994163165206208 - February 10, 2021, 1:19 pm
2021Influencer305 - 8994163165208202 - February 10, 2021, 1:19 pm
txn_1IJM6eJm8ehcCWGInF70i308 - 8994163165210205 - February 10, 2021, 1:19 pm
txn_1IJ3e4Jm8ehcCWGIYcOxLWJf - 8994163165205201 - February 10, 2021, 1:19 pm
txn_1IJ76tJm8ehcCWGIzdFLZ92S - 8994163165207205 - February 10, 2021, 1:19 pm
2021Influencer311 - 8994163165203207 - February 10, 2021, 1:19 pm
2021Influencer318 - 8994163165202200 - February 10, 2021, 1:19 pm
2021Influencer304 - 8994163164883202 - February 10, 2021, 1:19 pm
txn_1IJ7OmJm8ehcCWGIls81mJJ3 - 8994163165201203 - February 10, 2021, 1:19 pm
txn_1IJ4X2Jm8ehcCWGIBszB8aPA - 8994163165200206 - February 10, 2021, 1:19 pm
txn_1IJ1UuJm8ehcCWGI8yo0SlU3 - 8994163165204204 - February 10, 2021, 1:19 pm
2021Influencer303 - 8994163165023201 - February 10, 2021, 1:19 pm
2021Influencer310 - 8994163164882205 - February 10, 2021, 1:19 pm
txn_1IJ1mdJm8ehcCWGIFXTSOoC4 - 8994163164793204 - February 10, 2021, 1:19 pm
txn_1IJ9gwJm8ehcCWGI632YkWQL - 8994163165022204 - February 10, 2021, 1:19 pm
2021Influencer317 - 8994163164794201 - February 10, 2021, 1:19 pm
txn_1IJ5e1Jm8ehcCWGIwjVouLol - 8994163164792207 - February 10, 2021, 1:19 pm
txn_1IJLD9Jm8ehcCWGIX77QERbt - 8994163165293208 - February 10, 2021, 1:19 pm
txn_1IJ0M2Jm8ehcCWGIuu1q3Yxn - 8994163165292201 - February 10, 2021, 1:19 pm
txn_1IJ0LXJm8ehcCWGIoB9F1BPg - 8994163164921201 - February 10, 2021, 1:19 pm
2021Influencer316 - 8994163165320201 - February 10, 2021, 1:19 pm
txn_1IJ3R7Jm8ehcCWGIS0Y4wMgN - 8994163164920204 - February 10, 2021, 1:19 pm
txn_1IJ5fZJm8ehcCWGIOUN9nxse - 8994163165319205 - February 10, 2021, 1:19 pm
2021Influencer315 - 8994163164918201 - February 10, 2021, 1:19 pm
txn_1IJ0TNJm8ehcCWGI5PxyMQsA - 8994163165080204 - February 10, 2021, 1:19 pm
txn_1IJ5kxJm8ehcCWGIlMYKrU3x - 8994163165077204 - February 10, 2021, 1:19 pm
2021Influencer314 - 8994163165314200 - February 10, 2021, 1:19 pm
txn_1IJ0VkJm8ehcCWGIHDuzFZhH - 8994163164914203 - February 10, 2021, 1:19 pm
txn_1IJ0YAJm8ehcCWGIlYGfFdjb - 8994163164913206 - February 10, 2021, 1:19 pm
2021Influencer309 - 8994163165310202 - February 10, 2021, 1:19 pm
txn_1IJ5yhJm8ehcCWGIpF9shm5k - 8994163165309206 - February 10, 2021, 1:19 pm
2021Influencer308 - 8994163165075200 - February 10, 2021, 1:19 pm
txn_1IJ1AEJm8ehcCWGIr2z4honE - 8994163165306205 - February 10, 2021, 1:19 pm
txn_1IJ9vJJm8ehcCWGI4U6RKeDx - 8994163164911202 - February 10, 2021, 1:19 pm
txn_1IJMvBJm8ehcCWGIUh00m7QH - 8994163165300203 - February 10, 2021, 1:19 pm
2021Influencer307 - 8994163165303204 - February 10, 2021, 1:19 pm
txn_1IJBJVJm8ehcCWGIkEKl2Q4J - 8994163165301200 - February 10, 2021, 1:19 pm
txn_1IJ2WbJm8ehcCWGIXTQEtFGt - 8994163165302207 - February 10, 2021, 1:19 pm
txn_1IJJqhJm8ehcCWGIbC2gbg3A - 8994163165107208 - February 10, 2021, 1:19 pm
txn_1IIzHoJm8ehcCWGIPUhyE7Iw - 8994163165425203 - February 10, 2021, 1:19 pm
txn_1IJ2l1Jm8ehcCWGI051shJbi - 8994163165110208 - February 10, 2021, 1:19 pm
2021Influencer319 - 8994163177358209 - February 10, 2021, 3:19 pm
