Influencer82 - 8994163805595563 - September 14, 2020, 12:35 am
Influencer57 - 8994163805597567 - September 14, 2020, 12:35 am
Influencer66 - 8994163805591565 - September 14, 2020, 12:35 am
Influencer63 - 8994163805596560 - September 14, 2020, 12:35 am
Influencer50 - 8994163805592562 - September 14, 2020, 12:35 am
Influencer56 - 8994163806071561 - September 14, 2020, 12:35 am
Influencer62 - 8994163806275563 - September 14, 2020, 12:35 am
Influencer74 - 8994163806070564 - September 14, 2020, 12:35 am
Influencer61 - 8994163805589562 - September 14, 2020, 12:35 am
Influencer49 - 8994163805588565 - September 14, 2020, 12:35 am
Influencer73 - 8994163805587568 - September 14, 2020, 12:35 am
Influencer55 - 8994163806271565 - September 14, 2020, 12:35 am
Influencer78 - 8994163806069568 - September 14, 2020, 12:35 am
Influencer65 - 8994163806270568 - September 14, 2020, 12:35 am
Influencer60 - 8994163806068561 - September 14, 2020, 12:35 am
Influencer48 - 8994163805585564 - September 14, 2020, 12:35 am
Influencer72 - 8994163806067564 - September 14, 2020, 12:35 am
Influencer53 - 8994163806267568 - September 14, 2020, 12:35 am
Influencer76 - 8994163806261566 - September 14, 2020, 12:35 am
Influencer64 - 8994163805584567 - September 14, 2020, 12:35 am
Influencer47 - 8994163806265564 - September 14, 2020, 12:35 am
Influencer71 - 8994163806264567 - September 14, 2020, 12:35 am
Influencer59 - 8994163806066567 - September 14, 2020, 12:35 am
Influencer54 - 8994163806065560 - September 14, 2020, 12:35 am
Influencer46 - 8994163806262563 - September 14, 2020, 12:35 am
Influencer58 - 8994163806063566 - September 14, 2020, 12:35 am
Influencer70 - 8994163806064563 - September 14, 2020, 12:35 am
Influencer52 - 8994163806263560 - September 14, 2020, 12:35 am
Influencer82 - 8994163805595563 - September 14, 2020, 12:37 am
Influencer57 - 8994163805597567 - September 14, 2020, 12:37 am
Influencer66 - 8994163805591565 - September 14, 2020, 12:37 am
Influencer63 - 8994163805596560 - September 14, 2020, 12:37 am
Influencer50 - 8994163805592562 - September 14, 2020, 12:37 am
Influencer56 - 8994163806071561 - September 14, 2020, 12:37 am
Influencer62 - 8994163806275563 - September 14, 2020, 12:37 am
Influencer74 - 8994163806070564 - September 14, 2020, 12:37 am
Influencer61 - 8994163805589562 - September 14, 2020, 12:37 am
Influencer49 - 8994163805588565 - September 14, 2020, 12:37 am
Influencer73 - 8994163805587568 - September 14, 2020, 12:37 am
Influencer55 - 8994163806271565 - September 14, 2020, 12:37 am
Influencer78 - 8994163806069568 - September 14, 2020, 12:37 am
Influencer65 - 8994163806270568 - September 14, 2020, 12:37 am
Influencer60 - 8994163806068561 - September 14, 2020, 12:37 am
Influencer48 - 8994163805585564 - September 14, 2020, 12:37 am
Influencer72 - 8994163806067564 - September 14, 2020, 12:37 am
Influencer53 - 8994163806267568 - September 14, 2020, 12:37 am
Influencer76 - 8994163806261566 - September 14, 2020, 12:37 am
Influencer64 - 8994163805584567 - September 14, 2020, 12:37 am
Influencer47 - 8994163806265564 - September 14, 2020, 12:37 am
Influencer71 - 8994163806264567 - September 14, 2020, 12:37 am
Influencer59 - 8994163806066567 - September 14, 2020, 12:37 am
Influencer54 - 8994163806065560 - September 14, 2020, 12:37 am
Influencer46 - 8994163806262563 - September 14, 2020, 12:37 am
Influencer58 - 8994163806063566 - September 14, 2020, 12:37 am
Influencer70 - 8994163806064563 - September 14, 2020, 12:37 am
Influencer52 - 8994163806263560 - September 14, 2020, 12:37 am
Influencer77 - 8994163806449568 - September 14, 2020, 12:37 am
Influencer75 - 8994163806448561 - September 14, 2020, 12:37 am
Influencer69 - 8994163806447564 - September 14, 2020, 12:37 am
Influencer81 - 8994163806445560 - September 14, 2020, 12:37 am
Influencer68 - 8994163806331566 - September 14, 2020, 12:37 am
Influencer80 - 8994163806444563 - September 14, 2020, 12:37 am
Influencer67 - 8994163806329563 - September 14, 2020, 12:37 am
Influencer79 - 8994163806443566 - September 14, 2020, 12:37 am
Influencer51 - 8994163806328566 - September 14, 2020, 12:37 am
txn_1HQJYlJm8ehcCWGI6qpQoHcF - 8994163807734564 - September 14, 2020, 1:26 am
txn_1HQmDuJm8ehcCWGIq8fw2o6y - 8994163808093561 - September 14, 2020, 1:26 am
txn_1HQdRwJm8ehcCWGI4twvnJcl - 8994163807926563 - September 14, 2020, 1:26 am
txn_1HQfVgJm8ehcCWGITXbqR3JV - 8994163807927560 - September 14, 2020, 1:26 am
txn_1HQa9tJm8ehcCWGIKwyXLRyO - 8994163807924569 - September 14, 2020, 1:26 am
txn_1HR3JwJm8ehcCWGIWLDm9c2a - 8994163807923562 - September 14, 2020, 1:26 am
txn_1HQQgBJm8ehcCWGIYKiCxSPY - 8994163807731563 - September 14, 2020, 1:26 am
txn_1HQguQJm8ehcCWGIhOSHjzVC - 8994163807922565 - September 14, 2020, 1:26 am
txn_1HQdSHJm8ehcCWGIq3WTF9kr - 8994163807921568 - September 14, 2020, 1:26 am
txn_1HQo6nJm8ehcCWGIiniCe14p - 8994163807732560 - September 14, 2020, 1:26 am
txn_1HQayPJm8ehcCWGIr6OXgecP - 8994163807919565 - September 14, 2020, 1:26 am
txn_1HR5ZCJm8ehcCWGIi0s4LLmy - 8994163808092564 - September 14, 2020, 1:26 am
txn_1HQUmcJm8ehcCWGIvwXsGYBK - 8994163807916564 - September 14, 2020, 1:26 am
txn_1HQxVkJm8ehcCWGISPe7ZotM - 8994163808090560 - September 14, 2020, 1:26 am
txn_1HQiofJm8ehcCWGIZxlbTXmY - 8994163807914560 - September 14, 2020, 1:26 am
txn_1HQeJkJm8ehcCWGIxbEs5OYk - 8994163807915567 - September 14, 2020, 1:26 am
txn_1HR6TkJm8ehcCWGIZCGsgOCX - 8994163807913563 - September 14, 2020, 1:26 am
txn_1HQbe2Jm8ehcCWGItC7sKSBE - 8994163807730566 - September 14, 2020, 1:26 am
txn_1HQZKMJm8ehcCWGIBVkyIGKE - 8994163807727566 - September 14, 2020, 1:26 am
txn_1HQzjsJm8ehcCWGIHvrSJbeO - 8994163807911569 - September 14, 2020, 1:26 am
txn_1HQf0mJm8ehcCWGIdjwpple9 - 8994163807726569 - September 14, 2020, 1:26 am
txn_1HQkawJm8ehcCWGI71HOznvQ - 8994163807910562 - September 14, 2020, 1:26 am
txn_1HR89wJm8ehcCWGI0mcX813v - 8994163807909566 - September 14, 2020, 1:26 am
txn_1HQcIvJm8ehcCWGIsIaH0aV1 - 8994163807908569 - September 14, 2020, 1:26 am
txn_1HQJYlJm8ehcCWGI6qpQoHcF - 8994163807734564 - September 14, 2020, 1:26 am
txn_1HQmDuJm8ehcCWGIq8fw2o6y - 8994163808093561 - September 14, 2020, 1:26 am
txn_1HQdRwJm8ehcCWGI4twvnJcl - 8994163807926563 - September 14, 2020, 1:26 am
txn_1HQfVgJm8ehcCWGITXbqR3JV - 8994163807927560 - September 14, 2020, 1:26 am
txn_1HQa9tJm8ehcCWGIKwyXLRyO - 8994163807924569 - September 14, 2020, 1:26 am
txn_1HR3JwJm8ehcCWGIWLDm9c2a - 8994163807923562 - September 14, 2020, 1:26 am
txn_1HQQgBJm8ehcCWGIYKiCxSPY - 8994163807731563 - September 14, 2020, 1:26 am
txn_1HQguQJm8ehcCWGIhOSHjzVC - 8994163807922565 - September 14, 2020, 1:26 am
txn_1HQdSHJm8ehcCWGIq3WTF9kr - 8994163807921568 - September 14, 2020, 1:26 am
txn_1HQo6nJm8ehcCWGIiniCe14p - 8994163807732560 - September 14, 2020, 1:26 am
txn_1HQayPJm8ehcCWGIr6OXgecP - 8994163807919565 - September 14, 2020, 1:26 am
txn_1HR5ZCJm8ehcCWGIi0s4LLmy - 8994163808092564 - September 14, 2020, 1:26 am
txn_1HQUmcJm8ehcCWGIvwXsGYBK - 8994163807916564 - September 14, 2020, 1:26 am
txn_1HQxVkJm8ehcCWGISPe7ZotM - 8994163808090560 - September 14, 2020, 1:26 am
txn_1HQiofJm8ehcCWGIZxlbTXmY - 8994163807914560 - September 14, 2020, 1:26 am
txn_1HQeJkJm8ehcCWGIxbEs5OYk - 8994163807915567 - September 14, 2020, 1:26 am
txn_1HR6TkJm8ehcCWGIZCGsgOCX - 8994163807913563 - September 14, 2020, 1:26 am
txn_1HQbe2Jm8ehcCWGItC7sKSBE - 8994163807730566 - September 14, 2020, 1:26 am
txn_1HQZKMJm8ehcCWGIBVkyIGKE - 8994163807727566 - September 14, 2020, 1:26 am
txn_1HQzjsJm8ehcCWGIHvrSJbeO - 8994163807911569 - September 14, 2020, 1:26 am
txn_1HQf0mJm8ehcCWGIdjwpple9 - 8994163807726569 - September 14, 2020, 1:26 am
txn_1HQkawJm8ehcCWGI71HOznvQ - 8994163807910562 - September 14, 2020, 1:26 am
txn_1HR89wJm8ehcCWGI0mcX813v - 8994163807909566 - September 14, 2020, 1:26 am
txn_1HQcIvJm8ehcCWGIsIaH0aV1 - 8994163807908569 - September 14, 2020, 1:26 am
txn_1HQJYlJm8ehcCWGI6qpQoHcF - 8994163807734564 - September 14, 2020, 1:26 am
txn_1HQmDuJm8ehcCWGIq8fw2o6y - 8994163808093561 - September 14, 2020, 1:26 am
txn_1HQdRwJm8ehcCWGI4twvnJcl - 8994163807926563 - September 14, 2020, 1:26 am
txn_1HQfVgJm8ehcCWGITXbqR3JV - 8994163807927560 - September 14, 2020, 1:26 am
txn_1HQa9tJm8ehcCWGIKwyXLRyO - 8994163807924569 - September 14, 2020, 1:26 am
txn_1HR3JwJm8ehcCWGIWLDm9c2a - 8994163807923562 - September 14, 2020, 1:26 am
txn_1HQQgBJm8ehcCWGIYKiCxSPY - 8994163807731563 - September 14, 2020, 1:26 am
txn_1HQguQJm8ehcCWGIhOSHjzVC - 8994163807922565 - September 14, 2020, 1:26 am
txn_1HQdSHJm8ehcCWGIq3WTF9kr - 8994163807921568 - September 14, 2020, 1:26 am
txn_1HQo6nJm8ehcCWGIiniCe14p - 8994163807732560 - September 14, 2020, 1:26 am
txn_1HQayPJm8ehcCWGIr6OXgecP - 8994163807919565 - September 14, 2020, 1:26 am
txn_1HR5ZCJm8ehcCWGIi0s4LLmy - 8994163808092564 - September 14, 2020, 1:26 am
txn_1HQUmcJm8ehcCWGIvwXsGYBK - 8994163807916564 - September 14, 2020, 1:26 am
txn_1HQxVkJm8ehcCWGISPe7ZotM - 8994163808090560 - September 14, 2020, 1:26 am
txn_1HQiofJm8ehcCWGIZxlbTXmY - 8994163807914560 - September 14, 2020, 1:26 am
txn_1HQeJkJm8ehcCWGIxbEs5OYk - 8994163807915567 - September 14, 2020, 1:26 am
txn_1HR6TkJm8ehcCWGIZCGsgOCX - 8994163807913563 - September 14, 2020, 1:26 am
txn_1HQbe2Jm8ehcCWGItC7sKSBE - 8994163807730566 - September 14, 2020, 1:26 am
txn_1HQZKMJm8ehcCWGIBVkyIGKE - 8994163807727566 - September 14, 2020, 1:26 am
txn_1HQzjsJm8ehcCWGIHvrSJbeO - 8994163807911569 - September 14, 2020, 1:26 am
txn_1HQf0mJm8ehcCWGIdjwpple9 - 8994163807726569 - September 14, 2020, 1:26 am
txn_1HQkawJm8ehcCWGI71HOznvQ - 8994163807910562 - September 14, 2020, 1:26 am
txn_1HR89wJm8ehcCWGI0mcX813v - 8994163807909566 - September 14, 2020, 1:26 am
txn_1HQcIvJm8ehcCWGIsIaH0aV1 - 8994163807908569 - September 14, 2020, 1:26 am
txn_1HQJYlJm8ehcCWGI6qpQoHcF - 8994163807734564 - September 14, 2020, 1:27 am
txn_1HQmDuJm8ehcCWGIq8fw2o6y - 8994163808093561 - September 14, 2020, 1:27 am
txn_1HQdRwJm8ehcCWGI4twvnJcl - 8994163807926563 - September 14, 2020, 1:27 am
txn_1HQfVgJm8ehcCWGITXbqR3JV - 8994163807927560 - September 14, 2020, 1:27 am
txn_1HQa9tJm8ehcCWGIKwyXLRyO - 8994163807924569 - September 14, 2020, 1:27 am
txn_1HR3JwJm8ehcCWGIWLDm9c2a - 8994163807923562 - September 14, 2020, 1:27 am
txn_1HQQgBJm8ehcCWGIYKiCxSPY - 8994163807731563 - September 14, 2020, 1:27 am
txn_1HQguQJm8ehcCWGIhOSHjzVC - 8994163807922565 - September 14, 2020, 1:27 am
txn_1HQdSHJm8ehcCWGIq3WTF9kr - 8994163807921568 - September 14, 2020, 1:27 am
txn_1HQo6nJm8ehcCWGIiniCe14p - 8994163807732560 - September 14, 2020, 1:27 am
txn_1HQayPJm8ehcCWGIr6OXgecP - 8994163807919565 - September 14, 2020, 1:27 am
txn_1HR5ZCJm8ehcCWGIi0s4LLmy - 8994163808092564 - September 14, 2020, 1:27 am
txn_1HQUmcJm8ehcCWGIvwXsGYBK - 8994163807916564 - September 14, 2020, 1:27 am
txn_1HQxVkJm8ehcCWGISPe7ZotM - 8994163808090560 - September 14, 2020, 1:27 am
txn_1HQiofJm8ehcCWGIZxlbTXmY - 8994163807914560 - September 14, 2020, 1:27 am
txn_1HQeJkJm8ehcCWGIxbEs5OYk - 8994163807915567 - September 14, 2020, 1:27 am
txn_1HR6TkJm8ehcCWGIZCGsgOCX - 8994163807913563 - September 14, 2020, 1:27 am
txn_1HQbe2Jm8ehcCWGItC7sKSBE - 8994163807730566 - September 14, 2020, 1:27 am
txn_1HQZKMJm8ehcCWGIBVkyIGKE - 8994163807727566 - September 14, 2020, 1:27 am
txn_1HQzjsJm8ehcCWGIHvrSJbeO - 8994163807911569 - September 14, 2020, 1:27 am
txn_1HQf0mJm8ehcCWGIdjwpple9 - 8994163807726569 - September 14, 2020, 1:27 am
txn_1HQkawJm8ehcCWGI71HOznvQ - 8994163807910562 - September 14, 2020, 1:27 am
txn_1HR89wJm8ehcCWGI0mcX813v - 8994163807909566 - September 14, 2020, 1:27 am
txn_1HQcIvJm8ehcCWGIsIaH0aV1 - 8994163807908569 - September 14, 2020, 1:27 am
txn_1HQHFhJm8ehcCWGIWSpVIgNx - 8994163807956560 - September 14, 2020, 1:27 am
txn_1HQJYlJm8ehcCWGI6qpQoHcF - 8994163807734564 - September 14, 2020, 1:27 am
txn_1HQmDuJm8ehcCWGIq8fw2o6y - 8994163808093561 - September 14, 2020, 1:27 am
txn_1HQdRwJm8ehcCWGI4twvnJcl - 8994163807926563 - September 14, 2020, 1:27 am
txn_1HQfVgJm8ehcCWGITXbqR3JV - 8994163807927560 - September 14, 2020, 1:27 am
txn_1HQa9tJm8ehcCWGIKwyXLRyO - 8994163807924569 - September 14, 2020, 1:27 am
txn_1HR3JwJm8ehcCWGIWLDm9c2a - 8994163807923562 - September 14, 2020, 1:27 am
txn_1HQQgBJm8ehcCWGIYKiCxSPY - 8994163807731563 - September 14, 2020, 1:27 am
txn_1HQguQJm8ehcCWGIhOSHjzVC - 8994163807922565 - September 14, 2020, 1:27 am
txn_1HQdSHJm8ehcCWGIq3WTF9kr - 8994163807921568 - September 14, 2020, 1:27 am
txn_1HQo6nJm8ehcCWGIiniCe14p - 8994163807732560 - September 14, 2020, 1:27 am
txn_1HQayPJm8ehcCWGIr6OXgecP - 8994163807919565 - September 14, 2020, 1:27 am
txn_1HR5ZCJm8ehcCWGIi0s4LLmy - 8994163808092564 - September 14, 2020, 1:27 am
txn_1HQUmcJm8ehcCWGIvwXsGYBK - 8994163807916564 - September 14, 2020, 1:27 am
txn_1HQxVkJm8ehcCWGISPe7ZotM - 8994163808090560 - September 14, 2020, 1:27 am
txn_1HQiofJm8ehcCWGIZxlbTXmY - 8994163807914560 - September 14, 2020, 1:27 am
txn_1HQeJkJm8ehcCWGIxbEs5OYk - 8994163807915567 - September 14, 2020, 1:27 am
txn_1HR6TkJm8ehcCWGIZCGsgOCX - 8994163807913563 - September 14, 2020, 1:27 am
txn_1HQbe2Jm8ehcCWGItC7sKSBE - 8994163807730566 - September 14, 2020, 1:27 am
txn_1HQZKMJm8ehcCWGIBVkyIGKE - 8994163807727566 - September 14, 2020, 1:27 am
txn_1HQzjsJm8ehcCWGIHvrSJbeO - 8994163807911569 - September 14, 2020, 1:27 am
txn_1HQf0mJm8ehcCWGIdjwpple9 - 8994163807726569 - September 14, 2020, 1:27 am
txn_1HQkawJm8ehcCWGI71HOznvQ - 8994163807910562 - September 14, 2020, 1:27 am
txn_1HR89wJm8ehcCWGI0mcX813v - 8994163807909566 - September 14, 2020, 1:27 am
txn_1HQcIvJm8ehcCWGIsIaH0aV1 - 8994163807908569 - September 14, 2020, 1:27 am
txn_1HQHFhJm8ehcCWGIWSpVIgNx - 8994163807956560 - September 14, 2020, 1:27 am
txn_1HRKrDJm8ehcCWGIjWwZ09Zo - 8994163070812570 - September 14, 2020, 2:33 pm
txn_1HRKrMJm8ehcCWGIAnjCnKuQ - 8994163069797574 - September 14, 2020, 2:33 pm
txn_1HRMG7Jm8ehcCWGIcqkCdtDH - 8994163070582572 - September 14, 2020, 2:33 pm
txn_1HRLBlJm8ehcCWGIBflwlsN9 - 8994163070580578 - September 14, 2020, 2:33 pm
txn_1HRMQ1Jm8ehcCWGIm3bsl46q - 8994163070674574 - September 14, 2020, 2:33 pm
txn_1HRMDyJm8ehcCWGIwJOX6zP3 - 8994163070673577 - September 14, 2020, 2:33 pm
txn_1HRMIrJm8ehcCWGIocefgpcN - 8994163070672570 - September 14, 2020, 2:33 pm
txn_1HRLRMJm8ehcCWGIdV4QQgBE - 8994163070675571 - September 14, 2020, 2:33 pm
