txn_1IfDV8Jm8ehcCWGIsUQbrGye - 8994163657832229 - April 13, 2021, 10:39 am
txn_1IfE5eJm8ehcCWGIfvmpGkcf - 8994163657833226 - April 13, 2021, 10:39 am
txn_1IfFToJm8ehcCWGIQS5eeQ80 - 8994163657448222 - April 13, 2021, 10:39 am
txn_1IfEYlJm8ehcCWGI3bCsB5ki - 8994163657827225 - April 13, 2021, 10:39 am
txn_1IfF7LJm8ehcCWGI1qPk3U5w - 8994163657822220 - April 13, 2021, 10:39 am
txn_1IfESiJm8ehcCWGIvR2ZWsnB - 8994163657446228 - April 13, 2021, 10:39 am
txn_1IfDyLJm8ehcCWGIf4nGSzK1 - 8994163657820226 - April 13, 2021, 10:39 am
txn_1IfDTaJm8ehcCWGIGh8YxwYm - 8994163657444224 - April 13, 2021, 10:39 am
txn_1IfAFUJm8ehcCWGILhX1GiuJ - 8994163657815222 - April 13, 2021, 10:39 am
txn_1IfF3FJm8ehcCWGIbQUuy3Jx - 8994163657816229 - April 13, 2021, 10:39 am
txn_1IfEPHJm8ehcCWGIW1IgiijN - 8994163657631228 - April 13, 2021, 10:39 am
txn_1IfDaXJm8ehcCWGITuKBhXdQ - 8994163657629225 - April 13, 2021, 10:39 am
txn_1IfDqiJm8ehcCWGIKGEWlWM5 - 8994163657443227 - April 13, 2021, 10:39 am
txn_1IfDSwJm8ehcCWGIf5EHnRzn - 8994163657627221 - April 13, 2021, 10:39 am
txn_1IfF1bJm8ehcCWGIcZaTGS8e - 8994163657442220 - April 13, 2021, 10:39 am
txn_1If8teJm8ehcCWGIdaX8NPc7 - 8994163657626224 - April 13, 2021, 10:39 am
txn_1IfEGIJm8ehcCWGIBXYHCrDD - 8994163657624220 - April 13, 2021, 10:39 am
txn_1IfDZpJm8ehcCWGIuoGmZobL - 8994163657440226 - April 13, 2021, 10:39 am
txn_1IfDqfJm8ehcCWGIxQ7jn2k7 - 8994163657623223 - April 13, 2021, 10:39 am
txn_1IfExvJm8ehcCWGIhE9c9wBr - 8994163657621229 - April 13, 2021, 10:39 am
txn_1IYEDfJm8ehcCWGIHOIV8usJ_X - 8994163657812221 - April 13, 2021, 10:39 am
txn_1IfDRqJm8ehcCWGIzUGPq9EI - 8994163657618229 - April 13, 2021, 10:39 am
txn_1IfDYfJm8ehcCWGIG3nK1ICj - 8994163657616225 - April 13, 2021, 10:39 am
txn_1IfECWJm8ehcCWGI0Csp2REM - 8994163657811224 - April 13, 2021, 10:39 am
txn_1IfDpZJm8ehcCWGIthljYCjf - 8994163657810227 - April 13, 2021, 10:39 am
txn_1ITFzFJm8ehcCWGIEErhKklW_X - 8994163657615228 - April 13, 2021, 10:39 am
txn_1IfDXvJm8ehcCWGI6phYiVE3 - 8994163657613224 - April 13, 2021, 10:39 am
txn_1IfDOvJm8ehcCWGIiKvMJLuD - 8994163657437226 - April 13, 2021, 10:39 am
txn_1IfECNJm8ehcCWGIfIpw5uL9 - 8994163657610223 - April 13, 2021, 10:39 am
txn_1IfEoHJm8ehcCWGIGWIjs0Dn - 8994163657807227 - April 13, 2021, 10:39 am
txn_1IfDlIJm8ehcCWGIkbslHCZD - 8994163657611220 - April 13, 2021, 10:39 am
txn_1IfDV8Jm8ehcCWGIsUQbrGye - 8994163657832229 - April 13, 2021, 10:41 am
txn_1IfE5eJm8ehcCWGIfvmpGkcf - 8994163657833226 - April 13, 2021, 10:41 am
txn_1IfFToJm8ehcCWGIQS5eeQ80 - 8994163657448222 - April 13, 2021, 10:41 am
txn_1IfEYlJm8ehcCWGI3bCsB5ki - 8994163657827225 - April 13, 2021, 10:41 am
txn_1IfF7LJm8ehcCWGI1qPk3U5w - 8994163657822220 - April 13, 2021, 10:41 am
txn_1IfESiJm8ehcCWGIvR2ZWsnB - 8994163657446228 - April 13, 2021, 10:41 am
txn_1IfDyLJm8ehcCWGIf4nGSzK1 - 8994163657820226 - April 13, 2021, 10:41 am
txn_1IfDTaJm8ehcCWGIGh8YxwYm - 8994163657444224 - April 13, 2021, 10:41 am
txn_1IfAFUJm8ehcCWGILhX1GiuJ - 8994163657815222 - April 13, 2021, 10:41 am
txn_1IfF3FJm8ehcCWGIbQUuy3Jx - 8994163657816229 - April 13, 2021, 10:41 am
txn_1IfEPHJm8ehcCWGIW1IgiijN - 8994163657631228 - April 13, 2021, 10:41 am
txn_1IfDaXJm8ehcCWGITuKBhXdQ - 8994163657629225 - April 13, 2021, 10:41 am
txn_1IfDqiJm8ehcCWGIKGEWlWM5 - 8994163657443227 - April 13, 2021, 10:41 am
txn_1IfDSwJm8ehcCWGIf5EHnRzn - 8994163657627221 - April 13, 2021, 10:41 am
txn_1IfF1bJm8ehcCWGIcZaTGS8e - 8994163657442220 - April 13, 2021, 10:41 am
txn_1If8teJm8ehcCWGIdaX8NPc7 - 8994163657626224 - April 13, 2021, 10:41 am
txn_1IfEGIJm8ehcCWGIBXYHCrDD - 8994163657624220 - April 13, 2021, 10:41 am
txn_1IfDZpJm8ehcCWGIuoGmZobL - 8994163657440226 - April 13, 2021, 10:41 am
txn_1IfDqfJm8ehcCWGIxQ7jn2k7 - 8994163657623223 - April 13, 2021, 10:41 am
txn_1IfExvJm8ehcCWGIhE9c9wBr - 8994163657621229 - April 13, 2021, 10:41 am
txn_1IYEDfJm8ehcCWGIHOIV8usJ_X - 8994163657812221 - April 13, 2021, 10:41 am
txn_1IfDRqJm8ehcCWGIzUGPq9EI - 8994163657618229 - April 13, 2021, 10:41 am
txn_1IfDYfJm8ehcCWGIG3nK1ICj - 8994163657616225 - April 13, 2021, 10:41 am
txn_1IfECWJm8ehcCWGI0Csp2REM - 8994163657811224 - April 13, 2021, 10:41 am
txn_1IfDpZJm8ehcCWGIthljYCjf - 8994163657810227 - April 13, 2021, 10:41 am
txn_1ITFzFJm8ehcCWGIEErhKklW_X - 8994163657615228 - April 13, 2021, 10:41 am
txn_1IfDXvJm8ehcCWGI6phYiVE3 - 8994163657613224 - April 13, 2021, 10:41 am
txn_1IfDOvJm8ehcCWGIiKvMJLuD - 8994163657437226 - April 13, 2021, 10:41 am
txn_1IfECNJm8ehcCWGIfIpw5uL9 - 8994163657610223 - April 13, 2021, 10:41 am
txn_1IfEoHJm8ehcCWGIGWIjs0Dn - 8994163657807227 - April 13, 2021, 10:41 am
txn_1IfDlIJm8ehcCWGIkbslHCZD - 8994163657611220 - April 13, 2021, 10:41 am
txn_1IfDUmJm8ehcCWGI3YmgD4AP - 8994163657712224 - April 13, 2021, 10:41 am
txn_1IfDTlJm8ehcCWGI5SHDrQEi - 8994163657708227 - April 13, 2021, 10:41 am
txn_1IfFsmJm8ehcCWGI36NI4b8Z - 8994163657704229 - April 13, 2021, 10:41 am
txn_1IfDRrJm8ehcCWGIojERlYMB - 8994163657896221 - April 13, 2021, 10:41 am
txn_1IfDjKJm8ehcCWGI0OrZfcPs - 8994163657895224 - April 13, 2021, 10:41 am
txn_1IfF40Jm8ehcCWGI914tfBbK - 8994163657700221 - April 13, 2021, 10:41 am
BP1594110421081236 - 8994163657890229 - April 13, 2021, 10:41 am
txn_1IfDfoJm8ehcCWGIZ438e74G - 8994163657891226 - April 13, 2021, 10:41 am
txn_1IfEwiJm8ehcCWGICOVKafTu - 8994163657473224 - April 13, 2021, 10:41 am
txn_1IfDeiJm8ehcCWGIre2OWd2p - 8994163657687225 - April 13, 2021, 10:41 am
txn_1IfCc9Jm8ehcCWGI3JDfSHz7 - 8994163657471220 - April 13, 2021, 10:41 am
txn_1IfEk5Jm8ehcCWGIqQkTs5C4 - 8994163657885225 - April 13, 2021, 10:41 am
txn_1IfDbjJm8ehcCWGIYIqWN5g4 - 8994163657882224 - April 13, 2021, 10:41 am
txn_1IfCQKJm8ehcCWGI5aCLnc0N - 8994163657884228 - April 13, 2021, 10:41 am
txn_1IfEjVJm8ehcCWGI61XDHdYT - 8994163657883221 - April 13, 2021, 10:41 am
txn_1IfBIAJm8ehcCWGIPQKmgPVM - 8994163657879224 - April 13, 2021, 10:41 am
txn_1IfDbJJm8ehcCWGIevR3hVsQ - 8994163657878227 - April 13, 2021, 10:41 am
txn_1IfEhJJm8ehcCWGI6G1WU9e5 - 8994163657877220 - April 13, 2021, 10:41 am
txn_1IfAKXJm8ehcCWGIqtFN7Cj4 - 8994163657680226 - April 13, 2021, 10:41 am
txn_1IfDb7Jm8ehcCWGICZlC4GzV - 8994163657876223 - April 13, 2021, 10:41 am
txn_1IfEU4Jm8ehcCWGIioWcwZ4i - 8994163657875226 - April 13, 2021, 10:41 am
txn_1IfGClJm8ehcCWGIqVF7I7AG - 8994163657874229 - April 13, 2021, 10:41 am
txn_1IMCXOJm8ehcCWGIGvswr6pj_X - 8994163657869225 - April 13, 2021, 10:41 am
txn_1IfEBcJm8ehcCWGIc0CpWZFy - 8994163657468220 - April 13, 2021, 10:41 am
txn_1IfDWMJm8ehcCWGIuJMHzSCL - 8994163657678223 - April 13, 2021, 10:41 am
txn_1IfG5TJm8ehcCWGICwiOSj1H - 8994163657677226 - April 13, 2021, 10:41 am
txn_1IfE8gJm8ehcCWGIHAFIINiq - 8994163657480222 - April 13, 2021, 10:41 am
txn_1IfE7fJm8ehcCWGIowHYmaQd - 8994163657918220 - April 13, 2021, 10:41 am
txn_1IfE1WJm8ehcCWGI5ZPpfQ8m -  - April 13, 2021, 10:41 am
txn_1IfDUMJm8ehcCWGIgRhI2QaV - 8994163657478229 - April 13, 2021, 10:41 am
txn_1IfDV8Jm8ehcCWGIsUQbrGye - 8994163657832229 - April 13, 2021, 10:42 am
txn_1IfE5eJm8ehcCWGIfvmpGkcf - 8994163657833226 - April 13, 2021, 10:42 am
txn_1IfFToJm8ehcCWGIQS5eeQ80 - 8994163657448222 - April 13, 2021, 10:42 am
txn_1IfEYlJm8ehcCWGI3bCsB5ki - 8994163657827225 - April 13, 2021, 10:42 am
txn_1IfF7LJm8ehcCWGI1qPk3U5w - 8994163657822220 - April 13, 2021, 10:42 am
txn_1IfESiJm8ehcCWGIvR2ZWsnB - 8994163657446228 - April 13, 2021, 10:42 am
txn_1IfDyLJm8ehcCWGIf4nGSzK1 - 8994163657820226 - April 13, 2021, 10:42 am
txn_1IfDTaJm8ehcCWGIGh8YxwYm - 8994163657444224 - April 13, 2021, 10:42 am
txn_1IfAFUJm8ehcCWGILhX1GiuJ - 8994163657815222 - April 13, 2021, 10:42 am
txn_1IfF3FJm8ehcCWGIbQUuy3Jx - 8994163657816229 - April 13, 2021, 10:42 am
txn_1IfEPHJm8ehcCWGIW1IgiijN - 8994163657631228 - April 13, 2021, 10:42 am
txn_1IfDaXJm8ehcCWGITuKBhXdQ - 8994163657629225 - April 13, 2021, 10:42 am
txn_1IfDqiJm8ehcCWGIKGEWlWM5 - 8994163657443227 - April 13, 2021, 10:42 am
txn_1IfDSwJm8ehcCWGIf5EHnRzn - 8994163657627221 - April 13, 2021, 10:42 am
txn_1IfF1bJm8ehcCWGIcZaTGS8e - 8994163657442220 - April 13, 2021, 10:42 am
txn_1If8teJm8ehcCWGIdaX8NPc7 - 8994163657626224 - April 13, 2021, 10:42 am
txn_1IfEGIJm8ehcCWGIBXYHCrDD - 8994163657624220 - April 13, 2021, 10:42 am
txn_1IfDZpJm8ehcCWGIuoGmZobL - 8994163657440226 - April 13, 2021, 10:42 am
txn_1IfDqfJm8ehcCWGIxQ7jn2k7 - 8994163657623223 - April 13, 2021, 10:42 am
txn_1IfExvJm8ehcCWGIhE9c9wBr - 8994163657621229 - April 13, 2021, 10:42 am
txn_1IYEDfJm8ehcCWGIHOIV8usJ_X - 8994163657812221 - April 13, 2021, 10:42 am
txn_1IfDRqJm8ehcCWGIzUGPq9EI - 8994163657618229 - April 13, 2021, 10:42 am
txn_1IfDYfJm8ehcCWGIG3nK1ICj - 8994163657616225 - April 13, 2021, 10:42 am
txn_1IfECWJm8ehcCWGI0Csp2REM - 8994163657811224 - April 13, 2021, 10:42 am
txn_1IfDpZJm8ehcCWGIthljYCjf - 8994163657810227 - April 13, 2021, 10:42 am
txn_1ITFzFJm8ehcCWGIEErhKklW_X - 8994163657615228 - April 13, 2021, 10:42 am
txn_1IfDXvJm8ehcCWGI6phYiVE3 - 8994163657613224 - April 13, 2021, 10:42 am
txn_1IfDOvJm8ehcCWGIiKvMJLuD - 8994163657437226 - April 13, 2021, 10:42 am
txn_1IfECNJm8ehcCWGIfIpw5uL9 - 8994163657610223 - April 13, 2021, 10:42 am
txn_1IfEoHJm8ehcCWGIGWIjs0Dn - 8994163657807227 - April 13, 2021, 10:42 am
txn_1IfDlIJm8ehcCWGIkbslHCZD - 8994163657611220 - April 13, 2021, 10:42 am
txn_1IfDUmJm8ehcCWGI3YmgD4AP - 8994163657712224 - April 13, 2021, 10:42 am
txn_1IfDTlJm8ehcCWGI5SHDrQEi - 8994163657708227 - April 13, 2021, 10:42 am
txn_1IfFsmJm8ehcCWGI36NI4b8Z - 8994163657704229 - April 13, 2021, 10:42 am
txn_1IfDRrJm8ehcCWGIojERlYMB - 8994163657896221 - April 13, 2021, 10:42 am
txn_1IfDjKJm8ehcCWGI0OrZfcPs - 8994163657895224 - April 13, 2021, 10:42 am
txn_1IfF40Jm8ehcCWGI914tfBbK - 8994163657700221 - April 13, 2021, 10:42 am
BP1594110421081236 - 8994163657890229 - April 13, 2021, 10:42 am
txn_1IfDfoJm8ehcCWGIZ438e74G - 8994163657891226 - April 13, 2021, 10:42 am
txn_1IfEwiJm8ehcCWGICOVKafTu - 8994163657473224 - April 13, 2021, 10:42 am
txn_1IfDeiJm8ehcCWGIre2OWd2p - 8994163657687225 - April 13, 2021, 10:42 am
txn_1IfCc9Jm8ehcCWGI3JDfSHz7 - 8994163657471220 - April 13, 2021, 10:42 am
txn_1IfEk5Jm8ehcCWGIqQkTs5C4 - 8994163657885225 - April 13, 2021, 10:42 am
txn_1IfDbjJm8ehcCWGIYIqWN5g4 - 8994163657882224 - April 13, 2021, 10:42 am
txn_1IfCQKJm8ehcCWGI5aCLnc0N - 8994163657884228 - April 13, 2021, 10:42 am
txn_1IfEjVJm8ehcCWGI61XDHdYT - 8994163657883221 - April 13, 2021, 10:42 am
txn_1IfBIAJm8ehcCWGIPQKmgPVM - 8994163657879224 - April 13, 2021, 10:42 am
txn_1IfDbJJm8ehcCWGIevR3hVsQ - 8994163657878227 - April 13, 2021, 10:42 am
txn_1IfEhJJm8ehcCWGI6G1WU9e5 - 8994163657877220 - April 13, 2021, 10:42 am
txn_1IfAKXJm8ehcCWGIqtFN7Cj4 - 8994163657680226 - April 13, 2021, 10:42 am
txn_1IfDb7Jm8ehcCWGICZlC4GzV - 8994163657876223 - April 13, 2021, 10:42 am
txn_1IfEU4Jm8ehcCWGIioWcwZ4i - 8994163657875226 - April 13, 2021, 10:42 am
txn_1IfGClJm8ehcCWGIqVF7I7AG - 8994163657874229 - April 13, 2021, 10:42 am
txn_1IMCXOJm8ehcCWGIGvswr6pj_X - 8994163657869225 - April 13, 2021, 10:42 am
txn_1IfEBcJm8ehcCWGIc0CpWZFy - 8994163657468220 - April 13, 2021, 10:42 am
txn_1IfDWMJm8ehcCWGIuJMHzSCL - 8994163657678223 - April 13, 2021, 10:42 am
txn_1IfG5TJm8ehcCWGICwiOSj1H - 8994163657677226 - April 13, 2021, 10:42 am
txn_1IfFkrJm8ehcCWGIhZibEqbN - 8994163657729222 - April 13, 2021, 10:42 am
txn_1IfFiYJm8ehcCWGINPg21b83 - 8994163657726221 - April 13, 2021, 10:42 am
txn_1IfE8gJm8ehcCWGIHAFIINiq - 8994163657480222 - April 13, 2021, 10:42 am
txn_1IfE7fJm8ehcCWGIowHYmaQd - 8994163657918220 - April 13, 2021, 10:42 am
txn_1IfDUMJm8ehcCWGIgRhI2QaV - 8994163657478229 - April 13, 2021, 10:42 am
txn_1IfDV8Jm8ehcCWGIsUQbrGye - 8994163657832229 - April 13, 2021, 10:46 am
txn_1IfE5eJm8ehcCWGIfvmpGkcf - 8994163657833226 - April 13, 2021, 10:46 am
txn_1IfFToJm8ehcCWGIQS5eeQ80 - 8994163657448222 - April 13, 2021, 10:46 am
txn_1IfEYlJm8ehcCWGI3bCsB5ki - 8994163657827225 - April 13, 2021, 10:46 am
txn_1IfF7LJm8ehcCWGI1qPk3U5w - 8994163657822220 - April 13, 2021, 10:46 am
txn_1IfESiJm8ehcCWGIvR2ZWsnB - 8994163657446228 - April 13, 2021, 10:46 am
txn_1IfDyLJm8ehcCWGIf4nGSzK1 - 8994163657820226 - April 13, 2021, 10:46 am
txn_1IfDTaJm8ehcCWGIGh8YxwYm - 8994163657444224 - April 13, 2021, 10:46 am
txn_1IfAFUJm8ehcCWGILhX1GiuJ - 8994163657815222 - April 13, 2021, 10:46 am
txn_1IfF3FJm8ehcCWGIbQUuy3Jx - 8994163657816229 - April 13, 2021, 10:46 am
txn_1IfEPHJm8ehcCWGIW1IgiijN - 8994163657631228 - April 13, 2021, 10:46 am
txn_1IfDaXJm8ehcCWGITuKBhXdQ - 8994163657629225 - April 13, 2021, 10:46 am
txn_1IfDqiJm8ehcCWGIKGEWlWM5 - 8994163657443227 - April 13, 2021, 10:46 am
txn_1IfDSwJm8ehcCWGIf5EHnRzn - 8994163657627221 - April 13, 2021, 10:46 am
txn_1IfF1bJm8ehcCWGIcZaTGS8e - 8994163657442220 - April 13, 2021, 10:46 am
txn_1If8teJm8ehcCWGIdaX8NPc7 - 8994163657626224 - April 13, 2021, 10:46 am
txn_1IfEGIJm8ehcCWGIBXYHCrDD - 8994163657624220 - April 13, 2021, 10:46 am
txn_1IfDZpJm8ehcCWGIuoGmZobL - 8994163657440226 - April 13, 2021, 10:46 am
txn_1IfDqfJm8ehcCWGIxQ7jn2k7 - 8994163657623223 - April 13, 2021, 10:46 am
txn_1IfExvJm8ehcCWGIhE9c9wBr - 8994163657621229 - April 13, 2021, 10:46 am
txn_1IYEDfJm8ehcCWGIHOIV8usJ_X - 8994163657812221 - April 13, 2021, 10:46 am
txn_1IfDRqJm8ehcCWGIzUGPq9EI - 8994163657618229 - April 13, 2021, 10:46 am
txn_1IfDYfJm8ehcCWGIG3nK1ICj - 8994163657616225 - April 13, 2021, 10:46 am
txn_1IfECWJm8ehcCWGI0Csp2REM - 8994163657811224 - April 13, 2021, 10:46 am
txn_1IfDpZJm8ehcCWGIthljYCjf - 8994163657810227 - April 13, 2021, 10:46 am
txn_1ITFzFJm8ehcCWGIEErhKklW_X - 8994163657615228 - April 13, 2021, 10:46 am
txn_1IfDXvJm8ehcCWGI6phYiVE3 - 8994163657613224 - April 13, 2021, 10:46 am
txn_1IfDOvJm8ehcCWGIiKvMJLuD - 8994163657437226 - April 13, 2021, 10:46 am
txn_1IfECNJm8ehcCWGIfIpw5uL9 - 8994163657610223 - April 13, 2021, 10:46 am
txn_1IfEoHJm8ehcCWGIGWIjs0Dn - 8994163657807227 - April 13, 2021, 10:46 am
txn_1IfDlIJm8ehcCWGIkbslHCZD - 8994163657611220 - April 13, 2021, 10:46 am
txn_1IfDUmJm8ehcCWGI3YmgD4AP - 8994163657712224 - April 13, 2021, 10:46 am
txn_1IfDTlJm8ehcCWGI5SHDrQEi - 8994163657708227 - April 13, 2021, 10:46 am
txn_1IfFsmJm8ehcCWGI36NI4b8Z - 8994163657704229 - April 13, 2021, 10:46 am
txn_1IfDRrJm8ehcCWGIojERlYMB - 8994163657896221 - April 13, 2021, 10:46 am
txn_1IfDjKJm8ehcCWGI0OrZfcPs - 8994163657895224 - April 13, 2021, 10:46 am
txn_1IfF40Jm8ehcCWGI914tfBbK - 8994163657700221 - April 13, 2021, 10:46 am
BP1594110421081236 - 8994163657890229 - April 13, 2021, 10:46 am
txn_1IfDfoJm8ehcCWGIZ438e74G - 8994163657891226 - April 13, 2021, 10:46 am
txn_1IfEwiJm8ehcCWGICOVKafTu - 8994163657473224 - April 13, 2021, 10:46 am
txn_1IfDeiJm8ehcCWGIre2OWd2p - 8994163657687225 - April 13, 2021, 10:46 am
txn_1IfCc9Jm8ehcCWGI3JDfSHz7 - 8994163657471220 - April 13, 2021, 10:46 am
txn_1IfEk5Jm8ehcCWGIqQkTs5C4 - 8994163657885225 - April 13, 2021, 10:46 am
txn_1IfDbjJm8ehcCWGIYIqWN5g4 - 8994163657882224 - April 13, 2021, 10:46 am
txn_1IfCQKJm8ehcCWGI5aCLnc0N - 8994163657884228 - April 13, 2021, 10:46 am
txn_1IfEjVJm8ehcCWGI61XDHdYT - 8994163657883221 - April 13, 2021, 10:46 am
txn_1IfBIAJm8ehcCWGIPQKmgPVM - 8994163657879224 - April 13, 2021, 10:46 am
txn_1IfDbJJm8ehcCWGIevR3hVsQ - 8994163657878227 - April 13, 2021, 10:46 am
txn_1IfEhJJm8ehcCWGI6G1WU9e5 - 8994163657877220 - April 13, 2021, 10:46 am
txn_1IfAKXJm8ehcCWGIqtFN7Cj4 - 8994163657680226 - April 13, 2021, 10:46 am
txn_1IfDb7Jm8ehcCWGICZlC4GzV - 8994163657876223 - April 13, 2021, 10:46 am
txn_1IfEU4Jm8ehcCWGIioWcwZ4i - 8994163657875226 - April 13, 2021, 10:46 am
txn_1IfGClJm8ehcCWGIqVF7I7AG - 8994163657874229 - April 13, 2021, 10:46 am
txn_1IMCXOJm8ehcCWGIGvswr6pj_X - 8994163657869225 - April 13, 2021, 10:46 am
txn_1IfEBcJm8ehcCWGIc0CpWZFy - 8994163657468220 - April 13, 2021, 10:46 am
txn_1IfDWMJm8ehcCWGIuJMHzSCL - 8994163657678223 - April 13, 2021, 10:46 am
txn_1IfG5TJm8ehcCWGICwiOSj1H - 8994163657677226 - April 13, 2021, 10:46 am
txn_1IfFkrJm8ehcCWGIhZibEqbN - 8994163657729222 - April 13, 2021, 10:46 am
txn_1IfFiYJm8ehcCWGINPg21b83 - 8994163657726221 - April 13, 2021, 10:46 am
txn_1IfE8gJm8ehcCWGIHAFIINiq - 8994163657480222 - April 13, 2021, 10:46 am
txn_1IfE7fJm8ehcCWGIowHYmaQd - 8994163657918220 - April 13, 2021, 10:46 am
txn_1IfDUMJm8ehcCWGIgRhI2QaV - 8994163657478229 - April 13, 2021, 10:46 am
txn_1IfE1WJm8ehcCWGI5ZPpfQ8m - 8994163658224221 - April 13, 2021, 10:46 am
txn_1IfO9OJm8ehcCWGI7hqfGrIy - 8994163662148223 - April 13, 2021, 11:32 am
txn_1IfQ4QJm8ehcCWGIYWJ4oRIR - 8994163661798221 - April 13, 2021, 11:32 am
txn_1IfV0GJm8ehcCWGIF2yCdfVD - 8994163662276223 - April 13, 2021, 11:32 am
txn_1IfGhbJm8ehcCWGI8FKHToTD - 8994163662275226 - April 13, 2021, 11:32 am
txn_1IfSKqJm8ehcCWGIqEnxeNtC - 8994163661796227 - April 13, 2021, 11:32 am
txn_1IfQ1TJm8ehcCWGIvzkI2Fpp - 8994163661795220 - April 13, 2021, 11:32 am
txn_1IfUZfJm8ehcCWGIrT7oSzl4 - 8994163661794223 - April 13, 2021, 11:32 am
txn_1IfO25Jm8ehcCWGIlRibLeCk - 8994163662273222 - April 13, 2021, 11:32 am
txn_1IfSEvJm8ehcCWGIawihtRo5 - 8994163662274229 - April 13, 2021, 11:32 am
txn_1IfXNVJm8ehcCWGIl6NTgANn - 8994163661793226 - April 13, 2021, 11:32 am
txn_1IfGdeJm8ehcCWGI4x9wVYrb - 8994163661792229 - April 13, 2021, 11:32 am
txn_1IfPwNJm8ehcCWGIqH0XXVTe - 8994163662146229 - April 13, 2021, 11:32 am
txn_1IfSEmJm8ehcCWGI4kGoqyaR - 8994163662272225 - April 13, 2021, 11:32 am
txn_1IfXKpJm8ehcCWGIwX4T4orS - 8994163662142221 - April 13, 2021, 11:32 am
txn_1IfUMqJm8ehcCWGIOyDZq8ED - 8994163662143228 - April 13, 2021, 11:32 am
txn_1IfLkzJm8ehcCWGIQSX0J3Ko - 8994163661790225 - April 13, 2021, 11:32 am
txn_1IfPfwJm8ehcCWGIKT3WsG9X - 8994163661789229 - April 13, 2021, 11:32 am
txn_1IfGRTJm8ehcCWGIlvaGmFXO - 8994163662271228 - April 13, 2021, 11:32 am
txn_1IfUGXJm8ehcCWGIXtmxrHU7 - 8994163662140227 - April 13, 2021, 11:32 am
txn_1IfWykJm8ehcCWGIEDweQAT4 - 8994163662139221 - April 13, 2021, 11:32 am
txn_1IfSCQJm8ehcCWGIbmZNci8u - 8994163661786228 - April 13, 2021, 11:32 am
txn_1IfLXRJm8ehcCWGIMdoN6EvB - 8994163661785221 - April 13, 2021, 11:32 am
txn_1IfPd9Jm8ehcCWGIxHt8b9Nz - 8994163662137227 - April 13, 2021, 11:32 am
txn_1IfGQ7Jm8ehcCWGIevg3nbeu - 8994163661787225 - April 13, 2021, 11:32 am
txn_1IfUBxJm8ehcCWGIXmTWofY6 - 8994163661782220 - April 13, 2021, 11:32 am
txn_1IfWurJm8ehcCWGIL3LOH5Mc - 8994163662265227 - April 13, 2021, 11:32 am
txn_1IfPaQJm8ehcCWGIWTMur77u - 8994163662136220 - April 13, 2021, 11:32 am
txn_1IfGKLJm8ehcCWGImrzPBc6z - 8994163661784224 - April 13, 2021, 11:32 am
txn_1IfKzTJm8ehcCWGIs5qSJOX7 - 8994163661783227 - April 13, 2021, 11:32 am
txn_1IfS9SJm8ehcCWGIjCDMbuzd - 8994163662266224 - April 13, 2021, 11:32 am
txn_1IfO9OJm8ehcCWGI7hqfGrIy - 8994163662148223 - April 13, 2021, 11:34 am
txn_1IfQ4QJm8ehcCWGIYWJ4oRIR - 8994163661798221 - April 13, 2021, 11:34 am
txn_1IfV0GJm8ehcCWGIF2yCdfVD - 8994163662276223 - April 13, 2021, 11:34 am
txn_1IfGhbJm8ehcCWGI8FKHToTD - 8994163662275226 - April 13, 2021, 11:34 am
txn_1IfSKqJm8ehcCWGIqEnxeNtC - 8994163661796227 - April 13, 2021, 11:34 am
txn_1IfQ1TJm8ehcCWGIvzkI2Fpp - 8994163661795220 - April 13, 2021, 11:34 am
txn_1IfUZfJm8ehcCWGIrT7oSzl4 - 8994163661794223 - April 13, 2021, 11:34 am
txn_1IfO25Jm8ehcCWGIlRibLeCk - 8994163662273222 - April 13, 2021, 11:34 am
txn_1IfSEvJm8ehcCWGIawihtRo5 - 8994163662274229 - April 13, 2021, 11:34 am
txn_1IfXNVJm8ehcCWGIl6NTgANn - 8994163661793226 - April 13, 2021, 11:34 am
txn_1IfGdeJm8ehcCWGI4x9wVYrb - 8994163661792229 - April 13, 2021, 11:34 am
txn_1IfPwNJm8ehcCWGIqH0XXVTe - 8994163662146229 - April 13, 2021, 11:34 am
txn_1IfSEmJm8ehcCWGI4kGoqyaR - 8994163662272225 - April 13, 2021, 11:34 am
txn_1IfXKpJm8ehcCWGIwX4T4orS - 8994163662142221 - April 13, 2021, 11:34 am
txn_1IfUMqJm8ehcCWGIOyDZq8ED - 8994163662143228 - April 13, 2021, 11:34 am
txn_1IfLkzJm8ehcCWGIQSX0J3Ko - 8994163661790225 - April 13, 2021, 11:34 am
txn_1IfPfwJm8ehcCWGIKT3WsG9X - 8994163661789229 - April 13, 2021, 11:34 am
txn_1IfGRTJm8ehcCWGIlvaGmFXO - 8994163662271228 - April 13, 2021, 11:34 am
txn_1IfUGXJm8ehcCWGIXtmxrHU7 - 8994163662140227 - April 13, 2021, 11:34 am
txn_1IfWykJm8ehcCWGIEDweQAT4 - 8994163662139221 - April 13, 2021, 11:34 am
txn_1IfSCQJm8ehcCWGIbmZNci8u - 8994163661786228 - April 13, 2021, 11:34 am
txn_1IfLXRJm8ehcCWGIMdoN6EvB - 8994163661785221 - April 13, 2021, 11:34 am
txn_1IfPd9Jm8ehcCWGIxHt8b9Nz - 8994163662137227 - April 13, 2021, 11:34 am
txn_1IfGQ7Jm8ehcCWGIevg3nbeu - 8994163661787225 - April 13, 2021, 11:34 am
txn_1IfUBxJm8ehcCWGIXmTWofY6 - 8994163661782220 - April 13, 2021, 11:34 am
txn_1IfWurJm8ehcCWGIL3LOH5Mc - 8994163662265227 - April 13, 2021, 11:34 am
txn_1IfPaQJm8ehcCWGIWTMur77u - 8994163662136220 - April 13, 2021, 11:34 am
txn_1IfGKLJm8ehcCWGImrzPBc6z - 8994163661784224 - April 13, 2021, 11:34 am
txn_1IfKzTJm8ehcCWGIs5qSJOX7 - 8994163661783227 - April 13, 2021, 11:34 am
txn_1IfS9SJm8ehcCWGIjCDMbuzd - 8994163662266224 - April 13, 2021, 11:34 am
txn_1IfTYNJm8ehcCWGILTJOXLu9 - 8994163662352224 - April 13, 2021, 11:34 am
txn_1IfT7IJm8ehcCWGIrhwwCyDm - 8994163662447227 - April 13, 2021, 11:34 am
txn_1IfSzWJm8ehcCWGIrZkEmSPe - 8994163662185228 - April 13, 2021, 11:34 am
txn_1IfOPVJm8ehcCWGIqaecoqES - 8994163662436221 - April 13, 2021, 11:34 am
txn_1IfWjOJm8ehcCWGIyTxKfjV6 - 8994163662174222 - April 13, 2021, 11:34 am
txn_1IfJOlJm8ehcCWGImW6SwBaJ - 8994163662338228 - April 13, 2021, 11:34 am
txn_1IfaGIJm8ehcCWGIGD2X2Vx7 - 8994163662173225 - April 13, 2021, 11:34 am
txn_1IfRMCJm8ehcCWGIpVWVcCsN - 8994163662432223 - April 13, 2021, 11:34 am
txn_1IfWQEJm8ehcCWGI4bcZQFjD - 8994163662171221 - April 13, 2021, 11:34 am
txn_1Ifa83Jm8ehcCWGIVMirZVbi - 8994163662172228 - April 13, 2021, 11:34 am
txn_1IfHuMJm8ehcCWGIxV1MUU5l - 8994163662429223 - April 13, 2021, 11:34 am
txn_1IfZIpJm8ehcCWGIAOnpaGHN - 8994163662428226 - April 13, 2021, 11:34 am
txn_1IfHqwJm8ehcCWGIO6o14pt5 - 8994163662334220 - April 13, 2021, 11:34 am
txn_1IfZ9qJm8ehcCWGIHX8nuqfx - 8994163662425225 - April 13, 2021, 11:34 am
txn_1IfVCcJm8ehcCWGIAXxWe6IF - 8994163662167224 - April 13, 2021, 11:34 am
txn_1IfHEDJm8ehcCWGIk23dM2Dv - 8994163662423221 - April 13, 2021, 11:34 am
txn_1IfQDqJm8ehcCWGIUf7xRJu2 - 8994163662165220 - April 13, 2021, 11:34 am
txn_1IfYUlJm8ehcCWGIzynxuHuk - 8994163662331229 - April 13, 2021, 11:34 am
txn_1IfTt9Jm8ehcCWGIl1fJROMq - 8994163662164223 - April 13, 2021, 11:34 am
txn_1IfHDNJm8ehcCWGI3JgnCfYk - 8994163662163226 - April 13, 2021, 11:34 am
txn_1IfQDQJm8ehcCWGIXCpTMFKz - 8994163662329226 - April 13, 2021, 11:34 am
txn_1IfYABJm8ehcCWGIeQUiCghe - 8994163662162229 - April 13, 2021, 11:34 am
txn_1IfTr1Jm8ehcCWGISgIURF28 - 8994163662161222 - April 13, 2021, 11:34 am
txn_1IfGtZJm8ehcCWGIPlRFSszm - 8994163662327222 - April 13, 2021, 11:34 am
txn_1IfPZEJm8ehcCWGITedERPEN - 8994163662422224 - April 13, 2021, 11:34 am
txn_1IfXa9Jm8ehcCWGIBEyO5a0f - 8994163662326225 - April 13, 2021, 11:34 am
txn_1IfTegJm8ehcCWGIattB3jz5 - 8994163662325228 - April 13, 2021, 11:34 am
txn_1IfGtTJm8ehcCWGID7b5NKwy - 8994163662420220 - April 13, 2021, 11:34 am
txn_1IfPOoJm8ehcCWGIQurZ7ZZ8 - 8994163662324221 - April 13, 2021, 11:34 am
txn_1IfTe6Jm8ehcCWGIph4Tw0uI - 8994163662419224 - April 13, 2021, 11:34 am
txn_1IfXZYJm8ehcCWGIddfc4sgF - 8994163662323224 - April 13, 2021, 11:34 am
txn_1IfGlIJm8ehcCWGIu6HCgam2 - 8994163662318220 - April 13, 2021, 11:34 am
txn_1IfTdhJm8ehcCWGIEX0N186k - 8994163662320223 - April 13, 2021, 11:34 am
txn_1IfPDDJm8ehcCWGIBvm23X8K - 8994163662319227 - April 13, 2021, 11:34 am
txn_1IfXRlJm8ehcCWGINsOjbUq7 - 8994163662317223 - April 13, 2021, 11:34 am
txn_1IfZbxJm8ehcCWGIaeX5gDzh - 8994163662458223 - April 13, 2021, 11:34 am
txn_1IfRRRJm8ehcCWGIsvJcAjVa - 8994163662365224 - April 13, 2021, 11:34 am
txn_1IfZTpJm8ehcCWGIT3DXv7w2 - 8994163662455222 - April 13, 2021, 11:34 am
txn_1IfQrfJm8ehcCWGIkJXH7BPm - 8994163662189226 - April 13, 2021, 11:34 am
txn_1IfZTYJm8ehcCWGIyHdxQHQX - 8994163662360229 - April 13, 2021, 11:34 am
txn_1IfP91Jm8ehcCWGIzgn1nB0C -  - April 13, 2021, 11:34 am
txn_1IfOxAJm8ehcCWGI6b2YQo4o -  - April 13, 2021, 11:34 am
txn_1IfOsOJm8ehcCWGI3ln8hlTs -  - April 13, 2021, 11:34 am
txn_1IfOIhJm8ehcCWGI9Ojfzvmz -  - April 13, 2021, 11:34 am
txn_1IfO9OJm8ehcCWGI7hqfGrIy - 8994163662148223 - April 13, 2021, 11:34 am
txn_1IfQ4QJm8ehcCWGIYWJ4oRIR - 8994163661798221 - April 13, 2021, 11:34 am
txn_1IfV0GJm8ehcCWGIF2yCdfVD - 8994163662276223 - April 13, 2021, 11:34 am
txn_1IfGhbJm8ehcCWGI8FKHToTD - 8994163662275226 - April 13, 2021, 11:34 am
txn_1IfSKqJm8ehcCWGIqEnxeNtC - 8994163661796227 - April 13, 2021, 11:34 am
txn_1IfQ1TJm8ehcCWGIvzkI2Fpp - 8994163661795220 - April 13, 2021, 11:34 am
txn_1IfUZfJm8ehcCWGIrT7oSzl4 - 8994163661794223 - April 13, 2021, 11:34 am
txn_1IfO25Jm8ehcCWGIlRibLeCk - 8994163662273222 - April 13, 2021, 11:34 am
txn_1IfSEvJm8ehcCWGIawihtRo5 - 8994163662274229 - April 13, 2021, 11:34 am
txn_1IfXNVJm8ehcCWGIl6NTgANn - 8994163661793226 - April 13, 2021, 11:34 am
txn_1IfGdeJm8ehcCWGI4x9wVYrb - 8994163661792229 - April 13, 2021, 11:34 am
txn_1IfPwNJm8ehcCWGIqH0XXVTe - 8994163662146229 - April 13, 2021, 11:34 am
txn_1IfSEmJm8ehcCWGI4kGoqyaR - 8994163662272225 - April 13, 2021, 11:34 am
txn_1IfXKpJm8ehcCWGIwX4T4orS - 8994163662142221 - April 13, 2021, 11:34 am
txn_1IfUMqJm8ehcCWGIOyDZq8ED - 8994163662143228 - April 13, 2021, 11:34 am
txn_1IfLkzJm8ehcCWGIQSX0J3Ko - 8994163661790225 - April 13, 2021, 11:34 am
txn_1IfPfwJm8ehcCWGIKT3WsG9X - 8994163661789229 - April 13, 2021, 11:34 am
txn_1IfGRTJm8ehcCWGIlvaGmFXO - 8994163662271228 - April 13, 2021, 11:34 am
txn_1IfUGXJm8ehcCWGIXtmxrHU7 - 8994163662140227 - April 13, 2021, 11:34 am
txn_1IfWykJm8ehcCWGIEDweQAT4 - 8994163662139221 - April 13, 2021, 11:34 am
txn_1IfSCQJm8ehcCWGIbmZNci8u - 8994163661786228 - April 13, 2021, 11:34 am
txn_1IfLXRJm8ehcCWGIMdoN6EvB - 8994163661785221 - April 13, 2021, 11:34 am
txn_1IfPd9Jm8ehcCWGIxHt8b9Nz - 8994163662137227 - April 13, 2021, 11:34 am
txn_1IfGQ7Jm8ehcCWGIevg3nbeu - 8994163661787225 - April 13, 2021, 11:34 am
txn_1IfUBxJm8ehcCWGIXmTWofY6 - 8994163661782220 - April 13, 2021, 11:34 am
txn_1IfWurJm8ehcCWGIL3LOH5Mc - 8994163662265227 - April 13, 2021, 11:34 am
txn_1IfPaQJm8ehcCWGIWTMur77u - 8994163662136220 - April 13, 2021, 11:34 am
txn_1IfGKLJm8ehcCWGImrzPBc6z - 8994163661784224 - April 13, 2021, 11:34 am
txn_1IfKzTJm8ehcCWGIs5qSJOX7 - 8994163661783227 - April 13, 2021, 11:34 am
txn_1IfS9SJm8ehcCWGIjCDMbuzd - 8994163662266224 - April 13, 2021, 11:34 am
txn_1IfTYNJm8ehcCWGILTJOXLu9 - 8994163662352224 - April 13, 2021, 11:34 am
txn_1IfT7IJm8ehcCWGIrhwwCyDm - 8994163662447227 - April 13, 2021, 11:34 am
txn_1IfSzWJm8ehcCWGIrZkEmSPe - 8994163662185228 - April 13, 2021, 11:34 am
txn_1IfOPVJm8ehcCWGIqaecoqES - 8994163662436221 - April 13, 2021, 11:34 am
txn_1IfWjOJm8ehcCWGIyTxKfjV6 - 8994163662174222 - April 13, 2021, 11:34 am
txn_1IfJOlJm8ehcCWGImW6SwBaJ - 8994163662338228 - April 13, 2021, 11:34 am
txn_1IfaGIJm8ehcCWGIGD2X2Vx7 - 8994163662173225 - April 13, 2021, 11:34 am
txn_1IfRMCJm8ehcCWGIpVWVcCsN - 8994163662432223 - April 13, 2021, 11:34 am
txn_1IfWQEJm8ehcCWGI4bcZQFjD - 8994163662171221 - April 13, 2021, 11:34 am
txn_1Ifa83Jm8ehcCWGIVMirZVbi - 8994163662172228 - April 13, 2021, 11:34 am
txn_1IfHuMJm8ehcCWGIxV1MUU5l - 8994163662429223 - April 13, 2021, 11:34 am
txn_1IfZIpJm8ehcCWGIAOnpaGHN - 8994163662428226 - April 13, 2021, 11:34 am
txn_1IfHqwJm8ehcCWGIO6o14pt5 - 8994163662334220 - April 13, 2021, 11:34 am
txn_1IfZ9qJm8ehcCWGIHX8nuqfx - 8994163662425225 - April 13, 2021, 11:34 am
txn_1IfVCcJm8ehcCWGIAXxWe6IF - 8994163662167224 - April 13, 2021, 11:34 am
txn_1IfHEDJm8ehcCWGIk23dM2Dv - 8994163662423221 - April 13, 2021, 11:34 am
txn_1IfQDqJm8ehcCWGIUf7xRJu2 - 8994163662165220 - April 13, 2021, 11:34 am
txn_1IfYUlJm8ehcCWGIzynxuHuk - 8994163662331229 - April 13, 2021, 11:34 am
txn_1IfTt9Jm8ehcCWGIl1fJROMq - 8994163662164223 - April 13, 2021, 11:34 am
txn_1IfHDNJm8ehcCWGI3JgnCfYk - 8994163662163226 - April 13, 2021, 11:34 am
txn_1IfQDQJm8ehcCWGIXCpTMFKz - 8994163662329226 - April 13, 2021, 11:34 am
txn_1IfYABJm8ehcCWGIeQUiCghe - 8994163662162229 - April 13, 2021, 11:34 am
txn_1IfTr1Jm8ehcCWGISgIURF28 - 8994163662161222 - April 13, 2021, 11:34 am
txn_1IfGtZJm8ehcCWGIPlRFSszm - 8994163662327222 - April 13, 2021, 11:34 am
txn_1IfPZEJm8ehcCWGITedERPEN - 8994163662422224 - April 13, 2021, 11:34 am
txn_1IfXa9Jm8ehcCWGIBEyO5a0f - 8994163662326225 - April 13, 2021, 11:34 am
txn_1IfTegJm8ehcCWGIattB3jz5 - 8994163662325228 - April 13, 2021, 11:34 am
txn_1IfGtTJm8ehcCWGID7b5NKwy - 8994163662420220 - April 13, 2021, 11:34 am
txn_1IfPOoJm8ehcCWGIQurZ7ZZ8 - 8994163662324221 - April 13, 2021, 11:34 am
txn_1IfTe6Jm8ehcCWGIph4Tw0uI - 8994163662419224 - April 13, 2021, 11:34 am
txn_1IfXZYJm8ehcCWGIddfc4sgF - 8994163662323224 - April 13, 2021, 11:34 am
txn_1IfGlIJm8ehcCWGIu6HCgam2 - 8994163662318220 - April 13, 2021, 11:34 am
txn_1IfTdhJm8ehcCWGIEX0N186k - 8994163662320223 - April 13, 2021, 11:34 am
txn_1IfPDDJm8ehcCWGIBvm23X8K - 8994163662319227 - April 13, 2021, 11:34 am
txn_1IfXRlJm8ehcCWGINsOjbUq7 - 8994163662317223 - April 13, 2021, 11:34 am
txn_1IfWUFJm8ehcCWGIu0y19vW4 - 8994163662381224 - April 13, 2021, 11:34 am
txn_1IfW9fJm8ehcCWGI68V4U6Sf - 8994163662468222 - April 13, 2021, 11:34 am
txn_1IfW2nJm8ehcCWGIC1MyLz8K - 8994163662194220 - April 13, 2021, 11:34 am
txn_1IfVyVJm8ehcCWGI2r7ACoVb - 8994163662465221 - April 13, 2021, 11:34 am
txn_1IfVbLJm8ehcCWGIpPLRI7IW - 8994163662462220 - April 13, 2021, 11:34 am
txn_1IfS9RJm8ehcCWGImzOB9LMB - 8994163662461223 - April 13, 2021, 11:34 am
txn_1IfaZhJm8ehcCWGIJ2sbXkX5 - 8994163662369222 - April 13, 2021, 11:34 am
txn_1IfS4bJm8ehcCWGIMDHjnK3y - 8994163662460226 - April 13, 2021, 11:34 am
txn_1IfZbxJm8ehcCWGIaeX5gDzh - 8994163662458223 - April 13, 2021, 11:34 am
txn_1IfRRRJm8ehcCWGIsvJcAjVa - 8994163662365224 - April 13, 2021, 11:34 am
txn_1IfZTpJm8ehcCWGIT3DXv7w2 - 8994163662455222 - April 13, 2021, 11:34 am
txn_1IfQrfJm8ehcCWGIkJXH7BPm - 8994163662189226 - April 13, 2021, 11:34 am
txn_1IfZTYJm8ehcCWGIyHdxQHQX - 8994163662360229 - April 13, 2021, 11:34 am
txn_1IfOIhJm8ehcCWGI9Ojfzvmz - 8994163662474223 - April 13, 2021, 11:34 am
txn_1IfO9OJm8ehcCWGI7hqfGrIy - 8994163662148223 - April 13, 2021, 11:35 am
txn_1IfQ4QJm8ehcCWGIYWJ4oRIR - 8994163661798221 - April 13, 2021, 11:35 am
txn_1IfV0GJm8ehcCWGIF2yCdfVD - 8994163662276223 - April 13, 2021, 11:35 am
txn_1IfGhbJm8ehcCWGI8FKHToTD - 8994163662275226 - April 13, 2021, 11:35 am
txn_1IfSKqJm8ehcCWGIqEnxeNtC - 8994163661796227 - April 13, 2021, 11:35 am
txn_1IfQ1TJm8ehcCWGIvzkI2Fpp - 8994163661795220 - April 13, 2021, 11:35 am
txn_1IfUZfJm8ehcCWGIrT7oSzl4 - 8994163661794223 - April 13, 2021, 11:35 am
txn_1IfO25Jm8ehcCWGIlRibLeCk - 8994163662273222 - April 13, 2021, 11:35 am
txn_1IfSEvJm8ehcCWGIawihtRo5 - 8994163662274229 - April 13, 2021, 11:35 am
txn_1IfXNVJm8ehcCWGIl6NTgANn - 8994163661793226 - April 13, 2021, 11:35 am
txn_1IfGdeJm8ehcCWGI4x9wVYrb - 8994163661792229 - April 13, 2021, 11:35 am
txn_1IfPwNJm8ehcCWGIqH0XXVTe - 8994163662146229 - April 13, 2021, 11:35 am
txn_1IfSEmJm8ehcCWGI4kGoqyaR - 8994163662272225 - April 13, 2021, 11:35 am
txn_1IfXKpJm8ehcCWGIwX4T4orS - 8994163662142221 - April 13, 2021, 11:35 am
txn_1IfUMqJm8ehcCWGIOyDZq8ED - 8994163662143228 - April 13, 2021, 11:35 am
txn_1IfLkzJm8ehcCWGIQSX0J3Ko - 8994163661790225 - April 13, 2021, 11:35 am
txn_1IfPfwJm8ehcCWGIKT3WsG9X - 8994163661789229 - April 13, 2021, 11:35 am
txn_1IfGRTJm8ehcCWGIlvaGmFXO - 8994163662271228 - April 13, 2021, 11:35 am
txn_1IfUGXJm8ehcCWGIXtmxrHU7 - 8994163662140227 - April 13, 2021, 11:35 am
txn_1IfWykJm8ehcCWGIEDweQAT4 - 8994163662139221 - April 13, 2021, 11:35 am
txn_1IfSCQJm8ehcCWGIbmZNci8u - 8994163661786228 - April 13, 2021, 11:35 am
txn_1IfLXRJm8ehcCWGIMdoN6EvB - 8994163661785221 - April 13, 2021, 11:35 am
txn_1IfPd9Jm8ehcCWGIxHt8b9Nz - 8994163662137227 - April 13, 2021, 11:35 am
txn_1IfGQ7Jm8ehcCWGIevg3nbeu - 8994163661787225 - April 13, 2021, 11:35 am
txn_1IfUBxJm8ehcCWGIXmTWofY6 - 8994163661782220 - April 13, 2021, 11:35 am
txn_1IfWurJm8ehcCWGIL3LOH5Mc - 8994163662265227 - April 13, 2021, 11:35 am
txn_1IfPaQJm8ehcCWGIWTMur77u - 8994163662136220 - April 13, 2021, 11:35 am
txn_1IfGKLJm8ehcCWGImrzPBc6z - 8994163661784224 - April 13, 2021, 11:35 am
txn_1IfKzTJm8ehcCWGIs5qSJOX7 - 8994163661783227 - April 13, 2021, 11:35 am
txn_1IfS9SJm8ehcCWGIjCDMbuzd - 8994163662266224 - April 13, 2021, 11:35 am
txn_1IfTYNJm8ehcCWGILTJOXLu9 - 8994163662352224 - April 13, 2021, 11:35 am
txn_1IfT7IJm8ehcCWGIrhwwCyDm - 8994163662447227 - April 13, 2021, 11:35 am
txn_1IfSzWJm8ehcCWGIrZkEmSPe - 8994163662185228 - April 13, 2021, 11:35 am
txn_1IfOPVJm8ehcCWGIqaecoqES - 8994163662436221 - April 13, 2021, 11:35 am
txn_1IfWjOJm8ehcCWGIyTxKfjV6 - 8994163662174222 - April 13, 2021, 11:35 am
txn_1IfJOlJm8ehcCWGImW6SwBaJ - 8994163662338228 - April 13, 2021, 11:35 am
txn_1IfaGIJm8ehcCWGIGD2X2Vx7 - 8994163662173225 - April 13, 2021, 11:35 am
txn_1IfRMCJm8ehcCWGIpVWVcCsN - 8994163662432223 - April 13, 2021, 11:35 am
txn_1IfWQEJm8ehcCWGI4bcZQFjD - 8994163662171221 - April 13, 2021, 11:35 am
txn_1Ifa83Jm8ehcCWGIVMirZVbi - 8994163662172228 - April 13, 2021, 11:35 am
txn_1IfHuMJm8ehcCWGIxV1MUU5l - 8994163662429223 - April 13, 2021, 11:35 am
txn_1IfZIpJm8ehcCWGIAOnpaGHN - 8994163662428226 - April 13, 2021, 11:35 am
txn_1IfHqwJm8ehcCWGIO6o14pt5 - 8994163662334220 - April 13, 2021, 11:35 am
txn_1IfZ9qJm8ehcCWGIHX8nuqfx - 8994163662425225 - April 13, 2021, 11:35 am
txn_1IfVCcJm8ehcCWGIAXxWe6IF - 8994163662167224 - April 13, 2021, 11:35 am
txn_1IfHEDJm8ehcCWGIk23dM2Dv - 8994163662423221 - April 13, 2021, 11:35 am
txn_1IfQDqJm8ehcCWGIUf7xRJu2 - 8994163662165220 - April 13, 2021, 11:35 am
txn_1IfYUlJm8ehcCWGIzynxuHuk - 8994163662331229 - April 13, 2021, 11:35 am
txn_1IfTt9Jm8ehcCWGIl1fJROMq - 8994163662164223 - April 13, 2021, 11:35 am
txn_1IfHDNJm8ehcCWGI3JgnCfYk - 8994163662163226 - April 13, 2021, 11:35 am
txn_1IfQDQJm8ehcCWGIXCpTMFKz - 8994163662329226 - April 13, 2021, 11:35 am
txn_1IfYABJm8ehcCWGIeQUiCghe - 8994163662162229 - April 13, 2021, 11:35 am
txn_1IfTr1Jm8ehcCWGISgIURF28 - 8994163662161222 - April 13, 2021, 11:35 am
txn_1IfGtZJm8ehcCWGIPlRFSszm - 8994163662327222 - April 13, 2021, 11:35 am
txn_1IfPZEJm8ehcCWGITedERPEN - 8994163662422224 - April 13, 2021, 11:35 am
txn_1IfXa9Jm8ehcCWGIBEyO5a0f - 8994163662326225 - April 13, 2021, 11:35 am
txn_1IfTegJm8ehcCWGIattB3jz5 - 8994163662325228 - April 13, 2021, 11:35 am
txn_1IfGtTJm8ehcCWGID7b5NKwy - 8994163662420220 - April 13, 2021, 11:35 am
txn_1IfPOoJm8ehcCWGIQurZ7ZZ8 - 8994163662324221 - April 13, 2021, 11:35 am
txn_1IfTe6Jm8ehcCWGIph4Tw0uI - 8994163662419224 - April 13, 2021, 11:35 am
txn_1IfXZYJm8ehcCWGIddfc4sgF - 8994163662323224 - April 13, 2021, 11:35 am
txn_1IfGlIJm8ehcCWGIu6HCgam2 - 8994163662318220 - April 13, 2021, 11:35 am
txn_1IfTdhJm8ehcCWGIEX0N186k - 8994163662320223 - April 13, 2021, 11:35 am
txn_1IfPDDJm8ehcCWGIBvm23X8K - 8994163662319227 - April 13, 2021, 11:35 am
txn_1IfXRlJm8ehcCWGINsOjbUq7 - 8994163662317223 - April 13, 2021, 11:35 am
txn_1IfWUFJm8ehcCWGIu0y19vW4 - 8994163662381224 - April 13, 2021, 11:35 am
txn_1IfW9fJm8ehcCWGI68V4U6Sf - 8994163662468222 - April 13, 2021, 11:35 am
txn_1IfW2nJm8ehcCWGIC1MyLz8K - 8994163662194220 - April 13, 2021, 11:35 am
txn_1IfVyVJm8ehcCWGI2r7ACoVb - 8994163662465221 - April 13, 2021, 11:35 am
txn_1IfVbLJm8ehcCWGIpPLRI7IW - 8994163662462220 - April 13, 2021, 11:35 am
txn_1IfS9RJm8ehcCWGImzOB9LMB - 8994163662461223 - April 13, 2021, 11:35 am
txn_1IfaZhJm8ehcCWGIJ2sbXkX5 - 8994163662369222 - April 13, 2021, 11:35 am
txn_1IfS4bJm8ehcCWGIMDHjnK3y - 8994163662460226 - April 13, 2021, 11:35 am
txn_1IfZbxJm8ehcCWGIaeX5gDzh - 8994163662458223 - April 13, 2021, 11:35 am
txn_1IfRRRJm8ehcCWGIsvJcAjVa - 8994163662365224 - April 13, 2021, 11:35 am
txn_1IfZTpJm8ehcCWGIT3DXv7w2 - 8994163662455222 - April 13, 2021, 11:35 am
txn_1IfQrfJm8ehcCWGIkJXH7BPm - 8994163662189226 - April 13, 2021, 11:35 am
txn_1IfZTYJm8ehcCWGIyHdxQHQX - 8994163662360229 - April 13, 2021, 11:35 am
txn_1IfP91Jm8ehcCWGIzgn1nB0C - 8994163662480224 - April 13, 2021, 11:35 am
txn_1IfOxAJm8ehcCWGI6b2YQo4o - 8994163662809223 - April 13, 2021, 11:35 am
txn_1IfOsOJm8ehcCWGI3ln8hlTs - 8994163662476227 - April 13, 2021, 11:35 am
txn_1IfOIhJm8ehcCWGI9Ojfzvmz - 8994163662474223 - April 13, 2021, 11:35 am
