txn_1J4W7jJm8ehcCWGI1duSqPmr - 8994163784496257 - June 21, 2021, 4:28 pm
txn_1J4AeGJm8ehcCWGImj0a8Dl9 - 8994163784498251 - June 21, 2021, 4:28 pm
txn_1J3YmqJm8ehcCWGIsJ9yilCL - 8994163784300257 - June 21, 2021, 4:28 pm
txn_1J4IV2Jm8ehcCWGImEEoGswZ - 8994163784198250 - June 21, 2021, 4:28 pm
txn_1J464QJm8ehcCWGIpvjMZ0fj - 8994163784495250 - June 21, 2021, 4:28 pm
txn_1J3ngMJm8ehcCWGIUfFGj9G1 - 8994163784497254 - June 21, 2021, 4:28 pm
txn_1J4AXcJm8ehcCWGITHtaHpwz - 8994163784494253 - June 21, 2021, 4:28 pm
txn_1J3X2PJm8ehcCWGIVhqQJEuD - 8994163784197253 - June 21, 2021, 4:28 pm
txn_1J45L4Jm8ehcCWGIHkFdsXga - 8994163784196256 - June 21, 2021, 4:28 pm
txn_1J4W3wJm8ehcCWGIAZtEunlH - 8994163784299254 - June 21, 2021, 4:28 pm
txn_1J4HOyJm8ehcCWGIk5JSFBF0 - 8994163784298257 - June 21, 2021, 4:28 pm
txn_1J3nQFJm8ehcCWGImuXwkgJH - 8994163784493256 - June 21, 2021, 4:28 pm
txn_1J49YQJm8ehcCWGIO79vnLH2 - 8994163784297250 - June 21, 2021, 4:28 pm
txn_1J3WOeJm8ehcCWGIsbKLElcl - 8994163784296253 - June 21, 2021, 4:28 pm
txn_1J42EPJm8ehcCWGIBdtGueaJ - 8994163784492259 - June 21, 2021, 4:28 pm
txn_1J4VydJm8ehcCWGIrr9mszI0 - 8994163784194252 - June 21, 2021, 4:28 pm
txn_1J4H9mJm8ehcCWGIZJgzTAI1 - 8994163784491252 - June 21, 2021, 4:28 pm
txn_1J3mekJm8ehcCWGIOynquF5r - 8994163784490255 - June 21, 2021, 4:28 pm
txn_1J4W7jJm8ehcCWGI1duSqPmr - 8994163784496257 - June 21, 2021, 4:28 pm
txn_1J4AeGJm8ehcCWGImj0a8Dl9 - 8994163784498251 - June 21, 2021, 4:28 pm
txn_1J3YmqJm8ehcCWGIsJ9yilCL - 8994163784300257 - June 21, 2021, 4:28 pm
txn_1J4IV2Jm8ehcCWGImEEoGswZ - 8994163784198250 - June 21, 2021, 4:28 pm
txn_1J464QJm8ehcCWGIpvjMZ0fj - 8994163784495250 - June 21, 2021, 4:28 pm
txn_1J3ngMJm8ehcCWGIUfFGj9G1 - 8994163784497254 - June 21, 2021, 4:28 pm
txn_1J4AXcJm8ehcCWGITHtaHpwz - 8994163784494253 - June 21, 2021, 4:28 pm
txn_1J3X2PJm8ehcCWGIVhqQJEuD - 8994163784197253 - June 21, 2021, 4:28 pm
txn_1J45L4Jm8ehcCWGIHkFdsXga - 8994163784196256 - June 21, 2021, 4:28 pm
txn_1J4W3wJm8ehcCWGIAZtEunlH - 8994163784299254 - June 21, 2021, 4:28 pm
txn_1J4HOyJm8ehcCWGIk5JSFBF0 - 8994163784298257 - June 21, 2021, 4:28 pm
txn_1J3nQFJm8ehcCWGImuXwkgJH - 8994163784493256 - June 21, 2021, 4:28 pm
txn_1J49YQJm8ehcCWGIO79vnLH2 - 8994163784297250 - June 21, 2021, 4:28 pm
txn_1J3WOeJm8ehcCWGIsbKLElcl - 8994163784296253 - June 21, 2021, 4:28 pm
txn_1J42EPJm8ehcCWGIBdtGueaJ - 8994163784492259 - June 21, 2021, 4:28 pm
txn_1J4VydJm8ehcCWGIrr9mszI0 - 8994163784194252 - June 21, 2021, 4:28 pm
txn_1J4H9mJm8ehcCWGIZJgzTAI1 - 8994163784491252 - June 21, 2021, 4:28 pm
txn_1J3mekJm8ehcCWGIOynquF5r - 8994163784490255 - June 21, 2021, 4:28 pm
txn_1J4W7jJm8ehcCWGI1duSqPmr - 8994163784496257 - June 21, 2021, 4:28 pm
txn_1J4AeGJm8ehcCWGImj0a8Dl9 - 8994163784498251 - June 21, 2021, 4:28 pm
txn_1J3YmqJm8ehcCWGIsJ9yilCL - 8994163784300257 - June 21, 2021, 4:28 pm
txn_1J4IV2Jm8ehcCWGImEEoGswZ - 8994163784198250 - June 21, 2021, 4:28 pm
txn_1J464QJm8ehcCWGIpvjMZ0fj - 8994163784495250 - June 21, 2021, 4:28 pm
txn_1J3ngMJm8ehcCWGIUfFGj9G1 - 8994163784497254 - June 21, 2021, 4:28 pm
txn_1J4AXcJm8ehcCWGITHtaHpwz - 8994163784494253 - June 21, 2021, 4:28 pm
txn_1J3X2PJm8ehcCWGIVhqQJEuD - 8994163784197253 - June 21, 2021, 4:28 pm
txn_1J45L4Jm8ehcCWGIHkFdsXga - 8994163784196256 - June 21, 2021, 4:28 pm
txn_1J4W3wJm8ehcCWGIAZtEunlH - 8994163784299254 - June 21, 2021, 4:28 pm
txn_1J4HOyJm8ehcCWGIk5JSFBF0 - 8994163784298257 - June 21, 2021, 4:28 pm
txn_1J3nQFJm8ehcCWGImuXwkgJH - 8994163784493256 - June 21, 2021, 4:28 pm
txn_1J49YQJm8ehcCWGIO79vnLH2 - 8994163784297250 - June 21, 2021, 4:28 pm
txn_1J3WOeJm8ehcCWGIsbKLElcl - 8994163784296253 - June 21, 2021, 4:28 pm
txn_1J42EPJm8ehcCWGIBdtGueaJ - 8994163784492259 - June 21, 2021, 4:28 pm
txn_1J4VydJm8ehcCWGIrr9mszI0 - 8994163784194252 - June 21, 2021, 4:28 pm
txn_1J4H9mJm8ehcCWGIZJgzTAI1 - 8994163784491252 - June 21, 2021, 4:28 pm
txn_1J3mekJm8ehcCWGIOynquF5r - 8994163784490255 - June 21, 2021, 4:28 pm
txn_1J4W7jJm8ehcCWGI1duSqPmr - 8994163784496257 - June 21, 2021, 4:28 pm
txn_1J4AeGJm8ehcCWGImj0a8Dl9 - 8994163784498251 - June 21, 2021, 4:28 pm
txn_1J3YmqJm8ehcCWGIsJ9yilCL - 8994163784300257 - June 21, 2021, 4:28 pm
txn_1J4IV2Jm8ehcCWGImEEoGswZ - 8994163784198250 - June 21, 2021, 4:28 pm
txn_1J464QJm8ehcCWGIpvjMZ0fj - 8994163784495250 - June 21, 2021, 4:28 pm
txn_1J3ngMJm8ehcCWGIUfFGj9G1 - 8994163784497254 - June 21, 2021, 4:28 pm
txn_1J4AXcJm8ehcCWGITHtaHpwz - 8994163784494253 - June 21, 2021, 4:28 pm
txn_1J3X2PJm8ehcCWGIVhqQJEuD - 8994163784197253 - June 21, 2021, 4:28 pm
txn_1J45L4Jm8ehcCWGIHkFdsXga - 8994163784196256 - June 21, 2021, 4:28 pm
txn_1J4W3wJm8ehcCWGIAZtEunlH - 8994163784299254 - June 21, 2021, 4:28 pm
txn_1J4HOyJm8ehcCWGIk5JSFBF0 - 8994163784298257 - June 21, 2021, 4:28 pm
txn_1J3nQFJm8ehcCWGImuXwkgJH - 8994163784493256 - June 21, 2021, 4:28 pm
txn_1J49YQJm8ehcCWGIO79vnLH2 - 8994163784297250 - June 21, 2021, 4:28 pm
txn_1J3WOeJm8ehcCWGIsbKLElcl - 8994163784296253 - June 21, 2021, 4:28 pm
txn_1J42EPJm8ehcCWGIBdtGueaJ - 8994163784492259 - June 21, 2021, 4:28 pm
txn_1J4VydJm8ehcCWGIrr9mszI0 - 8994163784194252 - June 21, 2021, 4:28 pm
txn_1J4H9mJm8ehcCWGIZJgzTAI1 - 8994163784491252 - June 21, 2021, 4:28 pm
txn_1J3mekJm8ehcCWGIOynquF5r - 8994163784490255 - June 21, 2021, 4:28 pm
txn_1J3gQ4Jm8ehcCWGIFXP3zsBb -  - June 21, 2021, 4:28 pm
txn_1J48ZRJm8ehcCWGIz1PsL69u -  - June 21, 2021, 4:28 pm
txn_1J3pQ3Jm8ehcCWGIsqjjdIUG -  - June 21, 2021, 4:28 pm
txn_1J4Z48Jm8ehcCWGImD7rulUy -  - June 21, 2021, 4:28 pm
txn_1J48RCJm8ehcCWGIDGLpwOJK -  - June 21, 2021, 4:28 pm
txn_1J4YvfJm8ehcCWGIlXFc4Ya6 -  - June 21, 2021, 4:28 pm
txn_1IvtIIJm8ehcCWGIhuoX8GJE_X -  - June 21, 2021, 4:28 pm
txn_1J48CXJm8ehcCWGIHI51FELj -  - June 21, 2021, 4:28 pm
txn_1J4YjUJm8ehcCWGI59unX8N5 -  - June 21, 2021, 4:28 pm
txn_1J3oE1Jm8ehcCWGIdB0q9TQp -  - June 21, 2021, 4:28 pm
txn_1J47cBJm8ehcCWGIkIsNvDYN -  - June 21, 2021, 4:28 pm
txn_1J4WcQJm8ehcCWGITLGIY45C -  - June 21, 2021, 4:28 pm
txn_1J4Fz0Jm8ehcCWGIMglBcOWs -  - June 21, 2021, 4:28 pm
txn_1J3mA1Jm8ehcCWGIGIX5zZDw -  - June 21, 2021, 4:28 pm
txn_1J4FswJm8ehcCWGIHsKvlB4n -  - June 21, 2021, 4:28 pm
txn_1J478LJm8ehcCWGIODzcnu01 -  - June 21, 2021, 4:28 pm
txn_1J4WLhJm8ehcCWGIwygiUqxH -  - June 21, 2021, 4:28 pm
txn_1J3ko3Jm8ehcCWGIk8MCaAL5 -  - June 21, 2021, 4:28 pm
txn_1J4FQCJm8ehcCWGIR9MHui6f -  - June 21, 2021, 4:28 pm
txn_1J466GJm8ehcCWGI376TkEeH -  - June 21, 2021, 4:28 pm
txn_1J4VTOJm8ehcCWGId5MPEjxF -  - June 21, 2021, 4:28 pm
txn_1J3kOaJm8ehcCWGIuwRQ2eT5 -  - June 21, 2021, 4:28 pm
txn_1J4VT7Jm8ehcCWGIEw7pFtdk -  - June 21, 2021, 4:28 pm
txn_1J3jlWJm8ehcCWGIPEGOjF8v -  - June 21, 2021, 4:28 pm
txn_1J4F8fJm8ehcCWGIKo92KIxg -  - June 21, 2021, 4:28 pm
txn_1J41n6Jm8ehcCWGI1ARMTpjb -  - June 21, 2021, 4:28 pm
txn_1J4UnAJm8ehcCWGIZZwaWtrl -  - June 21, 2021, 4:28 pm
txn_1J4adFJm8ehcCWGI8TnVVPUy -  - June 21, 2021, 4:28 pm
txn_1J4EZvJm8ehcCWGIa2YTCTZC -  - June 21, 2021, 4:28 pm
txn_1J3iaQJm8ehcCWGIsYoev5uP -  - June 21, 2021, 4:28 pm
txn_1J3t7cJm8ehcCWGIPT1Qzgjz -  - June 21, 2021, 4:28 pm
txn_1J4aSKJm8ehcCWGIyLaPlfQn -  - June 21, 2021, 4:28 pm
txn_1J3geqJm8ehcCWGI3PeSwXi4 -  - June 21, 2021, 4:28 pm
txn_1J4DppJm8ehcCWGI1uzXa8Jg -  - June 21, 2021, 4:28 pm
txn_1J3svyJm8ehcCWGIkJYA54IZ -  - June 21, 2021, 4:28 pm
txn_1J4TUvJm8ehcCWGI6T49SghR -  - June 21, 2021, 4:28 pm
txn_1J49SDJm8ehcCWGIEmk32EAL -  - June 21, 2021, 4:28 pm
txn_1J3sRAJm8ehcCWGI2DeptXkc -  - June 21, 2021, 4:28 pm
txn_1J4ZYyJm8ehcCWGI95Qzkrpt -  - June 21, 2021, 4:28 pm
txn_1J4TMnJm8ehcCWGIvRB7Sg7k -  - June 21, 2021, 4:28 pm
txn_1J4W7jJm8ehcCWGI1duSqPmr - 8994163784496257 - June 21, 2021, 4:28 pm
txn_1J4AeGJm8ehcCWGImj0a8Dl9 - 8994163784498251 - June 21, 2021, 4:28 pm
txn_1J3YmqJm8ehcCWGIsJ9yilCL - 8994163784300257 - June 21, 2021, 4:28 pm
txn_1J4IV2Jm8ehcCWGImEEoGswZ - 8994163784198250 - June 21, 2021, 4:28 pm
txn_1J464QJm8ehcCWGIpvjMZ0fj - 8994163784495250 - June 21, 2021, 4:28 pm
txn_1J3ngMJm8ehcCWGIUfFGj9G1 - 8994163784497254 - June 21, 2021, 4:28 pm
txn_1J4AXcJm8ehcCWGITHtaHpwz - 8994163784494253 - June 21, 2021, 4:28 pm
txn_1J3X2PJm8ehcCWGIVhqQJEuD - 8994163784197253 - June 21, 2021, 4:28 pm
txn_1J45L4Jm8ehcCWGIHkFdsXga - 8994163784196256 - June 21, 2021, 4:28 pm
txn_1J4W3wJm8ehcCWGIAZtEunlH - 8994163784299254 - June 21, 2021, 4:28 pm
txn_1J4HOyJm8ehcCWGIk5JSFBF0 - 8994163784298257 - June 21, 2021, 4:28 pm
txn_1J3nQFJm8ehcCWGImuXwkgJH - 8994163784493256 - June 21, 2021, 4:28 pm
txn_1J49YQJm8ehcCWGIO79vnLH2 - 8994163784297250 - June 21, 2021, 4:28 pm
txn_1J3WOeJm8ehcCWGIsbKLElcl - 8994163784296253 - June 21, 2021, 4:28 pm
txn_1J42EPJm8ehcCWGIBdtGueaJ - 8994163784492259 - June 21, 2021, 4:28 pm
txn_1J4VydJm8ehcCWGIrr9mszI0 - 8994163784194252 - June 21, 2021, 4:28 pm
txn_1J4H9mJm8ehcCWGIZJgzTAI1 - 8994163784491252 - June 21, 2021, 4:28 pm
txn_1J3mekJm8ehcCWGIOynquF5r - 8994163784490255 - June 21, 2021, 4:28 pm
txn_1J4TJzJm8ehcCWGIA7NIr1Nf - 8994163784315251 - June 21, 2021, 4:28 pm
txn_1J4W7jJm8ehcCWGI1duSqPmr - 8994163784496257 - June 21, 2021, 4:28 pm
txn_1J4AeGJm8ehcCWGImj0a8Dl9 - 8994163784498251 - June 21, 2021, 4:28 pm
txn_1J3YmqJm8ehcCWGIsJ9yilCL - 8994163784300257 - June 21, 2021, 4:28 pm
txn_1J4IV2Jm8ehcCWGImEEoGswZ - 8994163784198250 - June 21, 2021, 4:28 pm
txn_1J464QJm8ehcCWGIpvjMZ0fj - 8994163784495250 - June 21, 2021, 4:28 pm
txn_1J3ngMJm8ehcCWGIUfFGj9G1 - 8994163784497254 - June 21, 2021, 4:28 pm
txn_1J4AXcJm8ehcCWGITHtaHpwz - 8994163784494253 - June 21, 2021, 4:28 pm
txn_1J3X2PJm8ehcCWGIVhqQJEuD - 8994163784197253 - June 21, 2021, 4:28 pm
txn_1J45L4Jm8ehcCWGIHkFdsXga - 8994163784196256 - June 21, 2021, 4:28 pm
txn_1J4W3wJm8ehcCWGIAZtEunlH - 8994163784299254 - June 21, 2021, 4:28 pm
txn_1J4HOyJm8ehcCWGIk5JSFBF0 - 8994163784298257 - June 21, 2021, 4:28 pm
txn_1J3nQFJm8ehcCWGImuXwkgJH - 8994163784493256 - June 21, 2021, 4:28 pm
txn_1J49YQJm8ehcCWGIO79vnLH2 - 8994163784297250 - June 21, 2021, 4:28 pm
txn_1J3WOeJm8ehcCWGIsbKLElcl - 8994163784296253 - June 21, 2021, 4:28 pm
txn_1J42EPJm8ehcCWGIBdtGueaJ - 8994163784492259 - June 21, 2021, 4:28 pm
txn_1J4VydJm8ehcCWGIrr9mszI0 - 8994163784194252 - June 21, 2021, 4:28 pm
txn_1J4H9mJm8ehcCWGIZJgzTAI1 - 8994163784491252 - June 21, 2021, 4:28 pm
txn_1J3mekJm8ehcCWGIOynquF5r - 8994163784490255 - June 21, 2021, 4:28 pm
txn_1J4TJzJm8ehcCWGIA7NIr1Nf - 8994163784315251 - June 21, 2021, 4:28 pm
txn_1J4aSKJm8ehcCWGIyLaPlfQn - 8994163784528255 - June 21, 2021, 4:28 pm
txn_1J4TUvJm8ehcCWGI6T49SghR - 8994163784622250 - June 21, 2021, 4:28 pm
txn_1J3sRAJm8ehcCWGI2DeptXkc - 8994163784321252 - June 21, 2021, 4:28 pm
txn_1J3gQ4Jm8ehcCWGIFXP3zsBb - 8994163784527258 - June 21, 2021, 4:28 pm
txn_1J49SDJm8ehcCWGIEmk32EAL - 8994163784623257 - June 21, 2021, 4:28 pm
txn_1J4W7jJm8ehcCWGI1duSqPmr - 8994163784496257 - June 21, 2021, 4:29 pm
txn_1J4AeGJm8ehcCWGImj0a8Dl9 - 8994163784498251 - June 21, 2021, 4:29 pm
txn_1J3YmqJm8ehcCWGIsJ9yilCL - 8994163784300257 - June 21, 2021, 4:29 pm
txn_1J4IV2Jm8ehcCWGImEEoGswZ - 8994163784198250 - June 21, 2021, 4:29 pm
txn_1J464QJm8ehcCWGIpvjMZ0fj - 8994163784495250 - June 21, 2021, 4:29 pm
txn_1J3ngMJm8ehcCWGIUfFGj9G1 - 8994163784497254 - June 21, 2021, 4:29 pm
txn_1J4AXcJm8ehcCWGITHtaHpwz - 8994163784494253 - June 21, 2021, 4:29 pm
txn_1J3X2PJm8ehcCWGIVhqQJEuD - 8994163784197253 - June 21, 2021, 4:29 pm
txn_1J45L4Jm8ehcCWGIHkFdsXga - 8994163784196256 - June 21, 2021, 4:29 pm
txn_1J4W3wJm8ehcCWGIAZtEunlH - 8994163784299254 - June 21, 2021, 4:29 pm
txn_1J4HOyJm8ehcCWGIk5JSFBF0 - 8994163784298257 - June 21, 2021, 4:29 pm
txn_1J3nQFJm8ehcCWGImuXwkgJH - 8994163784493256 - June 21, 2021, 4:29 pm
txn_1J49YQJm8ehcCWGIO79vnLH2 - 8994163784297250 - June 21, 2021, 4:29 pm
txn_1J3WOeJm8ehcCWGIsbKLElcl - 8994163784296253 - June 21, 2021, 4:29 pm
txn_1J42EPJm8ehcCWGIBdtGueaJ - 8994163784492259 - June 21, 2021, 4:29 pm
txn_1J4VydJm8ehcCWGIrr9mszI0 - 8994163784194252 - June 21, 2021, 4:29 pm
txn_1J4H9mJm8ehcCWGIZJgzTAI1 - 8994163784491252 - June 21, 2021, 4:29 pm
txn_1J3mekJm8ehcCWGIOynquF5r - 8994163784490255 - June 21, 2021, 4:29 pm
txn_1J4TJzJm8ehcCWGIA7NIr1Nf - 8994163784315251 - June 21, 2021, 4:29 pm
txn_1J4VTOJm8ehcCWGId5MPEjxF - 8994163784540257 - June 21, 2021, 4:29 pm
txn_1J3jlWJm8ehcCWGIPEGOjF8v - 8994163784325250 - June 21, 2021, 4:29 pm
txn_1J4F8fJm8ehcCWGIKo92KIxg - 8994163784539251 - June 21, 2021, 4:29 pm
txn_1J41n6Jm8ehcCWGI1ARMTpjb - 8994163784632259 - June 21, 2021, 4:29 pm
txn_1J3iaQJm8ehcCWGIsYoev5uP - 8994163784628252 - June 21, 2021, 4:29 pm
txn_1J4VT7Jm8ehcCWGIEw7pFtdk - 8994163784630255 - June 21, 2021, 4:29 pm
txn_1J4EZvJm8ehcCWGIa2YTCTZC - 8994163784629259 - June 21, 2021, 4:29 pm
txn_1J3t7cJm8ehcCWGIPT1Qzgjz - 8994163784534256 - June 21, 2021, 4:29 pm
txn_1J4UnAJm8ehcCWGIZZwaWtrl - 8994163784532252 - June 21, 2021, 4:29 pm
txn_1J3svyJm8ehcCWGIkJYA54IZ - 8994163784322259 - June 21, 2021, 4:29 pm
txn_1J4adFJm8ehcCWGI8TnVVPUy - 8994163784626258 - June 21, 2021, 4:29 pm
txn_1J4DppJm8ehcCWGI1uzXa8Jg - 8994163784530258 - June 21, 2021, 4:29 pm
txn_1J3geqJm8ehcCWGI3PeSwXi4 - 8994163784531255 - June 21, 2021, 4:29 pm
txn_1J4aSKJm8ehcCWGIyLaPlfQn - 8994163784528255 - June 21, 2021, 4:29 pm
txn_1J4TUvJm8ehcCWGI6T49SghR - 8994163784622250 - June 21, 2021, 4:29 pm
txn_1J3sRAJm8ehcCWGI2DeptXkc - 8994163784321252 - June 21, 2021, 4:29 pm
txn_1J3gQ4Jm8ehcCWGIFXP3zsBb - 8994163784527258 - June 21, 2021, 4:29 pm
txn_1J49SDJm8ehcCWGIEmk32EAL - 8994163784623257 - June 21, 2021, 4:29 pm
txn_1J4W7jJm8ehcCWGI1duSqPmr - 8994163784496257 - June 21, 2021, 4:29 pm
txn_1J4AeGJm8ehcCWGImj0a8Dl9 - 8994163784498251 - June 21, 2021, 4:29 pm
txn_1J3YmqJm8ehcCWGIsJ9yilCL - 8994163784300257 - June 21, 2021, 4:29 pm
txn_1J4IV2Jm8ehcCWGImEEoGswZ - 8994163784198250 - June 21, 2021, 4:29 pm
txn_1J464QJm8ehcCWGIpvjMZ0fj - 8994163784495250 - June 21, 2021, 4:29 pm
txn_1J3ngMJm8ehcCWGIUfFGj9G1 - 8994163784497254 - June 21, 2021, 4:29 pm
txn_1J4AXcJm8ehcCWGITHtaHpwz - 8994163784494253 - June 21, 2021, 4:29 pm
txn_1J3X2PJm8ehcCWGIVhqQJEuD - 8994163784197253 - June 21, 2021, 4:29 pm
txn_1J45L4Jm8ehcCWGIHkFdsXga - 8994163784196256 - June 21, 2021, 4:29 pm
txn_1J4W3wJm8ehcCWGIAZtEunlH - 8994163784299254 - June 21, 2021, 4:29 pm
txn_1J4HOyJm8ehcCWGIk5JSFBF0 - 8994163784298257 - June 21, 2021, 4:29 pm
txn_1J3nQFJm8ehcCWGImuXwkgJH - 8994163784493256 - June 21, 2021, 4:29 pm
txn_1J49YQJm8ehcCWGIO79vnLH2 - 8994163784297250 - June 21, 2021, 4:29 pm
txn_1J3WOeJm8ehcCWGIsbKLElcl - 8994163784296253 - June 21, 2021, 4:29 pm
txn_1J42EPJm8ehcCWGIBdtGueaJ - 8994163784492259 - June 21, 2021, 4:29 pm
txn_1J4VydJm8ehcCWGIrr9mszI0 - 8994163784194252 - June 21, 2021, 4:29 pm
txn_1J4H9mJm8ehcCWGIZJgzTAI1 - 8994163784491252 - June 21, 2021, 4:29 pm
txn_1J3mekJm8ehcCWGIOynquF5r - 8994163784490255 - June 21, 2021, 4:29 pm
txn_1J4TJzJm8ehcCWGIA7NIr1Nf - 8994163784315251 - June 21, 2021, 4:29 pm
txn_1J4VTOJm8ehcCWGId5MPEjxF - 8994163784540257 - June 21, 2021, 4:29 pm
txn_1J3jlWJm8ehcCWGIPEGOjF8v - 8994163784325250 - June 21, 2021, 4:29 pm
txn_1J4F8fJm8ehcCWGIKo92KIxg - 8994163784539251 - June 21, 2021, 4:29 pm
txn_1J41n6Jm8ehcCWGI1ARMTpjb - 8994163784632259 - June 21, 2021, 4:29 pm
txn_1J3iaQJm8ehcCWGIsYoev5uP - 8994163784628252 - June 21, 2021, 4:29 pm
txn_1J4VT7Jm8ehcCWGIEw7pFtdk - 8994163784630255 - June 21, 2021, 4:29 pm
txn_1J4EZvJm8ehcCWGIa2YTCTZC - 8994163784629259 - June 21, 2021, 4:29 pm
txn_1J3t7cJm8ehcCWGIPT1Qzgjz - 8994163784534256 - June 21, 2021, 4:29 pm
txn_1J4UnAJm8ehcCWGIZZwaWtrl - 8994163784532252 - June 21, 2021, 4:29 pm
txn_1J3svyJm8ehcCWGIkJYA54IZ - 8994163784322259 - June 21, 2021, 4:29 pm
txn_1J4adFJm8ehcCWGI8TnVVPUy - 8994163784626258 - June 21, 2021, 4:29 pm
txn_1J4DppJm8ehcCWGI1uzXa8Jg - 8994163784530258 - June 21, 2021, 4:29 pm
txn_1J3geqJm8ehcCWGI3PeSwXi4 - 8994163784531255 - June 21, 2021, 4:29 pm
txn_1J4aSKJm8ehcCWGIyLaPlfQn - 8994163784528255 - June 21, 2021, 4:29 pm
txn_1J4TUvJm8ehcCWGI6T49SghR - 8994163784622250 - June 21, 2021, 4:29 pm
txn_1J3sRAJm8ehcCWGI2DeptXkc - 8994163784321252 - June 21, 2021, 4:29 pm
txn_1J3gQ4Jm8ehcCWGIFXP3zsBb - 8994163784527258 - June 21, 2021, 4:29 pm
txn_1J49SDJm8ehcCWGIEmk32EAL - 8994163784623257 - June 21, 2021, 4:29 pm
txn_1J4YvfJm8ehcCWGIlXFc4Ya6 -  - June 21, 2021, 4:29 pm
txn_1J48ZRJm8ehcCWGIz1PsL69u -  - June 21, 2021, 4:29 pm
txn_1J4YjUJm8ehcCWGI59unX8N5 -  - June 21, 2021, 4:29 pm
txn_1J48RCJm8ehcCWGIDGLpwOJK -  - June 21, 2021, 4:29 pm
txn_1J4W7jJm8ehcCWGI1duSqPmr - 8994163784496257 - June 21, 2021, 4:29 pm
txn_1J4AeGJm8ehcCWGImj0a8Dl9 - 8994163784498251 - June 21, 2021, 4:29 pm
txn_1J3YmqJm8ehcCWGIsJ9yilCL - 8994163784300257 - June 21, 2021, 4:29 pm
txn_1J4IV2Jm8ehcCWGImEEoGswZ - 8994163784198250 - June 21, 2021, 4:29 pm
txn_1J464QJm8ehcCWGIpvjMZ0fj - 8994163784495250 - June 21, 2021, 4:29 pm
txn_1J3ngMJm8ehcCWGIUfFGj9G1 - 8994163784497254 - June 21, 2021, 4:29 pm
txn_1J4AXcJm8ehcCWGITHtaHpwz - 8994163784494253 - June 21, 2021, 4:29 pm
txn_1J3X2PJm8ehcCWGIVhqQJEuD - 8994163784197253 - June 21, 2021, 4:29 pm
txn_1J45L4Jm8ehcCWGIHkFdsXga - 8994163784196256 - June 21, 2021, 4:29 pm
txn_1J4W3wJm8ehcCWGIAZtEunlH - 8994163784299254 - June 21, 2021, 4:29 pm
txn_1J4HOyJm8ehcCWGIk5JSFBF0 - 8994163784298257 - June 21, 2021, 4:29 pm
txn_1J3nQFJm8ehcCWGImuXwkgJH - 8994163784493256 - June 21, 2021, 4:29 pm
txn_1J49YQJm8ehcCWGIO79vnLH2 - 8994163784297250 - June 21, 2021, 4:29 pm
txn_1J3WOeJm8ehcCWGIsbKLElcl - 8994163784296253 - June 21, 2021, 4:29 pm
txn_1J42EPJm8ehcCWGIBdtGueaJ - 8994163784492259 - June 21, 2021, 4:29 pm
txn_1J4VydJm8ehcCWGIrr9mszI0 - 8994163784194252 - June 21, 2021, 4:29 pm
txn_1J4H9mJm8ehcCWGIZJgzTAI1 - 8994163784491252 - June 21, 2021, 4:29 pm
txn_1J3mekJm8ehcCWGIOynquF5r - 8994163784490255 - June 21, 2021, 4:29 pm
txn_1J4TJzJm8ehcCWGIA7NIr1Nf - 8994163784315251 - June 21, 2021, 4:29 pm
txn_1J4VTOJm8ehcCWGId5MPEjxF - 8994163784540257 - June 21, 2021, 4:29 pm
txn_1J3jlWJm8ehcCWGIPEGOjF8v - 8994163784325250 - June 21, 2021, 4:29 pm
txn_1J4F8fJm8ehcCWGIKo92KIxg - 8994163784539251 - June 21, 2021, 4:29 pm
txn_1J41n6Jm8ehcCWGI1ARMTpjb - 8994163784632259 - June 21, 2021, 4:29 pm
txn_1J3iaQJm8ehcCWGIsYoev5uP - 8994163784628252 - June 21, 2021, 4:29 pm
txn_1J4VT7Jm8ehcCWGIEw7pFtdk - 8994163784630255 - June 21, 2021, 4:29 pm
txn_1J4EZvJm8ehcCWGIa2YTCTZC - 8994163784629259 - June 21, 2021, 4:29 pm
txn_1J3t7cJm8ehcCWGIPT1Qzgjz - 8994163784534256 - June 21, 2021, 4:29 pm
txn_1J4UnAJm8ehcCWGIZZwaWtrl - 8994163784532252 - June 21, 2021, 4:29 pm
txn_1J3svyJm8ehcCWGIkJYA54IZ - 8994163784322259 - June 21, 2021, 4:29 pm
txn_1J4adFJm8ehcCWGI8TnVVPUy - 8994163784626258 - June 21, 2021, 4:29 pm
txn_1J4DppJm8ehcCWGI1uzXa8Jg - 8994163784530258 - June 21, 2021, 4:29 pm
txn_1J3geqJm8ehcCWGI3PeSwXi4 - 8994163784531255 - June 21, 2021, 4:29 pm
txn_1J4aSKJm8ehcCWGIyLaPlfQn - 8994163784528255 - June 21, 2021, 4:29 pm
txn_1J4TUvJm8ehcCWGI6T49SghR - 8994163784622250 - June 21, 2021, 4:29 pm
txn_1J3sRAJm8ehcCWGI2DeptXkc - 8994163784321252 - June 21, 2021, 4:29 pm
txn_1J3gQ4Jm8ehcCWGIFXP3zsBb - 8994163784527258 - June 21, 2021, 4:29 pm
txn_1J49SDJm8ehcCWGIEmk32EAL - 8994163784623257 - June 21, 2021, 4:29 pm
txn_1J4GykJm8ehcCWGIoPKVljOf - 8994163784572258 - June 21, 2021, 4:29 pm
txn_1J3oE1Jm8ehcCWGIdB0q9TQp - 8994163784571251 - June 21, 2021, 4:29 pm
txn_1J4Fz0Jm8ehcCWGIMglBcOWs -  - June 21, 2021, 4:29 pm
txn_1J3mA1Jm8ehcCWGIGIX5zZDw -  - June 21, 2021, 4:29 pm
txn_1J3ko3Jm8ehcCWGIk8MCaAL5 -  - June 21, 2021, 4:29 pm
txn_1J3kOaJm8ehcCWGIuwRQ2eT5 -  - June 21, 2021, 4:29 pm
txn_1J4FswJm8ehcCWGIHsKvlB4n -  - June 21, 2021, 4:29 pm
txn_1J4ZYyJm8ehcCWGI95Qzkrpt -  - June 21, 2021, 4:29 pm
txn_1J4Z48Jm8ehcCWGImD7rulUy -  - June 21, 2021, 4:29 pm
txn_1J4FQCJm8ehcCWGIR9MHui6f -  - June 21, 2021, 4:29 pm
txn_1J4YvfJm8ehcCWGIlXFc4Ya6 -  - June 21, 2021, 4:29 pm
txn_1J48ZRJm8ehcCWGIz1PsL69u -  - June 21, 2021, 4:29 pm
txn_1J4YjUJm8ehcCWGI59unX8N5 -  - June 21, 2021, 4:29 pm
txn_1J48RCJm8ehcCWGIDGLpwOJK -  - June 21, 2021, 4:29 pm
txn_1J4W7jJm8ehcCWGI1duSqPmr - 8994163784496257 - June 21, 2021, 4:30 pm
txn_1J4AeGJm8ehcCWGImj0a8Dl9 - 8994163784498251 - June 21, 2021, 4:30 pm
txn_1J3YmqJm8ehcCWGIsJ9yilCL - 8994163784300257 - June 21, 2021, 4:30 pm
txn_1J4IV2Jm8ehcCWGImEEoGswZ - 8994163784198250 - June 21, 2021, 4:30 pm
txn_1J464QJm8ehcCWGIpvjMZ0fj - 8994163784495250 - June 21, 2021, 4:30 pm
txn_1J3ngMJm8ehcCWGIUfFGj9G1 - 8994163784497254 - June 21, 2021, 4:30 pm
txn_1J4AXcJm8ehcCWGITHtaHpwz - 8994163784494253 - June 21, 2021, 4:30 pm
txn_1J3X2PJm8ehcCWGIVhqQJEuD - 8994163784197253 - June 21, 2021, 4:30 pm
txn_1J45L4Jm8ehcCWGIHkFdsXga - 8994163784196256 - June 21, 2021, 4:30 pm
txn_1J4W3wJm8ehcCWGIAZtEunlH - 8994163784299254 - June 21, 2021, 4:30 pm
txn_1J4HOyJm8ehcCWGIk5JSFBF0 - 8994163784298257 - June 21, 2021, 4:30 pm
txn_1J3nQFJm8ehcCWGImuXwkgJH - 8994163784493256 - June 21, 2021, 4:30 pm
txn_1J49YQJm8ehcCWGIO79vnLH2 - 8994163784297250 - June 21, 2021, 4:30 pm
txn_1J3WOeJm8ehcCWGIsbKLElcl - 8994163784296253 - June 21, 2021, 4:30 pm
txn_1J42EPJm8ehcCWGIBdtGueaJ - 8994163784492259 - June 21, 2021, 4:30 pm
txn_1J4VydJm8ehcCWGIrr9mszI0 - 8994163784194252 - June 21, 2021, 4:30 pm
txn_1J4H9mJm8ehcCWGIZJgzTAI1 - 8994163784491252 - June 21, 2021, 4:30 pm
txn_1J3mekJm8ehcCWGIOynquF5r - 8994163784490255 - June 21, 2021, 4:30 pm
txn_1J4TJzJm8ehcCWGIA7NIr1Nf - 8994163784315251 - June 21, 2021, 4:30 pm
txn_1J4VTOJm8ehcCWGId5MPEjxF - 8994163784540257 - June 21, 2021, 4:30 pm
txn_1J3jlWJm8ehcCWGIPEGOjF8v - 8994163784325250 - June 21, 2021, 4:30 pm
txn_1J4F8fJm8ehcCWGIKo92KIxg - 8994163784539251 - June 21, 2021, 4:30 pm
txn_1J41n6Jm8ehcCWGI1ARMTpjb - 8994163784632259 - June 21, 2021, 4:30 pm
txn_1J3iaQJm8ehcCWGIsYoev5uP - 8994163784628252 - June 21, 2021, 4:30 pm
txn_1J4VT7Jm8ehcCWGIEw7pFtdk - 8994163784630255 - June 21, 2021, 4:30 pm
txn_1J4EZvJm8ehcCWGIa2YTCTZC - 8994163784629259 - June 21, 2021, 4:30 pm
txn_1J3t7cJm8ehcCWGIPT1Qzgjz - 8994163784534256 - June 21, 2021, 4:30 pm
txn_1J4UnAJm8ehcCWGIZZwaWtrl - 8994163784532252 - June 21, 2021, 4:30 pm
txn_1J3svyJm8ehcCWGIkJYA54IZ - 8994163784322259 - June 21, 2021, 4:30 pm
txn_1J4adFJm8ehcCWGI8TnVVPUy - 8994163784626258 - June 21, 2021, 4:30 pm
txn_1J4DppJm8ehcCWGI1uzXa8Jg - 8994163784530258 - June 21, 2021, 4:30 pm
txn_1J3geqJm8ehcCWGI3PeSwXi4 - 8994163784531255 - June 21, 2021, 4:30 pm
txn_1J4aSKJm8ehcCWGIyLaPlfQn - 8994163784528255 - June 21, 2021, 4:30 pm
txn_1J4TUvJm8ehcCWGI6T49SghR - 8994163784622250 - June 21, 2021, 4:30 pm
txn_1J3sRAJm8ehcCWGI2DeptXkc - 8994163784321252 - June 21, 2021, 4:30 pm
txn_1J3gQ4Jm8ehcCWGIFXP3zsBb - 8994163784527258 - June 21, 2021, 4:30 pm
txn_1J49SDJm8ehcCWGIEmk32EAL - 8994163784623257 - June 21, 2021, 4:30 pm
txn_1J48CXJm8ehcCWGIHI51FELj - 8994163784586255 - June 21, 2021, 4:30 pm
txn_1J47cBJm8ehcCWGIkIsNvDYN - 8994163784354250 - June 21, 2021, 4:30 pm
txn_1J478LJm8ehcCWGIODzcnu01 - 8994163784583254 - June 21, 2021, 4:30 pm
txn_1J4WcQJm8ehcCWGITLGIY45C - 8994163784353253 - June 21, 2021, 4:30 pm
txn_1J4WLhJm8ehcCWGIwygiUqxH - 8994163784352256 - June 21, 2021, 4:30 pm
txn_1J466GJm8ehcCWGI376TkEeH - 8994163784653254 - June 21, 2021, 4:30 pm
txn_1J4TMnJm8ehcCWGIvRB7Sg7k - 8994163784652257 - June 21, 2021, 4:30 pm
txn_1J3pQ3Jm8ehcCWGIsqjjdIUG - 8994163784576256 - June 21, 2021, 4:30 pm
txn_1J4TClJm8ehcCWGIWDn92QZQ - 8994163784574252 - June 21, 2021, 4:30 pm
txn_1IvtIIJm8ehcCWGIhuoX8GJE_X - 8994163784348259 - June 21, 2021, 4:30 pm
txn_1J4GykJm8ehcCWGIoPKVljOf - 8994163784572258 - June 21, 2021, 4:30 pm
txn_1J3oE1Jm8ehcCWGIdB0q9TQp - 8994163784571251 - June 21, 2021, 4:30 pm
txn_1J4W7jJm8ehcCWGI1duSqPmr - 8994163784496257 - June 21, 2021, 4:31 pm
txn_1J4AeGJm8ehcCWGImj0a8Dl9 - 8994163784498251 - June 21, 2021, 4:31 pm
txn_1J3YmqJm8ehcCWGIsJ9yilCL - 8994163784300257 - June 21, 2021, 4:31 pm
txn_1J4IV2Jm8ehcCWGImEEoGswZ - 8994163784198250 - June 21, 2021, 4:31 pm
txn_1J464QJm8ehcCWGIpvjMZ0fj - 8994163784495250 - June 21, 2021, 4:31 pm
txn_1J3ngMJm8ehcCWGIUfFGj9G1 - 8994163784497254 - June 21, 2021, 4:31 pm
txn_1J4AXcJm8ehcCWGITHtaHpwz - 8994163784494253 - June 21, 2021, 4:31 pm
txn_1J3X2PJm8ehcCWGIVhqQJEuD - 8994163784197253 - June 21, 2021, 4:31 pm
txn_1J45L4Jm8ehcCWGIHkFdsXga - 8994163784196256 - June 21, 2021, 4:31 pm
txn_1J4W3wJm8ehcCWGIAZtEunlH - 8994163784299254 - June 21, 2021, 4:31 pm
txn_1J4HOyJm8ehcCWGIk5JSFBF0 - 8994163784298257 - June 21, 2021, 4:31 pm
txn_1J3nQFJm8ehcCWGImuXwkgJH - 8994163784493256 - June 21, 2021, 4:31 pm
txn_1J49YQJm8ehcCWGIO79vnLH2 - 8994163784297250 - June 21, 2021, 4:31 pm
txn_1J3WOeJm8ehcCWGIsbKLElcl - 8994163784296253 - June 21, 2021, 4:31 pm
txn_1J42EPJm8ehcCWGIBdtGueaJ - 8994163784492259 - June 21, 2021, 4:31 pm
txn_1J4VydJm8ehcCWGIrr9mszI0 - 8994163784194252 - June 21, 2021, 4:31 pm
txn_1J4H9mJm8ehcCWGIZJgzTAI1 - 8994163784491252 - June 21, 2021, 4:31 pm
txn_1J3mekJm8ehcCWGIOynquF5r - 8994163784490255 - June 21, 2021, 4:31 pm
txn_1J4TJzJm8ehcCWGIA7NIr1Nf - 8994163784315251 - June 21, 2021, 4:31 pm
txn_1J4VTOJm8ehcCWGId5MPEjxF - 8994163784540257 - June 21, 2021, 4:31 pm
txn_1J3jlWJm8ehcCWGIPEGOjF8v - 8994163784325250 - June 21, 2021, 4:31 pm
txn_1J4F8fJm8ehcCWGIKo92KIxg - 8994163784539251 - June 21, 2021, 4:31 pm
txn_1J41n6Jm8ehcCWGI1ARMTpjb - 8994163784632259 - June 21, 2021, 4:31 pm
txn_1J3iaQJm8ehcCWGIsYoev5uP - 8994163784628252 - June 21, 2021, 4:31 pm
txn_1J4VT7Jm8ehcCWGIEw7pFtdk - 8994163784630255 - June 21, 2021, 4:31 pm
txn_1J4EZvJm8ehcCWGIa2YTCTZC - 8994163784629259 - June 21, 2021, 4:31 pm
txn_1J3t7cJm8ehcCWGIPT1Qzgjz - 8994163784534256 - June 21, 2021, 4:31 pm
txn_1J4UnAJm8ehcCWGIZZwaWtrl - 8994163784532252 - June 21, 2021, 4:31 pm
txn_1J3svyJm8ehcCWGIkJYA54IZ - 8994163784322259 - June 21, 2021, 4:31 pm
txn_1J4adFJm8ehcCWGI8TnVVPUy - 8994163784626258 - June 21, 2021, 4:31 pm
txn_1J4DppJm8ehcCWGI1uzXa8Jg - 8994163784530258 - June 21, 2021, 4:31 pm
txn_1J3geqJm8ehcCWGI3PeSwXi4 - 8994163784531255 - June 21, 2021, 4:31 pm
txn_1J4aSKJm8ehcCWGIyLaPlfQn - 8994163784528255 - June 21, 2021, 4:31 pm
txn_1J4TUvJm8ehcCWGI6T49SghR - 8994163784622250 - June 21, 2021, 4:31 pm
txn_1J3sRAJm8ehcCWGI2DeptXkc - 8994163784321252 - June 21, 2021, 4:31 pm
txn_1J3gQ4Jm8ehcCWGIFXP3zsBb - 8994163784527258 - June 21, 2021, 4:31 pm
txn_1J49SDJm8ehcCWGIEmk32EAL - 8994163784623257 - June 21, 2021, 4:31 pm
txn_1J48CXJm8ehcCWGIHI51FELj - 8994163784586255 - June 21, 2021, 4:31 pm
txn_1J47cBJm8ehcCWGIkIsNvDYN - 8994163784354250 - June 21, 2021, 4:31 pm
txn_1J478LJm8ehcCWGIODzcnu01 - 8994163784583254 - June 21, 2021, 4:31 pm
txn_1J4WcQJm8ehcCWGITLGIY45C - 8994163784353253 - June 21, 2021, 4:31 pm
txn_1J4WLhJm8ehcCWGIwygiUqxH - 8994163784352256 - June 21, 2021, 4:31 pm
txn_1J466GJm8ehcCWGI376TkEeH - 8994163784653254 - June 21, 2021, 4:31 pm
txn_1J4TMnJm8ehcCWGIvRB7Sg7k - 8994163784652257 - June 21, 2021, 4:31 pm
txn_1J3pQ3Jm8ehcCWGIsqjjdIUG - 8994163784576256 - June 21, 2021, 4:31 pm
txn_1J4TClJm8ehcCWGIWDn92QZQ - 8994163784574252 - June 21, 2021, 4:31 pm
txn_1IvtIIJm8ehcCWGIhuoX8GJE_X - 8994163784348259 - June 21, 2021, 4:31 pm
txn_1J4GykJm8ehcCWGIoPKVljOf - 8994163784572258 - June 21, 2021, 4:31 pm
txn_1J3oE1Jm8ehcCWGIdB0q9TQp - 8994163784571251 - June 21, 2021, 4:31 pm
txn_1J4FQCJm8ehcCWGIR9MHui6f - 8994163784670251 - June 21, 2021, 4:31 pm
txn_1J48ZRJm8ehcCWGIz1PsL69u - 8994163784669255 - June 21, 2021, 4:31 pm
txn_1J48RCJm8ehcCWGIDGLpwOJK - 8994163784666254 - June 21, 2021, 4:31 pm
txn_1J3mA1Jm8ehcCWGIGIX5zZDw - 8994163784360251 - June 21, 2021, 4:31 pm
txn_1J4ZYyJm8ehcCWGI95Qzkrpt - 8994163784665257 - June 21, 2021, 4:31 pm
txn_1J3ko3Jm8ehcCWGIk8MCaAL5 - 8994163784591259 - June 21, 2021, 4:31 pm
txn_1J4Z48Jm8ehcCWGImD7rulUy - 8994163784359255 - June 21, 2021, 4:31 pm
txn_1J3kOaJm8ehcCWGIuwRQ2eT5 - 8994163784590252 - June 21, 2021, 4:31 pm
txn_1J4Fz0Jm8ehcCWGIMglBcOWs - 8994163784610257 - June 21, 2021, 4:31 pm
txn_1J4FswJm8ehcCWGIHsKvlB4n - 8994163784367250 - June 21, 2021, 4:31 pm
txn_1J4W7jJm8ehcCWGI1duSqPmr - 8994163784496257 - June 21, 2021, 4:31 pm
txn_1J4AeGJm8ehcCWGImj0a8Dl9 - 8994163784498251 - June 21, 2021, 4:31 pm
txn_1J3YmqJm8ehcCWGIsJ9yilCL - 8994163784300257 - June 21, 2021, 4:31 pm
txn_1J4IV2Jm8ehcCWGImEEoGswZ - 8994163784198250 - June 21, 2021, 4:31 pm
txn_1J464QJm8ehcCWGIpvjMZ0fj - 8994163784495250 - June 21, 2021, 4:31 pm
txn_1J3ngMJm8ehcCWGIUfFGj9G1 - 8994163784497254 - June 21, 2021, 4:31 pm
txn_1J4AXcJm8ehcCWGITHtaHpwz - 8994163784494253 - June 21, 2021, 4:31 pm
txn_1J3X2PJm8ehcCWGIVhqQJEuD - 8994163784197253 - June 21, 2021, 4:31 pm
txn_1J45L4Jm8ehcCWGIHkFdsXga - 8994163784196256 - June 21, 2021, 4:31 pm
txn_1J4W3wJm8ehcCWGIAZtEunlH - 8994163784299254 - June 21, 2021, 4:31 pm
txn_1J4HOyJm8ehcCWGIk5JSFBF0 - 8994163784298257 - June 21, 2021, 4:31 pm
txn_1J3nQFJm8ehcCWGImuXwkgJH - 8994163784493256 - June 21, 2021, 4:31 pm
txn_1J49YQJm8ehcCWGIO79vnLH2 - 8994163784297250 - June 21, 2021, 4:31 pm
txn_1J3WOeJm8ehcCWGIsbKLElcl - 8994163784296253 - June 21, 2021, 4:31 pm
txn_1J42EPJm8ehcCWGIBdtGueaJ - 8994163784492259 - June 21, 2021, 4:31 pm
txn_1J4VydJm8ehcCWGIrr9mszI0 - 8994163784194252 - June 21, 2021, 4:31 pm
txn_1J4H9mJm8ehcCWGIZJgzTAI1 - 8994163784491252 - June 21, 2021, 4:31 pm
txn_1J3mekJm8ehcCWGIOynquF5r - 8994163784490255 - June 21, 2021, 4:31 pm
txn_1J4TJzJm8ehcCWGIA7NIr1Nf - 8994163784315251 - June 21, 2021, 4:31 pm
txn_1J4VTOJm8ehcCWGId5MPEjxF - 8994163784540257 - June 21, 2021, 4:31 pm
txn_1J3jlWJm8ehcCWGIPEGOjF8v - 8994163784325250 - June 21, 2021, 4:31 pm
txn_1J4F8fJm8ehcCWGIKo92KIxg - 8994163784539251 - June 21, 2021, 4:31 pm
txn_1J41n6Jm8ehcCWGI1ARMTpjb - 8994163784632259 - June 21, 2021, 4:31 pm
txn_1J3iaQJm8ehcCWGIsYoev5uP - 8994163784628252 - June 21, 2021, 4:31 pm
txn_1J4VT7Jm8ehcCWGIEw7pFtdk - 8994163784630255 - June 21, 2021, 4:31 pm
txn_1J4EZvJm8ehcCWGIa2YTCTZC - 8994163784629259 - June 21, 2021, 4:31 pm
txn_1J3t7cJm8ehcCWGIPT1Qzgjz - 8994163784534256 - June 21, 2021, 4:31 pm
txn_1J4UnAJm8ehcCWGIZZwaWtrl - 8994163784532252 - June 21, 2021, 4:31 pm
txn_1J3svyJm8ehcCWGIkJYA54IZ - 8994163784322259 - June 21, 2021, 4:31 pm
txn_1J4adFJm8ehcCWGI8TnVVPUy - 8994163784626258 - June 21, 2021, 4:31 pm
txn_1J4DppJm8ehcCWGI1uzXa8Jg - 8994163784530258 - June 21, 2021, 4:31 pm
txn_1J3geqJm8ehcCWGI3PeSwXi4 - 8994163784531255 - June 21, 2021, 4:31 pm
txn_1J4aSKJm8ehcCWGIyLaPlfQn - 8994163784528255 - June 21, 2021, 4:31 pm
txn_1J4TUvJm8ehcCWGI6T49SghR - 8994163784622250 - June 21, 2021, 4:31 pm
txn_1J3sRAJm8ehcCWGI2DeptXkc - 8994163784321252 - June 21, 2021, 4:31 pm
txn_1J3gQ4Jm8ehcCWGIFXP3zsBb - 8994163784527258 - June 21, 2021, 4:31 pm
txn_1J49SDJm8ehcCWGIEmk32EAL - 8994163784623257 - June 21, 2021, 4:31 pm
txn_1J48CXJm8ehcCWGIHI51FELj - 8994163784586255 - June 21, 2021, 4:31 pm
txn_1J47cBJm8ehcCWGIkIsNvDYN - 8994163784354250 - June 21, 2021, 4:31 pm
txn_1J478LJm8ehcCWGIODzcnu01 - 8994163784583254 - June 21, 2021, 4:31 pm
txn_1J4WcQJm8ehcCWGITLGIY45C - 8994163784353253 - June 21, 2021, 4:31 pm
txn_1J4WLhJm8ehcCWGIwygiUqxH - 8994163784352256 - June 21, 2021, 4:31 pm
txn_1J466GJm8ehcCWGI376TkEeH - 8994163784653254 - June 21, 2021, 4:31 pm
txn_1J4TMnJm8ehcCWGIvRB7Sg7k - 8994163784652257 - June 21, 2021, 4:31 pm
txn_1J3pQ3Jm8ehcCWGIsqjjdIUG - 8994163784576256 - June 21, 2021, 4:31 pm
txn_1J4TClJm8ehcCWGIWDn92QZQ - 8994163784574252 - June 21, 2021, 4:31 pm
txn_1IvtIIJm8ehcCWGIhuoX8GJE_X - 8994163784348259 - June 21, 2021, 4:31 pm
txn_1J4GykJm8ehcCWGIoPKVljOf - 8994163784572258 - June 21, 2021, 4:31 pm
txn_1J3oE1Jm8ehcCWGIdB0q9TQp - 8994163784571251 - June 21, 2021, 4:31 pm
txn_1J4FQCJm8ehcCWGIR9MHui6f - 8994163784670251 - June 21, 2021, 4:31 pm
txn_1J48ZRJm8ehcCWGIz1PsL69u - 8994163784669255 - June 21, 2021, 4:31 pm
txn_1J48RCJm8ehcCWGIDGLpwOJK - 8994163784666254 - June 21, 2021, 4:31 pm
txn_1J3mA1Jm8ehcCWGIGIX5zZDw - 8994163784360251 - June 21, 2021, 4:31 pm
txn_1J4ZYyJm8ehcCWGI95Qzkrpt - 8994163784665257 - June 21, 2021, 4:31 pm
txn_1J3ko3Jm8ehcCWGIk8MCaAL5 - 8994163784591259 - June 21, 2021, 4:31 pm
txn_1J4Z48Jm8ehcCWGImD7rulUy - 8994163784359255 - June 21, 2021, 4:31 pm
txn_1J3kOaJm8ehcCWGIuwRQ2eT5 - 8994163784590252 - June 21, 2021, 4:31 pm
txn_1J4YjUJm8ehcCWGI59unX8N5 - 8994163784368257 - June 21, 2021, 4:31 pm
txn_1J4Fz0Jm8ehcCWGIMglBcOWs - 8994163784610257 - June 21, 2021, 4:31 pm
txn_1J4FswJm8ehcCWGIHsKvlB4n - 8994163784367250 - June 21, 2021, 4:31 pm
txn_1J4W7jJm8ehcCWGI1duSqPmr - 8994163784496257 - June 21, 2021, 4:31 pm
txn_1J4AeGJm8ehcCWGImj0a8Dl9 - 8994163784498251 - June 21, 2021, 4:31 pm
txn_1J3YmqJm8ehcCWGIsJ9yilCL - 8994163784300257 - June 21, 2021, 4:31 pm
txn_1J4IV2Jm8ehcCWGImEEoGswZ - 8994163784198250 - June 21, 2021, 4:31 pm
txn_1J464QJm8ehcCWGIpvjMZ0fj - 8994163784495250 - June 21, 2021, 4:31 pm
txn_1J3ngMJm8ehcCWGIUfFGj9G1 - 8994163784497254 - June 21, 2021, 4:31 pm
txn_1J4AXcJm8ehcCWGITHtaHpwz - 8994163784494253 - June 21, 2021, 4:31 pm
txn_1J3X2PJm8ehcCWGIVhqQJEuD - 8994163784197253 - June 21, 2021, 4:31 pm
txn_1J45L4Jm8ehcCWGIHkFdsXga - 8994163784196256 - June 21, 2021, 4:31 pm
txn_1J4W3wJm8ehcCWGIAZtEunlH - 8994163784299254 - June 21, 2021, 4:31 pm
txn_1J4HOyJm8ehcCWGIk5JSFBF0 - 8994163784298257 - June 21, 2021, 4:31 pm
txn_1J3nQFJm8ehcCWGImuXwkgJH - 8994163784493256 - June 21, 2021, 4:31 pm
txn_1J49YQJm8ehcCWGIO79vnLH2 - 8994163784297250 - June 21, 2021, 4:31 pm
txn_1J3WOeJm8ehcCWGIsbKLElcl - 8994163784296253 - June 21, 2021, 4:31 pm
txn_1J42EPJm8ehcCWGIBdtGueaJ - 8994163784492259 - June 21, 2021, 4:31 pm
txn_1J4VydJm8ehcCWGIrr9mszI0 - 8994163784194252 - June 21, 2021, 4:31 pm
txn_1J4H9mJm8ehcCWGIZJgzTAI1 - 8994163784491252 - June 21, 2021, 4:31 pm
txn_1J3mekJm8ehcCWGIOynquF5r - 8994163784490255 - June 21, 2021, 4:31 pm
txn_1J4TJzJm8ehcCWGIA7NIr1Nf - 8994163784315251 - June 21, 2021, 4:31 pm
txn_1J4VTOJm8ehcCWGId5MPEjxF - 8994163784540257 - June 21, 2021, 4:31 pm
txn_1J3jlWJm8ehcCWGIPEGOjF8v - 8994163784325250 - June 21, 2021, 4:31 pm
txn_1J4F8fJm8ehcCWGIKo92KIxg - 8994163784539251 - June 21, 2021, 4:31 pm
txn_1J41n6Jm8ehcCWGI1ARMTpjb - 8994163784632259 - June 21, 2021, 4:31 pm
txn_1J3iaQJm8ehcCWGIsYoev5uP - 8994163784628252 - June 21, 2021, 4:31 pm
txn_1J4VT7Jm8ehcCWGIEw7pFtdk - 8994163784630255 - June 21, 2021, 4:31 pm
txn_1J4EZvJm8ehcCWGIa2YTCTZC - 8994163784629259 - June 21, 2021, 4:31 pm
txn_1J3t7cJm8ehcCWGIPT1Qzgjz - 8994163784534256 - June 21, 2021, 4:31 pm
txn_1J4UnAJm8ehcCWGIZZwaWtrl - 8994163784532252 - June 21, 2021, 4:31 pm
txn_1J3svyJm8ehcCWGIkJYA54IZ - 8994163784322259 - June 21, 2021, 4:31 pm
txn_1J4adFJm8ehcCWGI8TnVVPUy - 8994163784626258 - June 21, 2021, 4:31 pm
txn_1J4DppJm8ehcCWGI1uzXa8Jg - 8994163784530258 - June 21, 2021, 4:31 pm
txn_1J3geqJm8ehcCWGI3PeSwXi4 - 8994163784531255 - June 21, 2021, 4:31 pm
txn_1J4aSKJm8ehcCWGIyLaPlfQn - 8994163784528255 - June 21, 2021, 4:31 pm
txn_1J4TUvJm8ehcCWGI6T49SghR - 8994163784622250 - June 21, 2021, 4:31 pm
txn_1J3sRAJm8ehcCWGI2DeptXkc - 8994163784321252 - June 21, 2021, 4:31 pm
txn_1J3gQ4Jm8ehcCWGIFXP3zsBb - 8994163784527258 - June 21, 2021, 4:31 pm
txn_1J49SDJm8ehcCWGIEmk32EAL - 8994163784623257 - June 21, 2021, 4:31 pm
txn_1J48CXJm8ehcCWGIHI51FELj - 8994163784586255 - June 21, 2021, 4:31 pm
txn_1J47cBJm8ehcCWGIkIsNvDYN - 8994163784354250 - June 21, 2021, 4:31 pm
txn_1J478LJm8ehcCWGIODzcnu01 - 8994163784583254 - June 21, 2021, 4:31 pm
txn_1J4WcQJm8ehcCWGITLGIY45C - 8994163784353253 - June 21, 2021, 4:31 pm
txn_1J4WLhJm8ehcCWGIwygiUqxH - 8994163784352256 - June 21, 2021, 4:31 pm
txn_1J466GJm8ehcCWGI376TkEeH - 8994163784653254 - June 21, 2021, 4:31 pm
txn_1J4TMnJm8ehcCWGIvRB7Sg7k - 8994163784652257 - June 21, 2021, 4:31 pm
txn_1J3pQ3Jm8ehcCWGIsqjjdIUG - 8994163784576256 - June 21, 2021, 4:31 pm
txn_1J4TClJm8ehcCWGIWDn92QZQ - 8994163784574252 - June 21, 2021, 4:31 pm
txn_1IvtIIJm8ehcCWGIhuoX8GJE_X - 8994163784348259 - June 21, 2021, 4:31 pm
txn_1J4GykJm8ehcCWGIoPKVljOf - 8994163784572258 - June 21, 2021, 4:31 pm
txn_1J3oE1Jm8ehcCWGIdB0q9TQp - 8994163784571251 - June 21, 2021, 4:31 pm
txn_1J4FQCJm8ehcCWGIR9MHui6f - 8994163784670251 - June 21, 2021, 4:31 pm
txn_1J48ZRJm8ehcCWGIz1PsL69u - 8994163784669255 - June 21, 2021, 4:31 pm
txn_1J48RCJm8ehcCWGIDGLpwOJK - 8994163784666254 - June 21, 2021, 4:31 pm
txn_1J3mA1Jm8ehcCWGIGIX5zZDw - 8994163784360251 - June 21, 2021, 4:31 pm
txn_1J4ZYyJm8ehcCWGI95Qzkrpt - 8994163784665257 - June 21, 2021, 4:31 pm
txn_1J3ko3Jm8ehcCWGIk8MCaAL5 - 8994163784591259 - June 21, 2021, 4:31 pm
txn_1J4Z48Jm8ehcCWGImD7rulUy - 8994163784359255 - June 21, 2021, 4:31 pm
txn_1J3kOaJm8ehcCWGIuwRQ2eT5 - 8994163784590252 - June 21, 2021, 4:31 pm
txn_1J4YvfJm8ehcCWGIlXFc4Ya6 - 8994163784369254 - June 21, 2021, 4:31 pm
txn_1J4YjUJm8ehcCWGI59unX8N5 - 8994163784368257 - June 21, 2021, 4:31 pm
txn_1J4Fz0Jm8ehcCWGIMglBcOWs - 8994163784610257 - June 21, 2021, 4:31 pm
txn_1J4FswJm8ehcCWGIHsKvlB4n - 8994163784367250 - June 21, 2021, 4:31 pm
