txn_1GjAp0JWFwEFN23CXY8XzMo0 - 8994163250597242 - May 18, 2020, 10:41 pm
txn_1GjB85JWFwEFN23C483nieRG - 8994163250145245 - May 18, 2020, 10:41 pm
txn_1GjBjVJWFwEFN23Cf2tGPU4l - 8994163250588240 - May 18, 2020, 10:41 pm
txn_1GjvzIJWFwEFN23CyXWfyWPn - 8994163250134249 - May 18, 2020, 10:41 pm
txn_1GjC9AJWFwEFN23CWHT4TEJG - 8994163250586246 - May 18, 2020, 10:41 pm
txn_1GjYSbJWFwEFN23CiOGmzOKf - 8994163250584242 - May 18, 2020, 10:41 pm
txn_1GjbF4JWFwEFN23CWlEskxac - 8994163250642249 - May 18, 2020, 10:41 pm
txn_1GjRVdJWFwEFN23CnJKhzzMe - 8994163250582248 - May 18, 2020, 10:41 pm
txn_1GjrNOJWFwEFN23CjWlTzjS4 - 8994163250581241 - May 18, 2020, 10:41 pm
txn_1Gk0i8JWFwEFN23CbBkuF4PA - 8994163250577244 - May 18, 2020, 10:41 pm
txn_1Gjb69JWFwEFN23CecQdSRtN - 8994163250641242 - May 18, 2020, 10:41 pm
txn_1GjZCaJWFwEFN23COyVLRKqt - 8994163250575240 - May 18, 2020, 10:41 pm
txn_1GjbZRJWFwEFN23CIzSKODgW - 8994163250131248 - May 18, 2020, 10:41 pm
txn_1GjSb1JWFwEFN23CJXJ6t6J3 - 8994163250574243 - May 18, 2020, 10:41 pm
txn_1GjrTDJWFwEFN23Cjle0K57q - 8994163250640245 - May 18, 2020, 10:41 pm
txn_1GkHSAJWFwEFN23CETPyBdR3 - 8994163250638242 - May 18, 2020, 10:41 pm
txn_1Gjb79JWFwEFN23CUMJSbqk1 - 8994163250570245 - May 18, 2020, 10:41 pm
txn_1GjZieJWFwEFN23CgRE5aDA8 - 8994163250569249 - May 18, 2020, 10:41 pm
txn_1Gjc5lJWFwEFN23Cay42Hr5H - 8994163250568242 - May 18, 2020, 10:41 pm
txn_1GjSWFJWFwEFN23C4yzCjUgF - 8994163250567245 - May 18, 2020, 10:41 pm
txn_1GjsgwJWFwEFN23CN3Fr9U17 - 8994163250130241 - May 18, 2020, 10:41 pm
txn_1GkHVUJWFwEFN23C4RDhwk6I - 8994163250636248 - May 18, 2020, 10:41 pm
txn_1GjbESJWFwEFN23C3TCmHx7V - 8994163250562240 - May 18, 2020, 10:41 pm
txn_1GjaJiJWFwEFN23CB9FaGjQS - 8994163250563247 - May 18, 2020, 10:41 pm
txn_1Gjp0vJWFwEFN23Ct6dFcUtt - 8994163250560246 - May 18, 2020, 10:41 pm
txn_1GjXoiJWFwEFN23CS3BCzX0d - 8994163250561243 - May 18, 2020, 10:41 pm
txn_1GjtEgJWFwEFN23CBDSPpyg7 - 8994163250635241 - May 18, 2020, 10:41 pm
txn_1GjakeJWFwEFN23C21Gm4103 - 8994163250767249 - May 18, 2020, 10:43 pm
