txn_1InApPJm8ehcCWGIpytkxRb8 - 8994163691581237 - May 4, 2021, 2:49 pm
txn_1ImkClJm8ehcCWGIb13xeLpl - 8994163691583231 - May 4, 2021, 2:49 pm
txn_1ImplaJm8ehcCWGI5CZxYBw4 - 8994163691868239 - May 4, 2021, 2:49 pm
txn_1In4HAJm8ehcCWGI5Mk2nFHT - 8994163691684235 - May 4, 2021, 2:49 pm
txn_1In7vGJm8ehcCWGIp2J74mze - 8994163691570231 - May 4, 2021, 2:49 pm
txn_1ImWbdJm8ehcCWGI1bmvRXPi - 8994163691865238 - May 4, 2021, 2:49 pm
txn_1ImjtcJm8ehcCWGIHm23Om7a - 8994163691685232 - May 4, 2021, 2:49 pm
txn_1ImpOGJm8ehcCWGI4CfkjNaT - 8994163691863234 - May 4, 2021, 2:49 pm
txn_1In9qcJm8ehcCWGIdBJAsnXw - 8994163691861230 - May 4, 2021, 2:49 pm
txn_1ImUK5Jm8ehcCWGI7iyQ6b67 - 8994163691572235 - May 4, 2021, 2:49 pm
txn_1ImnFDJm8ehcCWGINOGDtc4q - 8994163691571238 - May 4, 2021, 2:49 pm
txn_1ImjgVJm8ehcCWGIGn2wXAid - 8994163691567231 - May 4, 2021, 2:49 pm
txn_1ImU3mJm8ehcCWGIxvadjvnK - 8994163691859237 - May 4, 2021, 2:49 pm
txn_1In3mAJm8ehcCWGItCy30ows - 8994163691566234 - May 4, 2021, 2:49 pm
txn_1ImmQrJm8ehcCWGIbWdru9Uo - 8994163691675233 - May 4, 2021, 2:49 pm
txn_1In9oKJm8ehcCWGI53sebsX6 - 8994163691565237 - May 4, 2021, 2:49 pm
txn_1In7ukJm8ehcCWGIPH194qVq - 8994163691674236 - May 4, 2021, 2:49 pm
txn_1ImTrTJm8ehcCWGISfqrjIJB - 8994163691858230 - May 4, 2021, 2:49 pm
txn_1ImijXJm8ehcCWGISb9hvDoe - 8994163691670238 - May 4, 2021, 2:49 pm
txn_1ImlsnJm8ehcCWGIniu0jeXt - 8994163691854232 - May 4, 2021, 2:49 pm
txn_1In3jGJm8ehcCWGIweafuiSc - 8994163691853235 - May 4, 2021, 2:49 pm
txn_1In9HEJm8ehcCWGIdoU1qQEG - 8994163691857233 - May 4, 2021, 2:49 pm
txn_1In7sQJm8ehcCWGIoP6na3tx - 8994163691855239 - May 4, 2021, 2:49 pm
txn_1ImToMJm8ehcCWGIyEk381C0 - 8994163691666231 - May 4, 2021, 2:49 pm
txn_1In8vcJm8ehcCWGIrrCl5Vrp - 8994163691563233 - May 4, 2021, 2:49 pm
txn_1ImiQHJm8ehcCWGI2iFWEbTs - 8994163691562236 - May 4, 2021, 2:49 pm
txn_1ImllOJm8ehcCWGItpvLaTC1 - 8994163691667238 - May 4, 2021, 2:49 pm
txn_1In7lHJm8ehcCWGIdpSv7gaX - 8994163691560232 - May 4, 2021, 2:49 pm
txn_1ImuNPJm8ehcCWGIS9BGZZia - 8994163691561239 - May 4, 2021, 2:49 pm
txn_1InApPJm8ehcCWGIpytkxRb8 - 8994163691581237 - May 4, 2021, 2:50 pm
txn_1ImkClJm8ehcCWGIb13xeLpl - 8994163691583231 - May 4, 2021, 2:50 pm
txn_1ImplaJm8ehcCWGI5CZxYBw4 - 8994163691868239 - May 4, 2021, 2:50 pm
txn_1In4HAJm8ehcCWGI5Mk2nFHT - 8994163691684235 - May 4, 2021, 2:50 pm
txn_1In7vGJm8ehcCWGIp2J74mze - 8994163691570231 - May 4, 2021, 2:50 pm
txn_1ImWbdJm8ehcCWGI1bmvRXPi - 8994163691865238 - May 4, 2021, 2:50 pm
txn_1ImjtcJm8ehcCWGIHm23Om7a - 8994163691685232 - May 4, 2021, 2:50 pm
txn_1ImpOGJm8ehcCWGI4CfkjNaT - 8994163691863234 - May 4, 2021, 2:50 pm
txn_1In9qcJm8ehcCWGIdBJAsnXw - 8994163691861230 - May 4, 2021, 2:50 pm
txn_1ImUK5Jm8ehcCWGI7iyQ6b67 - 8994163691572235 - May 4, 2021, 2:50 pm
txn_1ImnFDJm8ehcCWGINOGDtc4q - 8994163691571238 - May 4, 2021, 2:50 pm
txn_1ImjgVJm8ehcCWGIGn2wXAid - 8994163691567231 - May 4, 2021, 2:50 pm
txn_1ImU3mJm8ehcCWGIxvadjvnK - 8994163691859237 - May 4, 2021, 2:50 pm
txn_1In3mAJm8ehcCWGItCy30ows - 8994163691566234 - May 4, 2021, 2:50 pm
txn_1ImmQrJm8ehcCWGIbWdru9Uo - 8994163691675233 - May 4, 2021, 2:50 pm
txn_1In9oKJm8ehcCWGI53sebsX6 - 8994163691565237 - May 4, 2021, 2:50 pm
txn_1In7ukJm8ehcCWGIPH194qVq - 8994163691674236 - May 4, 2021, 2:50 pm
txn_1ImTrTJm8ehcCWGISfqrjIJB - 8994163691858230 - May 4, 2021, 2:50 pm
txn_1ImijXJm8ehcCWGISb9hvDoe - 8994163691670238 - May 4, 2021, 2:50 pm
txn_1ImlsnJm8ehcCWGIniu0jeXt - 8994163691854232 - May 4, 2021, 2:50 pm
txn_1In3jGJm8ehcCWGIweafuiSc - 8994163691853235 - May 4, 2021, 2:50 pm
txn_1In9HEJm8ehcCWGIdoU1qQEG - 8994163691857233 - May 4, 2021, 2:50 pm
txn_1In7sQJm8ehcCWGIoP6na3tx - 8994163691855239 - May 4, 2021, 2:50 pm
txn_1ImToMJm8ehcCWGIyEk381C0 - 8994163691666231 - May 4, 2021, 2:50 pm
txn_1In8vcJm8ehcCWGIrrCl5Vrp - 8994163691563233 - May 4, 2021, 2:50 pm
txn_1ImiQHJm8ehcCWGI2iFWEbTs - 8994163691562236 - May 4, 2021, 2:50 pm
txn_1ImllOJm8ehcCWGItpvLaTC1 - 8994163691667238 - May 4, 2021, 2:50 pm
txn_1In7lHJm8ehcCWGIdpSv7gaX - 8994163691560232 - May 4, 2021, 2:50 pm
txn_1ImuNPJm8ehcCWGIS9BGZZia - 8994163691561239 - May 4, 2021, 2:50 pm
txn_1InApPJm8ehcCWGIpytkxRb8 - 8994163691581237 - May 4, 2021, 2:50 pm
txn_1ImkClJm8ehcCWGIb13xeLpl - 8994163691583231 - May 4, 2021, 2:50 pm
txn_1ImplaJm8ehcCWGI5CZxYBw4 - 8994163691868239 - May 4, 2021, 2:50 pm
txn_1In4HAJm8ehcCWGI5Mk2nFHT - 8994163691684235 - May 4, 2021, 2:50 pm
txn_1In7vGJm8ehcCWGIp2J74mze - 8994163691570231 - May 4, 2021, 2:50 pm
txn_1ImWbdJm8ehcCWGI1bmvRXPi - 8994163691865238 - May 4, 2021, 2:50 pm
txn_1ImjtcJm8ehcCWGIHm23Om7a - 8994163691685232 - May 4, 2021, 2:50 pm
txn_1ImpOGJm8ehcCWGI4CfkjNaT - 8994163691863234 - May 4, 2021, 2:50 pm
txn_1In9qcJm8ehcCWGIdBJAsnXw - 8994163691861230 - May 4, 2021, 2:50 pm
txn_1ImUK5Jm8ehcCWGI7iyQ6b67 - 8994163691572235 - May 4, 2021, 2:50 pm
txn_1ImnFDJm8ehcCWGINOGDtc4q - 8994163691571238 - May 4, 2021, 2:50 pm
txn_1ImjgVJm8ehcCWGIGn2wXAid - 8994163691567231 - May 4, 2021, 2:50 pm
txn_1ImU3mJm8ehcCWGIxvadjvnK - 8994163691859237 - May 4, 2021, 2:50 pm
txn_1In3mAJm8ehcCWGItCy30ows - 8994163691566234 - May 4, 2021, 2:50 pm
txn_1ImmQrJm8ehcCWGIbWdru9Uo - 8994163691675233 - May 4, 2021, 2:50 pm
txn_1In9oKJm8ehcCWGI53sebsX6 - 8994163691565237 - May 4, 2021, 2:50 pm
txn_1In7ukJm8ehcCWGIPH194qVq - 8994163691674236 - May 4, 2021, 2:50 pm
txn_1ImTrTJm8ehcCWGISfqrjIJB - 8994163691858230 - May 4, 2021, 2:50 pm
txn_1ImijXJm8ehcCWGISb9hvDoe - 8994163691670238 - May 4, 2021, 2:50 pm
txn_1ImlsnJm8ehcCWGIniu0jeXt - 8994163691854232 - May 4, 2021, 2:50 pm
txn_1In3jGJm8ehcCWGIweafuiSc - 8994163691853235 - May 4, 2021, 2:50 pm
txn_1In9HEJm8ehcCWGIdoU1qQEG - 8994163691857233 - May 4, 2021, 2:50 pm
txn_1In7sQJm8ehcCWGIoP6na3tx - 8994163691855239 - May 4, 2021, 2:50 pm
txn_1ImToMJm8ehcCWGIyEk381C0 - 8994163691666231 - May 4, 2021, 2:50 pm
txn_1In8vcJm8ehcCWGIrrCl5Vrp - 8994163691563233 - May 4, 2021, 2:50 pm
txn_1ImiQHJm8ehcCWGI2iFWEbTs - 8994163691562236 - May 4, 2021, 2:50 pm
txn_1ImllOJm8ehcCWGItpvLaTC1 - 8994163691667238 - May 4, 2021, 2:50 pm
txn_1In7lHJm8ehcCWGIdpSv7gaX - 8994163691560232 - May 4, 2021, 2:50 pm
txn_1ImuNPJm8ehcCWGIS9BGZZia - 8994163691561239 - May 4, 2021, 2:50 pm
txn_1InBZjJm8ehcCWGISqKgXAf3 - 8994163691735234 - May 4, 2021, 2:50 pm
txn_1InBT1Jm8ehcCWGIUmUpUVZi - 8994163691902230 - May 4, 2021, 2:50 pm
txn_1In8grJm8ehcCWGIyzhlkAdl - 8994163691729233 - May 4, 2021, 2:50 pm
txn_1In6onJm8ehcCWGIeyOcib0M - 8994163691894238 - May 4, 2021, 2:50 pm
txn_1ImhJdJm8ehcCWGIHTXxlq3w - 8994163692030239 - May 4, 2021, 2:50 pm
txn_1ImqmWJm8ehcCWGImGEnUGSW - 8994163691920234 - May 4, 2021, 2:50 pm
txn_1In81kJm8ehcCWGIv38lJORy - 8994163691745233 - May 4, 2021, 2:50 pm
txn_1ImfCvJm8ehcCWGIk6Y6Urza - 8994163691919238 - May 4, 2021, 2:50 pm
2021Influencer617 - 8994163691742232 - May 4, 2021, 2:50 pm
txn_1In7znJm8ehcCWGIOOnQVKlc - 8994163691743239 - May 4, 2021, 2:50 pm
txn_1Impl6Jm8ehcCWGIZSyXlRDC - 8994163691918231 - May 4, 2021, 2:50 pm
txn_1In7iHJm8ehcCWGIThw05224 - 8994163691916237 - May 4, 2021, 2:50 pm
txn_1ImXjAJm8ehcCWGIZywCCVIw - 8994163691741235 - May 4, 2021, 2:50 pm
txn_1ImlMPJm8ehcCWGIfIr3OOqW - 8994163691739232 - May 4, 2021, 2:50 pm
2021Influencer616 - 8994163691740238 - May 4, 2021, 2:50 pm
txn_1InApPJm8ehcCWGIpytkxRb8 - 8994163691581237 - May 4, 2021, 2:51 pm
txn_1ImkClJm8ehcCWGIb13xeLpl - 8994163691583231 - May 4, 2021, 2:51 pm
txn_1ImplaJm8ehcCWGI5CZxYBw4 - 8994163691868239 - May 4, 2021, 2:51 pm
txn_1In4HAJm8ehcCWGI5Mk2nFHT - 8994163691684235 - May 4, 2021, 2:51 pm
txn_1In7vGJm8ehcCWGIp2J74mze - 8994163691570231 - May 4, 2021, 2:51 pm
txn_1ImWbdJm8ehcCWGI1bmvRXPi - 8994163691865238 - May 4, 2021, 2:51 pm
txn_1ImjtcJm8ehcCWGIHm23Om7a - 8994163691685232 - May 4, 2021, 2:51 pm
txn_1ImpOGJm8ehcCWGI4CfkjNaT - 8994163691863234 - May 4, 2021, 2:51 pm
txn_1In9qcJm8ehcCWGIdBJAsnXw - 8994163691861230 - May 4, 2021, 2:51 pm
txn_1ImUK5Jm8ehcCWGI7iyQ6b67 - 8994163691572235 - May 4, 2021, 2:51 pm
txn_1ImnFDJm8ehcCWGINOGDtc4q - 8994163691571238 - May 4, 2021, 2:51 pm
txn_1ImjgVJm8ehcCWGIGn2wXAid - 8994163691567231 - May 4, 2021, 2:51 pm
txn_1ImU3mJm8ehcCWGIxvadjvnK - 8994163691859237 - May 4, 2021, 2:51 pm
txn_1In3mAJm8ehcCWGItCy30ows - 8994163691566234 - May 4, 2021, 2:51 pm
txn_1ImmQrJm8ehcCWGIbWdru9Uo - 8994163691675233 - May 4, 2021, 2:51 pm
txn_1In9oKJm8ehcCWGI53sebsX6 - 8994163691565237 - May 4, 2021, 2:51 pm
txn_1In7ukJm8ehcCWGIPH194qVq - 8994163691674236 - May 4, 2021, 2:51 pm
txn_1ImTrTJm8ehcCWGISfqrjIJB - 8994163691858230 - May 4, 2021, 2:51 pm
txn_1ImijXJm8ehcCWGISb9hvDoe - 8994163691670238 - May 4, 2021, 2:51 pm
txn_1ImlsnJm8ehcCWGIniu0jeXt - 8994163691854232 - May 4, 2021, 2:51 pm
txn_1In3jGJm8ehcCWGIweafuiSc - 8994163691853235 - May 4, 2021, 2:51 pm
txn_1In9HEJm8ehcCWGIdoU1qQEG - 8994163691857233 - May 4, 2021, 2:51 pm
txn_1In7sQJm8ehcCWGIoP6na3tx - 8994163691855239 - May 4, 2021, 2:51 pm
txn_1ImToMJm8ehcCWGIyEk381C0 - 8994163691666231 - May 4, 2021, 2:51 pm
txn_1In8vcJm8ehcCWGIrrCl5Vrp - 8994163691563233 - May 4, 2021, 2:51 pm
txn_1ImiQHJm8ehcCWGI2iFWEbTs - 8994163691562236 - May 4, 2021, 2:51 pm
txn_1ImllOJm8ehcCWGItpvLaTC1 - 8994163691667238 - May 4, 2021, 2:51 pm
txn_1In7lHJm8ehcCWGIdpSv7gaX - 8994163691560232 - May 4, 2021, 2:51 pm
txn_1ImuNPJm8ehcCWGIS9BGZZia - 8994163691561239 - May 4, 2021, 2:51 pm
txn_1InBZjJm8ehcCWGISqKgXAf3 - 8994163691735234 - May 4, 2021, 2:51 pm
txn_1InBT1Jm8ehcCWGIUmUpUVZi - 8994163691902230 - May 4, 2021, 2:51 pm
txn_1In8grJm8ehcCWGIyzhlkAdl - 8994163691729233 - May 4, 2021, 2:51 pm
txn_1In6onJm8ehcCWGIeyOcib0M - 8994163691894238 - May 4, 2021, 2:51 pm
txn_1In7SyJm8ehcCWGI3wn6czxj - 8994163691760236 - May 4, 2021, 2:51 pm
txn_1In5V8Jm8ehcCWGIl3uNHfhm - 8994163691953232 - May 4, 2021, 2:51 pm
2021Influencer614 - 8994163691952235 - May 4, 2021, 2:51 pm
txn_1In4UyJm8ehcCWGI7HYqYZJy - 8994163691951238 - May 4, 2021, 2:51 pm
txn_1In4OsJm8ehcCWGI4ICSD6yp - 8994163691939236 - May 4, 2021, 2:51 pm
txn_1ImkB5Jm8ehcCWGI0oVzl3WX - 8994163692038235 - May 4, 2021, 2:51 pm
txn_1ImiILJm8ehcCWGIbp03UgdC - 8994163691932237 - May 4, 2021, 2:51 pm
txn_1Imi0WJm8ehcCWGITIZ7gTiY - 8994163691746230 - May 4, 2021, 2:51 pm
txn_1ImqzeJm8ehcCWGIUh9fhNM0 - 8994163692035234 - May 4, 2021, 2:51 pm
txn_1In889Jm8ehcCWGI9ZZsl6lh - 8994163692034237 - May 4, 2021, 2:51 pm
txn_1ImhYvJm8ehcCWGIU6E3FAFR - 8994163691926236 - May 4, 2021, 2:51 pm
txn_1ImqnAJm8ehcCWGIdnzyiRqD - 8994163691925239 - May 4, 2021, 2:51 pm
txn_1In87MJm8ehcCWGIHPB7aBZW - 8994163691924232 - May 4, 2021, 2:51 pm
txn_1ImhJdJm8ehcCWGIHTXxlq3w - 8994163692030239 - May 4, 2021, 2:51 pm
txn_1ImqmWJm8ehcCWGImGEnUGSW - 8994163691920234 - May 4, 2021, 2:51 pm
txn_1In81kJm8ehcCWGIv38lJORy - 8994163691745233 - May 4, 2021, 2:51 pm
txn_1ImfCvJm8ehcCWGIk6Y6Urza - 8994163691919238 - May 4, 2021, 2:51 pm
2021Influencer617 - 8994163691742232 - May 4, 2021, 2:51 pm
txn_1In7znJm8ehcCWGIOOnQVKlc - 8994163691743239 - May 4, 2021, 2:51 pm
txn_1Impl6Jm8ehcCWGIZSyXlRDC - 8994163691918231 - May 4, 2021, 2:51 pm
txn_1In7iHJm8ehcCWGIThw05224 - 8994163691916237 - May 4, 2021, 2:51 pm
txn_1ImXjAJm8ehcCWGIZywCCVIw - 8994163691741235 - May 4, 2021, 2:51 pm
txn_1ImlMPJm8ehcCWGIfIr3OOqW - 8994163691739232 - May 4, 2021, 2:51 pm
2021Influencer616 - 8994163691740238 - May 4, 2021, 2:51 pm
txn_1InApPJm8ehcCWGIpytkxRb8 - 8994163691581237 - May 4, 2021, 2:53 pm
txn_1ImkClJm8ehcCWGIb13xeLpl - 8994163691583231 - May 4, 2021, 2:53 pm
txn_1ImplaJm8ehcCWGI5CZxYBw4 - 8994163691868239 - May 4, 2021, 2:53 pm
txn_1In4HAJm8ehcCWGI5Mk2nFHT - 8994163691684235 - May 4, 2021, 2:53 pm
txn_1In7vGJm8ehcCWGIp2J74mze - 8994163691570231 - May 4, 2021, 2:53 pm
txn_1ImWbdJm8ehcCWGI1bmvRXPi - 8994163691865238 - May 4, 2021, 2:53 pm
txn_1ImjtcJm8ehcCWGIHm23Om7a - 8994163691685232 - May 4, 2021, 2:53 pm
txn_1ImpOGJm8ehcCWGI4CfkjNaT - 8994163691863234 - May 4, 2021, 2:53 pm
txn_1In9qcJm8ehcCWGIdBJAsnXw - 8994163691861230 - May 4, 2021, 2:53 pm
txn_1ImUK5Jm8ehcCWGI7iyQ6b67 - 8994163691572235 - May 4, 2021, 2:53 pm
txn_1ImnFDJm8ehcCWGINOGDtc4q - 8994163691571238 - May 4, 2021, 2:53 pm
txn_1ImjgVJm8ehcCWGIGn2wXAid - 8994163691567231 - May 4, 2021, 2:53 pm
txn_1ImU3mJm8ehcCWGIxvadjvnK - 8994163691859237 - May 4, 2021, 2:53 pm
txn_1In3mAJm8ehcCWGItCy30ows - 8994163691566234 - May 4, 2021, 2:53 pm
txn_1ImmQrJm8ehcCWGIbWdru9Uo - 8994163691675233 - May 4, 2021, 2:53 pm
txn_1In9oKJm8ehcCWGI53sebsX6 - 8994163691565237 - May 4, 2021, 2:53 pm
txn_1In7ukJm8ehcCWGIPH194qVq - 8994163691674236 - May 4, 2021, 2:53 pm
txn_1ImTrTJm8ehcCWGISfqrjIJB - 8994163691858230 - May 4, 2021, 2:53 pm
txn_1ImijXJm8ehcCWGISb9hvDoe - 8994163691670238 - May 4, 2021, 2:53 pm
txn_1ImlsnJm8ehcCWGIniu0jeXt - 8994163691854232 - May 4, 2021, 2:53 pm
txn_1In3jGJm8ehcCWGIweafuiSc - 8994163691853235 - May 4, 2021, 2:53 pm
txn_1In9HEJm8ehcCWGIdoU1qQEG - 8994163691857233 - May 4, 2021, 2:53 pm
txn_1In7sQJm8ehcCWGIoP6na3tx - 8994163691855239 - May 4, 2021, 2:53 pm
txn_1ImToMJm8ehcCWGIyEk381C0 - 8994163691666231 - May 4, 2021, 2:53 pm
txn_1In8vcJm8ehcCWGIrrCl5Vrp - 8994163691563233 - May 4, 2021, 2:53 pm
txn_1ImiQHJm8ehcCWGI2iFWEbTs - 8994163691562236 - May 4, 2021, 2:53 pm
txn_1ImllOJm8ehcCWGItpvLaTC1 - 8994163691667238 - May 4, 2021, 2:53 pm
txn_1In7lHJm8ehcCWGIdpSv7gaX - 8994163691560232 - May 4, 2021, 2:53 pm
txn_1ImuNPJm8ehcCWGIS9BGZZia - 8994163691561239 - May 4, 2021, 2:53 pm
txn_1InBZjJm8ehcCWGISqKgXAf3 - 8994163691735234 - May 4, 2021, 2:53 pm
txn_1InBT1Jm8ehcCWGIUmUpUVZi - 8994163691902230 - May 4, 2021, 2:53 pm
txn_1In8grJm8ehcCWGIyzhlkAdl - 8994163691729233 - May 4, 2021, 2:53 pm
txn_1In6onJm8ehcCWGIeyOcib0M - 8994163691894238 - May 4, 2021, 2:53 pm
txn_1In7SyJm8ehcCWGI3wn6czxj - 8994163691760236 - May 4, 2021, 2:53 pm
txn_1In5V8Jm8ehcCWGIl3uNHfhm - 8994163691953232 - May 4, 2021, 2:53 pm
2021Influencer614 - 8994163691952235 - May 4, 2021, 2:53 pm
txn_1In4UyJm8ehcCWGI7HYqYZJy - 8994163691951238 - May 4, 2021, 2:53 pm
txn_1In4OsJm8ehcCWGI4ICSD6yp - 8994163691939236 - May 4, 2021, 2:53 pm
txn_1ImkB5Jm8ehcCWGI0oVzl3WX - 8994163692038235 - May 4, 2021, 2:53 pm
txn_1ImiILJm8ehcCWGIbp03UgdC - 8994163691932237 - May 4, 2021, 2:53 pm
txn_1Imi0WJm8ehcCWGITIZ7gTiY - 8994163691746230 - May 4, 2021, 2:53 pm
txn_1ImqzeJm8ehcCWGIUh9fhNM0 - 8994163692035234 - May 4, 2021, 2:53 pm
txn_1In889Jm8ehcCWGI9ZZsl6lh - 8994163692034237 - May 4, 2021, 2:53 pm
txn_1ImhYvJm8ehcCWGIU6E3FAFR - 8994163691926236 - May 4, 2021, 2:53 pm
txn_1ImqnAJm8ehcCWGIdnzyiRqD - 8994163691925239 - May 4, 2021, 2:53 pm
txn_1In87MJm8ehcCWGIHPB7aBZW - 8994163691924232 - May 4, 2021, 2:53 pm
txn_1ImhJdJm8ehcCWGIHTXxlq3w - 8994163692030239 - May 4, 2021, 2:53 pm
txn_1ImqmWJm8ehcCWGImGEnUGSW - 8994163691920234 - May 4, 2021, 2:53 pm
txn_1In81kJm8ehcCWGIv38lJORy - 8994163691745233 - May 4, 2021, 2:53 pm
txn_1ImfCvJm8ehcCWGIk6Y6Urza - 8994163691919238 - May 4, 2021, 2:53 pm
2021Influencer617 - 8994163691742232 - May 4, 2021, 2:53 pm
txn_1In7znJm8ehcCWGIOOnQVKlc - 8994163691743239 - May 4, 2021, 2:53 pm
txn_1Impl6Jm8ehcCWGIZSyXlRDC - 8994163691918231 - May 4, 2021, 2:53 pm
txn_1In7iHJm8ehcCWGIThw05224 - 8994163691916237 - May 4, 2021, 2:53 pm
txn_1ImXjAJm8ehcCWGIZywCCVIw - 8994163691741235 - May 4, 2021, 2:53 pm
txn_1ImlMPJm8ehcCWGIfIr3OOqW - 8994163691739232 - May 4, 2021, 2:53 pm
2021Influencer616 - 8994163691740238 - May 4, 2021, 2:53 pm
2021Influencer615 - 8994163692174230 - May 4, 2021, 2:53 pm
txn_1InCGrJm8ehcCWGIYuFlTv5r - 8994163692173233 - May 4, 2021, 2:53 pm
txn_1InBqEJm8ehcCWGI9fT30h2M - 8994163692172236 - May 4, 2021, 2:53 pm
txn_1In8kXJm8ehcCWGI0xJj3sZz - 8994163692422232 - May 4, 2021, 2:53 pm
txn_1In8jhJm8ehcCWGIIeegPuqQ - 8994163692167232 - May 4, 2021, 2:53 pm
txn_1In7RyJm8ehcCWGIbYPhbMLP - 8994163692165238 - May 4, 2021, 2:53 pm
txn_1Imt3KJm8ehcCWGIPp5elzFY - 8994163692161230 - May 4, 2021, 2:53 pm
txn_1ImklOJm8ehcCWGIql6dWCqD - 8994163692264238 - May 4, 2021, 2:53 pm
txn_1Imkf5Jm8ehcCWGIwIY3NiDu - 8994163692412233 - May 4, 2021, 2:53 pm
txn_1ImkVsJm8ehcCWGItcsmvRfk - 8994163692154232 - May 4, 2021, 2:53 pm
txn_1ImkOeJm8ehcCWGISQojz30V - 8994163692153235 - May 4, 2021, 2:53 pm
