txn_1IgIFaJm8ehcCWGIGRwW67sQ - 8994163790968229 - April 15, 2021, 3:37 pm
txn_1IgHh3Jm8ehcCWGIrNrSpFqu - 8994163790966225 - April 15, 2021, 3:37 pm
txn_1IgCDIJm8ehcCWGIJXdzQAbY - 8994163791039225 - April 15, 2021, 3:37 pm
txn_1IfyNiJm8ehcCWGIPoF1d0Tq - 8994163791038228 - April 15, 2021, 3:37 pm
txn_1IgBWEJm8ehcCWGIAEcOn98u - 8994163791030222 - April 15, 2021, 3:37 pm
txn_1IfxwsJm8ehcCWGIIsN0YITP - 8994163790703226 - April 15, 2021, 3:37 pm
txn_1IfxovJm8ehcCWGIHsNrfPak - 8994163790701222 - April 15, 2021, 3:37 pm
txn_1IgH0DJm8ehcCWGIwqi5J2GD - 8994163790960223 - April 15, 2021, 3:37 pm
txn_1IgE62Jm8ehcCWGIb8bu1ZfL - 8994163791031229 - April 15, 2021, 3:37 pm
txn_1IgCzRJm8ehcCWGIuOWCVNpU - 8994163790959227 - April 15, 2021, 3:37 pm
txn_1IgG4FJm8ehcCWGIZdryn4l9 - 8994163791025228 - April 15, 2021, 3:37 pm
txn_1Ig6N3Jm8ehcCWGIStih9vCQ - 8994163790958220 - April 15, 2021, 3:37 pm
txn_1IfyzYJm8ehcCWGIUnunAC4M - 8994163790957223 - April 15, 2021, 3:37 pm
txn_1IgBLvJm8ehcCWGI5sxZNpMe - 8994163790700225 - April 15, 2021, 3:37 pm
txn_1IgCliJm8ehcCWGII5fvG8RO - 8994163790956226 - April 15, 2021, 3:37 pm
txn_1IgFnsJm8ehcCWGIES7Wq53Y - 8994163791021220 - April 15, 2021, 3:37 pm
txn_1Ig1XGJm8ehcCWGIrUAf3Xi2 - 8994163790699222 - April 15, 2021, 3:37 pm
txn_1IfyrrJm8ehcCWGIYaDuxBIW - 8994163791020223 - April 15, 2021, 3:37 pm
txn_1IfxYSJm8ehcCWGIhWQHivkM - 8994163790955229 - April 15, 2021, 3:37 pm
txn_1IgAq0Jm8ehcCWGIe8wlQnQB - 8994163791019227 - April 15, 2021, 3:37 pm
txn_1IgEGRJm8ehcCWGIROwSAq1m - 8994163790953225 - April 15, 2021, 3:37 pm
txn_1IgCVhJm8ehcCWGIKXS0IRgh - 8994163790698225 - April 15, 2021, 3:37 pm
txn_1Ig09qJm8ehcCWGItHKIn5sQ - 8994163791015229 - April 15, 2021, 3:37 pm
txn_1IfxQwJm8ehcCWGIWoG4UjXT - 8994163791013225 - April 15, 2021, 3:37 pm
txn_1IgA7hJm8ehcCWGIKIJBhaS2 - 8994163790697228 - April 15, 2021, 3:37 pm
txn_1IfyllJm8ehcCWGIaFVEBsoY - 8994163791014222 - April 15, 2021, 3:37 pm
txn_1IgCU2Jm8ehcCWGIb8zdRjmV - 8994163790948221 - April 15, 2021, 3:37 pm
txn_1IgEFXJm8ehcCWGI85DyrrAU - 8994163790949228 - April 15, 2021, 3:37 pm
txn_1IgA1QJm8ehcCWGIN14kpvw0 - 8994163791010224 - April 15, 2021, 3:37 pm
txn_1Ig05zJm8ehcCWGIApyBy3ao - 8994163790947224 - April 15, 2021, 3:37 pm
txn_1IfyWFJm8ehcCWGI6zpv1ks7 - 8994163791009228 - April 15, 2021, 3:37 pm
txn_1Ifx9AJm8ehcCWGIfDA2Xv3L - 8994163791008221 - April 15, 2021, 3:37 pm
txn_1IgIFaJm8ehcCWGIGRwW67sQ - 8994163790968229 - April 15, 2021, 3:37 pm
txn_1IgHh3Jm8ehcCWGIrNrSpFqu - 8994163790966225 - April 15, 2021, 3:37 pm
txn_1IgCDIJm8ehcCWGIJXdzQAbY - 8994163791039225 - April 15, 2021, 3:37 pm
txn_1IfyNiJm8ehcCWGIPoF1d0Tq - 8994163791038228 - April 15, 2021, 3:37 pm
txn_1IgBWEJm8ehcCWGIAEcOn98u - 8994163791030222 - April 15, 2021, 3:37 pm
txn_1IfxwsJm8ehcCWGIIsN0YITP - 8994163790703226 - April 15, 2021, 3:37 pm
txn_1IfxovJm8ehcCWGIHsNrfPak - 8994163790701222 - April 15, 2021, 3:37 pm
txn_1IgH0DJm8ehcCWGIwqi5J2GD - 8994163790960223 - April 15, 2021, 3:37 pm
txn_1IgE62Jm8ehcCWGIb8bu1ZfL - 8994163791031229 - April 15, 2021, 3:37 pm
txn_1IgCzRJm8ehcCWGIuOWCVNpU - 8994163790959227 - April 15, 2021, 3:37 pm
txn_1IgG4FJm8ehcCWGIZdryn4l9 - 8994163791025228 - April 15, 2021, 3:37 pm
txn_1Ig6N3Jm8ehcCWGIStih9vCQ - 8994163790958220 - April 15, 2021, 3:37 pm
txn_1IfyzYJm8ehcCWGIUnunAC4M - 8994163790957223 - April 15, 2021, 3:37 pm
txn_1IgBLvJm8ehcCWGI5sxZNpMe - 8994163790700225 - April 15, 2021, 3:37 pm
txn_1IgCliJm8ehcCWGII5fvG8RO - 8994163790956226 - April 15, 2021, 3:37 pm
txn_1IgFnsJm8ehcCWGIES7Wq53Y - 8994163791021220 - April 15, 2021, 3:37 pm
txn_1Ig1XGJm8ehcCWGIrUAf3Xi2 - 8994163790699222 - April 15, 2021, 3:37 pm
txn_1IfyrrJm8ehcCWGIYaDuxBIW - 8994163791020223 - April 15, 2021, 3:37 pm
txn_1IfxYSJm8ehcCWGIhWQHivkM - 8994163790955229 - April 15, 2021, 3:37 pm
txn_1IgAq0Jm8ehcCWGIe8wlQnQB - 8994163791019227 - April 15, 2021, 3:37 pm
txn_1IgEGRJm8ehcCWGIROwSAq1m - 8994163790953225 - April 15, 2021, 3:37 pm
txn_1IgCVhJm8ehcCWGIKXS0IRgh - 8994163790698225 - April 15, 2021, 3:37 pm
txn_1Ig09qJm8ehcCWGItHKIn5sQ - 8994163791015229 - April 15, 2021, 3:37 pm
txn_1IfxQwJm8ehcCWGIWoG4UjXT - 8994163791013225 - April 15, 2021, 3:37 pm
txn_1IgA7hJm8ehcCWGIKIJBhaS2 - 8994163790697228 - April 15, 2021, 3:37 pm
txn_1IfyllJm8ehcCWGIaFVEBsoY - 8994163791014222 - April 15, 2021, 3:37 pm
txn_1IgCU2Jm8ehcCWGIb8zdRjmV - 8994163790948221 - April 15, 2021, 3:37 pm
txn_1IgEFXJm8ehcCWGI85DyrrAU - 8994163790949228 - April 15, 2021, 3:37 pm
txn_1IgA1QJm8ehcCWGIN14kpvw0 - 8994163791010224 - April 15, 2021, 3:37 pm
txn_1Ig05zJm8ehcCWGIApyBy3ao - 8994163790947224 - April 15, 2021, 3:37 pm
txn_1IfyWFJm8ehcCWGI6zpv1ks7 - 8994163791009228 - April 15, 2021, 3:37 pm
txn_1Ifx9AJm8ehcCWGIfDA2Xv3L - 8994163791008221 - April 15, 2021, 3:37 pm
txn_1IgDWcJm8ehcCWGI8tCBfmrw -  - April 15, 2021, 3:37 pm
txn_1Ig9TzJm8ehcCWGICKsP2JDM -  - April 15, 2021, 3:37 pm
txn_1Ig7ynJm8ehcCWGIY6VEWlJc -  - April 15, 2021, 3:37 pm
txn_1IfzqqJm8ehcCWGIhxBBLpZF -  - April 15, 2021, 3:37 pm
txn_1IfzPrJm8ehcCWGIleKU8lmp -  - April 15, 2021, 3:37 pm
txn_1IgIFaJm8ehcCWGIGRwW67sQ - 8994163790968229 - April 15, 2021, 3:37 pm
txn_1IgHh3Jm8ehcCWGIrNrSpFqu - 8994163790966225 - April 15, 2021, 3:37 pm
txn_1IgCDIJm8ehcCWGIJXdzQAbY - 8994163791039225 - April 15, 2021, 3:37 pm
txn_1IfyNiJm8ehcCWGIPoF1d0Tq - 8994163791038228 - April 15, 2021, 3:37 pm
txn_1IgBWEJm8ehcCWGIAEcOn98u - 8994163791030222 - April 15, 2021, 3:37 pm
txn_1IfxwsJm8ehcCWGIIsN0YITP - 8994163790703226 - April 15, 2021, 3:37 pm
txn_1IfxovJm8ehcCWGIHsNrfPak - 8994163790701222 - April 15, 2021, 3:37 pm
txn_1IgH0DJm8ehcCWGIwqi5J2GD - 8994163790960223 - April 15, 2021, 3:37 pm
txn_1IgE62Jm8ehcCWGIb8bu1ZfL - 8994163791031229 - April 15, 2021, 3:37 pm
txn_1IgCzRJm8ehcCWGIuOWCVNpU - 8994163790959227 - April 15, 2021, 3:37 pm
txn_1IgG4FJm8ehcCWGIZdryn4l9 - 8994163791025228 - April 15, 2021, 3:37 pm
txn_1Ig6N3Jm8ehcCWGIStih9vCQ - 8994163790958220 - April 15, 2021, 3:37 pm
txn_1IfyzYJm8ehcCWGIUnunAC4M - 8994163790957223 - April 15, 2021, 3:37 pm
txn_1IgBLvJm8ehcCWGI5sxZNpMe - 8994163790700225 - April 15, 2021, 3:37 pm
txn_1IgCliJm8ehcCWGII5fvG8RO - 8994163790956226 - April 15, 2021, 3:37 pm
txn_1IgFnsJm8ehcCWGIES7Wq53Y - 8994163791021220 - April 15, 2021, 3:37 pm
txn_1Ig1XGJm8ehcCWGIrUAf3Xi2 - 8994163790699222 - April 15, 2021, 3:37 pm
txn_1IfyrrJm8ehcCWGIYaDuxBIW - 8994163791020223 - April 15, 2021, 3:37 pm
txn_1IfxYSJm8ehcCWGIhWQHivkM - 8994163790955229 - April 15, 2021, 3:37 pm
txn_1IgAq0Jm8ehcCWGIe8wlQnQB - 8994163791019227 - April 15, 2021, 3:37 pm
txn_1IgEGRJm8ehcCWGIROwSAq1m - 8994163790953225 - April 15, 2021, 3:37 pm
txn_1IgCVhJm8ehcCWGIKXS0IRgh - 8994163790698225 - April 15, 2021, 3:37 pm
txn_1Ig09qJm8ehcCWGItHKIn5sQ - 8994163791015229 - April 15, 2021, 3:37 pm
txn_1IfxQwJm8ehcCWGIWoG4UjXT - 8994163791013225 - April 15, 2021, 3:37 pm
txn_1IgA7hJm8ehcCWGIKIJBhaS2 - 8994163790697228 - April 15, 2021, 3:37 pm
txn_1IfyllJm8ehcCWGIaFVEBsoY - 8994163791014222 - April 15, 2021, 3:37 pm
txn_1IgCU2Jm8ehcCWGIb8zdRjmV - 8994163790948221 - April 15, 2021, 3:37 pm
txn_1IgEFXJm8ehcCWGI85DyrrAU - 8994163790949228 - April 15, 2021, 3:37 pm
txn_1IgA1QJm8ehcCWGIN14kpvw0 - 8994163791010224 - April 15, 2021, 3:37 pm
txn_1Ig05zJm8ehcCWGIApyBy3ao - 8994163790947224 - April 15, 2021, 3:37 pm
txn_1IfyWFJm8ehcCWGI6zpv1ks7 - 8994163791009228 - April 15, 2021, 3:37 pm
txn_1Ifx9AJm8ehcCWGIfDA2Xv3L - 8994163791008221 - April 15, 2021, 3:37 pm
txn_1IgJP7Jm8ehcCWGICqvPkutd - 8994163790985226 - April 15, 2021, 3:37 pm
txn_1IgHXSJm8ehcCWGIKhaI6cHY - 8994163790734220 - April 15, 2021, 3:37 pm
txn_1IgIFaJm8ehcCWGIGRwW67sQ - 8994163790968229 - April 15, 2021, 3:38 pm
txn_1IgHh3Jm8ehcCWGIrNrSpFqu - 8994163790966225 - April 15, 2021, 3:38 pm
txn_1IgCDIJm8ehcCWGIJXdzQAbY - 8994163791039225 - April 15, 2021, 3:38 pm
txn_1IfyNiJm8ehcCWGIPoF1d0Tq - 8994163791038228 - April 15, 2021, 3:38 pm
txn_1IgBWEJm8ehcCWGIAEcOn98u - 8994163791030222 - April 15, 2021, 3:38 pm
txn_1IfxwsJm8ehcCWGIIsN0YITP - 8994163790703226 - April 15, 2021, 3:38 pm
txn_1IfxovJm8ehcCWGIHsNrfPak - 8994163790701222 - April 15, 2021, 3:38 pm
txn_1IgH0DJm8ehcCWGIwqi5J2GD - 8994163790960223 - April 15, 2021, 3:38 pm
txn_1IgE62Jm8ehcCWGIb8bu1ZfL - 8994163791031229 - April 15, 2021, 3:38 pm
txn_1IgCzRJm8ehcCWGIuOWCVNpU - 8994163790959227 - April 15, 2021, 3:38 pm
txn_1IgG4FJm8ehcCWGIZdryn4l9 - 8994163791025228 - April 15, 2021, 3:38 pm
txn_1Ig6N3Jm8ehcCWGIStih9vCQ - 8994163790958220 - April 15, 2021, 3:38 pm
txn_1IfyzYJm8ehcCWGIUnunAC4M - 8994163790957223 - April 15, 2021, 3:38 pm
txn_1IgBLvJm8ehcCWGI5sxZNpMe - 8994163790700225 - April 15, 2021, 3:38 pm
txn_1IgCliJm8ehcCWGII5fvG8RO - 8994163790956226 - April 15, 2021, 3:38 pm
txn_1IgFnsJm8ehcCWGIES7Wq53Y - 8994163791021220 - April 15, 2021, 3:38 pm
txn_1Ig1XGJm8ehcCWGIrUAf3Xi2 - 8994163790699222 - April 15, 2021, 3:38 pm
txn_1IfyrrJm8ehcCWGIYaDuxBIW - 8994163791020223 - April 15, 2021, 3:38 pm
txn_1IfxYSJm8ehcCWGIhWQHivkM - 8994163790955229 - April 15, 2021, 3:38 pm
txn_1IgAq0Jm8ehcCWGIe8wlQnQB - 8994163791019227 - April 15, 2021, 3:38 pm
txn_1IgEGRJm8ehcCWGIROwSAq1m - 8994163790953225 - April 15, 2021, 3:38 pm
txn_1IgCVhJm8ehcCWGIKXS0IRgh - 8994163790698225 - April 15, 2021, 3:38 pm
txn_1Ig09qJm8ehcCWGItHKIn5sQ - 8994163791015229 - April 15, 2021, 3:38 pm
txn_1IfxQwJm8ehcCWGIWoG4UjXT - 8994163791013225 - April 15, 2021, 3:38 pm
txn_1IgA7hJm8ehcCWGIKIJBhaS2 - 8994163790697228 - April 15, 2021, 3:38 pm
txn_1IfyllJm8ehcCWGIaFVEBsoY - 8994163791014222 - April 15, 2021, 3:38 pm
txn_1IgCU2Jm8ehcCWGIb8zdRjmV - 8994163790948221 - April 15, 2021, 3:38 pm
txn_1IgEFXJm8ehcCWGI85DyrrAU - 8994163790949228 - April 15, 2021, 3:38 pm
txn_1IgA1QJm8ehcCWGIN14kpvw0 - 8994163791010224 - April 15, 2021, 3:38 pm
txn_1Ig05zJm8ehcCWGIApyBy3ao - 8994163790947224 - April 15, 2021, 3:38 pm
txn_1IfyWFJm8ehcCWGI6zpv1ks7 - 8994163791009228 - April 15, 2021, 3:38 pm
txn_1Ifx9AJm8ehcCWGIfDA2Xv3L - 8994163791008221 - April 15, 2021, 3:38 pm
txn_1IgJP7Jm8ehcCWGICqvPkutd - 8994163790985226 - April 15, 2021, 3:38 pm
txn_1IgHXSJm8ehcCWGIKhaI6cHY - 8994163790734220 - April 15, 2021, 3:38 pm
txn_1IgGCwJm8ehcCWGI7rmets4D - 8994163790998226 - April 15, 2021, 3:38 pm
txn_1IgDWcJm8ehcCWGI8tCBfmrw - 8994163790742225 - April 15, 2021, 3:38 pm
txn_1Ig9TzJm8ehcCWGICKsP2JDM - 8994163791071225 - April 15, 2021, 3:38 pm
txn_1Ig7ynJm8ehcCWGIY6VEWlJc - 8994163790738228 - April 15, 2021, 3:38 pm
txn_1IfzqqJm8ehcCWGIhxBBLpZF - 8994163791067228 - April 15, 2021, 3:38 pm
txn_1IfzPrJm8ehcCWGIleKU8lmp - 8994163790988227 - April 15, 2021, 3:38 pm
