txn_VgPAbwrrcZZRxKWsWf6NCKspRIIZY - 8994163037370297 - September 14, 2021, 5:54 pm
txn_75whWjf9RyyyMqRBJGI6uVROWTKZY - 8994163037636294 - September 14, 2021, 5:54 pm
txn_Ri1ga6QjYazeonqJOkSB4Dp9nCOZY - 8994163037540294 - September 14, 2021, 5:54 pm
txn_pIOIDWEfNODy4Npny1RX6Iw7LUZZY - 8994163037538291 - September 14, 2021, 5:54 pm
txn_ZU4CogHKZ0svRwIDBZ3IcddyeqeZY - 8994163037366290 - September 14, 2021, 5:54 pm
txn_xw0GXj6GNgXH1Bk0l5VhHBSjS19YY - 8994163037635297 - September 14, 2021, 5:54 pm
txn_NglOBCnb5bFDIHfCggMlkr7JDWIZY - 8994163037365293 - September 14, 2021, 5:54 pm
txn_5aRJ8OwPXV7qCpA2DCZeyPxn1oNZY - 8994163037364296 - September 14, 2021, 5:54 pm
txn_TNagodmOIPWJRRH0FMrLjYV4jRKZY - 8994163037634290 - September 14, 2021, 5:54 pm
txn_BQybDU6Ql4XbOOFtYy5o4cIPR7EZY - 8994163037363299 - September 14, 2021, 5:54 pm
txn_FMtwEZpLJK6Yrb5Sb8gOtTOwgHAZY - 8994163037362292 - September 14, 2021, 5:54 pm
txn_tMNVgHDnLzLtrlCpeZqRHx4VKMHZY - 8994163037361295 - September 14, 2021, 5:54 pm
txn_xiHRcWcYyYUMXtNork4Q1SlHNfbZY - 8994163037360298 - September 14, 2021, 5:54 pm
txn_Dv5Zi3t2rQaISLRhOXjydhQrXBIZY - 8994163037536297 - September 14, 2021, 5:54 pm
txn_RUauuWIggR9Df4Z9C3wbiMs3KBgZY - 8994163037535290 - September 14, 2021, 5:54 pm
txn_BwGzs5nLvupcXBCMmbIWWNTGaZdZY - 8994163037633293 - September 14, 2021, 5:54 pm
txn_TlsbC6JmQFpIlyS6wMTELRBHU37YY - 8994163037356291 - September 14, 2021, 5:54 pm
txn_r5IhVvG6AMD7HzWvUqRIDyuqV38YY - 8994163037630292 - September 14, 2021, 5:54 pm
txn_LPlEiQzMWCfd1QXVANUGamovSNVZY - 8994163037631299 - September 14, 2021, 5:54 pm
txn_f15hNVMY2LG5XbrKpOFmal5sgvJZY - 8994163037532299 - September 14, 2021, 5:54 pm
txn_1U7b2c0UmqSA9gb41rvnjW2F7jTZY - 8994163037629296 - September 14, 2021, 5:54 pm
txn_nDuviQrmxwsUCuDAVcN2oayxLxDZY - 8994163037355294 - September 14, 2021, 5:54 pm
