txn_1IH897Jm8ehcCWGIKZm2GywF - 8994163698167175 - February 4, 2021, 3:59 pm
txn_1IHC2OJm8ehcCWGI4KszgrOE - 8994163698642177 - February 4, 2021, 3:59 pm
txn_1IGtkeJm8ehcCWGIWKLdPCuc - 8994163698166178 - February 4, 2021, 3:59 pm
txn_1IGpx1Jm8ehcCWGIxIsxSEG1 - 8994163698522172 - February 4, 2021, 3:59 pm
txn_1IGzfIJm8ehcCWGIEwCOTsr0 - 8994163698523179 - February 4, 2021, 3:59 pm
txn_1IGuYzJm8ehcCWGIY3h4F199 - 8994163698521175 - February 4, 2021, 3:59 pm
txn_1IH9B0Jm8ehcCWGI4Sz7wcJb - 8994163698519172 - February 4, 2021, 3:59 pm
txn_1IHDhYJm8ehcCWGIbGeeqxUc - 8994163698516171 - February 4, 2021, 3:59 pm
txn_1IGruEJm8ehcCWGI3zJ3SIOZ - 8994163698517178 - February 4, 2021, 3:59 pm
txn_1IGzgFJm8ehcCWGIiJnXX86U - 8994163698633175 - February 4, 2021, 3:59 pm
txn_1IGq65Jm8ehcCWGI5st2yXjn - 8994163698632178 - February 4, 2021, 3:59 pm
txn_1IGwaHJm8ehcCWGI3weYNYfH - 8994163698502174 - February 4, 2021, 3:59 pm
txn_1IH9QXJm8ehcCWGI4quoWAEn - 8994163698631171 - February 4, 2021, 3:59 pm
txn_1IGruPJm8ehcCWGI1mhM85kB - 8994163698501177 - February 4, 2021, 3:59 pm
txn_1IHDm0Jm8ehcCWGIG3ShVAzN - 8994163698500170 - February 4, 2021, 3:59 pm
txn_1IH31YJm8ehcCWGIwDvNNvSi - 8994163698625170 - February 4, 2021, 3:59 pm
txn_1IGxdoJm8ehcCWGIoSl85CQ7 - 8994163698487174 - February 4, 2021, 3:59 pm
txn_1IGqxbJm8ehcCWGIiEJ0eORY - 8994163698486177 - February 4, 2021, 3:59 pm
txn_1IHE5iJm8ehcCWGIp4x1ma02 - 8994163698624173 - February 4, 2021, 3:59 pm
txn_1IHBg5Jm8ehcCWGITPo4oAhb - 8994163698485170 - February 4, 2021, 3:59 pm
txn_1IGrz8Jm8ehcCWGIKo0aDfI2 - 8994163698488171 - February 4, 2021, 3:59 pm
txn_1IH897Jm8ehcCWGIKZm2GywF - 8994163698167175 - February 4, 2021, 4:00 pm
txn_1IHC2OJm8ehcCWGI4KszgrOE - 8994163698642177 - February 4, 2021, 4:00 pm
txn_1IGtkeJm8ehcCWGIWKLdPCuc - 8994163698166178 - February 4, 2021, 4:00 pm
txn_1IGpx1Jm8ehcCWGIxIsxSEG1 - 8994163698522172 - February 4, 2021, 4:00 pm
txn_1IGzfIJm8ehcCWGIEwCOTsr0 - 8994163698523179 - February 4, 2021, 4:00 pm
txn_1IGuYzJm8ehcCWGIY3h4F199 - 8994163698521175 - February 4, 2021, 4:00 pm
txn_1IH9B0Jm8ehcCWGI4Sz7wcJb - 8994163698519172 - February 4, 2021, 4:00 pm
txn_1IHDhYJm8ehcCWGIbGeeqxUc - 8994163698516171 - February 4, 2021, 4:00 pm
txn_1IGruEJm8ehcCWGI3zJ3SIOZ - 8994163698517178 - February 4, 2021, 4:00 pm
txn_1IGzgFJm8ehcCWGIiJnXX86U - 8994163698633175 - February 4, 2021, 4:00 pm
txn_1IGq65Jm8ehcCWGI5st2yXjn - 8994163698632178 - February 4, 2021, 4:00 pm
txn_1IGwaHJm8ehcCWGI3weYNYfH - 8994163698502174 - February 4, 2021, 4:00 pm
txn_1IH9QXJm8ehcCWGI4quoWAEn - 8994163698631171 - February 4, 2021, 4:00 pm
txn_1IGruPJm8ehcCWGI1mhM85kB - 8994163698501177 - February 4, 2021, 4:00 pm
txn_1IHDm0Jm8ehcCWGIG3ShVAzN - 8994163698500170 - February 4, 2021, 4:00 pm
txn_1IH31YJm8ehcCWGIwDvNNvSi - 8994163698625170 - February 4, 2021, 4:00 pm
txn_1IGxdoJm8ehcCWGIoSl85CQ7 - 8994163698487174 - February 4, 2021, 4:00 pm
txn_1IGqxbJm8ehcCWGIiEJ0eORY - 8994163698486177 - February 4, 2021, 4:00 pm
txn_1IHE5iJm8ehcCWGIp4x1ma02 - 8994163698624173 - February 4, 2021, 4:00 pm
txn_1IHBg5Jm8ehcCWGITPo4oAhb - 8994163698485170 - February 4, 2021, 4:00 pm
txn_1IGrz8Jm8ehcCWGIKo0aDfI2 - 8994163698488171 - February 4, 2021, 4:00 pm
txn_1IH897Jm8ehcCWGIKZm2GywF - 8994163698167175 - February 4, 2021, 4:00 pm
txn_1IHC2OJm8ehcCWGI4KszgrOE - 8994163698642177 - February 4, 2021, 4:00 pm
txn_1IGtkeJm8ehcCWGIWKLdPCuc - 8994163698166178 - February 4, 2021, 4:00 pm
txn_1IGpx1Jm8ehcCWGIxIsxSEG1 - 8994163698522172 - February 4, 2021, 4:00 pm
txn_1IGzfIJm8ehcCWGIEwCOTsr0 - 8994163698523179 - February 4, 2021, 4:00 pm
txn_1IGuYzJm8ehcCWGIY3h4F199 - 8994163698521175 - February 4, 2021, 4:00 pm
txn_1IH9B0Jm8ehcCWGI4Sz7wcJb - 8994163698519172 - February 4, 2021, 4:00 pm
txn_1IHDhYJm8ehcCWGIbGeeqxUc - 8994163698516171 - February 4, 2021, 4:00 pm
txn_1IGruEJm8ehcCWGI3zJ3SIOZ - 8994163698517178 - February 4, 2021, 4:00 pm
txn_1IGzgFJm8ehcCWGIiJnXX86U - 8994163698633175 - February 4, 2021, 4:00 pm
txn_1IGq65Jm8ehcCWGI5st2yXjn - 8994163698632178 - February 4, 2021, 4:00 pm
txn_1IGwaHJm8ehcCWGI3weYNYfH - 8994163698502174 - February 4, 2021, 4:00 pm
txn_1IH9QXJm8ehcCWGI4quoWAEn - 8994163698631171 - February 4, 2021, 4:00 pm
txn_1IGruPJm8ehcCWGI1mhM85kB - 8994163698501177 - February 4, 2021, 4:00 pm
txn_1IHDm0Jm8ehcCWGIG3ShVAzN - 8994163698500170 - February 4, 2021, 4:00 pm
txn_1IH31YJm8ehcCWGIwDvNNvSi - 8994163698625170 - February 4, 2021, 4:00 pm
txn_1IGxdoJm8ehcCWGIoSl85CQ7 - 8994163698487174 - February 4, 2021, 4:00 pm
txn_1IGqxbJm8ehcCWGIiEJ0eORY - 8994163698486177 - February 4, 2021, 4:00 pm
txn_1IHE5iJm8ehcCWGIp4x1ma02 - 8994163698624173 - February 4, 2021, 4:00 pm
txn_1IHBg5Jm8ehcCWGITPo4oAhb - 8994163698485170 - February 4, 2021, 4:00 pm
txn_1IGrz8Jm8ehcCWGIKo0aDfI2 - 8994163698488171 - February 4, 2021, 4:00 pm
txn_1IGtbSJm8ehcCWGILW08CGad - 8994163699057178 - February 4, 2021, 4:00 pm
txn_1IGoKPJm8ehcCWGIbs3WtMGZ - 8994163699055174 - February 4, 2021, 4:00 pm
txn_1IGyeZJm8ehcCWGILPExvnTA - 8994163699051176 - February 4, 2021, 4:00 pm
txn_1IGoaYJm8ehcCWGIL8M1pO8K - 8994163698954171 - February 4, 2021, 4:00 pm
txn_1IGz1oJm8ehcCWGIb62kHkIB - 8994163698947173 - February 4, 2021, 4:00 pm
txn_1IGppSJm8ehcCWGIYfeWk9MR - 8994163698945179 - February 4, 2021, 4:00 pm
txn_1IH3UnJm8ehcCWGI17nRGab1 - 8994163698928172 - February 4, 2021, 4:00 pm
txn_1IGrMiJm8ehcCWGI0bIUvPIv - 8994163699039174 - February 4, 2021, 4:00 pm
txn_1IHBj6Jm8ehcCWGITarhq5W2 - 8994163698917176 - February 4, 2021, 4:00 pm
txn_1IGrkgJm8ehcCWGIHMTndFXq - 8994163698916179 - February 4, 2021, 4:00 pm
