2021Influencer628 - 8994163983169235 - May 10, 2021, 3:04 pm
txn_1IoWwkJm8ehcCWGICd8yNCfx - 8994163983539236 - May 10, 2021, 3:04 pm
txn_1Ip0dgJm8ehcCWGIFk2DHlKw - 8994163983320230 - May 10, 2021, 3:04 pm
txn_1IofVJJm8ehcCWGI0M9pYDEy - 8994163983167231 - May 10, 2021, 3:04 pm
2021Influencer627 - 8994163983537232 - May 10, 2021, 3:04 pm
txn_1IoWumJm8ehcCWGIxxAVr1MM - 8994163983165237 - May 10, 2021, 3:04 pm
txn_1IpFkjJm8ehcCWGIojzkYl9D - 8994163983534231 - May 10, 2021, 3:04 pm
txn_1IoyekJm8ehcCWGIboGRmoW5 - 8994163983316233 - May 10, 2021, 3:04 pm
txn_1IofPYJm8ehcCWGIEt9NAz7q - 8994163983315236 - May 10, 2021, 3:04 pm
txn_1IoV11Jm8ehcCWGINp5LQbYb - 8994163983533234 - May 10, 2021, 3:04 pm
2021Influencer626 - 8994163983311238 - May 10, 2021, 3:04 pm
txn_1IpIcdJm8ehcCWGIK4h3JGWW - 8994163983312235 - May 10, 2021, 3:04 pm
txn_1IpDhaJm8ehcCWGI0pNcQQwR - 8994163983532237 - May 10, 2021, 3:04 pm
txn_1IoxyNJm8ehcCWGIxpDTjOWO - 8994163983310231 - May 10, 2021, 3:04 pm
txn_1IodlxJm8ehcCWGInNNFuR4h - 8994163983309235 - May 10, 2021, 3:04 pm
txn_1IoUoLJm8ehcCWGIovAuV5D1 - 8994163983528230 - May 10, 2021, 3:04 pm
txn_1Ip450Jm8ehcCWGIA8acb43D - 8994163983163233 - May 10, 2021, 3:04 pm
txn_1IoxWXJm8ehcCWGId5Ot1qIK - 8994163983526236 - May 10, 2021, 3:04 pm
txn_1IpHj2Jm8ehcCWGI4NbumUKB - 8994163983308238 - May 10, 2021, 3:04 pm
2021Influencer625 - 8994163983527233 - May 10, 2021, 3:04 pm
txn_1IocqHJm8ehcCWGILhMyj3wB - 8994163983162236 - May 10, 2021, 3:04 pm
txn_1IoUiYJm8ehcCWGIRUX6zMMS - 8994163983158239 - May 10, 2021, 3:04 pm
txn_1IpHbaJm8ehcCWGIAKNrHjoL - 8994163983157232 - May 10, 2021, 3:04 pm
txn_1Ip3hTJm8ehcCWGIa4t8pawJ - 8994163983525239 - May 10, 2021, 3:04 pm
2021Influencer624 - 8994163983307231 - May 10, 2021, 3:04 pm
txn_1Iowz4Jm8ehcCWGI7eN4oTye - 8994163983306234 - May 10, 2021, 3:04 pm
txn_1IobeJJm8ehcCWGIAW1IF1oJ - 8994163983155238 - May 10, 2021, 3:04 pm
txn_1IoQK6Jm8ehcCWGI03sOl3Wa - 8994163983150233 - May 10, 2021, 3:04 pm
BP197080521103110 - 8994163983146236 - May 10, 2021, 3:04 pm
txn_1IpHOnJm8ehcCWGIiiZB0LHs - 8994163983151230 - May 10, 2021, 3:04 pm
txn_1IoZuBJm8ehcCWGIgxxq24Xn - 8994163983522238 - May 10, 2021, 3:04 pm
txn_1IowNzJm8ehcCWGIaf4jIdGZ - 8994163983147233 - May 10, 2021, 3:04 pm
txn_1Iob92Jm8ehcCWGINSrfMQOW - 8994163983148230 - May 10, 2021, 3:04 pm
txn_1IpHOgJm8ehcCWGIILItrElV - 8994163983519238 - May 10, 2021, 3:04 pm
txn_1IoLDCJm8ehcCWGIpgweTIZU - 8994163983518231 - May 10, 2021, 3:04 pm
txn_1Ioai1Jm8ehcCWGIsAdY4E9J - 8994163983144232 - May 10, 2021, 3:04 pm
txn_1Iow86Jm8ehcCWGIerJXbIyk - 8994163983302236 - May 10, 2021, 3:04 pm
txn_1IoZ8GJm8ehcCWGIYyUJXJ7t - 8994163983301239 - May 10, 2021, 3:04 pm
txn_1Ip2MLJm8ehcCWGIntUEz3c4 - 8994163983517234 - May 10, 2021, 3:04 pm
2021Influencer628 - 8994163983169235 - May 10, 2021, 3:04 pm
txn_1IoWwkJm8ehcCWGICd8yNCfx - 8994163983539236 - May 10, 2021, 3:04 pm
txn_1Ip0dgJm8ehcCWGIFk2DHlKw - 8994163983320230 - May 10, 2021, 3:04 pm
txn_1IofVJJm8ehcCWGI0M9pYDEy - 8994163983167231 - May 10, 2021, 3:04 pm
2021Influencer627 - 8994163983537232 - May 10, 2021, 3:04 pm
txn_1IoWumJm8ehcCWGIxxAVr1MM - 8994163983165237 - May 10, 2021, 3:04 pm
txn_1IpFkjJm8ehcCWGIojzkYl9D - 8994163983534231 - May 10, 2021, 3:04 pm
txn_1IoyekJm8ehcCWGIboGRmoW5 - 8994163983316233 - May 10, 2021, 3:04 pm
txn_1IofPYJm8ehcCWGIEt9NAz7q - 8994163983315236 - May 10, 2021, 3:04 pm
txn_1IoV11Jm8ehcCWGINp5LQbYb - 8994163983533234 - May 10, 2021, 3:04 pm
2021Influencer626 - 8994163983311238 - May 10, 2021, 3:04 pm
txn_1IpIcdJm8ehcCWGIK4h3JGWW - 8994163983312235 - May 10, 2021, 3:04 pm
txn_1IpDhaJm8ehcCWGI0pNcQQwR - 8994163983532237 - May 10, 2021, 3:04 pm
txn_1IoxyNJm8ehcCWGIxpDTjOWO - 8994163983310231 - May 10, 2021, 3:04 pm
txn_1IodlxJm8ehcCWGInNNFuR4h - 8994163983309235 - May 10, 2021, 3:04 pm
txn_1IoUoLJm8ehcCWGIovAuV5D1 - 8994163983528230 - May 10, 2021, 3:04 pm
txn_1Ip450Jm8ehcCWGIA8acb43D - 8994163983163233 - May 10, 2021, 3:04 pm
txn_1IoxWXJm8ehcCWGId5Ot1qIK - 8994163983526236 - May 10, 2021, 3:04 pm
txn_1IpHj2Jm8ehcCWGI4NbumUKB - 8994163983308238 - May 10, 2021, 3:04 pm
2021Influencer625 - 8994163983527233 - May 10, 2021, 3:04 pm
txn_1IocqHJm8ehcCWGILhMyj3wB - 8994163983162236 - May 10, 2021, 3:04 pm
txn_1IoUiYJm8ehcCWGIRUX6zMMS - 8994163983158239 - May 10, 2021, 3:04 pm
txn_1IpHbaJm8ehcCWGIAKNrHjoL - 8994163983157232 - May 10, 2021, 3:04 pm
txn_1Ip3hTJm8ehcCWGIa4t8pawJ - 8994163983525239 - May 10, 2021, 3:04 pm
2021Influencer624 - 8994163983307231 - May 10, 2021, 3:04 pm
txn_1Iowz4Jm8ehcCWGI7eN4oTye - 8994163983306234 - May 10, 2021, 3:04 pm
txn_1IobeJJm8ehcCWGIAW1IF1oJ - 8994163983155238 - May 10, 2021, 3:04 pm
txn_1IoQK6Jm8ehcCWGI03sOl3Wa - 8994163983150233 - May 10, 2021, 3:04 pm
BP197080521103110 - 8994163983146236 - May 10, 2021, 3:04 pm
txn_1IpHOnJm8ehcCWGIiiZB0LHs - 8994163983151230 - May 10, 2021, 3:04 pm
txn_1IoZuBJm8ehcCWGIgxxq24Xn - 8994163983522238 - May 10, 2021, 3:04 pm
txn_1IowNzJm8ehcCWGIaf4jIdGZ - 8994163983147233 - May 10, 2021, 3:04 pm
txn_1Iob92Jm8ehcCWGINSrfMQOW - 8994163983148230 - May 10, 2021, 3:04 pm
txn_1IpHOgJm8ehcCWGIILItrElV - 8994163983519238 - May 10, 2021, 3:04 pm
txn_1IoLDCJm8ehcCWGIpgweTIZU - 8994163983518231 - May 10, 2021, 3:04 pm
txn_1Ioai1Jm8ehcCWGIsAdY4E9J - 8994163983144232 - May 10, 2021, 3:04 pm
txn_1Iow86Jm8ehcCWGIerJXbIyk - 8994163983302236 - May 10, 2021, 3:04 pm
txn_1IoZ8GJm8ehcCWGIYyUJXJ7t - 8994163983301239 - May 10, 2021, 3:04 pm
txn_1Ip2MLJm8ehcCWGIntUEz3c4 - 8994163983517234 - May 10, 2021, 3:04 pm
txn_1IoYgkJm8ehcCWGIOaw2daFD -  - May 10, 2021, 3:04 pm
txn_1IpGaVJm8ehcCWGIW7E2qisw -  - May 10, 2021, 3:04 pm
2021Influencer628 - 8994163983169235 - May 10, 2021, 3:04 pm
txn_1IoWwkJm8ehcCWGICd8yNCfx - 8994163983539236 - May 10, 2021, 3:04 pm
txn_1Ip0dgJm8ehcCWGIFk2DHlKw - 8994163983320230 - May 10, 2021, 3:04 pm
txn_1IofVJJm8ehcCWGI0M9pYDEy - 8994163983167231 - May 10, 2021, 3:04 pm
2021Influencer627 - 8994163983537232 - May 10, 2021, 3:04 pm
txn_1IoWumJm8ehcCWGIxxAVr1MM - 8994163983165237 - May 10, 2021, 3:04 pm
txn_1IpFkjJm8ehcCWGIojzkYl9D - 8994163983534231 - May 10, 2021, 3:04 pm
txn_1IoyekJm8ehcCWGIboGRmoW5 - 8994163983316233 - May 10, 2021, 3:04 pm
txn_1IofPYJm8ehcCWGIEt9NAz7q - 8994163983315236 - May 10, 2021, 3:04 pm
txn_1IoV11Jm8ehcCWGINp5LQbYb - 8994163983533234 - May 10, 2021, 3:04 pm
2021Influencer626 - 8994163983311238 - May 10, 2021, 3:04 pm
txn_1IpIcdJm8ehcCWGIK4h3JGWW - 8994163983312235 - May 10, 2021, 3:04 pm
txn_1IpDhaJm8ehcCWGI0pNcQQwR - 8994163983532237 - May 10, 2021, 3:04 pm
txn_1IoxyNJm8ehcCWGIxpDTjOWO - 8994163983310231 - May 10, 2021, 3:04 pm
txn_1IodlxJm8ehcCWGInNNFuR4h - 8994163983309235 - May 10, 2021, 3:04 pm
txn_1IoUoLJm8ehcCWGIovAuV5D1 - 8994163983528230 - May 10, 2021, 3:04 pm
txn_1Ip450Jm8ehcCWGIA8acb43D - 8994163983163233 - May 10, 2021, 3:04 pm
txn_1IoxWXJm8ehcCWGId5Ot1qIK - 8994163983526236 - May 10, 2021, 3:04 pm
txn_1IpHj2Jm8ehcCWGI4NbumUKB - 8994163983308238 - May 10, 2021, 3:04 pm
2021Influencer625 - 8994163983527233 - May 10, 2021, 3:04 pm
txn_1IocqHJm8ehcCWGILhMyj3wB - 8994163983162236 - May 10, 2021, 3:04 pm
txn_1IoUiYJm8ehcCWGIRUX6zMMS - 8994163983158239 - May 10, 2021, 3:04 pm
txn_1IpHbaJm8ehcCWGIAKNrHjoL - 8994163983157232 - May 10, 2021, 3:04 pm
txn_1Ip3hTJm8ehcCWGIa4t8pawJ - 8994163983525239 - May 10, 2021, 3:04 pm
2021Influencer624 - 8994163983307231 - May 10, 2021, 3:04 pm
txn_1Iowz4Jm8ehcCWGI7eN4oTye - 8994163983306234 - May 10, 2021, 3:04 pm
txn_1IobeJJm8ehcCWGIAW1IF1oJ - 8994163983155238 - May 10, 2021, 3:04 pm
txn_1IoQK6Jm8ehcCWGI03sOl3Wa - 8994163983150233 - May 10, 2021, 3:04 pm
BP197080521103110 - 8994163983146236 - May 10, 2021, 3:04 pm
txn_1IpHOnJm8ehcCWGIiiZB0LHs - 8994163983151230 - May 10, 2021, 3:04 pm
txn_1IoZuBJm8ehcCWGIgxxq24Xn - 8994163983522238 - May 10, 2021, 3:04 pm
txn_1IowNzJm8ehcCWGIaf4jIdGZ - 8994163983147233 - May 10, 2021, 3:04 pm
txn_1Iob92Jm8ehcCWGINSrfMQOW - 8994163983148230 - May 10, 2021, 3:04 pm
txn_1IpHOgJm8ehcCWGIILItrElV - 8994163983519238 - May 10, 2021, 3:04 pm
txn_1IoLDCJm8ehcCWGIpgweTIZU - 8994163983518231 - May 10, 2021, 3:04 pm
txn_1Ioai1Jm8ehcCWGIsAdY4E9J - 8994163983144232 - May 10, 2021, 3:04 pm
txn_1Iow86Jm8ehcCWGIerJXbIyk - 8994163983302236 - May 10, 2021, 3:04 pm
txn_1IoZ8GJm8ehcCWGIYyUJXJ7t - 8994163983301239 - May 10, 2021, 3:04 pm
txn_1Ip2MLJm8ehcCWGIntUEz3c4 - 8994163983517234 - May 10, 2021, 3:04 pm
txn_1IoYgkJm8ehcCWGIOaw2daFD - 8994163983347237 - May 10, 2021, 3:04 pm
txn_1IpGaVJm8ehcCWGIW7E2qisw - 8994163983201232 - May 10, 2021, 3:04 pm
2021Influencer628 - 8994163983169235 - May 10, 2021, 3:05 pm
txn_1IoWwkJm8ehcCWGICd8yNCfx - 8994163983539236 - May 10, 2021, 3:05 pm
txn_1Ip0dgJm8ehcCWGIFk2DHlKw - 8994163983320230 - May 10, 2021, 3:05 pm
txn_1IofVJJm8ehcCWGI0M9pYDEy - 8994163983167231 - May 10, 2021, 3:05 pm
2021Influencer627 - 8994163983537232 - May 10, 2021, 3:05 pm
txn_1IoWumJm8ehcCWGIxxAVr1MM - 8994163983165237 - May 10, 2021, 3:05 pm
txn_1IpFkjJm8ehcCWGIojzkYl9D - 8994163983534231 - May 10, 2021, 3:05 pm
txn_1IoyekJm8ehcCWGIboGRmoW5 - 8994163983316233 - May 10, 2021, 3:05 pm
txn_1IofPYJm8ehcCWGIEt9NAz7q - 8994163983315236 - May 10, 2021, 3:05 pm
txn_1IoV11Jm8ehcCWGINp5LQbYb - 8994163983533234 - May 10, 2021, 3:05 pm
2021Influencer626 - 8994163983311238 - May 10, 2021, 3:05 pm
txn_1IpIcdJm8ehcCWGIK4h3JGWW - 8994163983312235 - May 10, 2021, 3:05 pm
txn_1IpDhaJm8ehcCWGI0pNcQQwR - 8994163983532237 - May 10, 2021, 3:05 pm
txn_1IoxyNJm8ehcCWGIxpDTjOWO - 8994163983310231 - May 10, 2021, 3:05 pm
txn_1IodlxJm8ehcCWGInNNFuR4h - 8994163983309235 - May 10, 2021, 3:05 pm
txn_1IoUoLJm8ehcCWGIovAuV5D1 - 8994163983528230 - May 10, 2021, 3:05 pm
txn_1Ip450Jm8ehcCWGIA8acb43D - 8994163983163233 - May 10, 2021, 3:05 pm
txn_1IoxWXJm8ehcCWGId5Ot1qIK - 8994163983526236 - May 10, 2021, 3:05 pm
txn_1IpHj2Jm8ehcCWGI4NbumUKB - 8994163983308238 - May 10, 2021, 3:05 pm
2021Influencer625 - 8994163983527233 - May 10, 2021, 3:05 pm
txn_1IocqHJm8ehcCWGILhMyj3wB - 8994163983162236 - May 10, 2021, 3:05 pm
txn_1IoUiYJm8ehcCWGIRUX6zMMS - 8994163983158239 - May 10, 2021, 3:05 pm
txn_1IpHbaJm8ehcCWGIAKNrHjoL - 8994163983157232 - May 10, 2021, 3:05 pm
txn_1Ip3hTJm8ehcCWGIa4t8pawJ - 8994163983525239 - May 10, 2021, 3:05 pm
2021Influencer624 - 8994163983307231 - May 10, 2021, 3:05 pm
txn_1Iowz4Jm8ehcCWGI7eN4oTye - 8994163983306234 - May 10, 2021, 3:05 pm
txn_1IobeJJm8ehcCWGIAW1IF1oJ - 8994163983155238 - May 10, 2021, 3:05 pm
txn_1IoQK6Jm8ehcCWGI03sOl3Wa - 8994163983150233 - May 10, 2021, 3:05 pm
BP197080521103110 - 8994163983146236 - May 10, 2021, 3:05 pm
txn_1IpHOnJm8ehcCWGIiiZB0LHs - 8994163983151230 - May 10, 2021, 3:05 pm
txn_1IoZuBJm8ehcCWGIgxxq24Xn - 8994163983522238 - May 10, 2021, 3:05 pm
txn_1IowNzJm8ehcCWGIaf4jIdGZ - 8994163983147233 - May 10, 2021, 3:05 pm
txn_1Iob92Jm8ehcCWGINSrfMQOW - 8994163983148230 - May 10, 2021, 3:05 pm
txn_1IpHOgJm8ehcCWGIILItrElV - 8994163983519238 - May 10, 2021, 3:05 pm
txn_1IoLDCJm8ehcCWGIpgweTIZU - 8994163983518231 - May 10, 2021, 3:05 pm
txn_1Ioai1Jm8ehcCWGIsAdY4E9J - 8994163983144232 - May 10, 2021, 3:05 pm
txn_1Iow86Jm8ehcCWGIerJXbIyk - 8994163983302236 - May 10, 2021, 3:05 pm
txn_1IoZ8GJm8ehcCWGIYyUJXJ7t - 8994163983301239 - May 10, 2021, 3:05 pm
txn_1Ip2MLJm8ehcCWGIntUEz3c4 - 8994163983517234 - May 10, 2021, 3:05 pm
txn_1IpGDbJm8ehcCWGIidho5gLZ - 8994163983368232 - May 10, 2021, 3:05 pm
txn_1IpLYFJm8ehcCWGIMoGBkJwh - 8994163983618238 - May 10, 2021, 3:05 pm
txn_1Ip2CgJm8ehcCWGILZBzXyd0 - 8994163983580238 - May 10, 2021, 3:05 pm
txn_1IpLSqJm8ehcCWGIRjpWkj8o - 8994163983577238 - May 10, 2021, 3:05 pm
txn_1Ip1bKJm8ehcCWGI5JrMpZds - 8994163983362230 - May 10, 2021, 3:05 pm
txn_1IpK0QJm8ehcCWGIqJPpezv2 - 8994163983571236 - May 10, 2021, 3:05 pm
txn_1Iova5Jm8ehcCWGIYJgo7Ine - 8994163983210234 - May 10, 2021, 3:05 pm
txn_1IpJseJm8ehcCWGIzWKaTMLy - 8994163983569233 - May 10, 2021, 3:05 pm
txn_1IojLXJm8ehcCWGIxUj1EmXp - 8994163983208231 - May 10, 2021, 3:05 pm
txn_1IpJSfJm8ehcCWGII7EQ87pb - 8994163983568236 - May 10, 2021, 3:05 pm
2021Influencer631 - 8994163983357236 - May 10, 2021, 3:05 pm
txn_1IpIq8Jm8ehcCWGIogqXzPcs - 8994163983203236 - May 10, 2021, 3:05 pm
2021Influencer629 - 8994163983204233 - May 10, 2021, 3:05 pm
txn_1IoYt6Jm8ehcCWGIKrNaAXAY - 8994163983351234 - May 10, 2021, 3:05 pm
txn_1IpH8SJm8ehcCWGIMqfr9yJF - 8994163983350237 - May 10, 2021, 3:05 pm
txn_1IoYgkJm8ehcCWGIOaw2daFD - 8994163983347237 - May 10, 2021, 3:05 pm
txn_1IpGaVJm8ehcCWGIW7E2qisw - 8994163983201232 - May 10, 2021, 3:05 pm
