txn_1IHUGTJm8ehcCWGIUVDoKyVQ - 8994163642964201 - February 22, 2021, 3:51 pm
txn_1IMis7Jm8ehcCWGIaSQzxJhg - 8994163642778204 - February 22, 2021, 3:51 pm
txn_1INQuWJm8ehcCWGIXaP8TYj3 - 8994163642962207 - February 22, 2021, 3:51 pm
txn_1IHBg5Jm8ehcCWGITPo4oAhb - 8994163642780207 - February 22, 2021, 3:51 pm
txn_1INhitJm8ehcCWGIJuwtMp39 - 8994163643046203 - February 22, 2021, 3:51 pm
txn_1IMhgRJm8ehcCWGIL0Lx0BsI - 8994163642961200 - February 22, 2021, 3:51 pm
txn_1IN8LoJm8ehcCWGIK6z40uVC - 8994163642960203 - February 22, 2021, 3:51 pm
txn_1INVYUJm8ehcCWGIfOhISFAI - 8994163642958200 - February 22, 2021, 3:51 pm
txn_1IMeoZJm8ehcCWGI6QS5nGcR - 8994163642774206 - February 22, 2021, 3:51 pm
txn_1IMhtZJm8ehcCWGIfqCRzCai - 8994163642773209 - February 22, 2021, 3:51 pm
txn_1IMj1JJm8ehcCWGIQOif8RzH - 8994163643045206 - February 22, 2021, 3:51 pm
txn_1INB3nJm8ehcCWGIM7WIFXnU - 8994163642957203 - February 22, 2021, 3:51 pm
txn_1INht4Jm8ehcCWGIAMXsQxNa - 8994163642956206 - February 22, 2021, 3:51 pm
txn_1IMf8uJm8ehcCWGIIXpDxTHd - 8994163642952208 - February 22, 2021, 3:51 pm
txn_1IMiqoJm8ehcCWGISj7tqxzd - 8994163643043202 - February 22, 2021, 3:51 pm
txn_1INfIfJm8ehcCWGIIv8mtAa4 - 8994163642769202 - February 22, 2021, 3:51 pm
txn_1INIrQJm8ehcCWGIkn8TcK4f - 8994163642954202 - February 22, 2021, 3:51 pm
txn_1IN4vUJm8ehcCWGIEGxHFJtM - 8994163642767208 - February 22, 2021, 3:51 pm
txn_1INiesJm8ehcCWGI8hDQoFMf - 8994163642953205 - February 22, 2021, 3:51 pm
2021Influencer396 - 8994163643316207 - February 22, 2021, 3:56 pm
2021Influencer397 - 8994163643315200 - February 22, 2021, 3:56 pm
2021Influencer398 - 8994163643684207 - February 22, 2021, 3:56 pm
