2021Influencer358 - 8994163463672200 - February 17, 2021, 8:43 pm
2021Influencer367 - 8994163463397202 - February 17, 2021, 8:43 pm
txn_1ILgshJm8ehcCWGIbaiQFTxC - 8994163463889202 - February 17, 2021, 8:43 pm
txn_1ILuPlJm8ehcCWGIQSP3zw86 - 8994163463671203 - February 17, 2021, 8:43 pm
txn_1ILs6ZJm8ehcCWGIl83QE6u3 - 8994163463670206 - February 17, 2021, 8:43 pm
txn_1ILySTJm8ehcCWGIgMZMXhav - 8994163463888205 - February 17, 2021, 8:43 pm
2021Influencer366 - 8994163463396205 - February 17, 2021, 8:43 pm
2021Influencer357 - 8994163463669200 - February 17, 2021, 8:43 pm
txn_1ILv5cJm8ehcCWGIyq4oTahq - 8994163463887208 - February 17, 2021, 8:43 pm
txn_1ILhL7Jm8ehcCWGIlHpnMI7g - 8994163463395208 - February 17, 2021, 8:43 pm
txn_1ILshuJm8ehcCWGIU4PPO1QP - 8994163463668203 - February 17, 2021, 8:43 pm
2021Influencer365 - 8994163463394201 - February 17, 2021, 8:43 pm
txn_1IM0xVJm8ehcCWGIgWkxB9Ki - 8994163463885204 - February 17, 2021, 8:43 pm
txn_1ILvPvJm8ehcCWGIOO4URyXS - 8994163463886201 - February 17, 2021, 8:43 pm
txn_1ILiJgJm8ehcCWGIRfWDUyDo - 8994163463667206 - February 17, 2021, 8:43 pm
2021Influencer356 - 8994163463884207 - February 17, 2021, 8:43 pm
txn_1ILsrsJm8ehcCWGINoBKTE3m - 8994163463666209 - February 17, 2021, 8:43 pm
2021Influencer364 - 8994163463883200 - February 17, 2021, 8:43 pm
txn_1ILwZtJm8ehcCWGIfWvAnsjb - 8994163463882203 - February 17, 2021, 8:43 pm
2021Influencer363 - 8994163463881206 - February 17, 2021, 8:43 pm
txn_1ILiskJm8ehcCWGIKrvhrYIc - 8994163463664205 - February 17, 2021, 8:43 pm
txn_1ILss8Jm8ehcCWGIuQdyXsU4 - 8994163463663208 - February 17, 2021, 8:43 pm
2021Influencer355 - 8994163463393204 - February 17, 2021, 8:43 pm
2021Influencer358 - 8994163463672200 - February 17, 2021, 8:43 pm
2021Influencer367 - 8994163463397202 - February 17, 2021, 8:43 pm
txn_1ILgshJm8ehcCWGIbaiQFTxC - 8994163463889202 - February 17, 2021, 8:43 pm
txn_1ILuPlJm8ehcCWGIQSP3zw86 - 8994163463671203 - February 17, 2021, 8:43 pm
txn_1ILs6ZJm8ehcCWGIl83QE6u3 - 8994163463670206 - February 17, 2021, 8:43 pm
txn_1ILySTJm8ehcCWGIgMZMXhav - 8994163463888205 - February 17, 2021, 8:43 pm
2021Influencer366 - 8994163463396205 - February 17, 2021, 8:43 pm
2021Influencer357 - 8994163463669200 - February 17, 2021, 8:43 pm
txn_1ILv5cJm8ehcCWGIyq4oTahq - 8994163463887208 - February 17, 2021, 8:43 pm
txn_1ILhL7Jm8ehcCWGIlHpnMI7g - 8994163463395208 - February 17, 2021, 8:43 pm
txn_1ILshuJm8ehcCWGIU4PPO1QP - 8994163463668203 - February 17, 2021, 8:43 pm
2021Influencer365 - 8994163463394201 - February 17, 2021, 8:43 pm
txn_1IM0xVJm8ehcCWGIgWkxB9Ki - 8994163463885204 - February 17, 2021, 8:43 pm
txn_1ILvPvJm8ehcCWGIOO4URyXS - 8994163463886201 - February 17, 2021, 8:43 pm
txn_1ILiJgJm8ehcCWGIRfWDUyDo - 8994163463667206 - February 17, 2021, 8:43 pm
2021Influencer356 - 8994163463884207 - February 17, 2021, 8:43 pm
txn_1ILsrsJm8ehcCWGINoBKTE3m - 8994163463666209 - February 17, 2021, 8:43 pm
2021Influencer364 - 8994163463883200 - February 17, 2021, 8:43 pm
txn_1ILwZtJm8ehcCWGIfWvAnsjb - 8994163463882203 - February 17, 2021, 8:43 pm
2021Influencer363 - 8994163463881206 - February 17, 2021, 8:43 pm
txn_1ILiskJm8ehcCWGIKrvhrYIc - 8994163463664205 - February 17, 2021, 8:43 pm
txn_1ILss8Jm8ehcCWGIuQdyXsU4 - 8994163463663208 - February 17, 2021, 8:43 pm
2021Influencer355 - 8994163463393204 - February 17, 2021, 8:43 pm
txn_1ILxNqJm8ehcCWGISIF4BAtF -  - February 17, 2021, 8:43 pm
txn_1ILkMmJm8ehcCWGIbkrfGICY -  - February 17, 2021, 8:43 pm
2021Influencer370 -  - February 17, 2021, 8:43 pm
txn_1ILyAFJm8ehcCWGIMpeRJOvE -  - February 17, 2021, 8:43 pm
txn_1ILrQwJm8ehcCWGIH0owOHDk -  - February 17, 2021, 8:43 pm
2021Influencer369 -  - February 17, 2021, 8:43 pm
txn_1ILyF1Jm8ehcCWGIYMrew2Pa -  - February 17, 2021, 8:43 pm
txn_1ILrXrJm8ehcCWGIjg0qadl5 -  - February 17, 2021, 8:43 pm
2021Influencer368 -  - February 17, 2021, 8:43 pm
txn_1ILyP0Jm8ehcCWGIEEd2E5PI -  - February 17, 2021, 8:43 pm
txn_1ILsxrJm8ehcCWGI3i9ug3Oo -  - February 17, 2021, 8:43 pm
txn_1ILfYDJm8ehcCWGI6IfunFOs -  - February 17, 2021, 8:43 pm
2021Influencer360 -  - February 17, 2021, 8:43 pm
txn_1ILfzSJm8ehcCWGIhMqpxyVk -  - February 17, 2021, 8:43 pm
2021Influencer374 -  - February 17, 2021, 8:43 pm
txn_1ILtHEJm8ehcCWGIjNs1zP5t -  - February 17, 2021, 8:43 pm
2021Influencer362 -  - February 17, 2021, 8:43 pm
2021Influencer373 -  - February 17, 2021, 8:43 pm
txn_1ILg22Jm8ehcCWGInRVhPNwc -  - February 17, 2021, 8:43 pm
txn_1ILtO6Jm8ehcCWGIc367oHIB -  - February 17, 2021, 8:43 pm
2021Influencer361 -  - February 17, 2021, 8:43 pm
txn_1ILgZaJm8ehcCWGIXQev80EN -  - February 17, 2021, 8:43 pm
txn_1ILtdhJm8ehcCWGIPoR8vJuL -  - February 17, 2021, 8:43 pm
2021Influencer372 -  - February 17, 2021, 8:43 pm
2021Influencer359 -  - February 17, 2021, 8:43 pm
2021Influencer371 -  - February 17, 2021, 8:43 pm
txn_1ILx3lJm8ehcCWGIIRo4B8eE -  - February 17, 2021, 8:43 pm
txn_1ILj09Jm8ehcCWGIOXqARi8L -  - February 17, 2021, 8:43 pm
2021Influencer358 - 8994163463672200 - February 17, 2021, 8:43 pm
2021Influencer367 - 8994163463397202 - February 17, 2021, 8:43 pm
txn_1ILgshJm8ehcCWGIbaiQFTxC - 8994163463889202 - February 17, 2021, 8:43 pm
txn_1ILuPlJm8ehcCWGIQSP3zw86 - 8994163463671203 - February 17, 2021, 8:43 pm
txn_1ILs6ZJm8ehcCWGIl83QE6u3 - 8994163463670206 - February 17, 2021, 8:43 pm
txn_1ILySTJm8ehcCWGIgMZMXhav - 8994163463888205 - February 17, 2021, 8:43 pm
2021Influencer366 - 8994163463396205 - February 17, 2021, 8:43 pm
2021Influencer357 - 8994163463669200 - February 17, 2021, 8:43 pm
txn_1ILv5cJm8ehcCWGIyq4oTahq - 8994163463887208 - February 17, 2021, 8:43 pm
txn_1ILhL7Jm8ehcCWGIlHpnMI7g - 8994163463395208 - February 17, 2021, 8:43 pm
txn_1ILshuJm8ehcCWGIU4PPO1QP - 8994163463668203 - February 17, 2021, 8:43 pm
2021Influencer365 - 8994163463394201 - February 17, 2021, 8:43 pm
txn_1IM0xVJm8ehcCWGIgWkxB9Ki - 8994163463885204 - February 17, 2021, 8:43 pm
txn_1ILvPvJm8ehcCWGIOO4URyXS - 8994163463886201 - February 17, 2021, 8:43 pm
txn_1ILiJgJm8ehcCWGIRfWDUyDo - 8994163463667206 - February 17, 2021, 8:43 pm
2021Influencer356 - 8994163463884207 - February 17, 2021, 8:43 pm
txn_1ILsrsJm8ehcCWGINoBKTE3m - 8994163463666209 - February 17, 2021, 8:43 pm
2021Influencer364 - 8994163463883200 - February 17, 2021, 8:43 pm
txn_1ILwZtJm8ehcCWGIfWvAnsjb - 8994163463882203 - February 17, 2021, 8:43 pm
2021Influencer363 - 8994163463881206 - February 17, 2021, 8:43 pm
txn_1ILiskJm8ehcCWGIKrvhrYIc - 8994163463664205 - February 17, 2021, 8:43 pm
txn_1ILss8Jm8ehcCWGIuQdyXsU4 - 8994163463663208 - February 17, 2021, 8:43 pm
2021Influencer355 - 8994163463393204 - February 17, 2021, 8:43 pm
2021Influencer370 -  - February 17, 2021, 8:43 pm
txn_1ILrQwJm8ehcCWGIH0owOHDk -  - February 17, 2021, 8:43 pm
txn_1ILyAFJm8ehcCWGIMpeRJOvE -  - February 17, 2021, 8:43 pm
2021Influencer369 -  - February 17, 2021, 8:43 pm
txn_1ILrXrJm8ehcCWGIjg0qadl5 -  - February 17, 2021, 8:43 pm
txn_1ILyF1Jm8ehcCWGIYMrew2Pa -  - February 17, 2021, 8:43 pm
2021Influencer368 -  - February 17, 2021, 8:43 pm
txn_1ILyP0Jm8ehcCWGIEEd2E5PI -  - February 17, 2021, 8:43 pm
txn_1ILsxrJm8ehcCWGI3i9ug3Oo -  - February 17, 2021, 8:43 pm
txn_1ILfYDJm8ehcCWGI6IfunFOs -  - February 17, 2021, 8:43 pm
2021Influencer374 -  - February 17, 2021, 8:43 pm
txn_1ILtHEJm8ehcCWGIjNs1zP5t -  - February 17, 2021, 8:43 pm
2021Influencer360 -  - February 17, 2021, 8:43 pm
txn_1ILfzSJm8ehcCWGIhMqpxyVk -  - February 17, 2021, 8:43 pm
2021Influencer373 -  - February 17, 2021, 8:43 pm
txn_1ILtO6Jm8ehcCWGIc367oHIB -  - February 17, 2021, 8:43 pm
2021Influencer362 -  - February 17, 2021, 8:43 pm
txn_1ILg22Jm8ehcCWGInRVhPNwc -  - February 17, 2021, 8:43 pm
txn_1ILtdhJm8ehcCWGIPoR8vJuL -  - February 17, 2021, 8:43 pm
2021Influencer361 -  - February 17, 2021, 8:43 pm
2021Influencer372 -  - February 17, 2021, 8:43 pm
txn_1ILgZaJm8ehcCWGIXQev80EN -  - February 17, 2021, 8:43 pm
2021Influencer371 -  - February 17, 2021, 8:43 pm
2021Influencer359 -  - February 17, 2021, 8:43 pm
txn_1ILx3lJm8ehcCWGIIRo4B8eE -  - February 17, 2021, 8:43 pm
txn_1ILj09Jm8ehcCWGIOXqARi8L -  - February 17, 2021, 8:43 pm
2021Influencer358 - 8994163463672200 - February 17, 2021, 8:43 pm
2021Influencer367 - 8994163463397202 - February 17, 2021, 8:43 pm
txn_1ILgshJm8ehcCWGIbaiQFTxC - 8994163463889202 - February 17, 2021, 8:43 pm
txn_1ILuPlJm8ehcCWGIQSP3zw86 - 8994163463671203 - February 17, 2021, 8:43 pm
txn_1ILs6ZJm8ehcCWGIl83QE6u3 - 8994163463670206 - February 17, 2021, 8:43 pm
txn_1ILySTJm8ehcCWGIgMZMXhav - 8994163463888205 - February 17, 2021, 8:43 pm
2021Influencer366 - 8994163463396205 - February 17, 2021, 8:43 pm
2021Influencer357 - 8994163463669200 - February 17, 2021, 8:43 pm
txn_1ILv5cJm8ehcCWGIyq4oTahq - 8994163463887208 - February 17, 2021, 8:43 pm
txn_1ILhL7Jm8ehcCWGIlHpnMI7g - 8994163463395208 - February 17, 2021, 8:43 pm
txn_1ILshuJm8ehcCWGIU4PPO1QP - 8994163463668203 - February 17, 2021, 8:43 pm
2021Influencer365 - 8994163463394201 - February 17, 2021, 8:43 pm
txn_1IM0xVJm8ehcCWGIgWkxB9Ki - 8994163463885204 - February 17, 2021, 8:43 pm
txn_1ILvPvJm8ehcCWGIOO4URyXS - 8994163463886201 - February 17, 2021, 8:43 pm
txn_1ILiJgJm8ehcCWGIRfWDUyDo - 8994163463667206 - February 17, 2021, 8:43 pm
2021Influencer356 - 8994163463884207 - February 17, 2021, 8:43 pm
txn_1ILsrsJm8ehcCWGINoBKTE3m - 8994163463666209 - February 17, 2021, 8:43 pm
2021Influencer364 - 8994163463883200 - February 17, 2021, 8:43 pm
txn_1ILwZtJm8ehcCWGIfWvAnsjb - 8994163463882203 - February 17, 2021, 8:43 pm
2021Influencer363 - 8994163463881206 - February 17, 2021, 8:43 pm
txn_1ILiskJm8ehcCWGIKrvhrYIc - 8994163463664205 - February 17, 2021, 8:43 pm
txn_1ILss8Jm8ehcCWGIuQdyXsU4 - 8994163463663208 - February 17, 2021, 8:43 pm
2021Influencer355 - 8994163463393204 - February 17, 2021, 8:43 pm
txn_1ILkMmJm8ehcCWGIbkrfGICY -  - February 17, 2021, 8:43 pm
txn_1ILxNqJm8ehcCWGISIF4BAtF -  - February 17, 2021, 8:43 pm
2021Influencer370 -  - February 17, 2021, 8:43 pm
txn_1ILrQwJm8ehcCWGIH0owOHDk -  - February 17, 2021, 8:43 pm
txn_1ILyAFJm8ehcCWGIMpeRJOvE -  - February 17, 2021, 8:43 pm
2021Influencer369 -  - February 17, 2021, 8:43 pm
txn_1ILrXrJm8ehcCWGIjg0qadl5 -  - February 17, 2021, 8:43 pm
txn_1ILyF1Jm8ehcCWGIYMrew2Pa -  - February 17, 2021, 8:43 pm
2021Influencer368 -  - February 17, 2021, 8:43 pm
txn_1ILyP0Jm8ehcCWGIEEd2E5PI -  - February 17, 2021, 8:43 pm
txn_1ILsxrJm8ehcCWGI3i9ug3Oo -  - February 17, 2021, 8:43 pm
txn_1ILfYDJm8ehcCWGI6IfunFOs -  - February 17, 2021, 8:43 pm
2021Influencer374 -  - February 17, 2021, 8:43 pm
txn_1ILtHEJm8ehcCWGIjNs1zP5t -  - February 17, 2021, 8:43 pm
2021Influencer360 -  - February 17, 2021, 8:43 pm
txn_1ILfzSJm8ehcCWGIhMqpxyVk -  - February 17, 2021, 8:43 pm
2021Influencer373 -  - February 17, 2021, 8:43 pm
txn_1ILtO6Jm8ehcCWGIc367oHIB -  - February 17, 2021, 8:43 pm
2021Influencer362 -  - February 17, 2021, 8:43 pm
txn_1ILg22Jm8ehcCWGInRVhPNwc -  - February 17, 2021, 8:43 pm
txn_1ILtdhJm8ehcCWGIPoR8vJuL -  - February 17, 2021, 8:43 pm
2021Influencer361 -  - February 17, 2021, 8:43 pm
2021Influencer372 -  - February 17, 2021, 8:43 pm
txn_1ILgZaJm8ehcCWGIXQev80EN -  - February 17, 2021, 8:43 pm
2021Influencer371 -  - February 17, 2021, 8:43 pm
2021Influencer359 -  - February 17, 2021, 8:43 pm
txn_1ILx3lJm8ehcCWGIIRo4B8eE -  - February 17, 2021, 8:43 pm
txn_1ILj09Jm8ehcCWGIOXqARi8L -  - February 17, 2021, 8:43 pm
2021Influencer358 - 8994163463672200 - February 17, 2021, 8:43 pm
2021Influencer367 - 8994163463397202 - February 17, 2021, 8:43 pm
txn_1ILgshJm8ehcCWGIbaiQFTxC - 8994163463889202 - February 17, 2021, 8:43 pm
txn_1ILuPlJm8ehcCWGIQSP3zw86 - 8994163463671203 - February 17, 2021, 8:43 pm
txn_1ILs6ZJm8ehcCWGIl83QE6u3 - 8994163463670206 - February 17, 2021, 8:43 pm
txn_1ILySTJm8ehcCWGIgMZMXhav - 8994163463888205 - February 17, 2021, 8:43 pm
2021Influencer366 - 8994163463396205 - February 17, 2021, 8:43 pm
2021Influencer357 - 8994163463669200 - February 17, 2021, 8:43 pm
txn_1ILv5cJm8ehcCWGIyq4oTahq - 8994163463887208 - February 17, 2021, 8:43 pm
txn_1ILhL7Jm8ehcCWGIlHpnMI7g - 8994163463395208 - February 17, 2021, 8:43 pm
txn_1ILshuJm8ehcCWGIU4PPO1QP - 8994163463668203 - February 17, 2021, 8:43 pm
2021Influencer365 - 8994163463394201 - February 17, 2021, 8:43 pm
txn_1IM0xVJm8ehcCWGIgWkxB9Ki - 8994163463885204 - February 17, 2021, 8:43 pm
txn_1ILvPvJm8ehcCWGIOO4URyXS - 8994163463886201 - February 17, 2021, 8:43 pm
txn_1ILiJgJm8ehcCWGIRfWDUyDo - 8994163463667206 - February 17, 2021, 8:43 pm
2021Influencer356 - 8994163463884207 - February 17, 2021, 8:43 pm
txn_1ILsrsJm8ehcCWGINoBKTE3m - 8994163463666209 - February 17, 2021, 8:43 pm
2021Influencer364 - 8994163463883200 - February 17, 2021, 8:43 pm
txn_1ILwZtJm8ehcCWGIfWvAnsjb - 8994163463882203 - February 17, 2021, 8:43 pm
2021Influencer363 - 8994163463881206 - February 17, 2021, 8:43 pm
txn_1ILiskJm8ehcCWGIKrvhrYIc - 8994163463664205 - February 17, 2021, 8:43 pm
txn_1ILss8Jm8ehcCWGIuQdyXsU4 - 8994163463663208 - February 17, 2021, 8:43 pm
2021Influencer355 - 8994163463393204 - February 17, 2021, 8:43 pm
2021Influencer358 - 8994163463672200 - February 17, 2021, 8:44 pm
2021Influencer367 - 8994163463397202 - February 17, 2021, 8:44 pm
txn_1ILgshJm8ehcCWGIbaiQFTxC - 8994163463889202 - February 17, 2021, 8:44 pm
txn_1ILuPlJm8ehcCWGIQSP3zw86 - 8994163463671203 - February 17, 2021, 8:44 pm
txn_1ILs6ZJm8ehcCWGIl83QE6u3 - 8994163463670206 - February 17, 2021, 8:44 pm
txn_1ILySTJm8ehcCWGIgMZMXhav - 8994163463888205 - February 17, 2021, 8:44 pm
2021Influencer366 - 8994163463396205 - February 17, 2021, 8:44 pm
2021Influencer357 - 8994163463669200 - February 17, 2021, 8:44 pm
txn_1ILv5cJm8ehcCWGIyq4oTahq - 8994163463887208 - February 17, 2021, 8:44 pm
txn_1ILhL7Jm8ehcCWGIlHpnMI7g - 8994163463395208 - February 17, 2021, 8:44 pm
txn_1ILshuJm8ehcCWGIU4PPO1QP - 8994163463668203 - February 17, 2021, 8:44 pm
2021Influencer365 - 8994163463394201 - February 17, 2021, 8:44 pm
txn_1IM0xVJm8ehcCWGIgWkxB9Ki - 8994163463885204 - February 17, 2021, 8:44 pm
txn_1ILvPvJm8ehcCWGIOO4URyXS - 8994163463886201 - February 17, 2021, 8:44 pm
txn_1ILiJgJm8ehcCWGIRfWDUyDo - 8994163463667206 - February 17, 2021, 8:44 pm
2021Influencer356 - 8994163463884207 - February 17, 2021, 8:44 pm
txn_1ILsrsJm8ehcCWGINoBKTE3m - 8994163463666209 - February 17, 2021, 8:44 pm
2021Influencer364 - 8994163463883200 - February 17, 2021, 8:44 pm
txn_1ILwZtJm8ehcCWGIfWvAnsjb - 8994163463882203 - February 17, 2021, 8:44 pm
2021Influencer363 - 8994163463881206 - February 17, 2021, 8:44 pm
txn_1ILiskJm8ehcCWGIKrvhrYIc - 8994163463664205 - February 17, 2021, 8:44 pm
txn_1ILss8Jm8ehcCWGIuQdyXsU4 - 8994163463663208 - February 17, 2021, 8:44 pm
2021Influencer355 - 8994163463393204 - February 17, 2021, 8:44 pm
txn_1ILyF1Jm8ehcCWGIYMrew2Pa - 8994163464015204 - February 17, 2021, 8:44 pm
2021Influencer368 - 8994163463894206 - February 17, 2021, 8:44 pm
txn_1ILsxrJm8ehcCWGI3i9ug3Oo - 8994163463682209 - February 17, 2021, 8:44 pm
txn_1ILyP0Jm8ehcCWGIEEd2E5PI - 8994163464014207 - February 17, 2021, 8:44 pm
txn_1ILfYDJm8ehcCWGI6IfunFOs - 8994163463893209 - February 17, 2021, 8:44 pm
txn_1ILtHEJm8ehcCWGIjNs1zP5t - 8994163463681202 - February 17, 2021, 8:44 pm
2021Influencer360 - 8994163464013200 - February 17, 2021, 8:44 pm
txn_1ILfzSJm8ehcCWGIhMqpxyVk - 8994163464012203 - February 17, 2021, 8:44 pm
2021Influencer374 - 8994163463680205 - February 17, 2021, 8:44 pm
txn_1ILtO6Jm8ehcCWGIc367oHIB - 8994163463679209 - February 17, 2021, 8:44 pm
2021Influencer362 - 8994163463892202 - February 17, 2021, 8:44 pm
2021Influencer373 - 8994163464010209 - February 17, 2021, 8:44 pm
txn_1ILg22Jm8ehcCWGInRVhPNwc - 8994163464011206 - February 17, 2021, 8:44 pm
txn_1ILtdhJm8ehcCWGIPoR8vJuL - 8994163464009203 - February 17, 2021, 8:44 pm
2021Influencer361 - 8994163463678202 - February 17, 2021, 8:44 pm
txn_1ILgZaJm8ehcCWGIXQev80EN - 8994163464008206 - February 17, 2021, 8:44 pm
2021Influencer372 - 8994163463677205 - February 17, 2021, 8:44 pm
txn_1ILx3lJm8ehcCWGIIRo4B8eE - 8994163464004208 - February 17, 2021, 8:44 pm
2021Influencer359 - 8994163464006202 - February 17, 2021, 8:44 pm
txn_1ILj09Jm8ehcCWGIOXqARi8L - 8994163463676208 - February 17, 2021, 8:44 pm
2021Influencer371 - 8994163464005205 - February 17, 2021, 8:44 pm
2021Influencer358 - 8994163463672200 - February 17, 2021, 8:44 pm
2021Influencer367 - 8994163463397202 - February 17, 2021, 8:44 pm
txn_1ILgshJm8ehcCWGIbaiQFTxC - 8994163463889202 - February 17, 2021, 8:44 pm
txn_1ILuPlJm8ehcCWGIQSP3zw86 - 8994163463671203 - February 17, 2021, 8:44 pm
txn_1ILs6ZJm8ehcCWGIl83QE6u3 - 8994163463670206 - February 17, 2021, 8:44 pm
txn_1ILySTJm8ehcCWGIgMZMXhav - 8994163463888205 - February 17, 2021, 8:44 pm
2021Influencer366 - 8994163463396205 - February 17, 2021, 8:44 pm
2021Influencer357 - 8994163463669200 - February 17, 2021, 8:44 pm
txn_1ILv5cJm8ehcCWGIyq4oTahq - 8994163463887208 - February 17, 2021, 8:44 pm
txn_1ILhL7Jm8ehcCWGIlHpnMI7g - 8994163463395208 - February 17, 2021, 8:44 pm
txn_1ILshuJm8ehcCWGIU4PPO1QP - 8994163463668203 - February 17, 2021, 8:44 pm
2021Influencer365 - 8994163463394201 - February 17, 2021, 8:44 pm
txn_1IM0xVJm8ehcCWGIgWkxB9Ki - 8994163463885204 - February 17, 2021, 8:44 pm
txn_1ILvPvJm8ehcCWGIOO4URyXS - 8994163463886201 - February 17, 2021, 8:44 pm
txn_1ILiJgJm8ehcCWGIRfWDUyDo - 8994163463667206 - February 17, 2021, 8:44 pm
2021Influencer356 - 8994163463884207 - February 17, 2021, 8:44 pm
txn_1ILsrsJm8ehcCWGINoBKTE3m - 8994163463666209 - February 17, 2021, 8:44 pm
2021Influencer364 - 8994163463883200 - February 17, 2021, 8:44 pm
txn_1ILwZtJm8ehcCWGIfWvAnsjb - 8994163463882203 - February 17, 2021, 8:44 pm
2021Influencer363 - 8994163463881206 - February 17, 2021, 8:44 pm
txn_1ILiskJm8ehcCWGIKrvhrYIc - 8994163463664205 - February 17, 2021, 8:44 pm
txn_1ILss8Jm8ehcCWGIuQdyXsU4 - 8994163463663208 - February 17, 2021, 8:44 pm
2021Influencer355 - 8994163463393204 - February 17, 2021, 8:44 pm
txn_1ILyF1Jm8ehcCWGIYMrew2Pa - 8994163464015204 - February 17, 2021, 8:44 pm
2021Influencer368 - 8994163463894206 - February 17, 2021, 8:44 pm
txn_1ILsxrJm8ehcCWGI3i9ug3Oo - 8994163463682209 - February 17, 2021, 8:44 pm
txn_1ILyP0Jm8ehcCWGIEEd2E5PI - 8994163464014207 - February 17, 2021, 8:44 pm
txn_1ILfYDJm8ehcCWGI6IfunFOs - 8994163463893209 - February 17, 2021, 8:44 pm
txn_1ILtHEJm8ehcCWGIjNs1zP5t - 8994163463681202 - February 17, 2021, 8:44 pm
2021Influencer360 - 8994163464013200 - February 17, 2021, 8:44 pm
txn_1ILfzSJm8ehcCWGIhMqpxyVk - 8994163464012203 - February 17, 2021, 8:44 pm
2021Influencer374 - 8994163463680205 - February 17, 2021, 8:44 pm
txn_1ILtO6Jm8ehcCWGIc367oHIB - 8994163463679209 - February 17, 2021, 8:44 pm
2021Influencer362 - 8994163463892202 - February 17, 2021, 8:44 pm
2021Influencer373 - 8994163464010209 - February 17, 2021, 8:44 pm
txn_1ILg22Jm8ehcCWGInRVhPNwc - 8994163464011206 - February 17, 2021, 8:44 pm
txn_1ILtdhJm8ehcCWGIPoR8vJuL - 8994163464009203 - February 17, 2021, 8:44 pm
2021Influencer361 - 8994163463678202 - February 17, 2021, 8:44 pm
txn_1ILgZaJm8ehcCWGIXQev80EN - 8994163464008206 - February 17, 2021, 8:44 pm
2021Influencer372 - 8994163463677205 - February 17, 2021, 8:44 pm
txn_1ILx3lJm8ehcCWGIIRo4B8eE - 8994163464004208 - February 17, 2021, 8:44 pm
2021Influencer359 - 8994163464006202 - February 17, 2021, 8:44 pm
txn_1ILj09Jm8ehcCWGIOXqARi8L - 8994163463676208 - February 17, 2021, 8:44 pm
2021Influencer371 - 8994163464005205 - February 17, 2021, 8:44 pm
2021Influencer358 - 8994163463672200 - February 17, 2021, 8:44 pm
2021Influencer367 - 8994163463397202 - February 17, 2021, 8:44 pm
txn_1ILgshJm8ehcCWGIbaiQFTxC - 8994163463889202 - February 17, 2021, 8:44 pm
txn_1ILuPlJm8ehcCWGIQSP3zw86 - 8994163463671203 - February 17, 2021, 8:44 pm
txn_1ILs6ZJm8ehcCWGIl83QE6u3 - 8994163463670206 - February 17, 2021, 8:44 pm
txn_1ILySTJm8ehcCWGIgMZMXhav - 8994163463888205 - February 17, 2021, 8:44 pm
2021Influencer366 - 8994163463396205 - February 17, 2021, 8:44 pm
2021Influencer357 - 8994163463669200 - February 17, 2021, 8:44 pm
txn_1ILv5cJm8ehcCWGIyq4oTahq - 8994163463887208 - February 17, 2021, 8:44 pm
txn_1ILhL7Jm8ehcCWGIlHpnMI7g - 8994163463395208 - February 17, 2021, 8:44 pm
txn_1ILshuJm8ehcCWGIU4PPO1QP - 8994163463668203 - February 17, 2021, 8:44 pm
2021Influencer365 - 8994163463394201 - February 17, 2021, 8:44 pm
txn_1IM0xVJm8ehcCWGIgWkxB9Ki - 8994163463885204 - February 17, 2021, 8:44 pm
txn_1ILvPvJm8ehcCWGIOO4URyXS - 8994163463886201 - February 17, 2021, 8:44 pm
txn_1ILiJgJm8ehcCWGIRfWDUyDo - 8994163463667206 - February 17, 2021, 8:44 pm
2021Influencer356 - 8994163463884207 - February 17, 2021, 8:44 pm
txn_1ILsrsJm8ehcCWGINoBKTE3m - 8994163463666209 - February 17, 2021, 8:44 pm
2021Influencer364 - 8994163463883200 - February 17, 2021, 8:44 pm
txn_1ILwZtJm8ehcCWGIfWvAnsjb - 8994163463882203 - February 17, 2021, 8:44 pm
2021Influencer363 - 8994163463881206 - February 17, 2021, 8:44 pm
txn_1ILiskJm8ehcCWGIKrvhrYIc - 8994163463664205 - February 17, 2021, 8:44 pm
txn_1ILss8Jm8ehcCWGIuQdyXsU4 - 8994163463663208 - February 17, 2021, 8:44 pm
2021Influencer355 - 8994163463393204 - February 17, 2021, 8:44 pm
txn_1ILyF1Jm8ehcCWGIYMrew2Pa - 8994163464015204 - February 17, 2021, 8:44 pm
2021Influencer368 - 8994163463894206 - February 17, 2021, 8:44 pm
txn_1ILsxrJm8ehcCWGI3i9ug3Oo - 8994163463682209 - February 17, 2021, 8:44 pm
txn_1ILyP0Jm8ehcCWGIEEd2E5PI - 8994163464014207 - February 17, 2021, 8:44 pm
txn_1ILfYDJm8ehcCWGI6IfunFOs - 8994163463893209 - February 17, 2021, 8:44 pm
txn_1ILtHEJm8ehcCWGIjNs1zP5t - 8994163463681202 - February 17, 2021, 8:44 pm
2021Influencer360 - 8994163464013200 - February 17, 2021, 8:44 pm
txn_1ILfzSJm8ehcCWGIhMqpxyVk - 8994163464012203 - February 17, 2021, 8:44 pm
2021Influencer374 - 8994163463680205 - February 17, 2021, 8:44 pm
txn_1ILtO6Jm8ehcCWGIc367oHIB - 8994163463679209 - February 17, 2021, 8:44 pm
2021Influencer362 - 8994163463892202 - February 17, 2021, 8:44 pm
2021Influencer373 - 8994163464010209 - February 17, 2021, 8:44 pm
txn_1ILg22Jm8ehcCWGInRVhPNwc - 8994163464011206 - February 17, 2021, 8:44 pm
txn_1ILtdhJm8ehcCWGIPoR8vJuL - 8994163464009203 - February 17, 2021, 8:44 pm
2021Influencer361 - 8994163463678202 - February 17, 2021, 8:44 pm
txn_1ILgZaJm8ehcCWGIXQev80EN - 8994163464008206 - February 17, 2021, 8:44 pm
2021Influencer372 - 8994163463677205 - February 17, 2021, 8:44 pm
txn_1ILx3lJm8ehcCWGIIRo4B8eE - 8994163464004208 - February 17, 2021, 8:44 pm
2021Influencer359 - 8994163464006202 - February 17, 2021, 8:44 pm
txn_1ILj09Jm8ehcCWGIOXqARi8L - 8994163463676208 - February 17, 2021, 8:44 pm
2021Influencer371 - 8994163464005205 - February 17, 2021, 8:44 pm
2021Influencer358 - 8994163463672200 - February 17, 2021, 8:44 pm
2021Influencer367 - 8994163463397202 - February 17, 2021, 8:44 pm
txn_1ILgshJm8ehcCWGIbaiQFTxC - 8994163463889202 - February 17, 2021, 8:44 pm
txn_1ILuPlJm8ehcCWGIQSP3zw86 - 8994163463671203 - February 17, 2021, 8:44 pm
txn_1ILs6ZJm8ehcCWGIl83QE6u3 - 8994163463670206 - February 17, 2021, 8:44 pm
txn_1ILySTJm8ehcCWGIgMZMXhav - 8994163463888205 - February 17, 2021, 8:44 pm
2021Influencer366 - 8994163463396205 - February 17, 2021, 8:44 pm
2021Influencer357 - 8994163463669200 - February 17, 2021, 8:44 pm
txn_1ILv5cJm8ehcCWGIyq4oTahq - 8994163463887208 - February 17, 2021, 8:44 pm
txn_1ILhL7Jm8ehcCWGIlHpnMI7g - 8994163463395208 - February 17, 2021, 8:44 pm
txn_1ILshuJm8ehcCWGIU4PPO1QP - 8994163463668203 - February 17, 2021, 8:44 pm
2021Influencer365 - 8994163463394201 - February 17, 2021, 8:44 pm
txn_1IM0xVJm8ehcCWGIgWkxB9Ki - 8994163463885204 - February 17, 2021, 8:44 pm
txn_1ILvPvJm8ehcCWGIOO4URyXS - 8994163463886201 - February 17, 2021, 8:44 pm
txn_1ILiJgJm8ehcCWGIRfWDUyDo - 8994163463667206 - February 17, 2021, 8:44 pm
2021Influencer356 - 8994163463884207 - February 17, 2021, 8:44 pm
txn_1ILsrsJm8ehcCWGINoBKTE3m - 8994163463666209 - February 17, 2021, 8:44 pm
2021Influencer364 - 8994163463883200 - February 17, 2021, 8:44 pm
txn_1ILwZtJm8ehcCWGIfWvAnsjb - 8994163463882203 - February 17, 2021, 8:44 pm
2021Influencer363 - 8994163463881206 - February 17, 2021, 8:44 pm
txn_1ILiskJm8ehcCWGIKrvhrYIc - 8994163463664205 - February 17, 2021, 8:44 pm
txn_1ILss8Jm8ehcCWGIuQdyXsU4 - 8994163463663208 - February 17, 2021, 8:44 pm
2021Influencer355 - 8994163463393204 - February 17, 2021, 8:44 pm
txn_1ILyF1Jm8ehcCWGIYMrew2Pa - 8994163464015204 - February 17, 2021, 8:44 pm
2021Influencer368 - 8994163463894206 - February 17, 2021, 8:44 pm
txn_1ILsxrJm8ehcCWGI3i9ug3Oo - 8994163463682209 - February 17, 2021, 8:44 pm
txn_1ILyP0Jm8ehcCWGIEEd2E5PI - 8994163464014207 - February 17, 2021, 8:44 pm
txn_1ILfYDJm8ehcCWGI6IfunFOs - 8994163463893209 - February 17, 2021, 8:44 pm
txn_1ILtHEJm8ehcCWGIjNs1zP5t - 8994163463681202 - February 17, 2021, 8:44 pm
2021Influencer360 - 8994163464013200 - February 17, 2021, 8:44 pm
txn_1ILfzSJm8ehcCWGIhMqpxyVk - 8994163464012203 - February 17, 2021, 8:44 pm
2021Influencer374 - 8994163463680205 - February 17, 2021, 8:44 pm
txn_1ILtO6Jm8ehcCWGIc367oHIB - 8994163463679209 - February 17, 2021, 8:44 pm
2021Influencer362 - 8994163463892202 - February 17, 2021, 8:44 pm
2021Influencer373 - 8994163464010209 - February 17, 2021, 8:44 pm
txn_1ILg22Jm8ehcCWGInRVhPNwc - 8994163464011206 - February 17, 2021, 8:44 pm
txn_1ILtdhJm8ehcCWGIPoR8vJuL - 8994163464009203 - February 17, 2021, 8:44 pm
2021Influencer361 - 8994163463678202 - February 17, 2021, 8:44 pm
txn_1ILgZaJm8ehcCWGIXQev80EN - 8994163464008206 - February 17, 2021, 8:44 pm
2021Influencer372 - 8994163463677205 - February 17, 2021, 8:44 pm
txn_1ILx3lJm8ehcCWGIIRo4B8eE - 8994163464004208 - February 17, 2021, 8:44 pm
2021Influencer359 - 8994163464006202 - February 17, 2021, 8:44 pm
txn_1ILj09Jm8ehcCWGIOXqARi8L - 8994163463676208 - February 17, 2021, 8:44 pm
2021Influencer371 - 8994163464005205 - February 17, 2021, 8:44 pm
2021Influencer358 - 8994163463672200 - February 17, 2021, 8:44 pm
2021Influencer367 - 8994163463397202 - February 17, 2021, 8:44 pm
txn_1ILgshJm8ehcCWGIbaiQFTxC - 8994163463889202 - February 17, 2021, 8:44 pm
txn_1ILuPlJm8ehcCWGIQSP3zw86 - 8994163463671203 - February 17, 2021, 8:44 pm
txn_1ILs6ZJm8ehcCWGIl83QE6u3 - 8994163463670206 - February 17, 2021, 8:44 pm
txn_1ILySTJm8ehcCWGIgMZMXhav - 8994163463888205 - February 17, 2021, 8:44 pm
2021Influencer366 - 8994163463396205 - February 17, 2021, 8:44 pm
2021Influencer357 - 8994163463669200 - February 17, 2021, 8:44 pm
txn_1ILv5cJm8ehcCWGIyq4oTahq - 8994163463887208 - February 17, 2021, 8:44 pm
txn_1ILhL7Jm8ehcCWGIlHpnMI7g - 8994163463395208 - February 17, 2021, 8:44 pm
txn_1ILshuJm8ehcCWGIU4PPO1QP - 8994163463668203 - February 17, 2021, 8:44 pm
2021Influencer365 - 8994163463394201 - February 17, 2021, 8:44 pm
txn_1IM0xVJm8ehcCWGIgWkxB9Ki - 8994163463885204 - February 17, 2021, 8:44 pm
txn_1ILvPvJm8ehcCWGIOO4URyXS - 8994163463886201 - February 17, 2021, 8:44 pm
txn_1ILiJgJm8ehcCWGIRfWDUyDo - 8994163463667206 - February 17, 2021, 8:44 pm
2021Influencer356 - 8994163463884207 - February 17, 2021, 8:44 pm
txn_1ILsrsJm8ehcCWGINoBKTE3m - 8994163463666209 - February 17, 2021, 8:44 pm
2021Influencer364 - 8994163463883200 - February 17, 2021, 8:44 pm
txn_1ILwZtJm8ehcCWGIfWvAnsjb - 8994163463882203 - February 17, 2021, 8:44 pm
2021Influencer363 - 8994163463881206 - February 17, 2021, 8:44 pm
txn_1ILiskJm8ehcCWGIKrvhrYIc - 8994163463664205 - February 17, 2021, 8:44 pm
txn_1ILss8Jm8ehcCWGIuQdyXsU4 - 8994163463663208 - February 17, 2021, 8:44 pm
2021Influencer355 - 8994163463393204 - February 17, 2021, 8:44 pm
txn_1ILyF1Jm8ehcCWGIYMrew2Pa - 8994163464015204 - February 17, 2021, 8:44 pm
2021Influencer368 - 8994163463894206 - February 17, 2021, 8:44 pm
txn_1ILsxrJm8ehcCWGI3i9ug3Oo - 8994163463682209 - February 17, 2021, 8:44 pm
txn_1ILyP0Jm8ehcCWGIEEd2E5PI - 8994163464014207 - February 17, 2021, 8:44 pm
txn_1ILfYDJm8ehcCWGI6IfunFOs - 8994163463893209 - February 17, 2021, 8:44 pm
txn_1ILtHEJm8ehcCWGIjNs1zP5t - 8994163463681202 - February 17, 2021, 8:44 pm
2021Influencer360 - 8994163464013200 - February 17, 2021, 8:44 pm
txn_1ILfzSJm8ehcCWGIhMqpxyVk - 8994163464012203 - February 17, 2021, 8:44 pm
2021Influencer374 - 8994163463680205 - February 17, 2021, 8:44 pm
txn_1ILtO6Jm8ehcCWGIc367oHIB - 8994163463679209 - February 17, 2021, 8:44 pm
2021Influencer362 - 8994163463892202 - February 17, 2021, 8:44 pm
2021Influencer373 - 8994163464010209 - February 17, 2021, 8:44 pm
txn_1ILg22Jm8ehcCWGInRVhPNwc - 8994163464011206 - February 17, 2021, 8:44 pm
txn_1ILtdhJm8ehcCWGIPoR8vJuL - 8994163464009203 - February 17, 2021, 8:44 pm
2021Influencer361 - 8994163463678202 - February 17, 2021, 8:44 pm
txn_1ILgZaJm8ehcCWGIXQev80EN - 8994163464008206 - February 17, 2021, 8:44 pm
2021Influencer372 - 8994163463677205 - February 17, 2021, 8:44 pm
txn_1ILx3lJm8ehcCWGIIRo4B8eE - 8994163464004208 - February 17, 2021, 8:44 pm
2021Influencer359 - 8994163464006202 - February 17, 2021, 8:44 pm
txn_1ILj09Jm8ehcCWGIOXqARi8L - 8994163463676208 - February 17, 2021, 8:44 pm
2021Influencer371 - 8994163464005205 - February 17, 2021, 8:44 pm
2021Influencer358 - 8994163463672200 - February 17, 2021, 8:45 pm
2021Influencer367 - 8994163463397202 - February 17, 2021, 8:45 pm
txn_1ILgshJm8ehcCWGIbaiQFTxC - 8994163463889202 - February 17, 2021, 8:45 pm
txn_1ILuPlJm8ehcCWGIQSP3zw86 - 8994163463671203 - February 17, 2021, 8:45 pm
txn_1ILs6ZJm8ehcCWGIl83QE6u3 - 8994163463670206 - February 17, 2021, 8:45 pm
txn_1ILySTJm8ehcCWGIgMZMXhav - 8994163463888205 - February 17, 2021, 8:45 pm
2021Influencer366 - 8994163463396205 - February 17, 2021, 8:45 pm
2021Influencer357 - 8994163463669200 - February 17, 2021, 8:45 pm
txn_1ILv5cJm8ehcCWGIyq4oTahq - 8994163463887208 - February 17, 2021, 8:45 pm
txn_1ILhL7Jm8ehcCWGIlHpnMI7g - 8994163463395208 - February 17, 2021, 8:45 pm
txn_1ILshuJm8ehcCWGIU4PPO1QP - 8994163463668203 - February 17, 2021, 8:45 pm
2021Influencer365 - 8994163463394201 - February 17, 2021, 8:45 pm
txn_1IM0xVJm8ehcCWGIgWkxB9Ki - 8994163463885204 - February 17, 2021, 8:45 pm
txn_1ILvPvJm8ehcCWGIOO4URyXS - 8994163463886201 - February 17, 2021, 8:45 pm
txn_1ILiJgJm8ehcCWGIRfWDUyDo - 8994163463667206 - February 17, 2021, 8:45 pm
2021Influencer356 - 8994163463884207 - February 17, 2021, 8:45 pm
txn_1ILsrsJm8ehcCWGINoBKTE3m - 8994163463666209 - February 17, 2021, 8:45 pm
2021Influencer364 - 8994163463883200 - February 17, 2021, 8:45 pm
txn_1ILwZtJm8ehcCWGIfWvAnsjb - 8994163463882203 - February 17, 2021, 8:45 pm
2021Influencer363 - 8994163463881206 - February 17, 2021, 8:45 pm
txn_1ILiskJm8ehcCWGIKrvhrYIc - 8994163463664205 - February 17, 2021, 8:45 pm
txn_1ILss8Jm8ehcCWGIuQdyXsU4 - 8994163463663208 - February 17, 2021, 8:45 pm
2021Influencer355 - 8994163463393204 - February 17, 2021, 8:45 pm
txn_1ILyF1Jm8ehcCWGIYMrew2Pa - 8994163464015204 - February 17, 2021, 8:45 pm
2021Influencer368 - 8994163463894206 - February 17, 2021, 8:45 pm
txn_1ILsxrJm8ehcCWGI3i9ug3Oo - 8994163463682209 - February 17, 2021, 8:45 pm
txn_1ILyP0Jm8ehcCWGIEEd2E5PI - 8994163464014207 - February 17, 2021, 8:45 pm
txn_1ILfYDJm8ehcCWGI6IfunFOs - 8994163463893209 - February 17, 2021, 8:45 pm
txn_1ILtHEJm8ehcCWGIjNs1zP5t - 8994163463681202 - February 17, 2021, 8:45 pm
2021Influencer360 - 8994163464013200 - February 17, 2021, 8:45 pm
txn_1ILfzSJm8ehcCWGIhMqpxyVk - 8994163464012203 - February 17, 2021, 8:45 pm
2021Influencer374 - 8994163463680205 - February 17, 2021, 8:45 pm
txn_1ILtO6Jm8ehcCWGIc367oHIB - 8994163463679209 - February 17, 2021, 8:45 pm
2021Influencer362 - 8994163463892202 - February 17, 2021, 8:45 pm
2021Influencer373 - 8994163464010209 - February 17, 2021, 8:45 pm
txn_1ILg22Jm8ehcCWGInRVhPNwc - 8994163464011206 - February 17, 2021, 8:45 pm
txn_1ILtdhJm8ehcCWGIPoR8vJuL - 8994163464009203 - February 17, 2021, 8:45 pm
2021Influencer361 - 8994163463678202 - February 17, 2021, 8:45 pm
txn_1ILgZaJm8ehcCWGIXQev80EN - 8994163464008206 - February 17, 2021, 8:45 pm
2021Influencer372 - 8994163463677205 - February 17, 2021, 8:45 pm
txn_1ILx3lJm8ehcCWGIIRo4B8eE - 8994163464004208 - February 17, 2021, 8:45 pm
2021Influencer359 - 8994163464006202 - February 17, 2021, 8:45 pm
txn_1ILj09Jm8ehcCWGIOXqARi8L - 8994163463676208 - February 17, 2021, 8:45 pm
2021Influencer371 - 8994163464005205 - February 17, 2021, 8:45 pm
2021Influencer370 - 8994163463698200 - February 17, 2021, 8:45 pm
2021Influencer369 - 8994163463697203 - February 17, 2021, 8:45 pm
txn_1ILkMmJm8ehcCWGIbkrfGICY - 8994163463696206 - February 17, 2021, 8:45 pm
txn_1ILrQwJm8ehcCWGIH0owOHDk - 8994163464023209 - February 17, 2021, 8:45 pm
txn_1ILrXrJm8ehcCWGIjg0qadl5 - 8994163463693205 - February 17, 2021, 8:45 pm
txn_1ILxNqJm8ehcCWGISIF4BAtF - 8994163464022202 - February 17, 2021, 8:45 pm
txn_1ILyAFJm8ehcCWGIMpeRJOvE - 8994163464021205 - February 17, 2021, 8:45 pm
