txn_1I13mmJm8ehcCWGIHcL36Jyi - 8994163044302892 - December 22, 2020, 2:39 pm
txn_1I1BvMJm8ehcCWGI3Igq1H5M - 8994163044167897 - December 22, 2020, 2:39 pm
txn_1I0wkXJm8ehcCWGIqJLzqX9K - 8994163044303899 - December 22, 2020, 2:39 pm
txn_1I0y3rJm8ehcCWGIGsysozGY - 8994163044414892 - December 22, 2020, 2:39 pm
txn_1I1CIbJm8ehcCWGIoLjSbSrD - 8994163044294890 - December 22, 2020, 2:39 pm
txn_1I10JuJm8ehcCWGI0CS2AMTg - 8994163044296894 - December 22, 2020, 2:39 pm
txn_1I0wy1Jm8ehcCWGIEwmJHfUt - 8994163044411891 - December 22, 2020, 2:39 pm
txn_1I14G5Jm8ehcCWGIyVRCZroB - 8994163044156891 - December 22, 2020, 2:39 pm
txn_1I1Cx4Jm8ehcCWGIKgC8wwXu - 8994163044292896 - December 22, 2020, 2:39 pm
txn_1I11XXJm8ehcCWGID2fAjS6v - 8994163044401892 - December 22, 2020, 2:39 pm
txn_1I0yrmJm8ehcCWGI0FGNbQTx - 8994163044402899 - December 22, 2020, 2:39 pm
txn_1I15jSJm8ehcCWGIPAv3JMKD - 8994163044153890 - December 22, 2020, 2:39 pm
txn_1I1Dl7Jm8ehcCWGI7ChWjcnu - 8994163044151896 - December 22, 2020, 2:39 pm
txn_1I0xFzJm8ehcCWGIzgHjyWti - 8994163044288899 - December 22, 2020, 2:39 pm
txn_1I1CM5Jm8ehcCWGIoq9BwQi8 - 8994163044152893 - December 22, 2020, 2:39 pm
txn_1I18DdJm8ehcCWGIy4rDiaVw - 8994163043998898 - December 22, 2020, 2:39 pm
txn_1I105aJm8ehcCWGIp4upm1Jj - 8994163044276896 - December 22, 2020, 2:39 pm
txn_1I12HXJm8ehcCWGImTy21B1i - 8994163044278890 - December 22, 2020, 2:39 pm
txn_1I0xclJm8ehcCWGIz1kjyE1O - 8994163044138897 - December 22, 2020, 2:39 pm
txn_1I1CP8Jm8ehcCWGIr70ZxALc - 8994163043997891 - December 22, 2020, 2:39 pm
txn_1I1E8lJm8ehcCWGI8QaZt8QM - 8994163044277893 - December 22, 2020, 2:39 pm
txn_1I13mmJm8ehcCWGIHcL36Jyi - 8994163044302892 - December 22, 2020, 2:39 pm
txn_1I1BvMJm8ehcCWGI3Igq1H5M - 8994163044167897 - December 22, 2020, 2:39 pm
txn_1I0wkXJm8ehcCWGIqJLzqX9K - 8994163044303899 - December 22, 2020, 2:39 pm
txn_1I0y3rJm8ehcCWGIGsysozGY - 8994163044414892 - December 22, 2020, 2:39 pm
txn_1I1CIbJm8ehcCWGIoLjSbSrD - 8994163044294890 - December 22, 2020, 2:39 pm
txn_1I10JuJm8ehcCWGI0CS2AMTg - 8994163044296894 - December 22, 2020, 2:39 pm
txn_1I0wy1Jm8ehcCWGIEwmJHfUt - 8994163044411891 - December 22, 2020, 2:39 pm
txn_1I14G5Jm8ehcCWGIyVRCZroB - 8994163044156891 - December 22, 2020, 2:39 pm
txn_1I1Cx4Jm8ehcCWGIKgC8wwXu - 8994163044292896 - December 22, 2020, 2:39 pm
txn_1I11XXJm8ehcCWGID2fAjS6v - 8994163044401892 - December 22, 2020, 2:39 pm
txn_1I0yrmJm8ehcCWGI0FGNbQTx - 8994163044402899 - December 22, 2020, 2:39 pm
txn_1I15jSJm8ehcCWGIPAv3JMKD - 8994163044153890 - December 22, 2020, 2:39 pm
txn_1I1Dl7Jm8ehcCWGI7ChWjcnu - 8994163044151896 - December 22, 2020, 2:39 pm
txn_1I0xFzJm8ehcCWGIzgHjyWti - 8994163044288899 - December 22, 2020, 2:39 pm
txn_1I1CM5Jm8ehcCWGIoq9BwQi8 - 8994163044152893 - December 22, 2020, 2:39 pm
txn_1I18DdJm8ehcCWGIy4rDiaVw - 8994163043998898 - December 22, 2020, 2:39 pm
txn_1I105aJm8ehcCWGIp4upm1Jj - 8994163044276896 - December 22, 2020, 2:39 pm
txn_1I12HXJm8ehcCWGImTy21B1i - 8994163044278890 - December 22, 2020, 2:39 pm
txn_1I0xclJm8ehcCWGIz1kjyE1O - 8994163044138897 - December 22, 2020, 2:39 pm
txn_1I1CP8Jm8ehcCWGIr70ZxALc - 8994163043997891 - December 22, 2020, 2:39 pm
txn_1I1E8lJm8ehcCWGI8QaZt8QM - 8994163044277893 - December 22, 2020, 2:39 pm
txn_1I13mmJm8ehcCWGIHcL36Jyi - 8994163044302892 - December 22, 2020, 2:39 pm
txn_1I1BvMJm8ehcCWGI3Igq1H5M - 8994163044167897 - December 22, 2020, 2:39 pm
txn_1I0wkXJm8ehcCWGIqJLzqX9K - 8994163044303899 - December 22, 2020, 2:39 pm
txn_1I0y3rJm8ehcCWGIGsysozGY - 8994163044414892 - December 22, 2020, 2:39 pm
txn_1I1CIbJm8ehcCWGIoLjSbSrD - 8994163044294890 - December 22, 2020, 2:39 pm
txn_1I10JuJm8ehcCWGI0CS2AMTg - 8994163044296894 - December 22, 2020, 2:39 pm
txn_1I0wy1Jm8ehcCWGIEwmJHfUt - 8994163044411891 - December 22, 2020, 2:39 pm
txn_1I14G5Jm8ehcCWGIyVRCZroB - 8994163044156891 - December 22, 2020, 2:39 pm
txn_1I1Cx4Jm8ehcCWGIKgC8wwXu - 8994163044292896 - December 22, 2020, 2:39 pm
txn_1I11XXJm8ehcCWGID2fAjS6v - 8994163044401892 - December 22, 2020, 2:39 pm
txn_1I0yrmJm8ehcCWGI0FGNbQTx - 8994163044402899 - December 22, 2020, 2:39 pm
txn_1I15jSJm8ehcCWGIPAv3JMKD - 8994163044153890 - December 22, 2020, 2:39 pm
txn_1I1Dl7Jm8ehcCWGI7ChWjcnu - 8994163044151896 - December 22, 2020, 2:39 pm
txn_1I0xFzJm8ehcCWGIzgHjyWti - 8994163044288899 - December 22, 2020, 2:39 pm
txn_1I1CM5Jm8ehcCWGIoq9BwQi8 - 8994163044152893 - December 22, 2020, 2:39 pm
txn_1I18DdJm8ehcCWGIy4rDiaVw - 8994163043998898 - December 22, 2020, 2:39 pm
txn_1I105aJm8ehcCWGIp4upm1Jj - 8994163044276896 - December 22, 2020, 2:39 pm
txn_1I12HXJm8ehcCWGImTy21B1i - 8994163044278890 - December 22, 2020, 2:39 pm
txn_1I0xclJm8ehcCWGIz1kjyE1O - 8994163044138897 - December 22, 2020, 2:39 pm
txn_1I1CP8Jm8ehcCWGIr70ZxALc - 8994163043997891 - December 22, 2020, 2:39 pm
txn_1I1E8lJm8ehcCWGI8QaZt8QM - 8994163044277893 - December 22, 2020, 2:39 pm
txn_1I13mmJm8ehcCWGIHcL36Jyi - 8994163044302892 - December 22, 2020, 2:39 pm
txn_1I1BvMJm8ehcCWGI3Igq1H5M - 8994163044167897 - December 22, 2020, 2:39 pm
txn_1I0wkXJm8ehcCWGIqJLzqX9K - 8994163044303899 - December 22, 2020, 2:39 pm
txn_1I0y3rJm8ehcCWGIGsysozGY - 8994163044414892 - December 22, 2020, 2:39 pm
txn_1I1CIbJm8ehcCWGIoLjSbSrD - 8994163044294890 - December 22, 2020, 2:39 pm
txn_1I10JuJm8ehcCWGI0CS2AMTg - 8994163044296894 - December 22, 2020, 2:39 pm
txn_1I0wy1Jm8ehcCWGIEwmJHfUt - 8994163044411891 - December 22, 2020, 2:39 pm
txn_1I14G5Jm8ehcCWGIyVRCZroB - 8994163044156891 - December 22, 2020, 2:39 pm
txn_1I1Cx4Jm8ehcCWGIKgC8wwXu - 8994163044292896 - December 22, 2020, 2:39 pm
txn_1I11XXJm8ehcCWGID2fAjS6v - 8994163044401892 - December 22, 2020, 2:39 pm
txn_1I0yrmJm8ehcCWGI0FGNbQTx - 8994163044402899 - December 22, 2020, 2:39 pm
txn_1I15jSJm8ehcCWGIPAv3JMKD - 8994163044153890 - December 22, 2020, 2:39 pm
txn_1I1Dl7Jm8ehcCWGI7ChWjcnu - 8994163044151896 - December 22, 2020, 2:39 pm
txn_1I0xFzJm8ehcCWGIzgHjyWti - 8994163044288899 - December 22, 2020, 2:39 pm
txn_1I1CM5Jm8ehcCWGIoq9BwQi8 - 8994163044152893 - December 22, 2020, 2:39 pm
txn_1I18DdJm8ehcCWGIy4rDiaVw - 8994163043998898 - December 22, 2020, 2:39 pm
txn_1I105aJm8ehcCWGIp4upm1Jj - 8994163044276896 - December 22, 2020, 2:39 pm
txn_1I12HXJm8ehcCWGImTy21B1i - 8994163044278890 - December 22, 2020, 2:39 pm
txn_1I0xclJm8ehcCWGIz1kjyE1O - 8994163044138897 - December 22, 2020, 2:39 pm
txn_1I1CP8Jm8ehcCWGIr70ZxALc - 8994163043997891 - December 22, 2020, 2:39 pm
txn_1I1E8lJm8ehcCWGI8QaZt8QM - 8994163044277893 - December 22, 2020, 2:39 pm
txn_1I13mmJm8ehcCWGIHcL36Jyi - 8994163044302892 - December 22, 2020, 2:39 pm
txn_1I1BvMJm8ehcCWGI3Igq1H5M - 8994163044167897 - December 22, 2020, 2:39 pm
txn_1I0wkXJm8ehcCWGIqJLzqX9K - 8994163044303899 - December 22, 2020, 2:39 pm
txn_1I0y3rJm8ehcCWGIGsysozGY - 8994163044414892 - December 22, 2020, 2:39 pm
txn_1I1CIbJm8ehcCWGIoLjSbSrD - 8994163044294890 - December 22, 2020, 2:39 pm
txn_1I10JuJm8ehcCWGI0CS2AMTg - 8994163044296894 - December 22, 2020, 2:39 pm
txn_1I0wy1Jm8ehcCWGIEwmJHfUt - 8994163044411891 - December 22, 2020, 2:39 pm
txn_1I14G5Jm8ehcCWGIyVRCZroB - 8994163044156891 - December 22, 2020, 2:39 pm
txn_1I1Cx4Jm8ehcCWGIKgC8wwXu - 8994163044292896 - December 22, 2020, 2:39 pm
txn_1I11XXJm8ehcCWGID2fAjS6v - 8994163044401892 - December 22, 2020, 2:39 pm
txn_1I0yrmJm8ehcCWGI0FGNbQTx - 8994163044402899 - December 22, 2020, 2:39 pm
txn_1I15jSJm8ehcCWGIPAv3JMKD - 8994163044153890 - December 22, 2020, 2:39 pm
txn_1I1Dl7Jm8ehcCWGI7ChWjcnu - 8994163044151896 - December 22, 2020, 2:39 pm
txn_1I0xFzJm8ehcCWGIzgHjyWti - 8994163044288899 - December 22, 2020, 2:39 pm
txn_1I1CM5Jm8ehcCWGIoq9BwQi8 - 8994163044152893 - December 22, 2020, 2:39 pm
txn_1I18DdJm8ehcCWGIy4rDiaVw - 8994163043998898 - December 22, 2020, 2:39 pm
txn_1I105aJm8ehcCWGIp4upm1Jj - 8994163044276896 - December 22, 2020, 2:39 pm
txn_1I12HXJm8ehcCWGImTy21B1i - 8994163044278890 - December 22, 2020, 2:39 pm
txn_1I0xclJm8ehcCWGIz1kjyE1O - 8994163044138897 - December 22, 2020, 2:39 pm
txn_1I1CP8Jm8ehcCWGIr70ZxALc - 8994163043997891 - December 22, 2020, 2:39 pm
txn_1I1E8lJm8ehcCWGI8QaZt8QM - 8994163044277893 - December 22, 2020, 2:39 pm
txn_1I0xsEJm8ehcCWGIMIoFvcVh -  - December 22, 2020, 2:39 pm
txn_1I10J4Jm8ehcCWGIPn20SqeN -  - December 22, 2020, 2:39 pm
txn_1I1CVDJm8ehcCWGISZOzYvOV -  - December 22, 2020, 2:39 pm
txn_1I0uT3Jm8ehcCWGIo9PuXy7K -  - December 22, 2020, 2:39 pm
txn_1I13mmJm8ehcCWGIHcL36Jyi - 8994163044302892 - December 22, 2020, 2:39 pm
txn_1I1BvMJm8ehcCWGI3Igq1H5M - 8994163044167897 - December 22, 2020, 2:39 pm
txn_1I0wkXJm8ehcCWGIqJLzqX9K - 8994163044303899 - December 22, 2020, 2:39 pm
txn_1I0y3rJm8ehcCWGIGsysozGY - 8994163044414892 - December 22, 2020, 2:39 pm
txn_1I1CIbJm8ehcCWGIoLjSbSrD - 8994163044294890 - December 22, 2020, 2:39 pm
txn_1I10JuJm8ehcCWGI0CS2AMTg - 8994163044296894 - December 22, 2020, 2:39 pm
txn_1I0wy1Jm8ehcCWGIEwmJHfUt - 8994163044411891 - December 22, 2020, 2:39 pm
txn_1I14G5Jm8ehcCWGIyVRCZroB - 8994163044156891 - December 22, 2020, 2:39 pm
txn_1I1Cx4Jm8ehcCWGIKgC8wwXu - 8994163044292896 - December 22, 2020, 2:39 pm
txn_1I11XXJm8ehcCWGID2fAjS6v - 8994163044401892 - December 22, 2020, 2:39 pm
txn_1I0yrmJm8ehcCWGI0FGNbQTx - 8994163044402899 - December 22, 2020, 2:39 pm
txn_1I15jSJm8ehcCWGIPAv3JMKD - 8994163044153890 - December 22, 2020, 2:39 pm
txn_1I1Dl7Jm8ehcCWGI7ChWjcnu - 8994163044151896 - December 22, 2020, 2:39 pm
txn_1I0xFzJm8ehcCWGIzgHjyWti - 8994163044288899 - December 22, 2020, 2:39 pm
txn_1I1CM5Jm8ehcCWGIoq9BwQi8 - 8994163044152893 - December 22, 2020, 2:39 pm
txn_1I18DdJm8ehcCWGIy4rDiaVw - 8994163043998898 - December 22, 2020, 2:39 pm
txn_1I105aJm8ehcCWGIp4upm1Jj - 8994163044276896 - December 22, 2020, 2:39 pm
txn_1I12HXJm8ehcCWGImTy21B1i - 8994163044278890 - December 22, 2020, 2:39 pm
txn_1I0xclJm8ehcCWGIz1kjyE1O - 8994163044138897 - December 22, 2020, 2:39 pm
txn_1I1CP8Jm8ehcCWGIr70ZxALc - 8994163043997891 - December 22, 2020, 2:39 pm
txn_1I1E8lJm8ehcCWGI8QaZt8QM - 8994163044277893 - December 22, 2020, 2:39 pm
txn_1I13mmJm8ehcCWGIHcL36Jyi - 8994163044302892 - December 22, 2020, 2:40 pm
txn_1I1BvMJm8ehcCWGI3Igq1H5M - 8994163044167897 - December 22, 2020, 2:40 pm
txn_1I0wkXJm8ehcCWGIqJLzqX9K - 8994163044303899 - December 22, 2020, 2:40 pm
txn_1I0y3rJm8ehcCWGIGsysozGY - 8994163044414892 - December 22, 2020, 2:40 pm
txn_1I1CIbJm8ehcCWGIoLjSbSrD - 8994163044294890 - December 22, 2020, 2:40 pm
txn_1I10JuJm8ehcCWGI0CS2AMTg - 8994163044296894 - December 22, 2020, 2:40 pm
txn_1I0wy1Jm8ehcCWGIEwmJHfUt - 8994163044411891 - December 22, 2020, 2:40 pm
txn_1I14G5Jm8ehcCWGIyVRCZroB - 8994163044156891 - December 22, 2020, 2:40 pm
txn_1I1Cx4Jm8ehcCWGIKgC8wwXu - 8994163044292896 - December 22, 2020, 2:40 pm
txn_1I11XXJm8ehcCWGID2fAjS6v - 8994163044401892 - December 22, 2020, 2:40 pm
txn_1I0yrmJm8ehcCWGI0FGNbQTx - 8994163044402899 - December 22, 2020, 2:40 pm
txn_1I15jSJm8ehcCWGIPAv3JMKD - 8994163044153890 - December 22, 2020, 2:40 pm
txn_1I1Dl7Jm8ehcCWGI7ChWjcnu - 8994163044151896 - December 22, 2020, 2:40 pm
txn_1I0xFzJm8ehcCWGIzgHjyWti - 8994163044288899 - December 22, 2020, 2:40 pm
txn_1I1CM5Jm8ehcCWGIoq9BwQi8 - 8994163044152893 - December 22, 2020, 2:40 pm
txn_1I18DdJm8ehcCWGIy4rDiaVw - 8994163043998898 - December 22, 2020, 2:40 pm
txn_1I105aJm8ehcCWGIp4upm1Jj - 8994163044276896 - December 22, 2020, 2:40 pm
txn_1I12HXJm8ehcCWGImTy21B1i - 8994163044278890 - December 22, 2020, 2:40 pm
txn_1I0xclJm8ehcCWGIz1kjyE1O - 8994163044138897 - December 22, 2020, 2:40 pm
txn_1I1CP8Jm8ehcCWGIr70ZxALc - 8994163043997891 - December 22, 2020, 2:40 pm
txn_1I1E8lJm8ehcCWGI8QaZt8QM - 8994163044277893 - December 22, 2020, 2:40 pm
txn_1I13mmJm8ehcCWGIHcL36Jyi - 8994163044302892 - December 22, 2020, 2:40 pm
txn_1I1BvMJm8ehcCWGI3Igq1H5M - 8994163044167897 - December 22, 2020, 2:40 pm
txn_1I0wkXJm8ehcCWGIqJLzqX9K - 8994163044303899 - December 22, 2020, 2:40 pm
txn_1I0y3rJm8ehcCWGIGsysozGY - 8994163044414892 - December 22, 2020, 2:40 pm
txn_1I1CIbJm8ehcCWGIoLjSbSrD - 8994163044294890 - December 22, 2020, 2:40 pm
txn_1I10JuJm8ehcCWGI0CS2AMTg - 8994163044296894 - December 22, 2020, 2:40 pm
txn_1I0wy1Jm8ehcCWGIEwmJHfUt - 8994163044411891 - December 22, 2020, 2:40 pm
txn_1I14G5Jm8ehcCWGIyVRCZroB - 8994163044156891 - December 22, 2020, 2:40 pm
txn_1I1Cx4Jm8ehcCWGIKgC8wwXu - 8994163044292896 - December 22, 2020, 2:40 pm
txn_1I11XXJm8ehcCWGID2fAjS6v - 8994163044401892 - December 22, 2020, 2:40 pm
txn_1I0yrmJm8ehcCWGI0FGNbQTx - 8994163044402899 - December 22, 2020, 2:40 pm
txn_1I15jSJm8ehcCWGIPAv3JMKD - 8994163044153890 - December 22, 2020, 2:40 pm
txn_1I1Dl7Jm8ehcCWGI7ChWjcnu - 8994163044151896 - December 22, 2020, 2:40 pm
txn_1I0xFzJm8ehcCWGIzgHjyWti - 8994163044288899 - December 22, 2020, 2:40 pm
txn_1I1CM5Jm8ehcCWGIoq9BwQi8 - 8994163044152893 - December 22, 2020, 2:40 pm
txn_1I18DdJm8ehcCWGIy4rDiaVw - 8994163043998898 - December 22, 2020, 2:40 pm
txn_1I105aJm8ehcCWGIp4upm1Jj - 8994163044276896 - December 22, 2020, 2:40 pm
txn_1I12HXJm8ehcCWGImTy21B1i - 8994163044278890 - December 22, 2020, 2:40 pm
txn_1I0xclJm8ehcCWGIz1kjyE1O - 8994163044138897 - December 22, 2020, 2:40 pm
txn_1I1CP8Jm8ehcCWGIr70ZxALc - 8994163043997891 - December 22, 2020, 2:40 pm
txn_1I1E8lJm8ehcCWGI8QaZt8QM - 8994163044277893 - December 22, 2020, 2:40 pm
txn_1I1CVDJm8ehcCWGISZOzYvOV - 8994163045012899 - December 22, 2020, 2:40 pm
txn_1I10J4Jm8ehcCWGIPn20SqeN - 8994163045019898 - December 22, 2020, 2:40 pm
txn_1I0uT3Jm8ehcCWGIo9PuXy7K - 8994163044849892 - December 22, 2020, 2:40 pm
txn_1I13mmJm8ehcCWGIHcL36Jyi - 8994163044302892 - December 22, 2020, 2:40 pm
txn_1I1BvMJm8ehcCWGI3Igq1H5M - 8994163044167897 - December 22, 2020, 2:40 pm
txn_1I0wkXJm8ehcCWGIqJLzqX9K - 8994163044303899 - December 22, 2020, 2:40 pm
txn_1I0y3rJm8ehcCWGIGsysozGY - 8994163044414892 - December 22, 2020, 2:40 pm
txn_1I1CIbJm8ehcCWGIoLjSbSrD - 8994163044294890 - December 22, 2020, 2:40 pm
txn_1I10JuJm8ehcCWGI0CS2AMTg - 8994163044296894 - December 22, 2020, 2:40 pm
txn_1I0wy1Jm8ehcCWGIEwmJHfUt - 8994163044411891 - December 22, 2020, 2:40 pm
txn_1I14G5Jm8ehcCWGIyVRCZroB - 8994163044156891 - December 22, 2020, 2:40 pm
txn_1I1Cx4Jm8ehcCWGIKgC8wwXu - 8994163044292896 - December 22, 2020, 2:40 pm
txn_1I11XXJm8ehcCWGID2fAjS6v - 8994163044401892 - December 22, 2020, 2:40 pm
txn_1I0yrmJm8ehcCWGI0FGNbQTx - 8994163044402899 - December 22, 2020, 2:40 pm
txn_1I15jSJm8ehcCWGIPAv3JMKD - 8994163044153890 - December 22, 2020, 2:40 pm
txn_1I1Dl7Jm8ehcCWGI7ChWjcnu - 8994163044151896 - December 22, 2020, 2:40 pm
txn_1I0xFzJm8ehcCWGIzgHjyWti - 8994163044288899 - December 22, 2020, 2:40 pm
txn_1I1CM5Jm8ehcCWGIoq9BwQi8 - 8994163044152893 - December 22, 2020, 2:40 pm
txn_1I18DdJm8ehcCWGIy4rDiaVw - 8994163043998898 - December 22, 2020, 2:40 pm
txn_1I105aJm8ehcCWGIp4upm1Jj - 8994163044276896 - December 22, 2020, 2:40 pm
txn_1I12HXJm8ehcCWGImTy21B1i - 8994163044278890 - December 22, 2020, 2:40 pm
txn_1I0xclJm8ehcCWGIz1kjyE1O - 8994163044138897 - December 22, 2020, 2:40 pm
txn_1I1CP8Jm8ehcCWGIr70ZxALc - 8994163043997891 - December 22, 2020, 2:40 pm
txn_1I1E8lJm8ehcCWGI8QaZt8QM - 8994163044277893 - December 22, 2020, 2:40 pm
txn_1I1CVDJm8ehcCWGISZOzYvOV - 8994163045012899 - December 22, 2020, 2:40 pm
txn_1I0umJJm8ehcCWGIeBBAC1aC - 8994163044720894 - December 22, 2020, 2:40 pm
txn_1I0xsEJm8ehcCWGIMIoFvcVh - 8994163045026896 - December 22, 2020, 2:40 pm
txn_1I10J4Jm8ehcCWGIPn20SqeN - 8994163045019898 - December 22, 2020, 2:40 pm
txn_1I0uT3Jm8ehcCWGIo9PuXy7K - 8994163044849892 - December 22, 2020, 2:40 pm
