Influencer154 - 8994163963135601 - September 29, 2020, 1:32 pm
Influencer155 - 8994163963388601 - September 29, 2020, 1:32 pm
txn_1HWS5yJm8ehcCWGIM1u0msjQ - 8994163963374604 - September 29, 2020, 1:32 pm
txn_1HWXS9Jm8ehcCWGIQwUvWzhz - 8994163963428604 - September 29, 2020, 1:32 pm
txn_1HW9vHJm8ehcCWGI9dwilpVy - 8994163963372600 - September 29, 2020, 1:32 pm
txn_1HWDhIJm8ehcCWGITrlPgqMc - 8994163963427607 - September 29, 2020, 1:32 pm
txn_1HWjeNJm8ehcCWGIy41KdGIt - 8994163963371603 - September 29, 2020, 1:32 pm
txn_1HWm4lJm8ehcCWGIzyb9VpHY - 8994163963369600 - September 29, 2020, 1:32 pm
txn_1HWWUZJm8ehcCWGIfHtgxEy3 - 8994163963112602 - September 29, 2020, 1:32 pm
txn_1HWja0Jm8ehcCWGIccurMm2L - 8994163963361604 - September 29, 2020, 1:32 pm
txn_1HWBDCJm8ehcCWGIivLarcIq - 8994163963424606 - September 29, 2020, 1:32 pm
txn_1HWO3HJm8ehcCWGIs9Mp9cTX - 8994163963110608 - September 29, 2020, 1:32 pm
txn_1HWjpSJm8ehcCWGI3UbrtH9b - 8994163963358604 - September 29, 2020, 1:32 pm
txn_1HWmPpJm8ehcCWGIokMitXgc - 8994163963356600 - September 29, 2020, 1:32 pm
txn_1HWjdwJm8ehcCWGIXXKpCiHr - 8994163963336602 - September 29, 2020, 1:32 pm
txn_1HWWalJm8ehcCWGIPeK1LZEE - 8994163963335605 - September 29, 2020, 1:32 pm
txn_1HWC5NJm8ehcCWGImkhdkAOI - 8994163963337609 - September 29, 2020, 1:32 pm
txn_1HWkDDJm8ehcCWGIptYcnBxy - 8994163963333601 - September 29, 2020, 1:32 pm
txn_1HWQZ5Jm8ehcCWGIeYRwjZ3g - 8994163963423609 - September 29, 2020, 1:32 pm
Influencer153 - 8994163963334608 - September 29, 2020, 1:32 pm
