2021Influencer77 - 8994163414702109 - January 12, 2021, 2:40 pm
txn_1I8mpKJm8ehcCWGIKNNaLE5e - 8994163414534106 - January 12, 2021, 2:40 pm
2021Influencer67 - 8994163414532102 - January 12, 2021, 2:40 pm
2021Influencer72 - 8994163414528105 - January 12, 2021, 2:40 pm
txn_1I8fS8Jm8ehcCWGIQ9G7KsJI - 8994163414520109 - January 12, 2021, 2:40 pm
txn_1I8sNAJm8ehcCWGIgmUNQF82 - 8994163414526101 - January 12, 2021, 2:40 pm
txn_1I8YPcJm8ehcCWGI1kwg3l4P - 8994163414300107 - January 12, 2021, 2:40 pm
2021Influencer76 - 8994163414515105 - January 12, 2021, 2:40 pm
2021Influencer66 - 8994163414655108 - January 12, 2021, 2:40 pm
2021Influencer71 - 8994163414298107 - January 12, 2021, 2:40 pm
txn_1I8IqdJm8ehcCWGIc2skxRn5 - 8994163414653104 - January 12, 2021, 2:40 pm
BP408110121052433 - 8994163414649107 - January 12, 2021, 2:40 pm
2021Influencer75 - 8994163414642108 - January 12, 2021, 2:40 pm
2021Influencer65 - 8994163414641101 - January 12, 2021, 2:40 pm
txn_1I8fn1Jm8ehcCWGIU0tHFf9A - 8994163414639108 - January 12, 2021, 2:40 pm
2021Influencer70 - 8994163414640104 - January 12, 2021, 2:40 pm
txn_1I8RSPJm8ehcCWGIEZcJVrbM - 8994163414292105 - January 12, 2021, 2:40 pm
txn_1I8aMKJm8ehcCWGIaXPo3f6M - 8994163414635100 - January 12, 2021, 2:40 pm
2021Influencer74 - 8994163414473108 - January 12, 2021, 2:40 pm
2021Influencer64 - 8994163414630105 - January 12, 2021, 2:40 pm
txn_1I8gBjJm8ehcCWGIXXraMR6t - 8994163414287101 - January 12, 2021, 2:40 pm
2021Influencer69 - 8994163414631102 - January 12, 2021, 2:40 pm
txn_1I8W8HJm8ehcCWGISFPXhjCY - 8994163414619100 - January 12, 2021, 2:40 pm
txn_1I8dWxJm8ehcCWGIDgx2SCJo - 8994163414281109 - January 12, 2021, 2:40 pm
2021Influencer68 - 8994163414459102 - January 12, 2021, 2:40 pm
2021Influencer63 - 8994163414460108 - January 12, 2021, 2:40 pm
2021Influencer73 - 8994163414458105 - January 12, 2021, 2:40 pm
txn_1I8gRKJm8ehcCWGIp1Cd0LE3 - 8994163414461105 - January 12, 2021, 2:40 pm
2021Influencer77 - 8994163414702109 - January 12, 2021, 2:40 pm
txn_1I8mpKJm8ehcCWGIKNNaLE5e - 8994163414534106 - January 12, 2021, 2:40 pm
2021Influencer67 - 8994163414532102 - January 12, 2021, 2:40 pm
2021Influencer72 - 8994163414528105 - January 12, 2021, 2:40 pm
txn_1I8fS8Jm8ehcCWGIQ9G7KsJI - 8994163414520109 - January 12, 2021, 2:40 pm
txn_1I8sNAJm8ehcCWGIgmUNQF82 - 8994163414526101 - January 12, 2021, 2:40 pm
txn_1I8YPcJm8ehcCWGI1kwg3l4P - 8994163414300107 - January 12, 2021, 2:40 pm
2021Influencer76 - 8994163414515105 - January 12, 2021, 2:40 pm
2021Influencer66 - 8994163414655108 - January 12, 2021, 2:40 pm
2021Influencer71 - 8994163414298107 - January 12, 2021, 2:40 pm
txn_1I8IqdJm8ehcCWGIc2skxRn5 - 8994163414653104 - January 12, 2021, 2:40 pm
BP408110121052433 - 8994163414649107 - January 12, 2021, 2:40 pm
2021Influencer75 - 8994163414642108 - January 12, 2021, 2:40 pm
2021Influencer65 - 8994163414641101 - January 12, 2021, 2:40 pm
txn_1I8fn1Jm8ehcCWGIU0tHFf9A - 8994163414639108 - January 12, 2021, 2:40 pm
2021Influencer70 - 8994163414640104 - January 12, 2021, 2:40 pm
txn_1I8RSPJm8ehcCWGIEZcJVrbM - 8994163414292105 - January 12, 2021, 2:40 pm
txn_1I8aMKJm8ehcCWGIaXPo3f6M - 8994163414635100 - January 12, 2021, 2:40 pm
2021Influencer74 - 8994163414473108 - January 12, 2021, 2:40 pm
2021Influencer64 - 8994163414630105 - January 12, 2021, 2:40 pm
txn_1I8gBjJm8ehcCWGIXXraMR6t - 8994163414287101 - January 12, 2021, 2:40 pm
2021Influencer69 - 8994163414631102 - January 12, 2021, 2:40 pm
txn_1I8W8HJm8ehcCWGISFPXhjCY - 8994163414619100 - January 12, 2021, 2:40 pm
txn_1I8dWxJm8ehcCWGIDgx2SCJo - 8994163414281109 - January 12, 2021, 2:40 pm
2021Influencer68 - 8994163414459102 - January 12, 2021, 2:40 pm
2021Influencer63 - 8994163414460108 - January 12, 2021, 2:40 pm
2021Influencer73 - 8994163414458105 - January 12, 2021, 2:40 pm
txn_1I8gRKJm8ehcCWGIp1Cd0LE3 - 8994163414461105 - January 12, 2021, 2:40 pm
txn_1I8V5QJm8ehcCWGIYt6XUTcM - 8994163414832103 - January 12, 2021, 2:40 pm
txn_1I8boZJm8ehcCWGInM2ogBBf - 8994163414799109 - January 12, 2021, 2:40 pm
txn_1I8fj4Jm8ehcCWGIlDrcKgPk - 8994163414321102 - January 12, 2021, 2:40 pm
2021Influencer79 - 8994163458124103 - January 12, 2021, 3:45 pm
