txn_1If6wsJm8ehcCWGIOFhQpplG - 8994163563904225 - April 11, 2021, 3:13 pm
txn_1IeOmEJm8ehcCWGIfCvFcnR2 - 8994163563905222 - April 11, 2021, 3:13 pm
txn_1IeTNhJm8ehcCWGIgrCL93MC - 8994163564102224 - April 11, 2021, 3:13 pm
txn_1IenqqJm8ehcCWGIWh0l3lxM - 8994163563798220 - April 11, 2021, 3:13 pm
txn_1IeTKNJm8ehcCWGIY8mjxxyp - 8994163563796226 - April 11, 2021, 3:13 pm
txn_1IemrNJm8ehcCWGI111dfUjx - 8994163564101227 - April 11, 2021, 3:13 pm
txn_1If2tYJm8ehcCWGIe0LHMEiD - 8994163564099227 - April 11, 2021, 3:13 pm
txn_1IeBwtJm8ehcCWGINkP2an2H - 8994163564100220 - April 11, 2021, 3:13 pm
txn_1IeT3qJm8ehcCWGIsDWsrnNK - 8994163563794222 - April 11, 2021, 3:13 pm
txn_1Iemn3Jm8ehcCWGIHXCL30zc - 8994163564097223 - April 11, 2021, 3:13 pm
txn_1IeBHFJm8ehcCWGIgnis31xK - 8994163563790224 - April 11, 2021, 3:13 pm
txn_1Ietv6Jm8ehcCWGIMKJYLBdR - 8994163563902221 - April 11, 2021, 3:13 pm
txn_1IeS92Jm8ehcCWGIYc7X4gU3 - 8994163563901224 - April 11, 2021, 3:13 pm
txn_1IeNVKJm8ehcCWGIz3sxsslN - 8994163563900227 - April 11, 2021, 3:13 pm
txn_1IeXVgJm8ehcCWGI539E6xq7 - 8994163563903228 - April 11, 2021, 3:13 pm
txn_1IemiTJm8ehcCWGIHUYLG7yz - 8994163563899224 - April 11, 2021, 3:13 pm
txn_1IeXHoJm8ehcCWGIhQYRY2nv - 8994163564094222 - April 11, 2021, 3:13 pm
txn_1IesqTJm8ehcCWGISftKcfrO - 8994163563898227 - April 11, 2021, 3:13 pm
txn_1IeB33Jm8ehcCWGIcU6YRQpl - 8994163564095229 - April 11, 2021, 3:13 pm
txn_1IeMplJm8ehcCWGIWzgdPq9L - 8994163563788221 - April 11, 2021, 3:13 pm
txn_1IeRaWJm8ehcCWGIS2YNo3pS - 8994163563897220 - April 11, 2021, 3:13 pm
txn_1IekHfJm8ehcCWGIBZiTifFr - 8994163564092228 - April 11, 2021, 3:13 pm
txn_1IeMnBJm8ehcCWGI0cBlMZRk - 8994163563896223 - April 11, 2021, 3:13 pm
txn_1IeXBzJm8ehcCWGIxLGGEvoz - 8994163564093225 - April 11, 2021, 3:13 pm
txn_1IeRIJJm8ehcCWGIZeChaa9w - 8994163563785220 - April 11, 2021, 3:13 pm
txn_1IeAFYJm8ehcCWGIurfQBeia - 8994163563787224 - April 11, 2021, 3:13 pm
txn_1IesFoJm8ehcCWGIHAqdmMsR - 8994163563786227 - April 11, 2021, 3:13 pm
txn_1IeDXHJm8ehcCWGIKEx62eOD -  - April 11, 2021, 3:13 pm
txn_1If7PlJm8ehcCWGIG9Fdn0sH -  - April 11, 2021, 3:13 pm
txn_1IeZ1kJm8ehcCWGIUYkvl2LG -  - April 11, 2021, 3:13 pm
txn_1IeOYwJm8ehcCWGIezj3gWHq -  - April 11, 2021, 3:13 pm
txn_1IeXbZJm8ehcCWGI0VHGlGi8 -  - April 11, 2021, 3:13 pm
txn_1IerhqJm8ehcCWGIWTJbQCCV -  - April 11, 2021, 3:13 pm
txn_1IeOYkJm8ehcCWGI7yArc4tD -  - April 11, 2021, 3:13 pm
txn_1IerfNJm8ehcCWGIU2yHOAjg -  - April 11, 2021, 3:13 pm
txn_1IeXWFJm8ehcCWGIOeXAlWq1 -  - April 11, 2021, 3:13 pm
txn_1IeOM8Jm8ehcCWGI7pKMNad9 -  - April 11, 2021, 3:13 pm
txn_1IerXPJm8ehcCWGIuFgCC8Ey -  - April 11, 2021, 3:13 pm
txn_1IeX03Jm8ehcCWGI5GZleu5W -  - April 11, 2021, 3:13 pm
txn_1IeMgAJm8ehcCWGIr7iyiELV -  - April 11, 2021, 3:13 pm
txn_1IepdFJm8ehcCWGIdneH6YAv -  - April 11, 2021, 3:13 pm
txn_1IeVXyJm8ehcCWGIbSf1JsXB -  - April 11, 2021, 3:13 pm
txn_1IeMbPJm8ehcCWGImCE3BLTR -  - April 11, 2021, 3:13 pm
txn_1IeUJTJm8ehcCWGIZI0ZLBL2 -  - April 11, 2021, 3:13 pm
txn_1IeogAJm8ehcCWGIsp5krC57 -  - April 11, 2021, 3:13 pm
txn_1IeM7bJm8ehcCWGIncbFu6rE -  - April 11, 2021, 3:13 pm
txn_1IeTP6Jm8ehcCWGIjDc6sL1u -  - April 11, 2021, 3:13 pm
2021Influencer591 -  - April 11, 2021, 3:13 pm
txn_1IeLPJJm8ehcCWGIdmzHHFOx -  - April 11, 2021, 3:13 pm
txn_1Ieju5Jm8ehcCWGIB2HGY3rA -  - April 11, 2021, 3:13 pm
txn_1IeiAGJm8ehcCWGITqpEkmlm -  - April 11, 2021, 3:13 pm
2021Influencer590 -  - April 11, 2021, 3:13 pm
txn_1IeHveJm8ehcCWGISPWrpH26 -  - April 11, 2021, 3:13 pm
txn_1IeRIHJm8ehcCWGIK5QvoebP -  - April 11, 2021, 3:13 pm
2021Influencer589 -  - April 11, 2021, 3:13 pm
txn_1IeOs5Jm8ehcCWGI8qyzMFQ7 -  - April 11, 2021, 3:13 pm
txn_1Ieh4pJm8ehcCWGIlQYTE3SM -  - April 11, 2021, 3:13 pm
txn_1If6wsJm8ehcCWGIOFhQpplG - 8994163563904225 - April 11, 2021, 3:13 pm
txn_1IeOmEJm8ehcCWGIfCvFcnR2 - 8994163563905222 - April 11, 2021, 3:13 pm
txn_1IeTNhJm8ehcCWGIgrCL93MC - 8994163564102224 - April 11, 2021, 3:13 pm
txn_1IenqqJm8ehcCWGIWh0l3lxM - 8994163563798220 - April 11, 2021, 3:13 pm
txn_1IeTKNJm8ehcCWGIY8mjxxyp - 8994163563796226 - April 11, 2021, 3:13 pm
txn_1IemrNJm8ehcCWGI111dfUjx - 8994163564101227 - April 11, 2021, 3:13 pm
txn_1If2tYJm8ehcCWGIe0LHMEiD - 8994163564099227 - April 11, 2021, 3:13 pm
txn_1IeBwtJm8ehcCWGINkP2an2H - 8994163564100220 - April 11, 2021, 3:13 pm
txn_1IeT3qJm8ehcCWGIsDWsrnNK - 8994163563794222 - April 11, 2021, 3:13 pm
txn_1Iemn3Jm8ehcCWGIHXCL30zc - 8994163564097223 - April 11, 2021, 3:13 pm
txn_1IeBHFJm8ehcCWGIgnis31xK - 8994163563790224 - April 11, 2021, 3:13 pm
txn_1Ietv6Jm8ehcCWGIMKJYLBdR - 8994163563902221 - April 11, 2021, 3:13 pm
txn_1IeS92Jm8ehcCWGIYc7X4gU3 - 8994163563901224 - April 11, 2021, 3:13 pm
txn_1IeNVKJm8ehcCWGIz3sxsslN - 8994163563900227 - April 11, 2021, 3:13 pm
txn_1IeXVgJm8ehcCWGI539E6xq7 - 8994163563903228 - April 11, 2021, 3:13 pm
txn_1IemiTJm8ehcCWGIHUYLG7yz - 8994163563899224 - April 11, 2021, 3:13 pm
txn_1IeXHoJm8ehcCWGIhQYRY2nv - 8994163564094222 - April 11, 2021, 3:13 pm
txn_1IesqTJm8ehcCWGISftKcfrO - 8994163563898227 - April 11, 2021, 3:13 pm
txn_1IeB33Jm8ehcCWGIcU6YRQpl - 8994163564095229 - April 11, 2021, 3:13 pm
txn_1IeMplJm8ehcCWGIWzgdPq9L - 8994163563788221 - April 11, 2021, 3:13 pm
txn_1IeRaWJm8ehcCWGIS2YNo3pS - 8994163563897220 - April 11, 2021, 3:13 pm
txn_1IekHfJm8ehcCWGIBZiTifFr - 8994163564092228 - April 11, 2021, 3:13 pm
txn_1IeMnBJm8ehcCWGI0cBlMZRk - 8994163563896223 - April 11, 2021, 3:13 pm
txn_1IeXBzJm8ehcCWGIxLGGEvoz - 8994163564093225 - April 11, 2021, 3:13 pm
txn_1IeRIJJm8ehcCWGIZeChaa9w - 8994163563785220 - April 11, 2021, 3:13 pm
txn_1IeAFYJm8ehcCWGIurfQBeia - 8994163563787224 - April 11, 2021, 3:13 pm
txn_1IesFoJm8ehcCWGIHAqdmMsR - 8994163563786227 - April 11, 2021, 3:13 pm
txn_1If6wsJm8ehcCWGIOFhQpplG - 8994163563904225 - April 11, 2021, 3:13 pm
txn_1IeOmEJm8ehcCWGIfCvFcnR2 - 8994163563905222 - April 11, 2021, 3:13 pm
txn_1IeTNhJm8ehcCWGIgrCL93MC - 8994163564102224 - April 11, 2021, 3:13 pm
txn_1IenqqJm8ehcCWGIWh0l3lxM - 8994163563798220 - April 11, 2021, 3:13 pm
txn_1IeTKNJm8ehcCWGIY8mjxxyp - 8994163563796226 - April 11, 2021, 3:13 pm
txn_1IemrNJm8ehcCWGI111dfUjx - 8994163564101227 - April 11, 2021, 3:13 pm
txn_1If2tYJm8ehcCWGIe0LHMEiD - 8994163564099227 - April 11, 2021, 3:13 pm
txn_1IeBwtJm8ehcCWGINkP2an2H - 8994163564100220 - April 11, 2021, 3:13 pm
txn_1IeT3qJm8ehcCWGIsDWsrnNK - 8994163563794222 - April 11, 2021, 3:13 pm
txn_1Iemn3Jm8ehcCWGIHXCL30zc - 8994163564097223 - April 11, 2021, 3:13 pm
txn_1IeBHFJm8ehcCWGIgnis31xK - 8994163563790224 - April 11, 2021, 3:13 pm
txn_1Ietv6Jm8ehcCWGIMKJYLBdR - 8994163563902221 - April 11, 2021, 3:13 pm
txn_1IeS92Jm8ehcCWGIYc7X4gU3 - 8994163563901224 - April 11, 2021, 3:13 pm
txn_1IeNVKJm8ehcCWGIz3sxsslN - 8994163563900227 - April 11, 2021, 3:13 pm
txn_1IeXVgJm8ehcCWGI539E6xq7 - 8994163563903228 - April 11, 2021, 3:13 pm
txn_1IemiTJm8ehcCWGIHUYLG7yz - 8994163563899224 - April 11, 2021, 3:13 pm
txn_1IeXHoJm8ehcCWGIhQYRY2nv - 8994163564094222 - April 11, 2021, 3:13 pm
txn_1IesqTJm8ehcCWGISftKcfrO - 8994163563898227 - April 11, 2021, 3:13 pm
txn_1IeB33Jm8ehcCWGIcU6YRQpl - 8994163564095229 - April 11, 2021, 3:13 pm
txn_1IeMplJm8ehcCWGIWzgdPq9L - 8994163563788221 - April 11, 2021, 3:13 pm
txn_1IeRaWJm8ehcCWGIS2YNo3pS - 8994163563897220 - April 11, 2021, 3:13 pm
txn_1IekHfJm8ehcCWGIBZiTifFr - 8994163564092228 - April 11, 2021, 3:13 pm
txn_1IeMnBJm8ehcCWGI0cBlMZRk - 8994163563896223 - April 11, 2021, 3:13 pm
txn_1IeXBzJm8ehcCWGIxLGGEvoz - 8994163564093225 - April 11, 2021, 3:13 pm
txn_1IeRIJJm8ehcCWGIZeChaa9w - 8994163563785220 - April 11, 2021, 3:13 pm
txn_1IeAFYJm8ehcCWGIurfQBeia - 8994163563787224 - April 11, 2021, 3:13 pm
txn_1IesFoJm8ehcCWGIHAqdmMsR - 8994163563786227 - April 11, 2021, 3:13 pm
txn_1IeM7bJm8ehcCWGIncbFu6rE -  - April 11, 2021, 3:13 pm
txn_1IeLPJJm8ehcCWGIdmzHHFOx -  - April 11, 2021, 3:13 pm
txn_1IeTP6Jm8ehcCWGIjDc6sL1u -  - April 11, 2021, 3:13 pm
2021Influencer591 -  - April 11, 2021, 3:13 pm
txn_1Ieju5Jm8ehcCWGIB2HGY3rA -  - April 11, 2021, 3:13 pm
2021Influencer590 -  - April 11, 2021, 3:13 pm
txn_1IeRIHJm8ehcCWGIK5QvoebP -  - April 11, 2021, 3:13 pm
txn_1IeHveJm8ehcCWGISPWrpH26 -  - April 11, 2021, 3:13 pm
txn_1IeiAGJm8ehcCWGITqpEkmlm -  - April 11, 2021, 3:13 pm
txn_1IeOs5Jm8ehcCWGI8qyzMFQ7 -  - April 11, 2021, 3:13 pm
txn_1IeDXHJm8ehcCWGIKEx62eOD -  - April 11, 2021, 3:13 pm
txn_1Ieh4pJm8ehcCWGIlQYTE3SM -  - April 11, 2021, 3:13 pm
2021Influencer589 -  - April 11, 2021, 3:13 pm
txn_1If6wsJm8ehcCWGIOFhQpplG - 8994163563904225 - April 11, 2021, 3:13 pm
txn_1IeOmEJm8ehcCWGIfCvFcnR2 - 8994163563905222 - April 11, 2021, 3:13 pm
txn_1IeTNhJm8ehcCWGIgrCL93MC - 8994163564102224 - April 11, 2021, 3:13 pm
txn_1IenqqJm8ehcCWGIWh0l3lxM - 8994163563798220 - April 11, 2021, 3:13 pm
txn_1IeTKNJm8ehcCWGIY8mjxxyp - 8994163563796226 - April 11, 2021, 3:13 pm
txn_1IemrNJm8ehcCWGI111dfUjx - 8994163564101227 - April 11, 2021, 3:13 pm
txn_1If2tYJm8ehcCWGIe0LHMEiD - 8994163564099227 - April 11, 2021, 3:13 pm
txn_1IeBwtJm8ehcCWGINkP2an2H - 8994163564100220 - April 11, 2021, 3:13 pm
txn_1IeT3qJm8ehcCWGIsDWsrnNK - 8994163563794222 - April 11, 2021, 3:13 pm
txn_1Iemn3Jm8ehcCWGIHXCL30zc - 8994163564097223 - April 11, 2021, 3:13 pm
txn_1IeBHFJm8ehcCWGIgnis31xK - 8994163563790224 - April 11, 2021, 3:13 pm
txn_1Ietv6Jm8ehcCWGIMKJYLBdR - 8994163563902221 - April 11, 2021, 3:13 pm
txn_1IeS92Jm8ehcCWGIYc7X4gU3 - 8994163563901224 - April 11, 2021, 3:13 pm
txn_1IeNVKJm8ehcCWGIz3sxsslN - 8994163563900227 - April 11, 2021, 3:13 pm
txn_1IeXVgJm8ehcCWGI539E6xq7 - 8994163563903228 - April 11, 2021, 3:13 pm
txn_1IemiTJm8ehcCWGIHUYLG7yz - 8994163563899224 - April 11, 2021, 3:13 pm
txn_1IeXHoJm8ehcCWGIhQYRY2nv - 8994163564094222 - April 11, 2021, 3:13 pm
txn_1IesqTJm8ehcCWGISftKcfrO - 8994163563898227 - April 11, 2021, 3:13 pm
txn_1IeB33Jm8ehcCWGIcU6YRQpl - 8994163564095229 - April 11, 2021, 3:13 pm
txn_1IeMplJm8ehcCWGIWzgdPq9L - 8994163563788221 - April 11, 2021, 3:13 pm
txn_1IeRaWJm8ehcCWGIS2YNo3pS - 8994163563897220 - April 11, 2021, 3:13 pm
txn_1IekHfJm8ehcCWGIBZiTifFr - 8994163564092228 - April 11, 2021, 3:13 pm
txn_1IeMnBJm8ehcCWGI0cBlMZRk - 8994163563896223 - April 11, 2021, 3:13 pm
txn_1IeXBzJm8ehcCWGIxLGGEvoz - 8994163564093225 - April 11, 2021, 3:13 pm
txn_1IeRIJJm8ehcCWGIZeChaa9w - 8994163563785220 - April 11, 2021, 3:13 pm
txn_1IeAFYJm8ehcCWGIurfQBeia - 8994163563787224 - April 11, 2021, 3:13 pm
txn_1IesFoJm8ehcCWGIHAqdmMsR - 8994163563786227 - April 11, 2021, 3:13 pm
txn_1If6wsJm8ehcCWGIOFhQpplG - 8994163563904225 - April 11, 2021, 3:15 pm
txn_1IeOmEJm8ehcCWGIfCvFcnR2 - 8994163563905222 - April 11, 2021, 3:15 pm
txn_1IeTNhJm8ehcCWGIgrCL93MC - 8994163564102224 - April 11, 2021, 3:15 pm
txn_1IenqqJm8ehcCWGIWh0l3lxM - 8994163563798220 - April 11, 2021, 3:15 pm
txn_1IeTKNJm8ehcCWGIY8mjxxyp - 8994163563796226 - April 11, 2021, 3:15 pm
txn_1IemrNJm8ehcCWGI111dfUjx - 8994163564101227 - April 11, 2021, 3:15 pm
txn_1If2tYJm8ehcCWGIe0LHMEiD - 8994163564099227 - April 11, 2021, 3:15 pm
txn_1IeBwtJm8ehcCWGINkP2an2H - 8994163564100220 - April 11, 2021, 3:15 pm
txn_1IeT3qJm8ehcCWGIsDWsrnNK - 8994163563794222 - April 11, 2021, 3:15 pm
txn_1Iemn3Jm8ehcCWGIHXCL30zc - 8994163564097223 - April 11, 2021, 3:15 pm
txn_1IeBHFJm8ehcCWGIgnis31xK - 8994163563790224 - April 11, 2021, 3:15 pm
txn_1Ietv6Jm8ehcCWGIMKJYLBdR - 8994163563902221 - April 11, 2021, 3:15 pm
txn_1IeS92Jm8ehcCWGIYc7X4gU3 - 8994163563901224 - April 11, 2021, 3:15 pm
txn_1IeNVKJm8ehcCWGIz3sxsslN - 8994163563900227 - April 11, 2021, 3:15 pm
txn_1IeXVgJm8ehcCWGI539E6xq7 - 8994163563903228 - April 11, 2021, 3:15 pm
txn_1IemiTJm8ehcCWGIHUYLG7yz - 8994163563899224 - April 11, 2021, 3:15 pm
txn_1IeXHoJm8ehcCWGIhQYRY2nv - 8994163564094222 - April 11, 2021, 3:15 pm
txn_1IesqTJm8ehcCWGISftKcfrO - 8994163563898227 - April 11, 2021, 3:15 pm
txn_1IeB33Jm8ehcCWGIcU6YRQpl - 8994163564095229 - April 11, 2021, 3:15 pm
txn_1IeMplJm8ehcCWGIWzgdPq9L - 8994163563788221 - April 11, 2021, 3:15 pm
txn_1IeRaWJm8ehcCWGIS2YNo3pS - 8994163563897220 - April 11, 2021, 3:15 pm
txn_1IekHfJm8ehcCWGIBZiTifFr - 8994163564092228 - April 11, 2021, 3:15 pm
txn_1IeMnBJm8ehcCWGI0cBlMZRk - 8994163563896223 - April 11, 2021, 3:15 pm
txn_1IeXBzJm8ehcCWGIxLGGEvoz - 8994163564093225 - April 11, 2021, 3:15 pm
txn_1IeRIJJm8ehcCWGIZeChaa9w - 8994163563785220 - April 11, 2021, 3:15 pm
txn_1IeAFYJm8ehcCWGIurfQBeia - 8994163563787224 - April 11, 2021, 3:15 pm
txn_1IesFoJm8ehcCWGIHAqdmMsR - 8994163563786227 - April 11, 2021, 3:15 pm
txn_1IeDXHJm8ehcCWGIKEx62eOD - 8994163564116221 - April 11, 2021, 3:15 pm
txn_1If7nLJm8ehcCWGItAyH3xLb - 8994163564132221 - April 11, 2021, 3:15 pm
txn_1If7PlJm8ehcCWGIG9Fdn0sH - 8994163563927224 - April 11, 2021, 3:15 pm
txn_1IerhqJm8ehcCWGIWTJbQCCV - 8994163564129221 - April 11, 2021, 3:15 pm
txn_1IeOYkJm8ehcCWGI7yArc4tD - 8994163564127227 - April 11, 2021, 3:15 pm
txn_1IerfNJm8ehcCWGIU2yHOAjg - 8994163564126220 - April 11, 2021, 3:15 pm
txn_1IeMgAJm8ehcCWGIr7iyiELV - 8994163564124226 - April 11, 2021, 3:15 pm
txn_1IeX03Jm8ehcCWGI5GZleu5W - 8994163564249226 - April 11, 2021, 3:15 pm
txn_1IerXPJm8ehcCWGIuFgCC8Ey - 8994163564125223 - April 11, 2021, 3:15 pm
txn_1IeMbPJm8ehcCWGImCE3BLTR - 8994163564247222 - April 11, 2021, 3:15 pm
txn_1IepdFJm8ehcCWGIdneH6YAv - 8994163563926227 - April 11, 2021, 3:15 pm
txn_1IeVXyJm8ehcCWGIbSf1JsXB - 8994163564123229 - April 11, 2021, 3:15 pm
txn_1IeM7bJm8ehcCWGIncbFu6rE - 8994163564120228 - April 11, 2021, 3:15 pm
txn_1IeUJTJm8ehcCWGIZI0ZLBL2 - 8994163564121225 - April 11, 2021, 3:15 pm
txn_1IeogAJm8ehcCWGIsp5krC57 - 8994163564246225 - April 11, 2021, 3:15 pm
txn_1Ieju5Jm8ehcCWGIB2HGY3rA - 8994163564243224 - April 11, 2021, 3:15 pm
2021Influencer591 - 8994163564244221 - April 11, 2021, 3:15 pm
txn_1IeTP6Jm8ehcCWGIjDc6sL1u - 8994163564119222 - April 11, 2021, 3:15 pm
txn_1IeLPJJm8ehcCWGIdmzHHFOx - 8994163564242227 - April 11, 2021, 3:15 pm
txn_1IeRIHJm8ehcCWGIK5QvoebP - 8994163564241220 - April 11, 2021, 3:15 pm
2021Influencer590 - 8994163563925220 - April 11, 2021, 3:15 pm
txn_1IeiAGJm8ehcCWGITqpEkmlm - 8994163564240223 - April 11, 2021, 3:15 pm
txn_1IeHveJm8ehcCWGISPWrpH26 - 8994163564239227 - April 11, 2021, 3:15 pm
txn_1IeOs5Jm8ehcCWGI8qyzMFQ7 - 8994163564238220 - April 11, 2021, 3:15 pm
2021Influencer589 - 8994163564237223 - April 11, 2021, 3:15 pm
txn_1Ieh4pJm8ehcCWGIlQYTE3SM - 8994163564117228 - April 11, 2021, 3:15 pm
txn_1If6wsJm8ehcCWGIOFhQpplG - 8994163563904225 - April 11, 2021, 3:16 pm
txn_1IeOmEJm8ehcCWGIfCvFcnR2 - 8994163563905222 - April 11, 2021, 3:16 pm
txn_1IeTNhJm8ehcCWGIgrCL93MC - 8994163564102224 - April 11, 2021, 3:16 pm
txn_1IenqqJm8ehcCWGIWh0l3lxM - 8994163563798220 - April 11, 2021, 3:16 pm
txn_1IeTKNJm8ehcCWGIY8mjxxyp - 8994163563796226 - April 11, 2021, 3:16 pm
txn_1IemrNJm8ehcCWGI111dfUjx - 8994163564101227 - April 11, 2021, 3:16 pm
txn_1If2tYJm8ehcCWGIe0LHMEiD - 8994163564099227 - April 11, 2021, 3:16 pm
txn_1IeBwtJm8ehcCWGINkP2an2H - 8994163564100220 - April 11, 2021, 3:16 pm
txn_1IeT3qJm8ehcCWGIsDWsrnNK - 8994163563794222 - April 11, 2021, 3:16 pm
txn_1Iemn3Jm8ehcCWGIHXCL30zc - 8994163564097223 - April 11, 2021, 3:16 pm
txn_1IeBHFJm8ehcCWGIgnis31xK - 8994163563790224 - April 11, 2021, 3:16 pm
txn_1Ietv6Jm8ehcCWGIMKJYLBdR - 8994163563902221 - April 11, 2021, 3:16 pm
txn_1IeS92Jm8ehcCWGIYc7X4gU3 - 8994163563901224 - April 11, 2021, 3:16 pm
txn_1IeNVKJm8ehcCWGIz3sxsslN - 8994163563900227 - April 11, 2021, 3:16 pm
txn_1IeXVgJm8ehcCWGI539E6xq7 - 8994163563903228 - April 11, 2021, 3:16 pm
txn_1IemiTJm8ehcCWGIHUYLG7yz - 8994163563899224 - April 11, 2021, 3:16 pm
txn_1IeXHoJm8ehcCWGIhQYRY2nv - 8994163564094222 - April 11, 2021, 3:16 pm
txn_1IesqTJm8ehcCWGISftKcfrO - 8994163563898227 - April 11, 2021, 3:16 pm
txn_1IeB33Jm8ehcCWGIcU6YRQpl - 8994163564095229 - April 11, 2021, 3:16 pm
txn_1IeMplJm8ehcCWGIWzgdPq9L - 8994163563788221 - April 11, 2021, 3:16 pm
txn_1IeRaWJm8ehcCWGIS2YNo3pS - 8994163563897220 - April 11, 2021, 3:16 pm
txn_1IekHfJm8ehcCWGIBZiTifFr - 8994163564092228 - April 11, 2021, 3:16 pm
txn_1IeMnBJm8ehcCWGI0cBlMZRk - 8994163563896223 - April 11, 2021, 3:16 pm
txn_1IeXBzJm8ehcCWGIxLGGEvoz - 8994163564093225 - April 11, 2021, 3:16 pm
txn_1IeRIJJm8ehcCWGIZeChaa9w - 8994163563785220 - April 11, 2021, 3:16 pm
txn_1IeAFYJm8ehcCWGIurfQBeia - 8994163563787224 - April 11, 2021, 3:16 pm
txn_1IesFoJm8ehcCWGIHAqdmMsR - 8994163563786227 - April 11, 2021, 3:16 pm
txn_1IeDXHJm8ehcCWGIKEx62eOD - 8994163564116221 - April 11, 2021, 3:16 pm
txn_1If7nLJm8ehcCWGItAyH3xLb - 8994163564132221 - April 11, 2021, 3:16 pm
txn_1If7PlJm8ehcCWGIG9Fdn0sH - 8994163563927224 - April 11, 2021, 3:16 pm
txn_1IerhqJm8ehcCWGIWTJbQCCV - 8994163564129221 - April 11, 2021, 3:16 pm
txn_1IeOYkJm8ehcCWGI7yArc4tD - 8994163564127227 - April 11, 2021, 3:16 pm
txn_1IerfNJm8ehcCWGIU2yHOAjg - 8994163564126220 - April 11, 2021, 3:16 pm
txn_1IeMgAJm8ehcCWGIr7iyiELV - 8994163564124226 - April 11, 2021, 3:16 pm
txn_1IeX03Jm8ehcCWGI5GZleu5W - 8994163564249226 - April 11, 2021, 3:16 pm
txn_1IerXPJm8ehcCWGIuFgCC8Ey - 8994163564125223 - April 11, 2021, 3:16 pm
txn_1IeMbPJm8ehcCWGImCE3BLTR - 8994163564247222 - April 11, 2021, 3:16 pm
txn_1IepdFJm8ehcCWGIdneH6YAv - 8994163563926227 - April 11, 2021, 3:16 pm
txn_1IeVXyJm8ehcCWGIbSf1JsXB - 8994163564123229 - April 11, 2021, 3:16 pm
txn_1IeM7bJm8ehcCWGIncbFu6rE - 8994163564120228 - April 11, 2021, 3:16 pm
txn_1IeUJTJm8ehcCWGIZI0ZLBL2 - 8994163564121225 - April 11, 2021, 3:16 pm
txn_1IeogAJm8ehcCWGIsp5krC57 - 8994163564246225 - April 11, 2021, 3:16 pm
txn_1Ieju5Jm8ehcCWGIB2HGY3rA - 8994163564243224 - April 11, 2021, 3:16 pm
2021Influencer591 - 8994163564244221 - April 11, 2021, 3:16 pm
txn_1IeTP6Jm8ehcCWGIjDc6sL1u - 8994163564119222 - April 11, 2021, 3:16 pm
txn_1IeLPJJm8ehcCWGIdmzHHFOx - 8994163564242227 - April 11, 2021, 3:16 pm
txn_1IeRIHJm8ehcCWGIK5QvoebP - 8994163564241220 - April 11, 2021, 3:16 pm
2021Influencer590 - 8994163563925220 - April 11, 2021, 3:16 pm
txn_1IeiAGJm8ehcCWGITqpEkmlm - 8994163564240223 - April 11, 2021, 3:16 pm
txn_1IeHveJm8ehcCWGISPWrpH26 - 8994163564239227 - April 11, 2021, 3:16 pm
txn_1IeOs5Jm8ehcCWGI8qyzMFQ7 - 8994163564238220 - April 11, 2021, 3:16 pm
2021Influencer589 - 8994163564237223 - April 11, 2021, 3:16 pm
txn_1Ieh4pJm8ehcCWGIlQYTE3SM - 8994163564117228 - April 11, 2021, 3:16 pm
txn_1IeZ1kJm8ehcCWGIUYkvl2LG - 8994163564134225 - April 11, 2021, 3:16 pm
txn_1IeOfIJm8ehcCWGIoAvcGLhb - 8994163564250222 - April 11, 2021, 3:16 pm
txn_1If6wsJm8ehcCWGIOFhQpplG - 8994163563904225 - April 11, 2021, 3:17 pm
txn_1IeOmEJm8ehcCWGIfCvFcnR2 - 8994163563905222 - April 11, 2021, 3:17 pm
txn_1IeTNhJm8ehcCWGIgrCL93MC - 8994163564102224 - April 11, 2021, 3:17 pm
txn_1IenqqJm8ehcCWGIWh0l3lxM - 8994163563798220 - April 11, 2021, 3:17 pm
txn_1IeTKNJm8ehcCWGIY8mjxxyp - 8994163563796226 - April 11, 2021, 3:17 pm
txn_1IemrNJm8ehcCWGI111dfUjx - 8994163564101227 - April 11, 2021, 3:17 pm
txn_1If2tYJm8ehcCWGIe0LHMEiD - 8994163564099227 - April 11, 2021, 3:17 pm
txn_1IeBwtJm8ehcCWGINkP2an2H - 8994163564100220 - April 11, 2021, 3:17 pm
txn_1IeT3qJm8ehcCWGIsDWsrnNK - 8994163563794222 - April 11, 2021, 3:17 pm
txn_1Iemn3Jm8ehcCWGIHXCL30zc - 8994163564097223 - April 11, 2021, 3:17 pm
txn_1IeBHFJm8ehcCWGIgnis31xK - 8994163563790224 - April 11, 2021, 3:17 pm
txn_1Ietv6Jm8ehcCWGIMKJYLBdR - 8994163563902221 - April 11, 2021, 3:17 pm
txn_1IeS92Jm8ehcCWGIYc7X4gU3 - 8994163563901224 - April 11, 2021, 3:17 pm
txn_1IeNVKJm8ehcCWGIz3sxsslN - 8994163563900227 - April 11, 2021, 3:17 pm
txn_1IeXVgJm8ehcCWGI539E6xq7 - 8994163563903228 - April 11, 2021, 3:17 pm
txn_1IemiTJm8ehcCWGIHUYLG7yz - 8994163563899224 - April 11, 2021, 3:17 pm
txn_1IeXHoJm8ehcCWGIhQYRY2nv - 8994163564094222 - April 11, 2021, 3:17 pm
txn_1IesqTJm8ehcCWGISftKcfrO - 8994163563898227 - April 11, 2021, 3:17 pm
txn_1IeB33Jm8ehcCWGIcU6YRQpl - 8994163564095229 - April 11, 2021, 3:17 pm
txn_1IeMplJm8ehcCWGIWzgdPq9L - 8994163563788221 - April 11, 2021, 3:17 pm
txn_1IeRaWJm8ehcCWGIS2YNo3pS - 8994163563897220 - April 11, 2021, 3:17 pm
txn_1IekHfJm8ehcCWGIBZiTifFr - 8994163564092228 - April 11, 2021, 3:17 pm
txn_1IeMnBJm8ehcCWGI0cBlMZRk - 8994163563896223 - April 11, 2021, 3:17 pm
txn_1IeXBzJm8ehcCWGIxLGGEvoz - 8994163564093225 - April 11, 2021, 3:17 pm
txn_1IeRIJJm8ehcCWGIZeChaa9w - 8994163563785220 - April 11, 2021, 3:17 pm
txn_1IeAFYJm8ehcCWGIurfQBeia - 8994163563787224 - April 11, 2021, 3:17 pm
txn_1IesFoJm8ehcCWGIHAqdmMsR - 8994163563786227 - April 11, 2021, 3:17 pm
txn_1IeDXHJm8ehcCWGIKEx62eOD - 8994163564116221 - April 11, 2021, 3:17 pm
txn_1If7nLJm8ehcCWGItAyH3xLb - 8994163564132221 - April 11, 2021, 3:17 pm
txn_1If7PlJm8ehcCWGIG9Fdn0sH - 8994163563927224 - April 11, 2021, 3:17 pm
txn_1IerhqJm8ehcCWGIWTJbQCCV - 8994163564129221 - April 11, 2021, 3:17 pm
txn_1IeOYkJm8ehcCWGI7yArc4tD - 8994163564127227 - April 11, 2021, 3:17 pm
txn_1IerfNJm8ehcCWGIU2yHOAjg - 8994163564126220 - April 11, 2021, 3:17 pm
txn_1IeMgAJm8ehcCWGIr7iyiELV - 8994163564124226 - April 11, 2021, 3:17 pm
txn_1IeX03Jm8ehcCWGI5GZleu5W - 8994163564249226 - April 11, 2021, 3:17 pm
txn_1IerXPJm8ehcCWGIuFgCC8Ey - 8994163564125223 - April 11, 2021, 3:17 pm
txn_1IeMbPJm8ehcCWGImCE3BLTR - 8994163564247222 - April 11, 2021, 3:17 pm
txn_1IepdFJm8ehcCWGIdneH6YAv - 8994163563926227 - April 11, 2021, 3:17 pm
txn_1IeVXyJm8ehcCWGIbSf1JsXB - 8994163564123229 - April 11, 2021, 3:17 pm
txn_1IeM7bJm8ehcCWGIncbFu6rE - 8994163564120228 - April 11, 2021, 3:17 pm
txn_1IeUJTJm8ehcCWGIZI0ZLBL2 - 8994163564121225 - April 11, 2021, 3:17 pm
txn_1IeogAJm8ehcCWGIsp5krC57 - 8994163564246225 - April 11, 2021, 3:17 pm
txn_1Ieju5Jm8ehcCWGIB2HGY3rA - 8994163564243224 - April 11, 2021, 3:17 pm
2021Influencer591 - 8994163564244221 - April 11, 2021, 3:17 pm
txn_1IeTP6Jm8ehcCWGIjDc6sL1u - 8994163564119222 - April 11, 2021, 3:17 pm
txn_1IeLPJJm8ehcCWGIdmzHHFOx - 8994163564242227 - April 11, 2021, 3:17 pm
txn_1IeRIHJm8ehcCWGIK5QvoebP - 8994163564241220 - April 11, 2021, 3:17 pm
2021Influencer590 - 8994163563925220 - April 11, 2021, 3:17 pm
txn_1IeiAGJm8ehcCWGITqpEkmlm - 8994163564240223 - April 11, 2021, 3:17 pm
txn_1IeHveJm8ehcCWGISPWrpH26 - 8994163564239227 - April 11, 2021, 3:17 pm
txn_1IeOs5Jm8ehcCWGI8qyzMFQ7 - 8994163564238220 - April 11, 2021, 3:17 pm
2021Influencer589 - 8994163564237223 - April 11, 2021, 3:17 pm
txn_1Ieh4pJm8ehcCWGIlQYTE3SM - 8994163564117228 - April 11, 2021, 3:17 pm
txn_1IeZ1kJm8ehcCWGIUYkvl2LG - 8994163564134225 - April 11, 2021, 3:17 pm
txn_1IeOfIJm8ehcCWGIoAvcGLhb - 8994163564250222 - April 11, 2021, 3:17 pm
txn_1IedG9Jm8ehcCWGIObUuJsE5 - 8994163564262225 - April 11, 2021, 3:17 pm
txn_1IeXbZJm8ehcCWGI0VHGlGi8 - 8994163564261228 - April 11, 2021, 3:17 pm
txn_1IeXWFJm8ehcCWGIOeXAlWq1 - 8994163564259225 - April 11, 2021, 3:17 pm
txn_1IeOYwJm8ehcCWGIezj3gWHq - 8994163563935229 - April 11, 2021, 3:17 pm
txn_1IeOM8Jm8ehcCWGI7pKMNad9 - 8994163564255227 - April 11, 2021, 3:17 pm
