[02-Mar-2021 16:27:20 America/Toronto] PHP Notice:  Trying to get property 'invid' of non-object in /home/customer/www/schedule35.com/public_html/themes/schedule35/receipt.tpl.php on line 248
[02-Mar-2021 16:27:20 America/Toronto] PHP Notice:  Trying to get property 'totalprice' of non-object in /home/customer/www/schedule35.com/public_html/themes/schedule35/receipt.tpl.php on line 249
[02-Mar-2021 16:27:20 America/Toronto] PHP Notice:  Trying to get property 'invid' of non-object in /home/customer/www/schedule35.com/public_html/themes/schedule35/receipt.tpl.php on line 253
[02-Mar-2021 16:27:20 America/Toronto] PHP Notice:  Trying to get property 'totalprice' of non-object in /home/customer/www/schedule35.com/public_html/themes/schedule35/receipt.tpl.php on line 253
[03-Mar-2021 16:10:31 America/Toronto] PHP Notice:  Trying to get property 'invid' of non-object in /home/customer/www/schedule35.com/public_html/themes/schedule35/receipt.tpl.php on line 248
[03-Mar-2021 16:10:31 America/Toronto] PHP Notice:  Trying to get property 'totalprice' of non-object in /home/customer/www/schedule35.com/public_html/themes/schedule35/receipt.tpl.php on line 249
[03-Mar-2021 16:10:31 America/Toronto] PHP Notice:  Trying to get property 'invid' of non-object in /home/customer/www/schedule35.com/public_html/themes/schedule35/receipt.tpl.php on line 253
[03-Mar-2021 16:10:31 America/Toronto] PHP Notice:  Trying to get property 'totalprice' of non-object in /home/customer/www/schedule35.com/public_html/themes/schedule35/receipt.tpl.php on line 253
[10-Mar-2021 21:07:04 America/Toronto] PHP Notice:  Trying to get property 'invid' of non-object in /home/customer/www/schedule35.com/public_html/themes/schedule35/receipt.tpl.php on line 248
[10-Mar-2021 21:07:04 America/Toronto] PHP Notice:  Trying to get property 'totalprice' of non-object in /home/customer/www/schedule35.com/public_html/themes/schedule35/receipt.tpl.php on line 249
[10-Mar-2021 21:07:04 America/Toronto] PHP Notice:  Trying to get property 'invid' of non-object in /home/customer/www/schedule35.com/public_html/themes/schedule35/receipt.tpl.php on line 253
[10-Mar-2021 21:07:04 America/Toronto] PHP Notice:  Trying to get property 'totalprice' of non-object in /home/customer/www/schedule35.com/public_html/themes/schedule35/receipt.tpl.php on line 253
[10-Mar-2021 21:07:13 America/Toronto] PHP Notice:  Trying to get property 'invid' of non-object in /home/customer/www/schedule35.com/public_html/themes/schedule35/receipt.tpl.php on line 248
[10-Mar-2021 21:07:13 America/Toronto] PHP Notice:  Trying to get property 'totalprice' of non-object in /home/customer/www/schedule35.com/public_html/themes/schedule35/receipt.tpl.php on line 249
[10-Mar-2021 21:07:13 America/Toronto] PHP Notice:  Trying to get property 'invid' of non-object in /home/customer/www/schedule35.com/public_html/themes/schedule35/receipt.tpl.php on line 253
[10-Mar-2021 21:07:13 America/Toronto] PHP Notice:  Trying to get property 'totalprice' of non-object in /home/customer/www/schedule35.com/public_html/themes/schedule35/receipt.tpl.php on line 253
[11-Mar-2021 14:29:18 America/Toronto] PHP Notice:  Trying to get property 'invid' of non-object in /home/customer/www/schedule35.com/public_html/themes/schedule35/receipt.tpl.php on line 248
[11-Mar-2021 14:29:18 America/Toronto] PHP Notice:  Trying to get property 'totalprice' of non-object in /home/customer/www/schedule35.com/public_html/themes/schedule35/receipt.tpl.php on line 249
[11-Mar-2021 14:29:18 America/Toronto] PHP Notice:  Trying to get property 'invid' of non-object in /home/customer/www/schedule35.com/public_html/themes/schedule35/receipt.tpl.php on line 253
[11-Mar-2021 14:29:18 America/Toronto] PHP Notice:  Trying to get property 'totalprice' of non-object in /home/customer/www/schedule35.com/public_html/themes/schedule35/receipt.tpl.php on line 253
[11-Mar-2021 14:29:29 America/Toronto] PHP Notice:  Trying to get property 'invid' of non-object in /home/customer/www/schedule35.com/public_html/themes/schedule35/receipt.tpl.php on line 248
[11-Mar-2021 14:29:29 America/Toronto] PHP Notice:  Trying to get property 'totalprice' of non-object in /home/customer/www/schedule35.com/public_html/themes/schedule35/receipt.tpl.php on line 249
[11-Mar-2021 14:29:29 America/Toronto] PHP Notice:  Trying to get property 'invid' of non-object in /home/customer/www/schedule35.com/public_html/themes/schedule35/receipt.tpl.php on line 253
[11-Mar-2021 14:29:29 America/Toronto] PHP Notice:  Trying to get property 'totalprice' of non-object in /home/customer/www/schedule35.com/public_html/themes/schedule35/receipt.tpl.php on line 253
[06-Apr-2021 16:55:45 America/Toronto] PHP Notice:  Trying to get property 'invid' of non-object in /home/customer/www/schedule35.com/public_html/themes/schedule35/receipt.tpl.php on line 248
[06-Apr-2021 16:55:45 America/Toronto] PHP Notice:  Trying to get property 'totalprice' of non-object in /home/customer/www/schedule35.com/public_html/themes/schedule35/receipt.tpl.php on line 249
[06-Apr-2021 16:55:45 America/Toronto] PHP Notice:  Trying to get property 'invid' of non-object in /home/customer/www/schedule35.com/public_html/themes/schedule35/receipt.tpl.php on line 253
[06-Apr-2021 16:55:45 America/Toronto] PHP Notice:  Trying to get property 'totalprice' of non-object in /home/customer/www/schedule35.com/public_html/themes/schedule35/receipt.tpl.php on line 253
[11-Apr-2021 20:55:41 America/Toronto] PHP Notice:  Trying to get property 'invid' of non-object in /home/customer/www/schedule35.com/public_html/themes/schedule35/receipt.tpl.php on line 248
[11-Apr-2021 20:55:41 America/Toronto] PHP Notice:  Trying to get property 'totalprice' of non-object in /home/customer/www/schedule35.com/public_html/themes/schedule35/receipt.tpl.php on line 249
[11-Apr-2021 20:55:41 America/Toronto] PHP Notice:  Trying to get property 'invid' of non-object in /home/customer/www/schedule35.com/public_html/themes/schedule35/receipt.tpl.php on line 253
[11-Apr-2021 20:55:41 America/Toronto] PHP Notice:  Trying to get property 'totalprice' of non-object in /home/customer/www/schedule35.com/public_html/themes/schedule35/receipt.tpl.php on line 253
[12-Apr-2021 19:47:49 America/Toronto] PHP Notice:  Trying to get property 'invid' of non-object in /home/customer/www/schedule35.com/public_html/themes/schedule35/receipt.tpl.php on line 248
[12-Apr-2021 19:47:49 America/Toronto] PHP Notice:  Trying to get property 'totalprice' of non-object in /home/customer/www/schedule35.com/public_html/themes/schedule35/receipt.tpl.php on line 249
[12-Apr-2021 19:47:49 America/Toronto] PHP Notice:  Trying to get property 'invid' of non-object in /home/customer/www/schedule35.com/public_html/themes/schedule35/receipt.tpl.php on line 253
[12-Apr-2021 19:47:49 America/Toronto] PHP Notice:  Trying to get property 'totalprice' of non-object in /home/customer/www/schedule35.com/public_html/themes/schedule35/receipt.tpl.php on line 253
[02-May-2021 20:31:26 America/Toronto] PHP Notice:  Trying to get property 'invid' of non-object in /home/customer/www/schedule35.com/public_html/themes/schedule35/receipt.tpl.php on line 248
[02-May-2021 20:31:26 America/Toronto] PHP Notice:  Trying to get property 'totalprice' of non-object in /home/customer/www/schedule35.com/public_html/themes/schedule35/receipt.tpl.php on line 249
[02-May-2021 20:31:26 America/Toronto] PHP Notice:  Trying to get property 'invid' of non-object in /home/customer/www/schedule35.com/public_html/themes/schedule35/receipt.tpl.php on line 253
[02-May-2021 20:31:26 America/Toronto] PHP Notice:  Trying to get property 'totalprice' of non-object in /home/customer/www/schedule35.com/public_html/themes/schedule35/receipt.tpl.php on line 253
[02-May-2021 20:36:09 America/Toronto] PHP Notice:  Trying to get property 'invid' of non-object in /home/customer/www/schedule35.com/public_html/themes/schedule35/receipt.tpl.php on line 248
[02-May-2021 20:36:09 America/Toronto] PHP Notice:  Trying to get property 'totalprice' of non-object in /home/customer/www/schedule35.com/public_html/themes/schedule35/receipt.tpl.php on line 249
[02-May-2021 20:36:09 America/Toronto] PHP Notice:  Trying to get property 'invid' of non-object in /home/customer/www/schedule35.com/public_html/themes/schedule35/receipt.tpl.php on line 253
[02-May-2021 20:36:09 America/Toronto] PHP Notice:  Trying to get property 'totalprice' of non-object in /home/customer/www/schedule35.com/public_html/themes/schedule35/receipt.tpl.php on line 253
[06-May-2021 19:39:10 America/Toronto] PHP Notice:  Trying to get property 'invid' of non-object in /home/customer/www/schedule35.com/public_html/themes/schedule35/receipt.tpl.php on line 248
[06-May-2021 19:39:10 America/Toronto] PHP Notice:  Trying to get property 'totalprice' of non-object in /home/customer/www/schedule35.com/public_html/themes/schedule35/receipt.tpl.php on line 249
[06-May-2021 19:39:10 America/Toronto] PHP Notice:  Trying to get property 'invid' of non-object in /home/customer/www/schedule35.com/public_html/themes/schedule35/receipt.tpl.php on line 253
[06-May-2021 19:39:10 America/Toronto] PHP Notice:  Trying to get property 'totalprice' of non-object in /home/customer/www/schedule35.com/public_html/themes/schedule35/receipt.tpl.php on line 253
[06-May-2021 19:39:30 America/Toronto] PHP Notice:  Trying to get property 'invid' of non-object in /home/customer/www/schedule35.com/public_html/themes/schedule35/receipt.tpl.php on line 248
[06-May-2021 19:39:30 America/Toronto] PHP Notice:  Trying to get property 'totalprice' of non-object in /home/customer/www/schedule35.com/public_html/themes/schedule35/receipt.tpl.php on line 249
[06-May-2021 19:39:30 America/Toronto] PHP Notice:  Trying to get property 'invid' of non-object in /home/customer/www/schedule35.com/public_html/themes/schedule35/receipt.tpl.php on line 253
[06-May-2021 19:39:30 America/Toronto] PHP Notice:  Trying to get property 'totalprice' of non-object in /home/customer/www/schedule35.com/public_html/themes/schedule35/receipt.tpl.php on line 253
[18-May-2021 14:56:40 America/Toronto] PHP Notice:  Trying to get property 'invid' of non-object in /home/customer/www/schedule35.com/public_html/themes/schedule35/receipt.tpl.php on line 248
[18-May-2021 14:56:40 America/Toronto] PHP Notice:  Trying to get property 'totalprice' of non-object in /home/customer/www/schedule35.com/public_html/themes/schedule35/receipt.tpl.php on line 249
[18-May-2021 14:56:40 America/Toronto] PHP Notice:  Trying to get property 'invid' of non-object in /home/customer/www/schedule35.com/public_html/themes/schedule35/receipt.tpl.php on line 253
[18-May-2021 14:56:40 America/Toronto] PHP Notice:  Trying to get property 'totalprice' of non-object in /home/customer/www/schedule35.com/public_html/themes/schedule35/receipt.tpl.php on line 253
[12-Jun-2021 16:47:59 America/Toronto] PHP Notice:  Trying to get property 'invid' of non-object in /home/customer/www/schedule35.com/public_html/themes/schedule35/receipt.tpl.php on line 248
[12-Jun-2021 16:47:59 America/Toronto] PHP Notice:  Trying to get property 'totalprice' of non-object in /home/customer/www/schedule35.com/public_html/themes/schedule35/receipt.tpl.php on line 249
[12-Jun-2021 16:47:59 America/Toronto] PHP Notice:  Trying to get property 'invid' of non-object in /home/customer/www/schedule35.com/public_html/themes/schedule35/receipt.tpl.php on line 253
[12-Jun-2021 16:47:59 America/Toronto] PHP Notice:  Trying to get property 'totalprice' of non-object in /home/customer/www/schedule35.com/public_html/themes/schedule35/receipt.tpl.php on line 253
[15-Jun-2021 20:08:17 America/Toronto] PHP Deprecated:  Function money_format() is deprecated in /home/customer/www/schedule35.com/public_html/themes/schedule35/components/navbar.tpl.php on line 48
[06-Aug-2021 21:42:00 America/Toronto] PHP Notice:  Trying to get property 'invid' of non-object in /home/customer/www/schedule35.com/public_html/themes/schedule35/receipt.tpl.php on line 248
[06-Aug-2021 21:42:00 America/Toronto] PHP Notice:  Trying to get property 'totalprice' of non-object in /home/customer/www/schedule35.com/public_html/themes/schedule35/receipt.tpl.php on line 249
[06-Aug-2021 21:42:00 America/Toronto] PHP Notice:  Trying to get property 'invid' of non-object in /home/customer/www/schedule35.com/public_html/themes/schedule35/receipt.tpl.php on line 253
[06-Aug-2021 21:42:00 America/Toronto] PHP Notice:  Trying to get property 'totalprice' of non-object in /home/customer/www/schedule35.com/public_html/themes/schedule35/receipt.tpl.php on line 253
[06-Aug-2021 22:00:45 America/Toronto] PHP Notice:  Trying to get property 'invid' of non-object in /home/customer/www/schedule35.com/public_html/themes/schedule35/receipt.tpl.php on line 248
[06-Aug-2021 22:00:45 America/Toronto] PHP Notice:  Trying to get property 'totalprice' of non-object in /home/customer/www/schedule35.com/public_html/themes/schedule35/receipt.tpl.php on line 249
[06-Aug-2021 22:00:45 America/Toronto] PHP Notice:  Trying to get property 'invid' of non-object in /home/customer/www/schedule35.com/public_html/themes/schedule35/receipt.tpl.php on line 253
[06-Aug-2021 22:00:45 America/Toronto] PHP Notice:  Trying to get property 'totalprice' of non-object in /home/customer/www/schedule35.com/public_html/themes/schedule35/receipt.tpl.php on line 253
[18-Aug-2021 12:35:09 America/Toronto] PHP Notice:  Trying to get property 'invid' of non-object in /home/customer/www/schedule35.com/public_html/themes/schedule35/receipt.tpl.php on line 248
[18-Aug-2021 12:35:09 America/Toronto] PHP Notice:  Trying to get property 'totalprice' of non-object in /home/customer/www/schedule35.com/public_html/themes/schedule35/receipt.tpl.php on line 249
[18-Aug-2021 12:35:09 America/Toronto] PHP Notice:  Trying to get property 'invid' of non-object in /home/customer/www/schedule35.com/public_html/themes/schedule35/receipt.tpl.php on line 253
[18-Aug-2021 12:35:09 America/Toronto] PHP Notice:  Trying to get property 'totalprice' of non-object in /home/customer/www/schedule35.com/public_html/themes/schedule35/receipt.tpl.php on line 253
[05-Sep-2021 16:40:02 America/Toronto] PHP Notice:  Trying to get property 'invid' of non-object in /home/customer/www/schedule35.com/public_html/themes/schedule35/receipt.tpl.php on line 248
[05-Sep-2021 16:40:02 America/Toronto] PHP Notice:  Trying to get property 'totalprice' of non-object in /home/customer/www/schedule35.com/public_html/themes/schedule35/receipt.tpl.php on line 249
[05-Sep-2021 16:40:02 America/Toronto] PHP Notice:  Trying to get property 'invid' of non-object in /home/customer/www/schedule35.com/public_html/themes/schedule35/receipt.tpl.php on line 253
[05-Sep-2021 16:40:02 America/Toronto] PHP Notice:  Trying to get property 'totalprice' of non-object in /home/customer/www/schedule35.com/public_html/themes/schedule35/receipt.tpl.php on line 253
